[0.119s] Invoking command in '/home/fastbot/ros2_ws/real/build/fastbot_slam_real': CMAKE_PREFIX_PATH=${CMAKE_PREFIX_PATH}:/home/fastbot/ros2_ws/install/serial_motor:/home/fastbot/ros2_ws/install/serial_motor_msgs:/home/fastbot/ros2_ws/install/lslidar_msgs:/home/fastbot/ros2_ws/install/fastbot_description:/home/fastbot/ros2_ws/install/fastbot_bringup:/opt/ros/humble /usr/bin/cmake --build /home/fastbot/ros2_ws/real/build/fastbot_slam_real -- -j4 -l4
[0.333s] Invoked command in '/home/fastbot/ros2_ws/real/build/fastbot_slam_real' returned '0': CMAKE_PREFIX_PATH=${CMAKE_PREFIX_PATH}:/home/fastbot/ros2_ws/install/serial_motor:/home/fastbot/ros2_ws/install/serial_motor_msgs:/home/fastbot/ros2_ws/install/lslidar_msgs:/home/fastbot/ros2_ws/install/fastbot_description:/home/fastbot/ros2_ws/install/fastbot_bringup:/opt/ros/humble /usr/bin/cmake --build /home/fastbot/ros2_ws/real/build/fastbot_slam_real -- -j4 -l4
[0.350s] Invoking command in '/home/fastbot/ros2_ws/real/build/fastbot_slam_real': CMAKE_PREFIX_PATH=${CMAKE_PREFIX_PATH}:/home/fastbot/ros2_ws/install/serial_motor:/home/fastbot/ros2_ws/install/serial_motor_msgs:/home/fastbot/ros2_ws/install/lslidar_msgs:/home/fastbot/ros2_ws/install/fastbot_description:/home/fastbot/ros2_ws/install/fastbot_bringup:/opt/ros/humble /usr/bin/cmake --install /home/fastbot/ros2_ws/real/build/fastbot_slam_real
[0.385s] -- Install configuration: ""
[0.390s] -- Up-to-date: /home/fastbot/ros2_ws/real/install/fastbot_slam_real/share/fastbot_slam_real/launch
[0.394s] -- Up-to-date: /home/fastbot/ros2_ws/real/install/fastbot_slam_real/share/fastbot_slam_real/launch/cartographer.launch.py
[0.410s] -- Up-to-date: /home/fastbot/ros2_ws/real/install/fastbot_slam_real/share/fastbot_slam_real/launch/localization.launch.py
[0.411s] -- Up-to-date: /home/fastbot/ros2_ws/real/install/fastbot_slam_real/share/fastbot_slam_real/launch/map_server.launch.py
[0.412s] -- Up-to-date: /home/fastbot/ros2_ws/real/install/fastbot_slam_real/share/fastbot_slam_real/launch/pathplanner.launch.py
[0.413s] -- Up-to-date: /home/fastbot/ros2_ws/real/install/fastbot_slam_real/share/fastbot_slam_real/config
[0.414s] -- Up-to-date: /home/fastbot/ros2_ws/real/install/fastbot_slam_real/share/fastbot_slam_real/config/recovery.yaml
[0.415s] -- Up-to-date: /home/fastbot/ros2_ws/real/install/fastbot_slam_real/share/fastbot_slam_real/config/planner_server.yaml
[0.415s] -- Installing: /home/fastbot/ros2_ws/real/install/fastbot_slam_real/share/fastbot_slam_real/config/cartographer.lua
[0.416s] -- Up-to-date: /home/fastbot/ros2_ws/real/install/fastbot_slam_real/share/fastbot_slam_real/config/controller.yaml
[0.430s] -- Up-to-date: /home/fastbot/ros2_ws/real/install/fastbot_slam_real/share/fastbot_slam_real/config/behavior.xml
[0.431s] -- Up-to-date: /home/fastbot/ros2_ws/real/install/fastbot_slam_real/share/fastbot_slam_real/config/amcl_config.yaml
[0.431s] -- Up-to-date: /home/fastbot/ros2_ws/real/install/fastbot_slam_real/share/fastbot_slam_real/config/bt_navigator.yaml
[0.432s] -- Up-to-date: /home/fastbot/ros2_ws/real/install/fastbot_slam_real/share/fastbot_slam_real/maps
[0.433s] -- Up-to-date: /home/fastbot/ros2_ws/real/install/fastbot_slam_real/share/fastbot_slam_real/maps/small_apartment2.pgm
[0.434s] -- Up-to-date: /home/fastbot/ros2_ws/real/install/fastbot_slam_real/share/fastbot_slam_real/maps/small_apartment.pgm
[0.434s] -- Up-to-date: /home/fastbot/ros2_ws/real/install/fastbot_slam_real/share/fastbot_slam_real/maps/small_apartment_rotated2.pgm
[0.435s] -- Up-to-date: /home/fastbot/ros2_ws/real/install/fastbot_slam_real/share/fastbot_slam_real/maps/cozy_room.pgm
[0.435s] -- Up-to-date: /home/fastbot/ros2_ws/real/install/fastbot_slam_real/share/fastbot_slam_real/maps/small_apartment2.yaml
[0.436s] -- Up-to-date: /home/fastbot/ros2_ws/real/install/fastbot_slam_real/share/fastbot_slam_real/maps/cozy_room.yaml
[0.436s] -- Up-to-date: /home/fastbot/ros2_ws/real/install/fastbot_slam_real/share/fastbot_slam_real/maps/small_indoor_scenario_edited_map_hector_mapping.pgm
[0.438s] -- Up-to-date: /home/fastbot/ros2_ws/real/install/fastbot_slam_real/share/fastbot_slam_real/maps/small_apartment_rotated.pgm
[0.465s] -- Up-to-date: /home/fastbot/ros2_ws/real/install/fastbot_slam_real/share/fastbot_slam_real/maps/small_indoor_scenario_edited_map_hector_mapping.yaml
[0.466s] -- Up-to-date: /home/fastbot/ros2_ws/real/install/fastbot_slam_real/share/fastbot_slam_real/maps/small_apartment.yaml
[0.466s] -- Up-to-date: /home/fastbot/ros2_ws/real/install/fastbot_slam_real/share/fastbot_slam_real/rviz
[0.467s] -- Up-to-date: /home/fastbot/ros2_ws/real/install/fastbot_slam_real/share/fastbot_slam_real/rviz/nav.rviz
[0.468s] -- Up-to-date: /home/fastbot/ros2_ws/real/install/fastbot_slam_real/share/ament_index/resource_index/package_run_dependencies/fastbot_slam_real
[0.468s] -- Up-to-date: /home/fastbot/ros2_ws/real/install/fastbot_slam_real/share/ament_index/resource_index/parent_prefix_path/fastbot_slam_real
[0.470s] -- Up-to-date: /home/fastbot/ros2_ws/real/install/fastbot_slam_real/share/fastbot_slam_real/environment/ament_prefix_path.sh
[0.471s] -- Up-to-date: /home/fastbot/ros2_ws/real/install/fastbot_slam_real/share/fastbot_slam_real/environment/ament_prefix_path.dsv
[0.472s] -- Up-to-date: /home/fastbot/ros2_ws/real/install/fastbot_slam_real/share/fastbot_slam_real/environment/path.sh
[0.473s] -- Up-to-date: /home/fastbot/ros2_ws/real/install/fastbot_slam_real/share/fastbot_slam_real/environment/path.dsv
[0.473s] -- Up-to-date: /home/fastbot/ros2_ws/real/install/fastbot_slam_real/share/fastbot_slam_real/local_setup.bash
[0.474s] -- Up-to-date: /home/fastbot/ros2_ws/real/install/fastbot_slam_real/share/fastbot_slam_real/local_setup.sh
[0.475s] -- Up-to-date: /home/fastbot/ros2_ws/real/install/fastbot_slam_real/share/fastbot_slam_real/local_setup.zsh
[0.476s] -- Up-to-date: /home/fastbot/ros2_ws/real/install/fastbot_slam_real/share/fastbot_slam_real/local_setup.dsv
[0.477s] -- Up-to-date: /home/fastbot/ros2_ws/real/install/fastbot_slam_real/share/fastbot_slam_real/package.dsv
[0.478s] -- Up-to-date: /home/fastbot/ros2_ws/real/install/fastbot_slam_real/share/ament_index/resource_index/packages/fastbot_slam_real
[0.479s] -- Up-to-date: /home/fastbot/ros2_ws/real/install/fastbot_slam_real/share/fastbot_slam_real/cmake/fastbot_slam_realConfig.cmake
[0.480s] -- Up-to-date: /home/fastbot/ros2_ws/real/install/fastbot_slam_real/share/fastbot_slam_real/cmake/fastbot_slam_realConfig-version.cmake
[0.481s] -- Up-to-date: /home/fastbot/ros2_ws/real/install/fastbot_slam_real/share/fastbot_slam_real/package.xml
[0.481s] Invoked command in '/home/fastbot/ros2_ws/real/build/fastbot_slam_real' returned '0': CMAKE_PREFIX_PATH=${CMAKE_PREFIX_PATH}:/home/fastbot/ros2_ws/install/serial_motor:/home/fastbot/ros2_ws/install/serial_motor_msgs:/home/fastbot/ros2_ws/install/lslidar_msgs:/home/fastbot/ros2_ws/install/fastbot_description:/home/fastbot/ros2_ws/install/fastbot_bringup:/opt/ros/humble /usr/bin/cmake --install /home/fastbot/ros2_ws/real/build/fastbot_slam_real
