[0.123s] Invoking command in '/home/fastbot/ros2_ws/real/build/serial_motor_msgs': CMAKE_PREFIX_PATH=${CMAKE_PREFIX_PATH}:/home/fastbot/ros2_ws/real/install/serial_motor:/home/fastbot/ros2_ws/install/serial_motor:/home/fastbot/ros2_ws/install/serial_motor_msgs:/home/fastbot/ros2_ws/install/lslidar_driver:/home/fastbot/ros2_ws/install/lslidar_msgs:/home/fastbot/ros2_ws/install/fastbot_description:/home/fastbot/ros2_ws/install/fastbot_bringup:/opt/ros/humble /usr/bin/cmake --build /home/fastbot/ros2_ws/real/build/serial_motor_msgs -- -j4 -l4
[0.155s] [0mCMake Error: The current CMakeCache.txt directory /home/fastbot/ros2_ws/real/build/serial_motor_msgs/CMakeCache.txt is different than the directory /home/fastbot/ros2_ws/build/serial_motor_msgs where CMakeCache.txt was created. This may result in binaries being created in the wrong place. If you are not sure, reedit the CMakeCache.txt[0m
[0.241s] -- Found ament_cmake: 1.3.11 (/opt/ros/humble/share/ament_cmake/cmake)
[1.202s] -- Found rosidl_default_generators: 1.2.0 (/opt/ros/humble/share/rosidl_default_generators/cmake)
[1.218s] -- Using all available rosidl_typesupport_c: rosidl_typesupport_fastrtps_c;rosidl_typesupport_introspection_c
[1.233s] -- Found rosidl_adapter: 3.1.6 (/opt/ros/humble/share/rosidl_adapter/cmake)
[1.443s] -- Using all available rosidl_typesupport_cpp: rosidl_typesupport_fastrtps_cpp;rosidl_typesupport_introspection_cpp
[1.613s] -- Found std_msgs: 4.8.0 (/opt/ros/humble/share/std_msgs/cmake)
[3.235s] -- Found ament_cmake_ros: 0.10.0 (/opt/ros/humble/share/ament_cmake_ros/cmake)
[4.206s] -- Using all available rosidl_typesupport_c: rosidl_typesupport_fastrtps_c;rosidl_typesupport_introspection_c
[5.545s] -- Using all available rosidl_typesupport_cpp: rosidl_typesupport_fastrtps_cpp;rosidl_typesupport_introspection_cpp
[5.670s] -- Found python_cmake_module: 0.10.0 (/opt/ros/humble/share/python_cmake_module/cmake)
[5.793s] -- Using PYTHON_EXECUTABLE: /usr/bin/python3
[5.794s] -- Using PYTHON_INCLUDE_DIRS: /usr/include/python3.10
[5.794s] -- Using PYTHON_LIBRARIES: /usr/lib/aarch64-linux-gnu/libpython3.10.so
[5.891s] -- Configuring done
[6.085s] -- Generating done
[6.144s] -- Build files have been written to: /home/fastbot/ros2_ws/build/serial_motor_msgs
[6.268s] [35m[1mConsolidate compiler generated dependencies of target serial_motor_msgs__rosidl_generator_c[0m
[6.314s] [  2%] Built target serial_motor_msgs__cpp
[6.343s] [ 12%] Built target serial_motor_msgs__rosidl_generator_c
[6.393s] [35m[1mConsolidate compiler generated dependencies of target serial_motor_msgs__rosidl_typesupport_fastrtps_cpp[0m
[6.400s] [35m[1mConsolidate compiler generated dependencies of target serial_motor_msgs__rosidl_typesupport_cpp[0m
[6.430s] [35m[1mConsolidate compiler generated dependencies of target serial_motor_msgs__rosidl_typesupport_introspection_cpp[0m
[6.437s] [ 12%] Built target ament_cmake_python_copy_serial_motor_msgs
[6.498s] [ 23%] Built target serial_motor_msgs__rosidl_typesupport_fastrtps_cpp
[6.512s] [35m[1mConsolidate compiler generated dependencies of target serial_motor_msgs__rosidl_typesupport_fastrtps_c[0m
[6.517s] [ 34%] Built target serial_motor_msgs__rosidl_typesupport_cpp
[6.549s] [ 44%] Built target serial_motor_msgs__rosidl_typesupport_introspection_cpp
[6.580s] [35m[1mConsolidate compiler generated dependencies of target serial_motor_msgs__rosidl_typesupport_introspection_c[0m
[6.586s] [35m[1mConsolidate compiler generated dependencies of target serial_motor_msgs__rosidl_typesupport_c[0m
[6.631s] [ 55%] Built target serial_motor_msgs__rosidl_typesupport_fastrtps_c
[6.669s] [ 65%] Built target serial_motor_msgs__rosidl_typesupport_introspection_c
[6.685s] [ 76%] Built target serial_motor_msgs__rosidl_typesupport_c
[6.788s] [ 76%] Built target serial_motor_msgs
[6.896s] [ 78%] Built target serial_motor_msgs__py
[6.954s] [35m[1mConsolidate compiler generated dependencies of target serial_motor_msgs__rosidl_generator_py[0m
[7.034s] [ 87%] Built target serial_motor_msgs__rosidl_generator_py
[7.092s] [35m[1mConsolidate compiler generated dependencies of target serial_motor_msgs__rosidl_typesupport_fastrtps_c__pyext[0m
[7.117s] [35m[1mConsolidate compiler generated dependencies of target serial_motor_msgs__rosidl_typesupport_c__pyext[0m
[7.135s] [35m[1mConsolidate compiler generated dependencies of target serial_motor_msgs__rosidl_typesupport_introspection_c__pyext[0m
[7.191s] [ 91%] Built target serial_motor_msgs__rosidl_typesupport_fastrtps_c__pyext
[7.234s] [ 95%] Built target serial_motor_msgs__rosidl_typesupport_introspection_c__pyext
[7.235s] [100%] Built target serial_motor_msgs__rosidl_typesupport_c__pyext
[8.308s] running egg_info
[8.312s] writing serial_motor_msgs.egg-info/PKG-INFO
[8.313s] writing dependency_links to serial_motor_msgs.egg-info/dependency_links.txt
[8.315s] writing top-level names to serial_motor_msgs.egg-info/top_level.txt
[8.328s] reading manifest file 'serial_motor_msgs.egg-info/SOURCES.txt'
[8.331s] writing manifest file 'serial_motor_msgs.egg-info/SOURCES.txt'
[8.498s] [100%] Built target ament_cmake_python_build_serial_motor_msgs_egg
[8.547s] Invoked command in '/home/fastbot/ros2_ws/real/build/serial_motor_msgs' returned '0': CMAKE_PREFIX_PATH=${CMAKE_PREFIX_PATH}:/home/fastbot/ros2_ws/real/install/serial_motor:/home/fastbot/ros2_ws/install/serial_motor:/home/fastbot/ros2_ws/install/serial_motor_msgs:/home/fastbot/ros2_ws/install/lslidar_driver:/home/fastbot/ros2_ws/install/lslidar_msgs:/home/fastbot/ros2_ws/install/fastbot_description:/home/fastbot/ros2_ws/install/fastbot_bringup:/opt/ros/humble /usr/bin/cmake --build /home/fastbot/ros2_ws/real/build/serial_motor_msgs -- -j4 -l4
[8.555s] Invoking command in '/home/fastbot/ros2_ws/real/build/serial_motor_msgs': CMAKE_PREFIX_PATH=${CMAKE_PREFIX_PATH}:/home/fastbot/ros2_ws/real/install/serial_motor:/home/fastbot/ros2_ws/install/serial_motor:/home/fastbot/ros2_ws/install/serial_motor_msgs:/home/fastbot/ros2_ws/install/lslidar_driver:/home/fastbot/ros2_ws/install/lslidar_msgs:/home/fastbot/ros2_ws/install/fastbot_description:/home/fastbot/ros2_ws/install/fastbot_bringup:/opt/ros/humble /usr/bin/cmake --install /home/fastbot/ros2_ws/real/build/serial_motor_msgs
[8.588s] -- Install configuration: ""
[8.589s] -- Up-to-date: /home/fastbot/ros2_ws/install/serial_motor_msgs/share/ament_index/resource_index/rosidl_interfaces/serial_motor_msgs
[8.589s] -- Up-to-date: /home/fastbot/ros2_ws/install/serial_motor_msgs/include/serial_motor_msgs/serial_motor_msgs
[8.590s] -- Up-to-date: /home/fastbot/ros2_ws/install/serial_motor_msgs/include/serial_motor_msgs/serial_motor_msgs/msg
[8.591s] -- Up-to-date: /home/fastbot/ros2_ws/install/serial_motor_msgs/include/serial_motor_msgs/serial_motor_msgs/msg/encoder_vals.h
[8.591s] -- Up-to-date: /home/fastbot/ros2_ws/install/serial_motor_msgs/include/serial_motor_msgs/serial_motor_msgs/msg/motor_commands.h
[8.591s] -- Up-to-date: /home/fastbot/ros2_ws/install/serial_motor_msgs/include/serial_motor_msgs/serial_motor_msgs/msg/motor_vels.h
[8.592s] -- Up-to-date: /home/fastbot/ros2_ws/install/serial_motor_msgs/include/serial_motor_msgs/serial_motor_msgs/msg/rosidl_generator_c__visibility_control.h
[8.593s] -- Up-to-date: /home/fastbot/ros2_ws/install/serial_motor_msgs/include/serial_motor_msgs/serial_motor_msgs/msg/detail
[8.594s] -- Up-to-date: /home/fastbot/ros2_ws/install/serial_motor_msgs/include/serial_motor_msgs/serial_motor_msgs/msg/detail/motor_vels__functions.h
[8.595s] -- Up-to-date: /home/fastbot/ros2_ws/install/serial_motor_msgs/include/serial_motor_msgs/serial_motor_msgs/msg/detail/motor_commands__functions.c
[8.596s] -- Up-to-date: /home/fastbot/ros2_ws/install/serial_motor_msgs/include/serial_motor_msgs/serial_motor_msgs/msg/detail/motor_vels__functions.c
[8.597s] -- Up-to-date: /home/fastbot/ros2_ws/install/serial_motor_msgs/include/serial_motor_msgs/serial_motor_msgs/msg/detail/encoder_vals__struct.h
[8.597s] -- Up-to-date: /home/fastbot/ros2_ws/install/serial_motor_msgs/include/serial_motor_msgs/serial_motor_msgs/msg/detail/encoder_vals__functions.c
[8.598s] -- Up-to-date: /home/fastbot/ros2_ws/install/serial_motor_msgs/include/serial_motor_msgs/serial_motor_msgs/msg/detail/motor_vels__struct.h
[8.598s] -- Up-to-date: /home/fastbot/ros2_ws/install/serial_motor_msgs/include/serial_motor_msgs/serial_motor_msgs/msg/detail/motor_commands__type_support.h
[8.598s] -- Up-to-date: /home/fastbot/ros2_ws/install/serial_motor_msgs/include/serial_motor_msgs/serial_motor_msgs/msg/detail/encoder_vals__functions.h
[8.599s] -- Up-to-date: /home/fastbot/ros2_ws/install/serial_motor_msgs/include/serial_motor_msgs/serial_motor_msgs/msg/detail/motor_commands__functions.h
[8.600s] -- Up-to-date: /home/fastbot/ros2_ws/install/serial_motor_msgs/include/serial_motor_msgs/serial_motor_msgs/msg/detail/motor_commands__struct.h
[8.601s] -- Up-to-date: /home/fastbot/ros2_ws/install/serial_motor_msgs/include/serial_motor_msgs/serial_motor_msgs/msg/detail/encoder_vals__type_support.h
[8.601s] -- Up-to-date: /home/fastbot/ros2_ws/install/serial_motor_msgs/include/serial_motor_msgs/serial_motor_msgs/msg/detail/motor_vels__type_support.h
[8.602s] -- Up-to-date: /home/fastbot/ros2_ws/install/serial_motor_msgs/share/serial_motor_msgs/environment/library_path.sh
[8.603s] -- Installing: /home/fastbot/ros2_ws/install/serial_motor_msgs/share/serial_motor_msgs/environment/library_path.dsv
[8.603s] -- Up-to-date: /home/fastbot/ros2_ws/install/serial_motor_msgs/lib/libserial_motor_msgs__rosidl_generator_c.so
[8.604s] -- Up-to-date: /home/fastbot/ros2_ws/install/serial_motor_msgs/include/serial_motor_msgs/serial_motor_msgs
[8.605s] -- Up-to-date: /home/fastbot/ros2_ws/install/serial_motor_msgs/include/serial_motor_msgs/serial_motor_msgs/msg
[8.605s] -- Up-to-date: /home/fastbot/ros2_ws/install/serial_motor_msgs/include/serial_motor_msgs/serial_motor_msgs/msg/rosidl_typesupport_fastrtps_c__visibility_control.h
[8.606s] -- Up-to-date: /home/fastbot/ros2_ws/install/serial_motor_msgs/include/serial_motor_msgs/serial_motor_msgs/msg/detail
[8.607s] -- Up-to-date: /home/fastbot/ros2_ws/install/serial_motor_msgs/include/serial_motor_msgs/serial_motor_msgs/msg/detail/encoder_vals__rosidl_typesupport_fastrtps_c.h
[8.608s] -- Up-to-date: /home/fastbot/ros2_ws/install/serial_motor_msgs/include/serial_motor_msgs/serial_motor_msgs/msg/detail/motor_vels__rosidl_typesupport_fastrtps_c.h
[8.609s] -- Up-to-date: /home/fastbot/ros2_ws/install/serial_motor_msgs/include/serial_motor_msgs/serial_motor_msgs/msg/detail/motor_commands__rosidl_typesupport_fastrtps_c.h
[8.609s] -- Up-to-date: /home/fastbot/ros2_ws/install/serial_motor_msgs/lib/libserial_motor_msgs__rosidl_typesupport_fastrtps_c.so
[8.610s] -- Up-to-date: /home/fastbot/ros2_ws/install/serial_motor_msgs/include/serial_motor_msgs/serial_motor_msgs
[8.611s] -- Up-to-date: /home/fastbot/ros2_ws/install/serial_motor_msgs/include/serial_motor_msgs/serial_motor_msgs/msg
[8.611s] -- Up-to-date: /home/fastbot/ros2_ws/install/serial_motor_msgs/include/serial_motor_msgs/serial_motor_msgs/msg/detail
[8.612s] -- Up-to-date: /home/fastbot/ros2_ws/install/serial_motor_msgs/include/serial_motor_msgs/serial_motor_msgs/msg/detail/motor_vels__type_support.c
[8.612s] -- Up-to-date: /home/fastbot/ros2_ws/install/serial_motor_msgs/include/serial_motor_msgs/serial_motor_msgs/msg/detail/encoder_vals__rosidl_typesupport_introspection_c.h
[8.613s] -- Up-to-date: /home/fastbot/ros2_ws/install/serial_motor_msgs/include/serial_motor_msgs/serial_motor_msgs/msg/detail/motor_commands__type_support.c
[8.613s] -- Up-to-date: /home/fastbot/ros2_ws/install/serial_motor_msgs/include/serial_motor_msgs/serial_motor_msgs/msg/detail/encoder_vals__type_support.c
[8.614s] -- Up-to-date: /home/fastbot/ros2_ws/install/serial_motor_msgs/include/serial_motor_msgs/serial_motor_msgs/msg/detail/motor_commands__rosidl_typesupport_introspection_c.h
[8.615s] -- Up-to-date: /home/fastbot/ros2_ws/install/serial_motor_msgs/include/serial_motor_msgs/serial_motor_msgs/msg/detail/motor_vels__rosidl_typesupport_introspection_c.h
[8.616s] -- Up-to-date: /home/fastbot/ros2_ws/install/serial_motor_msgs/include/serial_motor_msgs/serial_motor_msgs/msg/rosidl_typesupport_introspection_c__visibility_control.h
[8.617s] -- Up-to-date: /home/fastbot/ros2_ws/install/serial_motor_msgs/lib/libserial_motor_msgs__rosidl_typesupport_introspection_c.so
[8.617s] -- Up-to-date: /home/fastbot/ros2_ws/install/serial_motor_msgs/lib/libserial_motor_msgs__rosidl_typesupport_c.so
[8.618s] -- Up-to-date: /home/fastbot/ros2_ws/install/serial_motor_msgs/include/serial_motor_msgs/serial_motor_msgs
[8.618s] -- Up-to-date: /home/fastbot/ros2_ws/install/serial_motor_msgs/include/serial_motor_msgs/serial_motor_msgs/msg
[8.619s] -- Up-to-date: /home/fastbot/ros2_ws/install/serial_motor_msgs/include/serial_motor_msgs/serial_motor_msgs/msg/motor_commands.hpp
[8.620s] -- Up-to-date: /home/fastbot/ros2_ws/install/serial_motor_msgs/include/serial_motor_msgs/serial_motor_msgs/msg/encoder_vals.hpp
[8.620s] -- Up-to-date: /home/fastbot/ros2_ws/install/serial_motor_msgs/include/serial_motor_msgs/serial_motor_msgs/msg/motor_vels.hpp
[8.621s] -- Up-to-date: /home/fastbot/ros2_ws/install/serial_motor_msgs/include/serial_motor_msgs/serial_motor_msgs/msg/detail
[8.621s] -- Up-to-date: /home/fastbot/ros2_ws/install/serial_motor_msgs/include/serial_motor_msgs/serial_motor_msgs/msg/detail/motor_vels__type_support.hpp
[8.622s] -- Up-to-date: /home/fastbot/ros2_ws/install/serial_motor_msgs/include/serial_motor_msgs/serial_motor_msgs/msg/detail/motor_commands__traits.hpp
[8.622s] -- Up-to-date: /home/fastbot/ros2_ws/install/serial_motor_msgs/include/serial_motor_msgs/serial_motor_msgs/msg/detail/motor_commands__struct.hpp
[8.623s] -- Up-to-date: /home/fastbot/ros2_ws/install/serial_motor_msgs/include/serial_motor_msgs/serial_motor_msgs/msg/detail/motor_vels__traits.hpp
[8.623s] -- Up-to-date: /home/fastbot/ros2_ws/install/serial_motor_msgs/include/serial_motor_msgs/serial_motor_msgs/msg/detail/encoder_vals__struct.hpp
[8.624s] -- Up-to-date: /home/fastbot/ros2_ws/install/serial_motor_msgs/include/serial_motor_msgs/serial_motor_msgs/msg/detail/encoder_vals__traits.hpp
[8.624s] -- Up-to-date: /home/fastbot/ros2_ws/install/serial_motor_msgs/include/serial_motor_msgs/serial_motor_msgs/msg/detail/motor_commands__type_support.hpp
[8.625s] -- Up-to-date: /home/fastbot/ros2_ws/install/serial_motor_msgs/include/serial_motor_msgs/serial_motor_msgs/msg/detail/motor_commands__builder.hpp
[8.625s] -- Up-to-date: /home/fastbot/ros2_ws/install/serial_motor_msgs/include/serial_motor_msgs/serial_motor_msgs/msg/detail/encoder_vals__builder.hpp
[8.626s] -- Up-to-date: /home/fastbot/ros2_ws/install/serial_motor_msgs/include/serial_motor_msgs/serial_motor_msgs/msg/detail/motor_vels__struct.hpp
[8.626s] -- Up-to-date: /home/fastbot/ros2_ws/install/serial_motor_msgs/include/serial_motor_msgs/serial_motor_msgs/msg/detail/motor_vels__builder.hpp
[8.628s] -- Up-to-date: /home/fastbot/ros2_ws/install/serial_motor_msgs/include/serial_motor_msgs/serial_motor_msgs/msg/detail/encoder_vals__type_support.hpp
[8.629s] -- Up-to-date: /home/fastbot/ros2_ws/install/serial_motor_msgs/include/serial_motor_msgs/serial_motor_msgs/msg/rosidl_generator_cpp__visibility_control.hpp
[8.629s] -- Up-to-date: /home/fastbot/ros2_ws/install/serial_motor_msgs/include/serial_motor_msgs/serial_motor_msgs
[8.630s] -- Up-to-date: /home/fastbot/ros2_ws/install/serial_motor_msgs/include/serial_motor_msgs/serial_motor_msgs/msg
[8.630s] -- Up-to-date: /home/fastbot/ros2_ws/install/serial_motor_msgs/include/serial_motor_msgs/serial_motor_msgs/msg/rosidl_typesupport_fastrtps_cpp__visibility_control.h
[8.631s] -- Up-to-date: /home/fastbot/ros2_ws/install/serial_motor_msgs/include/serial_motor_msgs/serial_motor_msgs/msg/detail
[8.631s] -- Up-to-date: /home/fastbot/ros2_ws/install/serial_motor_msgs/include/serial_motor_msgs/serial_motor_msgs/msg/detail/dds_fastrtps
[8.632s] -- Up-to-date: /home/fastbot/ros2_ws/install/serial_motor_msgs/include/serial_motor_msgs/serial_motor_msgs/msg/detail/encoder_vals__rosidl_typesupport_fastrtps_cpp.hpp
[8.632s] -- Up-to-date: /home/fastbot/ros2_ws/install/serial_motor_msgs/include/serial_motor_msgs/serial_motor_msgs/msg/detail/motor_commands__rosidl_typesupport_fastrtps_cpp.hpp
[8.633s] -- Up-to-date: /home/fastbot/ros2_ws/install/serial_motor_msgs/include/serial_motor_msgs/serial_motor_msgs/msg/detail/motor_vels__rosidl_typesupport_fastrtps_cpp.hpp
[8.633s] -- Up-to-date: /home/fastbot/ros2_ws/install/serial_motor_msgs/lib/libserial_motor_msgs__rosidl_typesupport_fastrtps_cpp.so
[8.634s] -- Up-to-date: /home/fastbot/ros2_ws/install/serial_motor_msgs/include/serial_motor_msgs/serial_motor_msgs
[8.635s] -- Up-to-date: /home/fastbot/ros2_ws/install/serial_motor_msgs/include/serial_motor_msgs/serial_motor_msgs/msg
[8.635s] -- Up-to-date: /home/fastbot/ros2_ws/install/serial_motor_msgs/include/serial_motor_msgs/serial_motor_msgs/msg/detail
[8.636s] -- Up-to-date: /home/fastbot/ros2_ws/install/serial_motor_msgs/include/serial_motor_msgs/serial_motor_msgs/msg/detail/encoder_vals__type_support.cpp
[8.636s] -- Up-to-date: /home/fastbot/ros2_ws/install/serial_motor_msgs/include/serial_motor_msgs/serial_motor_msgs/msg/detail/motor_commands__type_support.cpp
[8.637s] -- Up-to-date: /home/fastbot/ros2_ws/install/serial_motor_msgs/include/serial_motor_msgs/serial_motor_msgs/msg/detail/motor_vels__type_support.cpp
[8.637s] -- Up-to-date: /home/fastbot/ros2_ws/install/serial_motor_msgs/include/serial_motor_msgs/serial_motor_msgs/msg/detail/encoder_vals__rosidl_typesupport_introspection_cpp.hpp
[8.638s] -- Up-to-date: /home/fastbot/ros2_ws/install/serial_motor_msgs/include/serial_motor_msgs/serial_motor_msgs/msg/detail/motor_vels__rosidl_typesupport_introspection_cpp.hpp
[8.638s] -- Up-to-date: /home/fastbot/ros2_ws/install/serial_motor_msgs/include/serial_motor_msgs/serial_motor_msgs/msg/detail/motor_commands__rosidl_typesupport_introspection_cpp.hpp
[8.639s] -- Up-to-date: /home/fastbot/ros2_ws/install/serial_motor_msgs/lib/libserial_motor_msgs__rosidl_typesupport_introspection_cpp.so
[8.639s] -- Up-to-date: /home/fastbot/ros2_ws/install/serial_motor_msgs/lib/libserial_motor_msgs__rosidl_typesupport_cpp.so
[8.640s] -- Up-to-date: /home/fastbot/ros2_ws/install/serial_motor_msgs/share/serial_motor_msgs/environment/pythonpath.sh
[8.640s] -- Installing: /home/fastbot/ros2_ws/install/serial_motor_msgs/share/serial_motor_msgs/environment/pythonpath.dsv
[8.641s] -- Up-to-date: /home/fastbot/ros2_ws/install/serial_motor_msgs/local/lib/python3.10/dist-packages/serial_motor_msgs-0.0.0-py3.10.egg-info
[8.641s] -- Installing: /home/fastbot/ros2_ws/install/serial_motor_msgs/local/lib/python3.10/dist-packages/serial_motor_msgs-0.0.0-py3.10.egg-info/PKG-INFO
[8.642s] -- Installing: /home/fastbot/ros2_ws/install/serial_motor_msgs/local/lib/python3.10/dist-packages/serial_motor_msgs-0.0.0-py3.10.egg-info/top_level.txt
[8.642s] -- Installing: /home/fastbot/ros2_ws/install/serial_motor_msgs/local/lib/python3.10/dist-packages/serial_motor_msgs-0.0.0-py3.10.egg-info/SOURCES.txt
[8.643s] -- Installing: /home/fastbot/ros2_ws/install/serial_motor_msgs/local/lib/python3.10/dist-packages/serial_motor_msgs-0.0.0-py3.10.egg-info/dependency_links.txt
[8.643s] -- Up-to-date: /home/fastbot/ros2_ws/install/serial_motor_msgs/local/lib/python3.10/dist-packages/serial_motor_msgs
[8.644s] -- Installing: /home/fastbot/ros2_ws/install/serial_motor_msgs/local/lib/python3.10/dist-packages/serial_motor_msgs/__init__.py
[8.645s] -- Up-to-date: /home/fastbot/ros2_ws/install/serial_motor_msgs/local/lib/python3.10/dist-packages/serial_motor_msgs/_serial_motor_msgs_s.ep.rosidl_typesupport_fastrtps_c.c
[8.646s] -- Up-to-date: /home/fastbot/ros2_ws/install/serial_motor_msgs/local/lib/python3.10/dist-packages/serial_motor_msgs/serial_motor_msgs_s__rosidl_typesupport_c.cpython-310-aarch64-linux-gnu.so
[8.647s] -- Up-to-date: /home/fastbot/ros2_ws/install/serial_motor_msgs/local/lib/python3.10/dist-packages/serial_motor_msgs/serial_motor_msgs_s__rosidl_typesupport_fastrtps_c.cpython-310-aarch64-linux-gnu.so
[8.647s] -- Up-to-date: /home/fastbot/ros2_ws/install/serial_motor_msgs/local/lib/python3.10/dist-packages/serial_motor_msgs/serial_motor_msgs_s__rosidl_typesupport_introspection_c.cpython-310-aarch64-linux-gnu.so
[8.648s] -- Up-to-date: /home/fastbot/ros2_ws/install/serial_motor_msgs/local/lib/python3.10/dist-packages/serial_motor_msgs/msg
[8.649s] -- Up-to-date: /home/fastbot/ros2_ws/install/serial_motor_msgs/local/lib/python3.10/dist-packages/serial_motor_msgs/msg/_encoder_vals_s.c
[8.650s] -- Up-to-date: /home/fastbot/ros2_ws/install/serial_motor_msgs/local/lib/python3.10/dist-packages/serial_motor_msgs/msg/__init__.py
[8.650s] -- Up-to-date: /home/fastbot/ros2_ws/install/serial_motor_msgs/local/lib/python3.10/dist-packages/serial_motor_msgs/msg/_motor_commands_s.c
[8.651s] -- Up-to-date: /home/fastbot/ros2_ws/install/serial_motor_msgs/local/lib/python3.10/dist-packages/serial_motor_msgs/msg/_motor_vels.py
[8.651s] -- Up-to-date: /home/fastbot/ros2_ws/install/serial_motor_msgs/local/lib/python3.10/dist-packages/serial_motor_msgs/msg/_motor_commands.py
[8.652s] -- Up-to-date: /home/fastbot/ros2_ws/install/serial_motor_msgs/local/lib/python3.10/dist-packages/serial_motor_msgs/msg/_encoder_vals.py
[8.652s] -- Up-to-date: /home/fastbot/ros2_ws/install/serial_motor_msgs/local/lib/python3.10/dist-packages/serial_motor_msgs/msg/_motor_vels_s.c
[8.652s] -- Up-to-date: /home/fastbot/ros2_ws/install/serial_motor_msgs/local/lib/python3.10/dist-packages/serial_motor_msgs/_serial_motor_msgs_s.ep.rosidl_typesupport_introspection_c.c
[8.653s] -- Up-to-date: /home/fastbot/ros2_ws/install/serial_motor_msgs/local/lib/python3.10/dist-packages/serial_motor_msgs/_serial_motor_msgs_s.ep.rosidl_typesupport_c.c
[8.653s] -- Up-to-date: /home/fastbot/ros2_ws/install/serial_motor_msgs/local/lib/python3.10/dist-packages/serial_motor_msgs/libserial_motor_msgs__rosidl_generator_py.so
[8.825s] Listing '/home/fastbot/ros2_ws/install/serial_motor_msgs/local/lib/python3.10/dist-packages/serial_motor_msgs'...
[8.826s] Compiling '/home/fastbot/ros2_ws/install/serial_motor_msgs/local/lib/python3.10/dist-packages/serial_motor_msgs/__init__.py'...
[8.827s] Listing '/home/fastbot/ros2_ws/install/serial_motor_msgs/local/lib/python3.10/dist-packages/serial_motor_msgs/msg'...
[8.855s] -- Up-to-date: /home/fastbot/ros2_ws/install/serial_motor_msgs/local/lib/python3.10/dist-packages/serial_motor_msgs/serial_motor_msgs_s__rosidl_typesupport_fastrtps_c.cpython-310-aarch64-linux-gnu.so
[8.857s] -- Up-to-date: /home/fastbot/ros2_ws/install/serial_motor_msgs/local/lib/python3.10/dist-packages/serial_motor_msgs/serial_motor_msgs_s__rosidl_typesupport_introspection_c.cpython-310-aarch64-linux-gnu.so
[8.859s] -- Up-to-date: /home/fastbot/ros2_ws/install/serial_motor_msgs/local/lib/python3.10/dist-packages/serial_motor_msgs/serial_motor_msgs_s__rosidl_typesupport_c.cpython-310-aarch64-linux-gnu.so
[8.862s] -- Up-to-date: /home/fastbot/ros2_ws/install/serial_motor_msgs/lib/libserial_motor_msgs__rosidl_generator_py.so
[8.863s] -- Up-to-date: /home/fastbot/ros2_ws/install/serial_motor_msgs/share/serial_motor_msgs/msg/EncoderVals.idl
[8.864s] -- Up-to-date: /home/fastbot/ros2_ws/install/serial_motor_msgs/share/serial_motor_msgs/msg/MotorCommands.idl
[8.865s] -- Up-to-date: /home/fastbot/ros2_ws/install/serial_motor_msgs/share/serial_motor_msgs/msg/MotorVels.idl
[8.866s] -- Up-to-date: /home/fastbot/ros2_ws/install/serial_motor_msgs/share/serial_motor_msgs/msg/EncoderVals.msg
[8.866s] -- Up-to-date: /home/fastbot/ros2_ws/install/serial_motor_msgs/share/serial_motor_msgs/msg/MotorCommands.msg
[8.867s] -- Up-to-date: /home/fastbot/ros2_ws/install/serial_motor_msgs/share/serial_motor_msgs/msg/MotorVels.msg
[8.867s] -- Up-to-date: /home/fastbot/ros2_ws/install/serial_motor_msgs/share/ament_index/resource_index/package_run_dependencies/serial_motor_msgs
[8.867s] -- Installing: /home/fastbot/ros2_ws/install/serial_motor_msgs/share/ament_index/resource_index/parent_prefix_path/serial_motor_msgs
[8.868s] -- Up-to-date: /home/fastbot/ros2_ws/install/serial_motor_msgs/share/serial_motor_msgs/environment/ament_prefix_path.sh
[8.869s] -- Installing: /home/fastbot/ros2_ws/install/serial_motor_msgs/share/serial_motor_msgs/environment/ament_prefix_path.dsv
[8.870s] -- Up-to-date: /home/fastbot/ros2_ws/install/serial_motor_msgs/share/serial_motor_msgs/environment/path.sh
[8.871s] -- Installing: /home/fastbot/ros2_ws/install/serial_motor_msgs/share/serial_motor_msgs/environment/path.dsv
[8.872s] -- Up-to-date: /home/fastbot/ros2_ws/install/serial_motor_msgs/share/serial_motor_msgs/local_setup.bash
[8.873s] -- Up-to-date: /home/fastbot/ros2_ws/install/serial_motor_msgs/share/serial_motor_msgs/local_setup.sh
[8.873s] -- Up-to-date: /home/fastbot/ros2_ws/install/serial_motor_msgs/share/serial_motor_msgs/local_setup.zsh
[8.874s] -- Installing: /home/fastbot/ros2_ws/install/serial_motor_msgs/share/serial_motor_msgs/local_setup.dsv
[8.875s] -- Installing: /home/fastbot/ros2_ws/install/serial_motor_msgs/share/serial_motor_msgs/package.dsv
[8.876s] -- Up-to-date: /home/fastbot/ros2_ws/install/serial_motor_msgs/share/ament_index/resource_index/packages/serial_motor_msgs
[8.877s] -- Up-to-date: /home/fastbot/ros2_ws/install/serial_motor_msgs/share/serial_motor_msgs/cmake/export_serial_motor_msgs__rosidl_generator_cExport.cmake
[8.878s] -- Up-to-date: /home/fastbot/ros2_ws/install/serial_motor_msgs/share/serial_motor_msgs/cmake/export_serial_motor_msgs__rosidl_generator_cExport-noconfig.cmake
[8.879s] -- Up-to-date: /home/fastbot/ros2_ws/install/serial_motor_msgs/share/serial_motor_msgs/cmake/export_serial_motor_msgs__rosidl_typesupport_fastrtps_cExport.cmake
[8.879s] -- Up-to-date: /home/fastbot/ros2_ws/install/serial_motor_msgs/share/serial_motor_msgs/cmake/export_serial_motor_msgs__rosidl_typesupport_fastrtps_cExport-noconfig.cmake
[8.880s] -- Up-to-date: /home/fastbot/ros2_ws/install/serial_motor_msgs/share/serial_motor_msgs/cmake/serial_motor_msgs__rosidl_typesupport_introspection_cExport.cmake
[8.881s] -- Up-to-date: /home/fastbot/ros2_ws/install/serial_motor_msgs/share/serial_motor_msgs/cmake/serial_motor_msgs__rosidl_typesupport_introspection_cExport-noconfig.cmake
[8.882s] -- Up-to-date: /home/fastbot/ros2_ws/install/serial_motor_msgs/share/serial_motor_msgs/cmake/serial_motor_msgs__rosidl_typesupport_cExport.cmake
[8.882s] -- Up-to-date: /home/fastbot/ros2_ws/install/serial_motor_msgs/share/serial_motor_msgs/cmake/serial_motor_msgs__rosidl_typesupport_cExport-noconfig.cmake
[8.883s] -- Up-to-date: /home/fastbot/ros2_ws/install/serial_motor_msgs/share/serial_motor_msgs/cmake/export_serial_motor_msgs__rosidl_generator_cppExport.cmake
[8.884s] -- Up-to-date: /home/fastbot/ros2_ws/install/serial_motor_msgs/share/serial_motor_msgs/cmake/export_serial_motor_msgs__rosidl_typesupport_fastrtps_cppExport.cmake
[8.885s] -- Up-to-date: /home/fastbot/ros2_ws/install/serial_motor_msgs/share/serial_motor_msgs/cmake/export_serial_motor_msgs__rosidl_typesupport_fastrtps_cppExport-noconfig.cmake
[8.886s] -- Up-to-date: /home/fastbot/ros2_ws/install/serial_motor_msgs/share/serial_motor_msgs/cmake/serial_motor_msgs__rosidl_typesupport_introspection_cppExport.cmake
[8.886s] -- Up-to-date: /home/fastbot/ros2_ws/install/serial_motor_msgs/share/serial_motor_msgs/cmake/serial_motor_msgs__rosidl_typesupport_introspection_cppExport-noconfig.cmake
[8.887s] -- Up-to-date: /home/fastbot/ros2_ws/install/serial_motor_msgs/share/serial_motor_msgs/cmake/serial_motor_msgs__rosidl_typesupport_cppExport.cmake
[8.888s] -- Up-to-date: /home/fastbot/ros2_ws/install/serial_motor_msgs/share/serial_motor_msgs/cmake/serial_motor_msgs__rosidl_typesupport_cppExport-noconfig.cmake
[8.889s] -- Up-to-date: /home/fastbot/ros2_ws/install/serial_motor_msgs/share/serial_motor_msgs/cmake/export_serial_motor_msgs__rosidl_generator_pyExport.cmake
[8.889s] -- Up-to-date: /home/fastbot/ros2_ws/install/serial_motor_msgs/share/serial_motor_msgs/cmake/export_serial_motor_msgs__rosidl_generator_pyExport-noconfig.cmake
[8.890s] -- Up-to-date: /home/fastbot/ros2_ws/install/serial_motor_msgs/share/serial_motor_msgs/cmake/rosidl_cmake-extras.cmake
[8.891s] -- Up-to-date: /home/fastbot/ros2_ws/install/serial_motor_msgs/share/serial_motor_msgs/cmake/ament_cmake_export_include_directories-extras.cmake
[8.891s] -- Up-to-date: /home/fastbot/ros2_ws/install/serial_motor_msgs/share/serial_motor_msgs/cmake/ament_cmake_export_libraries-extras.cmake
[8.892s] -- Up-to-date: /home/fastbot/ros2_ws/install/serial_motor_msgs/share/serial_motor_msgs/cmake/ament_cmake_export_targets-extras.cmake
[8.892s] -- Up-to-date: /home/fastbot/ros2_ws/install/serial_motor_msgs/share/serial_motor_msgs/cmake/rosidl_cmake_export_typesupport_targets-extras.cmake
[8.893s] -- Up-to-date: /home/fastbot/ros2_ws/install/serial_motor_msgs/share/serial_motor_msgs/cmake/ament_cmake_export_dependencies-extras.cmake
[8.894s] -- Up-to-date: /home/fastbot/ros2_ws/install/serial_motor_msgs/share/serial_motor_msgs/cmake/rosidl_cmake_export_typesupport_libraries-extras.cmake
[8.894s] -- Up-to-date: /home/fastbot/ros2_ws/install/serial_motor_msgs/share/serial_motor_msgs/cmake/serial_motor_msgsConfig.cmake
[8.894s] -- Up-to-date: /home/fastbot/ros2_ws/install/serial_motor_msgs/share/serial_motor_msgs/cmake/serial_motor_msgsConfig-version.cmake
[8.895s] -- Up-to-date: /home/fastbot/ros2_ws/install/serial_motor_msgs/share/serial_motor_msgs/package.xml
[8.903s] Invoked command in '/home/fastbot/ros2_ws/real/build/serial_motor_msgs' returned '0': CMAKE_PREFIX_PATH=${CMAKE_PREFIX_PATH}:/home/fastbot/ros2_ws/real/install/serial_motor:/home/fastbot/ros2_ws/install/serial_motor:/home/fastbot/ros2_ws/install/serial_motor_msgs:/home/fastbot/ros2_ws/install/lslidar_driver:/home/fastbot/ros2_ws/install/lslidar_msgs:/home/fastbot/ros2_ws/install/fastbot_description:/home/fastbot/ros2_ws/install/fastbot_bringup:/opt/ros/humble /usr/bin/cmake --install /home/fastbot/ros2_ws/real/build/serial_motor_msgs
