[0.151s] Invoking command in '/home/fastbot/ros2_ws/build/lslidar_driver': CMAKE_PREFIX_PATH=/home/fastbot/ros2_ws/install/lslidar_msgs:/home/fastbot/ros2_ws/install/serial_motor_msgs:/home/fastbot/ros2_ws/install/lslidar_driver:/home/fastbot/ros2_ws/install/fastbot_description:/home/fastbot/ros2_ws/install/fastbot_bringup:/home/fastbot/ros2_ws/install/serial_motor:/opt/ros/humble LD_LIBRARY_PATH=/home/fastbot/ros2_ws/install/lslidar_msgs/lib:/home/fastbot/ros2_ws/install/serial_motor_msgs/lib:/opt/ros/humble/opt/rviz_ogre_vendor/lib:/opt/ros/humble/lib/aarch64-linux-gnu:/opt/ros/humble/lib /usr/bin/cmake --build /home/fastbot/ros2_ws/build/lslidar_driver -- -j4 -l4
[0.492s] [100%] Built target lslidar_driver_node
[1.365s] Invoked command in '/home/fastbot/ros2_ws/build/lslidar_driver' returned '0': CMAKE_PREFIX_PATH=/home/fastbot/ros2_ws/install/lslidar_msgs:/home/fastbot/ros2_ws/install/serial_motor_msgs:/home/fastbot/ros2_ws/install/lslidar_driver:/home/fastbot/ros2_ws/install/fastbot_description:/home/fastbot/ros2_ws/install/fastbot_bringup:/home/fastbot/ros2_ws/install/serial_motor:/opt/ros/humble LD_LIBRARY_PATH=/home/fastbot/ros2_ws/install/lslidar_msgs/lib:/home/fastbot/ros2_ws/install/serial_motor_msgs/lib:/opt/ros/humble/opt/rviz_ogre_vendor/lib:/opt/ros/humble/lib/aarch64-linux-gnu:/opt/ros/humble/lib /usr/bin/cmake --build /home/fastbot/ros2_ws/build/lslidar_driver -- -j4 -l4
[1.375s] Invoking command in '/home/fastbot/ros2_ws/build/lslidar_driver': CMAKE_PREFIX_PATH=/home/fastbot/ros2_ws/install/lslidar_msgs:/home/fastbot/ros2_ws/install/serial_motor_msgs:/home/fastbot/ros2_ws/install/lslidar_driver:/home/fastbot/ros2_ws/install/fastbot_description:/home/fastbot/ros2_ws/install/fastbot_bringup:/home/fastbot/ros2_ws/install/serial_motor:/opt/ros/humble LD_LIBRARY_PATH=/home/fastbot/ros2_ws/install/lslidar_msgs/lib:/home/fastbot/ros2_ws/install/serial_motor_msgs/lib:/opt/ros/humble/opt/rviz_ogre_vendor/lib:/opt/ros/humble/lib/aarch64-linux-gnu:/opt/ros/humble/lib /usr/bin/cmake --install /home/fastbot/ros2_ws/build/lslidar_driver
[1.407s] -- Install configuration: ""
[1.407s] -- Up-to-date: /home/fastbot/ros2_ws/install/lslidar_driver/share/lslidar_driver/launch
[1.408s] -- Up-to-date: /home/fastbot/ros2_ws/install/lslidar_driver/share/lslidar_driver/launch/lslidar_double_launch.py
[1.408s] -- Up-to-date: /home/fastbot/ros2_ws/install/lslidar_driver/share/lslidar_driver/launch/lslidar_launch.py
[1.408s] -- Up-to-date: /home/fastbot/ros2_ws/install/lslidar_driver/share/lslidar_driver/params
[1.409s] -- Up-to-date: /home/fastbot/ros2_ws/install/lslidar_driver/share/lslidar_driver/params/lsx10_1.yaml
[1.409s] -- Up-to-date: /home/fastbot/ros2_ws/install/lslidar_driver/share/lslidar_driver/params/lsx10.yaml
[1.410s] -- Up-to-date: /home/fastbot/ros2_ws/install/lslidar_driver/share/lslidar_driver/params/lsx10_2.yaml
[1.410s] -- Up-to-date: /home/fastbot/ros2_ws/install/lslidar_driver/share/lslidar_driver/rviz
[1.410s] -- Up-to-date: /home/fastbot/ros2_ws/install/lslidar_driver/share/lslidar_driver/rviz/lslidar.rviz
[1.411s] -- Up-to-date: /home/fastbot/ros2_ws/install/lslidar_driver/lib/lslidar_driver/lslidar_driver_node
[1.412s] -- Up-to-date: /home/fastbot/ros2_ws/install/lslidar_driver/share/ament_index/resource_index/package_run_dependencies/lslidar_driver
[1.412s] -- Up-to-date: /home/fastbot/ros2_ws/install/lslidar_driver/share/ament_index/resource_index/parent_prefix_path/lslidar_driver
[1.413s] -- Up-to-date: /home/fastbot/ros2_ws/install/lslidar_driver/share/lslidar_driver/environment/ament_prefix_path.sh
[1.413s] -- Up-to-date: /home/fastbot/ros2_ws/install/lslidar_driver/share/lslidar_driver/environment/ament_prefix_path.dsv
[1.414s] -- Up-to-date: /home/fastbot/ros2_ws/install/lslidar_driver/share/lslidar_driver/environment/path.sh
[1.414s] -- Up-to-date: /home/fastbot/ros2_ws/install/lslidar_driver/share/lslidar_driver/environment/path.dsv
[1.415s] -- Up-to-date: /home/fastbot/ros2_ws/install/lslidar_driver/share/lslidar_driver/local_setup.bash
[1.415s] -- Up-to-date: /home/fastbot/ros2_ws/install/lslidar_driver/share/lslidar_driver/local_setup.sh
[1.416s] -- Up-to-date: /home/fastbot/ros2_ws/install/lslidar_driver/share/lslidar_driver/local_setup.zsh
[1.417s] -- Up-to-date: /home/fastbot/ros2_ws/install/lslidar_driver/share/lslidar_driver/local_setup.dsv
[1.417s] -- Installing: /home/fastbot/ros2_ws/install/lslidar_driver/share/lslidar_driver/package.dsv
[1.418s] -- Up-to-date: /home/fastbot/ros2_ws/install/lslidar_driver/share/ament_index/resource_index/packages/lslidar_driver
[1.418s] -- Up-to-date: /home/fastbot/ros2_ws/install/lslidar_driver/share/lslidar_driver/cmake/ament_cmake_export_dependencies-extras.cmake
[1.419s] -- Up-to-date: /home/fastbot/ros2_ws/install/lslidar_driver/share/lslidar_driver/cmake/ament_cmake_export_include_directories-extras.cmake
[1.419s] -- Up-to-date: /home/fastbot/ros2_ws/install/lslidar_driver/share/lslidar_driver/cmake/lslidar_driverConfig.cmake
[1.420s] -- Up-to-date: /home/fastbot/ros2_ws/install/lslidar_driver/share/lslidar_driver/cmake/lslidar_driverConfig-version.cmake
[1.420s] -- Up-to-date: /home/fastbot/ros2_ws/install/lslidar_driver/share/lslidar_driver/package.xml
[1.428s] Invoked command in '/home/fastbot/ros2_ws/build/lslidar_driver' returned '0': CMAKE_PREFIX_PATH=/home/fastbot/ros2_ws/install/lslidar_msgs:/home/fastbot/ros2_ws/install/serial_motor_msgs:/home/fastbot/ros2_ws/install/lslidar_driver:/home/fastbot/ros2_ws/install/fastbot_description:/home/fastbot/ros2_ws/install/fastbot_bringup:/home/fastbot/ros2_ws/install/serial_motor:/opt/ros/humble LD_LIBRARY_PATH=/home/fastbot/ros2_ws/install/lslidar_msgs/lib:/home/fastbot/ros2_ws/install/serial_motor_msgs/lib:/opt/ros/humble/opt/rviz_ogre_vendor/lib:/opt/ros/humble/lib/aarch64-linux-gnu:/opt/ros/humble/lib /usr/bin/cmake --install /home/fastbot/ros2_ws/build/lslidar_driver
