[0.114s] Invoking command in '/home/fastbot/ros2_ws/build/lslidar_msgs': CMAKE_PREFIX_PATH=${CMAKE_PREFIX_PATH}:/home/fastbot/ros2_ws/install/serial_motor:/opt/ros/humble /usr/bin/cmake --build /home/fastbot/ros2_ws/build/lslidar_msgs -- -j4 -l4
[0.432s] [  1%] Built target lslidar_msgs__cpp
[0.460s] [ 12%] Built target lslidar_msgs__rosidl_generator_c
[0.607s] [ 12%] Built target ament_cmake_python_copy_lslidar_msgs
[0.713s] [ 23%] Built target lslidar_msgs__rosidl_typesupport_cpp
[0.735s] [ 34%] Built target lslidar_msgs__rosidl_typesupport_introspection_cpp
[0.765s] [ 46%] Built target lslidar_msgs__rosidl_typesupport_fastrtps_cpp
[0.909s] [ 57%] Built target lslidar_msgs__rosidl_typesupport_fastrtps_c
[0.974s] [ 68%] Built target lslidar_msgs__rosidl_typesupport_introspection_c
[0.988s] [ 79%] Built target lslidar_msgs__rosidl_typesupport_c
[1.098s] [ 79%] Built target lslidar_msgs
[1.209s] [ 80%] Built target lslidar_msgs__py
[1.338s] [ 90%] Built target lslidar_msgs__rosidl_generator_py
[1.540s] [ 93%] Built target lslidar_msgs__rosidl_typesupport_c__pyext
[1.557s] [ 96%] Built target lslidar_msgs__rosidl_typesupport_fastrtps_c__pyext
[1.589s] [100%] Built target lslidar_msgs__rosidl_typesupport_introspection_c__pyext
[2.345s] running egg_info
[2.348s] writing lslidar_msgs.egg-info/PKG-INFO
[2.349s] writing dependency_links to lslidar_msgs.egg-info/dependency_links.txt
[2.350s] writing top-level names to lslidar_msgs.egg-info/top_level.txt
[2.361s] reading manifest file 'lslidar_msgs.egg-info/SOURCES.txt'
[2.364s] writing manifest file 'lslidar_msgs.egg-info/SOURCES.txt'
[2.506s] [100%] Built target ament_cmake_python_build_lslidar_msgs_egg
[2.572s] Invoked command in '/home/fastbot/ros2_ws/build/lslidar_msgs' returned '0': CMAKE_PREFIX_PATH=${CMAKE_PREFIX_PATH}:/home/fastbot/ros2_ws/install/serial_motor:/opt/ros/humble /usr/bin/cmake --build /home/fastbot/ros2_ws/build/lslidar_msgs -- -j4 -l4
[2.586s] Invoking command in '/home/fastbot/ros2_ws/build/lslidar_msgs': CMAKE_PREFIX_PATH=${CMAKE_PREFIX_PATH}:/home/fastbot/ros2_ws/install/serial_motor:/opt/ros/humble /usr/bin/cmake --install /home/fastbot/ros2_ws/build/lslidar_msgs
[2.623s] -- Install configuration: ""
[2.623s] -- Up-to-date: /home/fastbot/ros2_ws/install/lslidar_msgs/share/ament_index/resource_index/rosidl_interfaces/lslidar_msgs
[2.624s] -- Up-to-date: /home/fastbot/ros2_ws/install/lslidar_msgs/include/lslidar_msgs/lslidar_msgs
[2.624s] -- Up-to-date: /home/fastbot/ros2_ws/install/lslidar_msgs/include/lslidar_msgs/lslidar_msgs/msg
[2.625s] -- Up-to-date: /home/fastbot/ros2_ws/install/lslidar_msgs/include/lslidar_msgs/lslidar_msgs/msg/lslidar_point.h
[2.625s] -- Up-to-date: /home/fastbot/ros2_ws/install/lslidar_msgs/include/lslidar_msgs/lslidar_msgs/msg/lslidar_scan.h
[2.626s] -- Up-to-date: /home/fastbot/ros2_ws/install/lslidar_msgs/include/lslidar_msgs/lslidar_msgs/msg/lslidar_sweep.h
[2.626s] -- Up-to-date: /home/fastbot/ros2_ws/install/lslidar_msgs/include/lslidar_msgs/lslidar_msgs/msg/rosidl_generator_c__visibility_control.h
[2.627s] -- Up-to-date: /home/fastbot/ros2_ws/install/lslidar_msgs/include/lslidar_msgs/lslidar_msgs/msg/lslidar_packet.h
[2.627s] -- Up-to-date: /home/fastbot/ros2_ws/install/lslidar_msgs/include/lslidar_msgs/lslidar_msgs/msg/detail
[2.628s] -- Up-to-date: /home/fastbot/ros2_ws/install/lslidar_msgs/include/lslidar_msgs/lslidar_msgs/msg/detail/lslidar_sweep__functions.h
[2.628s] -- Up-to-date: /home/fastbot/ros2_ws/install/lslidar_msgs/include/lslidar_msgs/lslidar_msgs/msg/detail/lslidar_point__type_support.h
[2.629s] -- Up-to-date: /home/fastbot/ros2_ws/install/lslidar_msgs/include/lslidar_msgs/lslidar_msgs/msg/detail/lslidar_scan__struct.h
[2.629s] -- Up-to-date: /home/fastbot/ros2_ws/install/lslidar_msgs/include/lslidar_msgs/lslidar_msgs/msg/detail/lslidar_difop__type_support.h
[2.630s] -- Up-to-date: /home/fastbot/ros2_ws/install/lslidar_msgs/include/lslidar_msgs/lslidar_msgs/msg/detail/lslidar_difop__functions.c
[2.630s] -- Up-to-date: /home/fastbot/ros2_ws/install/lslidar_msgs/include/lslidar_msgs/lslidar_msgs/msg/detail/lslidar_packet__struct.h
[2.631s] -- Up-to-date: /home/fastbot/ros2_ws/install/lslidar_msgs/include/lslidar_msgs/lslidar_msgs/msg/detail/lslidar_sweep__functions.c
[2.631s] -- Up-to-date: /home/fastbot/ros2_ws/install/lslidar_msgs/include/lslidar_msgs/lslidar_msgs/msg/detail/lslidar_scan__type_support.h
[2.632s] -- Up-to-date: /home/fastbot/ros2_ws/install/lslidar_msgs/include/lslidar_msgs/lslidar_msgs/msg/detail/lslidar_point__functions.h
[2.634s] -- Up-to-date: /home/fastbot/ros2_ws/install/lslidar_msgs/include/lslidar_msgs/lslidar_msgs/msg/detail/lslidar_packet__type_support.h
[2.634s] -- Up-to-date: /home/fastbot/ros2_ws/install/lslidar_msgs/include/lslidar_msgs/lslidar_msgs/msg/detail/lslidar_scan__functions.h
[2.635s] -- Up-to-date: /home/fastbot/ros2_ws/install/lslidar_msgs/include/lslidar_msgs/lslidar_msgs/msg/detail/lslidar_point__functions.c
[2.635s] -- Up-to-date: /home/fastbot/ros2_ws/install/lslidar_msgs/include/lslidar_msgs/lslidar_msgs/msg/detail/lslidar_packet__functions.c
[2.636s] -- Up-to-date: /home/fastbot/ros2_ws/install/lslidar_msgs/include/lslidar_msgs/lslidar_msgs/msg/detail/lslidar_difop__functions.h
[2.636s] -- Up-to-date: /home/fastbot/ros2_ws/install/lslidar_msgs/include/lslidar_msgs/lslidar_msgs/msg/detail/lslidar_packet__functions.h
[2.637s] -- Up-to-date: /home/fastbot/ros2_ws/install/lslidar_msgs/include/lslidar_msgs/lslidar_msgs/msg/detail/lslidar_sweep__struct.h
[2.638s] -- Up-to-date: /home/fastbot/ros2_ws/install/lslidar_msgs/include/lslidar_msgs/lslidar_msgs/msg/detail/lslidar_sweep__type_support.h
[2.639s] -- Up-to-date: /home/fastbot/ros2_ws/install/lslidar_msgs/include/lslidar_msgs/lslidar_msgs/msg/detail/lslidar_point__struct.h
[2.639s] -- Up-to-date: /home/fastbot/ros2_ws/install/lslidar_msgs/include/lslidar_msgs/lslidar_msgs/msg/detail/lslidar_difop__struct.h
[2.639s] -- Up-to-date: /home/fastbot/ros2_ws/install/lslidar_msgs/include/lslidar_msgs/lslidar_msgs/msg/detail/lslidar_scan__functions.c
[2.640s] -- Up-to-date: /home/fastbot/ros2_ws/install/lslidar_msgs/include/lslidar_msgs/lslidar_msgs/msg/lslidar_difop.h
[2.640s] -- Up-to-date: /home/fastbot/ros2_ws/install/lslidar_msgs/share/lslidar_msgs/environment/library_path.sh
[2.641s] -- Up-to-date: /home/fastbot/ros2_ws/install/lslidar_msgs/share/lslidar_msgs/environment/library_path.dsv
[2.641s] -- Up-to-date: /home/fastbot/ros2_ws/install/lslidar_msgs/lib/liblslidar_msgs__rosidl_generator_c.so
[2.642s] -- Up-to-date: /home/fastbot/ros2_ws/install/lslidar_msgs/include/lslidar_msgs/lslidar_msgs
[2.643s] -- Up-to-date: /home/fastbot/ros2_ws/install/lslidar_msgs/include/lslidar_msgs/lslidar_msgs/msg
[2.644s] -- Up-to-date: /home/fastbot/ros2_ws/install/lslidar_msgs/include/lslidar_msgs/lslidar_msgs/msg/rosidl_typesupport_fastrtps_c__visibility_control.h
[2.644s] -- Up-to-date: /home/fastbot/ros2_ws/install/lslidar_msgs/include/lslidar_msgs/lslidar_msgs/msg/detail
[2.645s] -- Up-to-date: /home/fastbot/ros2_ws/install/lslidar_msgs/include/lslidar_msgs/lslidar_msgs/msg/detail/lslidar_point__rosidl_typesupport_fastrtps_c.h
[2.645s] -- Up-to-date: /home/fastbot/ros2_ws/install/lslidar_msgs/include/lslidar_msgs/lslidar_msgs/msg/detail/lslidar_difop__rosidl_typesupport_fastrtps_c.h
[2.646s] -- Up-to-date: /home/fastbot/ros2_ws/install/lslidar_msgs/include/lslidar_msgs/lslidar_msgs/msg/detail/lslidar_packet__rosidl_typesupport_fastrtps_c.h
[2.646s] -- Up-to-date: /home/fastbot/ros2_ws/install/lslidar_msgs/include/lslidar_msgs/lslidar_msgs/msg/detail/lslidar_scan__rosidl_typesupport_fastrtps_c.h
[2.647s] -- Up-to-date: /home/fastbot/ros2_ws/install/lslidar_msgs/include/lslidar_msgs/lslidar_msgs/msg/detail/lslidar_sweep__rosidl_typesupport_fastrtps_c.h
[2.648s] -- Up-to-date: /home/fastbot/ros2_ws/install/lslidar_msgs/lib/liblslidar_msgs__rosidl_typesupport_fastrtps_c.so
[2.649s] -- Up-to-date: /home/fastbot/ros2_ws/install/lslidar_msgs/include/lslidar_msgs/lslidar_msgs
[2.650s] -- Up-to-date: /home/fastbot/ros2_ws/install/lslidar_msgs/include/lslidar_msgs/lslidar_msgs/msg
[2.650s] -- Up-to-date: /home/fastbot/ros2_ws/install/lslidar_msgs/include/lslidar_msgs/lslidar_msgs/msg/lslidar_packet.hpp
[2.651s] -- Up-to-date: /home/fastbot/ros2_ws/install/lslidar_msgs/include/lslidar_msgs/lslidar_msgs/msg/lslidar_sweep.hpp
[2.652s] -- Up-to-date: /home/fastbot/ros2_ws/install/lslidar_msgs/include/lslidar_msgs/lslidar_msgs/msg/lslidar_difop.hpp
[2.653s] -- Up-to-date: /home/fastbot/ros2_ws/install/lslidar_msgs/include/lslidar_msgs/lslidar_msgs/msg/lslidar_point.hpp
[2.654s] -- Up-to-date: /home/fastbot/ros2_ws/install/lslidar_msgs/include/lslidar_msgs/lslidar_msgs/msg/lslidar_scan.hpp
[2.655s] -- Up-to-date: /home/fastbot/ros2_ws/install/lslidar_msgs/include/lslidar_msgs/lslidar_msgs/msg/detail
[2.656s] -- Up-to-date: /home/fastbot/ros2_ws/install/lslidar_msgs/include/lslidar_msgs/lslidar_msgs/msg/detail/lslidar_sweep__struct.hpp
[2.656s] -- Up-to-date: /home/fastbot/ros2_ws/install/lslidar_msgs/include/lslidar_msgs/lslidar_msgs/msg/detail/lslidar_scan__builder.hpp
[2.656s] -- Up-to-date: /home/fastbot/ros2_ws/install/lslidar_msgs/include/lslidar_msgs/lslidar_msgs/msg/detail/lslidar_point__type_support.hpp
[2.656s] -- Up-to-date: /home/fastbot/ros2_ws/install/lslidar_msgs/include/lslidar_msgs/lslidar_msgs/msg/detail/lslidar_sweep__builder.hpp
[2.657s] -- Up-to-date: /home/fastbot/ros2_ws/install/lslidar_msgs/include/lslidar_msgs/lslidar_msgs/msg/detail/lslidar_packet__struct.hpp
[2.658s] -- Up-to-date: /home/fastbot/ros2_ws/install/lslidar_msgs/include/lslidar_msgs/lslidar_msgs/msg/detail/lslidar_difop__struct.hpp
[2.658s] -- Up-to-date: /home/fastbot/ros2_ws/install/lslidar_msgs/include/lslidar_msgs/lslidar_msgs/msg/detail/lslidar_point__traits.hpp
[2.658s] -- Up-to-date: /home/fastbot/ros2_ws/install/lslidar_msgs/include/lslidar_msgs/lslidar_msgs/msg/detail/lslidar_sweep__traits.hpp
[2.659s] -- Up-to-date: /home/fastbot/ros2_ws/install/lslidar_msgs/include/lslidar_msgs/lslidar_msgs/msg/detail/lslidar_point__builder.hpp
[2.660s] -- Up-to-date: /home/fastbot/ros2_ws/install/lslidar_msgs/include/lslidar_msgs/lslidar_msgs/msg/detail/lslidar_difop__builder.hpp
[2.661s] -- Up-to-date: /home/fastbot/ros2_ws/install/lslidar_msgs/include/lslidar_msgs/lslidar_msgs/msg/detail/lslidar_scan__struct.hpp
[2.662s] -- Up-to-date: /home/fastbot/ros2_ws/install/lslidar_msgs/include/lslidar_msgs/lslidar_msgs/msg/detail/lslidar_packet__traits.hpp
[2.662s] -- Up-to-date: /home/fastbot/ros2_ws/install/lslidar_msgs/include/lslidar_msgs/lslidar_msgs/msg/detail/lslidar_difop__type_support.hpp
[2.662s] -- Up-to-date: /home/fastbot/ros2_ws/install/lslidar_msgs/include/lslidar_msgs/lslidar_msgs/msg/detail/lslidar_sweep__type_support.hpp
[2.663s] -- Up-to-date: /home/fastbot/ros2_ws/install/lslidar_msgs/include/lslidar_msgs/lslidar_msgs/msg/detail/lslidar_scan__traits.hpp
[2.663s] -- Up-to-date: /home/fastbot/ros2_ws/install/lslidar_msgs/include/lslidar_msgs/lslidar_msgs/msg/detail/lslidar_difop__traits.hpp
[2.664s] -- Up-to-date: /home/fastbot/ros2_ws/install/lslidar_msgs/include/lslidar_msgs/lslidar_msgs/msg/detail/lslidar_point__struct.hpp
[2.664s] -- Up-to-date: /home/fastbot/ros2_ws/install/lslidar_msgs/include/lslidar_msgs/lslidar_msgs/msg/detail/lslidar_packet__type_support.hpp
[2.664s] -- Up-to-date: /home/fastbot/ros2_ws/install/lslidar_msgs/include/lslidar_msgs/lslidar_msgs/msg/detail/lslidar_scan__type_support.hpp
[2.665s] -- Up-to-date: /home/fastbot/ros2_ws/install/lslidar_msgs/include/lslidar_msgs/lslidar_msgs/msg/detail/lslidar_packet__builder.hpp
[2.665s] -- Up-to-date: /home/fastbot/ros2_ws/install/lslidar_msgs/include/lslidar_msgs/lslidar_msgs/msg/rosidl_generator_cpp__visibility_control.hpp
[2.667s] -- Up-to-date: /home/fastbot/ros2_ws/install/lslidar_msgs/include/lslidar_msgs/lslidar_msgs
[2.667s] -- Up-to-date: /home/fastbot/ros2_ws/install/lslidar_msgs/include/lslidar_msgs/lslidar_msgs/msg
[2.668s] -- Up-to-date: /home/fastbot/ros2_ws/install/lslidar_msgs/include/lslidar_msgs/lslidar_msgs/msg/rosidl_typesupport_fastrtps_cpp__visibility_control.h
[2.668s] -- Up-to-date: /home/fastbot/ros2_ws/install/lslidar_msgs/include/lslidar_msgs/lslidar_msgs/msg/detail
[2.669s] -- Up-to-date: /home/fastbot/ros2_ws/install/lslidar_msgs/include/lslidar_msgs/lslidar_msgs/msg/detail/dds_fastrtps
[2.670s] -- Up-to-date: /home/fastbot/ros2_ws/install/lslidar_msgs/include/lslidar_msgs/lslidar_msgs/msg/detail/lslidar_packet__rosidl_typesupport_fastrtps_cpp.hpp
[2.671s] -- Up-to-date: /home/fastbot/ros2_ws/install/lslidar_msgs/include/lslidar_msgs/lslidar_msgs/msg/detail/lslidar_sweep__rosidl_typesupport_fastrtps_cpp.hpp
[2.671s] -- Up-to-date: /home/fastbot/ros2_ws/install/lslidar_msgs/include/lslidar_msgs/lslidar_msgs/msg/detail/lslidar_scan__rosidl_typesupport_fastrtps_cpp.hpp
[2.672s] -- Up-to-date: /home/fastbot/ros2_ws/install/lslidar_msgs/include/lslidar_msgs/lslidar_msgs/msg/detail/lslidar_difop__rosidl_typesupport_fastrtps_cpp.hpp
[2.672s] -- Up-to-date: /home/fastbot/ros2_ws/install/lslidar_msgs/include/lslidar_msgs/lslidar_msgs/msg/detail/lslidar_point__rosidl_typesupport_fastrtps_cpp.hpp
[2.673s] -- Up-to-date: /home/fastbot/ros2_ws/install/lslidar_msgs/lib/liblslidar_msgs__rosidl_typesupport_fastrtps_cpp.so
[2.673s] -- Up-to-date: /home/fastbot/ros2_ws/install/lslidar_msgs/include/lslidar_msgs/lslidar_msgs
[2.673s] -- Up-to-date: /home/fastbot/ros2_ws/install/lslidar_msgs/include/lslidar_msgs/lslidar_msgs/msg
[2.674s] -- Up-to-date: /home/fastbot/ros2_ws/install/lslidar_msgs/include/lslidar_msgs/lslidar_msgs/msg/detail
[2.674s] -- Up-to-date: /home/fastbot/ros2_ws/install/lslidar_msgs/include/lslidar_msgs/lslidar_msgs/msg/detail/lslidar_sweep__rosidl_typesupport_introspection_c.h
[2.675s] -- Up-to-date: /home/fastbot/ros2_ws/install/lslidar_msgs/include/lslidar_msgs/lslidar_msgs/msg/detail/lslidar_difop__rosidl_typesupport_introspection_c.h
[2.675s] -- Up-to-date: /home/fastbot/ros2_ws/install/lslidar_msgs/include/lslidar_msgs/lslidar_msgs/msg/detail/lslidar_scan__type_support.c
[2.676s] -- Up-to-date: /home/fastbot/ros2_ws/install/lslidar_msgs/include/lslidar_msgs/lslidar_msgs/msg/detail/lslidar_point__rosidl_typesupport_introspection_c.h
[2.677s] -- Up-to-date: /home/fastbot/ros2_ws/install/lslidar_msgs/include/lslidar_msgs/lslidar_msgs/msg/detail/lslidar_scan__rosidl_typesupport_introspection_c.h
[2.678s] -- Up-to-date: /home/fastbot/ros2_ws/install/lslidar_msgs/include/lslidar_msgs/lslidar_msgs/msg/detail/lslidar_packet__rosidl_typesupport_introspection_c.h
[2.678s] -- Up-to-date: /home/fastbot/ros2_ws/install/lslidar_msgs/include/lslidar_msgs/lslidar_msgs/msg/detail/lslidar_difop__type_support.c
[2.678s] -- Up-to-date: /home/fastbot/ros2_ws/install/lslidar_msgs/include/lslidar_msgs/lslidar_msgs/msg/detail/lslidar_packet__type_support.c
[2.679s] -- Up-to-date: /home/fastbot/ros2_ws/install/lslidar_msgs/include/lslidar_msgs/lslidar_msgs/msg/detail/lslidar_point__type_support.c
[2.679s] -- Up-to-date: /home/fastbot/ros2_ws/install/lslidar_msgs/include/lslidar_msgs/lslidar_msgs/msg/detail/lslidar_sweep__type_support.c
[2.680s] -- Up-to-date: /home/fastbot/ros2_ws/install/lslidar_msgs/include/lslidar_msgs/lslidar_msgs/msg/rosidl_typesupport_introspection_c__visibility_control.h
[2.680s] -- Up-to-date: /home/fastbot/ros2_ws/install/lslidar_msgs/lib/liblslidar_msgs__rosidl_typesupport_introspection_c.so
[2.681s] -- Up-to-date: /home/fastbot/ros2_ws/install/lslidar_msgs/lib/liblslidar_msgs__rosidl_typesupport_c.so
[2.681s] -- Up-to-date: /home/fastbot/ros2_ws/install/lslidar_msgs/include/lslidar_msgs/lslidar_msgs
[2.682s] -- Up-to-date: /home/fastbot/ros2_ws/install/lslidar_msgs/include/lslidar_msgs/lslidar_msgs/msg
[2.682s] -- Up-to-date: /home/fastbot/ros2_ws/install/lslidar_msgs/include/lslidar_msgs/lslidar_msgs/msg/detail
[2.683s] -- Up-to-date: /home/fastbot/ros2_ws/install/lslidar_msgs/include/lslidar_msgs/lslidar_msgs/msg/detail/lslidar_point__type_support.cpp
[2.683s] -- Up-to-date: /home/fastbot/ros2_ws/install/lslidar_msgs/include/lslidar_msgs/lslidar_msgs/msg/detail/lslidar_packet__rosidl_typesupport_introspection_cpp.hpp
[2.684s] -- Up-to-date: /home/fastbot/ros2_ws/install/lslidar_msgs/include/lslidar_msgs/lslidar_msgs/msg/detail/lslidar_packet__type_support.cpp
[2.684s] -- Up-to-date: /home/fastbot/ros2_ws/install/lslidar_msgs/include/lslidar_msgs/lslidar_msgs/msg/detail/lslidar_sweep__type_support.cpp
[2.685s] -- Up-to-date: /home/fastbot/ros2_ws/install/lslidar_msgs/include/lslidar_msgs/lslidar_msgs/msg/detail/lslidar_scan__rosidl_typesupport_introspection_cpp.hpp
[2.685s] -- Up-to-date: /home/fastbot/ros2_ws/install/lslidar_msgs/include/lslidar_msgs/lslidar_msgs/msg/detail/lslidar_difop__type_support.cpp
[2.686s] -- Up-to-date: /home/fastbot/ros2_ws/install/lslidar_msgs/include/lslidar_msgs/lslidar_msgs/msg/detail/lslidar_difop__rosidl_typesupport_introspection_cpp.hpp
[2.686s] -- Up-to-date: /home/fastbot/ros2_ws/install/lslidar_msgs/include/lslidar_msgs/lslidar_msgs/msg/detail/lslidar_sweep__rosidl_typesupport_introspection_cpp.hpp
[2.687s] -- Up-to-date: /home/fastbot/ros2_ws/install/lslidar_msgs/include/lslidar_msgs/lslidar_msgs/msg/detail/lslidar_scan__type_support.cpp
[2.687s] -- Up-to-date: /home/fastbot/ros2_ws/install/lslidar_msgs/include/lslidar_msgs/lslidar_msgs/msg/detail/lslidar_point__rosidl_typesupport_introspection_cpp.hpp
[2.688s] -- Up-to-date: /home/fastbot/ros2_ws/install/lslidar_msgs/lib/liblslidar_msgs__rosidl_typesupport_introspection_cpp.so
[2.688s] -- Up-to-date: /home/fastbot/ros2_ws/install/lslidar_msgs/lib/liblslidar_msgs__rosidl_typesupport_cpp.so
[2.688s] -- Up-to-date: /home/fastbot/ros2_ws/install/lslidar_msgs/share/lslidar_msgs/environment/pythonpath.sh
[2.689s] -- Up-to-date: /home/fastbot/ros2_ws/install/lslidar_msgs/share/lslidar_msgs/environment/pythonpath.dsv
[2.689s] -- Up-to-date: /home/fastbot/ros2_ws/install/lslidar_msgs/local/lib/python3.10/dist-packages/lslidar_msgs-1.2.0-py3.10.egg-info
[2.690s] -- Installing: /home/fastbot/ros2_ws/install/lslidar_msgs/local/lib/python3.10/dist-packages/lslidar_msgs-1.2.0-py3.10.egg-info/PKG-INFO
[2.690s] -- Installing: /home/fastbot/ros2_ws/install/lslidar_msgs/local/lib/python3.10/dist-packages/lslidar_msgs-1.2.0-py3.10.egg-info/top_level.txt
[2.691s] -- Installing: /home/fastbot/ros2_ws/install/lslidar_msgs/local/lib/python3.10/dist-packages/lslidar_msgs-1.2.0-py3.10.egg-info/SOURCES.txt
[2.691s] -- Installing: /home/fastbot/ros2_ws/install/lslidar_msgs/local/lib/python3.10/dist-packages/lslidar_msgs-1.2.0-py3.10.egg-info/dependency_links.txt
[2.692s] -- Up-to-date: /home/fastbot/ros2_ws/install/lslidar_msgs/local/lib/python3.10/dist-packages/lslidar_msgs
[2.692s] -- Up-to-date: /home/fastbot/ros2_ws/install/lslidar_msgs/local/lib/python3.10/dist-packages/lslidar_msgs/_lslidar_msgs_s.ep.rosidl_typesupport_introspection_c.c
[2.693s] -- Up-to-date: /home/fastbot/ros2_ws/install/lslidar_msgs/local/lib/python3.10/dist-packages/lslidar_msgs/_lslidar_msgs_s.ep.rosidl_typesupport_c.c
[2.693s] -- Up-to-date: /home/fastbot/ros2_ws/install/lslidar_msgs/local/lib/python3.10/dist-packages/lslidar_msgs/__init__.py
[2.694s] -- Up-to-date: /home/fastbot/ros2_ws/install/lslidar_msgs/local/lib/python3.10/dist-packages/lslidar_msgs/lslidar_msgs_s__rosidl_typesupport_fastrtps_c.cpython-310-aarch64-linux-gnu.so
[2.694s] -- Up-to-date: /home/fastbot/ros2_ws/install/lslidar_msgs/local/lib/python3.10/dist-packages/lslidar_msgs/liblslidar_msgs__rosidl_generator_py.so
[2.694s] -- Up-to-date: /home/fastbot/ros2_ws/install/lslidar_msgs/local/lib/python3.10/dist-packages/lslidar_msgs/lslidar_msgs_s__rosidl_typesupport_c.cpython-310-aarch64-linux-gnu.so
[2.695s] -- Up-to-date: /home/fastbot/ros2_ws/install/lslidar_msgs/local/lib/python3.10/dist-packages/lslidar_msgs/msg
[2.695s] -- Up-to-date: /home/fastbot/ros2_ws/install/lslidar_msgs/local/lib/python3.10/dist-packages/lslidar_msgs/msg/__init__.py
[2.696s] -- Up-to-date: /home/fastbot/ros2_ws/install/lslidar_msgs/local/lib/python3.10/dist-packages/lslidar_msgs/msg/_lslidar_scan.py
[2.696s] -- Up-to-date: /home/fastbot/ros2_ws/install/lslidar_msgs/local/lib/python3.10/dist-packages/lslidar_msgs/msg/_lslidar_scan_s.c
[2.697s] -- Up-to-date: /home/fastbot/ros2_ws/install/lslidar_msgs/local/lib/python3.10/dist-packages/lslidar_msgs/msg/_lslidar_packet_s.c
[2.698s] -- Up-to-date: /home/fastbot/ros2_ws/install/lslidar_msgs/local/lib/python3.10/dist-packages/lslidar_msgs/msg/_lslidar_difop.py
[2.699s] -- Up-to-date: /home/fastbot/ros2_ws/install/lslidar_msgs/local/lib/python3.10/dist-packages/lslidar_msgs/msg/_lslidar_sweep.py
[2.700s] -- Up-to-date: /home/fastbot/ros2_ws/install/lslidar_msgs/local/lib/python3.10/dist-packages/lslidar_msgs/msg/_lslidar_point_s.c
[2.702s] -- Up-to-date: /home/fastbot/ros2_ws/install/lslidar_msgs/local/lib/python3.10/dist-packages/lslidar_msgs/msg/_lslidar_packet.py
[2.702s] -- Up-to-date: /home/fastbot/ros2_ws/install/lslidar_msgs/local/lib/python3.10/dist-packages/lslidar_msgs/msg/_lslidar_point.py
[2.703s] -- Up-to-date: /home/fastbot/ros2_ws/install/lslidar_msgs/local/lib/python3.10/dist-packages/lslidar_msgs/msg/_lslidar_difop_s.c
[2.704s] -- Up-to-date: /home/fastbot/ros2_ws/install/lslidar_msgs/local/lib/python3.10/dist-packages/lslidar_msgs/msg/_lslidar_sweep_s.c
[2.705s] -- Up-to-date: /home/fastbot/ros2_ws/install/lslidar_msgs/local/lib/python3.10/dist-packages/lslidar_msgs/lslidar_msgs_s__rosidl_typesupport_introspection_c.cpython-310-aarch64-linux-gnu.so
[2.705s] -- Up-to-date: /home/fastbot/ros2_ws/install/lslidar_msgs/local/lib/python3.10/dist-packages/lslidar_msgs/_lslidar_msgs_s.ep.rosidl_typesupport_fastrtps_c.c
[2.860s] Listing '/home/fastbot/ros2_ws/install/lslidar_msgs/local/lib/python3.10/dist-packages/lslidar_msgs'...
[2.862s] Listing '/home/fastbot/ros2_ws/install/lslidar_msgs/local/lib/python3.10/dist-packages/lslidar_msgs/msg'...
[2.891s] -- Up-to-date: /home/fastbot/ros2_ws/install/lslidar_msgs/local/lib/python3.10/dist-packages/lslidar_msgs/lslidar_msgs_s__rosidl_typesupport_fastrtps_c.cpython-310-aarch64-linux-gnu.so
[2.893s] -- Up-to-date: /home/fastbot/ros2_ws/install/lslidar_msgs/local/lib/python3.10/dist-packages/lslidar_msgs/lslidar_msgs_s__rosidl_typesupport_introspection_c.cpython-310-aarch64-linux-gnu.so
[2.895s] -- Up-to-date: /home/fastbot/ros2_ws/install/lslidar_msgs/local/lib/python3.10/dist-packages/lslidar_msgs/lslidar_msgs_s__rosidl_typesupport_c.cpython-310-aarch64-linux-gnu.so
[2.898s] -- Up-to-date: /home/fastbot/ros2_ws/install/lslidar_msgs/lib/liblslidar_msgs__rosidl_generator_py.so
[2.899s] -- Up-to-date: /home/fastbot/ros2_ws/install/lslidar_msgs/share/lslidar_msgs/msg/LslidarDifop.idl
[2.900s] -- Up-to-date: /home/fastbot/ros2_ws/install/lslidar_msgs/share/lslidar_msgs/msg/LslidarPacket.idl
[2.900s] -- Up-to-date: /home/fastbot/ros2_ws/install/lslidar_msgs/share/lslidar_msgs/msg/LslidarPoint.idl
[2.901s] -- Up-to-date: /home/fastbot/ros2_ws/install/lslidar_msgs/share/lslidar_msgs/msg/LslidarScan.idl
[2.901s] -- Up-to-date: /home/fastbot/ros2_ws/install/lslidar_msgs/share/lslidar_msgs/msg/LslidarSweep.idl
[2.902s] -- Up-to-date: /home/fastbot/ros2_ws/install/lslidar_msgs/share/lslidar_msgs/msg/LslidarDifop.msg
[2.902s] -- Up-to-date: /home/fastbot/ros2_ws/install/lslidar_msgs/share/lslidar_msgs/msg/LslidarPacket.msg
[2.903s] -- Up-to-date: /home/fastbot/ros2_ws/install/lslidar_msgs/share/lslidar_msgs/msg/LslidarPoint.msg
[2.904s] -- Up-to-date: /home/fastbot/ros2_ws/install/lslidar_msgs/share/lslidar_msgs/msg/LslidarScan.msg
[2.904s] -- Up-to-date: /home/fastbot/ros2_ws/install/lslidar_msgs/share/lslidar_msgs/msg/LslidarSweep.msg
[2.905s] -- Up-to-date: /home/fastbot/ros2_ws/install/lslidar_msgs/share/ament_index/resource_index/package_run_dependencies/lslidar_msgs
[2.905s] -- Up-to-date: /home/fastbot/ros2_ws/install/lslidar_msgs/share/ament_index/resource_index/parent_prefix_path/lslidar_msgs
[2.906s] -- Up-to-date: /home/fastbot/ros2_ws/install/lslidar_msgs/share/lslidar_msgs/environment/ament_prefix_path.sh
[2.907s] -- Up-to-date: /home/fastbot/ros2_ws/install/lslidar_msgs/share/lslidar_msgs/environment/ament_prefix_path.dsv
[2.907s] -- Up-to-date: /home/fastbot/ros2_ws/install/lslidar_msgs/share/lslidar_msgs/environment/path.sh
[2.908s] -- Up-to-date: /home/fastbot/ros2_ws/install/lslidar_msgs/share/lslidar_msgs/environment/path.dsv
[2.908s] -- Up-to-date: /home/fastbot/ros2_ws/install/lslidar_msgs/share/lslidar_msgs/local_setup.bash
[2.909s] -- Up-to-date: /home/fastbot/ros2_ws/install/lslidar_msgs/share/lslidar_msgs/local_setup.sh
[2.909s] -- Up-to-date: /home/fastbot/ros2_ws/install/lslidar_msgs/share/lslidar_msgs/local_setup.zsh
[2.910s] -- Up-to-date: /home/fastbot/ros2_ws/install/lslidar_msgs/share/lslidar_msgs/local_setup.dsv
[2.910s] -- Installing: /home/fastbot/ros2_ws/install/lslidar_msgs/share/lslidar_msgs/package.dsv
[2.911s] -- Up-to-date: /home/fastbot/ros2_ws/install/lslidar_msgs/share/ament_index/resource_index/packages/lslidar_msgs
[2.912s] -- Up-to-date: /home/fastbot/ros2_ws/install/lslidar_msgs/share/lslidar_msgs/cmake/export_lslidar_msgs__rosidl_generator_cExport.cmake
[2.912s] -- Up-to-date: /home/fastbot/ros2_ws/install/lslidar_msgs/share/lslidar_msgs/cmake/export_lslidar_msgs__rosidl_generator_cExport-noconfig.cmake
[2.913s] -- Up-to-date: /home/fastbot/ros2_ws/install/lslidar_msgs/share/lslidar_msgs/cmake/export_lslidar_msgs__rosidl_typesupport_fastrtps_cExport.cmake
[2.913s] -- Up-to-date: /home/fastbot/ros2_ws/install/lslidar_msgs/share/lslidar_msgs/cmake/export_lslidar_msgs__rosidl_typesupport_fastrtps_cExport-noconfig.cmake
[2.914s] -- Up-to-date: /home/fastbot/ros2_ws/install/lslidar_msgs/share/lslidar_msgs/cmake/export_lslidar_msgs__rosidl_generator_cppExport.cmake
[2.914s] -- Up-to-date: /home/fastbot/ros2_ws/install/lslidar_msgs/share/lslidar_msgs/cmake/export_lslidar_msgs__rosidl_typesupport_fastrtps_cppExport.cmake
[2.915s] -- Up-to-date: /home/fastbot/ros2_ws/install/lslidar_msgs/share/lslidar_msgs/cmake/export_lslidar_msgs__rosidl_typesupport_fastrtps_cppExport-noconfig.cmake
[2.916s] -- Up-to-date: /home/fastbot/ros2_ws/install/lslidar_msgs/share/lslidar_msgs/cmake/lslidar_msgs__rosidl_typesupport_introspection_cExport.cmake
[2.917s] -- Up-to-date: /home/fastbot/ros2_ws/install/lslidar_msgs/share/lslidar_msgs/cmake/lslidar_msgs__rosidl_typesupport_introspection_cExport-noconfig.cmake
[2.918s] -- Up-to-date: /home/fastbot/ros2_ws/install/lslidar_msgs/share/lslidar_msgs/cmake/lslidar_msgs__rosidl_typesupport_cExport.cmake
[2.918s] -- Up-to-date: /home/fastbot/ros2_ws/install/lslidar_msgs/share/lslidar_msgs/cmake/lslidar_msgs__rosidl_typesupport_cExport-noconfig.cmake
[2.919s] -- Up-to-date: /home/fastbot/ros2_ws/install/lslidar_msgs/share/lslidar_msgs/cmake/lslidar_msgs__rosidl_typesupport_introspection_cppExport.cmake
[2.920s] -- Up-to-date: /home/fastbot/ros2_ws/install/lslidar_msgs/share/lslidar_msgs/cmake/lslidar_msgs__rosidl_typesupport_introspection_cppExport-noconfig.cmake
[2.921s] -- Up-to-date: /home/fastbot/ros2_ws/install/lslidar_msgs/share/lslidar_msgs/cmake/lslidar_msgs__rosidl_typesupport_cppExport.cmake
[2.921s] -- Up-to-date: /home/fastbot/ros2_ws/install/lslidar_msgs/share/lslidar_msgs/cmake/lslidar_msgs__rosidl_typesupport_cppExport-noconfig.cmake
[2.922s] -- Up-to-date: /home/fastbot/ros2_ws/install/lslidar_msgs/share/lslidar_msgs/cmake/export_lslidar_msgs__rosidl_generator_pyExport.cmake
[2.923s] -- Up-to-date: /home/fastbot/ros2_ws/install/lslidar_msgs/share/lslidar_msgs/cmake/export_lslidar_msgs__rosidl_generator_pyExport-noconfig.cmake
[2.923s] -- Up-to-date: /home/fastbot/ros2_ws/install/lslidar_msgs/share/lslidar_msgs/cmake/rosidl_cmake-extras.cmake
[2.924s] -- Up-to-date: /home/fastbot/ros2_ws/install/lslidar_msgs/share/lslidar_msgs/cmake/ament_cmake_export_dependencies-extras.cmake
[2.925s] -- Up-to-date: /home/fastbot/ros2_ws/install/lslidar_msgs/share/lslidar_msgs/cmake/ament_cmake_export_include_directories-extras.cmake
[2.925s] -- Up-to-date: /home/fastbot/ros2_ws/install/lslidar_msgs/share/lslidar_msgs/cmake/ament_cmake_export_libraries-extras.cmake
[2.926s] -- Up-to-date: /home/fastbot/ros2_ws/install/lslidar_msgs/share/lslidar_msgs/cmake/ament_cmake_export_targets-extras.cmake
[2.926s] -- Up-to-date: /home/fastbot/ros2_ws/install/lslidar_msgs/share/lslidar_msgs/cmake/rosidl_cmake_export_typesupport_targets-extras.cmake
[2.927s] -- Up-to-date: /home/fastbot/ros2_ws/install/lslidar_msgs/share/lslidar_msgs/cmake/rosidl_cmake_export_typesupport_libraries-extras.cmake
[2.928s] -- Up-to-date: /home/fastbot/ros2_ws/install/lslidar_msgs/share/lslidar_msgs/cmake/lslidar_msgsConfig.cmake
[2.928s] -- Up-to-date: /home/fastbot/ros2_ws/install/lslidar_msgs/share/lslidar_msgs/cmake/lslidar_msgsConfig-version.cmake
[2.929s] -- Up-to-date: /home/fastbot/ros2_ws/install/lslidar_msgs/share/lslidar_msgs/package.xml
[2.938s] Invoked command in '/home/fastbot/ros2_ws/build/lslidar_msgs' returned '0': CMAKE_PREFIX_PATH=${CMAKE_PREFIX_PATH}:/home/fastbot/ros2_ws/install/serial_motor:/opt/ros/humble /usr/bin/cmake --install /home/fastbot/ros2_ws/build/lslidar_msgs
