[0.115s] Invoking command in '/home/fastbot/ros2_ws/real/build/fastbot_description': CMAKE_PREFIX_PATH=${CMAKE_PREFIX_PATH}:/home/fastbot/ros2_ws/real/install/serial_motor:/home/fastbot/ros2_ws/install/serial_motor:/home/fastbot/ros2_ws/install/serial_motor_msgs:/home/fastbot/ros2_ws/install/lslidar_driver:/home/fastbot/ros2_ws/install/lslidar_msgs:/home/fastbot/ros2_ws/install/fastbot_description:/home/fastbot/ros2_ws/install/fastbot_bringup:/opt/ros/humble /usr/bin/cmake --build /home/fastbot/ros2_ws/real/build/fastbot_description -- -j4 -l4
[0.160s] [0mCMake Error: The current CMakeCache.txt directory /home/fastbot/ros2_ws/real/build/fastbot_description/CMakeCache.txt is different than the directory /home/fastbot/ros2_ws/build/fastbot_description where CMakeCache.txt was created. This may result in binaries being created in the wrong place. If you are not sure, reedit the CMakeCache.txt[0m
[0.240s] -- Found ament_cmake: 1.3.11 (/opt/ros/humble/share/ament_cmake/cmake)
[1.207s] -- Found ament_lint_auto: 0.12.12 (/opt/ros/humble/share/ament_lint_auto/cmake)
[1.656s] -- Added test 'flake8' to check Python code syntax and style conventions
[1.662s] -- Added test 'lint_cmake' to check CMake code style
[1.666s] -- Added test 'pep257' to check Python code against some of the docstring style conventions in PEP 257
[1.685s] -- Added test 'xmllint' to check XML markup files
[1.690s] -- Configuring done
[1.716s] -- Generating done
[1.729s] -- Build files have been written to: /home/fastbot/ros2_ws/build/fastbot_description
[1.859s] Invoked command in '/home/fastbot/ros2_ws/real/build/fastbot_description' returned '0': CMAKE_PREFIX_PATH=${CMAKE_PREFIX_PATH}:/home/fastbot/ros2_ws/real/install/serial_motor:/home/fastbot/ros2_ws/install/serial_motor:/home/fastbot/ros2_ws/install/serial_motor_msgs:/home/fastbot/ros2_ws/install/lslidar_driver:/home/fastbot/ros2_ws/install/lslidar_msgs:/home/fastbot/ros2_ws/install/fastbot_description:/home/fastbot/ros2_ws/install/fastbot_bringup:/opt/ros/humble /usr/bin/cmake --build /home/fastbot/ros2_ws/real/build/fastbot_description -- -j4 -l4
[1.861s] Invoking command in '/home/fastbot/ros2_ws/real/build/fastbot_description': CMAKE_PREFIX_PATH=${CMAKE_PREFIX_PATH}:/home/fastbot/ros2_ws/real/install/serial_motor:/home/fastbot/ros2_ws/install/serial_motor:/home/fastbot/ros2_ws/install/serial_motor_msgs:/home/fastbot/ros2_ws/install/lslidar_driver:/home/fastbot/ros2_ws/install/lslidar_msgs:/home/fastbot/ros2_ws/install/fastbot_description:/home/fastbot/ros2_ws/install/fastbot_bringup:/opt/ros/humble /usr/bin/cmake --install /home/fastbot/ros2_ws/real/build/fastbot_description
[1.935s] -- Install configuration: ""
[1.938s] -- Up-to-date: /home/fastbot/ros2_ws/install/fastbot_description/share/fastbot_description/launch
[1.938s] -- Up-to-date: /home/fastbot/ros2_ws/install/fastbot_description/share/fastbot_description/launch/robot_state_publisher.launch.py
[1.940s] -- Up-to-date: /home/fastbot/ros2_ws/install/fastbot_description/share/fastbot_description/onshape
[1.940s] -- Up-to-date: /home/fastbot/ros2_ws/install/fastbot_description/share/fastbot_description/onshape/robot.urdf
[1.947s] -- Up-to-date: /home/fastbot/ros2_ws/install/fastbot_description/share/fastbot_description/onshape/fastbot.xacro
[1.949s] -- Up-to-date: /home/fastbot/ros2_ws/install/fastbot_description/share/fastbot_description/onshape/assets
[1.950s] -- Up-to-date: /home/fastbot/ros2_ws/install/fastbot_description/share/fastbot_description/onshape/assets/base_link.part
[1.950s] -- Up-to-date: /home/fastbot/ros2_ws/install/fastbot_description/share/fastbot_description/onshape/assets/raspicam.part
[1.951s] -- Up-to-date: /home/fastbot/ros2_ws/install/fastbot_description/share/fastbot_description/onshape/assets/lslidar_n10.part
[1.952s] -- Up-to-date: /home/fastbot/ros2_ws/install/fastbot_description/share/fastbot_description/onshape/assets/wheel_d65x25_v1.stl
[1.953s] -- Up-to-date: /home/fastbot/ros2_ws/install/fastbot_description/share/fastbot_description/onshape/assets/tire_d65x25_v1.part
[1.954s] -- Up-to-date: /home/fastbot/ros2_ws/install/fastbot_description/share/fastbot_description/onshape/assets/tire_d65x25_v1.stl
[1.954s] -- Up-to-date: /home/fastbot/ros2_ws/install/fastbot_description/share/fastbot_description/onshape/assets/fastbot_motor.stl
[1.955s] -- Up-to-date: /home/fastbot/ros2_ws/install/fastbot_description/share/fastbot_description/onshape/assets/raspicam.stl
[1.956s] -- Up-to-date: /home/fastbot/ros2_ws/install/fastbot_description/share/fastbot_description/onshape/assets/pololu_ball_caster.part
[1.957s] -- Up-to-date: /home/fastbot/ros2_ws/install/fastbot_description/share/fastbot_description/onshape/assets/wheel_d65x25_v1.part
[1.958s] -- Up-to-date: /home/fastbot/ros2_ws/install/fastbot_description/share/fastbot_description/onshape/assets/fastbot_motor.part
[1.959s] -- Up-to-date: /home/fastbot/ros2_ws/install/fastbot_description/share/fastbot_description/onshape/assets/base_link.stl
[1.962s] -- Up-to-date: /home/fastbot/ros2_ws/install/fastbot_description/share/fastbot_description/onshape/assets/lslidar_n10.stl
[1.964s] -- Up-to-date: /home/fastbot/ros2_ws/install/fastbot_description/share/fastbot_description/onshape/assets/pololu_ball_caster.stl
[1.965s] -- Up-to-date: /home/fastbot/ros2_ws/install/fastbot_description/share/fastbot_description/onshape/config.json
[1.967s] -- Up-to-date: /home/fastbot/ros2_ws/install/fastbot_description/share/fastbot_description/onshape/api-keys.sh
[1.969s] -- Up-to-date: /home/fastbot/ros2_ws/install/fastbot_description/share/ament_index/resource_index/package_run_dependencies/fastbot_description
[1.970s] -- Installing: /home/fastbot/ros2_ws/install/fastbot_description/share/ament_index/resource_index/parent_prefix_path/fastbot_description
[1.970s] -- Up-to-date: /home/fastbot/ros2_ws/install/fastbot_description/share/fastbot_description/environment/ament_prefix_path.sh
[1.971s] -- Installing: /home/fastbot/ros2_ws/install/fastbot_description/share/fastbot_description/environment/ament_prefix_path.dsv
[1.972s] -- Up-to-date: /home/fastbot/ros2_ws/install/fastbot_description/share/fastbot_description/environment/path.sh
[1.974s] -- Installing: /home/fastbot/ros2_ws/install/fastbot_description/share/fastbot_description/environment/path.dsv
[1.975s] -- Up-to-date: /home/fastbot/ros2_ws/install/fastbot_description/share/fastbot_description/local_setup.bash
[1.976s] -- Up-to-date: /home/fastbot/ros2_ws/install/fastbot_description/share/fastbot_description/local_setup.sh
[1.978s] -- Up-to-date: /home/fastbot/ros2_ws/install/fastbot_description/share/fastbot_description/local_setup.zsh
[1.982s] -- Installing: /home/fastbot/ros2_ws/install/fastbot_description/share/fastbot_description/local_setup.dsv
[1.984s] -- Installing: /home/fastbot/ros2_ws/install/fastbot_description/share/fastbot_description/package.dsv
[1.987s] -- Up-to-date: /home/fastbot/ros2_ws/install/fastbot_description/share/ament_index/resource_index/packages/fastbot_description
[1.988s] -- Up-to-date: /home/fastbot/ros2_ws/install/fastbot_description/share/fastbot_description/cmake/fastbot_descriptionConfig.cmake
[1.989s] -- Up-to-date: /home/fastbot/ros2_ws/install/fastbot_description/share/fastbot_description/cmake/fastbot_descriptionConfig-version.cmake
[1.991s] -- Up-to-date: /home/fastbot/ros2_ws/install/fastbot_description/share/fastbot_description/package.xml
[2.108s] Invoked command in '/home/fastbot/ros2_ws/real/build/fastbot_description' returned '0': CMAKE_PREFIX_PATH=${CMAKE_PREFIX_PATH}:/home/fastbot/ros2_ws/real/install/serial_motor:/home/fastbot/ros2_ws/install/serial_motor:/home/fastbot/ros2_ws/install/serial_motor_msgs:/home/fastbot/ros2_ws/install/lslidar_driver:/home/fastbot/ros2_ws/install/lslidar_msgs:/home/fastbot/ros2_ws/install/fastbot_description:/home/fastbot/ros2_ws/install/fastbot_bringup:/opt/ros/humble /usr/bin/cmake --install /home/fastbot/ros2_ws/real/build/fastbot_description
