[0.123s] Invoking command in '/home/fastbot/ros2_ws/build/fastbot_description': CMAKE_PREFIX_PATH=${CMAKE_PREFIX_PATH}:/home/fastbot/ros2_ws/install/serial_motor:/opt/ros/humble /usr/bin/cmake --build /home/fastbot/ros2_ws/build/fastbot_description -- -j4 -l4
[0.408s] Invoked command in '/home/fastbot/ros2_ws/build/fastbot_description' returned '0': CMAKE_PREFIX_PATH=${CMAKE_PREFIX_PATH}:/home/fastbot/ros2_ws/install/serial_motor:/opt/ros/humble /usr/bin/cmake --build /home/fastbot/ros2_ws/build/fastbot_description -- -j4 -l4
[0.411s] Invoking command in '/home/fastbot/ros2_ws/build/fastbot_description': CMAKE_PREFIX_PATH=${CMAKE_PREFIX_PATH}:/home/fastbot/ros2_ws/install/serial_motor:/opt/ros/humble /usr/bin/cmake --install /home/fastbot/ros2_ws/build/fastbot_description
[0.546s] -- Install configuration: ""
[0.547s] -- Up-to-date: /home/fastbot/ros2_ws/install/fastbot_description/share/fastbot_description/launch
[0.549s] -- Installing: /home/fastbot/ros2_ws/install/fastbot_description/share/fastbot_description/launch/robot_state_publisher.launch.py
[0.555s] -- Up-to-date: /home/fastbot/ros2_ws/install/fastbot_description/share/fastbot_description/onshape
[0.558s] -- Up-to-date: /home/fastbot/ros2_ws/install/fastbot_description/share/fastbot_description/onshape/robot.urdf
[0.559s] -- Up-to-date: /home/fastbot/ros2_ws/install/fastbot_description/share/fastbot_description/onshape/fastbot.xacro
[0.561s] -- Up-to-date: /home/fastbot/ros2_ws/install/fastbot_description/share/fastbot_description/onshape/assets
[0.562s] -- Up-to-date: /home/fastbot/ros2_ws/install/fastbot_description/share/fastbot_description/onshape/assets/base_link.part
[0.567s] -- Up-to-date: /home/fastbot/ros2_ws/install/fastbot_description/share/fastbot_description/onshape/assets/raspicam.part
[0.568s] -- Up-to-date: /home/fastbot/ros2_ws/install/fastbot_description/share/fastbot_description/onshape/assets/lslidar_n10.part
[0.570s] -- Up-to-date: /home/fastbot/ros2_ws/install/fastbot_description/share/fastbot_description/onshape/assets/wheel_d65x25_v1.stl
[0.571s] -- Up-to-date: /home/fastbot/ros2_ws/install/fastbot_description/share/fastbot_description/onshape/assets/tire_d65x25_v1.part
[0.572s] -- Up-to-date: /home/fastbot/ros2_ws/install/fastbot_description/share/fastbot_description/onshape/assets/tire_d65x25_v1.stl
[0.574s] -- Up-to-date: /home/fastbot/ros2_ws/install/fastbot_description/share/fastbot_description/onshape/assets/fastbot_motor.stl
[0.583s] -- Up-to-date: /home/fastbot/ros2_ws/install/fastbot_description/share/fastbot_description/onshape/assets/raspicam.stl
[0.587s] -- Up-to-date: /home/fastbot/ros2_ws/install/fastbot_description/share/fastbot_description/onshape/assets/pololu_ball_caster.part
[0.588s] -- Up-to-date: /home/fastbot/ros2_ws/install/fastbot_description/share/fastbot_description/onshape/assets/wheel_d65x25_v1.part
[0.588s] -- Up-to-date: /home/fastbot/ros2_ws/install/fastbot_description/share/fastbot_description/onshape/assets/fastbot_motor.part
[0.588s] -- Up-to-date: /home/fastbot/ros2_ws/install/fastbot_description/share/fastbot_description/onshape/assets/base_link.stl
[0.589s] -- Up-to-date: /home/fastbot/ros2_ws/install/fastbot_description/share/fastbot_description/onshape/assets/lslidar_n10.stl
[0.591s] -- Up-to-date: /home/fastbot/ros2_ws/install/fastbot_description/share/fastbot_description/onshape/assets/pololu_ball_caster.stl
[0.595s] -- Up-to-date: /home/fastbot/ros2_ws/install/fastbot_description/share/fastbot_description/onshape/config.json
[0.595s] -- Up-to-date: /home/fastbot/ros2_ws/install/fastbot_description/share/fastbot_description/onshape/api-keys.sh
[0.597s] -- Up-to-date: /home/fastbot/ros2_ws/install/fastbot_description/share/ament_index/resource_index/package_run_dependencies/fastbot_description
[0.598s] -- Up-to-date: /home/fastbot/ros2_ws/install/fastbot_description/share/ament_index/resource_index/parent_prefix_path/fastbot_description
[0.599s] -- Up-to-date: /home/fastbot/ros2_ws/install/fastbot_description/share/fastbot_description/environment/ament_prefix_path.sh
[0.600s] -- Up-to-date: /home/fastbot/ros2_ws/install/fastbot_description/share/fastbot_description/environment/ament_prefix_path.dsv
[0.601s] -- Up-to-date: /home/fastbot/ros2_ws/install/fastbot_description/share/fastbot_description/environment/path.sh
[0.601s] -- Up-to-date: /home/fastbot/ros2_ws/install/fastbot_description/share/fastbot_description/environment/path.dsv
[0.602s] -- Up-to-date: /home/fastbot/ros2_ws/install/fastbot_description/share/fastbot_description/local_setup.bash
[0.603s] -- Up-to-date: /home/fastbot/ros2_ws/install/fastbot_description/share/fastbot_description/local_setup.sh
[0.603s] -- Up-to-date: /home/fastbot/ros2_ws/install/fastbot_description/share/fastbot_description/local_setup.zsh
[0.604s] -- Up-to-date: /home/fastbot/ros2_ws/install/fastbot_description/share/fastbot_description/local_setup.dsv
[0.604s] -- Installing: /home/fastbot/ros2_ws/install/fastbot_description/share/fastbot_description/package.dsv
[0.605s] -- Up-to-date: /home/fastbot/ros2_ws/install/fastbot_description/share/ament_index/resource_index/packages/fastbot_description
[0.605s] -- Up-to-date: /home/fastbot/ros2_ws/install/fastbot_description/share/fastbot_description/cmake/fastbot_descriptionConfig.cmake
[0.606s] -- Up-to-date: /home/fastbot/ros2_ws/install/fastbot_description/share/fastbot_description/cmake/fastbot_descriptionConfig-version.cmake
[0.606s] -- Up-to-date: /home/fastbot/ros2_ws/install/fastbot_description/share/fastbot_description/package.xml
[0.734s] Invoked command in '/home/fastbot/ros2_ws/build/fastbot_description' returned '0': CMAKE_PREFIX_PATH=${CMAKE_PREFIX_PATH}:/home/fastbot/ros2_ws/install/serial_motor:/opt/ros/humble /usr/bin/cmake --install /home/fastbot/ros2_ws/build/fastbot_description
