[0.429s] DEBUG:colcon:Command line arguments: ['/usr/bin/colcon', 'build']
[0.430s] DEBUG:colcon:Parsed command line arguments: Namespace(log_base=None, log_level=None, verb_name='build', build_base='build', install_base='install', merge_install=False, symlink_install=False, test_result_base=None, continue_on_error=False, executor='parallel', parallel_workers=4, event_handlers=None, ignore_user_meta=False, metas=['./colcon.meta'], base_paths=['.'], packages_ignore=None, packages_ignore_regex=None, paths=None, packages_up_to=None, packages_up_to_regex=None, packages_above=None, packages_above_and_dependencies=None, packages_above_depth=None, packages_select_by_dep=None, packages_skip_by_dep=None, packages_skip_up_to=None, packages_select_build_failed=False, packages_skip_build_finished=False, packages_select_test_failures=False, packages_skip_test_passed=False, packages_select=None, packages_skip=None, packages_select_regex=None, packages_skip_regex=None, packages_start=None, packages_end=None, allow_overriding=[], cmake_args=None, cmake_target=None, cmake_target_skip_unavailable=False, cmake_clean_cache=False, cmake_clean_first=False, cmake_force_configure=False, ament_cmake_args=None, catkin_cmake_args=None, catkin_skip_building_tests=False, verb_parser=<colcon_defaults.argument_parser.defaults.DefaultArgumentsDecorator object at 0xffff92514af0>, verb_extension=<colcon_core.verb.build.BuildVerb object at 0xffff926b1f60>, main=<bound method BuildVerb.main of <colcon_core.verb.build.BuildVerb object at 0xffff926b1f60>>)
[1.203s] Level 1:colcon.colcon_core.package_discovery:discover_packages(colcon_meta) check parameters
[1.204s] Level 1:colcon.colcon_core.package_discovery:discover_packages(recursive) check parameters
[1.204s] Level 1:colcon.colcon_core.package_discovery:discover_packages(ignore) check parameters
[1.204s] Level 1:colcon.colcon_core.package_discovery:discover_packages(path) check parameters
[1.204s] Level 1:colcon.colcon_core.package_discovery:discover_packages(colcon_meta) discover
[1.204s] Level 1:colcon.colcon_core.package_discovery:discover_packages(recursive) discover
[1.204s] INFO:colcon.colcon_core.package_discovery:Crawling recursively for packages in '/home/fastbot/ros2_ws'
[1.205s] Level 1:colcon.colcon_core.package_identification:_identify(.) by extensions ['ignore', 'ignore_ament_install']
[1.205s] Level 1:colcon.colcon_core.package_identification:_identify(.) by extension 'ignore'
[1.205s] Level 1:colcon.colcon_core.package_identification:_identify(.) by extension 'ignore_ament_install'
[1.206s] Level 1:colcon.colcon_core.package_identification:_identify(.) by extensions ['colcon_pkg']
[1.206s] Level 1:colcon.colcon_core.package_identification:_identify(.) by extension 'colcon_pkg'
[1.206s] Level 1:colcon.colcon_core.package_identification:_identify(.) by extensions ['colcon_meta']
[1.206s] Level 1:colcon.colcon_core.package_identification:_identify(.) by extension 'colcon_meta'
[1.206s] Level 1:colcon.colcon_core.package_identification:_identify(.) by extensions ['ros']
[1.206s] Level 1:colcon.colcon_core.package_identification:_identify(.) by extension 'ros'
[1.252s] Level 1:colcon.colcon_core.package_identification:_identify(.) by extensions ['cmake', 'python']
[1.252s] Level 1:colcon.colcon_core.package_identification:_identify(.) by extension 'cmake'
[1.252s] Level 1:colcon.colcon_core.package_identification:_identify(.) by extension 'python'
[1.252s] Level 1:colcon.colcon_core.package_identification:_identify(.) by extensions ['python_setup_py']
[1.252s] Level 1:colcon.colcon_core.package_identification:_identify(.) by extension 'python_setup_py'
[1.253s] Level 1:colcon.colcon_core.package_identification:_identify(build) by extensions ['ignore', 'ignore_ament_install']
[1.253s] Level 1:colcon.colcon_core.package_identification:_identify(build) by extension 'ignore'
[1.253s] Level 1:colcon.colcon_core.package_identification:_identify(build) ignored
[1.254s] Level 1:colcon.colcon_core.package_identification:_identify(install) by extensions ['ignore', 'ignore_ament_install']
[1.254s] Level 1:colcon.colcon_core.package_identification:_identify(install) by extension 'ignore'
[1.255s] Level 1:colcon.colcon_core.package_identification:_identify(install) ignored
[1.255s] Level 1:colcon.colcon_core.package_identification:_identify(log) by extensions ['ignore', 'ignore_ament_install']
[1.255s] Level 1:colcon.colcon_core.package_identification:_identify(log) by extension 'ignore'
[1.256s] Level 1:colcon.colcon_core.package_identification:_identify(log) ignored
[1.256s] Level 1:colcon.colcon_core.package_identification:_identify(src) by extensions ['ignore', 'ignore_ament_install']
[1.256s] Level 1:colcon.colcon_core.package_identification:_identify(src) by extension 'ignore'
[1.256s] Level 1:colcon.colcon_core.package_identification:_identify(src) by extension 'ignore_ament_install'
[1.257s] Level 1:colcon.colcon_core.package_identification:_identify(src) by extensions ['colcon_pkg']
[1.257s] Level 1:colcon.colcon_core.package_identification:_identify(src) by extension 'colcon_pkg'
[1.257s] Level 1:colcon.colcon_core.package_identification:_identify(src) by extensions ['colcon_meta']
[1.257s] Level 1:colcon.colcon_core.package_identification:_identify(src) by extension 'colcon_meta'
[1.257s] Level 1:colcon.colcon_core.package_identification:_identify(src) by extensions ['ros']
[1.257s] Level 1:colcon.colcon_core.package_identification:_identify(src) by extension 'ros'
[1.257s] Level 1:colcon.colcon_core.package_identification:_identify(src) by extensions ['cmake', 'python']
[1.258s] Level 1:colcon.colcon_core.package_identification:_identify(src) by extension 'cmake'
[1.258s] Level 1:colcon.colcon_core.package_identification:_identify(src) by extension 'python'
[1.258s] Level 1:colcon.colcon_core.package_identification:_identify(src) by extensions ['python_setup_py']
[1.258s] Level 1:colcon.colcon_core.package_identification:_identify(src) by extension 'python_setup_py'
[1.259s] Level 1:colcon.colcon_core.package_identification:_identify(src/Lslidar_ROS2_driver) by extensions ['ignore', 'ignore_ament_install']
[1.259s] Level 1:colcon.colcon_core.package_identification:_identify(src/Lslidar_ROS2_driver) by extension 'ignore'
[1.259s] Level 1:colcon.colcon_core.package_identification:_identify(src/Lslidar_ROS2_driver) by extension 'ignore_ament_install'
[1.259s] Level 1:colcon.colcon_core.package_identification:_identify(src/Lslidar_ROS2_driver) by extensions ['colcon_pkg']
[1.259s] Level 1:colcon.colcon_core.package_identification:_identify(src/Lslidar_ROS2_driver) by extension 'colcon_pkg'
[1.259s] Level 1:colcon.colcon_core.package_identification:_identify(src/Lslidar_ROS2_driver) by extensions ['colcon_meta']
[1.260s] Level 1:colcon.colcon_core.package_identification:_identify(src/Lslidar_ROS2_driver) by extension 'colcon_meta'
[1.260s] Level 1:colcon.colcon_core.package_identification:_identify(src/Lslidar_ROS2_driver) by extensions ['ros']
[1.260s] Level 1:colcon.colcon_core.package_identification:_identify(src/Lslidar_ROS2_driver) by extension 'ros'
[1.260s] Level 1:colcon.colcon_core.package_identification:_identify(src/Lslidar_ROS2_driver) by extensions ['cmake', 'python']
[1.260s] Level 1:colcon.colcon_core.package_identification:_identify(src/Lslidar_ROS2_driver) by extension 'cmake'
[1.260s] Level 1:colcon.colcon_core.package_identification:_identify(src/Lslidar_ROS2_driver) by extension 'python'
[1.261s] Level 1:colcon.colcon_core.package_identification:_identify(src/Lslidar_ROS2_driver) by extensions ['python_setup_py']
[1.261s] Level 1:colcon.colcon_core.package_identification:_identify(src/Lslidar_ROS2_driver) by extension 'python_setup_py'
[1.261s] Level 1:colcon.colcon_core.package_identification:_identify(src/Lslidar_ROS2_driver/lslidar_driver) by extensions ['ignore', 'ignore_ament_install']
[1.261s] Level 1:colcon.colcon_core.package_identification:_identify(src/Lslidar_ROS2_driver/lslidar_driver) by extension 'ignore'
[1.262s] Level 1:colcon.colcon_core.package_identification:_identify(src/Lslidar_ROS2_driver/lslidar_driver) by extension 'ignore_ament_install'
[1.262s] Level 1:colcon.colcon_core.package_identification:_identify(src/Lslidar_ROS2_driver/lslidar_driver) by extensions ['colcon_pkg']
[1.262s] Level 1:colcon.colcon_core.package_identification:_identify(src/Lslidar_ROS2_driver/lslidar_driver) by extension 'colcon_pkg'
[1.262s] Level 1:colcon.colcon_core.package_identification:_identify(src/Lslidar_ROS2_driver/lslidar_driver) by extensions ['colcon_meta']
[1.262s] Level 1:colcon.colcon_core.package_identification:_identify(src/Lslidar_ROS2_driver/lslidar_driver) by extension 'colcon_meta'
[1.262s] Level 1:colcon.colcon_core.package_identification:_identify(src/Lslidar_ROS2_driver/lslidar_driver) by extensions ['ros']
[1.263s] Level 1:colcon.colcon_core.package_identification:_identify(src/Lslidar_ROS2_driver/lslidar_driver) by extension 'ros'
[1.272s] DEBUG:colcon.colcon_core.package_identification:Package 'src/Lslidar_ROS2_driver/lslidar_driver' with type 'ros.ament_cmake' and name 'lslidar_driver'
[1.273s] Level 1:colcon.colcon_core.package_identification:_identify(src/Lslidar_ROS2_driver/lslidar_msgs) by extensions ['ignore', 'ignore_ament_install']
[1.273s] Level 1:colcon.colcon_core.package_identification:_identify(src/Lslidar_ROS2_driver/lslidar_msgs) by extension 'ignore'
[1.273s] Level 1:colcon.colcon_core.package_identification:_identify(src/Lslidar_ROS2_driver/lslidar_msgs) by extension 'ignore_ament_install'
[1.274s] Level 1:colcon.colcon_core.package_identification:_identify(src/Lslidar_ROS2_driver/lslidar_msgs) by extensions ['colcon_pkg']
[1.274s] Level 1:colcon.colcon_core.package_identification:_identify(src/Lslidar_ROS2_driver/lslidar_msgs) by extension 'colcon_pkg'
[1.274s] Level 1:colcon.colcon_core.package_identification:_identify(src/Lslidar_ROS2_driver/lslidar_msgs) by extensions ['colcon_meta']
[1.274s] Level 1:colcon.colcon_core.package_identification:_identify(src/Lslidar_ROS2_driver/lslidar_msgs) by extension 'colcon_meta'
[1.274s] Level 1:colcon.colcon_core.package_identification:_identify(src/Lslidar_ROS2_driver/lslidar_msgs) by extensions ['ros']
[1.275s] Level 1:colcon.colcon_core.package_identification:_identify(src/Lslidar_ROS2_driver/lslidar_msgs) by extension 'ros'
[1.277s] DEBUG:colcon.colcon_core.package_identification:Package 'src/Lslidar_ROS2_driver/lslidar_msgs' with type 'ros.ament_cmake' and name 'lslidar_msgs'
[1.277s] Level 1:colcon.colcon_core.package_identification:_identify(src/fastbot_bringup) by extensions ['ignore', 'ignore_ament_install']
[1.278s] Level 1:colcon.colcon_core.package_identification:_identify(src/fastbot_bringup) by extension 'ignore'
[1.278s] Level 1:colcon.colcon_core.package_identification:_identify(src/fastbot_bringup) by extension 'ignore_ament_install'
[1.278s] Level 1:colcon.colcon_core.package_identification:_identify(src/fastbot_bringup) by extensions ['colcon_pkg']
[1.278s] Level 1:colcon.colcon_core.package_identification:_identify(src/fastbot_bringup) by extension 'colcon_pkg'
[1.278s] Level 1:colcon.colcon_core.package_identification:_identify(src/fastbot_bringup) by extensions ['colcon_meta']
[1.279s] Level 1:colcon.colcon_core.package_identification:_identify(src/fastbot_bringup) by extension 'colcon_meta'
[1.279s] Level 1:colcon.colcon_core.package_identification:_identify(src/fastbot_bringup) by extensions ['ros']
[1.279s] Level 1:colcon.colcon_core.package_identification:_identify(src/fastbot_bringup) by extension 'ros'
[1.281s] DEBUG:colcon.colcon_core.package_identification:Package 'src/fastbot_bringup' with type 'ros.ament_cmake' and name 'fastbot_bringup'
[1.282s] Level 1:colcon.colcon_core.package_identification:_identify(src/fastbot_description) by extensions ['ignore', 'ignore_ament_install']
[1.282s] Level 1:colcon.colcon_core.package_identification:_identify(src/fastbot_description) by extension 'ignore'
[1.282s] Level 1:colcon.colcon_core.package_identification:_identify(src/fastbot_description) by extension 'ignore_ament_install'
[1.283s] Level 1:colcon.colcon_core.package_identification:_identify(src/fastbot_description) by extensions ['colcon_pkg']
[1.283s] Level 1:colcon.colcon_core.package_identification:_identify(src/fastbot_description) by extension 'colcon_pkg'
[1.283s] Level 1:colcon.colcon_core.package_identification:_identify(src/fastbot_description) by extensions ['colcon_meta']
[1.283s] Level 1:colcon.colcon_core.package_identification:_identify(src/fastbot_description) by extension 'colcon_meta'
[1.283s] Level 1:colcon.colcon_core.package_identification:_identify(src/fastbot_description) by extensions ['ros']
[1.283s] Level 1:colcon.colcon_core.package_identification:_identify(src/fastbot_description) by extension 'ros'
[1.286s] DEBUG:colcon.colcon_core.package_identification:Package 'src/fastbot_description' with type 'ros.ament_cmake' and name 'fastbot_description'
[1.287s] Level 1:colcon.colcon_core.package_identification:_identify(src/msg) by extensions ['ignore', 'ignore_ament_install']
[1.287s] Level 1:colcon.colcon_core.package_identification:_identify(src/msg) by extension 'ignore'
[1.287s] Level 1:colcon.colcon_core.package_identification:_identify(src/msg) by extension 'ignore_ament_install'
[1.287s] Level 1:colcon.colcon_core.package_identification:_identify(src/msg) by extensions ['colcon_pkg']
[1.288s] Level 1:colcon.colcon_core.package_identification:_identify(src/msg) by extension 'colcon_pkg'
[1.288s] Level 1:colcon.colcon_core.package_identification:_identify(src/msg) by extensions ['colcon_meta']
[1.288s] Level 1:colcon.colcon_core.package_identification:_identify(src/msg) by extension 'colcon_meta'
[1.288s] Level 1:colcon.colcon_core.package_identification:_identify(src/msg) by extensions ['ros']
[1.288s] Level 1:colcon.colcon_core.package_identification:_identify(src/msg) by extension 'ros'
[1.288s] Level 1:colcon.colcon_core.package_identification:_identify(src/msg) by extensions ['cmake', 'python']
[1.289s] Level 1:colcon.colcon_core.package_identification:_identify(src/msg) by extension 'cmake'
[1.289s] Level 1:colcon.colcon_core.package_identification:_identify(src/msg) by extension 'python'
[1.289s] Level 1:colcon.colcon_core.package_identification:_identify(src/msg) by extensions ['python_setup_py']
[1.289s] Level 1:colcon.colcon_core.package_identification:_identify(src/msg) by extension 'python_setup_py'
[1.289s] Level 1:colcon.colcon_core.package_identification:_identify(src/serial_motor) by extensions ['ignore', 'ignore_ament_install']
[1.290s] Level 1:colcon.colcon_core.package_identification:_identify(src/serial_motor) by extension 'ignore'
[1.290s] Level 1:colcon.colcon_core.package_identification:_identify(src/serial_motor) by extension 'ignore_ament_install'
[1.290s] Level 1:colcon.colcon_core.package_identification:_identify(src/serial_motor) by extensions ['colcon_pkg']
[1.290s] Level 1:colcon.colcon_core.package_identification:_identify(src/serial_motor) by extension 'colcon_pkg'
[1.290s] Level 1:colcon.colcon_core.package_identification:_identify(src/serial_motor) by extensions ['colcon_meta']
[1.290s] Level 1:colcon.colcon_core.package_identification:_identify(src/serial_motor) by extension 'colcon_meta'
[1.291s] Level 1:colcon.colcon_core.package_identification:_identify(src/serial_motor) by extensions ['ros']
[1.291s] Level 1:colcon.colcon_core.package_identification:_identify(src/serial_motor) by extension 'ros'
[1.293s] DEBUG:colcon.colcon_core.package_identification:Package 'src/serial_motor' with type 'ros.ament_python' and name 'serial_motor'
[1.294s] Level 1:colcon.colcon_core.package_identification:_identify(src/serial_motor_msgs) by extensions ['ignore', 'ignore_ament_install']
[1.294s] Level 1:colcon.colcon_core.package_identification:_identify(src/serial_motor_msgs) by extension 'ignore'
[1.294s] Level 1:colcon.colcon_core.package_identification:_identify(src/serial_motor_msgs) by extension 'ignore_ament_install'
[1.295s] Level 1:colcon.colcon_core.package_identification:_identify(src/serial_motor_msgs) by extensions ['colcon_pkg']
[1.295s] Level 1:colcon.colcon_core.package_identification:_identify(src/serial_motor_msgs) by extension 'colcon_pkg'
[1.295s] Level 1:colcon.colcon_core.package_identification:_identify(src/serial_motor_msgs) by extensions ['colcon_meta']
[1.295s] Level 1:colcon.colcon_core.package_identification:_identify(src/serial_motor_msgs) by extension 'colcon_meta'
[1.295s] Level 1:colcon.colcon_core.package_identification:_identify(src/serial_motor_msgs) by extensions ['ros']
[1.295s] Level 1:colcon.colcon_core.package_identification:_identify(src/serial_motor_msgs) by extension 'ros'
[1.297s] DEBUG:colcon.colcon_core.package_identification:Package 'src/serial_motor_msgs' with type 'ros.ament_cmake' and name 'serial_motor_msgs'
[1.297s] Level 1:colcon.colcon_core.package_discovery:discover_packages(recursive) using defaults
[1.298s] Level 1:colcon.colcon_core.package_discovery:discover_packages(ignore) discover
[1.298s] Level 1:colcon.colcon_core.package_discovery:discover_packages(ignore) using defaults
[1.298s] Level 1:colcon.colcon_core.package_discovery:discover_packages(path) discover
[1.298s] Level 1:colcon.colcon_core.package_discovery:discover_packages(path) using defaults
[1.380s] Level 1:colcon.colcon_core.package_discovery:discover_packages(prefix_path) check parameters
[1.380s] Level 1:colcon.colcon_core.package_discovery:discover_packages(prefix_path) discover
[1.425s] DEBUG:colcon.colcon_installed_package_information.package_discovery:Found 6 installed packages in /home/fastbot/ros2_ws/install
[1.434s] DEBUG:colcon.colcon_installed_package_information.package_discovery:Found 284 installed packages in /opt/ros/humble
[1.440s] Level 1:colcon.colcon_core.package_discovery:discover_packages(prefix_path) using defaults
[1.607s] Level 5:colcon.colcon_core.verb:set package 'fastbot_bringup' build argument 'cmake_args' from command line to 'None'
[1.607s] Level 5:colcon.colcon_core.verb:set package 'fastbot_bringup' build argument 'cmake_target' from command line to 'None'
[1.607s] Level 5:colcon.colcon_core.verb:set package 'fastbot_bringup' build argument 'cmake_target_skip_unavailable' from command line to 'False'
[1.607s] Level 5:colcon.colcon_core.verb:set package 'fastbot_bringup' build argument 'cmake_clean_cache' from command line to 'False'
[1.607s] Level 5:colcon.colcon_core.verb:set package 'fastbot_bringup' build argument 'cmake_clean_first' from command line to 'False'
[1.607s] Level 5:colcon.colcon_core.verb:set package 'fastbot_bringup' build argument 'cmake_force_configure' from command line to 'False'
[1.607s] Level 5:colcon.colcon_core.verb:set package 'fastbot_bringup' build argument 'ament_cmake_args' from command line to 'None'
[1.608s] Level 5:colcon.colcon_core.verb:set package 'fastbot_bringup' build argument 'catkin_cmake_args' from command line to 'None'
[1.608s] Level 5:colcon.colcon_core.verb:set package 'fastbot_bringup' build argument 'catkin_skip_building_tests' from command line to 'False'
[1.608s] DEBUG:colcon.colcon_core.verb:Building package 'fastbot_bringup' with the following arguments: {'ament_cmake_args': None, 'build_base': '/home/fastbot/ros2_ws/build/fastbot_bringup', 'catkin_cmake_args': None, 'catkin_skip_building_tests': False, 'cmake_args': None, 'cmake_clean_cache': False, 'cmake_clean_first': False, 'cmake_force_configure': False, 'cmake_target': None, 'cmake_target_skip_unavailable': False, 'install_base': '/home/fastbot/ros2_ws/install/fastbot_bringup', 'merge_install': False, 'path': '/home/fastbot/ros2_ws/src/fastbot_bringup', 'symlink_install': False, 'test_result_base': None}
[1.609s] Level 5:colcon.colcon_core.verb:set package 'fastbot_description' build argument 'cmake_args' from command line to 'None'
[1.609s] Level 5:colcon.colcon_core.verb:set package 'fastbot_description' build argument 'cmake_target' from command line to 'None'
[1.609s] Level 5:colcon.colcon_core.verb:set package 'fastbot_description' build argument 'cmake_target_skip_unavailable' from command line to 'False'
[1.610s] Level 5:colcon.colcon_core.verb:set package 'fastbot_description' build argument 'cmake_clean_cache' from command line to 'False'
[1.610s] Level 5:colcon.colcon_core.verb:set package 'fastbot_description' build argument 'cmake_clean_first' from command line to 'False'
[1.610s] Level 5:colcon.colcon_core.verb:set package 'fastbot_description' build argument 'cmake_force_configure' from command line to 'False'
[1.610s] Level 5:colcon.colcon_core.verb:set package 'fastbot_description' build argument 'ament_cmake_args' from command line to 'None'
[1.610s] Level 5:colcon.colcon_core.verb:set package 'fastbot_description' build argument 'catkin_cmake_args' from command line to 'None'
[1.610s] Level 5:colcon.colcon_core.verb:set package 'fastbot_description' build argument 'catkin_skip_building_tests' from command line to 'False'
[1.610s] DEBUG:colcon.colcon_core.verb:Building package 'fastbot_description' with the following arguments: {'ament_cmake_args': None, 'build_base': '/home/fastbot/ros2_ws/build/fastbot_description', 'catkin_cmake_args': None, 'catkin_skip_building_tests': False, 'cmake_args': None, 'cmake_clean_cache': False, 'cmake_clean_first': False, 'cmake_force_configure': False, 'cmake_target': None, 'cmake_target_skip_unavailable': False, 'install_base': '/home/fastbot/ros2_ws/install/fastbot_description', 'merge_install': False, 'path': '/home/fastbot/ros2_ws/src/fastbot_description', 'symlink_install': False, 'test_result_base': None}
[1.612s] Level 5:colcon.colcon_core.verb:set package 'lslidar_msgs' build argument 'cmake_args' from command line to 'None'
[1.612s] Level 5:colcon.colcon_core.verb:set package 'lslidar_msgs' build argument 'cmake_target' from command line to 'None'
[1.612s] Level 5:colcon.colcon_core.verb:set package 'lslidar_msgs' build argument 'cmake_target_skip_unavailable' from command line to 'False'
[1.612s] Level 5:colcon.colcon_core.verb:set package 'lslidar_msgs' build argument 'cmake_clean_cache' from command line to 'False'
[1.612s] Level 5:colcon.colcon_core.verb:set package 'lslidar_msgs' build argument 'cmake_clean_first' from command line to 'False'
[1.612s] Level 5:colcon.colcon_core.verb:set package 'lslidar_msgs' build argument 'cmake_force_configure' from command line to 'False'
[1.612s] Level 5:colcon.colcon_core.verb:set package 'lslidar_msgs' build argument 'ament_cmake_args' from command line to 'None'
[1.612s] Level 5:colcon.colcon_core.verb:set package 'lslidar_msgs' build argument 'catkin_cmake_args' from command line to 'None'
[1.612s] Level 5:colcon.colcon_core.verb:set package 'lslidar_msgs' build argument 'catkin_skip_building_tests' from command line to 'False'
[1.613s] DEBUG:colcon.colcon_core.verb:Building package 'lslidar_msgs' with the following arguments: {'ament_cmake_args': None, 'build_base': '/home/fastbot/ros2_ws/build/lslidar_msgs', 'catkin_cmake_args': None, 'catkin_skip_building_tests': False, 'cmake_args': None, 'cmake_clean_cache': False, 'cmake_clean_first': False, 'cmake_force_configure': False, 'cmake_target': None, 'cmake_target_skip_unavailable': False, 'install_base': '/home/fastbot/ros2_ws/install/lslidar_msgs', 'merge_install': False, 'path': '/home/fastbot/ros2_ws/src/Lslidar_ROS2_driver/lslidar_msgs', 'symlink_install': False, 'test_result_base': None}
[1.614s] Level 5:colcon.colcon_core.verb:set package 'serial_motor_msgs' build argument 'cmake_args' from command line to 'None'
[1.614s] Level 5:colcon.colcon_core.verb:set package 'serial_motor_msgs' build argument 'cmake_target' from command line to 'None'
[1.614s] Level 5:colcon.colcon_core.verb:set package 'serial_motor_msgs' build argument 'cmake_target_skip_unavailable' from command line to 'False'
[1.614s] Level 5:colcon.colcon_core.verb:set package 'serial_motor_msgs' build argument 'cmake_clean_cache' from command line to 'False'
[1.614s] Level 5:colcon.colcon_core.verb:set package 'serial_motor_msgs' build argument 'cmake_clean_first' from command line to 'False'
[1.614s] Level 5:colcon.colcon_core.verb:set package 'serial_motor_msgs' build argument 'cmake_force_configure' from command line to 'False'
[1.614s] Level 5:colcon.colcon_core.verb:set package 'serial_motor_msgs' build argument 'ament_cmake_args' from command line to 'None'
[1.615s] Level 5:colcon.colcon_core.verb:set package 'serial_motor_msgs' build argument 'catkin_cmake_args' from command line to 'None'
[1.615s] Level 5:colcon.colcon_core.verb:set package 'serial_motor_msgs' build argument 'catkin_skip_building_tests' from command line to 'False'
[1.615s] DEBUG:colcon.colcon_core.verb:Building package 'serial_motor_msgs' with the following arguments: {'ament_cmake_args': None, 'build_base': '/home/fastbot/ros2_ws/build/serial_motor_msgs', 'catkin_cmake_args': None, 'catkin_skip_building_tests': False, 'cmake_args': None, 'cmake_clean_cache': False, 'cmake_clean_first': False, 'cmake_force_configure': False, 'cmake_target': None, 'cmake_target_skip_unavailable': False, 'install_base': '/home/fastbot/ros2_ws/install/serial_motor_msgs', 'merge_install': False, 'path': '/home/fastbot/ros2_ws/src/serial_motor_msgs', 'symlink_install': False, 'test_result_base': None}
[1.616s] Level 5:colcon.colcon_core.verb:set package 'lslidar_driver' build argument 'cmake_args' from command line to 'None'
[1.616s] Level 5:colcon.colcon_core.verb:set package 'lslidar_driver' build argument 'cmake_target' from command line to 'None'
[1.616s] Level 5:colcon.colcon_core.verb:set package 'lslidar_driver' build argument 'cmake_target_skip_unavailable' from command line to 'False'
[1.616s] Level 5:colcon.colcon_core.verb:set package 'lslidar_driver' build argument 'cmake_clean_cache' from command line to 'False'
[1.617s] Level 5:colcon.colcon_core.verb:set package 'lslidar_driver' build argument 'cmake_clean_first' from command line to 'False'
[1.617s] Level 5:colcon.colcon_core.verb:set package 'lslidar_driver' build argument 'cmake_force_configure' from command line to 'False'
[1.617s] Level 5:colcon.colcon_core.verb:set package 'lslidar_driver' build argument 'ament_cmake_args' from command line to 'None'
[1.617s] Level 5:colcon.colcon_core.verb:set package 'lslidar_driver' build argument 'catkin_cmake_args' from command line to 'None'
[1.617s] Level 5:colcon.colcon_core.verb:set package 'lslidar_driver' build argument 'catkin_skip_building_tests' from command line to 'False'
[1.617s] DEBUG:colcon.colcon_core.verb:Building package 'lslidar_driver' with the following arguments: {'ament_cmake_args': None, 'build_base': '/home/fastbot/ros2_ws/build/lslidar_driver', 'catkin_cmake_args': None, 'catkin_skip_building_tests': False, 'cmake_args': None, 'cmake_clean_cache': False, 'cmake_clean_first': False, 'cmake_force_configure': False, 'cmake_target': None, 'cmake_target_skip_unavailable': False, 'install_base': '/home/fastbot/ros2_ws/install/lslidar_driver', 'merge_install': False, 'path': '/home/fastbot/ros2_ws/src/Lslidar_ROS2_driver/lslidar_driver', 'symlink_install': False, 'test_result_base': None}
[1.618s] Level 5:colcon.colcon_core.verb:set package 'serial_motor' build argument 'cmake_args' from command line to 'None'
[1.619s] Level 5:colcon.colcon_core.verb:set package 'serial_motor' build argument 'cmake_target' from command line to 'None'
[1.619s] Level 5:colcon.colcon_core.verb:set package 'serial_motor' build argument 'cmake_target_skip_unavailable' from command line to 'False'
[1.619s] Level 5:colcon.colcon_core.verb:set package 'serial_motor' build argument 'cmake_clean_cache' from command line to 'False'
[1.619s] Level 5:colcon.colcon_core.verb:set package 'serial_motor' build argument 'cmake_clean_first' from command line to 'False'
[1.619s] Level 5:colcon.colcon_core.verb:set package 'serial_motor' build argument 'cmake_force_configure' from command line to 'False'
[1.619s] Level 5:colcon.colcon_core.verb:set package 'serial_motor' build argument 'ament_cmake_args' from command line to 'None'
[1.619s] Level 5:colcon.colcon_core.verb:set package 'serial_motor' build argument 'catkin_cmake_args' from command line to 'None'
[1.619s] Level 5:colcon.colcon_core.verb:set package 'serial_motor' build argument 'catkin_skip_building_tests' from command line to 'False'
[1.619s] DEBUG:colcon.colcon_core.verb:Building package 'serial_motor' with the following arguments: {'ament_cmake_args': None, 'build_base': '/home/fastbot/ros2_ws/build/serial_motor', 'catkin_cmake_args': None, 'catkin_skip_building_tests': False, 'cmake_args': None, 'cmake_clean_cache': False, 'cmake_clean_first': False, 'cmake_force_configure': False, 'cmake_target': None, 'cmake_target_skip_unavailable': False, 'install_base': '/home/fastbot/ros2_ws/install/serial_motor', 'merge_install': False, 'path': '/home/fastbot/ros2_ws/src/serial_motor', 'symlink_install': False, 'test_result_base': None}
[1.620s] INFO:colcon.colcon_core.executor:Executing jobs using 'parallel' executor
[1.623s] DEBUG:colcon.colcon_parallel_executor.executor.parallel:run_until_complete
[1.624s] INFO:colcon.colcon_ros.task.ament_cmake.build:Building ROS package in '/home/fastbot/ros2_ws/src/Lslidar_ROS2_driver/lslidar_msgs' with build type 'ament_cmake'
[1.624s] INFO:colcon.colcon_cmake.task.cmake.build:Building CMake package in '/home/fastbot/ros2_ws/src/Lslidar_ROS2_driver/lslidar_msgs'
[1.634s] INFO:colcon.colcon_core.plugin_system:Skipping extension 'colcon_core.shell.bat': Not used on non-Windows systems
[1.635s] INFO:colcon.colcon_core.shell:Skip shell extension 'powershell' for command environment: Not usable outside of PowerShell
[1.635s] DEBUG:colcon.colcon_core.shell:Skip shell extension 'dsv' for command environment
[1.655s] INFO:colcon.colcon_ros.task.ament_cmake.build:Building ROS package in '/home/fastbot/ros2_ws/src/serial_motor_msgs' with build type 'ament_cmake'
[1.655s] INFO:colcon.colcon_cmake.task.cmake.build:Building CMake package in '/home/fastbot/ros2_ws/src/serial_motor_msgs'
[1.656s] INFO:colcon.colcon_core.shell:Skip shell extension 'powershell' for command environment: Not usable outside of PowerShell
[1.657s] DEBUG:colcon.colcon_core.shell:Skip shell extension 'dsv' for command environment
[1.677s] INFO:colcon.colcon_ros.task.ament_cmake.build:Building ROS package in '/home/fastbot/ros2_ws/src/fastbot_bringup' with build type 'ament_cmake'
[1.678s] INFO:colcon.colcon_cmake.task.cmake.build:Building CMake package in '/home/fastbot/ros2_ws/src/fastbot_bringup'
[1.679s] INFO:colcon.colcon_core.shell:Skip shell extension 'powershell' for command environment: Not usable outside of PowerShell
[1.679s] DEBUG:colcon.colcon_core.shell:Skip shell extension 'dsv' for command environment
[1.700s] INFO:colcon.colcon_ros.task.ament_cmake.build:Building ROS package in '/home/fastbot/ros2_ws/src/fastbot_description' with build type 'ament_cmake'
[1.700s] INFO:colcon.colcon_cmake.task.cmake.build:Building CMake package in '/home/fastbot/ros2_ws/src/fastbot_description'
[1.701s] INFO:colcon.colcon_core.shell:Skip shell extension 'powershell' for command environment: Not usable outside of PowerShell
[1.702s] DEBUG:colcon.colcon_core.shell:Skip shell extension 'dsv' for command environment
[1.739s] DEBUG:colcon.colcon_core.event_handler.log_command:Invoking command in '/home/fastbot/ros2_ws/build/lslidar_msgs': CMAKE_PREFIX_PATH=${CMAKE_PREFIX_PATH}:/home/fastbot/ros2_ws/install/serial_motor:/opt/ros/humble /usr/bin/cmake --build /home/fastbot/ros2_ws/build/lslidar_msgs -- -j4 -l4
[1.762s] DEBUG:colcon.colcon_core.event_handler.log_command:Invoking command in '/home/fastbot/ros2_ws/build/serial_motor_msgs': CMAKE_PREFIX_PATH=${CMAKE_PREFIX_PATH}:/home/fastbot/ros2_ws/install/serial_motor:/opt/ros/humble /usr/bin/cmake --build /home/fastbot/ros2_ws/build/serial_motor_msgs -- -j4 -l4
[1.776s] DEBUG:colcon.colcon_core.event_handler.log_command:Invoking command in '/home/fastbot/ros2_ws/build/fastbot_bringup': CMAKE_PREFIX_PATH=${CMAKE_PREFIX_PATH}:/home/fastbot/ros2_ws/install/serial_motor:/opt/ros/humble /usr/bin/cmake --build /home/fastbot/ros2_ws/build/fastbot_bringup -- -j4 -l4
[1.801s] DEBUG:colcon.colcon_core.event_handler.log_command:Invoking command in '/home/fastbot/ros2_ws/build/fastbot_description': CMAKE_PREFIX_PATH=${CMAKE_PREFIX_PATH}:/home/fastbot/ros2_ws/install/serial_motor:/opt/ros/humble /usr/bin/cmake --build /home/fastbot/ros2_ws/build/fastbot_description -- -j4 -l4
[1.983s] DEBUG:colcon.colcon_core.event_handler.log_command:Invoked command in '/home/fastbot/ros2_ws/build/fastbot_bringup' returned '0': CMAKE_PREFIX_PATH=${CMAKE_PREFIX_PATH}:/home/fastbot/ros2_ws/install/serial_motor:/opt/ros/humble /usr/bin/cmake --build /home/fastbot/ros2_ws/build/fastbot_bringup -- -j4 -l4
[2.074s] DEBUG:colcon.colcon_core.event_handler.log_command:Invoking command in '/home/fastbot/ros2_ws/build/fastbot_bringup': CMAKE_PREFIX_PATH=${CMAKE_PREFIX_PATH}:/home/fastbot/ros2_ws/install/serial_motor:/opt/ros/humble /usr/bin/cmake --install /home/fastbot/ros2_ws/build/fastbot_bringup
[2.094s] DEBUG:colcon.colcon_core.event_handler.log_command:Invoked command in '/home/fastbot/ros2_ws/build/fastbot_description' returned '0': CMAKE_PREFIX_PATH=${CMAKE_PREFIX_PATH}:/home/fastbot/ros2_ws/install/serial_motor:/opt/ros/humble /usr/bin/cmake --build /home/fastbot/ros2_ws/build/fastbot_description -- -j4 -l4
[2.115s] DEBUG:colcon.colcon_core.event_handler.log_command:Invoking command in '/home/fastbot/ros2_ws/build/fastbot_description': CMAKE_PREFIX_PATH=${CMAKE_PREFIX_PATH}:/home/fastbot/ros2_ws/install/serial_motor:/opt/ros/humble /usr/bin/cmake --install /home/fastbot/ros2_ws/build/fastbot_description
[2.145s] Level 1:colcon.colcon_core.environment:create_environment_scripts_only(fastbot_bringup)
[2.163s] DEBUG:colcon.colcon_core.event_handler.log_command:Invoked command in '/home/fastbot/ros2_ws/build/fastbot_bringup' returned '0': CMAKE_PREFIX_PATH=${CMAKE_PREFIX_PATH}:/home/fastbot/ros2_ws/install/serial_motor:/opt/ros/humble /usr/bin/cmake --install /home/fastbot/ros2_ws/build/fastbot_bringup
[2.193s] Level 1:colcon.colcon_core.environment:checking '/home/fastbot/ros2_ws/install/fastbot_bringup' for CMake module files
[2.196s] Level 1:colcon.colcon_core.environment:checking '/home/fastbot/ros2_ws/install/fastbot_bringup' for CMake config files
[2.198s] Level 1:colcon.colcon_core.shell:create_environment_hook('fastbot_bringup', 'cmake_prefix_path')
[2.215s] INFO:colcon.colcon_core.shell:Creating environment hook '/home/fastbot/ros2_ws/install/fastbot_bringup/share/fastbot_bringup/hook/cmake_prefix_path.ps1'
[2.234s] INFO:colcon.colcon_core.shell:Creating environment descriptor '/home/fastbot/ros2_ws/install/fastbot_bringup/share/fastbot_bringup/hook/cmake_prefix_path.dsv'
[2.237s] INFO:colcon.colcon_core.shell:Creating environment hook '/home/fastbot/ros2_ws/install/fastbot_bringup/share/fastbot_bringup/hook/cmake_prefix_path.sh'
[2.256s] Level 1:colcon.colcon_core.environment:checking '/home/fastbot/ros2_ws/install/fastbot_bringup/bin'
[2.256s] Level 1:colcon.colcon_core.environment:checking '/home/fastbot/ros2_ws/install/fastbot_bringup/lib/pkgconfig/fastbot_bringup.pc'
[2.257s] Level 1:colcon.colcon_core.environment:checking '/home/fastbot/ros2_ws/install/fastbot_bringup/lib/python3.10/site-packages'
[2.259s] Level 1:colcon.colcon_core.environment:checking '/home/fastbot/ros2_ws/install/fastbot_bringup/bin'
[2.260s] INFO:colcon.colcon_core.shell:Creating package script '/home/fastbot/ros2_ws/install/fastbot_bringup/share/fastbot_bringup/package.ps1'
[2.290s] INFO:colcon.colcon_core.shell:Creating package descriptor '/home/fastbot/ros2_ws/install/fastbot_bringup/share/fastbot_bringup/package.dsv'
[2.296s] INFO:colcon.colcon_core.shell:Creating package script '/home/fastbot/ros2_ws/install/fastbot_bringup/share/fastbot_bringup/package.sh'
[2.303s] INFO:colcon.colcon_core.shell:Creating package script '/home/fastbot/ros2_ws/install/fastbot_bringup/share/fastbot_bringup/package.bash'
[2.308s] INFO:colcon.colcon_core.shell:Creating package script '/home/fastbot/ros2_ws/install/fastbot_bringup/share/fastbot_bringup/package.zsh'
[2.313s] Level 1:colcon.colcon_core.environment:create_file_with_runtime_dependencies(/home/fastbot/ros2_ws/install/fastbot_bringup/share/colcon-core/packages/fastbot_bringup)
[2.317s] Level 1:colcon.colcon_core.environment:create_environment_scripts_only(fastbot_bringup)
[2.318s] Level 1:colcon.colcon_core.environment:checking '/home/fastbot/ros2_ws/install/fastbot_bringup' for CMake module files
[2.321s] Level 1:colcon.colcon_core.environment:checking '/home/fastbot/ros2_ws/install/fastbot_bringup' for CMake config files
[2.323s] Level 1:colcon.colcon_core.shell:create_environment_hook('fastbot_bringup', 'cmake_prefix_path')
[2.324s] INFO:colcon.colcon_core.shell:Creating environment hook '/home/fastbot/ros2_ws/install/fastbot_bringup/share/fastbot_bringup/hook/cmake_prefix_path.ps1'
[2.327s] INFO:colcon.colcon_core.shell:Creating environment descriptor '/home/fastbot/ros2_ws/install/fastbot_bringup/share/fastbot_bringup/hook/cmake_prefix_path.dsv'
[2.330s] INFO:colcon.colcon_core.shell:Creating environment hook '/home/fastbot/ros2_ws/install/fastbot_bringup/share/fastbot_bringup/hook/cmake_prefix_path.sh'
[2.334s] Level 1:colcon.colcon_core.environment:checking '/home/fastbot/ros2_ws/install/fastbot_bringup/bin'
[2.335s] Level 1:colcon.colcon_core.environment:checking '/home/fastbot/ros2_ws/install/fastbot_bringup/lib/pkgconfig/fastbot_bringup.pc'
[2.336s] Level 1:colcon.colcon_core.environment:checking '/home/fastbot/ros2_ws/install/fastbot_bringup/lib/python3.10/site-packages'
[2.337s] Level 1:colcon.colcon_core.environment:checking '/home/fastbot/ros2_ws/install/fastbot_bringup/bin'
[2.339s] INFO:colcon.colcon_core.shell:Creating package script '/home/fastbot/ros2_ws/install/fastbot_bringup/share/fastbot_bringup/package.ps1'
[2.342s] INFO:colcon.colcon_core.shell:Creating package descriptor '/home/fastbot/ros2_ws/install/fastbot_bringup/share/fastbot_bringup/package.dsv'
[2.346s] INFO:colcon.colcon_core.shell:Creating package script '/home/fastbot/ros2_ws/install/fastbot_bringup/share/fastbot_bringup/package.sh'
[2.349s] INFO:colcon.colcon_core.shell:Creating package script '/home/fastbot/ros2_ws/install/fastbot_bringup/share/fastbot_bringup/package.bash'
[2.353s] INFO:colcon.colcon_core.shell:Creating package script '/home/fastbot/ros2_ws/install/fastbot_bringup/share/fastbot_bringup/package.zsh'
[2.356s] Level 1:colcon.colcon_core.environment:create_file_with_runtime_dependencies(/home/fastbot/ros2_ws/install/fastbot_bringup/share/colcon-core/packages/fastbot_bringup)
[2.363s] Level 1:colcon.colcon_core.environment:create_environment_scripts_only(fastbot_description)
[2.365s] DEBUG:colcon.colcon_core.event_handler.log_command:Invoked command in '/home/fastbot/ros2_ws/build/fastbot_description' returned '0': CMAKE_PREFIX_PATH=${CMAKE_PREFIX_PATH}:/home/fastbot/ros2_ws/install/serial_motor:/opt/ros/humble /usr/bin/cmake --install /home/fastbot/ros2_ws/build/fastbot_description
[2.367s] Level 1:colcon.colcon_core.environment:checking '/home/fastbot/ros2_ws/install/fastbot_description' for CMake module files
[2.372s] Level 1:colcon.colcon_core.environment:checking '/home/fastbot/ros2_ws/install/fastbot_description' for CMake config files
[2.374s] Level 1:colcon.colcon_core.shell:create_environment_hook('fastbot_description', 'cmake_prefix_path')
[2.375s] INFO:colcon.colcon_core.shell:Creating environment hook '/home/fastbot/ros2_ws/install/fastbot_description/share/fastbot_description/hook/cmake_prefix_path.ps1'
[2.379s] INFO:colcon.colcon_core.shell:Creating environment descriptor '/home/fastbot/ros2_ws/install/fastbot_description/share/fastbot_description/hook/cmake_prefix_path.dsv'
[2.394s] INFO:colcon.colcon_core.shell:Creating environment hook '/home/fastbot/ros2_ws/install/fastbot_description/share/fastbot_description/hook/cmake_prefix_path.sh'
[2.398s] Level 1:colcon.colcon_core.environment:checking '/home/fastbot/ros2_ws/install/fastbot_description/bin'
[2.399s] Level 1:colcon.colcon_core.environment:checking '/home/fastbot/ros2_ws/install/fastbot_description/lib/pkgconfig/fastbot_description.pc'
[2.400s] Level 1:colcon.colcon_core.environment:checking '/home/fastbot/ros2_ws/install/fastbot_description/lib/python3.10/site-packages'
[2.401s] Level 1:colcon.colcon_core.environment:checking '/home/fastbot/ros2_ws/install/fastbot_description/bin'
[2.403s] INFO:colcon.colcon_core.shell:Creating package script '/home/fastbot/ros2_ws/install/fastbot_description/share/fastbot_description/package.ps1'
[2.410s] INFO:colcon.colcon_core.shell:Creating package descriptor '/home/fastbot/ros2_ws/install/fastbot_description/share/fastbot_description/package.dsv'
[2.413s] INFO:colcon.colcon_core.shell:Creating package script '/home/fastbot/ros2_ws/install/fastbot_description/share/fastbot_description/package.sh'
[2.416s] INFO:colcon.colcon_core.shell:Creating package script '/home/fastbot/ros2_ws/install/fastbot_description/share/fastbot_description/package.bash'
[2.421s] INFO:colcon.colcon_core.shell:Creating package script '/home/fastbot/ros2_ws/install/fastbot_description/share/fastbot_description/package.zsh'
[2.427s] Level 1:colcon.colcon_core.environment:create_file_with_runtime_dependencies(/home/fastbot/ros2_ws/install/fastbot_description/share/colcon-core/packages/fastbot_description)
[2.430s] Level 1:colcon.colcon_core.environment:create_environment_scripts_only(fastbot_description)
[2.431s] Level 1:colcon.colcon_core.environment:checking '/home/fastbot/ros2_ws/install/fastbot_description' for CMake module files
[2.434s] Level 1:colcon.colcon_core.environment:checking '/home/fastbot/ros2_ws/install/fastbot_description' for CMake config files
[2.436s] Level 1:colcon.colcon_core.shell:create_environment_hook('fastbot_description', 'cmake_prefix_path')
[2.437s] INFO:colcon.colcon_core.shell:Creating environment hook '/home/fastbot/ros2_ws/install/fastbot_description/share/fastbot_description/hook/cmake_prefix_path.ps1'
[2.439s] INFO:colcon.colcon_core.shell:Creating environment descriptor '/home/fastbot/ros2_ws/install/fastbot_description/share/fastbot_description/hook/cmake_prefix_path.dsv'
[2.442s] INFO:colcon.colcon_core.shell:Creating environment hook '/home/fastbot/ros2_ws/install/fastbot_description/share/fastbot_description/hook/cmake_prefix_path.sh'
[2.446s] Level 1:colcon.colcon_core.environment:checking '/home/fastbot/ros2_ws/install/fastbot_description/bin'
[2.447s] Level 1:colcon.colcon_core.environment:checking '/home/fastbot/ros2_ws/install/fastbot_description/lib/pkgconfig/fastbot_description.pc'
[2.448s] Level 1:colcon.colcon_core.environment:checking '/home/fastbot/ros2_ws/install/fastbot_description/lib/python3.10/site-packages'
[2.450s] Level 1:colcon.colcon_core.environment:checking '/home/fastbot/ros2_ws/install/fastbot_description/bin'
[2.451s] INFO:colcon.colcon_core.shell:Creating package script '/home/fastbot/ros2_ws/install/fastbot_description/share/fastbot_description/package.ps1'
[2.459s] INFO:colcon.colcon_core.shell:Creating package descriptor '/home/fastbot/ros2_ws/install/fastbot_description/share/fastbot_description/package.dsv'
[2.463s] INFO:colcon.colcon_core.shell:Creating package script '/home/fastbot/ros2_ws/install/fastbot_description/share/fastbot_description/package.sh'
[2.466s] INFO:colcon.colcon_core.shell:Creating package script '/home/fastbot/ros2_ws/install/fastbot_description/share/fastbot_description/package.bash'
[2.470s] INFO:colcon.colcon_core.shell:Creating package script '/home/fastbot/ros2_ws/install/fastbot_description/share/fastbot_description/package.zsh'
[2.482s] Level 1:colcon.colcon_core.environment:create_file_with_runtime_dependencies(/home/fastbot/ros2_ws/install/fastbot_description/share/colcon-core/packages/fastbot_description)
[4.193s] DEBUG:colcon.colcon_core.event_handler.log_command:Invoked command in '/home/fastbot/ros2_ws/build/lslidar_msgs' returned '0': CMAKE_PREFIX_PATH=${CMAKE_PREFIX_PATH}:/home/fastbot/ros2_ws/install/serial_motor:/opt/ros/humble /usr/bin/cmake --build /home/fastbot/ros2_ws/build/lslidar_msgs -- -j4 -l4
[4.202s] DEBUG:colcon.colcon_core.event_handler.log_command:Invoking command in '/home/fastbot/ros2_ws/build/lslidar_msgs': CMAKE_PREFIX_PATH=${CMAKE_PREFIX_PATH}:/home/fastbot/ros2_ws/install/serial_motor:/opt/ros/humble /usr/bin/cmake --install /home/fastbot/ros2_ws/build/lslidar_msgs
[4.206s] DEBUG:colcon.colcon_core.event_handler.log_command:Invoked command in '/home/fastbot/ros2_ws/build/serial_motor_msgs' returned '0': CMAKE_PREFIX_PATH=${CMAKE_PREFIX_PATH}:/home/fastbot/ros2_ws/install/serial_motor:/opt/ros/humble /usr/bin/cmake --build /home/fastbot/ros2_ws/build/serial_motor_msgs -- -j4 -l4
[4.217s] DEBUG:colcon.colcon_core.event_handler.log_command:Invoking command in '/home/fastbot/ros2_ws/build/serial_motor_msgs': CMAKE_PREFIX_PATH=${CMAKE_PREFIX_PATH}:/home/fastbot/ros2_ws/install/serial_motor:/opt/ros/humble /usr/bin/cmake --install /home/fastbot/ros2_ws/build/serial_motor_msgs
[4.541s] Level 1:colcon.colcon_core.environment:create_environment_scripts_only(serial_motor_msgs)
[4.542s] Level 1:colcon.colcon_core.environment:checking '/home/fastbot/ros2_ws/install/serial_motor_msgs' for CMake module files
[4.557s] Level 1:colcon.colcon_core.environment:checking '/home/fastbot/ros2_ws/install/serial_motor_msgs' for CMake config files
[4.564s] DEBUG:colcon.colcon_core.event_handler.log_command:Invoked command in '/home/fastbot/ros2_ws/build/serial_motor_msgs' returned '0': CMAKE_PREFIX_PATH=${CMAKE_PREFIX_PATH}:/home/fastbot/ros2_ws/install/serial_motor:/opt/ros/humble /usr/bin/cmake --install /home/fastbot/ros2_ws/build/serial_motor_msgs
[4.566s] Level 1:colcon.colcon_core.shell:create_environment_hook('serial_motor_msgs', 'cmake_prefix_path')
[4.567s] INFO:colcon.colcon_core.shell:Creating environment hook '/home/fastbot/ros2_ws/install/serial_motor_msgs/share/serial_motor_msgs/hook/cmake_prefix_path.ps1'
[4.569s] INFO:colcon.colcon_core.shell:Creating environment descriptor '/home/fastbot/ros2_ws/install/serial_motor_msgs/share/serial_motor_msgs/hook/cmake_prefix_path.dsv'
[4.571s] INFO:colcon.colcon_core.shell:Creating environment hook '/home/fastbot/ros2_ws/install/serial_motor_msgs/share/serial_motor_msgs/hook/cmake_prefix_path.sh'
[4.574s] Level 1:colcon.colcon_core.environment:checking '/home/fastbot/ros2_ws/install/serial_motor_msgs/lib'
[4.575s] Level 1:colcon.colcon_core.shell:create_environment_hook('serial_motor_msgs', 'ld_library_path_lib')
[4.576s] INFO:colcon.colcon_core.shell:Creating environment hook '/home/fastbot/ros2_ws/install/serial_motor_msgs/share/serial_motor_msgs/hook/ld_library_path_lib.ps1'
[4.578s] INFO:colcon.colcon_core.shell:Creating environment descriptor '/home/fastbot/ros2_ws/install/serial_motor_msgs/share/serial_motor_msgs/hook/ld_library_path_lib.dsv'
[4.580s] INFO:colcon.colcon_core.shell:Creating environment hook '/home/fastbot/ros2_ws/install/serial_motor_msgs/share/serial_motor_msgs/hook/ld_library_path_lib.sh'
[4.582s] Level 1:colcon.colcon_core.environment:checking '/home/fastbot/ros2_ws/install/serial_motor_msgs/bin'
[4.582s] Level 1:colcon.colcon_core.environment:checking '/home/fastbot/ros2_ws/install/serial_motor_msgs/lib/pkgconfig/serial_motor_msgs.pc'
[4.583s] Level 1:colcon.colcon_core.environment:checking '/home/fastbot/ros2_ws/install/serial_motor_msgs/lib/python3.10/site-packages'
[4.584s] Level 1:colcon.colcon_core.environment:checking '/home/fastbot/ros2_ws/install/serial_motor_msgs/bin'
[4.586s] INFO:colcon.colcon_core.shell:Creating package script '/home/fastbot/ros2_ws/install/serial_motor_msgs/share/serial_motor_msgs/package.ps1'
[4.588s] INFO:colcon.colcon_core.shell:Creating package descriptor '/home/fastbot/ros2_ws/install/serial_motor_msgs/share/serial_motor_msgs/package.dsv'
[4.590s] INFO:colcon.colcon_core.shell:Creating package script '/home/fastbot/ros2_ws/install/serial_motor_msgs/share/serial_motor_msgs/package.sh'
[4.592s] INFO:colcon.colcon_core.shell:Creating package script '/home/fastbot/ros2_ws/install/serial_motor_msgs/share/serial_motor_msgs/package.bash'
[4.594s] INFO:colcon.colcon_core.shell:Creating package script '/home/fastbot/ros2_ws/install/serial_motor_msgs/share/serial_motor_msgs/package.zsh'
[4.596s] Level 1:colcon.colcon_core.environment:create_file_with_runtime_dependencies(/home/fastbot/ros2_ws/install/serial_motor_msgs/share/colcon-core/packages/serial_motor_msgs)
[4.599s] Level 1:colcon.colcon_core.environment:create_environment_scripts_only(serial_motor_msgs)
[4.600s] Level 1:colcon.colcon_core.environment:checking '/home/fastbot/ros2_ws/install/serial_motor_msgs' for CMake module files
[4.604s] Level 1:colcon.colcon_core.environment:checking '/home/fastbot/ros2_ws/install/serial_motor_msgs' for CMake config files
[4.607s] Level 1:colcon.colcon_core.shell:create_environment_hook('serial_motor_msgs', 'cmake_prefix_path')
[4.608s] INFO:colcon.colcon_core.shell:Creating environment hook '/home/fastbot/ros2_ws/install/serial_motor_msgs/share/serial_motor_msgs/hook/cmake_prefix_path.ps1'
[4.610s] INFO:colcon.colcon_core.shell:Creating environment descriptor '/home/fastbot/ros2_ws/install/serial_motor_msgs/share/serial_motor_msgs/hook/cmake_prefix_path.dsv'
[4.612s] INFO:colcon.colcon_core.shell:Creating environment hook '/home/fastbot/ros2_ws/install/serial_motor_msgs/share/serial_motor_msgs/hook/cmake_prefix_path.sh'
[4.614s] Level 1:colcon.colcon_core.environment:checking '/home/fastbot/ros2_ws/install/serial_motor_msgs/lib'
[4.615s] Level 1:colcon.colcon_core.shell:create_environment_hook('serial_motor_msgs', 'ld_library_path_lib')
[4.616s] INFO:colcon.colcon_core.shell:Creating environment hook '/home/fastbot/ros2_ws/install/serial_motor_msgs/share/serial_motor_msgs/hook/ld_library_path_lib.ps1'
[4.618s] INFO:colcon.colcon_core.shell:Creating environment descriptor '/home/fastbot/ros2_ws/install/serial_motor_msgs/share/serial_motor_msgs/hook/ld_library_path_lib.dsv'
[4.620s] INFO:colcon.colcon_core.shell:Creating environment hook '/home/fastbot/ros2_ws/install/serial_motor_msgs/share/serial_motor_msgs/hook/ld_library_path_lib.sh'
[4.622s] Level 1:colcon.colcon_core.environment:checking '/home/fastbot/ros2_ws/install/serial_motor_msgs/bin'
[4.622s] Level 1:colcon.colcon_core.environment:checking '/home/fastbot/ros2_ws/install/serial_motor_msgs/lib/pkgconfig/serial_motor_msgs.pc'
[4.623s] Level 1:colcon.colcon_core.environment:checking '/home/fastbot/ros2_ws/install/serial_motor_msgs/lib/python3.10/site-packages'
[4.624s] Level 1:colcon.colcon_core.environment:checking '/home/fastbot/ros2_ws/install/serial_motor_msgs/bin'
[4.625s] INFO:colcon.colcon_core.shell:Creating package script '/home/fastbot/ros2_ws/install/serial_motor_msgs/share/serial_motor_msgs/package.ps1'
[4.627s] INFO:colcon.colcon_core.shell:Creating package descriptor '/home/fastbot/ros2_ws/install/serial_motor_msgs/share/serial_motor_msgs/package.dsv'
[4.630s] INFO:colcon.colcon_core.shell:Creating package script '/home/fastbot/ros2_ws/install/serial_motor_msgs/share/serial_motor_msgs/package.sh'
[4.632s] INFO:colcon.colcon_core.shell:Creating package script '/home/fastbot/ros2_ws/install/serial_motor_msgs/share/serial_motor_msgs/package.bash'
[4.634s] INFO:colcon.colcon_core.shell:Creating package script '/home/fastbot/ros2_ws/install/serial_motor_msgs/share/serial_motor_msgs/package.zsh'
[4.636s] Level 1:colcon.colcon_core.environment:create_file_with_runtime_dependencies(/home/fastbot/ros2_ws/install/serial_motor_msgs/share/colcon-core/packages/serial_motor_msgs)
[4.638s] INFO:colcon.colcon_ros.task.ament_python.build:Building ROS package in '/home/fastbot/ros2_ws/src/serial_motor' with build type 'ament_python'
[4.639s] Level 1:colcon.colcon_core.shell:create_environment_hook('serial_motor', 'ament_prefix_path')
[4.640s] INFO:colcon.colcon_core.shell:Creating environment hook '/home/fastbot/ros2_ws/install/serial_motor/share/serial_motor/hook/ament_prefix_path.ps1'
[4.643s] INFO:colcon.colcon_core.shell:Creating environment descriptor '/home/fastbot/ros2_ws/install/serial_motor/share/serial_motor/hook/ament_prefix_path.dsv'
[4.646s] INFO:colcon.colcon_core.shell:Creating environment hook '/home/fastbot/ros2_ws/install/serial_motor/share/serial_motor/hook/ament_prefix_path.sh'
[4.649s] INFO:colcon.colcon_core.shell:Skip shell extension 'powershell' for command environment: Not usable outside of PowerShell
[4.649s] DEBUG:colcon.colcon_core.shell:Skip shell extension 'dsv' for command environment
[4.669s] Level 1:colcon.colcon_core.environment:create_environment_scripts_only(lslidar_msgs)
[4.670s] Level 1:colcon.colcon_core.environment:checking '/home/fastbot/ros2_ws/install/lslidar_msgs' for CMake module files
[4.672s] DEBUG:colcon.colcon_core.event_handler.log_command:Invoked command in '/home/fastbot/ros2_ws/build/lslidar_msgs' returned '0': CMAKE_PREFIX_PATH=${CMAKE_PREFIX_PATH}:/home/fastbot/ros2_ws/install/serial_motor:/opt/ros/humble /usr/bin/cmake --install /home/fastbot/ros2_ws/build/lslidar_msgs
[4.676s] Level 1:colcon.colcon_core.environment:checking '/home/fastbot/ros2_ws/install/lslidar_msgs' for CMake config files
[4.680s] Level 1:colcon.colcon_core.shell:create_environment_hook('lslidar_msgs', 'cmake_prefix_path')
[4.681s] INFO:colcon.colcon_core.shell:Creating environment hook '/home/fastbot/ros2_ws/install/lslidar_msgs/share/lslidar_msgs/hook/cmake_prefix_path.ps1'
[4.683s] INFO:colcon.colcon_core.shell:Creating environment descriptor '/home/fastbot/ros2_ws/install/lslidar_msgs/share/lslidar_msgs/hook/cmake_prefix_path.dsv'
[4.685s] INFO:colcon.colcon_core.shell:Creating environment hook '/home/fastbot/ros2_ws/install/lslidar_msgs/share/lslidar_msgs/hook/cmake_prefix_path.sh'
[4.689s] Level 1:colcon.colcon_core.environment:checking '/home/fastbot/ros2_ws/install/lslidar_msgs/lib'
[4.689s] Level 1:colcon.colcon_core.shell:create_environment_hook('lslidar_msgs', 'ld_library_path_lib')
[4.690s] INFO:colcon.colcon_core.shell:Creating environment hook '/home/fastbot/ros2_ws/install/lslidar_msgs/share/lslidar_msgs/hook/ld_library_path_lib.ps1'
[4.692s] INFO:colcon.colcon_core.shell:Creating environment descriptor '/home/fastbot/ros2_ws/install/lslidar_msgs/share/lslidar_msgs/hook/ld_library_path_lib.dsv'
[4.694s] INFO:colcon.colcon_core.shell:Creating environment hook '/home/fastbot/ros2_ws/install/lslidar_msgs/share/lslidar_msgs/hook/ld_library_path_lib.sh'
[4.696s] Level 1:colcon.colcon_core.environment:checking '/home/fastbot/ros2_ws/install/lslidar_msgs/bin'
[4.696s] Level 1:colcon.colcon_core.environment:checking '/home/fastbot/ros2_ws/install/lslidar_msgs/lib/pkgconfig/lslidar_msgs.pc'
[4.697s] Level 1:colcon.colcon_core.environment:checking '/home/fastbot/ros2_ws/install/lslidar_msgs/lib/python3.10/site-packages'
[4.698s] Level 1:colcon.colcon_core.environment:checking '/home/fastbot/ros2_ws/install/lslidar_msgs/bin'
[4.699s] INFO:colcon.colcon_core.shell:Creating package script '/home/fastbot/ros2_ws/install/lslidar_msgs/share/lslidar_msgs/package.ps1'
[4.701s] INFO:colcon.colcon_core.shell:Creating package descriptor '/home/fastbot/ros2_ws/install/lslidar_msgs/share/lslidar_msgs/package.dsv'
[4.704s] INFO:colcon.colcon_core.shell:Creating package script '/home/fastbot/ros2_ws/install/lslidar_msgs/share/lslidar_msgs/package.sh'
[4.706s] INFO:colcon.colcon_core.shell:Creating package script '/home/fastbot/ros2_ws/install/lslidar_msgs/share/lslidar_msgs/package.bash'
[4.708s] INFO:colcon.colcon_core.shell:Creating package script '/home/fastbot/ros2_ws/install/lslidar_msgs/share/lslidar_msgs/package.zsh'
[4.710s] Level 1:colcon.colcon_core.environment:create_file_with_runtime_dependencies(/home/fastbot/ros2_ws/install/lslidar_msgs/share/colcon-core/packages/lslidar_msgs)
[4.712s] Level 1:colcon.colcon_core.environment:create_environment_scripts_only(lslidar_msgs)
[4.713s] Level 1:colcon.colcon_core.environment:checking '/home/fastbot/ros2_ws/install/lslidar_msgs' for CMake module files
[4.717s] Level 1:colcon.colcon_core.environment:checking '/home/fastbot/ros2_ws/install/lslidar_msgs' for CMake config files
[4.720s] Level 1:colcon.colcon_core.shell:create_environment_hook('lslidar_msgs', 'cmake_prefix_path')
[4.721s] INFO:colcon.colcon_core.shell:Creating environment hook '/home/fastbot/ros2_ws/install/lslidar_msgs/share/lslidar_msgs/hook/cmake_prefix_path.ps1'
[4.723s] INFO:colcon.colcon_core.shell:Creating environment descriptor '/home/fastbot/ros2_ws/install/lslidar_msgs/share/lslidar_msgs/hook/cmake_prefix_path.dsv'
[4.725s] INFO:colcon.colcon_core.shell:Creating environment hook '/home/fastbot/ros2_ws/install/lslidar_msgs/share/lslidar_msgs/hook/cmake_prefix_path.sh'
[4.727s] Level 1:colcon.colcon_core.environment:checking '/home/fastbot/ros2_ws/install/lslidar_msgs/lib'
[4.728s] Level 1:colcon.colcon_core.shell:create_environment_hook('lslidar_msgs', 'ld_library_path_lib')
[4.729s] INFO:colcon.colcon_core.shell:Creating environment hook '/home/fastbot/ros2_ws/install/lslidar_msgs/share/lslidar_msgs/hook/ld_library_path_lib.ps1'
[4.731s] INFO:colcon.colcon_core.shell:Creating environment descriptor '/home/fastbot/ros2_ws/install/lslidar_msgs/share/lslidar_msgs/hook/ld_library_path_lib.dsv'
[4.733s] INFO:colcon.colcon_core.shell:Creating environment hook '/home/fastbot/ros2_ws/install/lslidar_msgs/share/lslidar_msgs/hook/ld_library_path_lib.sh'
[4.735s] Level 1:colcon.colcon_core.environment:checking '/home/fastbot/ros2_ws/install/lslidar_msgs/bin'
[4.735s] Level 1:colcon.colcon_core.environment:checking '/home/fastbot/ros2_ws/install/lslidar_msgs/lib/pkgconfig/lslidar_msgs.pc'
[4.736s] Level 1:colcon.colcon_core.environment:checking '/home/fastbot/ros2_ws/install/lslidar_msgs/lib/python3.10/site-packages'
[4.737s] Level 1:colcon.colcon_core.environment:checking '/home/fastbot/ros2_ws/install/lslidar_msgs/bin'
[4.738s] INFO:colcon.colcon_core.shell:Creating package script '/home/fastbot/ros2_ws/install/lslidar_msgs/share/lslidar_msgs/package.ps1'
[4.740s] INFO:colcon.colcon_core.shell:Creating package descriptor '/home/fastbot/ros2_ws/install/lslidar_msgs/share/lslidar_msgs/package.dsv'
[4.743s] INFO:colcon.colcon_core.shell:Creating package script '/home/fastbot/ros2_ws/install/lslidar_msgs/share/lslidar_msgs/package.sh'
[4.746s] INFO:colcon.colcon_core.shell:Creating package script '/home/fastbot/ros2_ws/install/lslidar_msgs/share/lslidar_msgs/package.bash'
[4.749s] INFO:colcon.colcon_core.shell:Creating package script '/home/fastbot/ros2_ws/install/lslidar_msgs/share/lslidar_msgs/package.zsh'
[4.751s] Level 1:colcon.colcon_core.environment:create_file_with_runtime_dependencies(/home/fastbot/ros2_ws/install/lslidar_msgs/share/colcon-core/packages/lslidar_msgs)
[4.755s] INFO:colcon.colcon_ros.task.ament_cmake.build:Building ROS package in '/home/fastbot/ros2_ws/src/Lslidar_ROS2_driver/lslidar_driver' with build type 'ament_cmake'
[4.755s] INFO:colcon.colcon_cmake.task.cmake.build:Building CMake package in '/home/fastbot/ros2_ws/src/Lslidar_ROS2_driver/lslidar_driver'
[4.756s] INFO:colcon.colcon_core.shell:Skip shell extension 'powershell' for command environment: Not usable outside of PowerShell
[4.756s] DEBUG:colcon.colcon_core.shell:Skip shell extension 'dsv' for command environment
[5.911s] INFO:colcon.colcon_core.task.python.build:Building Python package in '/home/fastbot/ros2_ws/src/serial_motor'
[5.912s] INFO:colcon.colcon_core.shell:Skip shell extension 'powershell' for command environment: Not usable outside of PowerShell
[5.913s] DEBUG:colcon.colcon_core.shell:Skip shell extension 'dsv' for command environment
[5.953s] DEBUG:colcon.colcon_core.event_handler.log_command:Invoking command in '/home/fastbot/ros2_ws/build/lslidar_driver': CMAKE_PREFIX_PATH=/home/fastbot/ros2_ws/install/lslidar_msgs:/home/fastbot/ros2_ws/install/serial_motor_msgs:/home/fastbot/ros2_ws/install/lslidar_driver:/home/fastbot/ros2_ws/install/fastbot_description:/home/fastbot/ros2_ws/install/fastbot_bringup:/home/fastbot/ros2_ws/install/serial_motor:/opt/ros/humble LD_LIBRARY_PATH=/home/fastbot/ros2_ws/install/lslidar_msgs/lib:/home/fastbot/ros2_ws/install/serial_motor_msgs/lib:/opt/ros/humble/opt/rviz_ogre_vendor/lib:/opt/ros/humble/lib/aarch64-linux-gnu:/opt/ros/humble/lib /usr/bin/cmake --build /home/fastbot/ros2_ws/build/lslidar_driver -- -j4 -l4
[6.332s] DEBUG:colcon.colcon_core.event_handler.log_command:Invoked command in '/home/fastbot/ros2_ws/build/lslidar_driver' returned '0': CMAKE_PREFIX_PATH=/home/fastbot/ros2_ws/install/lslidar_msgs:/home/fastbot/ros2_ws/install/serial_motor_msgs:/home/fastbot/ros2_ws/install/lslidar_driver:/home/fastbot/ros2_ws/install/fastbot_description:/home/fastbot/ros2_ws/install/fastbot_bringup:/home/fastbot/ros2_ws/install/serial_motor:/opt/ros/humble LD_LIBRARY_PATH=/home/fastbot/ros2_ws/install/lslidar_msgs/lib:/home/fastbot/ros2_ws/install/serial_motor_msgs/lib:/opt/ros/humble/opt/rviz_ogre_vendor/lib:/opt/ros/humble/lib/aarch64-linux-gnu:/opt/ros/humble/lib /usr/bin/cmake --build /home/fastbot/ros2_ws/build/lslidar_driver -- -j4 -l4
[6.342s] DEBUG:colcon.colcon_core.event_handler.log_command:Invoking command in '/home/fastbot/ros2_ws/build/lslidar_driver': CMAKE_PREFIX_PATH=/home/fastbot/ros2_ws/install/lslidar_msgs:/home/fastbot/ros2_ws/install/serial_motor_msgs:/home/fastbot/ros2_ws/install/lslidar_driver:/home/fastbot/ros2_ws/install/fastbot_description:/home/fastbot/ros2_ws/install/fastbot_bringup:/home/fastbot/ros2_ws/install/serial_motor:/opt/ros/humble LD_LIBRARY_PATH=/home/fastbot/ros2_ws/install/lslidar_msgs/lib:/home/fastbot/ros2_ws/install/serial_motor_msgs/lib:/opt/ros/humble/opt/rviz_ogre_vendor/lib:/opt/ros/humble/lib/aarch64-linux-gnu:/opt/ros/humble/lib /usr/bin/cmake --install /home/fastbot/ros2_ws/build/lslidar_driver
[6.389s] Level 1:colcon.colcon_core.environment:create_environment_scripts_only(lslidar_driver)
[6.390s] Level 1:colcon.colcon_core.environment:checking '/home/fastbot/ros2_ws/install/lslidar_driver' for CMake module files
[6.392s] DEBUG:colcon.colcon_core.event_handler.log_command:Invoked command in '/home/fastbot/ros2_ws/build/lslidar_driver' returned '0': CMAKE_PREFIX_PATH=/home/fastbot/ros2_ws/install/lslidar_msgs:/home/fastbot/ros2_ws/install/serial_motor_msgs:/home/fastbot/ros2_ws/install/lslidar_driver:/home/fastbot/ros2_ws/install/fastbot_description:/home/fastbot/ros2_ws/install/fastbot_bringup:/home/fastbot/ros2_ws/install/serial_motor:/opt/ros/humble LD_LIBRARY_PATH=/home/fastbot/ros2_ws/install/lslidar_msgs/lib:/home/fastbot/ros2_ws/install/serial_motor_msgs/lib:/opt/ros/humble/opt/rviz_ogre_vendor/lib:/opt/ros/humble/lib/aarch64-linux-gnu:/opt/ros/humble/lib /usr/bin/cmake --install /home/fastbot/ros2_ws/build/lslidar_driver
[6.394s] Level 1:colcon.colcon_core.environment:checking '/home/fastbot/ros2_ws/install/lslidar_driver' for CMake config files
[6.396s] Level 1:colcon.colcon_core.shell:create_environment_hook('lslidar_driver', 'cmake_prefix_path')
[6.397s] INFO:colcon.colcon_core.shell:Creating environment hook '/home/fastbot/ros2_ws/install/lslidar_driver/share/lslidar_driver/hook/cmake_prefix_path.ps1'
[6.399s] INFO:colcon.colcon_core.shell:Creating environment descriptor '/home/fastbot/ros2_ws/install/lslidar_driver/share/lslidar_driver/hook/cmake_prefix_path.dsv'
[6.401s] INFO:colcon.colcon_core.shell:Creating environment hook '/home/fastbot/ros2_ws/install/lslidar_driver/share/lslidar_driver/hook/cmake_prefix_path.sh'
[6.404s] Level 1:colcon.colcon_core.environment:checking '/home/fastbot/ros2_ws/install/lslidar_driver/lib'
[6.405s] Level 1:colcon.colcon_core.environment:checking '/home/fastbot/ros2_ws/install/lslidar_driver/bin'
[6.405s] Level 1:colcon.colcon_core.environment:checking '/home/fastbot/ros2_ws/install/lslidar_driver/lib/pkgconfig/lslidar_driver.pc'
[6.406s] Level 1:colcon.colcon_core.environment:checking '/home/fastbot/ros2_ws/install/lslidar_driver/lib/python3.10/site-packages'
[6.407s] Level 1:colcon.colcon_core.environment:checking '/home/fastbot/ros2_ws/install/lslidar_driver/bin'
[6.408s] INFO:colcon.colcon_core.shell:Creating package script '/home/fastbot/ros2_ws/install/lslidar_driver/share/lslidar_driver/package.ps1'
[6.411s] INFO:colcon.colcon_core.shell:Creating package descriptor '/home/fastbot/ros2_ws/install/lslidar_driver/share/lslidar_driver/package.dsv'
[6.413s] INFO:colcon.colcon_core.shell:Creating package script '/home/fastbot/ros2_ws/install/lslidar_driver/share/lslidar_driver/package.sh'
[6.415s] INFO:colcon.colcon_core.shell:Creating package script '/home/fastbot/ros2_ws/install/lslidar_driver/share/lslidar_driver/package.bash'
[6.417s] INFO:colcon.colcon_core.shell:Creating package script '/home/fastbot/ros2_ws/install/lslidar_driver/share/lslidar_driver/package.zsh'
[6.419s] Level 1:colcon.colcon_core.environment:create_file_with_runtime_dependencies(/home/fastbot/ros2_ws/install/lslidar_driver/share/colcon-core/packages/lslidar_driver)
[6.422s] Level 1:colcon.colcon_core.environment:create_environment_scripts_only(lslidar_driver)
[6.423s] Level 1:colcon.colcon_core.environment:checking '/home/fastbot/ros2_ws/install/lslidar_driver' for CMake module files
[6.426s] Level 1:colcon.colcon_core.environment:checking '/home/fastbot/ros2_ws/install/lslidar_driver' for CMake config files
[6.428s] Level 1:colcon.colcon_core.shell:create_environment_hook('lslidar_driver', 'cmake_prefix_path')
[6.428s] INFO:colcon.colcon_core.shell:Creating environment hook '/home/fastbot/ros2_ws/install/lslidar_driver/share/lslidar_driver/hook/cmake_prefix_path.ps1'
[6.431s] INFO:colcon.colcon_core.shell:Creating environment descriptor '/home/fastbot/ros2_ws/install/lslidar_driver/share/lslidar_driver/hook/cmake_prefix_path.dsv'
[6.432s] INFO:colcon.colcon_core.shell:Creating environment hook '/home/fastbot/ros2_ws/install/lslidar_driver/share/lslidar_driver/hook/cmake_prefix_path.sh'
[6.435s] Level 1:colcon.colcon_core.environment:checking '/home/fastbot/ros2_ws/install/lslidar_driver/lib'
[6.436s] Level 1:colcon.colcon_core.environment:checking '/home/fastbot/ros2_ws/install/lslidar_driver/bin'
[6.436s] Level 1:colcon.colcon_core.environment:checking '/home/fastbot/ros2_ws/install/lslidar_driver/lib/pkgconfig/lslidar_driver.pc'
[6.437s] Level 1:colcon.colcon_core.environment:checking '/home/fastbot/ros2_ws/install/lslidar_driver/lib/python3.10/site-packages'
[6.438s] Level 1:colcon.colcon_core.environment:checking '/home/fastbot/ros2_ws/install/lslidar_driver/bin'
[6.439s] INFO:colcon.colcon_core.shell:Creating package script '/home/fastbot/ros2_ws/install/lslidar_driver/share/lslidar_driver/package.ps1'
[6.442s] INFO:colcon.colcon_core.shell:Creating package descriptor '/home/fastbot/ros2_ws/install/lslidar_driver/share/lslidar_driver/package.dsv'
[6.444s] INFO:colcon.colcon_core.shell:Creating package script '/home/fastbot/ros2_ws/install/lslidar_driver/share/lslidar_driver/package.sh'
[6.446s] INFO:colcon.colcon_core.shell:Creating package script '/home/fastbot/ros2_ws/install/lslidar_driver/share/lslidar_driver/package.bash'
[6.449s] INFO:colcon.colcon_core.shell:Creating package script '/home/fastbot/ros2_ws/install/lslidar_driver/share/lslidar_driver/package.zsh'
[6.451s] Level 1:colcon.colcon_core.environment:create_file_with_runtime_dependencies(/home/fastbot/ros2_ws/install/lslidar_driver/share/colcon-core/packages/lslidar_driver)
[7.593s] DEBUG:colcon.colcon_core.event_handler.log_command:Invoking command in '/home/fastbot/ros2_ws/src/serial_motor': PYTHONPATH=/home/fastbot/ros2_ws/build/serial_motor/prefix_override:/usr/lib/python3/dist-packages/colcon_core/task/python/colcon_distutils_commands:/home/fastbot/ros2_ws/install/serial_motor/lib/python3.10/site-packages:${PYTHONPATH} /usr/bin/python3 -W ignore:setup.py install is deprecated -W ignore:easy_install command is deprecated setup.py egg_info --egg-base ../../build/serial_motor build --build-base /home/fastbot/ros2_ws/build/serial_motor/build install --record /home/fastbot/ros2_ws/build/serial_motor/install.log --single-version-externally-managed install_data
[8.889s] Level 1:colcon.colcon_core.environment:checking '/home/fastbot/ros2_ws/install/serial_motor' for CMake module files
[8.891s] DEBUG:colcon.colcon_core.event_handler.log_command:Invoked command in '/home/fastbot/ros2_ws/src/serial_motor' returned '0': PYTHONPATH=/home/fastbot/ros2_ws/build/serial_motor/prefix_override:/usr/lib/python3/dist-packages/colcon_core/task/python/colcon_distutils_commands:/home/fastbot/ros2_ws/install/serial_motor/lib/python3.10/site-packages:${PYTHONPATH} /usr/bin/python3 -W ignore:setup.py install is deprecated -W ignore:easy_install command is deprecated setup.py egg_info --egg-base ../../build/serial_motor build --build-base /home/fastbot/ros2_ws/build/serial_motor/build install --record /home/fastbot/ros2_ws/build/serial_motor/install.log --single-version-externally-managed install_data
[8.893s] Level 1:colcon.colcon_core.environment:checking '/home/fastbot/ros2_ws/install/serial_motor' for CMake config files
[8.896s] Level 1:colcon.colcon_core.environment:checking '/home/fastbot/ros2_ws/install/serial_motor/lib'
[8.897s] Level 1:colcon.colcon_core.environment:checking '/home/fastbot/ros2_ws/install/serial_motor/bin'
[8.897s] Level 1:colcon.colcon_core.environment:checking '/home/fastbot/ros2_ws/install/serial_motor/lib/pkgconfig/serial_motor.pc'
[8.898s] Level 1:colcon.colcon_core.environment:checking '/home/fastbot/ros2_ws/install/serial_motor/lib/python3.10/site-packages'
[8.898s] Level 1:colcon.colcon_core.shell:create_environment_hook('serial_motor', 'pythonpath')
[8.899s] INFO:colcon.colcon_core.shell:Creating environment hook '/home/fastbot/ros2_ws/install/serial_motor/share/serial_motor/hook/pythonpath.ps1'
[8.901s] INFO:colcon.colcon_core.shell:Creating environment descriptor '/home/fastbot/ros2_ws/install/serial_motor/share/serial_motor/hook/pythonpath.dsv'
[8.903s] INFO:colcon.colcon_core.shell:Creating environment hook '/home/fastbot/ros2_ws/install/serial_motor/share/serial_motor/hook/pythonpath.sh'
[8.905s] Level 1:colcon.colcon_core.environment:checking '/home/fastbot/ros2_ws/install/serial_motor/bin'
[8.906s] Level 1:colcon.colcon_core.environment:create_environment_scripts_only(serial_motor)
[8.907s] INFO:colcon.colcon_core.shell:Creating package script '/home/fastbot/ros2_ws/install/serial_motor/share/serial_motor/package.ps1'
[8.909s] INFO:colcon.colcon_core.shell:Creating package descriptor '/home/fastbot/ros2_ws/install/serial_motor/share/serial_motor/package.dsv'
[8.912s] INFO:colcon.colcon_core.shell:Creating package script '/home/fastbot/ros2_ws/install/serial_motor/share/serial_motor/package.sh'
[8.914s] INFO:colcon.colcon_core.shell:Creating package script '/home/fastbot/ros2_ws/install/serial_motor/share/serial_motor/package.bash'
[8.916s] INFO:colcon.colcon_core.shell:Creating package script '/home/fastbot/ros2_ws/install/serial_motor/share/serial_motor/package.zsh'
[8.917s] Level 1:colcon.colcon_core.environment:create_file_with_runtime_dependencies(/home/fastbot/ros2_ws/install/serial_motor/share/colcon-core/packages/serial_motor)
[8.918s] DEBUG:colcon.colcon_parallel_executor.executor.parallel:closing loop
[8.920s] DEBUG:colcon.colcon_parallel_executor.executor.parallel:loop closed
[8.920s] DEBUG:colcon.colcon_parallel_executor.executor.parallel:run_until_complete finished with '0'
[8.921s] DEBUG:colcon.colcon_core.event_reactor:joining thread
[8.941s] INFO:colcon.colcon_core.plugin_system:Skipping extension 'colcon_notification.desktop_notification.notify_send': Could not find 'notify-send'
[8.942s] INFO:colcon.colcon_core.plugin_system:Skipping extension 'colcon_notification.desktop_notification.terminal_notifier': Not used on non-Darwin systems
[8.942s] INFO:colcon.colcon_core.plugin_system:Skipping extension 'colcon_notification.desktop_notification.win32': Not used on non-Windows systems
[8.942s] INFO:colcon.colcon_notification.desktop_notification:Sending desktop notification using 'notify2'
[8.945s] DEBUG:colcon.colcon_notification.desktop_notification.notify2:Failed to initialize notify2: org.freedesktop.DBus.Error.ServiceUnknown: The name org.freedesktop.Notifications was not provided by any .service files
[8.945s] DEBUG:colcon.colcon_core.event_reactor:joined thread
[8.946s] INFO:colcon.colcon_core.shell:Creating prefix script '/home/fastbot/ros2_ws/install/local_setup.ps1'
[8.950s] INFO:colcon.colcon_core.shell:Creating prefix util module '/home/fastbot/ros2_ws/install/_local_setup_util_ps1.py'
[8.956s] INFO:colcon.colcon_core.shell:Creating prefix chain script '/home/fastbot/ros2_ws/install/setup.ps1'
[8.963s] INFO:colcon.colcon_core.shell:Creating prefix script '/home/fastbot/ros2_ws/install/local_setup.sh'
[8.966s] INFO:colcon.colcon_core.shell:Creating prefix util module '/home/fastbot/ros2_ws/install/_local_setup_util_sh.py'
[8.969s] INFO:colcon.colcon_core.shell:Creating prefix chain script '/home/fastbot/ros2_ws/install/setup.sh'
[8.975s] INFO:colcon.colcon_core.shell:Creating prefix script '/home/fastbot/ros2_ws/install/local_setup.bash'
[8.977s] INFO:colcon.colcon_core.shell:Creating prefix chain script '/home/fastbot/ros2_ws/install/setup.bash'
[8.982s] INFO:colcon.colcon_core.shell:Creating prefix script '/home/fastbot/ros2_ws/install/local_setup.zsh'
[8.984s] INFO:colcon.colcon_core.shell:Creating prefix chain script '/home/fastbot/ros2_ws/install/setup.zsh'
