[0.461s] DEBUG:colcon:Command line arguments: ['/usr/bin/colcon', 'build']
[0.461s] DEBUG:colcon:Parsed command line arguments: Namespace(log_base=None, log_level=None, verb_name='build', build_base='build', install_base='install', merge_install=False, symlink_install=False, test_result_base=None, continue_on_error=False, executor='parallel', parallel_workers=4, event_handlers=None, ignore_user_meta=False, metas=['./colcon.meta'], base_paths=['.'], packages_ignore=None, packages_ignore_regex=None, paths=None, packages_up_to=None, packages_up_to_regex=None, packages_above=None, packages_above_and_dependencies=None, packages_above_depth=None, packages_select_by_dep=None, packages_skip_by_dep=None, packages_skip_up_to=None, packages_select_build_failed=False, packages_skip_build_finished=False, packages_select_test_failures=False, packages_skip_test_passed=False, packages_select=None, packages_skip=None, packages_select_regex=None, packages_skip_regex=None, packages_start=None, packages_end=None, allow_overriding=[], cmake_args=None, cmake_target=None, cmake_target_skip_unavailable=False, cmake_clean_cache=False, cmake_clean_first=False, cmake_force_configure=False, ament_cmake_args=None, catkin_cmake_args=None, catkin_skip_building_tests=False, verb_parser=<colcon_defaults.argument_parser.defaults.DefaultArgumentsDecorator object at 0xffff9a6c14b0>, verb_extension=<colcon_core.verb.build.BuildVerb object at 0xffff9a856920>, main=<bound method BuildVerb.main of <colcon_core.verb.build.BuildVerb object at 0xffff9a856920>>)
[1.265s] Level 1:colcon.colcon_core.package_discovery:discover_packages(colcon_meta) check parameters
[1.266s] Level 1:colcon.colcon_core.package_discovery:discover_packages(recursive) check parameters
[1.271s] Level 1:colcon.colcon_core.package_discovery:discover_packages(ignore) check parameters
[1.271s] Level 1:colcon.colcon_core.package_discovery:discover_packages(path) check parameters
[1.271s] Level 1:colcon.colcon_core.package_discovery:discover_packages(colcon_meta) discover
[1.271s] Level 1:colcon.colcon_core.package_discovery:discover_packages(recursive) discover
[1.271s] INFO:colcon.colcon_core.package_discovery:Crawling recursively for packages in '/home/fastbot/ros2_ws/real'
[1.272s] Level 1:colcon.colcon_core.package_identification:_identify(.) by extensions ['ignore', 'ignore_ament_install']
[1.274s] Level 1:colcon.colcon_core.package_identification:_identify(.) by extension 'ignore'
[1.275s] Level 1:colcon.colcon_core.package_identification:_identify(.) by extension 'ignore_ament_install'
[1.275s] Level 1:colcon.colcon_core.package_identification:_identify(.) by extensions ['colcon_pkg']
[1.275s] Level 1:colcon.colcon_core.package_identification:_identify(.) by extension 'colcon_pkg'
[1.275s] Level 1:colcon.colcon_core.package_identification:_identify(.) by extensions ['colcon_meta']
[1.275s] Level 1:colcon.colcon_core.package_identification:_identify(.) by extension 'colcon_meta'
[1.276s] Level 1:colcon.colcon_core.package_identification:_identify(.) by extensions ['ros']
[1.276s] Level 1:colcon.colcon_core.package_identification:_identify(.) by extension 'ros'
[1.321s] Level 1:colcon.colcon_core.package_identification:_identify(.) by extensions ['cmake', 'python']
[1.322s] Level 1:colcon.colcon_core.package_identification:_identify(.) by extension 'cmake'
[1.322s] Level 1:colcon.colcon_core.package_identification:_identify(.) by extension 'python'
[1.322s] Level 1:colcon.colcon_core.package_identification:_identify(.) by extensions ['python_setup_py']
[1.322s] Level 1:colcon.colcon_core.package_identification:_identify(.) by extension 'python_setup_py'
[1.323s] Level 1:colcon.colcon_core.package_identification:_identify(build) by extensions ['ignore', 'ignore_ament_install']
[1.323s] Level 1:colcon.colcon_core.package_identification:_identify(build) by extension 'ignore'
[1.323s] Level 1:colcon.colcon_core.package_identification:_identify(build) ignored
[1.324s] Level 1:colcon.colcon_core.package_identification:_identify(install) by extensions ['ignore', 'ignore_ament_install']
[1.324s] Level 1:colcon.colcon_core.package_identification:_identify(install) by extension 'ignore'
[1.325s] Level 1:colcon.colcon_core.package_identification:_identify(install) ignored
[1.325s] Level 1:colcon.colcon_core.package_identification:_identify(log) by extensions ['ignore', 'ignore_ament_install']
[1.326s] Level 1:colcon.colcon_core.package_identification:_identify(log) by extension 'ignore'
[1.326s] Level 1:colcon.colcon_core.package_identification:_identify(log) ignored
[1.326s] Level 1:colcon.colcon_core.package_identification:_identify(ros2_ws) by extensions ['ignore', 'ignore_ament_install']
[1.326s] Level 1:colcon.colcon_core.package_identification:_identify(ros2_ws) by extension 'ignore'
[1.327s] Level 1:colcon.colcon_core.package_identification:_identify(ros2_ws) by extension 'ignore_ament_install'
[1.327s] Level 1:colcon.colcon_core.package_identification:_identify(ros2_ws) by extensions ['colcon_pkg']
[1.327s] Level 1:colcon.colcon_core.package_identification:_identify(ros2_ws) by extension 'colcon_pkg'
[1.327s] Level 1:colcon.colcon_core.package_identification:_identify(ros2_ws) by extensions ['colcon_meta']
[1.327s] Level 1:colcon.colcon_core.package_identification:_identify(ros2_ws) by extension 'colcon_meta'
[1.327s] Level 1:colcon.colcon_core.package_identification:_identify(ros2_ws) by extensions ['ros']
[1.327s] Level 1:colcon.colcon_core.package_identification:_identify(ros2_ws) by extension 'ros'
[1.328s] Level 1:colcon.colcon_core.package_identification:_identify(ros2_ws) by extensions ['cmake', 'python']
[1.328s] Level 1:colcon.colcon_core.package_identification:_identify(ros2_ws) by extension 'cmake'
[1.328s] Level 1:colcon.colcon_core.package_identification:_identify(ros2_ws) by extension 'python'
[1.328s] Level 1:colcon.colcon_core.package_identification:_identify(ros2_ws) by extensions ['python_setup_py']
[1.328s] Level 1:colcon.colcon_core.package_identification:_identify(ros2_ws) by extension 'python_setup_py'
[1.329s] Level 1:colcon.colcon_core.package_identification:_identify(src) by extensions ['ignore', 'ignore_ament_install']
[1.329s] Level 1:colcon.colcon_core.package_identification:_identify(src) by extension 'ignore'
[1.329s] Level 1:colcon.colcon_core.package_identification:_identify(src) by extension 'ignore_ament_install'
[1.329s] Level 1:colcon.colcon_core.package_identification:_identify(src) by extensions ['colcon_pkg']
[1.330s] Level 1:colcon.colcon_core.package_identification:_identify(src) by extension 'colcon_pkg'
[1.330s] Level 1:colcon.colcon_core.package_identification:_identify(src) by extensions ['colcon_meta']
[1.330s] Level 1:colcon.colcon_core.package_identification:_identify(src) by extension 'colcon_meta'
[1.330s] Level 1:colcon.colcon_core.package_identification:_identify(src) by extensions ['ros']
[1.330s] Level 1:colcon.colcon_core.package_identification:_identify(src) by extension 'ros'
[1.330s] Level 1:colcon.colcon_core.package_identification:_identify(src) by extensions ['cmake', 'python']
[1.331s] Level 1:colcon.colcon_core.package_identification:_identify(src) by extension 'cmake'
[1.331s] Level 1:colcon.colcon_core.package_identification:_identify(src) by extension 'python'
[1.331s] Level 1:colcon.colcon_core.package_identification:_identify(src) by extensions ['python_setup_py']
[1.331s] Level 1:colcon.colcon_core.package_identification:_identify(src) by extension 'python_setup_py'
[1.331s] Level 1:colcon.colcon_core.package_identification:_identify(src/Lslidar_ROS2_driver) by extensions ['ignore', 'ignore_ament_install']
[1.332s] Level 1:colcon.colcon_core.package_identification:_identify(src/Lslidar_ROS2_driver) by extension 'ignore'
[1.332s] Level 1:colcon.colcon_core.package_identification:_identify(src/Lslidar_ROS2_driver) by extension 'ignore_ament_install'
[1.332s] Level 1:colcon.colcon_core.package_identification:_identify(src/Lslidar_ROS2_driver) by extensions ['colcon_pkg']
[1.332s] Level 1:colcon.colcon_core.package_identification:_identify(src/Lslidar_ROS2_driver) by extension 'colcon_pkg'
[1.332s] Level 1:colcon.colcon_core.package_identification:_identify(src/Lslidar_ROS2_driver) by extensions ['colcon_meta']
[1.333s] Level 1:colcon.colcon_core.package_identification:_identify(src/Lslidar_ROS2_driver) by extension 'colcon_meta'
[1.333s] Level 1:colcon.colcon_core.package_identification:_identify(src/Lslidar_ROS2_driver) by extensions ['ros']
[1.333s] Level 1:colcon.colcon_core.package_identification:_identify(src/Lslidar_ROS2_driver) by extension 'ros'
[1.333s] Level 1:colcon.colcon_core.package_identification:_identify(src/Lslidar_ROS2_driver) by extensions ['cmake', 'python']
[1.333s] Level 1:colcon.colcon_core.package_identification:_identify(src/Lslidar_ROS2_driver) by extension 'cmake'
[1.333s] Level 1:colcon.colcon_core.package_identification:_identify(src/Lslidar_ROS2_driver) by extension 'python'
[1.334s] Level 1:colcon.colcon_core.package_identification:_identify(src/Lslidar_ROS2_driver) by extensions ['python_setup_py']
[1.334s] Level 1:colcon.colcon_core.package_identification:_identify(src/Lslidar_ROS2_driver) by extension 'python_setup_py'
[1.334s] Level 1:colcon.colcon_core.package_identification:_identify(src/Lslidar_ROS2_driver/lslidar_driver) by extensions ['ignore', 'ignore_ament_install']
[1.334s] Level 1:colcon.colcon_core.package_identification:_identify(src/Lslidar_ROS2_driver/lslidar_driver) by extension 'ignore'
[1.335s] Level 1:colcon.colcon_core.package_identification:_identify(src/Lslidar_ROS2_driver/lslidar_driver) by extension 'ignore_ament_install'
[1.335s] Level 1:colcon.colcon_core.package_identification:_identify(src/Lslidar_ROS2_driver/lslidar_driver) by extensions ['colcon_pkg']
[1.335s] Level 1:colcon.colcon_core.package_identification:_identify(src/Lslidar_ROS2_driver/lslidar_driver) by extension 'colcon_pkg'
[1.335s] Level 1:colcon.colcon_core.package_identification:_identify(src/Lslidar_ROS2_driver/lslidar_driver) by extensions ['colcon_meta']
[1.335s] Level 1:colcon.colcon_core.package_identification:_identify(src/Lslidar_ROS2_driver/lslidar_driver) by extension 'colcon_meta'
[1.335s] Level 1:colcon.colcon_core.package_identification:_identify(src/Lslidar_ROS2_driver/lslidar_driver) by extensions ['ros']
[1.336s] Level 1:colcon.colcon_core.package_identification:_identify(src/Lslidar_ROS2_driver/lslidar_driver) by extension 'ros'
[1.345s] DEBUG:colcon.colcon_core.package_identification:Package 'src/Lslidar_ROS2_driver/lslidar_driver' with type 'ros.ament_cmake' and name 'lslidar_driver'
[1.345s] Level 1:colcon.colcon_core.package_identification:_identify(src/Lslidar_ROS2_driver/lslidar_msgs) by extensions ['ignore', 'ignore_ament_install']
[1.346s] Level 1:colcon.colcon_core.package_identification:_identify(src/Lslidar_ROS2_driver/lslidar_msgs) by extension 'ignore'
[1.346s] Level 1:colcon.colcon_core.package_identification:_identify(src/Lslidar_ROS2_driver/lslidar_msgs) by extension 'ignore_ament_install'
[1.346s] Level 1:colcon.colcon_core.package_identification:_identify(src/Lslidar_ROS2_driver/lslidar_msgs) by extensions ['colcon_pkg']
[1.346s] Level 1:colcon.colcon_core.package_identification:_identify(src/Lslidar_ROS2_driver/lslidar_msgs) by extension 'colcon_pkg'
[1.346s] Level 1:colcon.colcon_core.package_identification:_identify(src/Lslidar_ROS2_driver/lslidar_msgs) by extensions ['colcon_meta']
[1.347s] Level 1:colcon.colcon_core.package_identification:_identify(src/Lslidar_ROS2_driver/lslidar_msgs) by extension 'colcon_meta'
[1.347s] Level 1:colcon.colcon_core.package_identification:_identify(src/Lslidar_ROS2_driver/lslidar_msgs) by extensions ['ros']
[1.347s] Level 1:colcon.colcon_core.package_identification:_identify(src/Lslidar_ROS2_driver/lslidar_msgs) by extension 'ros'
[1.350s] DEBUG:colcon.colcon_core.package_identification:Package 'src/Lslidar_ROS2_driver/lslidar_msgs' with type 'ros.ament_cmake' and name 'lslidar_msgs'
[1.350s] Level 1:colcon.colcon_core.package_identification:_identify(src/fastbot_bringup) by extensions ['ignore', 'ignore_ament_install']
[1.351s] Level 1:colcon.colcon_core.package_identification:_identify(src/fastbot_bringup) by extension 'ignore'
[1.351s] Level 1:colcon.colcon_core.package_identification:_identify(src/fastbot_bringup) by extension 'ignore_ament_install'
[1.351s] Level 1:colcon.colcon_core.package_identification:_identify(src/fastbot_bringup) by extensions ['colcon_pkg']
[1.351s] Level 1:colcon.colcon_core.package_identification:_identify(src/fastbot_bringup) by extension 'colcon_pkg'
[1.352s] Level 1:colcon.colcon_core.package_identification:_identify(src/fastbot_bringup) by extensions ['colcon_meta']
[1.352s] Level 1:colcon.colcon_core.package_identification:_identify(src/fastbot_bringup) by extension 'colcon_meta'
[1.352s] Level 1:colcon.colcon_core.package_identification:_identify(src/fastbot_bringup) by extensions ['ros']
[1.352s] Level 1:colcon.colcon_core.package_identification:_identify(src/fastbot_bringup) by extension 'ros'
[1.354s] DEBUG:colcon.colcon_core.package_identification:Package 'src/fastbot_bringup' with type 'ros.ament_cmake' and name 'fastbot_bringup'
[1.354s] Level 1:colcon.colcon_core.package_identification:_identify(src/fastbot_description) by extensions ['ignore', 'ignore_ament_install']
[1.355s] Level 1:colcon.colcon_core.package_identification:_identify(src/fastbot_description) by extension 'ignore'
[1.355s] Level 1:colcon.colcon_core.package_identification:_identify(src/fastbot_description) by extension 'ignore_ament_install'
[1.355s] Level 1:colcon.colcon_core.package_identification:_identify(src/fastbot_description) by extensions ['colcon_pkg']
[1.355s] Level 1:colcon.colcon_core.package_identification:_identify(src/fastbot_description) by extension 'colcon_pkg'
[1.355s] Level 1:colcon.colcon_core.package_identification:_identify(src/fastbot_description) by extensions ['colcon_meta']
[1.356s] Level 1:colcon.colcon_core.package_identification:_identify(src/fastbot_description) by extension 'colcon_meta'
[1.356s] Level 1:colcon.colcon_core.package_identification:_identify(src/fastbot_description) by extensions ['ros']
[1.356s] Level 1:colcon.colcon_core.package_identification:_identify(src/fastbot_description) by extension 'ros'
[1.359s] DEBUG:colcon.colcon_core.package_identification:Package 'src/fastbot_description' with type 'ros.ament_cmake' and name 'fastbot_description'
[1.359s] Level 1:colcon.colcon_core.package_identification:_identify(src/fastbot_slam_real) by extensions ['ignore', 'ignore_ament_install']
[1.360s] Level 1:colcon.colcon_core.package_identification:_identify(src/fastbot_slam_real) by extension 'ignore'
[1.360s] Level 1:colcon.colcon_core.package_identification:_identify(src/fastbot_slam_real) by extension 'ignore_ament_install'
[1.360s] Level 1:colcon.colcon_core.package_identification:_identify(src/fastbot_slam_real) by extensions ['colcon_pkg']
[1.360s] Level 1:colcon.colcon_core.package_identification:_identify(src/fastbot_slam_real) by extension 'colcon_pkg'
[1.361s] Level 1:colcon.colcon_core.package_identification:_identify(src/fastbot_slam_real) by extensions ['colcon_meta']
[1.361s] Level 1:colcon.colcon_core.package_identification:_identify(src/fastbot_slam_real) by extension 'colcon_meta'
[1.361s] Level 1:colcon.colcon_core.package_identification:_identify(src/fastbot_slam_real) by extensions ['ros']
[1.361s] Level 1:colcon.colcon_core.package_identification:_identify(src/fastbot_slam_real) by extension 'ros'
[1.363s] DEBUG:colcon.colcon_core.package_identification:Package 'src/fastbot_slam_real' with type 'ros.ament_cmake' and name 'fastbot_slam_real'
[1.363s] Level 1:colcon.colcon_core.package_identification:_identify(src/msg) by extensions ['ignore', 'ignore_ament_install']
[1.364s] Level 1:colcon.colcon_core.package_identification:_identify(src/msg) by extension 'ignore'
[1.364s] Level 1:colcon.colcon_core.package_identification:_identify(src/msg) by extension 'ignore_ament_install'
[1.364s] Level 1:colcon.colcon_core.package_identification:_identify(src/msg) by extensions ['colcon_pkg']
[1.364s] Level 1:colcon.colcon_core.package_identification:_identify(src/msg) by extension 'colcon_pkg'
[1.364s] Level 1:colcon.colcon_core.package_identification:_identify(src/msg) by extensions ['colcon_meta']
[1.365s] Level 1:colcon.colcon_core.package_identification:_identify(src/msg) by extension 'colcon_meta'
[1.365s] Level 1:colcon.colcon_core.package_identification:_identify(src/msg) by extensions ['ros']
[1.365s] Level 1:colcon.colcon_core.package_identification:_identify(src/msg) by extension 'ros'
[1.365s] Level 1:colcon.colcon_core.package_identification:_identify(src/msg) by extensions ['cmake', 'python']
[1.365s] Level 1:colcon.colcon_core.package_identification:_identify(src/msg) by extension 'cmake'
[1.366s] Level 1:colcon.colcon_core.package_identification:_identify(src/msg) by extension 'python'
[1.366s] Level 1:colcon.colcon_core.package_identification:_identify(src/msg) by extensions ['python_setup_py']
[1.366s] Level 1:colcon.colcon_core.package_identification:_identify(src/msg) by extension 'python_setup_py'
[1.366s] Level 1:colcon.colcon_core.package_identification:_identify(src/serial_motor) by extensions ['ignore', 'ignore_ament_install']
[1.367s] Level 1:colcon.colcon_core.package_identification:_identify(src/serial_motor) by extension 'ignore'
[1.367s] Level 1:colcon.colcon_core.package_identification:_identify(src/serial_motor) by extension 'ignore_ament_install'
[1.367s] Level 1:colcon.colcon_core.package_identification:_identify(src/serial_motor) by extensions ['colcon_pkg']
[1.367s] Level 1:colcon.colcon_core.package_identification:_identify(src/serial_motor) by extension 'colcon_pkg'
[1.367s] Level 1:colcon.colcon_core.package_identification:_identify(src/serial_motor) by extensions ['colcon_meta']
[1.367s] Level 1:colcon.colcon_core.package_identification:_identify(src/serial_motor) by extension 'colcon_meta'
[1.368s] Level 1:colcon.colcon_core.package_identification:_identify(src/serial_motor) by extensions ['ros']
[1.368s] Level 1:colcon.colcon_core.package_identification:_identify(src/serial_motor) by extension 'ros'
[1.370s] DEBUG:colcon.colcon_core.package_identification:Package 'src/serial_motor' with type 'ros.ament_python' and name 'serial_motor'
[1.371s] Level 1:colcon.colcon_core.package_identification:_identify(src/serial_motor_msgs) by extensions ['ignore', 'ignore_ament_install']
[1.371s] Level 1:colcon.colcon_core.package_identification:_identify(src/serial_motor_msgs) by extension 'ignore'
[1.371s] Level 1:colcon.colcon_core.package_identification:_identify(src/serial_motor_msgs) by extension 'ignore_ament_install'
[1.371s] Level 1:colcon.colcon_core.package_identification:_identify(src/serial_motor_msgs) by extensions ['colcon_pkg']
[1.372s] Level 1:colcon.colcon_core.package_identification:_identify(src/serial_motor_msgs) by extension 'colcon_pkg'
[1.372s] Level 1:colcon.colcon_core.package_identification:_identify(src/serial_motor_msgs) by extensions ['colcon_meta']
[1.372s] Level 1:colcon.colcon_core.package_identification:_identify(src/serial_motor_msgs) by extension 'colcon_meta'
[1.372s] Level 1:colcon.colcon_core.package_identification:_identify(src/serial_motor_msgs) by extensions ['ros']
[1.372s] Level 1:colcon.colcon_core.package_identification:_identify(src/serial_motor_msgs) by extension 'ros'
[1.374s] DEBUG:colcon.colcon_core.package_identification:Package 'src/serial_motor_msgs' with type 'ros.ament_cmake' and name 'serial_motor_msgs'
[1.374s] Level 1:colcon.colcon_core.package_discovery:discover_packages(recursive) using defaults
[1.375s] Level 1:colcon.colcon_core.package_discovery:discover_packages(ignore) discover
[1.375s] Level 1:colcon.colcon_core.package_discovery:discover_packages(ignore) using defaults
[1.375s] Level 1:colcon.colcon_core.package_discovery:discover_packages(path) discover
[1.375s] Level 1:colcon.colcon_core.package_discovery:discover_packages(path) using defaults
[1.495s] Level 1:colcon.colcon_core.package_discovery:discover_packages(prefix_path) check parameters
[1.496s] Level 1:colcon.colcon_core.package_discovery:discover_packages(prefix_path) discover
[1.507s] DEBUG:colcon.colcon_installed_package_information.package_discovery:Found 7 installed packages in /home/fastbot/ros2_ws/real/install
[1.510s] DEBUG:colcon.colcon_installed_package_information.package_discovery:Found 6 installed packages in /home/fastbot/ros2_ws/install
[1.521s] DEBUG:colcon.colcon_installed_package_information.package_discovery:Found 286 installed packages in /opt/ros/humble
[1.528s] Level 1:colcon.colcon_core.package_discovery:discover_packages(prefix_path) using defaults
[1.703s] Level 5:colcon.colcon_core.verb:set package 'fastbot_bringup' build argument 'cmake_args' from command line to 'None'
[1.703s] Level 5:colcon.colcon_core.verb:set package 'fastbot_bringup' build argument 'cmake_target' from command line to 'None'
[1.703s] Level 5:colcon.colcon_core.verb:set package 'fastbot_bringup' build argument 'cmake_target_skip_unavailable' from command line to 'False'
[1.703s] Level 5:colcon.colcon_core.verb:set package 'fastbot_bringup' build argument 'cmake_clean_cache' from command line to 'False'
[1.703s] Level 5:colcon.colcon_core.verb:set package 'fastbot_bringup' build argument 'cmake_clean_first' from command line to 'False'
[1.703s] Level 5:colcon.colcon_core.verb:set package 'fastbot_bringup' build argument 'cmake_force_configure' from command line to 'False'
[1.703s] Level 5:colcon.colcon_core.verb:set package 'fastbot_bringup' build argument 'ament_cmake_args' from command line to 'None'
[1.703s] Level 5:colcon.colcon_core.verb:set package 'fastbot_bringup' build argument 'catkin_cmake_args' from command line to 'None'
[1.704s] Level 5:colcon.colcon_core.verb:set package 'fastbot_bringup' build argument 'catkin_skip_building_tests' from command line to 'False'
[1.704s] DEBUG:colcon.colcon_core.verb:Building package 'fastbot_bringup' with the following arguments: {'ament_cmake_args': None, 'build_base': '/home/fastbot/ros2_ws/real/build/fastbot_bringup', 'catkin_cmake_args': None, 'catkin_skip_building_tests': False, 'cmake_args': None, 'cmake_clean_cache': False, 'cmake_clean_first': False, 'cmake_force_configure': False, 'cmake_target': None, 'cmake_target_skip_unavailable': False, 'install_base': '/home/fastbot/ros2_ws/real/install/fastbot_bringup', 'merge_install': False, 'path': '/home/fastbot/ros2_ws/real/src/fastbot_bringup', 'symlink_install': False, 'test_result_base': None}
[1.705s] Level 5:colcon.colcon_core.verb:set package 'fastbot_description' build argument 'cmake_args' from command line to 'None'
[1.705s] Level 5:colcon.colcon_core.verb:set package 'fastbot_description' build argument 'cmake_target' from command line to 'None'
[1.706s] Level 5:colcon.colcon_core.verb:set package 'fastbot_description' build argument 'cmake_target_skip_unavailable' from command line to 'False'
[1.706s] Level 5:colcon.colcon_core.verb:set package 'fastbot_description' build argument 'cmake_clean_cache' from command line to 'False'
[1.706s] Level 5:colcon.colcon_core.verb:set package 'fastbot_description' build argument 'cmake_clean_first' from command line to 'False'
[1.706s] Level 5:colcon.colcon_core.verb:set package 'fastbot_description' build argument 'cmake_force_configure' from command line to 'False'
[1.706s] Level 5:colcon.colcon_core.verb:set package 'fastbot_description' build argument 'ament_cmake_args' from command line to 'None'
[1.706s] Level 5:colcon.colcon_core.verb:set package 'fastbot_description' build argument 'catkin_cmake_args' from command line to 'None'
[1.706s] Level 5:colcon.colcon_core.verb:set package 'fastbot_description' build argument 'catkin_skip_building_tests' from command line to 'False'
[1.706s] DEBUG:colcon.colcon_core.verb:Building package 'fastbot_description' with the following arguments: {'ament_cmake_args': None, 'build_base': '/home/fastbot/ros2_ws/real/build/fastbot_description', 'catkin_cmake_args': None, 'catkin_skip_building_tests': False, 'cmake_args': None, 'cmake_clean_cache': False, 'cmake_clean_first': False, 'cmake_force_configure': False, 'cmake_target': None, 'cmake_target_skip_unavailable': False, 'install_base': '/home/fastbot/ros2_ws/real/install/fastbot_description', 'merge_install': False, 'path': '/home/fastbot/ros2_ws/real/src/fastbot_description', 'symlink_install': False, 'test_result_base': None}
[1.708s] Level 5:colcon.colcon_core.verb:set package 'fastbot_slam_real' build argument 'cmake_args' from command line to 'None'
[1.708s] Level 5:colcon.colcon_core.verb:set package 'fastbot_slam_real' build argument 'cmake_target' from command line to 'None'
[1.708s] Level 5:colcon.colcon_core.verb:set package 'fastbot_slam_real' build argument 'cmake_target_skip_unavailable' from command line to 'False'
[1.708s] Level 5:colcon.colcon_core.verb:set package 'fastbot_slam_real' build argument 'cmake_clean_cache' from command line to 'False'
[1.708s] Level 5:colcon.colcon_core.verb:set package 'fastbot_slam_real' build argument 'cmake_clean_first' from command line to 'False'
[1.708s] Level 5:colcon.colcon_core.verb:set package 'fastbot_slam_real' build argument 'cmake_force_configure' from command line to 'False'
[1.708s] Level 5:colcon.colcon_core.verb:set package 'fastbot_slam_real' build argument 'ament_cmake_args' from command line to 'None'
[1.708s] Level 5:colcon.colcon_core.verb:set package 'fastbot_slam_real' build argument 'catkin_cmake_args' from command line to 'None'
[1.708s] Level 5:colcon.colcon_core.verb:set package 'fastbot_slam_real' build argument 'catkin_skip_building_tests' from command line to 'False'
[1.709s] DEBUG:colcon.colcon_core.verb:Building package 'fastbot_slam_real' with the following arguments: {'ament_cmake_args': None, 'build_base': '/home/fastbot/ros2_ws/real/build/fastbot_slam_real', 'catkin_cmake_args': None, 'catkin_skip_building_tests': False, 'cmake_args': None, 'cmake_clean_cache': False, 'cmake_clean_first': False, 'cmake_force_configure': False, 'cmake_target': None, 'cmake_target_skip_unavailable': False, 'install_base': '/home/fastbot/ros2_ws/real/install/fastbot_slam_real', 'merge_install': False, 'path': '/home/fastbot/ros2_ws/real/src/fastbot_slam_real', 'symlink_install': False, 'test_result_base': None}
[1.710s] Level 5:colcon.colcon_core.verb:set package 'lslidar_msgs' build argument 'cmake_args' from command line to 'None'
[1.710s] Level 5:colcon.colcon_core.verb:set package 'lslidar_msgs' build argument 'cmake_target' from command line to 'None'
[1.710s] Level 5:colcon.colcon_core.verb:set package 'lslidar_msgs' build argument 'cmake_target_skip_unavailable' from command line to 'False'
[1.710s] Level 5:colcon.colcon_core.verb:set package 'lslidar_msgs' build argument 'cmake_clean_cache' from command line to 'False'
[1.710s] Level 5:colcon.colcon_core.verb:set package 'lslidar_msgs' build argument 'cmake_clean_first' from command line to 'False'
[1.710s] Level 5:colcon.colcon_core.verb:set package 'lslidar_msgs' build argument 'cmake_force_configure' from command line to 'False'
[1.711s] Level 5:colcon.colcon_core.verb:set package 'lslidar_msgs' build argument 'ament_cmake_args' from command line to 'None'
[1.711s] Level 5:colcon.colcon_core.verb:set package 'lslidar_msgs' build argument 'catkin_cmake_args' from command line to 'None'
[1.711s] Level 5:colcon.colcon_core.verb:set package 'lslidar_msgs' build argument 'catkin_skip_building_tests' from command line to 'False'
[1.711s] DEBUG:colcon.colcon_core.verb:Building package 'lslidar_msgs' with the following arguments: {'ament_cmake_args': None, 'build_base': '/home/fastbot/ros2_ws/real/build/lslidar_msgs', 'catkin_cmake_args': None, 'catkin_skip_building_tests': False, 'cmake_args': None, 'cmake_clean_cache': False, 'cmake_clean_first': False, 'cmake_force_configure': False, 'cmake_target': None, 'cmake_target_skip_unavailable': False, 'install_base': '/home/fastbot/ros2_ws/real/install/lslidar_msgs', 'merge_install': False, 'path': '/home/fastbot/ros2_ws/real/src/Lslidar_ROS2_driver/lslidar_msgs', 'symlink_install': False, 'test_result_base': None}
[1.712s] Level 5:colcon.colcon_core.verb:set package 'serial_motor_msgs' build argument 'cmake_args' from command line to 'None'
[1.712s] Level 5:colcon.colcon_core.verb:set package 'serial_motor_msgs' build argument 'cmake_target' from command line to 'None'
[1.712s] Level 5:colcon.colcon_core.verb:set package 'serial_motor_msgs' build argument 'cmake_target_skip_unavailable' from command line to 'False'
[1.713s] Level 5:colcon.colcon_core.verb:set package 'serial_motor_msgs' build argument 'cmake_clean_cache' from command line to 'False'
[1.713s] Level 5:colcon.colcon_core.verb:set package 'serial_motor_msgs' build argument 'cmake_clean_first' from command line to 'False'
[1.713s] Level 5:colcon.colcon_core.verb:set package 'serial_motor_msgs' build argument 'cmake_force_configure' from command line to 'False'
[1.713s] Level 5:colcon.colcon_core.verb:set package 'serial_motor_msgs' build argument 'ament_cmake_args' from command line to 'None'
[1.713s] Level 5:colcon.colcon_core.verb:set package 'serial_motor_msgs' build argument 'catkin_cmake_args' from command line to 'None'
[1.713s] Level 5:colcon.colcon_core.verb:set package 'serial_motor_msgs' build argument 'catkin_skip_building_tests' from command line to 'False'
[1.713s] DEBUG:colcon.colcon_core.verb:Building package 'serial_motor_msgs' with the following arguments: {'ament_cmake_args': None, 'build_base': '/home/fastbot/ros2_ws/real/build/serial_motor_msgs', 'catkin_cmake_args': None, 'catkin_skip_building_tests': False, 'cmake_args': None, 'cmake_clean_cache': False, 'cmake_clean_first': False, 'cmake_force_configure': False, 'cmake_target': None, 'cmake_target_skip_unavailable': False, 'install_base': '/home/fastbot/ros2_ws/real/install/serial_motor_msgs', 'merge_install': False, 'path': '/home/fastbot/ros2_ws/real/src/serial_motor_msgs', 'symlink_install': False, 'test_result_base': None}
[1.715s] Level 5:colcon.colcon_core.verb:set package 'lslidar_driver' build argument 'cmake_args' from command line to 'None'
[1.715s] Level 5:colcon.colcon_core.verb:set package 'lslidar_driver' build argument 'cmake_target' from command line to 'None'
[1.715s] Level 5:colcon.colcon_core.verb:set package 'lslidar_driver' build argument 'cmake_target_skip_unavailable' from command line to 'False'
[1.715s] Level 5:colcon.colcon_core.verb:set package 'lslidar_driver' build argument 'cmake_clean_cache' from command line to 'False'
[1.715s] Level 5:colcon.colcon_core.verb:set package 'lslidar_driver' build argument 'cmake_clean_first' from command line to 'False'
[1.715s] Level 5:colcon.colcon_core.verb:set package 'lslidar_driver' build argument 'cmake_force_configure' from command line to 'False'
[1.715s] Level 5:colcon.colcon_core.verb:set package 'lslidar_driver' build argument 'ament_cmake_args' from command line to 'None'
[1.715s] Level 5:colcon.colcon_core.verb:set package 'lslidar_driver' build argument 'catkin_cmake_args' from command line to 'None'
[1.715s] Level 5:colcon.colcon_core.verb:set package 'lslidar_driver' build argument 'catkin_skip_building_tests' from command line to 'False'
[1.716s] DEBUG:colcon.colcon_core.verb:Building package 'lslidar_driver' with the following arguments: {'ament_cmake_args': None, 'build_base': '/home/fastbot/ros2_ws/real/build/lslidar_driver', 'catkin_cmake_args': None, 'catkin_skip_building_tests': False, 'cmake_args': None, 'cmake_clean_cache': False, 'cmake_clean_first': False, 'cmake_force_configure': False, 'cmake_target': None, 'cmake_target_skip_unavailable': False, 'install_base': '/home/fastbot/ros2_ws/real/install/lslidar_driver', 'merge_install': False, 'path': '/home/fastbot/ros2_ws/real/src/Lslidar_ROS2_driver/lslidar_driver', 'symlink_install': False, 'test_result_base': None}
[1.717s] Level 5:colcon.colcon_core.verb:set package 'serial_motor' build argument 'cmake_args' from command line to 'None'
[1.717s] Level 5:colcon.colcon_core.verb:set package 'serial_motor' build argument 'cmake_target' from command line to 'None'
[1.717s] Level 5:colcon.colcon_core.verb:set package 'serial_motor' build argument 'cmake_target_skip_unavailable' from command line to 'False'
[1.717s] Level 5:colcon.colcon_core.verb:set package 'serial_motor' build argument 'cmake_clean_cache' from command line to 'False'
[1.717s] Level 5:colcon.colcon_core.verb:set package 'serial_motor' build argument 'cmake_clean_first' from command line to 'False'
[1.718s] Level 5:colcon.colcon_core.verb:set package 'serial_motor' build argument 'cmake_force_configure' from command line to 'False'
[1.718s] Level 5:colcon.colcon_core.verb:set package 'serial_motor' build argument 'ament_cmake_args' from command line to 'None'
[1.718s] Level 5:colcon.colcon_core.verb:set package 'serial_motor' build argument 'catkin_cmake_args' from command line to 'None'
[1.718s] Level 5:colcon.colcon_core.verb:set package 'serial_motor' build argument 'catkin_skip_building_tests' from command line to 'False'
[1.718s] DEBUG:colcon.colcon_core.verb:Building package 'serial_motor' with the following arguments: {'ament_cmake_args': None, 'build_base': '/home/fastbot/ros2_ws/real/build/serial_motor', 'catkin_cmake_args': None, 'catkin_skip_building_tests': False, 'cmake_args': None, 'cmake_clean_cache': False, 'cmake_clean_first': False, 'cmake_force_configure': False, 'cmake_target': None, 'cmake_target_skip_unavailable': False, 'install_base': '/home/fastbot/ros2_ws/real/install/serial_motor', 'merge_install': False, 'path': '/home/fastbot/ros2_ws/real/src/serial_motor', 'symlink_install': False, 'test_result_base': None}
[1.718s] INFO:colcon.colcon_core.executor:Executing jobs using 'parallel' executor
[1.722s] DEBUG:colcon.colcon_parallel_executor.executor.parallel:run_until_complete
[1.723s] INFO:colcon.colcon_ros.task.ament_cmake.build:Building ROS package in '/home/fastbot/ros2_ws/real/src/Lslidar_ROS2_driver/lslidar_msgs' with build type 'ament_cmake'
[1.723s] INFO:colcon.colcon_cmake.task.cmake.build:Building CMake package in '/home/fastbot/ros2_ws/real/src/Lslidar_ROS2_driver/lslidar_msgs'
[1.733s] INFO:colcon.colcon_core.plugin_system:Skipping extension 'colcon_core.shell.bat': Not used on non-Windows systems
[1.734s] INFO:colcon.colcon_core.shell:Skip shell extension 'powershell' for command environment: Not usable outside of PowerShell
[1.734s] DEBUG:colcon.colcon_core.shell:Skip shell extension 'dsv' for command environment
[1.759s] INFO:colcon.colcon_ros.task.ament_cmake.build:Building ROS package in '/home/fastbot/ros2_ws/real/src/serial_motor_msgs' with build type 'ament_cmake'
[1.760s] INFO:colcon.colcon_cmake.task.cmake.build:Building CMake package in '/home/fastbot/ros2_ws/real/src/serial_motor_msgs'
[1.761s] INFO:colcon.colcon_core.shell:Skip shell extension 'powershell' for command environment: Not usable outside of PowerShell
[1.761s] DEBUG:colcon.colcon_core.shell:Skip shell extension 'dsv' for command environment
[1.787s] INFO:colcon.colcon_ros.task.ament_cmake.build:Building ROS package in '/home/fastbot/ros2_ws/real/src/fastbot_bringup' with build type 'ament_cmake'
[1.788s] INFO:colcon.colcon_cmake.task.cmake.build:Building CMake package in '/home/fastbot/ros2_ws/real/src/fastbot_bringup'
[1.789s] INFO:colcon.colcon_core.shell:Skip shell extension 'powershell' for command environment: Not usable outside of PowerShell
[1.789s] DEBUG:colcon.colcon_core.shell:Skip shell extension 'dsv' for command environment
[1.815s] INFO:colcon.colcon_ros.task.ament_cmake.build:Building ROS package in '/home/fastbot/ros2_ws/real/src/fastbot_description' with build type 'ament_cmake'
[1.815s] INFO:colcon.colcon_cmake.task.cmake.build:Building CMake package in '/home/fastbot/ros2_ws/real/src/fastbot_description'
[1.816s] INFO:colcon.colcon_core.shell:Skip shell extension 'powershell' for command environment: Not usable outside of PowerShell
[1.817s] DEBUG:colcon.colcon_core.shell:Skip shell extension 'dsv' for command environment
[1.860s] DEBUG:colcon.colcon_core.event_handler.log_command:Invoking command in '/home/fastbot/ros2_ws/real/build/lslidar_msgs': CMAKE_PREFIX_PATH=${CMAKE_PREFIX_PATH}:/home/fastbot/ros2_ws/real/install/serial_motor:/home/fastbot/ros2_ws/install/serial_motor:/home/fastbot/ros2_ws/install/serial_motor_msgs:/home/fastbot/ros2_ws/install/lslidar_driver:/home/fastbot/ros2_ws/install/lslidar_msgs:/home/fastbot/ros2_ws/install/fastbot_description:/home/fastbot/ros2_ws/install/fastbot_bringup:/opt/ros/humble /usr/bin/cmake --build /home/fastbot/ros2_ws/real/build/lslidar_msgs -- -j4 -l4
[1.883s] DEBUG:colcon.colcon_core.event_handler.log_command:Invoking command in '/home/fastbot/ros2_ws/real/build/serial_motor_msgs': CMAKE_PREFIX_PATH=${CMAKE_PREFIX_PATH}:/home/fastbot/ros2_ws/real/install/serial_motor:/home/fastbot/ros2_ws/install/serial_motor:/home/fastbot/ros2_ws/install/serial_motor_msgs:/home/fastbot/ros2_ws/install/lslidar_driver:/home/fastbot/ros2_ws/install/lslidar_msgs:/home/fastbot/ros2_ws/install/fastbot_description:/home/fastbot/ros2_ws/install/fastbot_bringup:/opt/ros/humble /usr/bin/cmake --build /home/fastbot/ros2_ws/real/build/serial_motor_msgs -- -j4 -l4
[1.904s] DEBUG:colcon.colcon_core.event_handler.log_command:Invoking command in '/home/fastbot/ros2_ws/real/build/fastbot_bringup': CMAKE_PREFIX_PATH=${CMAKE_PREFIX_PATH}:/home/fastbot/ros2_ws/real/install/serial_motor:/home/fastbot/ros2_ws/install/serial_motor:/home/fastbot/ros2_ws/install/serial_motor_msgs:/home/fastbot/ros2_ws/install/lslidar_driver:/home/fastbot/ros2_ws/install/lslidar_msgs:/home/fastbot/ros2_ws/install/fastbot_description:/home/fastbot/ros2_ws/install/fastbot_bringup:/opt/ros/humble /usr/bin/cmake --build /home/fastbot/ros2_ws/real/build/fastbot_bringup -- -j4 -l4
[1.935s] DEBUG:colcon.colcon_core.event_handler.log_command:Invoking command in '/home/fastbot/ros2_ws/real/build/fastbot_description': CMAKE_PREFIX_PATH=${CMAKE_PREFIX_PATH}:/home/fastbot/ros2_ws/real/install/serial_motor:/home/fastbot/ros2_ws/install/serial_motor:/home/fastbot/ros2_ws/install/serial_motor_msgs:/home/fastbot/ros2_ws/install/lslidar_driver:/home/fastbot/ros2_ws/install/lslidar_msgs:/home/fastbot/ros2_ws/install/fastbot_description:/home/fastbot/ros2_ws/install/fastbot_bringup:/opt/ros/humble /usr/bin/cmake --build /home/fastbot/ros2_ws/real/build/fastbot_description -- -j4 -l4
[3.594s] DEBUG:colcon.colcon_core.event_handler.log_command:Invoked command in '/home/fastbot/ros2_ws/real/build/fastbot_bringup' returned '0': CMAKE_PREFIX_PATH=${CMAKE_PREFIX_PATH}:/home/fastbot/ros2_ws/real/install/serial_motor:/home/fastbot/ros2_ws/install/serial_motor:/home/fastbot/ros2_ws/install/serial_motor_msgs:/home/fastbot/ros2_ws/install/lslidar_driver:/home/fastbot/ros2_ws/install/lslidar_msgs:/home/fastbot/ros2_ws/install/fastbot_description:/home/fastbot/ros2_ws/install/fastbot_bringup:/opt/ros/humble /usr/bin/cmake --build /home/fastbot/ros2_ws/real/build/fastbot_bringup -- -j4 -l4
[3.654s] DEBUG:colcon.colcon_core.event_handler.log_command:Invoking command in '/home/fastbot/ros2_ws/real/build/fastbot_bringup': CMAKE_PREFIX_PATH=${CMAKE_PREFIX_PATH}:/home/fastbot/ros2_ws/real/install/serial_motor:/home/fastbot/ros2_ws/install/serial_motor:/home/fastbot/ros2_ws/install/serial_motor_msgs:/home/fastbot/ros2_ws/install/lslidar_driver:/home/fastbot/ros2_ws/install/lslidar_msgs:/home/fastbot/ros2_ws/install/fastbot_description:/home/fastbot/ros2_ws/install/fastbot_bringup:/opt/ros/humble /usr/bin/cmake --install /home/fastbot/ros2_ws/real/build/fastbot_bringup
[3.673s] DEBUG:colcon.colcon_core.event_handler.log_command:Invoked command in '/home/fastbot/ros2_ws/real/build/fastbot_description' returned '0': CMAKE_PREFIX_PATH=${CMAKE_PREFIX_PATH}:/home/fastbot/ros2_ws/real/install/serial_motor:/home/fastbot/ros2_ws/install/serial_motor:/home/fastbot/ros2_ws/install/serial_motor_msgs:/home/fastbot/ros2_ws/install/lslidar_driver:/home/fastbot/ros2_ws/install/lslidar_msgs:/home/fastbot/ros2_ws/install/fastbot_description:/home/fastbot/ros2_ws/install/fastbot_bringup:/opt/ros/humble /usr/bin/cmake --build /home/fastbot/ros2_ws/real/build/fastbot_description -- -j4 -l4
[3.675s] DEBUG:colcon.colcon_core.event_handler.log_command:Invoking command in '/home/fastbot/ros2_ws/real/build/fastbot_description': CMAKE_PREFIX_PATH=${CMAKE_PREFIX_PATH}:/home/fastbot/ros2_ws/real/install/serial_motor:/home/fastbot/ros2_ws/install/serial_motor:/home/fastbot/ros2_ws/install/serial_motor_msgs:/home/fastbot/ros2_ws/install/lslidar_driver:/home/fastbot/ros2_ws/install/lslidar_msgs:/home/fastbot/ros2_ws/install/fastbot_description:/home/fastbot/ros2_ws/install/fastbot_bringup:/opt/ros/humble /usr/bin/cmake --install /home/fastbot/ros2_ws/real/build/fastbot_description
[3.756s] Level 1:colcon.colcon_core.environment:create_environment_scripts_only(fastbot_description)
[3.796s] DEBUG:colcon.colcon_core.event_handler.log_command:Invoked command in '/home/fastbot/ros2_ws/real/build/fastbot_description' returned '0': CMAKE_PREFIX_PATH=${CMAKE_PREFIX_PATH}:/home/fastbot/ros2_ws/real/install/serial_motor:/home/fastbot/ros2_ws/install/serial_motor:/home/fastbot/ros2_ws/install/serial_motor_msgs:/home/fastbot/ros2_ws/install/lslidar_driver:/home/fastbot/ros2_ws/install/lslidar_msgs:/home/fastbot/ros2_ws/install/fastbot_description:/home/fastbot/ros2_ws/install/fastbot_bringup:/opt/ros/humble /usr/bin/cmake --install /home/fastbot/ros2_ws/real/build/fastbot_description
[3.800s] Level 1:colcon.colcon_core.environment:checking '/home/fastbot/ros2_ws/real/install/fastbot_description' for CMake module files
[3.803s] Level 1:colcon.colcon_core.environment:checking '/home/fastbot/ros2_ws/real/install/fastbot_description' for CMake config files
[3.805s] Level 1:colcon.colcon_core.shell:create_environment_hook('fastbot_description', 'cmake_prefix_path')
[3.806s] INFO:colcon.colcon_core.shell:Creating environment hook '/home/fastbot/ros2_ws/real/install/fastbot_description/share/fastbot_description/hook/cmake_prefix_path.ps1'
[3.809s] INFO:colcon.colcon_core.shell:Creating environment descriptor '/home/fastbot/ros2_ws/real/install/fastbot_description/share/fastbot_description/hook/cmake_prefix_path.dsv'
[3.812s] INFO:colcon.colcon_core.shell:Creating environment hook '/home/fastbot/ros2_ws/real/install/fastbot_description/share/fastbot_description/hook/cmake_prefix_path.sh'
[3.817s] Level 1:colcon.colcon_core.environment:checking '/home/fastbot/ros2_ws/real/install/fastbot_description/bin'
[3.818s] Level 1:colcon.colcon_core.environment:checking '/home/fastbot/ros2_ws/real/install/fastbot_description/lib/pkgconfig/fastbot_description.pc'
[3.819s] Level 1:colcon.colcon_core.environment:checking '/home/fastbot/ros2_ws/real/install/fastbot_description/lib/python3.10/site-packages'
[3.820s] Level 1:colcon.colcon_core.environment:checking '/home/fastbot/ros2_ws/real/install/fastbot_description/bin'
[3.822s] INFO:colcon.colcon_core.shell:Creating package script '/home/fastbot/ros2_ws/real/install/fastbot_description/share/fastbot_description/package.ps1'
[3.826s] INFO:colcon.colcon_core.shell:Creating package descriptor '/home/fastbot/ros2_ws/real/install/fastbot_description/share/fastbot_description/package.dsv'
[3.829s] INFO:colcon.colcon_core.shell:Creating package script '/home/fastbot/ros2_ws/real/install/fastbot_description/share/fastbot_description/package.sh'
[3.834s] INFO:colcon.colcon_core.shell:Creating package script '/home/fastbot/ros2_ws/real/install/fastbot_description/share/fastbot_description/package.bash'
[3.838s] INFO:colcon.colcon_core.shell:Creating package script '/home/fastbot/ros2_ws/real/install/fastbot_description/share/fastbot_description/package.zsh'
[3.841s] Level 1:colcon.colcon_core.environment:create_file_with_runtime_dependencies(/home/fastbot/ros2_ws/real/install/fastbot_description/share/colcon-core/packages/fastbot_description)
[3.846s] Level 1:colcon.colcon_core.environment:create_environment_scripts_only(fastbot_description)
[3.847s] Level 1:colcon.colcon_core.environment:checking '/home/fastbot/ros2_ws/real/install/fastbot_description' for CMake module files
[3.850s] Level 1:colcon.colcon_core.environment:checking '/home/fastbot/ros2_ws/real/install/fastbot_description' for CMake config files
[3.851s] Level 1:colcon.colcon_core.shell:create_environment_hook('fastbot_description', 'cmake_prefix_path')
[3.853s] INFO:colcon.colcon_core.shell:Creating environment hook '/home/fastbot/ros2_ws/real/install/fastbot_description/share/fastbot_description/hook/cmake_prefix_path.ps1'
[3.855s] INFO:colcon.colcon_core.shell:Creating environment descriptor '/home/fastbot/ros2_ws/real/install/fastbot_description/share/fastbot_description/hook/cmake_prefix_path.dsv'
[3.858s] INFO:colcon.colcon_core.shell:Creating environment hook '/home/fastbot/ros2_ws/real/install/fastbot_description/share/fastbot_description/hook/cmake_prefix_path.sh'
[3.864s] Level 1:colcon.colcon_core.environment:checking '/home/fastbot/ros2_ws/real/install/fastbot_description/bin'
[3.864s] Level 1:colcon.colcon_core.environment:checking '/home/fastbot/ros2_ws/real/install/fastbot_description/lib/pkgconfig/fastbot_description.pc'
[3.866s] Level 1:colcon.colcon_core.environment:checking '/home/fastbot/ros2_ws/real/install/fastbot_description/lib/python3.10/site-packages'
[3.867s] Level 1:colcon.colcon_core.environment:checking '/home/fastbot/ros2_ws/real/install/fastbot_description/bin'
[3.869s] INFO:colcon.colcon_core.shell:Creating package script '/home/fastbot/ros2_ws/real/install/fastbot_description/share/fastbot_description/package.ps1'
[3.871s] INFO:colcon.colcon_core.shell:Creating package descriptor '/home/fastbot/ros2_ws/real/install/fastbot_description/share/fastbot_description/package.dsv'
[3.874s] INFO:colcon.colcon_core.shell:Creating package script '/home/fastbot/ros2_ws/real/install/fastbot_description/share/fastbot_description/package.sh'
[3.877s] INFO:colcon.colcon_core.shell:Creating package script '/home/fastbot/ros2_ws/real/install/fastbot_description/share/fastbot_description/package.bash'
[3.880s] INFO:colcon.colcon_core.shell:Creating package script '/home/fastbot/ros2_ws/real/install/fastbot_description/share/fastbot_description/package.zsh'
[3.884s] Level 1:colcon.colcon_core.environment:create_file_with_runtime_dependencies(/home/fastbot/ros2_ws/real/install/fastbot_description/share/colcon-core/packages/fastbot_description)
[3.889s] INFO:colcon.colcon_ros.task.ament_cmake.build:Building ROS package in '/home/fastbot/ros2_ws/real/src/fastbot_slam_real' with build type 'ament_cmake'
[3.890s] INFO:colcon.colcon_cmake.task.cmake.build:Building CMake package in '/home/fastbot/ros2_ws/real/src/fastbot_slam_real'
[3.893s] INFO:colcon.colcon_core.shell:Skip shell extension 'powershell' for command environment: Not usable outside of PowerShell
[3.894s] DEBUG:colcon.colcon_core.shell:Skip shell extension 'dsv' for command environment
[3.939s] Level 1:colcon.colcon_core.environment:create_environment_scripts_only(fastbot_bringup)
[3.940s] Level 1:colcon.colcon_core.environment:checking '/home/fastbot/ros2_ws/real/install/fastbot_bringup' for CMake module files
[3.943s] DEBUG:colcon.colcon_core.event_handler.log_command:Invoked command in '/home/fastbot/ros2_ws/real/build/fastbot_bringup' returned '0': CMAKE_PREFIX_PATH=${CMAKE_PREFIX_PATH}:/home/fastbot/ros2_ws/real/install/serial_motor:/home/fastbot/ros2_ws/install/serial_motor:/home/fastbot/ros2_ws/install/serial_motor_msgs:/home/fastbot/ros2_ws/install/lslidar_driver:/home/fastbot/ros2_ws/install/lslidar_msgs:/home/fastbot/ros2_ws/install/fastbot_description:/home/fastbot/ros2_ws/install/fastbot_bringup:/opt/ros/humble /usr/bin/cmake --install /home/fastbot/ros2_ws/real/build/fastbot_bringup
[3.946s] Level 1:colcon.colcon_core.environment:checking '/home/fastbot/ros2_ws/real/install/fastbot_bringup' for CMake config files
[3.948s] Level 1:colcon.colcon_core.shell:create_environment_hook('fastbot_bringup', 'cmake_prefix_path')
[3.949s] INFO:colcon.colcon_core.shell:Creating environment hook '/home/fastbot/ros2_ws/real/install/fastbot_bringup/share/fastbot_bringup/hook/cmake_prefix_path.ps1'
[3.951s] INFO:colcon.colcon_core.shell:Creating environment descriptor '/home/fastbot/ros2_ws/real/install/fastbot_bringup/share/fastbot_bringup/hook/cmake_prefix_path.dsv'
[3.954s] INFO:colcon.colcon_core.shell:Creating environment hook '/home/fastbot/ros2_ws/real/install/fastbot_bringup/share/fastbot_bringup/hook/cmake_prefix_path.sh'
[3.957s] Level 1:colcon.colcon_core.environment:checking '/home/fastbot/ros2_ws/real/install/fastbot_bringup/bin'
[3.958s] Level 1:colcon.colcon_core.environment:checking '/home/fastbot/ros2_ws/real/install/fastbot_bringup/lib/pkgconfig/fastbot_bringup.pc'
[3.959s] Level 1:colcon.colcon_core.environment:checking '/home/fastbot/ros2_ws/real/install/fastbot_bringup/lib/python3.10/site-packages'
[3.960s] Level 1:colcon.colcon_core.environment:checking '/home/fastbot/ros2_ws/real/install/fastbot_bringup/bin'
[3.962s] INFO:colcon.colcon_core.shell:Creating package script '/home/fastbot/ros2_ws/real/install/fastbot_bringup/share/fastbot_bringup/package.ps1'
[3.965s] INFO:colcon.colcon_core.shell:Creating package descriptor '/home/fastbot/ros2_ws/real/install/fastbot_bringup/share/fastbot_bringup/package.dsv'
[3.967s] INFO:colcon.colcon_core.shell:Creating package script '/home/fastbot/ros2_ws/real/install/fastbot_bringup/share/fastbot_bringup/package.sh'
[3.970s] INFO:colcon.colcon_core.shell:Creating package script '/home/fastbot/ros2_ws/real/install/fastbot_bringup/share/fastbot_bringup/package.bash'
[3.972s] INFO:colcon.colcon_core.shell:Creating package script '/home/fastbot/ros2_ws/real/install/fastbot_bringup/share/fastbot_bringup/package.zsh'
[3.974s] Level 1:colcon.colcon_core.environment:create_file_with_runtime_dependencies(/home/fastbot/ros2_ws/real/install/fastbot_bringup/share/colcon-core/packages/fastbot_bringup)
[3.977s] Level 1:colcon.colcon_core.environment:create_environment_scripts_only(fastbot_bringup)
[3.979s] Level 1:colcon.colcon_core.environment:checking '/home/fastbot/ros2_ws/real/install/fastbot_bringup' for CMake module files
[3.982s] Level 1:colcon.colcon_core.environment:checking '/home/fastbot/ros2_ws/real/install/fastbot_bringup' for CMake config files
[3.983s] Level 1:colcon.colcon_core.shell:create_environment_hook('fastbot_bringup', 'cmake_prefix_path')
[3.984s] INFO:colcon.colcon_core.shell:Creating environment hook '/home/fastbot/ros2_ws/real/install/fastbot_bringup/share/fastbot_bringup/hook/cmake_prefix_path.ps1'
[3.987s] INFO:colcon.colcon_core.shell:Creating environment descriptor '/home/fastbot/ros2_ws/real/install/fastbot_bringup/share/fastbot_bringup/hook/cmake_prefix_path.dsv'
[3.990s] INFO:colcon.colcon_core.shell:Creating environment hook '/home/fastbot/ros2_ws/real/install/fastbot_bringup/share/fastbot_bringup/hook/cmake_prefix_path.sh'
[3.995s] Level 1:colcon.colcon_core.environment:checking '/home/fastbot/ros2_ws/real/install/fastbot_bringup/bin'
[3.995s] Level 1:colcon.colcon_core.environment:checking '/home/fastbot/ros2_ws/real/install/fastbot_bringup/lib/pkgconfig/fastbot_bringup.pc'
[3.996s] Level 1:colcon.colcon_core.environment:checking '/home/fastbot/ros2_ws/real/install/fastbot_bringup/lib/python3.10/site-packages'
[3.998s] Level 1:colcon.colcon_core.environment:checking '/home/fastbot/ros2_ws/real/install/fastbot_bringup/bin'
[3.999s] INFO:colcon.colcon_core.shell:Creating package script '/home/fastbot/ros2_ws/real/install/fastbot_bringup/share/fastbot_bringup/package.ps1'
[4.002s] INFO:colcon.colcon_core.shell:Creating package descriptor '/home/fastbot/ros2_ws/real/install/fastbot_bringup/share/fastbot_bringup/package.dsv'
[4.005s] INFO:colcon.colcon_core.shell:Creating package script '/home/fastbot/ros2_ws/real/install/fastbot_bringup/share/fastbot_bringup/package.sh'
[4.008s] INFO:colcon.colcon_core.shell:Creating package script '/home/fastbot/ros2_ws/real/install/fastbot_bringup/share/fastbot_bringup/package.bash'
[4.010s] INFO:colcon.colcon_core.shell:Creating package script '/home/fastbot/ros2_ws/real/install/fastbot_bringup/share/fastbot_bringup/package.zsh'
[4.014s] Level 1:colcon.colcon_core.environment:create_file_with_runtime_dependencies(/home/fastbot/ros2_ws/real/install/fastbot_bringup/share/colcon-core/packages/fastbot_bringup)
[4.047s] DEBUG:colcon.colcon_core.event_handler.log_command:Invoking command in '/home/fastbot/ros2_ws/real/build/fastbot_slam_real': CMAKE_PREFIX_PATH=${CMAKE_PREFIX_PATH}:/home/fastbot/ros2_ws/real/install/serial_motor:/home/fastbot/ros2_ws/install/serial_motor:/home/fastbot/ros2_ws/install/serial_motor_msgs:/home/fastbot/ros2_ws/install/lslidar_driver:/home/fastbot/ros2_ws/install/lslidar_msgs:/home/fastbot/ros2_ws/install/fastbot_description:/home/fastbot/ros2_ws/install/fastbot_bringup:/opt/ros/humble /usr/bin/cmake --build /home/fastbot/ros2_ws/real/build/fastbot_slam_real -- -j4 -l4
[4.255s] DEBUG:colcon.colcon_core.event_handler.log_command:Invoked command in '/home/fastbot/ros2_ws/real/build/fastbot_slam_real' returned '0': CMAKE_PREFIX_PATH=${CMAKE_PREFIX_PATH}:/home/fastbot/ros2_ws/real/install/serial_motor:/home/fastbot/ros2_ws/install/serial_motor:/home/fastbot/ros2_ws/install/serial_motor_msgs:/home/fastbot/ros2_ws/install/lslidar_driver:/home/fastbot/ros2_ws/install/lslidar_msgs:/home/fastbot/ros2_ws/install/fastbot_description:/home/fastbot/ros2_ws/install/fastbot_bringup:/opt/ros/humble /usr/bin/cmake --build /home/fastbot/ros2_ws/real/build/fastbot_slam_real -- -j4 -l4
[4.258s] DEBUG:colcon.colcon_core.event_handler.log_command:Invoking command in '/home/fastbot/ros2_ws/real/build/fastbot_slam_real': CMAKE_PREFIX_PATH=${CMAKE_PREFIX_PATH}:/home/fastbot/ros2_ws/real/install/serial_motor:/home/fastbot/ros2_ws/install/serial_motor:/home/fastbot/ros2_ws/install/serial_motor_msgs:/home/fastbot/ros2_ws/install/lslidar_driver:/home/fastbot/ros2_ws/install/lslidar_msgs:/home/fastbot/ros2_ws/install/fastbot_description:/home/fastbot/ros2_ws/install/fastbot_bringup:/opt/ros/humble /usr/bin/cmake --install /home/fastbot/ros2_ws/real/build/fastbot_slam_real
[4.346s] Level 1:colcon.colcon_core.environment:create_environment_scripts_only(fastbot_slam_real)
[4.347s] Level 1:colcon.colcon_core.environment:checking '/home/fastbot/ros2_ws/real/install/fastbot_slam_real' for CMake module files
[4.355s] Level 1:colcon.colcon_core.environment:checking '/home/fastbot/ros2_ws/real/install/fastbot_slam_real' for CMake config files
[4.357s] Level 1:colcon.colcon_core.shell:create_environment_hook('fastbot_slam_real', 'cmake_prefix_path')
[4.358s] INFO:colcon.colcon_core.shell:Creating environment hook '/home/fastbot/ros2_ws/real/install/fastbot_slam_real/share/fastbot_slam_real/hook/cmake_prefix_path.ps1'
[4.361s] INFO:colcon.colcon_core.shell:Creating environment descriptor '/home/fastbot/ros2_ws/real/install/fastbot_slam_real/share/fastbot_slam_real/hook/cmake_prefix_path.dsv'
[4.367s] INFO:colcon.colcon_core.shell:Creating environment hook '/home/fastbot/ros2_ws/real/install/fastbot_slam_real/share/fastbot_slam_real/hook/cmake_prefix_path.sh'
[4.373s] Level 1:colcon.colcon_core.environment:checking '/home/fastbot/ros2_ws/real/install/fastbot_slam_real/bin'
[4.374s] Level 1:colcon.colcon_core.environment:checking '/home/fastbot/ros2_ws/real/install/fastbot_slam_real/lib/pkgconfig/fastbot_slam_real.pc'
[4.376s] Level 1:colcon.colcon_core.environment:checking '/home/fastbot/ros2_ws/real/install/fastbot_slam_real/lib/python3.10/site-packages'
[4.377s] Level 1:colcon.colcon_core.environment:checking '/home/fastbot/ros2_ws/real/install/fastbot_slam_real/bin'
[4.379s] INFO:colcon.colcon_core.shell:Creating package script '/home/fastbot/ros2_ws/real/install/fastbot_slam_real/share/fastbot_slam_real/package.ps1'
[4.383s] INFO:colcon.colcon_core.shell:Creating package descriptor '/home/fastbot/ros2_ws/real/install/fastbot_slam_real/share/fastbot_slam_real/package.dsv'
[4.388s] INFO:colcon.colcon_core.shell:Creating package script '/home/fastbot/ros2_ws/real/install/fastbot_slam_real/share/fastbot_slam_real/package.sh'
[4.392s] INFO:colcon.colcon_core.shell:Creating package script '/home/fastbot/ros2_ws/real/install/fastbot_slam_real/share/fastbot_slam_real/package.bash'
[4.397s] INFO:colcon.colcon_core.shell:Creating package script '/home/fastbot/ros2_ws/real/install/fastbot_slam_real/share/fastbot_slam_real/package.zsh'
[4.401s] DEBUG:colcon.colcon_core.event_handler.log_command:Invoked command in '/home/fastbot/ros2_ws/real/build/fastbot_slam_real' returned '0': CMAKE_PREFIX_PATH=${CMAKE_PREFIX_PATH}:/home/fastbot/ros2_ws/real/install/serial_motor:/home/fastbot/ros2_ws/install/serial_motor:/home/fastbot/ros2_ws/install/serial_motor_msgs:/home/fastbot/ros2_ws/install/lslidar_driver:/home/fastbot/ros2_ws/install/lslidar_msgs:/home/fastbot/ros2_ws/install/fastbot_description:/home/fastbot/ros2_ws/install/fastbot_bringup:/opt/ros/humble /usr/bin/cmake --install /home/fastbot/ros2_ws/real/build/fastbot_slam_real
[4.402s] Level 1:colcon.colcon_core.environment:create_file_with_runtime_dependencies(/home/fastbot/ros2_ws/real/install/fastbot_slam_real/share/colcon-core/packages/fastbot_slam_real)
[4.405s] Level 1:colcon.colcon_core.environment:create_environment_scripts_only(fastbot_slam_real)
[4.406s] Level 1:colcon.colcon_core.environment:checking '/home/fastbot/ros2_ws/real/install/fastbot_slam_real' for CMake module files
[4.410s] Level 1:colcon.colcon_core.environment:checking '/home/fastbot/ros2_ws/real/install/fastbot_slam_real' for CMake config files
[4.411s] Level 1:colcon.colcon_core.shell:create_environment_hook('fastbot_slam_real', 'cmake_prefix_path')
[4.412s] INFO:colcon.colcon_core.shell:Creating environment hook '/home/fastbot/ros2_ws/real/install/fastbot_slam_real/share/fastbot_slam_real/hook/cmake_prefix_path.ps1'
[4.414s] INFO:colcon.colcon_core.shell:Creating environment descriptor '/home/fastbot/ros2_ws/real/install/fastbot_slam_real/share/fastbot_slam_real/hook/cmake_prefix_path.dsv'
[4.417s] INFO:colcon.colcon_core.shell:Creating environment hook '/home/fastbot/ros2_ws/real/install/fastbot_slam_real/share/fastbot_slam_real/hook/cmake_prefix_path.sh'
[4.420s] Level 1:colcon.colcon_core.environment:checking '/home/fastbot/ros2_ws/real/install/fastbot_slam_real/bin'
[4.422s] Level 1:colcon.colcon_core.environment:checking '/home/fastbot/ros2_ws/real/install/fastbot_slam_real/lib/pkgconfig/fastbot_slam_real.pc'
[4.424s] Level 1:colcon.colcon_core.environment:checking '/home/fastbot/ros2_ws/real/install/fastbot_slam_real/lib/python3.10/site-packages'
[4.425s] Level 1:colcon.colcon_core.environment:checking '/home/fastbot/ros2_ws/real/install/fastbot_slam_real/bin'
[4.426s] INFO:colcon.colcon_core.shell:Creating package script '/home/fastbot/ros2_ws/real/install/fastbot_slam_real/share/fastbot_slam_real/package.ps1'
[4.430s] INFO:colcon.colcon_core.shell:Creating package descriptor '/home/fastbot/ros2_ws/real/install/fastbot_slam_real/share/fastbot_slam_real/package.dsv'
[4.433s] INFO:colcon.colcon_core.shell:Creating package script '/home/fastbot/ros2_ws/real/install/fastbot_slam_real/share/fastbot_slam_real/package.sh'
[4.437s] INFO:colcon.colcon_core.shell:Creating package script '/home/fastbot/ros2_ws/real/install/fastbot_slam_real/share/fastbot_slam_real/package.bash'
[4.440s] INFO:colcon.colcon_core.shell:Creating package script '/home/fastbot/ros2_ws/real/install/fastbot_slam_real/share/fastbot_slam_real/package.zsh'
[4.443s] Level 1:colcon.colcon_core.environment:create_file_with_runtime_dependencies(/home/fastbot/ros2_ws/real/install/fastbot_slam_real/share/colcon-core/packages/fastbot_slam_real)
[10.331s] DEBUG:colcon.colcon_core.event_handler.log_command:Invoked command in '/home/fastbot/ros2_ws/real/build/serial_motor_msgs' returned '0': CMAKE_PREFIX_PATH=${CMAKE_PREFIX_PATH}:/home/fastbot/ros2_ws/real/install/serial_motor:/home/fastbot/ros2_ws/install/serial_motor:/home/fastbot/ros2_ws/install/serial_motor_msgs:/home/fastbot/ros2_ws/install/lslidar_driver:/home/fastbot/ros2_ws/install/lslidar_msgs:/home/fastbot/ros2_ws/install/fastbot_description:/home/fastbot/ros2_ws/install/fastbot_bringup:/opt/ros/humble /usr/bin/cmake --build /home/fastbot/ros2_ws/real/build/serial_motor_msgs -- -j4 -l4
[10.340s] DEBUG:colcon.colcon_core.event_handler.log_command:Invoking command in '/home/fastbot/ros2_ws/real/build/serial_motor_msgs': CMAKE_PREFIX_PATH=${CMAKE_PREFIX_PATH}:/home/fastbot/ros2_ws/real/install/serial_motor:/home/fastbot/ros2_ws/install/serial_motor:/home/fastbot/ros2_ws/install/serial_motor_msgs:/home/fastbot/ros2_ws/install/lslidar_driver:/home/fastbot/ros2_ws/install/lslidar_msgs:/home/fastbot/ros2_ws/install/fastbot_description:/home/fastbot/ros2_ws/install/fastbot_bringup:/opt/ros/humble /usr/bin/cmake --install /home/fastbot/ros2_ws/real/build/serial_motor_msgs
[10.687s] Level 1:colcon.colcon_core.environment:create_environment_scripts_only(serial_motor_msgs)
[10.688s] Level 1:colcon.colcon_core.environment:checking '/home/fastbot/ros2_ws/real/install/serial_motor_msgs' for CMake module files
[10.690s] DEBUG:colcon.colcon_core.event_handler.log_command:Invoked command in '/home/fastbot/ros2_ws/real/build/serial_motor_msgs' returned '0': CMAKE_PREFIX_PATH=${CMAKE_PREFIX_PATH}:/home/fastbot/ros2_ws/real/install/serial_motor:/home/fastbot/ros2_ws/install/serial_motor:/home/fastbot/ros2_ws/install/serial_motor_msgs:/home/fastbot/ros2_ws/install/lslidar_driver:/home/fastbot/ros2_ws/install/lslidar_msgs:/home/fastbot/ros2_ws/install/fastbot_description:/home/fastbot/ros2_ws/install/fastbot_bringup:/opt/ros/humble /usr/bin/cmake --install /home/fastbot/ros2_ws/real/build/serial_motor_msgs
[10.693s] Level 1:colcon.colcon_core.environment:checking '/home/fastbot/ros2_ws/real/install/serial_motor_msgs' for CMake config files
[10.697s] Level 1:colcon.colcon_core.shell:create_environment_hook('serial_motor_msgs', 'cmake_prefix_path')
[10.698s] INFO:colcon.colcon_core.shell:Creating environment hook '/home/fastbot/ros2_ws/real/install/serial_motor_msgs/share/serial_motor_msgs/hook/cmake_prefix_path.ps1'
[10.700s] INFO:colcon.colcon_core.shell:Creating environment descriptor '/home/fastbot/ros2_ws/real/install/serial_motor_msgs/share/serial_motor_msgs/hook/cmake_prefix_path.dsv'
[10.703s] INFO:colcon.colcon_core.shell:Creating environment hook '/home/fastbot/ros2_ws/real/install/serial_motor_msgs/share/serial_motor_msgs/hook/cmake_prefix_path.sh'
[10.706s] Level 1:colcon.colcon_core.environment:checking '/home/fastbot/ros2_ws/real/install/serial_motor_msgs/lib'
[10.707s] Level 1:colcon.colcon_core.shell:create_environment_hook('serial_motor_msgs', 'ld_library_path_lib')
[10.708s] INFO:colcon.colcon_core.shell:Creating environment hook '/home/fastbot/ros2_ws/real/install/serial_motor_msgs/share/serial_motor_msgs/hook/ld_library_path_lib.ps1'
[10.710s] INFO:colcon.colcon_core.shell:Creating environment descriptor '/home/fastbot/ros2_ws/real/install/serial_motor_msgs/share/serial_motor_msgs/hook/ld_library_path_lib.dsv'
[10.712s] INFO:colcon.colcon_core.shell:Creating environment hook '/home/fastbot/ros2_ws/real/install/serial_motor_msgs/share/serial_motor_msgs/hook/ld_library_path_lib.sh'
[10.714s] Level 1:colcon.colcon_core.environment:checking '/home/fastbot/ros2_ws/real/install/serial_motor_msgs/bin'
[10.714s] Level 1:colcon.colcon_core.environment:checking '/home/fastbot/ros2_ws/real/install/serial_motor_msgs/lib/pkgconfig/serial_motor_msgs.pc'
[10.715s] Level 1:colcon.colcon_core.environment:checking '/home/fastbot/ros2_ws/real/install/serial_motor_msgs/lib/python3.10/site-packages'
[10.716s] Level 1:colcon.colcon_core.environment:checking '/home/fastbot/ros2_ws/real/install/serial_motor_msgs/bin'
[10.718s] INFO:colcon.colcon_core.shell:Creating package script '/home/fastbot/ros2_ws/real/install/serial_motor_msgs/share/serial_motor_msgs/package.ps1'
[10.720s] INFO:colcon.colcon_core.shell:Creating package descriptor '/home/fastbot/ros2_ws/real/install/serial_motor_msgs/share/serial_motor_msgs/package.dsv'
[10.723s] INFO:colcon.colcon_core.shell:Creating package script '/home/fastbot/ros2_ws/real/install/serial_motor_msgs/share/serial_motor_msgs/package.sh'
[10.725s] INFO:colcon.colcon_core.shell:Creating package script '/home/fastbot/ros2_ws/real/install/serial_motor_msgs/share/serial_motor_msgs/package.bash'
[10.727s] INFO:colcon.colcon_core.shell:Creating package script '/home/fastbot/ros2_ws/real/install/serial_motor_msgs/share/serial_motor_msgs/package.zsh'
[10.730s] Level 1:colcon.colcon_core.environment:create_file_with_runtime_dependencies(/home/fastbot/ros2_ws/real/install/serial_motor_msgs/share/colcon-core/packages/serial_motor_msgs)
[10.733s] Level 1:colcon.colcon_core.environment:create_environment_scripts_only(serial_motor_msgs)
[10.734s] Level 1:colcon.colcon_core.environment:checking '/home/fastbot/ros2_ws/real/install/serial_motor_msgs' for CMake module files
[10.738s] Level 1:colcon.colcon_core.environment:checking '/home/fastbot/ros2_ws/real/install/serial_motor_msgs' for CMake config files
[10.742s] Level 1:colcon.colcon_core.shell:create_environment_hook('serial_motor_msgs', 'cmake_prefix_path')
[10.743s] INFO:colcon.colcon_core.shell:Creating environment hook '/home/fastbot/ros2_ws/real/install/serial_motor_msgs/share/serial_motor_msgs/hook/cmake_prefix_path.ps1'
[10.745s] INFO:colcon.colcon_core.shell:Creating environment descriptor '/home/fastbot/ros2_ws/real/install/serial_motor_msgs/share/serial_motor_msgs/hook/cmake_prefix_path.dsv'
[10.747s] INFO:colcon.colcon_core.shell:Creating environment hook '/home/fastbot/ros2_ws/real/install/serial_motor_msgs/share/serial_motor_msgs/hook/cmake_prefix_path.sh'
[10.750s] Level 1:colcon.colcon_core.environment:checking '/home/fastbot/ros2_ws/real/install/serial_motor_msgs/lib'
[10.751s] Level 1:colcon.colcon_core.shell:create_environment_hook('serial_motor_msgs', 'ld_library_path_lib')
[10.752s] INFO:colcon.colcon_core.shell:Creating environment hook '/home/fastbot/ros2_ws/real/install/serial_motor_msgs/share/serial_motor_msgs/hook/ld_library_path_lib.ps1'
[10.754s] INFO:colcon.colcon_core.shell:Creating environment descriptor '/home/fastbot/ros2_ws/real/install/serial_motor_msgs/share/serial_motor_msgs/hook/ld_library_path_lib.dsv'
[10.756s] INFO:colcon.colcon_core.shell:Creating environment hook '/home/fastbot/ros2_ws/real/install/serial_motor_msgs/share/serial_motor_msgs/hook/ld_library_path_lib.sh'
[10.759s] Level 1:colcon.colcon_core.environment:checking '/home/fastbot/ros2_ws/real/install/serial_motor_msgs/bin'
[10.759s] Level 1:colcon.colcon_core.environment:checking '/home/fastbot/ros2_ws/real/install/serial_motor_msgs/lib/pkgconfig/serial_motor_msgs.pc'
[10.761s] Level 1:colcon.colcon_core.environment:checking '/home/fastbot/ros2_ws/real/install/serial_motor_msgs/lib/python3.10/site-packages'
[10.762s] Level 1:colcon.colcon_core.environment:checking '/home/fastbot/ros2_ws/real/install/serial_motor_msgs/bin'
[10.763s] INFO:colcon.colcon_core.shell:Creating package script '/home/fastbot/ros2_ws/real/install/serial_motor_msgs/share/serial_motor_msgs/package.ps1'
[10.766s] INFO:colcon.colcon_core.shell:Creating package descriptor '/home/fastbot/ros2_ws/real/install/serial_motor_msgs/share/serial_motor_msgs/package.dsv'
[10.769s] INFO:colcon.colcon_core.shell:Creating package script '/home/fastbot/ros2_ws/real/install/serial_motor_msgs/share/serial_motor_msgs/package.sh'
[10.772s] INFO:colcon.colcon_core.shell:Creating package script '/home/fastbot/ros2_ws/real/install/serial_motor_msgs/share/serial_motor_msgs/package.bash'
[10.774s] INFO:colcon.colcon_core.shell:Creating package script '/home/fastbot/ros2_ws/real/install/serial_motor_msgs/share/serial_motor_msgs/package.zsh'
[10.777s] Level 1:colcon.colcon_core.environment:create_file_with_runtime_dependencies(/home/fastbot/ros2_ws/real/install/serial_motor_msgs/share/colcon-core/packages/serial_motor_msgs)
[10.779s] INFO:colcon.colcon_ros.task.ament_python.build:Building ROS package in '/home/fastbot/ros2_ws/real/src/serial_motor' with build type 'ament_python'
[10.779s] Level 1:colcon.colcon_core.shell:create_environment_hook('serial_motor', 'ament_prefix_path')
[10.781s] INFO:colcon.colcon_core.shell:Creating environment hook '/home/fastbot/ros2_ws/real/install/serial_motor/share/serial_motor/hook/ament_prefix_path.ps1'
[10.784s] INFO:colcon.colcon_core.shell:Creating environment descriptor '/home/fastbot/ros2_ws/real/install/serial_motor/share/serial_motor/hook/ament_prefix_path.dsv'
[10.787s] INFO:colcon.colcon_core.shell:Creating environment hook '/home/fastbot/ros2_ws/real/install/serial_motor/share/serial_motor/hook/ament_prefix_path.sh'
[10.790s] INFO:colcon.colcon_core.shell:Skip shell extension 'powershell' for command environment: Not usable outside of PowerShell
[10.790s] DEBUG:colcon.colcon_core.shell:Skip shell extension 'dsv' for command environment
[12.110s] INFO:colcon.colcon_core.task.python.build:Building Python package in '/home/fastbot/ros2_ws/real/src/serial_motor'
[12.111s] INFO:colcon.colcon_core.shell:Skip shell extension 'powershell' for command environment: Not usable outside of PowerShell
[12.112s] DEBUG:colcon.colcon_core.shell:Skip shell extension 'dsv' for command environment
[12.142s] DEBUG:colcon.colcon_core.event_handler.log_command:Invoked command in '/home/fastbot/ros2_ws/real/build/lslidar_msgs' returned '0': CMAKE_PREFIX_PATH=${CMAKE_PREFIX_PATH}:/home/fastbot/ros2_ws/real/install/serial_motor:/home/fastbot/ros2_ws/install/serial_motor:/home/fastbot/ros2_ws/install/serial_motor_msgs:/home/fastbot/ros2_ws/install/lslidar_driver:/home/fastbot/ros2_ws/install/lslidar_msgs:/home/fastbot/ros2_ws/install/fastbot_description:/home/fastbot/ros2_ws/install/fastbot_bringup:/opt/ros/humble /usr/bin/cmake --build /home/fastbot/ros2_ws/real/build/lslidar_msgs -- -j4 -l4
[12.153s] DEBUG:colcon.colcon_core.event_handler.log_command:Invoking command in '/home/fastbot/ros2_ws/real/build/lslidar_msgs': CMAKE_PREFIX_PATH=${CMAKE_PREFIX_PATH}:/home/fastbot/ros2_ws/real/install/serial_motor:/home/fastbot/ros2_ws/install/serial_motor:/home/fastbot/ros2_ws/install/serial_motor_msgs:/home/fastbot/ros2_ws/install/lslidar_driver:/home/fastbot/ros2_ws/install/lslidar_msgs:/home/fastbot/ros2_ws/install/fastbot_description:/home/fastbot/ros2_ws/install/fastbot_bringup:/opt/ros/humble /usr/bin/cmake --install /home/fastbot/ros2_ws/real/build/lslidar_msgs
[12.521s] Level 1:colcon.colcon_core.environment:create_environment_scripts_only(lslidar_msgs)
[12.522s] Level 1:colcon.colcon_core.environment:checking '/home/fastbot/ros2_ws/real/install/lslidar_msgs' for CMake module files
[12.524s] DEBUG:colcon.colcon_core.event_handler.log_command:Invoked command in '/home/fastbot/ros2_ws/real/build/lslidar_msgs' returned '0': CMAKE_PREFIX_PATH=${CMAKE_PREFIX_PATH}:/home/fastbot/ros2_ws/real/install/serial_motor:/home/fastbot/ros2_ws/install/serial_motor:/home/fastbot/ros2_ws/install/serial_motor_msgs:/home/fastbot/ros2_ws/install/lslidar_driver:/home/fastbot/ros2_ws/install/lslidar_msgs:/home/fastbot/ros2_ws/install/fastbot_description:/home/fastbot/ros2_ws/install/fastbot_bringup:/opt/ros/humble /usr/bin/cmake --install /home/fastbot/ros2_ws/real/build/lslidar_msgs
[12.528s] Level 1:colcon.colcon_core.environment:checking '/home/fastbot/ros2_ws/real/install/lslidar_msgs' for CMake config files
[12.531s] Level 1:colcon.colcon_core.shell:create_environment_hook('lslidar_msgs', 'cmake_prefix_path')
[12.532s] INFO:colcon.colcon_core.shell:Creating environment hook '/home/fastbot/ros2_ws/real/install/lslidar_msgs/share/lslidar_msgs/hook/cmake_prefix_path.ps1'
[12.534s] INFO:colcon.colcon_core.shell:Creating environment descriptor '/home/fastbot/ros2_ws/real/install/lslidar_msgs/share/lslidar_msgs/hook/cmake_prefix_path.dsv'
[12.536s] INFO:colcon.colcon_core.shell:Creating environment hook '/home/fastbot/ros2_ws/real/install/lslidar_msgs/share/lslidar_msgs/hook/cmake_prefix_path.sh'
[12.540s] Level 1:colcon.colcon_core.environment:checking '/home/fastbot/ros2_ws/real/install/lslidar_msgs/lib'
[12.540s] Level 1:colcon.colcon_core.shell:create_environment_hook('lslidar_msgs', 'ld_library_path_lib')
[12.541s] INFO:colcon.colcon_core.shell:Creating environment hook '/home/fastbot/ros2_ws/real/install/lslidar_msgs/share/lslidar_msgs/hook/ld_library_path_lib.ps1'
[12.544s] INFO:colcon.colcon_core.shell:Creating environment descriptor '/home/fastbot/ros2_ws/real/install/lslidar_msgs/share/lslidar_msgs/hook/ld_library_path_lib.dsv'
[12.546s] INFO:colcon.colcon_core.shell:Creating environment hook '/home/fastbot/ros2_ws/real/install/lslidar_msgs/share/lslidar_msgs/hook/ld_library_path_lib.sh'
[12.548s] Level 1:colcon.colcon_core.environment:checking '/home/fastbot/ros2_ws/real/install/lslidar_msgs/bin'
[12.549s] Level 1:colcon.colcon_core.environment:checking '/home/fastbot/ros2_ws/real/install/lslidar_msgs/lib/pkgconfig/lslidar_msgs.pc'
[12.549s] Level 1:colcon.colcon_core.environment:checking '/home/fastbot/ros2_ws/real/install/lslidar_msgs/lib/python3.10/site-packages'
[12.551s] Level 1:colcon.colcon_core.environment:checking '/home/fastbot/ros2_ws/real/install/lslidar_msgs/bin'
[12.552s] INFO:colcon.colcon_core.shell:Creating package script '/home/fastbot/ros2_ws/real/install/lslidar_msgs/share/lslidar_msgs/package.ps1'
[12.554s] INFO:colcon.colcon_core.shell:Creating package descriptor '/home/fastbot/ros2_ws/real/install/lslidar_msgs/share/lslidar_msgs/package.dsv'
[12.557s] INFO:colcon.colcon_core.shell:Creating package script '/home/fastbot/ros2_ws/real/install/lslidar_msgs/share/lslidar_msgs/package.sh'
[12.559s] INFO:colcon.colcon_core.shell:Creating package script '/home/fastbot/ros2_ws/real/install/lslidar_msgs/share/lslidar_msgs/package.bash'
[12.561s] INFO:colcon.colcon_core.shell:Creating package script '/home/fastbot/ros2_ws/real/install/lslidar_msgs/share/lslidar_msgs/package.zsh'
[12.563s] Level 1:colcon.colcon_core.environment:create_file_with_runtime_dependencies(/home/fastbot/ros2_ws/real/install/lslidar_msgs/share/colcon-core/packages/lslidar_msgs)
[12.567s] Level 1:colcon.colcon_core.environment:create_environment_scripts_only(lslidar_msgs)
[12.568s] Level 1:colcon.colcon_core.environment:checking '/home/fastbot/ros2_ws/real/install/lslidar_msgs' for CMake module files
[12.572s] Level 1:colcon.colcon_core.environment:checking '/home/fastbot/ros2_ws/real/install/lslidar_msgs' for CMake config files
[12.576s] Level 1:colcon.colcon_core.shell:create_environment_hook('lslidar_msgs', 'cmake_prefix_path')
[12.577s] INFO:colcon.colcon_core.shell:Creating environment hook '/home/fastbot/ros2_ws/real/install/lslidar_msgs/share/lslidar_msgs/hook/cmake_prefix_path.ps1'
[12.579s] INFO:colcon.colcon_core.shell:Creating environment descriptor '/home/fastbot/ros2_ws/real/install/lslidar_msgs/share/lslidar_msgs/hook/cmake_prefix_path.dsv'
[12.581s] INFO:colcon.colcon_core.shell:Creating environment hook '/home/fastbot/ros2_ws/real/install/lslidar_msgs/share/lslidar_msgs/hook/cmake_prefix_path.sh'
[12.584s] Level 1:colcon.colcon_core.environment:checking '/home/fastbot/ros2_ws/real/install/lslidar_msgs/lib'
[12.585s] Level 1:colcon.colcon_core.shell:create_environment_hook('lslidar_msgs', 'ld_library_path_lib')
[12.586s] INFO:colcon.colcon_core.shell:Creating environment hook '/home/fastbot/ros2_ws/real/install/lslidar_msgs/share/lslidar_msgs/hook/ld_library_path_lib.ps1'
[12.588s] INFO:colcon.colcon_core.shell:Creating environment descriptor '/home/fastbot/ros2_ws/real/install/lslidar_msgs/share/lslidar_msgs/hook/ld_library_path_lib.dsv'
[12.590s] INFO:colcon.colcon_core.shell:Creating environment hook '/home/fastbot/ros2_ws/real/install/lslidar_msgs/share/lslidar_msgs/hook/ld_library_path_lib.sh'
[12.593s] Level 1:colcon.colcon_core.environment:checking '/home/fastbot/ros2_ws/real/install/lslidar_msgs/bin'
[12.594s] Level 1:colcon.colcon_core.environment:checking '/home/fastbot/ros2_ws/real/install/lslidar_msgs/lib/pkgconfig/lslidar_msgs.pc'
[12.596s] Level 1:colcon.colcon_core.environment:checking '/home/fastbot/ros2_ws/real/install/lslidar_msgs/lib/python3.10/site-packages'
[12.597s] Level 1:colcon.colcon_core.environment:checking '/home/fastbot/ros2_ws/real/install/lslidar_msgs/bin'
[12.598s] INFO:colcon.colcon_core.shell:Creating package script '/home/fastbot/ros2_ws/real/install/lslidar_msgs/share/lslidar_msgs/package.ps1'
[12.601s] INFO:colcon.colcon_core.shell:Creating package descriptor '/home/fastbot/ros2_ws/real/install/lslidar_msgs/share/lslidar_msgs/package.dsv'
[12.604s] INFO:colcon.colcon_core.shell:Creating package script '/home/fastbot/ros2_ws/real/install/lslidar_msgs/share/lslidar_msgs/package.sh'
[12.606s] INFO:colcon.colcon_core.shell:Creating package script '/home/fastbot/ros2_ws/real/install/lslidar_msgs/share/lslidar_msgs/package.bash'
[12.609s] INFO:colcon.colcon_core.shell:Creating package script '/home/fastbot/ros2_ws/real/install/lslidar_msgs/share/lslidar_msgs/package.zsh'
[12.611s] Level 1:colcon.colcon_core.environment:create_file_with_runtime_dependencies(/home/fastbot/ros2_ws/real/install/lslidar_msgs/share/colcon-core/packages/lslidar_msgs)
[12.613s] INFO:colcon.colcon_ros.task.ament_cmake.build:Building ROS package in '/home/fastbot/ros2_ws/real/src/Lslidar_ROS2_driver/lslidar_driver' with build type 'ament_cmake'
[12.614s] INFO:colcon.colcon_cmake.task.cmake.build:Building CMake package in '/home/fastbot/ros2_ws/real/src/Lslidar_ROS2_driver/lslidar_driver'
[12.615s] INFO:colcon.colcon_core.shell:Skip shell extension 'powershell' for command environment: Not usable outside of PowerShell
[12.615s] DEBUG:colcon.colcon_core.shell:Skip shell extension 'dsv' for command environment
[12.679s] DEBUG:colcon.colcon_core.event_handler.log_command:Invoking command in '/home/fastbot/ros2_ws/real/build/lslidar_driver': CMAKE_PREFIX_PATH=/home/fastbot/ros2_ws/real/install/lslidar_msgs:/home/fastbot/ros2_ws/real/install/serial_motor_msgs:/home/fastbot/ros2_ws/real/install/lslidar_driver:/home/fastbot/ros2_ws/real/install/fastbot_slam_real:/home/fastbot/ros2_ws/real/install/fastbot_description:/home/fastbot/ros2_ws/real/install/fastbot_bringup:/home/fastbot/ros2_ws/real/install/serial_motor:/home/fastbot/ros2_ws/install/serial_motor:/home/fastbot/ros2_ws/install/serial_motor_msgs:/home/fastbot/ros2_ws/install/lslidar_driver:/home/fastbot/ros2_ws/install/lslidar_msgs:/home/fastbot/ros2_ws/install/fastbot_description:/home/fastbot/ros2_ws/install/fastbot_bringup:/opt/ros/humble LD_LIBRARY_PATH=/home/fastbot/ros2_ws/real/install/lslidar_msgs/lib:/home/fastbot/ros2_ws/real/install/serial_motor_msgs/lib:/home/fastbot/ros2_ws/install/serial_motor_msgs/lib:/home/fastbot/ros2_ws/install/lslidar_msgs/lib:/opt/ros/humble/opt/rviz_ogre_vendor/lib:/opt/ros/humble/lib/aarch64-linux-gnu:/opt/ros/humble/lib /usr/bin/cmake --build /home/fastbot/ros2_ws/real/build/lslidar_driver -- -j4 -l4
[14.119s] DEBUG:colcon.colcon_core.event_handler.log_command:Invoking command in '/home/fastbot/ros2_ws/real/src/serial_motor': PYTHONPATH=/home/fastbot/ros2_ws/real/build/serial_motor/prefix_override:/usr/lib/python3/dist-packages/colcon_core/task/python/colcon_distutils_commands:/home/fastbot/ros2_ws/real/install/serial_motor/lib/python3.10/site-packages:${PYTHONPATH} /usr/bin/python3 -W ignore:setup.py install is deprecated -W ignore:easy_install command is deprecated setup.py egg_info --egg-base ../../build/serial_motor build --build-base /home/fastbot/ros2_ws/real/build/serial_motor/build install --record /home/fastbot/ros2_ws/real/build/serial_motor/install.log --single-version-externally-managed install_data
[15.712s] Level 1:colcon.colcon_core.environment:checking '/home/fastbot/ros2_ws/real/install/serial_motor' for CMake module files
[15.713s] DEBUG:colcon.colcon_core.event_handler.log_command:Invoked command in '/home/fastbot/ros2_ws/real/src/serial_motor' returned '0': PYTHONPATH=/home/fastbot/ros2_ws/real/build/serial_motor/prefix_override:/usr/lib/python3/dist-packages/colcon_core/task/python/colcon_distutils_commands:/home/fastbot/ros2_ws/real/install/serial_motor/lib/python3.10/site-packages:${PYTHONPATH} /usr/bin/python3 -W ignore:setup.py install is deprecated -W ignore:easy_install command is deprecated setup.py egg_info --egg-base ../../build/serial_motor build --build-base /home/fastbot/ros2_ws/real/build/serial_motor/build install --record /home/fastbot/ros2_ws/real/build/serial_motor/install.log --single-version-externally-managed install_data
[15.715s] Level 1:colcon.colcon_core.environment:checking '/home/fastbot/ros2_ws/real/install/serial_motor' for CMake config files
[15.718s] Level 1:colcon.colcon_core.environment:checking '/home/fastbot/ros2_ws/real/install/serial_motor/lib'
[15.719s] Level 1:colcon.colcon_core.environment:checking '/home/fastbot/ros2_ws/real/install/serial_motor/bin'
[15.719s] Level 1:colcon.colcon_core.environment:checking '/home/fastbot/ros2_ws/real/install/serial_motor/lib/pkgconfig/serial_motor.pc'
[15.720s] Level 1:colcon.colcon_core.environment:checking '/home/fastbot/ros2_ws/real/install/serial_motor/lib/python3.10/site-packages'
[15.720s] Level 1:colcon.colcon_core.shell:create_environment_hook('serial_motor', 'pythonpath')
[15.721s] INFO:colcon.colcon_core.shell:Creating environment hook '/home/fastbot/ros2_ws/real/install/serial_motor/share/serial_motor/hook/pythonpath.ps1'
[15.723s] INFO:colcon.colcon_core.shell:Creating environment descriptor '/home/fastbot/ros2_ws/real/install/serial_motor/share/serial_motor/hook/pythonpath.dsv'
[15.725s] INFO:colcon.colcon_core.shell:Creating environment hook '/home/fastbot/ros2_ws/real/install/serial_motor/share/serial_motor/hook/pythonpath.sh'
[15.728s] Level 1:colcon.colcon_core.environment:checking '/home/fastbot/ros2_ws/real/install/serial_motor/bin'
[15.728s] Level 1:colcon.colcon_core.environment:create_environment_scripts_only(serial_motor)
[15.729s] INFO:colcon.colcon_core.shell:Creating package script '/home/fastbot/ros2_ws/real/install/serial_motor/share/serial_motor/package.ps1'
[15.732s] INFO:colcon.colcon_core.shell:Creating package descriptor '/home/fastbot/ros2_ws/real/install/serial_motor/share/serial_motor/package.dsv'
[15.735s] INFO:colcon.colcon_core.shell:Creating package script '/home/fastbot/ros2_ws/real/install/serial_motor/share/serial_motor/package.sh'
[15.737s] INFO:colcon.colcon_core.shell:Creating package script '/home/fastbot/ros2_ws/real/install/serial_motor/share/serial_motor/package.bash'
[15.739s] INFO:colcon.colcon_core.shell:Creating package script '/home/fastbot/ros2_ws/real/install/serial_motor/share/serial_motor/package.zsh'
[15.741s] Level 1:colcon.colcon_core.environment:create_file_with_runtime_dependencies(/home/fastbot/ros2_ws/real/install/serial_motor/share/colcon-core/packages/serial_motor)
[20.412s] DEBUG:colcon.colcon_core.event_handler.log_command:Invoked command in '/home/fastbot/ros2_ws/real/build/lslidar_driver' returned '0': CMAKE_PREFIX_PATH=/home/fastbot/ros2_ws/real/install/lslidar_msgs:/home/fastbot/ros2_ws/real/install/serial_motor_msgs:/home/fastbot/ros2_ws/real/install/lslidar_driver:/home/fastbot/ros2_ws/real/install/fastbot_slam_real:/home/fastbot/ros2_ws/real/install/fastbot_description:/home/fastbot/ros2_ws/real/install/fastbot_bringup:/home/fastbot/ros2_ws/real/install/serial_motor:/home/fastbot/ros2_ws/install/serial_motor:/home/fastbot/ros2_ws/install/serial_motor_msgs:/home/fastbot/ros2_ws/install/lslidar_driver:/home/fastbot/ros2_ws/install/lslidar_msgs:/home/fastbot/ros2_ws/install/fastbot_description:/home/fastbot/ros2_ws/install/fastbot_bringup:/opt/ros/humble LD_LIBRARY_PATH=/home/fastbot/ros2_ws/real/install/lslidar_msgs/lib:/home/fastbot/ros2_ws/real/install/serial_motor_msgs/lib:/home/fastbot/ros2_ws/install/serial_motor_msgs/lib:/home/fastbot/ros2_ws/install/lslidar_msgs/lib:/opt/ros/humble/opt/rviz_ogre_vendor/lib:/opt/ros/humble/lib/aarch64-linux-gnu:/opt/ros/humble/lib /usr/bin/cmake --build /home/fastbot/ros2_ws/real/build/lslidar_driver -- -j4 -l4
[20.423s] DEBUG:colcon.colcon_core.event_handler.log_command:Invoking command in '/home/fastbot/ros2_ws/real/build/lslidar_driver': CMAKE_PREFIX_PATH=/home/fastbot/ros2_ws/real/install/lslidar_msgs:/home/fastbot/ros2_ws/real/install/serial_motor_msgs:/home/fastbot/ros2_ws/real/install/lslidar_driver:/home/fastbot/ros2_ws/real/install/fastbot_slam_real:/home/fastbot/ros2_ws/real/install/fastbot_description:/home/fastbot/ros2_ws/real/install/fastbot_bringup:/home/fastbot/ros2_ws/real/install/serial_motor:/home/fastbot/ros2_ws/install/serial_motor:/home/fastbot/ros2_ws/install/serial_motor_msgs:/home/fastbot/ros2_ws/install/lslidar_driver:/home/fastbot/ros2_ws/install/lslidar_msgs:/home/fastbot/ros2_ws/install/fastbot_description:/home/fastbot/ros2_ws/install/fastbot_bringup:/opt/ros/humble LD_LIBRARY_PATH=/home/fastbot/ros2_ws/real/install/lslidar_msgs/lib:/home/fastbot/ros2_ws/real/install/serial_motor_msgs/lib:/home/fastbot/ros2_ws/install/serial_motor_msgs/lib:/home/fastbot/ros2_ws/install/lslidar_msgs/lib:/opt/ros/humble/opt/rviz_ogre_vendor/lib:/opt/ros/humble/lib/aarch64-linux-gnu:/opt/ros/humble/lib /usr/bin/cmake --install /home/fastbot/ros2_ws/real/build/lslidar_driver
[20.471s] Level 1:colcon.colcon_core.environment:create_environment_scripts_only(lslidar_driver)
[20.472s] Level 1:colcon.colcon_core.environment:checking '/home/fastbot/ros2_ws/real/install/lslidar_driver' for CMake module files
[20.474s] DEBUG:colcon.colcon_core.event_handler.log_command:Invoked command in '/home/fastbot/ros2_ws/real/build/lslidar_driver' returned '0': CMAKE_PREFIX_PATH=/home/fastbot/ros2_ws/real/install/lslidar_msgs:/home/fastbot/ros2_ws/real/install/serial_motor_msgs:/home/fastbot/ros2_ws/real/install/lslidar_driver:/home/fastbot/ros2_ws/real/install/fastbot_slam_real:/home/fastbot/ros2_ws/real/install/fastbot_description:/home/fastbot/ros2_ws/real/install/fastbot_bringup:/home/fastbot/ros2_ws/real/install/serial_motor:/home/fastbot/ros2_ws/install/serial_motor:/home/fastbot/ros2_ws/install/serial_motor_msgs:/home/fastbot/ros2_ws/install/lslidar_driver:/home/fastbot/ros2_ws/install/lslidar_msgs:/home/fastbot/ros2_ws/install/fastbot_description:/home/fastbot/ros2_ws/install/fastbot_bringup:/opt/ros/humble LD_LIBRARY_PATH=/home/fastbot/ros2_ws/real/install/lslidar_msgs/lib:/home/fastbot/ros2_ws/real/install/serial_motor_msgs/lib:/home/fastbot/ros2_ws/install/serial_motor_msgs/lib:/home/fastbot/ros2_ws/install/lslidar_msgs/lib:/opt/ros/humble/opt/rviz_ogre_vendor/lib:/opt/ros/humble/lib/aarch64-linux-gnu:/opt/ros/humble/lib /usr/bin/cmake --install /home/fastbot/ros2_ws/real/build/lslidar_driver
[20.476s] Level 1:colcon.colcon_core.environment:checking '/home/fastbot/ros2_ws/real/install/lslidar_driver' for CMake config files
[20.478s] Level 1:colcon.colcon_core.shell:create_environment_hook('lslidar_driver', 'cmake_prefix_path')
[20.480s] INFO:colcon.colcon_core.shell:Creating environment hook '/home/fastbot/ros2_ws/real/install/lslidar_driver/share/lslidar_driver/hook/cmake_prefix_path.ps1'
[20.482s] INFO:colcon.colcon_core.shell:Creating environment descriptor '/home/fastbot/ros2_ws/real/install/lslidar_driver/share/lslidar_driver/hook/cmake_prefix_path.dsv'
[20.484s] INFO:colcon.colcon_core.shell:Creating environment hook '/home/fastbot/ros2_ws/real/install/lslidar_driver/share/lslidar_driver/hook/cmake_prefix_path.sh'
[20.488s] Level 1:colcon.colcon_core.environment:checking '/home/fastbot/ros2_ws/real/install/lslidar_driver/lib'
[20.488s] Level 1:colcon.colcon_core.environment:checking '/home/fastbot/ros2_ws/real/install/lslidar_driver/bin'
[20.489s] Level 1:colcon.colcon_core.environment:checking '/home/fastbot/ros2_ws/real/install/lslidar_driver/lib/pkgconfig/lslidar_driver.pc'
[20.490s] Level 1:colcon.colcon_core.environment:checking '/home/fastbot/ros2_ws/real/install/lslidar_driver/lib/python3.10/site-packages'
[20.490s] Level 1:colcon.colcon_core.environment:checking '/home/fastbot/ros2_ws/real/install/lslidar_driver/bin'
[20.491s] INFO:colcon.colcon_core.shell:Creating package script '/home/fastbot/ros2_ws/real/install/lslidar_driver/share/lslidar_driver/package.ps1'
[20.494s] INFO:colcon.colcon_core.shell:Creating package descriptor '/home/fastbot/ros2_ws/real/install/lslidar_driver/share/lslidar_driver/package.dsv'
[20.495s] INFO:colcon.colcon_core.shell:Creating package script '/home/fastbot/ros2_ws/real/install/lslidar_driver/share/lslidar_driver/package.sh'
[20.497s] INFO:colcon.colcon_core.shell:Creating package script '/home/fastbot/ros2_ws/real/install/lslidar_driver/share/lslidar_driver/package.bash'
[20.499s] INFO:colcon.colcon_core.shell:Creating package script '/home/fastbot/ros2_ws/real/install/lslidar_driver/share/lslidar_driver/package.zsh'
[20.501s] Level 1:colcon.colcon_core.environment:create_file_with_runtime_dependencies(/home/fastbot/ros2_ws/real/install/lslidar_driver/share/colcon-core/packages/lslidar_driver)
[20.504s] Level 1:colcon.colcon_core.environment:create_environment_scripts_only(lslidar_driver)
[20.505s] Level 1:colcon.colcon_core.environment:checking '/home/fastbot/ros2_ws/real/install/lslidar_driver' for CMake module files
[20.507s] Level 1:colcon.colcon_core.environment:checking '/home/fastbot/ros2_ws/real/install/lslidar_driver' for CMake config files
[20.509s] Level 1:colcon.colcon_core.shell:create_environment_hook('lslidar_driver', 'cmake_prefix_path')
[20.510s] INFO:colcon.colcon_core.shell:Creating environment hook '/home/fastbot/ros2_ws/real/install/lslidar_driver/share/lslidar_driver/hook/cmake_prefix_path.ps1'
[20.512s] INFO:colcon.colcon_core.shell:Creating environment descriptor '/home/fastbot/ros2_ws/real/install/lslidar_driver/share/lslidar_driver/hook/cmake_prefix_path.dsv'
[20.514s] INFO:colcon.colcon_core.shell:Creating environment hook '/home/fastbot/ros2_ws/real/install/lslidar_driver/share/lslidar_driver/hook/cmake_prefix_path.sh'
[20.516s] Level 1:colcon.colcon_core.environment:checking '/home/fastbot/ros2_ws/real/install/lslidar_driver/lib'
[20.517s] Level 1:colcon.colcon_core.environment:checking '/home/fastbot/ros2_ws/real/install/lslidar_driver/bin'
[20.517s] Level 1:colcon.colcon_core.environment:checking '/home/fastbot/ros2_ws/real/install/lslidar_driver/lib/pkgconfig/lslidar_driver.pc'
[20.518s] Level 1:colcon.colcon_core.environment:checking '/home/fastbot/ros2_ws/real/install/lslidar_driver/lib/python3.10/site-packages'
[20.519s] Level 1:colcon.colcon_core.environment:checking '/home/fastbot/ros2_ws/real/install/lslidar_driver/bin'
[20.520s] INFO:colcon.colcon_core.shell:Creating package script '/home/fastbot/ros2_ws/real/install/lslidar_driver/share/lslidar_driver/package.ps1'
[20.522s] INFO:colcon.colcon_core.shell:Creating package descriptor '/home/fastbot/ros2_ws/real/install/lslidar_driver/share/lslidar_driver/package.dsv'
[20.524s] INFO:colcon.colcon_core.shell:Creating package script '/home/fastbot/ros2_ws/real/install/lslidar_driver/share/lslidar_driver/package.sh'
[20.526s] INFO:colcon.colcon_core.shell:Creating package script '/home/fastbot/ros2_ws/real/install/lslidar_driver/share/lslidar_driver/package.bash'
[20.528s] INFO:colcon.colcon_core.shell:Creating package script '/home/fastbot/ros2_ws/real/install/lslidar_driver/share/lslidar_driver/package.zsh'
[20.530s] Level 1:colcon.colcon_core.environment:create_file_with_runtime_dependencies(/home/fastbot/ros2_ws/real/install/lslidar_driver/share/colcon-core/packages/lslidar_driver)
[20.531s] DEBUG:colcon.colcon_parallel_executor.executor.parallel:closing loop
[20.533s] DEBUG:colcon.colcon_parallel_executor.executor.parallel:loop closed
[20.533s] DEBUG:colcon.colcon_parallel_executor.executor.parallel:run_until_complete finished with '0'
[20.534s] DEBUG:colcon.colcon_core.event_reactor:joining thread
[20.558s] INFO:colcon.colcon_core.plugin_system:Skipping extension 'colcon_notification.desktop_notification.notify_send': Could not find 'notify-send'
[20.558s] INFO:colcon.colcon_core.plugin_system:Skipping extension 'colcon_notification.desktop_notification.terminal_notifier': Not used on non-Darwin systems
[20.559s] INFO:colcon.colcon_core.plugin_system:Skipping extension 'colcon_notification.desktop_notification.win32': Not used on non-Windows systems
[20.559s] INFO:colcon.colcon_notification.desktop_notification:Sending desktop notification using 'notify2'
[20.562s] DEBUG:colcon.colcon_notification.desktop_notification.notify2:Failed to initialize notify2: org.freedesktop.DBus.Error.ServiceUnknown: The name org.freedesktop.Notifications was not provided by any .service files
[20.562s] DEBUG:colcon.colcon_core.event_reactor:joined thread
[20.563s] INFO:colcon.colcon_core.shell:Creating prefix script '/home/fastbot/ros2_ws/real/install/local_setup.ps1'
[20.567s] INFO:colcon.colcon_core.shell:Creating prefix util module '/home/fastbot/ros2_ws/real/install/_local_setup_util_ps1.py'
[20.573s] INFO:colcon.colcon_core.shell:Creating prefix chain script '/home/fastbot/ros2_ws/real/install/setup.ps1'
[20.581s] INFO:colcon.colcon_core.shell:Creating prefix script '/home/fastbot/ros2_ws/real/install/local_setup.sh'
[20.584s] INFO:colcon.colcon_core.shell:Creating prefix util module '/home/fastbot/ros2_ws/real/install/_local_setup_util_sh.py'
[20.587s] INFO:colcon.colcon_core.shell:Creating prefix chain script '/home/fastbot/ros2_ws/real/install/setup.sh'
[20.594s] INFO:colcon.colcon_core.shell:Creating prefix script '/home/fastbot/ros2_ws/real/install/local_setup.bash'
[20.597s] INFO:colcon.colcon_core.shell:Creating prefix chain script '/home/fastbot/ros2_ws/real/install/setup.bash'
[20.605s] INFO:colcon.colcon_core.shell:Creating prefix script '/home/fastbot/ros2_ws/real/install/local_setup.zsh'
[20.608s] INFO:colcon.colcon_core.shell:Creating prefix chain script '/home/fastbot/ros2_ws/real/install/setup.zsh'
