[0.350s] Invoking command in '/home/fastbot/ros2_ws/real/build/fastbot_slam_real': CMAKE_PREFIX_PATH=${CMAKE_PREFIX_PATH}:/home/fastbot/ros2_ws/install/serial_motor:/home/fastbot/ros2_ws/install/serial_motor_msgs:/home/fastbot/ros2_ws/install/lslidar_msgs:/home/fastbot/ros2_ws/install/fastbot_description:/home/fastbot/ros2_ws/install/fastbot_bringup:/opt/ros/humble /usr/bin/cmake --build /home/fastbot/ros2_ws/real/build/fastbot_slam_real -- -j4 -l4
[0.550s] Invoked command in '/home/fastbot/ros2_ws/real/build/fastbot_slam_real' returned '0': CMAKE_PREFIX_PATH=${CMAKE_PREFIX_PATH}:/home/fastbot/ros2_ws/install/serial_motor:/home/fastbot/ros2_ws/install/serial_motor_msgs:/home/fastbot/ros2_ws/install/lslidar_msgs:/home/fastbot/ros2_ws/install/fastbot_description:/home/fastbot/ros2_ws/install/fastbot_bringup:/opt/ros/humble /usr/bin/cmake --build /home/fastbot/ros2_ws/real/build/fastbot_slam_real -- -j4 -l4
[0.552s] Invoking command in '/home/fastbot/ros2_ws/real/build/fastbot_slam_real': CMAKE_PREFIX_PATH=${CMAKE_PREFIX_PATH}:/home/fastbot/ros2_ws/install/serial_motor:/home/fastbot/ros2_ws/install/serial_motor_msgs:/home/fastbot/ros2_ws/install/lslidar_msgs:/home/fastbot/ros2_ws/install/fastbot_description:/home/fastbot/ros2_ws/install/fastbot_bringup:/opt/ros/humble /usr/bin/cmake --install /home/fastbot/ros2_ws/real/build/fastbot_slam_real
[0.593s] -- Install configuration: ""
[0.594s] -- Up-to-date: /home/fastbot/ros2_ws/real/install/fastbot_slam_real/share/fastbot_slam_real/launch
[0.595s] -- Installing: /home/fastbot/ros2_ws/real/install/fastbot_slam_real/share/fastbot_slam_real/launch/cartographer.launch.py
[0.597s] -- Up-to-date: /home/fastbot/ros2_ws/real/install/fastbot_slam_real/share/fastbot_slam_real/launch/localization.launch.py
[0.598s] -- Up-to-date: /home/fastbot/ros2_ws/real/install/fastbot_slam_real/share/fastbot_slam_real/launch/map_server.launch.py
[0.599s] -- Up-to-date: /home/fastbot/ros2_ws/real/install/fastbot_slam_real/share/fastbot_slam_real/launch/pathplanner.launch.py
[0.601s] -- Up-to-date: /home/fastbot/ros2_ws/real/install/fastbot_slam_real/share/fastbot_slam_real/config
[0.603s] -- Up-to-date: /home/fastbot/ros2_ws/real/install/fastbot_slam_real/share/fastbot_slam_real/config/recovery.yaml
[0.604s] -- Up-to-date: /home/fastbot/ros2_ws/real/install/fastbot_slam_real/share/fastbot_slam_real/config/planner_server.yaml
[0.605s] -- Up-to-date: /home/fastbot/ros2_ws/real/install/fastbot_slam_real/share/fastbot_slam_real/config/cartographer.lua
[0.607s] -- Up-to-date: /home/fastbot/ros2_ws/real/install/fastbot_slam_real/share/fastbot_slam_real/config/controller.yaml
[0.608s] -- Up-to-date: /home/fastbot/ros2_ws/real/install/fastbot_slam_real/share/fastbot_slam_real/config/behavior.xml
[0.609s] -- Up-to-date: /home/fastbot/ros2_ws/real/install/fastbot_slam_real/share/fastbot_slam_real/config/amcl_config.yaml
[0.610s] -- Up-to-date: /home/fastbot/ros2_ws/real/install/fastbot_slam_real/share/fastbot_slam_real/config/bt_navigator.yaml
[0.611s] -- Up-to-date: /home/fastbot/ros2_ws/real/install/fastbot_slam_real/share/fastbot_slam_real/maps
[0.612s] -- Up-to-date: /home/fastbot/ros2_ws/real/install/fastbot_slam_real/share/fastbot_slam_real/maps/small_apartment2.pgm
[0.613s] -- Up-to-date: /home/fastbot/ros2_ws/real/install/fastbot_slam_real/share/fastbot_slam_real/maps/small_apartment.pgm
[0.614s] -- Up-to-date: /home/fastbot/ros2_ws/real/install/fastbot_slam_real/share/fastbot_slam_real/maps/small_apartment_rotated2.pgm
[0.614s] -- Up-to-date: /home/fastbot/ros2_ws/real/install/fastbot_slam_real/share/fastbot_slam_real/maps/cozy_room.pgm
[0.615s] -- Up-to-date: /home/fastbot/ros2_ws/real/install/fastbot_slam_real/share/fastbot_slam_real/maps/small_apartment2.yaml
[0.616s] -- Up-to-date: /home/fastbot/ros2_ws/real/install/fastbot_slam_real/share/fastbot_slam_real/maps/cozy_room.yaml
[0.617s] -- Up-to-date: /home/fastbot/ros2_ws/real/install/fastbot_slam_real/share/fastbot_slam_real/maps/small_indoor_scenario_edited_map_hector_mapping.pgm
[0.620s] -- Up-to-date: /home/fastbot/ros2_ws/real/install/fastbot_slam_real/share/fastbot_slam_real/maps/small_apartment_rotated.pgm
[0.625s] -- Up-to-date: /home/fastbot/ros2_ws/real/install/fastbot_slam_real/share/fastbot_slam_real/maps/small_indoor_scenario_edited_map_hector_mapping.yaml
[0.626s] -- Up-to-date: /home/fastbot/ros2_ws/real/install/fastbot_slam_real/share/fastbot_slam_real/maps/small_apartment.yaml
[0.635s] -- Up-to-date: /home/fastbot/ros2_ws/real/install/fastbot_slam_real/share/fastbot_slam_real/rviz
[0.636s] -- Up-to-date: /home/fastbot/ros2_ws/real/install/fastbot_slam_real/share/fastbot_slam_real/rviz/nav.rviz
[0.636s] -- Up-to-date: /home/fastbot/ros2_ws/real/install/fastbot_slam_real/share/ament_index/resource_index/package_run_dependencies/fastbot_slam_real
[0.637s] -- Up-to-date: /home/fastbot/ros2_ws/real/install/fastbot_slam_real/share/ament_index/resource_index/parent_prefix_path/fastbot_slam_real
[0.637s] -- Up-to-date: /home/fastbot/ros2_ws/real/install/fastbot_slam_real/share/fastbot_slam_real/environment/ament_prefix_path.sh
[0.638s] -- Up-to-date: /home/fastbot/ros2_ws/real/install/fastbot_slam_real/share/fastbot_slam_real/environment/ament_prefix_path.dsv
[0.638s] -- Up-to-date: /home/fastbot/ros2_ws/real/install/fastbot_slam_real/share/fastbot_slam_real/environment/path.sh
[0.639s] -- Up-to-date: /home/fastbot/ros2_ws/real/install/fastbot_slam_real/share/fastbot_slam_real/environment/path.dsv
[0.639s] -- Up-to-date: /home/fastbot/ros2_ws/real/install/fastbot_slam_real/share/fastbot_slam_real/local_setup.bash
[0.640s] -- Up-to-date: /home/fastbot/ros2_ws/real/install/fastbot_slam_real/share/fastbot_slam_real/local_setup.sh
[0.640s] -- Up-to-date: /home/fastbot/ros2_ws/real/install/fastbot_slam_real/share/fastbot_slam_real/local_setup.zsh
[0.641s] -- Up-to-date: /home/fastbot/ros2_ws/real/install/fastbot_slam_real/share/fastbot_slam_real/local_setup.dsv
[0.641s] -- Installing: /home/fastbot/ros2_ws/real/install/fastbot_slam_real/share/fastbot_slam_real/package.dsv
[0.642s] -- Up-to-date: /home/fastbot/ros2_ws/real/install/fastbot_slam_real/share/ament_index/resource_index/packages/fastbot_slam_real
[0.642s] -- Up-to-date: /home/fastbot/ros2_ws/real/install/fastbot_slam_real/share/fastbot_slam_real/cmake/fastbot_slam_realConfig.cmake
[0.643s] -- Up-to-date: /home/fastbot/ros2_ws/real/install/fastbot_slam_real/share/fastbot_slam_real/cmake/fastbot_slam_realConfig-version.cmake
[0.645s] -- Up-to-date: /home/fastbot/ros2_ws/real/install/fastbot_slam_real/share/fastbot_slam_real/package.xml
[0.646s] Invoked command in '/home/fastbot/ros2_ws/real/build/fastbot_slam_real' returned '0': CMAKE_PREFIX_PATH=${CMAKE_PREFIX_PATH}:/home/fastbot/ros2_ws/install/serial_motor:/home/fastbot/ros2_ws/install/serial_motor_msgs:/home/fastbot/ros2_ws/install/lslidar_msgs:/home/fastbot/ros2_ws/install/fastbot_description:/home/fastbot/ros2_ws/install/fastbot_bringup:/opt/ros/humble /usr/bin/cmake --install /home/fastbot/ros2_ws/real/build/fastbot_slam_real
