[0.109s] Invoking command in '/home/fastbot/ros2_ws/build/fastbot_description': CMAKE_PREFIX_PATH=${CMAKE_PREFIX_PATH}:/home/fastbot/ros2_ws/install/serial_motor:/opt/ros/humble /usr/bin/cmake --build /home/fastbot/ros2_ws/build/fastbot_description -- -j4 -l4
[0.424s] Invoked command in '/home/fastbot/ros2_ws/build/fastbot_description' returned '0': CMAKE_PREFIX_PATH=${CMAKE_PREFIX_PATH}:/home/fastbot/ros2_ws/install/serial_motor:/opt/ros/humble /usr/bin/cmake --build /home/fastbot/ros2_ws/build/fastbot_description -- -j4 -l4
[0.437s] Invoking command in '/home/fastbot/ros2_ws/build/fastbot_description': CMAKE_PREFIX_PATH=${CMAKE_PREFIX_PATH}:/home/fastbot/ros2_ws/install/serial_motor:/opt/ros/humble /usr/bin/cmake --install /home/fastbot/ros2_ws/build/fastbot_description
[0.491s] -- Install configuration: ""
[0.492s] -- Up-to-date: /home/fastbot/ros2_ws/install/fastbot_description/share/fastbot_description/launch
[0.493s] -- Installing: /home/fastbot/ros2_ws/install/fastbot_description/share/fastbot_description/launch/robot_state_publisher.launch.py
[0.493s] -- Up-to-date: /home/fastbot/ros2_ws/install/fastbot_description/share/fastbot_description/onshape
[0.494s] -- Up-to-date: /home/fastbot/ros2_ws/install/fastbot_description/share/fastbot_description/onshape/robot.urdf
[0.495s] -- Up-to-date: /home/fastbot/ros2_ws/install/fastbot_description/share/fastbot_description/onshape/fastbot.xacro
[0.495s] -- Up-to-date: /home/fastbot/ros2_ws/install/fastbot_description/share/fastbot_description/onshape/assets
[0.497s] -- Up-to-date: /home/fastbot/ros2_ws/install/fastbot_description/share/fastbot_description/onshape/assets/base_link.part
[0.498s] -- Up-to-date: /home/fastbot/ros2_ws/install/fastbot_description/share/fastbot_description/onshape/assets/raspicam.part
[0.499s] -- Up-to-date: /home/fastbot/ros2_ws/install/fastbot_description/share/fastbot_description/onshape/assets/lslidar_n10.part
[0.500s] -- Up-to-date: /home/fastbot/ros2_ws/install/fastbot_description/share/fastbot_description/onshape/assets/wheel_d65x25_v1.stl
[0.501s] -- Up-to-date: /home/fastbot/ros2_ws/install/fastbot_description/share/fastbot_description/onshape/assets/tire_d65x25_v1.part
[0.501s] -- Up-to-date: /home/fastbot/ros2_ws/install/fastbot_description/share/fastbot_description/onshape/assets/tire_d65x25_v1.stl
[0.502s] -- Up-to-date: /home/fastbot/ros2_ws/install/fastbot_description/share/fastbot_description/onshape/assets/fastbot_motor.stl
[0.503s] -- Up-to-date: /home/fastbot/ros2_ws/install/fastbot_description/share/fastbot_description/onshape/assets/raspicam.stl
[0.503s] -- Up-to-date: /home/fastbot/ros2_ws/install/fastbot_description/share/fastbot_description/onshape/assets/pololu_ball_caster.part
[0.512s] -- Up-to-date: /home/fastbot/ros2_ws/install/fastbot_description/share/fastbot_description/onshape/assets/wheel_d65x25_v1.part
[0.513s] -- Up-to-date: /home/fastbot/ros2_ws/install/fastbot_description/share/fastbot_description/onshape/assets/fastbot_motor.part
[0.514s] -- Up-to-date: /home/fastbot/ros2_ws/install/fastbot_description/share/fastbot_description/onshape/assets/base_link.stl
[0.514s] -- Up-to-date: /home/fastbot/ros2_ws/install/fastbot_description/share/fastbot_description/onshape/assets/lslidar_n10.stl
[0.515s] -- Up-to-date: /home/fastbot/ros2_ws/install/fastbot_description/share/fastbot_description/onshape/assets/pololu_ball_caster.stl
[0.515s] -- Up-to-date: /home/fastbot/ros2_ws/install/fastbot_description/share/fastbot_description/onshape/config.json
[0.518s] -- Up-to-date: /home/fastbot/ros2_ws/install/fastbot_description/share/fastbot_description/onshape/api-keys.sh
[0.529s] -- Up-to-date: /home/fastbot/ros2_ws/install/fastbot_description/share/ament_index/resource_index/package_run_dependencies/fastbot_description
[0.530s] -- Up-to-date: /home/fastbot/ros2_ws/install/fastbot_description/share/ament_index/resource_index/parent_prefix_path/fastbot_description
[0.530s] -- Up-to-date: /home/fastbot/ros2_ws/install/fastbot_description/share/fastbot_description/environment/ament_prefix_path.sh
[0.531s] -- Up-to-date: /home/fastbot/ros2_ws/install/fastbot_description/share/fastbot_description/environment/ament_prefix_path.dsv
[0.531s] -- Up-to-date: /home/fastbot/ros2_ws/install/fastbot_description/share/fastbot_description/environment/path.sh
[0.532s] -- Up-to-date: /home/fastbot/ros2_ws/install/fastbot_description/share/fastbot_description/environment/path.dsv
[0.533s] -- Up-to-date: /home/fastbot/ros2_ws/install/fastbot_description/share/fastbot_description/local_setup.bash
[0.534s] -- Up-to-date: /home/fastbot/ros2_ws/install/fastbot_description/share/fastbot_description/local_setup.sh
[0.535s] -- Up-to-date: /home/fastbot/ros2_ws/install/fastbot_description/share/fastbot_description/local_setup.zsh
[0.536s] -- Up-to-date: /home/fastbot/ros2_ws/install/fastbot_description/share/fastbot_description/local_setup.dsv
[0.547s] -- Installing: /home/fastbot/ros2_ws/install/fastbot_description/share/fastbot_description/package.dsv
[0.558s] -- Up-to-date: /home/fastbot/ros2_ws/install/fastbot_description/share/ament_index/resource_index/packages/fastbot_description
[0.559s] -- Up-to-date: /home/fastbot/ros2_ws/install/fastbot_description/share/fastbot_description/cmake/fastbot_descriptionConfig.cmake
[0.559s] -- Up-to-date: /home/fastbot/ros2_ws/install/fastbot_description/share/fastbot_description/cmake/fastbot_descriptionConfig-version.cmake
[0.559s] -- Up-to-date: /home/fastbot/ros2_ws/install/fastbot_description/share/fastbot_description/package.xml
[0.721s] Invoked command in '/home/fastbot/ros2_ws/build/fastbot_description' returned '0': CMAKE_PREFIX_PATH=${CMAKE_PREFIX_PATH}:/home/fastbot/ros2_ws/install/serial_motor:/opt/ros/humble /usr/bin/cmake --install /home/fastbot/ros2_ws/build/fastbot_description
