[1.059s] DEBUG:colcon:Command line arguments: ['/usr/bin/colcon', 'build']
[1.059s] DEBUG:colcon:Parsed command line arguments: Namespace(log_base=None, log_level=None, verb_name='build', build_base='build', install_base='install', merge_install=False, symlink_install=False, test_result_base=None, continue_on_error=False, executor='parallel', parallel_workers=4, event_handlers=None, ignore_user_meta=False, metas=['./colcon.meta'], base_paths=['.'], packages_ignore=None, packages_ignore_regex=None, paths=None, packages_up_to=None, packages_up_to_regex=None, packages_above=None, packages_above_and_dependencies=None, packages_above_depth=None, packages_select_by_dep=None, packages_skip_by_dep=None, packages_skip_up_to=None, packages_select_build_failed=False, packages_skip_build_finished=False, packages_select_test_failures=False, packages_skip_test_passed=False, packages_select=None, packages_skip=None, packages_select_regex=None, packages_skip_regex=None, packages_start=None, packages_end=None, allow_overriding=[], cmake_args=None, cmake_target=None, cmake_target_skip_unavailable=False, cmake_clean_cache=False, cmake_clean_first=False, cmake_force_configure=False, ament_cmake_args=None, catkin_cmake_args=None, catkin_skip_building_tests=False, verb_parser=<colcon_defaults.argument_parser.defaults.DefaultArgumentsDecorator object at 0xffff9e580cd0>, verb_extension=<colcon_core.verb.build.BuildVerb object at 0xffff9e702140>, main=<bound method BuildVerb.main of <colcon_core.verb.build.BuildVerb object at 0xffff9e702140>>)
[2.710s] Level 1:colcon.colcon_core.package_discovery:discover_packages(colcon_meta) check parameters
[2.711s] Level 1:colcon.colcon_core.package_discovery:discover_packages(recursive) check parameters
[2.711s] Level 1:colcon.colcon_core.package_discovery:discover_packages(ignore) check parameters
[2.711s] Level 1:colcon.colcon_core.package_discovery:discover_packages(path) check parameters
[2.711s] Level 1:colcon.colcon_core.package_discovery:discover_packages(colcon_meta) discover
[2.711s] Level 1:colcon.colcon_core.package_discovery:discover_packages(recursive) discover
[2.712s] INFO:colcon.colcon_core.package_discovery:Crawling recursively for packages in '/home/fastbot/ros2_ws'
[2.712s] Level 1:colcon.colcon_core.package_identification:_identify(.) by extensions ['ignore', 'ignore_ament_install']
[2.712s] Level 1:colcon.colcon_core.package_identification:_identify(.) by extension 'ignore'
[2.713s] Level 1:colcon.colcon_core.package_identification:_identify(.) by extension 'ignore_ament_install'
[2.713s] Level 1:colcon.colcon_core.package_identification:_identify(.) by extensions ['colcon_pkg']
[2.713s] Level 1:colcon.colcon_core.package_identification:_identify(.) by extension 'colcon_pkg'
[2.713s] Level 1:colcon.colcon_core.package_identification:_identify(.) by extensions ['colcon_meta']
[2.713s] Level 1:colcon.colcon_core.package_identification:_identify(.) by extension 'colcon_meta'
[2.714s] Level 1:colcon.colcon_core.package_identification:_identify(.) by extensions ['ros']
[2.714s] Level 1:colcon.colcon_core.package_identification:_identify(.) by extension 'ros'
[2.803s] Level 1:colcon.colcon_core.package_identification:_identify(.) by extensions ['cmake', 'python']
[2.803s] Level 1:colcon.colcon_core.package_identification:_identify(.) by extension 'cmake'
[2.803s] Level 1:colcon.colcon_core.package_identification:_identify(.) by extension 'python'
[2.803s] Level 1:colcon.colcon_core.package_identification:_identify(.) by extensions ['python_setup_py']
[2.803s] Level 1:colcon.colcon_core.package_identification:_identify(.) by extension 'python_setup_py'
[2.804s] Level 1:colcon.colcon_core.package_identification:_identify(build) by extensions ['ignore', 'ignore_ament_install']
[2.804s] Level 1:colcon.colcon_core.package_identification:_identify(build) by extension 'ignore'
[2.804s] Level 1:colcon.colcon_core.package_identification:_identify(build) ignored
[2.805s] Level 1:colcon.colcon_core.package_identification:_identify(install) by extensions ['ignore', 'ignore_ament_install']
[2.805s] Level 1:colcon.colcon_core.package_identification:_identify(install) by extension 'ignore'
[2.806s] Level 1:colcon.colcon_core.package_identification:_identify(install) ignored
[2.806s] Level 1:colcon.colcon_core.package_identification:_identify(log) by extensions ['ignore', 'ignore_ament_install']
[2.806s] Level 1:colcon.colcon_core.package_identification:_identify(log) by extension 'ignore'
[2.807s] Level 1:colcon.colcon_core.package_identification:_identify(log) ignored
[2.807s] Level 1:colcon.colcon_core.package_identification:_identify(real) by extensions ['ignore', 'ignore_ament_install']
[2.807s] Level 1:colcon.colcon_core.package_identification:_identify(real) by extension 'ignore'
[2.807s] Level 1:colcon.colcon_core.package_identification:_identify(real) by extension 'ignore_ament_install'
[2.808s] Level 1:colcon.colcon_core.package_identification:_identify(real) by extensions ['colcon_pkg']
[2.808s] Level 1:colcon.colcon_core.package_identification:_identify(real) by extension 'colcon_pkg'
[2.808s] Level 1:colcon.colcon_core.package_identification:_identify(real) by extensions ['colcon_meta']
[2.808s] Level 1:colcon.colcon_core.package_identification:_identify(real) by extension 'colcon_meta'
[2.808s] Level 1:colcon.colcon_core.package_identification:_identify(real) by extensions ['ros']
[2.808s] Level 1:colcon.colcon_core.package_identification:_identify(real) by extension 'ros'
[2.809s] Level 1:colcon.colcon_core.package_identification:_identify(real) by extensions ['cmake', 'python']
[2.809s] Level 1:colcon.colcon_core.package_identification:_identify(real) by extension 'cmake'
[2.809s] Level 1:colcon.colcon_core.package_identification:_identify(real) by extension 'python'
[2.809s] Level 1:colcon.colcon_core.package_identification:_identify(real) by extensions ['python_setup_py']
[2.809s] Level 1:colcon.colcon_core.package_identification:_identify(real) by extension 'python_setup_py'
[2.811s] Level 1:colcon.colcon_core.package_identification:_identify(real/build) by extensions ['ignore', 'ignore_ament_install']
[2.811s] Level 1:colcon.colcon_core.package_identification:_identify(real/build) by extension 'ignore'
[2.811s] Level 1:colcon.colcon_core.package_identification:_identify(real/build) ignored
[2.812s] Level 1:colcon.colcon_core.package_identification:_identify(real/install) by extensions ['ignore', 'ignore_ament_install']
[2.812s] Level 1:colcon.colcon_core.package_identification:_identify(real/install) by extension 'ignore'
[2.812s] Level 1:colcon.colcon_core.package_identification:_identify(real/install) ignored
[2.814s] Level 1:colcon.colcon_core.package_identification:_identify(real/log) by extensions ['ignore', 'ignore_ament_install']
[2.814s] Level 1:colcon.colcon_core.package_identification:_identify(real/log) by extension 'ignore'
[2.814s] Level 1:colcon.colcon_core.package_identification:_identify(real/log) ignored
[2.815s] Level 1:colcon.colcon_core.package_identification:_identify(real/ros2_ws) by extensions ['ignore', 'ignore_ament_install']
[2.815s] Level 1:colcon.colcon_core.package_identification:_identify(real/ros2_ws) by extension 'ignore'
[2.816s] Level 1:colcon.colcon_core.package_identification:_identify(real/ros2_ws) by extension 'ignore_ament_install'
[2.816s] Level 1:colcon.colcon_core.package_identification:_identify(real/ros2_ws) by extensions ['colcon_pkg']
[2.816s] Level 1:colcon.colcon_core.package_identification:_identify(real/ros2_ws) by extension 'colcon_pkg'
[2.816s] Level 1:colcon.colcon_core.package_identification:_identify(real/ros2_ws) by extensions ['colcon_meta']
[2.816s] Level 1:colcon.colcon_core.package_identification:_identify(real/ros2_ws) by extension 'colcon_meta'
[2.816s] Level 1:colcon.colcon_core.package_identification:_identify(real/ros2_ws) by extensions ['ros']
[2.817s] Level 1:colcon.colcon_core.package_identification:_identify(real/ros2_ws) by extension 'ros'
[2.817s] Level 1:colcon.colcon_core.package_identification:_identify(real/ros2_ws) by extensions ['cmake', 'python']
[2.817s] Level 1:colcon.colcon_core.package_identification:_identify(real/ros2_ws) by extension 'cmake'
[2.817s] Level 1:colcon.colcon_core.package_identification:_identify(real/ros2_ws) by extension 'python'
[2.817s] Level 1:colcon.colcon_core.package_identification:_identify(real/ros2_ws) by extensions ['python_setup_py']
[2.817s] Level 1:colcon.colcon_core.package_identification:_identify(real/ros2_ws) by extension 'python_setup_py'
[2.819s] Level 1:colcon.colcon_core.package_identification:_identify(real/src) by extensions ['ignore', 'ignore_ament_install']
[2.819s] Level 1:colcon.colcon_core.package_identification:_identify(real/src) by extension 'ignore'
[2.819s] Level 1:colcon.colcon_core.package_identification:_identify(real/src) by extension 'ignore_ament_install'
[2.820s] Level 1:colcon.colcon_core.package_identification:_identify(real/src) by extensions ['colcon_pkg']
[2.820s] Level 1:colcon.colcon_core.package_identification:_identify(real/src) by extension 'colcon_pkg'
[2.820s] Level 1:colcon.colcon_core.package_identification:_identify(real/src) by extensions ['colcon_meta']
[2.820s] Level 1:colcon.colcon_core.package_identification:_identify(real/src) by extension 'colcon_meta'
[2.820s] Level 1:colcon.colcon_core.package_identification:_identify(real/src) by extensions ['ros']
[2.820s] Level 1:colcon.colcon_core.package_identification:_identify(real/src) by extension 'ros'
[2.821s] Level 1:colcon.colcon_core.package_identification:_identify(real/src) by extensions ['cmake', 'python']
[2.821s] Level 1:colcon.colcon_core.package_identification:_identify(real/src) by extension 'cmake'
[2.821s] Level 1:colcon.colcon_core.package_identification:_identify(real/src) by extension 'python'
[2.821s] Level 1:colcon.colcon_core.package_identification:_identify(real/src) by extensions ['python_setup_py']
[2.821s] Level 1:colcon.colcon_core.package_identification:_identify(real/src) by extension 'python_setup_py'
[2.823s] Level 1:colcon.colcon_core.package_identification:_identify(real/src/Lslidar_ROS2_driver) by extensions ['ignore', 'ignore_ament_install']
[2.823s] Level 1:colcon.colcon_core.package_identification:_identify(real/src/Lslidar_ROS2_driver) by extension 'ignore'
[2.823s] Level 1:colcon.colcon_core.package_identification:_identify(real/src/Lslidar_ROS2_driver) by extension 'ignore_ament_install'
[2.824s] Level 1:colcon.colcon_core.package_identification:_identify(real/src/Lslidar_ROS2_driver) by extensions ['colcon_pkg']
[2.824s] Level 1:colcon.colcon_core.package_identification:_identify(real/src/Lslidar_ROS2_driver) by extension 'colcon_pkg'
[2.824s] Level 1:colcon.colcon_core.package_identification:_identify(real/src/Lslidar_ROS2_driver) by extensions ['colcon_meta']
[2.824s] Level 1:colcon.colcon_core.package_identification:_identify(real/src/Lslidar_ROS2_driver) by extension 'colcon_meta'
[2.824s] Level 1:colcon.colcon_core.package_identification:_identify(real/src/Lslidar_ROS2_driver) by extensions ['ros']
[2.824s] Level 1:colcon.colcon_core.package_identification:_identify(real/src/Lslidar_ROS2_driver) by extension 'ros'
[2.825s] Level 1:colcon.colcon_core.package_identification:_identify(real/src/Lslidar_ROS2_driver) by extensions ['cmake', 'python']
[2.825s] Level 1:colcon.colcon_core.package_identification:_identify(real/src/Lslidar_ROS2_driver) by extension 'cmake'
[2.825s] Level 1:colcon.colcon_core.package_identification:_identify(real/src/Lslidar_ROS2_driver) by extension 'python'
[2.825s] Level 1:colcon.colcon_core.package_identification:_identify(real/src/Lslidar_ROS2_driver) by extensions ['python_setup_py']
[2.825s] Level 1:colcon.colcon_core.package_identification:_identify(real/src/Lslidar_ROS2_driver) by extension 'python_setup_py'
[2.827s] Level 1:colcon.colcon_core.package_identification:_identify(real/src/Lslidar_ROS2_driver/lslidar_driver) by extensions ['ignore', 'ignore_ament_install']
[2.827s] Level 1:colcon.colcon_core.package_identification:_identify(real/src/Lslidar_ROS2_driver/lslidar_driver) by extension 'ignore'
[2.827s] Level 1:colcon.colcon_core.package_identification:_identify(real/src/Lslidar_ROS2_driver/lslidar_driver) by extension 'ignore_ament_install'
[2.828s] Level 1:colcon.colcon_core.package_identification:_identify(real/src/Lslidar_ROS2_driver/lslidar_driver) by extensions ['colcon_pkg']
[2.828s] Level 1:colcon.colcon_core.package_identification:_identify(real/src/Lslidar_ROS2_driver/lslidar_driver) by extension 'colcon_pkg'
[2.828s] Level 1:colcon.colcon_core.package_identification:_identify(real/src/Lslidar_ROS2_driver/lslidar_driver) by extensions ['colcon_meta']
[2.828s] Level 1:colcon.colcon_core.package_identification:_identify(real/src/Lslidar_ROS2_driver/lslidar_driver) by extension 'colcon_meta'
[2.828s] Level 1:colcon.colcon_core.package_identification:_identify(real/src/Lslidar_ROS2_driver/lslidar_driver) by extensions ['ros']
[2.828s] Level 1:colcon.colcon_core.package_identification:_identify(real/src/Lslidar_ROS2_driver/lslidar_driver) by extension 'ros'
[2.848s] DEBUG:colcon.colcon_core.package_identification:Package 'real/src/Lslidar_ROS2_driver/lslidar_driver' with type 'ros.ament_cmake' and name 'lslidar_driver'
[2.850s] Level 1:colcon.colcon_core.package_identification:_identify(real/src/Lslidar_ROS2_driver/lslidar_msgs) by extensions ['ignore', 'ignore_ament_install']
[2.850s] Level 1:colcon.colcon_core.package_identification:_identify(real/src/Lslidar_ROS2_driver/lslidar_msgs) by extension 'ignore'
[2.851s] Level 1:colcon.colcon_core.package_identification:_identify(real/src/Lslidar_ROS2_driver/lslidar_msgs) by extension 'ignore_ament_install'
[2.851s] Level 1:colcon.colcon_core.package_identification:_identify(real/src/Lslidar_ROS2_driver/lslidar_msgs) by extensions ['colcon_pkg']
[2.851s] Level 1:colcon.colcon_core.package_identification:_identify(real/src/Lslidar_ROS2_driver/lslidar_msgs) by extension 'colcon_pkg'
[2.852s] Level 1:colcon.colcon_core.package_identification:_identify(real/src/Lslidar_ROS2_driver/lslidar_msgs) by extensions ['colcon_meta']
[2.852s] Level 1:colcon.colcon_core.package_identification:_identify(real/src/Lslidar_ROS2_driver/lslidar_msgs) by extension 'colcon_meta'
[2.852s] Level 1:colcon.colcon_core.package_identification:_identify(real/src/Lslidar_ROS2_driver/lslidar_msgs) by extensions ['ros']
[2.852s] Level 1:colcon.colcon_core.package_identification:_identify(real/src/Lslidar_ROS2_driver/lslidar_msgs) by extension 'ros'
[2.856s] DEBUG:colcon.colcon_core.package_identification:Package 'real/src/Lslidar_ROS2_driver/lslidar_msgs' with type 'ros.ament_cmake' and name 'lslidar_msgs'
[2.858s] Level 1:colcon.colcon_core.package_identification:_identify(real/src/fastbot_bringup) by extensions ['ignore', 'ignore_ament_install']
[2.858s] Level 1:colcon.colcon_core.package_identification:_identify(real/src/fastbot_bringup) by extension 'ignore'
[2.858s] Level 1:colcon.colcon_core.package_identification:_identify(real/src/fastbot_bringup) by extension 'ignore_ament_install'
[2.858s] Level 1:colcon.colcon_core.package_identification:_identify(real/src/fastbot_bringup) by extensions ['colcon_pkg']
[2.859s] Level 1:colcon.colcon_core.package_identification:_identify(real/src/fastbot_bringup) by extension 'colcon_pkg'
[2.859s] Level 1:colcon.colcon_core.package_identification:_identify(real/src/fastbot_bringup) by extensions ['colcon_meta']
[2.859s] Level 1:colcon.colcon_core.package_identification:_identify(real/src/fastbot_bringup) by extension 'colcon_meta'
[2.859s] Level 1:colcon.colcon_core.package_identification:_identify(real/src/fastbot_bringup) by extensions ['ros']
[2.859s] Level 1:colcon.colcon_core.package_identification:_identify(real/src/fastbot_bringup) by extension 'ros'
[2.862s] DEBUG:colcon.colcon_core.package_identification:Package 'real/src/fastbot_bringup' with type 'ros.ament_cmake' and name 'fastbot_bringup'
[2.863s] Level 1:colcon.colcon_core.package_identification:_identify(real/src/fastbot_description) by extensions ['ignore', 'ignore_ament_install']
[2.864s] Level 1:colcon.colcon_core.package_identification:_identify(real/src/fastbot_description) by extension 'ignore'
[2.864s] Level 1:colcon.colcon_core.package_identification:_identify(real/src/fastbot_description) by extension 'ignore_ament_install'
[2.864s] Level 1:colcon.colcon_core.package_identification:_identify(real/src/fastbot_description) by extensions ['colcon_pkg']
[2.865s] Level 1:colcon.colcon_core.package_identification:_identify(real/src/fastbot_description) by extension 'colcon_pkg'
[2.865s] Level 1:colcon.colcon_core.package_identification:_identify(real/src/fastbot_description) by extensions ['colcon_meta']
[2.865s] Level 1:colcon.colcon_core.package_identification:_identify(real/src/fastbot_description) by extension 'colcon_meta'
[2.865s] Level 1:colcon.colcon_core.package_identification:_identify(real/src/fastbot_description) by extensions ['ros']
[2.865s] Level 1:colcon.colcon_core.package_identification:_identify(real/src/fastbot_description) by extension 'ros'
[2.869s] DEBUG:colcon.colcon_core.package_identification:Package 'real/src/fastbot_description' with type 'ros.ament_cmake' and name 'fastbot_description'
[2.871s] Level 1:colcon.colcon_core.package_identification:_identify(real/src/msg) by extensions ['ignore', 'ignore_ament_install']
[2.871s] Level 1:colcon.colcon_core.package_identification:_identify(real/src/msg) by extension 'ignore'
[2.872s] Level 1:colcon.colcon_core.package_identification:_identify(real/src/msg) by extension 'ignore_ament_install'
[2.872s] Level 1:colcon.colcon_core.package_identification:_identify(real/src/msg) by extensions ['colcon_pkg']
[2.872s] Level 1:colcon.colcon_core.package_identification:_identify(real/src/msg) by extension 'colcon_pkg'
[2.872s] Level 1:colcon.colcon_core.package_identification:_identify(real/src/msg) by extensions ['colcon_meta']
[2.872s] Level 1:colcon.colcon_core.package_identification:_identify(real/src/msg) by extension 'colcon_meta'
[2.873s] Level 1:colcon.colcon_core.package_identification:_identify(real/src/msg) by extensions ['ros']
[2.873s] Level 1:colcon.colcon_core.package_identification:_identify(real/src/msg) by extension 'ros'
[2.873s] Level 1:colcon.colcon_core.package_identification:_identify(real/src/msg) by extensions ['cmake', 'python']
[2.873s] Level 1:colcon.colcon_core.package_identification:_identify(real/src/msg) by extension 'cmake'
[2.874s] Level 1:colcon.colcon_core.package_identification:_identify(real/src/msg) by extension 'python'
[2.874s] Level 1:colcon.colcon_core.package_identification:_identify(real/src/msg) by extensions ['python_setup_py']
[2.874s] Level 1:colcon.colcon_core.package_identification:_identify(real/src/msg) by extension 'python_setup_py'
[2.875s] Level 1:colcon.colcon_core.package_identification:_identify(real/src/serial_motor) by extensions ['ignore', 'ignore_ament_install']
[2.876s] Level 1:colcon.colcon_core.package_identification:_identify(real/src/serial_motor) by extension 'ignore'
[2.876s] Level 1:colcon.colcon_core.package_identification:_identify(real/src/serial_motor) by extension 'ignore_ament_install'
[2.876s] Level 1:colcon.colcon_core.package_identification:_identify(real/src/serial_motor) by extensions ['colcon_pkg']
[2.877s] Level 1:colcon.colcon_core.package_identification:_identify(real/src/serial_motor) by extension 'colcon_pkg'
[2.877s] Level 1:colcon.colcon_core.package_identification:_identify(real/src/serial_motor) by extensions ['colcon_meta']
[2.877s] Level 1:colcon.colcon_core.package_identification:_identify(real/src/serial_motor) by extension 'colcon_meta'
[2.877s] Level 1:colcon.colcon_core.package_identification:_identify(real/src/serial_motor) by extensions ['ros']
[2.877s] Level 1:colcon.colcon_core.package_identification:_identify(real/src/serial_motor) by extension 'ros'
[2.880s] DEBUG:colcon.colcon_core.package_identification:Package 'real/src/serial_motor' with type 'ros.ament_python' and name 'serial_motor'
[2.882s] Level 1:colcon.colcon_core.package_identification:_identify(real/src/serial_motor_msgs) by extensions ['ignore', 'ignore_ament_install']
[2.882s] Level 1:colcon.colcon_core.package_identification:_identify(real/src/serial_motor_msgs) by extension 'ignore'
[2.882s] Level 1:colcon.colcon_core.package_identification:_identify(real/src/serial_motor_msgs) by extension 'ignore_ament_install'
[2.883s] Level 1:colcon.colcon_core.package_identification:_identify(real/src/serial_motor_msgs) by extensions ['colcon_pkg']
[2.883s] Level 1:colcon.colcon_core.package_identification:_identify(real/src/serial_motor_msgs) by extension 'colcon_pkg'
[2.883s] Level 1:colcon.colcon_core.package_identification:_identify(real/src/serial_motor_msgs) by extensions ['colcon_meta']
[2.883s] Level 1:colcon.colcon_core.package_identification:_identify(real/src/serial_motor_msgs) by extension 'colcon_meta'
[2.883s] Level 1:colcon.colcon_core.package_identification:_identify(real/src/serial_motor_msgs) by extensions ['ros']
[2.883s] Level 1:colcon.colcon_core.package_identification:_identify(real/src/serial_motor_msgs) by extension 'ros'
[2.886s] DEBUG:colcon.colcon_core.package_identification:Package 'real/src/serial_motor_msgs' with type 'ros.ament_cmake' and name 'serial_motor_msgs'
[2.887s] Level 1:colcon.colcon_core.package_identification:_identify(src) by extensions ['ignore', 'ignore_ament_install']
[2.888s] Level 1:colcon.colcon_core.package_identification:_identify(src) by extension 'ignore'
[2.888s] Level 1:colcon.colcon_core.package_identification:_identify(src) by extension 'ignore_ament_install'
[2.888s] Level 1:colcon.colcon_core.package_identification:_identify(src) by extensions ['colcon_pkg']
[2.889s] Level 1:colcon.colcon_core.package_identification:_identify(src) by extension 'colcon_pkg'
[2.889s] Level 1:colcon.colcon_core.package_identification:_identify(src) by extensions ['colcon_meta']
[2.889s] Level 1:colcon.colcon_core.package_identification:_identify(src) by extension 'colcon_meta'
[2.889s] Level 1:colcon.colcon_core.package_identification:_identify(src) by extensions ['ros']
[2.889s] Level 1:colcon.colcon_core.package_identification:_identify(src) by extension 'ros'
[2.890s] Level 1:colcon.colcon_core.package_identification:_identify(src) by extensions ['cmake', 'python']
[2.890s] Level 1:colcon.colcon_core.package_identification:_identify(src) by extension 'cmake'
[2.890s] Level 1:colcon.colcon_core.package_identification:_identify(src) by extension 'python'
[2.890s] Level 1:colcon.colcon_core.package_identification:_identify(src) by extensions ['python_setup_py']
[2.890s] Level 1:colcon.colcon_core.package_identification:_identify(src) by extension 'python_setup_py'
[2.891s] Level 1:colcon.colcon_core.package_identification:_identify(src/Lslidar_ROS2_driver) by extensions ['ignore', 'ignore_ament_install']
[2.892s] Level 1:colcon.colcon_core.package_identification:_identify(src/Lslidar_ROS2_driver) by extension 'ignore'
[2.892s] Level 1:colcon.colcon_core.package_identification:_identify(src/Lslidar_ROS2_driver) by extension 'ignore_ament_install'
[2.892s] Level 1:colcon.colcon_core.package_identification:_identify(src/Lslidar_ROS2_driver) by extensions ['colcon_pkg']
[2.892s] Level 1:colcon.colcon_core.package_identification:_identify(src/Lslidar_ROS2_driver) by extension 'colcon_pkg'
[2.893s] Level 1:colcon.colcon_core.package_identification:_identify(src/Lslidar_ROS2_driver) by extensions ['colcon_meta']
[2.893s] Level 1:colcon.colcon_core.package_identification:_identify(src/Lslidar_ROS2_driver) by extension 'colcon_meta'
[2.893s] Level 1:colcon.colcon_core.package_identification:_identify(src/Lslidar_ROS2_driver) by extensions ['ros']
[2.893s] Level 1:colcon.colcon_core.package_identification:_identify(src/Lslidar_ROS2_driver) by extension 'ros'
[2.893s] Level 1:colcon.colcon_core.package_identification:_identify(src/Lslidar_ROS2_driver) by extensions ['cmake', 'python']
[2.894s] Level 1:colcon.colcon_core.package_identification:_identify(src/Lslidar_ROS2_driver) by extension 'cmake'
[2.894s] Level 1:colcon.colcon_core.package_identification:_identify(src/Lslidar_ROS2_driver) by extension 'python'
[2.894s] Level 1:colcon.colcon_core.package_identification:_identify(src/Lslidar_ROS2_driver) by extensions ['python_setup_py']
[2.894s] Level 1:colcon.colcon_core.package_identification:_identify(src/Lslidar_ROS2_driver) by extension 'python_setup_py'
[2.895s] Level 1:colcon.colcon_core.package_identification:_identify(src/Lslidar_ROS2_driver/lslidar_driver) by extensions ['ignore', 'ignore_ament_install']
[2.896s] Level 1:colcon.colcon_core.package_identification:_identify(src/Lslidar_ROS2_driver/lslidar_driver) by extension 'ignore'
[2.896s] Level 1:colcon.colcon_core.package_identification:_identify(src/Lslidar_ROS2_driver/lslidar_driver) by extension 'ignore_ament_install'
[2.896s] Level 1:colcon.colcon_core.package_identification:_identify(src/Lslidar_ROS2_driver/lslidar_driver) by extensions ['colcon_pkg']
[2.896s] Level 1:colcon.colcon_core.package_identification:_identify(src/Lslidar_ROS2_driver/lslidar_driver) by extension 'colcon_pkg'
[2.897s] Level 1:colcon.colcon_core.package_identification:_identify(src/Lslidar_ROS2_driver/lslidar_driver) by extensions ['colcon_meta']
[2.897s] Level 1:colcon.colcon_core.package_identification:_identify(src/Lslidar_ROS2_driver/lslidar_driver) by extension 'colcon_meta'
[2.897s] Level 1:colcon.colcon_core.package_identification:_identify(src/Lslidar_ROS2_driver/lslidar_driver) by extensions ['ros']
[2.897s] Level 1:colcon.colcon_core.package_identification:_identify(src/Lslidar_ROS2_driver/lslidar_driver) by extension 'ros'
[2.901s] DEBUG:colcon.colcon_core.package_identification:Package 'src/Lslidar_ROS2_driver/lslidar_driver' with type 'ros.ament_cmake' and name 'lslidar_driver'
[2.903s] Level 1:colcon.colcon_core.package_identification:_identify(src/Lslidar_ROS2_driver/lslidar_msgs) by extensions ['ignore', 'ignore_ament_install']
[2.903s] Level 1:colcon.colcon_core.package_identification:_identify(src/Lslidar_ROS2_driver/lslidar_msgs) by extension 'ignore'
[2.903s] Level 1:colcon.colcon_core.package_identification:_identify(src/Lslidar_ROS2_driver/lslidar_msgs) by extension 'ignore_ament_install'
[2.904s] Level 1:colcon.colcon_core.package_identification:_identify(src/Lslidar_ROS2_driver/lslidar_msgs) by extensions ['colcon_pkg']
[2.904s] Level 1:colcon.colcon_core.package_identification:_identify(src/Lslidar_ROS2_driver/lslidar_msgs) by extension 'colcon_pkg'
[2.904s] Level 1:colcon.colcon_core.package_identification:_identify(src/Lslidar_ROS2_driver/lslidar_msgs) by extensions ['colcon_meta']
[2.904s] Level 1:colcon.colcon_core.package_identification:_identify(src/Lslidar_ROS2_driver/lslidar_msgs) by extension 'colcon_meta'
[2.904s] Level 1:colcon.colcon_core.package_identification:_identify(src/Lslidar_ROS2_driver/lslidar_msgs) by extensions ['ros']
[2.904s] Level 1:colcon.colcon_core.package_identification:_identify(src/Lslidar_ROS2_driver/lslidar_msgs) by extension 'ros'
[2.907s] DEBUG:colcon.colcon_core.package_identification:Package 'src/Lslidar_ROS2_driver/lslidar_msgs' with type 'ros.ament_cmake' and name 'lslidar_msgs'
[2.909s] Level 1:colcon.colcon_core.package_identification:_identify(src/fastbot_bringup) by extensions ['ignore', 'ignore_ament_install']
[2.910s] Level 1:colcon.colcon_core.package_identification:_identify(src/fastbot_bringup) by extension 'ignore'
[2.910s] Level 1:colcon.colcon_core.package_identification:_identify(src/fastbot_bringup) by extension 'ignore_ament_install'
[2.910s] Level 1:colcon.colcon_core.package_identification:_identify(src/fastbot_bringup) by extensions ['colcon_pkg']
[2.910s] Level 1:colcon.colcon_core.package_identification:_identify(src/fastbot_bringup) by extension 'colcon_pkg'
[2.910s] Level 1:colcon.colcon_core.package_identification:_identify(src/fastbot_bringup) by extensions ['colcon_meta']
[2.910s] Level 1:colcon.colcon_core.package_identification:_identify(src/fastbot_bringup) by extension 'colcon_meta'
[2.911s] Level 1:colcon.colcon_core.package_identification:_identify(src/fastbot_bringup) by extensions ['ros']
[2.911s] Level 1:colcon.colcon_core.package_identification:_identify(src/fastbot_bringup) by extension 'ros'
[2.913s] DEBUG:colcon.colcon_core.package_identification:Package 'src/fastbot_bringup' with type 'ros.ament_cmake' and name 'fastbot_bringup'
[2.919s] Level 1:colcon.colcon_core.package_identification:_identify(src/fastbot_description) by extensions ['ignore', 'ignore_ament_install']
[2.920s] Level 1:colcon.colcon_core.package_identification:_identify(src/fastbot_description) by extension 'ignore'
[2.920s] Level 1:colcon.colcon_core.package_identification:_identify(src/fastbot_description) by extension 'ignore_ament_install'
[2.920s] Level 1:colcon.colcon_core.package_identification:_identify(src/fastbot_description) by extensions ['colcon_pkg']
[2.921s] Level 1:colcon.colcon_core.package_identification:_identify(src/fastbot_description) by extension 'colcon_pkg'
[2.921s] Level 1:colcon.colcon_core.package_identification:_identify(src/fastbot_description) by extensions ['colcon_meta']
[2.921s] Level 1:colcon.colcon_core.package_identification:_identify(src/fastbot_description) by extension 'colcon_meta'
[2.921s] Level 1:colcon.colcon_core.package_identification:_identify(src/fastbot_description) by extensions ['ros']
[2.921s] Level 1:colcon.colcon_core.package_identification:_identify(src/fastbot_description) by extension 'ros'
[2.926s] DEBUG:colcon.colcon_core.package_identification:Package 'src/fastbot_description' with type 'ros.ament_cmake' and name 'fastbot_description'
[2.927s] Level 1:colcon.colcon_core.package_identification:_identify(src/msg) by extensions ['ignore', 'ignore_ament_install']
[2.928s] Level 1:colcon.colcon_core.package_identification:_identify(src/msg) by extension 'ignore'
[2.928s] Level 1:colcon.colcon_core.package_identification:_identify(src/msg) by extension 'ignore_ament_install'
[2.928s] Level 1:colcon.colcon_core.package_identification:_identify(src/msg) by extensions ['colcon_pkg']
[2.928s] Level 1:colcon.colcon_core.package_identification:_identify(src/msg) by extension 'colcon_pkg'
[2.929s] Level 1:colcon.colcon_core.package_identification:_identify(src/msg) by extensions ['colcon_meta']
[2.929s] Level 1:colcon.colcon_core.package_identification:_identify(src/msg) by extension 'colcon_meta'
[2.929s] Level 1:colcon.colcon_core.package_identification:_identify(src/msg) by extensions ['ros']
[2.929s] Level 1:colcon.colcon_core.package_identification:_identify(src/msg) by extension 'ros'
[2.930s] Level 1:colcon.colcon_core.package_identification:_identify(src/msg) by extensions ['cmake', 'python']
[2.930s] Level 1:colcon.colcon_core.package_identification:_identify(src/msg) by extension 'cmake'
[2.930s] Level 1:colcon.colcon_core.package_identification:_identify(src/msg) by extension 'python'
[2.930s] Level 1:colcon.colcon_core.package_identification:_identify(src/msg) by extensions ['python_setup_py']
[2.930s] Level 1:colcon.colcon_core.package_identification:_identify(src/msg) by extension 'python_setup_py'
[2.932s] Level 1:colcon.colcon_core.package_identification:_identify(src/serial_motor) by extensions ['ignore', 'ignore_ament_install']
[2.932s] Level 1:colcon.colcon_core.package_identification:_identify(src/serial_motor) by extension 'ignore'
[2.932s] Level 1:colcon.colcon_core.package_identification:_identify(src/serial_motor) by extension 'ignore_ament_install'
[2.933s] Level 1:colcon.colcon_core.package_identification:_identify(src/serial_motor) by extensions ['colcon_pkg']
[2.933s] Level 1:colcon.colcon_core.package_identification:_identify(src/serial_motor) by extension 'colcon_pkg'
[2.933s] Level 1:colcon.colcon_core.package_identification:_identify(src/serial_motor) by extensions ['colcon_meta']
[2.933s] Level 1:colcon.colcon_core.package_identification:_identify(src/serial_motor) by extension 'colcon_meta'
[2.933s] Level 1:colcon.colcon_core.package_identification:_identify(src/serial_motor) by extensions ['ros']
[2.934s] Level 1:colcon.colcon_core.package_identification:_identify(src/serial_motor) by extension 'ros'
[2.937s] DEBUG:colcon.colcon_core.package_identification:Package 'src/serial_motor' with type 'ros.ament_python' and name 'serial_motor'
[2.939s] Level 1:colcon.colcon_core.package_identification:_identify(src/serial_motor_msgs) by extensions ['ignore', 'ignore_ament_install']
[2.939s] Level 1:colcon.colcon_core.package_identification:_identify(src/serial_motor_msgs) by extension 'ignore'
[2.940s] Level 1:colcon.colcon_core.package_identification:_identify(src/serial_motor_msgs) by extension 'ignore_ament_install'
[2.940s] Level 1:colcon.colcon_core.package_identification:_identify(src/serial_motor_msgs) by extensions ['colcon_pkg']
[2.940s] Level 1:colcon.colcon_core.package_identification:_identify(src/serial_motor_msgs) by extension 'colcon_pkg'
[2.940s] Level 1:colcon.colcon_core.package_identification:_identify(src/serial_motor_msgs) by extensions ['colcon_meta']
[2.940s] Level 1:colcon.colcon_core.package_identification:_identify(src/serial_motor_msgs) by extension 'colcon_meta'
[2.941s] Level 1:colcon.colcon_core.package_identification:_identify(src/serial_motor_msgs) by extensions ['ros']
[2.941s] Level 1:colcon.colcon_core.package_identification:_identify(src/serial_motor_msgs) by extension 'ros'
[2.944s] DEBUG:colcon.colcon_core.package_identification:Package 'src/serial_motor_msgs' with type 'ros.ament_cmake' and name 'serial_motor_msgs'
[2.944s] Level 1:colcon.colcon_core.package_discovery:discover_packages(recursive) using defaults
[2.945s] Level 1:colcon.colcon_core.package_discovery:discover_packages(ignore) discover
[2.945s] Level 1:colcon.colcon_core.package_discovery:discover_packages(ignore) using defaults
[2.945s] Level 1:colcon.colcon_core.package_discovery:discover_packages(path) discover
[2.945s] Level 1:colcon.colcon_core.package_discovery:discover_packages(path) using defaults
[3.140s] Level 1:colcon.colcon_core.package_discovery:discover_packages(prefix_path) check parameters
[3.140s] Level 1:colcon.colcon_core.package_discovery:discover_packages(prefix_path) discover
[3.157s] DEBUG:colcon.colcon_installed_package_information.package_discovery:Found 6 installed packages in /home/fastbot/ros2_ws/install
[3.168s] DEBUG:colcon.colcon_installed_package_information.package_discovery:Found 285 installed packages in /opt/ros/humble
[3.175s] Level 1:colcon.colcon_core.package_discovery:discover_packages(prefix_path) using defaults
[3.370s] ERROR:colcon:colcon build: Duplicate package names not supported:
- fastbot_bringup:
  - real/src/fastbot_bringup
  - src/fastbot_bringup
- fastbot_description:
  - real/src/fastbot_description
  - src/fastbot_description
- lslidar_driver:
  - real/src/Lslidar_ROS2_driver/lslidar_driver
  - src/Lslidar_ROS2_driver/lslidar_driver
- lslidar_msgs:
  - real/src/Lslidar_ROS2_driver/lslidar_msgs
  - src/Lslidar_ROS2_driver/lslidar_msgs
- serial_motor:
  - real/src/serial_motor
  - src/serial_motor
- serial_motor_msgs:
  - real/src/serial_motor_msgs
  - src/serial_motor_msgs
