[0.134s] Invoking command in '/home/fastbot/ros2_ws/real/build/lslidar_msgs': CMAKE_PREFIX_PATH=${CMAKE_PREFIX_PATH}:/home/fastbot/ros2_ws/real/install/serial_motor:/home/fastbot/ros2_ws/install/serial_motor:/home/fastbot/ros2_ws/install/serial_motor_msgs:/home/fastbot/ros2_ws/install/lslidar_driver:/home/fastbot/ros2_ws/install/lslidar_msgs:/home/fastbot/ros2_ws/install/fastbot_description:/home/fastbot/ros2_ws/install/fastbot_bringup:/opt/ros/humble /usr/bin/cmake --build /home/fastbot/ros2_ws/real/build/lslidar_msgs -- -j4 -l4
[0.187s] [0mCMake Error: The current CMakeCache.txt directory /home/fastbot/ros2_ws/real/build/lslidar_msgs/CMakeCache.txt is different than the directory /home/fastbot/ros2_ws/build/lslidar_msgs where CMakeCache.txt was created. This may result in binaries being created in the wrong place. If you are not sure, reedit the CMakeCache.txt[0m
[0.277s] -- Found ament_cmake: 1.3.11 (/opt/ros/humble/share/ament_cmake/cmake)
[1.263s] -- Found std_msgs: 4.8.0 (/opt/ros/humble/share/std_msgs/cmake)
[1.442s] -- Found rosidl_generator_c: 3.1.6 (/opt/ros/humble/share/rosidl_generator_c/cmake)
[1.456s] -- Found rosidl_adapter: 3.1.6 (/opt/ros/humble/share/rosidl_adapter/cmake)
[1.492s] -- Found rosidl_generator_cpp: 3.1.6 (/opt/ros/humble/share/rosidl_generator_cpp/cmake)
[1.549s] -- Using all available rosidl_typesupport_c: rosidl_typesupport_fastrtps_c;rosidl_typesupport_introspection_c
[1.632s] -- Using all available rosidl_typesupport_cpp: rosidl_typesupport_fastrtps_cpp;rosidl_typesupport_introspection_cpp
[1.780s] -- Found sensor_msgs: 4.8.0 (/opt/ros/humble/share/sensor_msgs/cmake)
[1.953s] -- Found rosidl_default_generators: 1.2.0 (/opt/ros/humble/share/rosidl_default_generators/cmake)
[2.034s] -- Found ament_lint_auto: 0.12.12 (/opt/ros/humble/share/ament_lint_auto/cmake)
[3.667s] -- Found ament_cmake_ros: 0.10.0 (/opt/ros/humble/share/ament_cmake_ros/cmake)
[5.610s] -- Using all available rosidl_typesupport_c: rosidl_typesupport_fastrtps_c;rosidl_typesupport_introspection_c
[6.429s] -- Using all available rosidl_typesupport_cpp: rosidl_typesupport_fastrtps_cpp;rosidl_typesupport_introspection_cpp
[6.595s] -- Found python_cmake_module: 0.10.0 (/opt/ros/humble/share/python_cmake_module/cmake)
[6.742s] -- Using PYTHON_EXECUTABLE: /usr/bin/python3
[6.742s] -- Using PYTHON_INCLUDE_DIRS: /usr/include/python3.10
[6.743s] -- Using PYTHON_LIBRARIES: /usr/lib/aarch64-linux-gnu/libpython3.10.so
[6.909s] -- Added test 'copyright' to check source files copyright and LICENSE
[6.925s] -- Added test 'lint_cmake' to check CMake code style
[6.934s] -- Added test 'xmllint' to check XML markup files
[6.964s] -- Configuring done
[7.241s] -- Generating done
[7.308s] -- Build files have been written to: /home/fastbot/ros2_ws/build/lslidar_msgs
[7.442s] [35m[1mConsolidate compiler generated dependencies of target lslidar_msgs__rosidl_generator_c[0m
[7.490s] [  1%] Built target lslidar_msgs__cpp
[7.518s] [ 12%] Built target lslidar_msgs__rosidl_generator_c
[7.560s] [ 12%] Built target ament_cmake_python_copy_lslidar_msgs
[7.585s] [35m[1mConsolidate compiler generated dependencies of target lslidar_msgs__rosidl_typesupport_fastrtps_cpp[0m
[7.586s] [35m[1mConsolidate compiler generated dependencies of target lslidar_msgs__rosidl_typesupport_introspection_cpp[0m
[7.612s] [35m[1mConsolidate compiler generated dependencies of target lslidar_msgs__rosidl_typesupport_cpp[0m
[7.658s] [35m[1mConsolidate compiler generated dependencies of target lslidar_msgs__rosidl_typesupport_fastrtps_c[0m
[7.705s] [ 23%] Built target lslidar_msgs__rosidl_typesupport_cpp
[7.710s] [ 34%] Built target lslidar_msgs__rosidl_typesupport_introspection_cpp
[7.730s] [ 46%] Built target lslidar_msgs__rosidl_typesupport_fastrtps_cpp
[7.759s] [ 57%] Built target lslidar_msgs__rosidl_typesupport_fastrtps_c
[7.781s] [35m[1mConsolidate compiler generated dependencies of target lslidar_msgs__rosidl_typesupport_introspection_c[0m
[7.806s] [35m[1mConsolidate compiler generated dependencies of target lslidar_msgs__rosidl_typesupport_c[0m
[7.853s] [ 68%] Built target lslidar_msgs__rosidl_typesupport_introspection_c
[7.872s] [ 79%] Built target lslidar_msgs__rosidl_typesupport_c
[7.979s] [ 79%] Built target lslidar_msgs
[8.092s] [ 80%] Built target lslidar_msgs__py
[8.159s] [35m[1mConsolidate compiler generated dependencies of target lslidar_msgs__rosidl_generator_py[0m
[8.253s] [ 90%] Built target lslidar_msgs__rosidl_generator_py
[8.350s] [35m[1mConsolidate compiler generated dependencies of target lslidar_msgs__rosidl_typesupport_c__pyext[0m
[8.374s] [35m[1mConsolidate compiler generated dependencies of target lslidar_msgs__rosidl_typesupport_fastrtps_c__pyext[0m
[8.398s] [35m[1mConsolidate compiler generated dependencies of target lslidar_msgs__rosidl_typesupport_introspection_c__pyext[0m
[8.462s] [ 93%] Built target lslidar_msgs__rosidl_typesupport_c__pyext
[8.478s] [ 96%] Built target lslidar_msgs__rosidl_typesupport_fastrtps_c__pyext
[8.507s] [100%] Built target lslidar_msgs__rosidl_typesupport_introspection_c__pyext
[9.267s] running egg_info
[9.271s] writing lslidar_msgs.egg-info/PKG-INFO
[9.272s] writing dependency_links to lslidar_msgs.egg-info/dependency_links.txt
[9.273s] writing top-level names to lslidar_msgs.egg-info/top_level.txt
[9.284s] reading manifest file 'lslidar_msgs.egg-info/SOURCES.txt'
[9.289s] writing manifest file 'lslidar_msgs.egg-info/SOURCES.txt'
[9.442s] [100%] Built target ament_cmake_python_build_lslidar_msgs_egg
[10.393s] Invoked command in '/home/fastbot/ros2_ws/real/build/lslidar_msgs' returned '0': CMAKE_PREFIX_PATH=${CMAKE_PREFIX_PATH}:/home/fastbot/ros2_ws/real/install/serial_motor:/home/fastbot/ros2_ws/install/serial_motor:/home/fastbot/ros2_ws/install/serial_motor_msgs:/home/fastbot/ros2_ws/install/lslidar_driver:/home/fastbot/ros2_ws/install/lslidar_msgs:/home/fastbot/ros2_ws/install/fastbot_description:/home/fastbot/ros2_ws/install/fastbot_bringup:/opt/ros/humble /usr/bin/cmake --build /home/fastbot/ros2_ws/real/build/lslidar_msgs -- -j4 -l4
[10.403s] Invoking command in '/home/fastbot/ros2_ws/real/build/lslidar_msgs': CMAKE_PREFIX_PATH=${CMAKE_PREFIX_PATH}:/home/fastbot/ros2_ws/real/install/serial_motor:/home/fastbot/ros2_ws/install/serial_motor:/home/fastbot/ros2_ws/install/serial_motor_msgs:/home/fastbot/ros2_ws/install/lslidar_driver:/home/fastbot/ros2_ws/install/lslidar_msgs:/home/fastbot/ros2_ws/install/fastbot_description:/home/fastbot/ros2_ws/install/fastbot_bringup:/opt/ros/humble /usr/bin/cmake --install /home/fastbot/ros2_ws/real/build/lslidar_msgs
[10.437s] -- Install configuration: ""
[10.437s] -- Up-to-date: /home/fastbot/ros2_ws/install/lslidar_msgs/share/ament_index/resource_index/rosidl_interfaces/lslidar_msgs
[10.438s] -- Up-to-date: /home/fastbot/ros2_ws/install/lslidar_msgs/include/lslidar_msgs/lslidar_msgs
[10.438s] -- Up-to-date: /home/fastbot/ros2_ws/install/lslidar_msgs/include/lslidar_msgs/lslidar_msgs/msg
[10.439s] -- Up-to-date: /home/fastbot/ros2_ws/install/lslidar_msgs/include/lslidar_msgs/lslidar_msgs/msg/lslidar_point.h
[10.439s] -- Up-to-date: /home/fastbot/ros2_ws/install/lslidar_msgs/include/lslidar_msgs/lslidar_msgs/msg/lslidar_scan.h
[10.440s] -- Up-to-date: /home/fastbot/ros2_ws/install/lslidar_msgs/include/lslidar_msgs/lslidar_msgs/msg/lslidar_sweep.h
[10.440s] -- Up-to-date: /home/fastbot/ros2_ws/install/lslidar_msgs/include/lslidar_msgs/lslidar_msgs/msg/rosidl_generator_c__visibility_control.h
[10.441s] -- Up-to-date: /home/fastbot/ros2_ws/install/lslidar_msgs/include/lslidar_msgs/lslidar_msgs/msg/lslidar_packet.h
[10.441s] -- Up-to-date: /home/fastbot/ros2_ws/install/lslidar_msgs/include/lslidar_msgs/lslidar_msgs/msg/detail
[10.441s] -- Up-to-date: /home/fastbot/ros2_ws/install/lslidar_msgs/include/lslidar_msgs/lslidar_msgs/msg/detail/lslidar_sweep__functions.h
[10.442s] -- Up-to-date: /home/fastbot/ros2_ws/install/lslidar_msgs/include/lslidar_msgs/lslidar_msgs/msg/detail/lslidar_point__type_support.h
[10.442s] -- Up-to-date: /home/fastbot/ros2_ws/install/lslidar_msgs/include/lslidar_msgs/lslidar_msgs/msg/detail/lslidar_scan__struct.h
[10.443s] -- Up-to-date: /home/fastbot/ros2_ws/install/lslidar_msgs/include/lslidar_msgs/lslidar_msgs/msg/detail/lslidar_difop__type_support.h
[10.443s] -- Up-to-date: /home/fastbot/ros2_ws/install/lslidar_msgs/include/lslidar_msgs/lslidar_msgs/msg/detail/lslidar_difop__functions.c
[10.444s] -- Up-to-date: /home/fastbot/ros2_ws/install/lslidar_msgs/include/lslidar_msgs/lslidar_msgs/msg/detail/lslidar_packet__struct.h
[10.444s] -- Up-to-date: /home/fastbot/ros2_ws/install/lslidar_msgs/include/lslidar_msgs/lslidar_msgs/msg/detail/lslidar_sweep__functions.c
[10.445s] -- Up-to-date: /home/fastbot/ros2_ws/install/lslidar_msgs/include/lslidar_msgs/lslidar_msgs/msg/detail/lslidar_scan__type_support.h
[10.445s] -- Up-to-date: /home/fastbot/ros2_ws/install/lslidar_msgs/include/lslidar_msgs/lslidar_msgs/msg/detail/lslidar_point__functions.h
[10.447s] -- Up-to-date: /home/fastbot/ros2_ws/install/lslidar_msgs/include/lslidar_msgs/lslidar_msgs/msg/detail/lslidar_packet__type_support.h
[10.447s] -- Up-to-date: /home/fastbot/ros2_ws/install/lslidar_msgs/include/lslidar_msgs/lslidar_msgs/msg/detail/lslidar_scan__functions.h
[10.448s] -- Up-to-date: /home/fastbot/ros2_ws/install/lslidar_msgs/include/lslidar_msgs/lslidar_msgs/msg/detail/lslidar_point__functions.c
[10.448s] -- Up-to-date: /home/fastbot/ros2_ws/install/lslidar_msgs/include/lslidar_msgs/lslidar_msgs/msg/detail/lslidar_packet__functions.c
[10.449s] -- Up-to-date: /home/fastbot/ros2_ws/install/lslidar_msgs/include/lslidar_msgs/lslidar_msgs/msg/detail/lslidar_difop__functions.h
[10.449s] -- Up-to-date: /home/fastbot/ros2_ws/install/lslidar_msgs/include/lslidar_msgs/lslidar_msgs/msg/detail/lslidar_packet__functions.h
[10.450s] -- Up-to-date: /home/fastbot/ros2_ws/install/lslidar_msgs/include/lslidar_msgs/lslidar_msgs/msg/detail/lslidar_sweep__struct.h
[10.450s] -- Up-to-date: /home/fastbot/ros2_ws/install/lslidar_msgs/include/lslidar_msgs/lslidar_msgs/msg/detail/lslidar_sweep__type_support.h
[10.450s] -- Up-to-date: /home/fastbot/ros2_ws/install/lslidar_msgs/include/lslidar_msgs/lslidar_msgs/msg/detail/lslidar_point__struct.h
[10.451s] -- Up-to-date: /home/fastbot/ros2_ws/install/lslidar_msgs/include/lslidar_msgs/lslidar_msgs/msg/detail/lslidar_difop__struct.h
[10.452s] -- Up-to-date: /home/fastbot/ros2_ws/install/lslidar_msgs/include/lslidar_msgs/lslidar_msgs/msg/detail/lslidar_scan__functions.c
[10.453s] -- Up-to-date: /home/fastbot/ros2_ws/install/lslidar_msgs/include/lslidar_msgs/lslidar_msgs/msg/lslidar_difop.h
[10.454s] -- Up-to-date: /home/fastbot/ros2_ws/install/lslidar_msgs/share/lslidar_msgs/environment/library_path.sh
[10.454s] -- Installing: /home/fastbot/ros2_ws/install/lslidar_msgs/share/lslidar_msgs/environment/library_path.dsv
[10.455s] -- Up-to-date: /home/fastbot/ros2_ws/install/lslidar_msgs/lib/liblslidar_msgs__rosidl_generator_c.so
[10.455s] -- Up-to-date: /home/fastbot/ros2_ws/install/lslidar_msgs/include/lslidar_msgs/lslidar_msgs
[10.456s] -- Up-to-date: /home/fastbot/ros2_ws/install/lslidar_msgs/include/lslidar_msgs/lslidar_msgs/msg
[10.456s] -- Up-to-date: /home/fastbot/ros2_ws/install/lslidar_msgs/include/lslidar_msgs/lslidar_msgs/msg/rosidl_typesupport_fastrtps_c__visibility_control.h
[10.457s] -- Up-to-date: /home/fastbot/ros2_ws/install/lslidar_msgs/include/lslidar_msgs/lslidar_msgs/msg/detail
[10.458s] -- Up-to-date: /home/fastbot/ros2_ws/install/lslidar_msgs/include/lslidar_msgs/lslidar_msgs/msg/detail/lslidar_point__rosidl_typesupport_fastrtps_c.h
[10.459s] -- Up-to-date: /home/fastbot/ros2_ws/install/lslidar_msgs/include/lslidar_msgs/lslidar_msgs/msg/detail/lslidar_difop__rosidl_typesupport_fastrtps_c.h
[10.460s] -- Up-to-date: /home/fastbot/ros2_ws/install/lslidar_msgs/include/lslidar_msgs/lslidar_msgs/msg/detail/lslidar_packet__rosidl_typesupport_fastrtps_c.h
[10.461s] -- Up-to-date: /home/fastbot/ros2_ws/install/lslidar_msgs/include/lslidar_msgs/lslidar_msgs/msg/detail/lslidar_scan__rosidl_typesupport_fastrtps_c.h
[10.462s] -- Up-to-date: /home/fastbot/ros2_ws/install/lslidar_msgs/include/lslidar_msgs/lslidar_msgs/msg/detail/lslidar_sweep__rosidl_typesupport_fastrtps_c.h
[10.463s] -- Up-to-date: /home/fastbot/ros2_ws/install/lslidar_msgs/lib/liblslidar_msgs__rosidl_typesupport_fastrtps_c.so
[10.464s] -- Up-to-date: /home/fastbot/ros2_ws/install/lslidar_msgs/include/lslidar_msgs/lslidar_msgs
[10.466s] -- Up-to-date: /home/fastbot/ros2_ws/install/lslidar_msgs/include/lslidar_msgs/lslidar_msgs/msg
[10.467s] -- Up-to-date: /home/fastbot/ros2_ws/install/lslidar_msgs/include/lslidar_msgs/lslidar_msgs/msg/lslidar_packet.hpp
[10.468s] -- Up-to-date: /home/fastbot/ros2_ws/install/lslidar_msgs/include/lslidar_msgs/lslidar_msgs/msg/lslidar_sweep.hpp
[10.469s] -- Up-to-date: /home/fastbot/ros2_ws/install/lslidar_msgs/include/lslidar_msgs/lslidar_msgs/msg/lslidar_difop.hpp
[10.470s] -- Up-to-date: /home/fastbot/ros2_ws/install/lslidar_msgs/include/lslidar_msgs/lslidar_msgs/msg/lslidar_point.hpp
[10.470s] -- Up-to-date: /home/fastbot/ros2_ws/install/lslidar_msgs/include/lslidar_msgs/lslidar_msgs/msg/lslidar_scan.hpp
[10.471s] -- Up-to-date: /home/fastbot/ros2_ws/install/lslidar_msgs/include/lslidar_msgs/lslidar_msgs/msg/detail
[10.471s] -- Up-to-date: /home/fastbot/ros2_ws/install/lslidar_msgs/include/lslidar_msgs/lslidar_msgs/msg/detail/lslidar_sweep__struct.hpp
[10.472s] -- Up-to-date: /home/fastbot/ros2_ws/install/lslidar_msgs/include/lslidar_msgs/lslidar_msgs/msg/detail/lslidar_scan__builder.hpp
[10.472s] -- Up-to-date: /home/fastbot/ros2_ws/install/lslidar_msgs/include/lslidar_msgs/lslidar_msgs/msg/detail/lslidar_point__type_support.hpp
[10.473s] -- Up-to-date: /home/fastbot/ros2_ws/install/lslidar_msgs/include/lslidar_msgs/lslidar_msgs/msg/detail/lslidar_sweep__builder.hpp
[10.474s] -- Up-to-date: /home/fastbot/ros2_ws/install/lslidar_msgs/include/lslidar_msgs/lslidar_msgs/msg/detail/lslidar_packet__struct.hpp
[10.475s] -- Up-to-date: /home/fastbot/ros2_ws/install/lslidar_msgs/include/lslidar_msgs/lslidar_msgs/msg/detail/lslidar_difop__struct.hpp
[10.476s] -- Up-to-date: /home/fastbot/ros2_ws/install/lslidar_msgs/include/lslidar_msgs/lslidar_msgs/msg/detail/lslidar_point__traits.hpp
[10.477s] -- Up-to-date: /home/fastbot/ros2_ws/install/lslidar_msgs/include/lslidar_msgs/lslidar_msgs/msg/detail/lslidar_sweep__traits.hpp
[10.477s] -- Up-to-date: /home/fastbot/ros2_ws/install/lslidar_msgs/include/lslidar_msgs/lslidar_msgs/msg/detail/lslidar_point__builder.hpp
[10.478s] -- Up-to-date: /home/fastbot/ros2_ws/install/lslidar_msgs/include/lslidar_msgs/lslidar_msgs/msg/detail/lslidar_difop__builder.hpp
[10.479s] -- Up-to-date: /home/fastbot/ros2_ws/install/lslidar_msgs/include/lslidar_msgs/lslidar_msgs/msg/detail/lslidar_scan__struct.hpp
[10.479s] -- Up-to-date: /home/fastbot/ros2_ws/install/lslidar_msgs/include/lslidar_msgs/lslidar_msgs/msg/detail/lslidar_packet__traits.hpp
[10.481s] -- Up-to-date: /home/fastbot/ros2_ws/install/lslidar_msgs/include/lslidar_msgs/lslidar_msgs/msg/detail/lslidar_difop__type_support.hpp
[10.482s] -- Up-to-date: /home/fastbot/ros2_ws/install/lslidar_msgs/include/lslidar_msgs/lslidar_msgs/msg/detail/lslidar_sweep__type_support.hpp
[10.483s] -- Up-to-date: /home/fastbot/ros2_ws/install/lslidar_msgs/include/lslidar_msgs/lslidar_msgs/msg/detail/lslidar_scan__traits.hpp
[10.484s] -- Up-to-date: /home/fastbot/ros2_ws/install/lslidar_msgs/include/lslidar_msgs/lslidar_msgs/msg/detail/lslidar_difop__traits.hpp
[10.484s] -- Up-to-date: /home/fastbot/ros2_ws/install/lslidar_msgs/include/lslidar_msgs/lslidar_msgs/msg/detail/lslidar_point__struct.hpp
[10.485s] -- Up-to-date: /home/fastbot/ros2_ws/install/lslidar_msgs/include/lslidar_msgs/lslidar_msgs/msg/detail/lslidar_packet__type_support.hpp
[10.485s] -- Up-to-date: /home/fastbot/ros2_ws/install/lslidar_msgs/include/lslidar_msgs/lslidar_msgs/msg/detail/lslidar_scan__type_support.hpp
[10.486s] -- Up-to-date: /home/fastbot/ros2_ws/install/lslidar_msgs/include/lslidar_msgs/lslidar_msgs/msg/detail/lslidar_packet__builder.hpp
[10.487s] -- Up-to-date: /home/fastbot/ros2_ws/install/lslidar_msgs/include/lslidar_msgs/lslidar_msgs/msg/rosidl_generator_cpp__visibility_control.hpp
[10.488s] -- Up-to-date: /home/fastbot/ros2_ws/install/lslidar_msgs/include/lslidar_msgs/lslidar_msgs
[10.489s] -- Up-to-date: /home/fastbot/ros2_ws/install/lslidar_msgs/include/lslidar_msgs/lslidar_msgs/msg
[10.490s] -- Up-to-date: /home/fastbot/ros2_ws/install/lslidar_msgs/include/lslidar_msgs/lslidar_msgs/msg/rosidl_typesupport_fastrtps_cpp__visibility_control.h
[10.490s] -- Up-to-date: /home/fastbot/ros2_ws/install/lslidar_msgs/include/lslidar_msgs/lslidar_msgs/msg/detail
[10.491s] -- Up-to-date: /home/fastbot/ros2_ws/install/lslidar_msgs/include/lslidar_msgs/lslidar_msgs/msg/detail/dds_fastrtps
[10.491s] -- Up-to-date: /home/fastbot/ros2_ws/install/lslidar_msgs/include/lslidar_msgs/lslidar_msgs/msg/detail/lslidar_packet__rosidl_typesupport_fastrtps_cpp.hpp
[10.492s] -- Up-to-date: /home/fastbot/ros2_ws/install/lslidar_msgs/include/lslidar_msgs/lslidar_msgs/msg/detail/lslidar_sweep__rosidl_typesupport_fastrtps_cpp.hpp
[10.492s] -- Up-to-date: /home/fastbot/ros2_ws/install/lslidar_msgs/include/lslidar_msgs/lslidar_msgs/msg/detail/lslidar_scan__rosidl_typesupport_fastrtps_cpp.hpp
[10.492s] -- Up-to-date: /home/fastbot/ros2_ws/install/lslidar_msgs/include/lslidar_msgs/lslidar_msgs/msg/detail/lslidar_difop__rosidl_typesupport_fastrtps_cpp.hpp
[10.493s] -- Up-to-date: /home/fastbot/ros2_ws/install/lslidar_msgs/include/lslidar_msgs/lslidar_msgs/msg/detail/lslidar_point__rosidl_typesupport_fastrtps_cpp.hpp
[10.493s] -- Up-to-date: /home/fastbot/ros2_ws/install/lslidar_msgs/lib/liblslidar_msgs__rosidl_typesupport_fastrtps_cpp.so
[10.494s] -- Up-to-date: /home/fastbot/ros2_ws/install/lslidar_msgs/include/lslidar_msgs/lslidar_msgs
[10.494s] -- Up-to-date: /home/fastbot/ros2_ws/install/lslidar_msgs/include/lslidar_msgs/lslidar_msgs/msg
[10.495s] -- Up-to-date: /home/fastbot/ros2_ws/install/lslidar_msgs/include/lslidar_msgs/lslidar_msgs/msg/detail
[10.496s] -- Up-to-date: /home/fastbot/ros2_ws/install/lslidar_msgs/include/lslidar_msgs/lslidar_msgs/msg/detail/lslidar_sweep__rosidl_typesupport_introspection_c.h
[10.496s] -- Up-to-date: /home/fastbot/ros2_ws/install/lslidar_msgs/include/lslidar_msgs/lslidar_msgs/msg/detail/lslidar_difop__rosidl_typesupport_introspection_c.h
[10.497s] -- Up-to-date: /home/fastbot/ros2_ws/install/lslidar_msgs/include/lslidar_msgs/lslidar_msgs/msg/detail/lslidar_scan__type_support.c
[10.497s] -- Up-to-date: /home/fastbot/ros2_ws/install/lslidar_msgs/include/lslidar_msgs/lslidar_msgs/msg/detail/lslidar_point__rosidl_typesupport_introspection_c.h
[10.498s] -- Up-to-date: /home/fastbot/ros2_ws/install/lslidar_msgs/include/lslidar_msgs/lslidar_msgs/msg/detail/lslidar_scan__rosidl_typesupport_introspection_c.h
[10.498s] -- Up-to-date: /home/fastbot/ros2_ws/install/lslidar_msgs/include/lslidar_msgs/lslidar_msgs/msg/detail/lslidar_packet__rosidl_typesupport_introspection_c.h
[10.499s] -- Up-to-date: /home/fastbot/ros2_ws/install/lslidar_msgs/include/lslidar_msgs/lslidar_msgs/msg/detail/lslidar_difop__type_support.c
[10.499s] -- Up-to-date: /home/fastbot/ros2_ws/install/lslidar_msgs/include/lslidar_msgs/lslidar_msgs/msg/detail/lslidar_packet__type_support.c
[10.499s] -- Up-to-date: /home/fastbot/ros2_ws/install/lslidar_msgs/include/lslidar_msgs/lslidar_msgs/msg/detail/lslidar_point__type_support.c
[10.500s] -- Up-to-date: /home/fastbot/ros2_ws/install/lslidar_msgs/include/lslidar_msgs/lslidar_msgs/msg/detail/lslidar_sweep__type_support.c
[10.501s] -- Up-to-date: /home/fastbot/ros2_ws/install/lslidar_msgs/include/lslidar_msgs/lslidar_msgs/msg/rosidl_typesupport_introspection_c__visibility_control.h
[10.501s] -- Up-to-date: /home/fastbot/ros2_ws/install/lslidar_msgs/lib/liblslidar_msgs__rosidl_typesupport_introspection_c.so
[10.502s] -- Up-to-date: /home/fastbot/ros2_ws/install/lslidar_msgs/lib/liblslidar_msgs__rosidl_typesupport_c.so
[10.502s] -- Up-to-date: /home/fastbot/ros2_ws/install/lslidar_msgs/include/lslidar_msgs/lslidar_msgs
[10.502s] -- Up-to-date: /home/fastbot/ros2_ws/install/lslidar_msgs/include/lslidar_msgs/lslidar_msgs/msg
[10.503s] -- Up-to-date: /home/fastbot/ros2_ws/install/lslidar_msgs/include/lslidar_msgs/lslidar_msgs/msg/detail
[10.504s] -- Up-to-date: /home/fastbot/ros2_ws/install/lslidar_msgs/include/lslidar_msgs/lslidar_msgs/msg/detail/lslidar_point__type_support.cpp
[10.505s] -- Up-to-date: /home/fastbot/ros2_ws/install/lslidar_msgs/include/lslidar_msgs/lslidar_msgs/msg/detail/lslidar_packet__rosidl_typesupport_introspection_cpp.hpp
[10.505s] -- Up-to-date: /home/fastbot/ros2_ws/install/lslidar_msgs/include/lslidar_msgs/lslidar_msgs/msg/detail/lslidar_packet__type_support.cpp
[10.506s] -- Up-to-date: /home/fastbot/ros2_ws/install/lslidar_msgs/include/lslidar_msgs/lslidar_msgs/msg/detail/lslidar_sweep__type_support.cpp
[10.506s] -- Up-to-date: /home/fastbot/ros2_ws/install/lslidar_msgs/include/lslidar_msgs/lslidar_msgs/msg/detail/lslidar_scan__rosidl_typesupport_introspection_cpp.hpp
[10.507s] -- Up-to-date: /home/fastbot/ros2_ws/install/lslidar_msgs/include/lslidar_msgs/lslidar_msgs/msg/detail/lslidar_difop__type_support.cpp
[10.508s] -- Up-to-date: /home/fastbot/ros2_ws/install/lslidar_msgs/include/lslidar_msgs/lslidar_msgs/msg/detail/lslidar_difop__rosidl_typesupport_introspection_cpp.hpp
[10.509s] -- Up-to-date: /home/fastbot/ros2_ws/install/lslidar_msgs/include/lslidar_msgs/lslidar_msgs/msg/detail/lslidar_sweep__rosidl_typesupport_introspection_cpp.hpp
[10.509s] -- Up-to-date: /home/fastbot/ros2_ws/install/lslidar_msgs/include/lslidar_msgs/lslidar_msgs/msg/detail/lslidar_scan__type_support.cpp
[10.510s] -- Up-to-date: /home/fastbot/ros2_ws/install/lslidar_msgs/include/lslidar_msgs/lslidar_msgs/msg/detail/lslidar_point__rosidl_typesupport_introspection_cpp.hpp
[10.510s] -- Up-to-date: /home/fastbot/ros2_ws/install/lslidar_msgs/lib/liblslidar_msgs__rosidl_typesupport_introspection_cpp.so
[10.511s] -- Up-to-date: /home/fastbot/ros2_ws/install/lslidar_msgs/lib/liblslidar_msgs__rosidl_typesupport_cpp.so
[10.511s] -- Up-to-date: /home/fastbot/ros2_ws/install/lslidar_msgs/share/lslidar_msgs/environment/pythonpath.sh
[10.512s] -- Installing: /home/fastbot/ros2_ws/install/lslidar_msgs/share/lslidar_msgs/environment/pythonpath.dsv
[10.512s] -- Up-to-date: /home/fastbot/ros2_ws/install/lslidar_msgs/local/lib/python3.10/dist-packages/lslidar_msgs-1.2.0-py3.10.egg-info
[10.513s] -- Installing: /home/fastbot/ros2_ws/install/lslidar_msgs/local/lib/python3.10/dist-packages/lslidar_msgs-1.2.0-py3.10.egg-info/PKG-INFO
[10.513s] -- Installing: /home/fastbot/ros2_ws/install/lslidar_msgs/local/lib/python3.10/dist-packages/lslidar_msgs-1.2.0-py3.10.egg-info/top_level.txt
[10.513s] -- Installing: /home/fastbot/ros2_ws/install/lslidar_msgs/local/lib/python3.10/dist-packages/lslidar_msgs-1.2.0-py3.10.egg-info/SOURCES.txt
[10.514s] -- Installing: /home/fastbot/ros2_ws/install/lslidar_msgs/local/lib/python3.10/dist-packages/lslidar_msgs-1.2.0-py3.10.egg-info/dependency_links.txt
[10.514s] -- Up-to-date: /home/fastbot/ros2_ws/install/lslidar_msgs/local/lib/python3.10/dist-packages/lslidar_msgs
[10.514s] -- Up-to-date: /home/fastbot/ros2_ws/install/lslidar_msgs/local/lib/python3.10/dist-packages/lslidar_msgs/_lslidar_msgs_s.ep.rosidl_typesupport_introspection_c.c
[10.515s] -- Up-to-date: /home/fastbot/ros2_ws/install/lslidar_msgs/local/lib/python3.10/dist-packages/lslidar_msgs/_lslidar_msgs_s.ep.rosidl_typesupport_c.c
[10.515s] -- Installing: /home/fastbot/ros2_ws/install/lslidar_msgs/local/lib/python3.10/dist-packages/lslidar_msgs/__init__.py
[10.516s] -- Up-to-date: /home/fastbot/ros2_ws/install/lslidar_msgs/local/lib/python3.10/dist-packages/lslidar_msgs/lslidar_msgs_s__rosidl_typesupport_fastrtps_c.cpython-310-aarch64-linux-gnu.so
[10.516s] -- Up-to-date: /home/fastbot/ros2_ws/install/lslidar_msgs/local/lib/python3.10/dist-packages/lslidar_msgs/liblslidar_msgs__rosidl_generator_py.so
[10.517s] -- Up-to-date: /home/fastbot/ros2_ws/install/lslidar_msgs/local/lib/python3.10/dist-packages/lslidar_msgs/lslidar_msgs_s__rosidl_typesupport_c.cpython-310-aarch64-linux-gnu.so
[10.517s] -- Up-to-date: /home/fastbot/ros2_ws/install/lslidar_msgs/local/lib/python3.10/dist-packages/lslidar_msgs/msg
[10.517s] -- Up-to-date: /home/fastbot/ros2_ws/install/lslidar_msgs/local/lib/python3.10/dist-packages/lslidar_msgs/msg/__init__.py
[10.518s] -- Up-to-date: /home/fastbot/ros2_ws/install/lslidar_msgs/local/lib/python3.10/dist-packages/lslidar_msgs/msg/_lslidar_scan.py
[10.518s] -- Up-to-date: /home/fastbot/ros2_ws/install/lslidar_msgs/local/lib/python3.10/dist-packages/lslidar_msgs/msg/_lslidar_scan_s.c
[10.519s] -- Up-to-date: /home/fastbot/ros2_ws/install/lslidar_msgs/local/lib/python3.10/dist-packages/lslidar_msgs/msg/_lslidar_packet_s.c
[10.520s] -- Up-to-date: /home/fastbot/ros2_ws/install/lslidar_msgs/local/lib/python3.10/dist-packages/lslidar_msgs/msg/_lslidar_difop.py
[10.520s] -- Up-to-date: /home/fastbot/ros2_ws/install/lslidar_msgs/local/lib/python3.10/dist-packages/lslidar_msgs/msg/_lslidar_sweep.py
[10.521s] -- Up-to-date: /home/fastbot/ros2_ws/install/lslidar_msgs/local/lib/python3.10/dist-packages/lslidar_msgs/msg/_lslidar_point_s.c
[10.521s] -- Up-to-date: /home/fastbot/ros2_ws/install/lslidar_msgs/local/lib/python3.10/dist-packages/lslidar_msgs/msg/_lslidar_packet.py
[10.522s] -- Up-to-date: /home/fastbot/ros2_ws/install/lslidar_msgs/local/lib/python3.10/dist-packages/lslidar_msgs/msg/_lslidar_point.py
[10.522s] -- Up-to-date: /home/fastbot/ros2_ws/install/lslidar_msgs/local/lib/python3.10/dist-packages/lslidar_msgs/msg/_lslidar_difop_s.c
[10.522s] -- Up-to-date: /home/fastbot/ros2_ws/install/lslidar_msgs/local/lib/python3.10/dist-packages/lslidar_msgs/msg/_lslidar_sweep_s.c
[10.523s] -- Up-to-date: /home/fastbot/ros2_ws/install/lslidar_msgs/local/lib/python3.10/dist-packages/lslidar_msgs/lslidar_msgs_s__rosidl_typesupport_introspection_c.cpython-310-aarch64-linux-gnu.so
[10.523s] -- Up-to-date: /home/fastbot/ros2_ws/install/lslidar_msgs/local/lib/python3.10/dist-packages/lslidar_msgs/_lslidar_msgs_s.ep.rosidl_typesupport_fastrtps_c.c
[10.694s] Listing '/home/fastbot/ros2_ws/install/lslidar_msgs/local/lib/python3.10/dist-packages/lslidar_msgs'...
[10.695s] Compiling '/home/fastbot/ros2_ws/install/lslidar_msgs/local/lib/python3.10/dist-packages/lslidar_msgs/__init__.py'...
[10.697s] Listing '/home/fastbot/ros2_ws/install/lslidar_msgs/local/lib/python3.10/dist-packages/lslidar_msgs/msg'...
[10.725s] -- Up-to-date: /home/fastbot/ros2_ws/install/lslidar_msgs/local/lib/python3.10/dist-packages/lslidar_msgs/lslidar_msgs_s__rosidl_typesupport_fastrtps_c.cpython-310-aarch64-linux-gnu.so
[10.727s] -- Up-to-date: /home/fastbot/ros2_ws/install/lslidar_msgs/local/lib/python3.10/dist-packages/lslidar_msgs/lslidar_msgs_s__rosidl_typesupport_introspection_c.cpython-310-aarch64-linux-gnu.so
[10.731s] -- Up-to-date: /home/fastbot/ros2_ws/install/lslidar_msgs/local/lib/python3.10/dist-packages/lslidar_msgs/lslidar_msgs_s__rosidl_typesupport_c.cpython-310-aarch64-linux-gnu.so
[10.733s] -- Up-to-date: /home/fastbot/ros2_ws/install/lslidar_msgs/lib/liblslidar_msgs__rosidl_generator_py.so
[10.735s] -- Up-to-date: /home/fastbot/ros2_ws/install/lslidar_msgs/share/lslidar_msgs/msg/LslidarDifop.idl
[10.735s] -- Up-to-date: /home/fastbot/ros2_ws/install/lslidar_msgs/share/lslidar_msgs/msg/LslidarPacket.idl
[10.736s] -- Up-to-date: /home/fastbot/ros2_ws/install/lslidar_msgs/share/lslidar_msgs/msg/LslidarPoint.idl
[10.737s] -- Up-to-date: /home/fastbot/ros2_ws/install/lslidar_msgs/share/lslidar_msgs/msg/LslidarScan.idl
[10.738s] -- Up-to-date: /home/fastbot/ros2_ws/install/lslidar_msgs/share/lslidar_msgs/msg/LslidarSweep.idl
[10.738s] -- Up-to-date: /home/fastbot/ros2_ws/install/lslidar_msgs/share/lslidar_msgs/msg/LslidarDifop.msg
[10.739s] -- Up-to-date: /home/fastbot/ros2_ws/install/lslidar_msgs/share/lslidar_msgs/msg/LslidarPacket.msg
[10.740s] -- Up-to-date: /home/fastbot/ros2_ws/install/lslidar_msgs/share/lslidar_msgs/msg/LslidarPoint.msg
[10.740s] -- Up-to-date: /home/fastbot/ros2_ws/install/lslidar_msgs/share/lslidar_msgs/msg/LslidarScan.msg
[10.741s] -- Up-to-date: /home/fastbot/ros2_ws/install/lslidar_msgs/share/lslidar_msgs/msg/LslidarSweep.msg
[10.741s] -- Up-to-date: /home/fastbot/ros2_ws/install/lslidar_msgs/share/ament_index/resource_index/package_run_dependencies/lslidar_msgs
[10.742s] -- Up-to-date: /home/fastbot/ros2_ws/install/lslidar_msgs/share/ament_index/resource_index/parent_prefix_path/lslidar_msgs
[10.742s] -- Up-to-date: /home/fastbot/ros2_ws/install/lslidar_msgs/share/lslidar_msgs/environment/ament_prefix_path.sh
[10.743s] -- Installing: /home/fastbot/ros2_ws/install/lslidar_msgs/share/lslidar_msgs/environment/ament_prefix_path.dsv
[10.743s] -- Up-to-date: /home/fastbot/ros2_ws/install/lslidar_msgs/share/lslidar_msgs/environment/path.sh
[10.744s] -- Installing: /home/fastbot/ros2_ws/install/lslidar_msgs/share/lslidar_msgs/environment/path.dsv
[10.745s] -- Up-to-date: /home/fastbot/ros2_ws/install/lslidar_msgs/share/lslidar_msgs/local_setup.bash
[10.745s] -- Up-to-date: /home/fastbot/ros2_ws/install/lslidar_msgs/share/lslidar_msgs/local_setup.sh
[10.746s] -- Up-to-date: /home/fastbot/ros2_ws/install/lslidar_msgs/share/lslidar_msgs/local_setup.zsh
[10.746s] -- Installing: /home/fastbot/ros2_ws/install/lslidar_msgs/share/lslidar_msgs/local_setup.dsv
[10.747s] -- Installing: /home/fastbot/ros2_ws/install/lslidar_msgs/share/lslidar_msgs/package.dsv
[10.749s] -- Up-to-date: /home/fastbot/ros2_ws/install/lslidar_msgs/share/ament_index/resource_index/packages/lslidar_msgs
[10.750s] -- Up-to-date: /home/fastbot/ros2_ws/install/lslidar_msgs/share/lslidar_msgs/cmake/export_lslidar_msgs__rosidl_generator_cExport.cmake
[10.750s] -- Up-to-date: /home/fastbot/ros2_ws/install/lslidar_msgs/share/lslidar_msgs/cmake/export_lslidar_msgs__rosidl_generator_cExport-noconfig.cmake
[10.751s] -- Up-to-date: /home/fastbot/ros2_ws/install/lslidar_msgs/share/lslidar_msgs/cmake/export_lslidar_msgs__rosidl_typesupport_fastrtps_cExport.cmake
[10.752s] -- Up-to-date: /home/fastbot/ros2_ws/install/lslidar_msgs/share/lslidar_msgs/cmake/export_lslidar_msgs__rosidl_typesupport_fastrtps_cExport-noconfig.cmake
[10.753s] -- Up-to-date: /home/fastbot/ros2_ws/install/lslidar_msgs/share/lslidar_msgs/cmake/export_lslidar_msgs__rosidl_generator_cppExport.cmake
[10.754s] -- Up-to-date: /home/fastbot/ros2_ws/install/lslidar_msgs/share/lslidar_msgs/cmake/export_lslidar_msgs__rosidl_typesupport_fastrtps_cppExport.cmake
[10.754s] -- Up-to-date: /home/fastbot/ros2_ws/install/lslidar_msgs/share/lslidar_msgs/cmake/export_lslidar_msgs__rosidl_typesupport_fastrtps_cppExport-noconfig.cmake
[10.755s] -- Up-to-date: /home/fastbot/ros2_ws/install/lslidar_msgs/share/lslidar_msgs/cmake/lslidar_msgs__rosidl_typesupport_introspection_cExport.cmake
[10.756s] -- Up-to-date: /home/fastbot/ros2_ws/install/lslidar_msgs/share/lslidar_msgs/cmake/lslidar_msgs__rosidl_typesupport_introspection_cExport-noconfig.cmake
[10.757s] -- Up-to-date: /home/fastbot/ros2_ws/install/lslidar_msgs/share/lslidar_msgs/cmake/lslidar_msgs__rosidl_typesupport_cExport.cmake
[10.757s] -- Up-to-date: /home/fastbot/ros2_ws/install/lslidar_msgs/share/lslidar_msgs/cmake/lslidar_msgs__rosidl_typesupport_cExport-noconfig.cmake
[10.758s] -- Up-to-date: /home/fastbot/ros2_ws/install/lslidar_msgs/share/lslidar_msgs/cmake/lslidar_msgs__rosidl_typesupport_introspection_cppExport.cmake
[10.759s] -- Up-to-date: /home/fastbot/ros2_ws/install/lslidar_msgs/share/lslidar_msgs/cmake/lslidar_msgs__rosidl_typesupport_introspection_cppExport-noconfig.cmake
[10.760s] -- Up-to-date: /home/fastbot/ros2_ws/install/lslidar_msgs/share/lslidar_msgs/cmake/lslidar_msgs__rosidl_typesupport_cppExport.cmake
[10.760s] -- Up-to-date: /home/fastbot/ros2_ws/install/lslidar_msgs/share/lslidar_msgs/cmake/lslidar_msgs__rosidl_typesupport_cppExport-noconfig.cmake
[10.761s] -- Up-to-date: /home/fastbot/ros2_ws/install/lslidar_msgs/share/lslidar_msgs/cmake/export_lslidar_msgs__rosidl_generator_pyExport.cmake
[10.762s] -- Up-to-date: /home/fastbot/ros2_ws/install/lslidar_msgs/share/lslidar_msgs/cmake/export_lslidar_msgs__rosidl_generator_pyExport-noconfig.cmake
[10.763s] -- Up-to-date: /home/fastbot/ros2_ws/install/lslidar_msgs/share/lslidar_msgs/cmake/rosidl_cmake-extras.cmake
[10.764s] -- Up-to-date: /home/fastbot/ros2_ws/install/lslidar_msgs/share/lslidar_msgs/cmake/ament_cmake_export_dependencies-extras.cmake
[10.764s] -- Up-to-date: /home/fastbot/ros2_ws/install/lslidar_msgs/share/lslidar_msgs/cmake/ament_cmake_export_include_directories-extras.cmake
[10.765s] -- Up-to-date: /home/fastbot/ros2_ws/install/lslidar_msgs/share/lslidar_msgs/cmake/ament_cmake_export_libraries-extras.cmake
[10.767s] -- Up-to-date: /home/fastbot/ros2_ws/install/lslidar_msgs/share/lslidar_msgs/cmake/ament_cmake_export_targets-extras.cmake
[10.768s] -- Up-to-date: /home/fastbot/ros2_ws/install/lslidar_msgs/share/lslidar_msgs/cmake/rosidl_cmake_export_typesupport_targets-extras.cmake
[10.768s] -- Up-to-date: /home/fastbot/ros2_ws/install/lslidar_msgs/share/lslidar_msgs/cmake/rosidl_cmake_export_typesupport_libraries-extras.cmake
[10.769s] -- Up-to-date: /home/fastbot/ros2_ws/install/lslidar_msgs/share/lslidar_msgs/cmake/lslidar_msgsConfig.cmake
[10.769s] -- Up-to-date: /home/fastbot/ros2_ws/install/lslidar_msgs/share/lslidar_msgs/cmake/lslidar_msgsConfig-version.cmake
[10.770s] -- Up-to-date: /home/fastbot/ros2_ws/install/lslidar_msgs/share/lslidar_msgs/package.xml
[10.776s] Invoked command in '/home/fastbot/ros2_ws/real/build/lslidar_msgs' returned '0': CMAKE_PREFIX_PATH=${CMAKE_PREFIX_PATH}:/home/fastbot/ros2_ws/real/install/serial_motor:/home/fastbot/ros2_ws/install/serial_motor:/home/fastbot/ros2_ws/install/serial_motor_msgs:/home/fastbot/ros2_ws/install/lslidar_driver:/home/fastbot/ros2_ws/install/lslidar_msgs:/home/fastbot/ros2_ws/install/fastbot_description:/home/fastbot/ros2_ws/install/fastbot_bringup:/opt/ros/humble /usr/bin/cmake --install /home/fastbot/ros2_ws/real/build/lslidar_msgs
