[0.685s] DEBUG:colcon:Command line arguments: ['/usr/bin/colcon', 'build']
[0.686s] DEBUG:colcon:Parsed command line arguments: Namespace(log_base=None, log_level=None, verb_name='build', build_base='build', install_base='install', merge_install=False, symlink_install=False, test_result_base=None, continue_on_error=False, executor='parallel', parallel_workers=4, event_handlers=None, ignore_user_meta=False, metas=['./colcon.meta'], base_paths=['.'], packages_ignore=None, packages_ignore_regex=None, paths=None, packages_up_to=None, packages_up_to_regex=None, packages_above=None, packages_above_and_dependencies=None, packages_above_depth=None, packages_select_by_dep=None, packages_skip_by_dep=None, packages_skip_up_to=None, packages_select_build_failed=False, packages_skip_build_finished=False, packages_select_test_failures=False, packages_skip_test_passed=False, packages_select=None, packages_skip=None, packages_select_regex=None, packages_skip_regex=None, packages_start=None, packages_end=None, allow_overriding=[], cmake_args=None, cmake_target=None, cmake_target_skip_unavailable=False, cmake_clean_cache=False, cmake_clean_first=False, cmake_force_configure=False, ament_cmake_args=None, catkin_cmake_args=None, catkin_skip_building_tests=False, verb_parser=<colcon_defaults.argument_parser.defaults.DefaultArgumentsDecorator object at 0xffff9a990cd0>, verb_extension=<colcon_core.verb.build.BuildVerb object at 0xffff9ab32140>, main=<bound method BuildVerb.main of <colcon_core.verb.build.BuildVerb object at 0xffff9ab32140>>)
[1.988s] Level 1:colcon.colcon_core.package_discovery:discover_packages(colcon_meta) check parameters
[1.988s] Level 1:colcon.colcon_core.package_discovery:discover_packages(recursive) check parameters
[1.988s] Level 1:colcon.colcon_core.package_discovery:discover_packages(ignore) check parameters
[1.988s] Level 1:colcon.colcon_core.package_discovery:discover_packages(path) check parameters
[1.988s] Level 1:colcon.colcon_core.package_discovery:discover_packages(colcon_meta) discover
[1.989s] Level 1:colcon.colcon_core.package_discovery:discover_packages(recursive) discover
[1.989s] INFO:colcon.colcon_core.package_discovery:Crawling recursively for packages in '/home/fastbot/ros2_ws/real'
[1.989s] Level 1:colcon.colcon_core.package_identification:_identify(.) by extensions ['ignore', 'ignore_ament_install']
[1.990s] Level 1:colcon.colcon_core.package_identification:_identify(.) by extension 'ignore'
[1.990s] Level 1:colcon.colcon_core.package_identification:_identify(.) by extension 'ignore_ament_install'
[1.990s] Level 1:colcon.colcon_core.package_identification:_identify(.) by extensions ['colcon_pkg']
[1.991s] Level 1:colcon.colcon_core.package_identification:_identify(.) by extension 'colcon_pkg'
[1.991s] Level 1:colcon.colcon_core.package_identification:_identify(.) by extensions ['colcon_meta']
[1.991s] Level 1:colcon.colcon_core.package_identification:_identify(.) by extension 'colcon_meta'
[1.991s] Level 1:colcon.colcon_core.package_identification:_identify(.) by extensions ['ros']
[1.991s] Level 1:colcon.colcon_core.package_identification:_identify(.) by extension 'ros'
[2.056s] Level 1:colcon.colcon_core.package_identification:_identify(.) by extensions ['cmake', 'python']
[2.057s] Level 1:colcon.colcon_core.package_identification:_identify(.) by extension 'cmake'
[2.057s] Level 1:colcon.colcon_core.package_identification:_identify(.) by extension 'python'
[2.057s] Level 1:colcon.colcon_core.package_identification:_identify(.) by extensions ['python_setup_py']
[2.057s] Level 1:colcon.colcon_core.package_identification:_identify(.) by extension 'python_setup_py'
[2.058s] Level 1:colcon.colcon_core.package_identification:_identify(build) by extensions ['ignore', 'ignore_ament_install']
[2.058s] Level 1:colcon.colcon_core.package_identification:_identify(build) by extension 'ignore'
[2.058s] Level 1:colcon.colcon_core.package_identification:_identify(build) ignored
[2.059s] Level 1:colcon.colcon_core.package_identification:_identify(install) by extensions ['ignore', 'ignore_ament_install']
[2.059s] Level 1:colcon.colcon_core.package_identification:_identify(install) by extension 'ignore'
[2.060s] Level 1:colcon.colcon_core.package_identification:_identify(install) ignored
[2.060s] Level 1:colcon.colcon_core.package_identification:_identify(log) by extensions ['ignore', 'ignore_ament_install']
[2.060s] Level 1:colcon.colcon_core.package_identification:_identify(log) by extension 'ignore'
[2.061s] Level 1:colcon.colcon_core.package_identification:_identify(log) ignored
[2.061s] Level 1:colcon.colcon_core.package_identification:_identify(ros2_ws) by extensions ['ignore', 'ignore_ament_install']
[2.061s] Level 1:colcon.colcon_core.package_identification:_identify(ros2_ws) by extension 'ignore'
[2.061s] Level 1:colcon.colcon_core.package_identification:_identify(ros2_ws) by extension 'ignore_ament_install'
[2.062s] Level 1:colcon.colcon_core.package_identification:_identify(ros2_ws) by extensions ['colcon_pkg']
[2.062s] Level 1:colcon.colcon_core.package_identification:_identify(ros2_ws) by extension 'colcon_pkg'
[2.062s] Level 1:colcon.colcon_core.package_identification:_identify(ros2_ws) by extensions ['colcon_meta']
[2.062s] Level 1:colcon.colcon_core.package_identification:_identify(ros2_ws) by extension 'colcon_meta'
[2.062s] Level 1:colcon.colcon_core.package_identification:_identify(ros2_ws) by extensions ['ros']
[2.062s] Level 1:colcon.colcon_core.package_identification:_identify(ros2_ws) by extension 'ros'
[2.063s] Level 1:colcon.colcon_core.package_identification:_identify(ros2_ws) by extensions ['cmake', 'python']
[2.063s] Level 1:colcon.colcon_core.package_identification:_identify(ros2_ws) by extension 'cmake'
[2.063s] Level 1:colcon.colcon_core.package_identification:_identify(ros2_ws) by extension 'python'
[2.063s] Level 1:colcon.colcon_core.package_identification:_identify(ros2_ws) by extensions ['python_setup_py']
[2.063s] Level 1:colcon.colcon_core.package_identification:_identify(ros2_ws) by extension 'python_setup_py'
[2.064s] Level 1:colcon.colcon_core.package_identification:_identify(src) by extensions ['ignore', 'ignore_ament_install']
[2.064s] Level 1:colcon.colcon_core.package_identification:_identify(src) by extension 'ignore'
[2.064s] Level 1:colcon.colcon_core.package_identification:_identify(src) by extension 'ignore_ament_install'
[2.064s] Level 1:colcon.colcon_core.package_identification:_identify(src) by extensions ['colcon_pkg']
[2.065s] Level 1:colcon.colcon_core.package_identification:_identify(src) by extension 'colcon_pkg'
[2.065s] Level 1:colcon.colcon_core.package_identification:_identify(src) by extensions ['colcon_meta']
[2.065s] Level 1:colcon.colcon_core.package_identification:_identify(src) by extension 'colcon_meta'
[2.065s] Level 1:colcon.colcon_core.package_identification:_identify(src) by extensions ['ros']
[2.065s] Level 1:colcon.colcon_core.package_identification:_identify(src) by extension 'ros'
[2.065s] Level 1:colcon.colcon_core.package_identification:_identify(src) by extensions ['cmake', 'python']
[2.066s] Level 1:colcon.colcon_core.package_identification:_identify(src) by extension 'cmake'
[2.066s] Level 1:colcon.colcon_core.package_identification:_identify(src) by extension 'python'
[2.066s] Level 1:colcon.colcon_core.package_identification:_identify(src) by extensions ['python_setup_py']
[2.066s] Level 1:colcon.colcon_core.package_identification:_identify(src) by extension 'python_setup_py'
[2.067s] Level 1:colcon.colcon_core.package_identification:_identify(src/Lslidar_ROS2_driver) by extensions ['ignore', 'ignore_ament_install']
[2.067s] Level 1:colcon.colcon_core.package_identification:_identify(src/Lslidar_ROS2_driver) by extension 'ignore'
[2.067s] Level 1:colcon.colcon_core.package_identification:_identify(src/Lslidar_ROS2_driver) by extension 'ignore_ament_install'
[2.067s] Level 1:colcon.colcon_core.package_identification:_identify(src/Lslidar_ROS2_driver) by extensions ['colcon_pkg']
[2.067s] Level 1:colcon.colcon_core.package_identification:_identify(src/Lslidar_ROS2_driver) by extension 'colcon_pkg'
[2.068s] Level 1:colcon.colcon_core.package_identification:_identify(src/Lslidar_ROS2_driver) by extensions ['colcon_meta']
[2.068s] Level 1:colcon.colcon_core.package_identification:_identify(src/Lslidar_ROS2_driver) by extension 'colcon_meta'
[2.068s] Level 1:colcon.colcon_core.package_identification:_identify(src/Lslidar_ROS2_driver) by extensions ['ros']
[2.068s] Level 1:colcon.colcon_core.package_identification:_identify(src/Lslidar_ROS2_driver) by extension 'ros'
[2.068s] Level 1:colcon.colcon_core.package_identification:_identify(src/Lslidar_ROS2_driver) by extensions ['cmake', 'python']
[2.068s] Level 1:colcon.colcon_core.package_identification:_identify(src/Lslidar_ROS2_driver) by extension 'cmake'
[2.069s] Level 1:colcon.colcon_core.package_identification:_identify(src/Lslidar_ROS2_driver) by extension 'python'
[2.069s] Level 1:colcon.colcon_core.package_identification:_identify(src/Lslidar_ROS2_driver) by extensions ['python_setup_py']
[2.069s] Level 1:colcon.colcon_core.package_identification:_identify(src/Lslidar_ROS2_driver) by extension 'python_setup_py'
[2.069s] Level 1:colcon.colcon_core.package_identification:_identify(src/Lslidar_ROS2_driver/lslidar_driver) by extensions ['ignore', 'ignore_ament_install']
[2.070s] Level 1:colcon.colcon_core.package_identification:_identify(src/Lslidar_ROS2_driver/lslidar_driver) by extension 'ignore'
[2.070s] Level 1:colcon.colcon_core.package_identification:_identify(src/Lslidar_ROS2_driver/lslidar_driver) by extension 'ignore_ament_install'
[2.070s] Level 1:colcon.colcon_core.package_identification:_identify(src/Lslidar_ROS2_driver/lslidar_driver) by extensions ['colcon_pkg']
[2.070s] Level 1:colcon.colcon_core.package_identification:_identify(src/Lslidar_ROS2_driver/lslidar_driver) by extension 'colcon_pkg'
[2.071s] Level 1:colcon.colcon_core.package_identification:_identify(src/Lslidar_ROS2_driver/lslidar_driver) by extensions ['colcon_meta']
[2.071s] Level 1:colcon.colcon_core.package_identification:_identify(src/Lslidar_ROS2_driver/lslidar_driver) by extension 'colcon_meta'
[2.071s] Level 1:colcon.colcon_core.package_identification:_identify(src/Lslidar_ROS2_driver/lslidar_driver) by extensions ['ros']
[2.071s] Level 1:colcon.colcon_core.package_identification:_identify(src/Lslidar_ROS2_driver/lslidar_driver) by extension 'ros'
[2.082s] DEBUG:colcon.colcon_core.package_identification:Package 'src/Lslidar_ROS2_driver/lslidar_driver' with type 'ros.ament_cmake' and name 'lslidar_driver'
[2.083s] Level 1:colcon.colcon_core.package_identification:_identify(src/Lslidar_ROS2_driver/lslidar_msgs) by extensions ['ignore', 'ignore_ament_install']
[2.083s] Level 1:colcon.colcon_core.package_identification:_identify(src/Lslidar_ROS2_driver/lslidar_msgs) by extension 'ignore'
[2.084s] Level 1:colcon.colcon_core.package_identification:_identify(src/Lslidar_ROS2_driver/lslidar_msgs) by extension 'ignore_ament_install'
[2.084s] Level 1:colcon.colcon_core.package_identification:_identify(src/Lslidar_ROS2_driver/lslidar_msgs) by extensions ['colcon_pkg']
[2.084s] Level 1:colcon.colcon_core.package_identification:_identify(src/Lslidar_ROS2_driver/lslidar_msgs) by extension 'colcon_pkg'
[2.084s] Level 1:colcon.colcon_core.package_identification:_identify(src/Lslidar_ROS2_driver/lslidar_msgs) by extensions ['colcon_meta']
[2.084s] Level 1:colcon.colcon_core.package_identification:_identify(src/Lslidar_ROS2_driver/lslidar_msgs) by extension 'colcon_meta'
[2.085s] Level 1:colcon.colcon_core.package_identification:_identify(src/Lslidar_ROS2_driver/lslidar_msgs) by extensions ['ros']
[2.085s] Level 1:colcon.colcon_core.package_identification:_identify(src/Lslidar_ROS2_driver/lslidar_msgs) by extension 'ros'
[2.088s] DEBUG:colcon.colcon_core.package_identification:Package 'src/Lslidar_ROS2_driver/lslidar_msgs' with type 'ros.ament_cmake' and name 'lslidar_msgs'
[2.088s] Level 1:colcon.colcon_core.package_identification:_identify(src/fastbot_bringup) by extensions ['ignore', 'ignore_ament_install']
[2.088s] Level 1:colcon.colcon_core.package_identification:_identify(src/fastbot_bringup) by extension 'ignore'
[2.089s] Level 1:colcon.colcon_core.package_identification:_identify(src/fastbot_bringup) by extension 'ignore_ament_install'
[2.089s] Level 1:colcon.colcon_core.package_identification:_identify(src/fastbot_bringup) by extensions ['colcon_pkg']
[2.089s] Level 1:colcon.colcon_core.package_identification:_identify(src/fastbot_bringup) by extension 'colcon_pkg'
[2.089s] Level 1:colcon.colcon_core.package_identification:_identify(src/fastbot_bringup) by extensions ['colcon_meta']
[2.089s] Level 1:colcon.colcon_core.package_identification:_identify(src/fastbot_bringup) by extension 'colcon_meta'
[2.090s] Level 1:colcon.colcon_core.package_identification:_identify(src/fastbot_bringup) by extensions ['ros']
[2.090s] Level 1:colcon.colcon_core.package_identification:_identify(src/fastbot_bringup) by extension 'ros'
[2.092s] DEBUG:colcon.colcon_core.package_identification:Package 'src/fastbot_bringup' with type 'ros.ament_cmake' and name 'fastbot_bringup'
[2.092s] Level 1:colcon.colcon_core.package_identification:_identify(src/fastbot_description) by extensions ['ignore', 'ignore_ament_install']
[2.093s] Level 1:colcon.colcon_core.package_identification:_identify(src/fastbot_description) by extension 'ignore'
[2.093s] Level 1:colcon.colcon_core.package_identification:_identify(src/fastbot_description) by extension 'ignore_ament_install'
[2.093s] Level 1:colcon.colcon_core.package_identification:_identify(src/fastbot_description) by extensions ['colcon_pkg']
[2.093s] Level 1:colcon.colcon_core.package_identification:_identify(src/fastbot_description) by extension 'colcon_pkg'
[2.094s] Level 1:colcon.colcon_core.package_identification:_identify(src/fastbot_description) by extensions ['colcon_meta']
[2.094s] Level 1:colcon.colcon_core.package_identification:_identify(src/fastbot_description) by extension 'colcon_meta'
[2.094s] Level 1:colcon.colcon_core.package_identification:_identify(src/fastbot_description) by extensions ['ros']
[2.094s] Level 1:colcon.colcon_core.package_identification:_identify(src/fastbot_description) by extension 'ros'
[2.097s] DEBUG:colcon.colcon_core.package_identification:Package 'src/fastbot_description' with type 'ros.ament_cmake' and name 'fastbot_description'
[2.098s] Level 1:colcon.colcon_core.package_identification:_identify(src/fastbot_slam_real) by extensions ['ignore', 'ignore_ament_install']
[2.098s] Level 1:colcon.colcon_core.package_identification:_identify(src/fastbot_slam_real) by extension 'ignore'
[2.099s] Level 1:colcon.colcon_core.package_identification:_identify(src/fastbot_slam_real) by extension 'ignore_ament_install'
[2.099s] Level 1:colcon.colcon_core.package_identification:_identify(src/fastbot_slam_real) by extensions ['colcon_pkg']
[2.099s] Level 1:colcon.colcon_core.package_identification:_identify(src/fastbot_slam_real) by extension 'colcon_pkg'
[2.099s] Level 1:colcon.colcon_core.package_identification:_identify(src/fastbot_slam_real) by extensions ['colcon_meta']
[2.099s] Level 1:colcon.colcon_core.package_identification:_identify(src/fastbot_slam_real) by extension 'colcon_meta'
[2.099s] Level 1:colcon.colcon_core.package_identification:_identify(src/fastbot_slam_real) by extensions ['ros']
[2.099s] Level 1:colcon.colcon_core.package_identification:_identify(src/fastbot_slam_real) by extension 'ros'
[2.102s] DEBUG:colcon.colcon_core.package_identification:Package 'src/fastbot_slam_real' with type 'ros.ament_cmake' and name 'fastbot_slam_real'
[2.102s] Level 1:colcon.colcon_core.package_identification:_identify(src/msg) by extensions ['ignore', 'ignore_ament_install']
[2.102s] Level 1:colcon.colcon_core.package_identification:_identify(src/msg) by extension 'ignore'
[2.103s] Level 1:colcon.colcon_core.package_identification:_identify(src/msg) by extension 'ignore_ament_install'
[2.103s] Level 1:colcon.colcon_core.package_identification:_identify(src/msg) by extensions ['colcon_pkg']
[2.103s] Level 1:colcon.colcon_core.package_identification:_identify(src/msg) by extension 'colcon_pkg'
[2.103s] Level 1:colcon.colcon_core.package_identification:_identify(src/msg) by extensions ['colcon_meta']
[2.103s] Level 1:colcon.colcon_core.package_identification:_identify(src/msg) by extension 'colcon_meta'
[2.104s] Level 1:colcon.colcon_core.package_identification:_identify(src/msg) by extensions ['ros']
[2.104s] Level 1:colcon.colcon_core.package_identification:_identify(src/msg) by extension 'ros'
[2.104s] Level 1:colcon.colcon_core.package_identification:_identify(src/msg) by extensions ['cmake', 'python']
[2.104s] Level 1:colcon.colcon_core.package_identification:_identify(src/msg) by extension 'cmake'
[2.104s] Level 1:colcon.colcon_core.package_identification:_identify(src/msg) by extension 'python'
[2.104s] Level 1:colcon.colcon_core.package_identification:_identify(src/msg) by extensions ['python_setup_py']
[2.105s] Level 1:colcon.colcon_core.package_identification:_identify(src/msg) by extension 'python_setup_py'
[2.105s] Level 1:colcon.colcon_core.package_identification:_identify(src/serial_motor) by extensions ['ignore', 'ignore_ament_install']
[2.105s] Level 1:colcon.colcon_core.package_identification:_identify(src/serial_motor) by extension 'ignore'
[2.106s] Level 1:colcon.colcon_core.package_identification:_identify(src/serial_motor) by extension 'ignore_ament_install'
[2.106s] Level 1:colcon.colcon_core.package_identification:_identify(src/serial_motor) by extensions ['colcon_pkg']
[2.106s] Level 1:colcon.colcon_core.package_identification:_identify(src/serial_motor) by extension 'colcon_pkg'
[2.106s] Level 1:colcon.colcon_core.package_identification:_identify(src/serial_motor) by extensions ['colcon_meta']
[2.106s] Level 1:colcon.colcon_core.package_identification:_identify(src/serial_motor) by extension 'colcon_meta'
[2.106s] Level 1:colcon.colcon_core.package_identification:_identify(src/serial_motor) by extensions ['ros']
[2.107s] Level 1:colcon.colcon_core.package_identification:_identify(src/serial_motor) by extension 'ros'
[2.109s] DEBUG:colcon.colcon_core.package_identification:Package 'src/serial_motor' with type 'ros.ament_python' and name 'serial_motor'
[2.110s] Level 1:colcon.colcon_core.package_identification:_identify(src/serial_motor_msgs) by extensions ['ignore', 'ignore_ament_install']
[2.110s] Level 1:colcon.colcon_core.package_identification:_identify(src/serial_motor_msgs) by extension 'ignore'
[2.110s] Level 1:colcon.colcon_core.package_identification:_identify(src/serial_motor_msgs) by extension 'ignore_ament_install'
[2.110s] Level 1:colcon.colcon_core.package_identification:_identify(src/serial_motor_msgs) by extensions ['colcon_pkg']
[2.111s] Level 1:colcon.colcon_core.package_identification:_identify(src/serial_motor_msgs) by extension 'colcon_pkg'
[2.111s] Level 1:colcon.colcon_core.package_identification:_identify(src/serial_motor_msgs) by extensions ['colcon_meta']
[2.111s] Level 1:colcon.colcon_core.package_identification:_identify(src/serial_motor_msgs) by extension 'colcon_meta'
[2.111s] Level 1:colcon.colcon_core.package_identification:_identify(src/serial_motor_msgs) by extensions ['ros']
[2.111s] Level 1:colcon.colcon_core.package_identification:_identify(src/serial_motor_msgs) by extension 'ros'
[2.113s] DEBUG:colcon.colcon_core.package_identification:Package 'src/serial_motor_msgs' with type 'ros.ament_cmake' and name 'serial_motor_msgs'
[2.113s] Level 1:colcon.colcon_core.package_discovery:discover_packages(recursive) using defaults
[2.113s] Level 1:colcon.colcon_core.package_discovery:discover_packages(ignore) discover
[2.114s] Level 1:colcon.colcon_core.package_discovery:discover_packages(ignore) using defaults
[2.114s] Level 1:colcon.colcon_core.package_discovery:discover_packages(path) discover
[2.114s] Level 1:colcon.colcon_core.package_discovery:discover_packages(path) using defaults
[2.281s] Level 1:colcon.colcon_core.package_discovery:discover_packages(prefix_path) check parameters
[2.281s] Level 1:colcon.colcon_core.package_discovery:discover_packages(prefix_path) discover
[2.299s] DEBUG:colcon.colcon_installed_package_information.package_discovery:Found 6 installed packages in /home/fastbot/ros2_ws/install
[2.310s] DEBUG:colcon.colcon_installed_package_information.package_discovery:Found 285 installed packages in /opt/ros/humble
[2.317s] Level 1:colcon.colcon_core.package_discovery:discover_packages(prefix_path) using defaults
[2.504s] Level 5:colcon.colcon_core.verb:set package 'fastbot_bringup' build argument 'cmake_args' from command line to 'None'
[2.505s] Level 5:colcon.colcon_core.verb:set package 'fastbot_bringup' build argument 'cmake_target' from command line to 'None'
[2.505s] Level 5:colcon.colcon_core.verb:set package 'fastbot_bringup' build argument 'cmake_target_skip_unavailable' from command line to 'False'
[2.505s] Level 5:colcon.colcon_core.verb:set package 'fastbot_bringup' build argument 'cmake_clean_cache' from command line to 'False'
[2.505s] Level 5:colcon.colcon_core.verb:set package 'fastbot_bringup' build argument 'cmake_clean_first' from command line to 'False'
[2.505s] Level 5:colcon.colcon_core.verb:set package 'fastbot_bringup' build argument 'cmake_force_configure' from command line to 'False'
[2.505s] Level 5:colcon.colcon_core.verb:set package 'fastbot_bringup' build argument 'ament_cmake_args' from command line to 'None'
[2.505s] Level 5:colcon.colcon_core.verb:set package 'fastbot_bringup' build argument 'catkin_cmake_args' from command line to 'None'
[2.505s] Level 5:colcon.colcon_core.verb:set package 'fastbot_bringup' build argument 'catkin_skip_building_tests' from command line to 'False'
[2.506s] DEBUG:colcon.colcon_core.verb:Building package 'fastbot_bringup' with the following arguments: {'ament_cmake_args': None, 'build_base': '/home/fastbot/ros2_ws/real/build/fastbot_bringup', 'catkin_cmake_args': None, 'catkin_skip_building_tests': False, 'cmake_args': None, 'cmake_clean_cache': False, 'cmake_clean_first': False, 'cmake_force_configure': False, 'cmake_target': None, 'cmake_target_skip_unavailable': False, 'install_base': '/home/fastbot/ros2_ws/real/install/fastbot_bringup', 'merge_install': False, 'path': '/home/fastbot/ros2_ws/real/src/fastbot_bringup', 'symlink_install': False, 'test_result_base': None}
[2.507s] Level 5:colcon.colcon_core.verb:set package 'fastbot_description' build argument 'cmake_args' from command line to 'None'
[2.507s] Level 5:colcon.colcon_core.verb:set package 'fastbot_description' build argument 'cmake_target' from command line to 'None'
[2.507s] Level 5:colcon.colcon_core.verb:set package 'fastbot_description' build argument 'cmake_target_skip_unavailable' from command line to 'False'
[2.507s] Level 5:colcon.colcon_core.verb:set package 'fastbot_description' build argument 'cmake_clean_cache' from command line to 'False'
[2.507s] Level 5:colcon.colcon_core.verb:set package 'fastbot_description' build argument 'cmake_clean_first' from command line to 'False'
[2.508s] Level 5:colcon.colcon_core.verb:set package 'fastbot_description' build argument 'cmake_force_configure' from command line to 'False'
[2.508s] Level 5:colcon.colcon_core.verb:set package 'fastbot_description' build argument 'ament_cmake_args' from command line to 'None'
[2.508s] Level 5:colcon.colcon_core.verb:set package 'fastbot_description' build argument 'catkin_cmake_args' from command line to 'None'
[2.508s] Level 5:colcon.colcon_core.verb:set package 'fastbot_description' build argument 'catkin_skip_building_tests' from command line to 'False'
[2.508s] DEBUG:colcon.colcon_core.verb:Building package 'fastbot_description' with the following arguments: {'ament_cmake_args': None, 'build_base': '/home/fastbot/ros2_ws/real/build/fastbot_description', 'catkin_cmake_args': None, 'catkin_skip_building_tests': False, 'cmake_args': None, 'cmake_clean_cache': False, 'cmake_clean_first': False, 'cmake_force_configure': False, 'cmake_target': None, 'cmake_target_skip_unavailable': False, 'install_base': '/home/fastbot/ros2_ws/real/install/fastbot_description', 'merge_install': False, 'path': '/home/fastbot/ros2_ws/real/src/fastbot_description', 'symlink_install': False, 'test_result_base': None}
[2.509s] Level 5:colcon.colcon_core.verb:set package 'fastbot_slam_real' build argument 'cmake_args' from command line to 'None'
[2.510s] Level 5:colcon.colcon_core.verb:set package 'fastbot_slam_real' build argument 'cmake_target' from command line to 'None'
[2.510s] Level 5:colcon.colcon_core.verb:set package 'fastbot_slam_real' build argument 'cmake_target_skip_unavailable' from command line to 'False'
[2.510s] Level 5:colcon.colcon_core.verb:set package 'fastbot_slam_real' build argument 'cmake_clean_cache' from command line to 'False'
[2.510s] Level 5:colcon.colcon_core.verb:set package 'fastbot_slam_real' build argument 'cmake_clean_first' from command line to 'False'
[2.510s] Level 5:colcon.colcon_core.verb:set package 'fastbot_slam_real' build argument 'cmake_force_configure' from command line to 'False'
[2.510s] Level 5:colcon.colcon_core.verb:set package 'fastbot_slam_real' build argument 'ament_cmake_args' from command line to 'None'
[2.510s] Level 5:colcon.colcon_core.verb:set package 'fastbot_slam_real' build argument 'catkin_cmake_args' from command line to 'None'
[2.510s] Level 5:colcon.colcon_core.verb:set package 'fastbot_slam_real' build argument 'catkin_skip_building_tests' from command line to 'False'
[2.510s] DEBUG:colcon.colcon_core.verb:Building package 'fastbot_slam_real' with the following arguments: {'ament_cmake_args': None, 'build_base': '/home/fastbot/ros2_ws/real/build/fastbot_slam_real', 'catkin_cmake_args': None, 'catkin_skip_building_tests': False, 'cmake_args': None, 'cmake_clean_cache': False, 'cmake_clean_first': False, 'cmake_force_configure': False, 'cmake_target': None, 'cmake_target_skip_unavailable': False, 'install_base': '/home/fastbot/ros2_ws/real/install/fastbot_slam_real', 'merge_install': False, 'path': '/home/fastbot/ros2_ws/real/src/fastbot_slam_real', 'symlink_install': False, 'test_result_base': None}
[2.512s] Level 5:colcon.colcon_core.verb:set package 'lslidar_msgs' build argument 'cmake_args' from command line to 'None'
[2.512s] Level 5:colcon.colcon_core.verb:set package 'lslidar_msgs' build argument 'cmake_target' from command line to 'None'
[2.512s] Level 5:colcon.colcon_core.verb:set package 'lslidar_msgs' build argument 'cmake_target_skip_unavailable' from command line to 'False'
[2.512s] Level 5:colcon.colcon_core.verb:set package 'lslidar_msgs' build argument 'cmake_clean_cache' from command line to 'False'
[2.512s] Level 5:colcon.colcon_core.verb:set package 'lslidar_msgs' build argument 'cmake_clean_first' from command line to 'False'
[2.512s] Level 5:colcon.colcon_core.verb:set package 'lslidar_msgs' build argument 'cmake_force_configure' from command line to 'False'
[2.512s] Level 5:colcon.colcon_core.verb:set package 'lslidar_msgs' build argument 'ament_cmake_args' from command line to 'None'
[2.513s] Level 5:colcon.colcon_core.verb:set package 'lslidar_msgs' build argument 'catkin_cmake_args' from command line to 'None'
[2.513s] Level 5:colcon.colcon_core.verb:set package 'lslidar_msgs' build argument 'catkin_skip_building_tests' from command line to 'False'
[2.513s] DEBUG:colcon.colcon_core.verb:Building package 'lslidar_msgs' with the following arguments: {'ament_cmake_args': None, 'build_base': '/home/fastbot/ros2_ws/real/build/lslidar_msgs', 'catkin_cmake_args': None, 'catkin_skip_building_tests': False, 'cmake_args': None, 'cmake_clean_cache': False, 'cmake_clean_first': False, 'cmake_force_configure': False, 'cmake_target': None, 'cmake_target_skip_unavailable': False, 'install_base': '/home/fastbot/ros2_ws/real/install/lslidar_msgs', 'merge_install': False, 'path': '/home/fastbot/ros2_ws/real/src/Lslidar_ROS2_driver/lslidar_msgs', 'symlink_install': False, 'test_result_base': None}
[2.514s] Level 5:colcon.colcon_core.verb:set package 'serial_motor_msgs' build argument 'cmake_args' from command line to 'None'
[2.514s] Level 5:colcon.colcon_core.verb:set package 'serial_motor_msgs' build argument 'cmake_target' from command line to 'None'
[2.514s] Level 5:colcon.colcon_core.verb:set package 'serial_motor_msgs' build argument 'cmake_target_skip_unavailable' from command line to 'False'
[2.514s] Level 5:colcon.colcon_core.verb:set package 'serial_motor_msgs' build argument 'cmake_clean_cache' from command line to 'False'
[2.515s] Level 5:colcon.colcon_core.verb:set package 'serial_motor_msgs' build argument 'cmake_clean_first' from command line to 'False'
[2.515s] Level 5:colcon.colcon_core.verb:set package 'serial_motor_msgs' build argument 'cmake_force_configure' from command line to 'False'
[2.515s] Level 5:colcon.colcon_core.verb:set package 'serial_motor_msgs' build argument 'ament_cmake_args' from command line to 'None'
[2.515s] Level 5:colcon.colcon_core.verb:set package 'serial_motor_msgs' build argument 'catkin_cmake_args' from command line to 'None'
[2.515s] Level 5:colcon.colcon_core.verb:set package 'serial_motor_msgs' build argument 'catkin_skip_building_tests' from command line to 'False'
[2.515s] DEBUG:colcon.colcon_core.verb:Building package 'serial_motor_msgs' with the following arguments: {'ament_cmake_args': None, 'build_base': '/home/fastbot/ros2_ws/real/build/serial_motor_msgs', 'catkin_cmake_args': None, 'catkin_skip_building_tests': False, 'cmake_args': None, 'cmake_clean_cache': False, 'cmake_clean_first': False, 'cmake_force_configure': False, 'cmake_target': None, 'cmake_target_skip_unavailable': False, 'install_base': '/home/fastbot/ros2_ws/real/install/serial_motor_msgs', 'merge_install': False, 'path': '/home/fastbot/ros2_ws/real/src/serial_motor_msgs', 'symlink_install': False, 'test_result_base': None}
[2.516s] Level 5:colcon.colcon_core.verb:set package 'lslidar_driver' build argument 'cmake_args' from command line to 'None'
[2.517s] Level 5:colcon.colcon_core.verb:set package 'lslidar_driver' build argument 'cmake_target' from command line to 'None'
[2.517s] Level 5:colcon.colcon_core.verb:set package 'lslidar_driver' build argument 'cmake_target_skip_unavailable' from command line to 'False'
[2.517s] Level 5:colcon.colcon_core.verb:set package 'lslidar_driver' build argument 'cmake_clean_cache' from command line to 'False'
[2.517s] Level 5:colcon.colcon_core.verb:set package 'lslidar_driver' build argument 'cmake_clean_first' from command line to 'False'
[2.517s] Level 5:colcon.colcon_core.verb:set package 'lslidar_driver' build argument 'cmake_force_configure' from command line to 'False'
[2.517s] Level 5:colcon.colcon_core.verb:set package 'lslidar_driver' build argument 'ament_cmake_args' from command line to 'None'
[2.517s] Level 5:colcon.colcon_core.verb:set package 'lslidar_driver' build argument 'catkin_cmake_args' from command line to 'None'
[2.517s] Level 5:colcon.colcon_core.verb:set package 'lslidar_driver' build argument 'catkin_skip_building_tests' from command line to 'False'
[2.517s] DEBUG:colcon.colcon_core.verb:Building package 'lslidar_driver' with the following arguments: {'ament_cmake_args': None, 'build_base': '/home/fastbot/ros2_ws/real/build/lslidar_driver', 'catkin_cmake_args': None, 'catkin_skip_building_tests': False, 'cmake_args': None, 'cmake_clean_cache': False, 'cmake_clean_first': False, 'cmake_force_configure': False, 'cmake_target': None, 'cmake_target_skip_unavailable': False, 'install_base': '/home/fastbot/ros2_ws/real/install/lslidar_driver', 'merge_install': False, 'path': '/home/fastbot/ros2_ws/real/src/Lslidar_ROS2_driver/lslidar_driver', 'symlink_install': False, 'test_result_base': None}
[2.519s] Level 5:colcon.colcon_core.verb:set package 'serial_motor' build argument 'cmake_args' from command line to 'None'
[2.519s] Level 5:colcon.colcon_core.verb:set package 'serial_motor' build argument 'cmake_target' from command line to 'None'
[2.519s] Level 5:colcon.colcon_core.verb:set package 'serial_motor' build argument 'cmake_target_skip_unavailable' from command line to 'False'
[2.519s] Level 5:colcon.colcon_core.verb:set package 'serial_motor' build argument 'cmake_clean_cache' from command line to 'False'
[2.519s] Level 5:colcon.colcon_core.verb:set package 'serial_motor' build argument 'cmake_clean_first' from command line to 'False'
[2.519s] Level 5:colcon.colcon_core.verb:set package 'serial_motor' build argument 'cmake_force_configure' from command line to 'False'
[2.519s] Level 5:colcon.colcon_core.verb:set package 'serial_motor' build argument 'ament_cmake_args' from command line to 'None'
[2.520s] Level 5:colcon.colcon_core.verb:set package 'serial_motor' build argument 'catkin_cmake_args' from command line to 'None'
[2.520s] Level 5:colcon.colcon_core.verb:set package 'serial_motor' build argument 'catkin_skip_building_tests' from command line to 'False'
[2.520s] DEBUG:colcon.colcon_core.verb:Building package 'serial_motor' with the following arguments: {'ament_cmake_args': None, 'build_base': '/home/fastbot/ros2_ws/real/build/serial_motor', 'catkin_cmake_args': None, 'catkin_skip_building_tests': False, 'cmake_args': None, 'cmake_clean_cache': False, 'cmake_clean_first': False, 'cmake_force_configure': False, 'cmake_target': None, 'cmake_target_skip_unavailable': False, 'install_base': '/home/fastbot/ros2_ws/real/install/serial_motor', 'merge_install': False, 'path': '/home/fastbot/ros2_ws/real/src/serial_motor', 'symlink_install': False, 'test_result_base': None}
[2.520s] INFO:colcon.colcon_core.executor:Executing jobs using 'parallel' executor
[2.524s] DEBUG:colcon.colcon_parallel_executor.executor.parallel:run_until_complete
[2.525s] INFO:colcon.colcon_ros.task.ament_cmake.build:Building ROS package in '/home/fastbot/ros2_ws/real/src/Lslidar_ROS2_driver/lslidar_msgs' with build type 'ament_cmake'
[2.525s] INFO:colcon.colcon_cmake.task.cmake.build:Building CMake package in '/home/fastbot/ros2_ws/real/src/Lslidar_ROS2_driver/lslidar_msgs'
[2.547s] INFO:colcon.colcon_core.plugin_system:Skipping extension 'colcon_core.shell.bat': Not used on non-Windows systems
[2.549s] INFO:colcon.colcon_core.shell:Skip shell extension 'powershell' for command environment: Not usable outside of PowerShell
[2.549s] DEBUG:colcon.colcon_core.shell:Skip shell extension 'dsv' for command environment
[2.572s] INFO:colcon.colcon_ros.task.ament_cmake.build:Building ROS package in '/home/fastbot/ros2_ws/real/src/serial_motor_msgs' with build type 'ament_cmake'
[2.573s] INFO:colcon.colcon_cmake.task.cmake.build:Building CMake package in '/home/fastbot/ros2_ws/real/src/serial_motor_msgs'
[2.574s] INFO:colcon.colcon_core.shell:Skip shell extension 'powershell' for command environment: Not usable outside of PowerShell
[2.575s] DEBUG:colcon.colcon_core.shell:Skip shell extension 'dsv' for command environment
[2.596s] INFO:colcon.colcon_ros.task.ament_cmake.build:Building ROS package in '/home/fastbot/ros2_ws/real/src/fastbot_bringup' with build type 'ament_cmake'
[2.596s] INFO:colcon.colcon_cmake.task.cmake.build:Building CMake package in '/home/fastbot/ros2_ws/real/src/fastbot_bringup'
[2.597s] INFO:colcon.colcon_core.shell:Skip shell extension 'powershell' for command environment: Not usable outside of PowerShell
[2.597s] DEBUG:colcon.colcon_core.shell:Skip shell extension 'dsv' for command environment
[2.618s] INFO:colcon.colcon_ros.task.ament_cmake.build:Building ROS package in '/home/fastbot/ros2_ws/real/src/fastbot_description' with build type 'ament_cmake'
[2.619s] INFO:colcon.colcon_cmake.task.cmake.build:Building CMake package in '/home/fastbot/ros2_ws/real/src/fastbot_description'
[2.620s] INFO:colcon.colcon_core.shell:Skip shell extension 'powershell' for command environment: Not usable outside of PowerShell
[2.620s] DEBUG:colcon.colcon_core.shell:Skip shell extension 'dsv' for command environment
[2.658s] DEBUG:colcon.colcon_core.event_handler.log_command:Invoking command in '/home/fastbot/ros2_ws/real/build/lslidar_msgs': CMAKE_PREFIX_PATH=/home/fastbot/ros2_ws/install/serial_motor:/home/fastbot/ros2_ws/install/serial_motor_msgs:/home/fastbot/ros2_ws/install/lslidar_driver:/home/fastbot/ros2_ws/install/lslidar_msgs:/home/fastbot/ros2_ws/install/fastbot_description:/home/fastbot/ros2_ws/install/fastbot_bringup:/opt/ros/humble /usr/bin/cmake --build /home/fastbot/ros2_ws/real/build/lslidar_msgs -- -j4 -l4
[2.682s] DEBUG:colcon.colcon_core.event_handler.log_command:Invoking command in '/home/fastbot/ros2_ws/real/build/serial_motor_msgs': CMAKE_PREFIX_PATH=/home/fastbot/ros2_ws/install/serial_motor:/home/fastbot/ros2_ws/install/serial_motor_msgs:/home/fastbot/ros2_ws/install/lslidar_driver:/home/fastbot/ros2_ws/install/lslidar_msgs:/home/fastbot/ros2_ws/install/fastbot_description:/home/fastbot/ros2_ws/install/fastbot_bringup:/opt/ros/humble /usr/bin/cmake --build /home/fastbot/ros2_ws/real/build/serial_motor_msgs -- -j4 -l4
[2.694s] DEBUG:colcon.colcon_core.event_handler.log_command:Invoking command in '/home/fastbot/ros2_ws/real/build/fastbot_bringup': CMAKE_PREFIX_PATH=/home/fastbot/ros2_ws/install/serial_motor:/home/fastbot/ros2_ws/install/serial_motor_msgs:/home/fastbot/ros2_ws/install/lslidar_driver:/home/fastbot/ros2_ws/install/lslidar_msgs:/home/fastbot/ros2_ws/install/fastbot_description:/home/fastbot/ros2_ws/install/fastbot_bringup:/opt/ros/humble /usr/bin/cmake --build /home/fastbot/ros2_ws/real/build/fastbot_bringup -- -j4 -l4
[2.712s] DEBUG:colcon.colcon_core.event_handler.log_command:Invoking command in '/home/fastbot/ros2_ws/real/build/fastbot_description': CMAKE_PREFIX_PATH=/home/fastbot/ros2_ws/install/serial_motor:/home/fastbot/ros2_ws/install/serial_motor_msgs:/home/fastbot/ros2_ws/install/lslidar_driver:/home/fastbot/ros2_ws/install/lslidar_msgs:/home/fastbot/ros2_ws/install/fastbot_description:/home/fastbot/ros2_ws/install/fastbot_bringup:/opt/ros/humble /usr/bin/cmake --build /home/fastbot/ros2_ws/real/build/fastbot_description -- -j4 -l4
[4.899s] DEBUG:colcon.colcon_core.event_handler.log_command:Invoked command in '/home/fastbot/ros2_ws/real/build/fastbot_bringup' returned '0': CMAKE_PREFIX_PATH=/home/fastbot/ros2_ws/install/serial_motor:/home/fastbot/ros2_ws/install/serial_motor_msgs:/home/fastbot/ros2_ws/install/lslidar_driver:/home/fastbot/ros2_ws/install/lslidar_msgs:/home/fastbot/ros2_ws/install/fastbot_description:/home/fastbot/ros2_ws/install/fastbot_bringup:/opt/ros/humble /usr/bin/cmake --build /home/fastbot/ros2_ws/real/build/fastbot_bringup -- -j4 -l4
[4.945s] DEBUG:colcon.colcon_core.event_handler.log_command:Invoking command in '/home/fastbot/ros2_ws/real/build/fastbot_bringup': CMAKE_PREFIX_PATH=/home/fastbot/ros2_ws/install/serial_motor:/home/fastbot/ros2_ws/install/serial_motor_msgs:/home/fastbot/ros2_ws/install/lslidar_driver:/home/fastbot/ros2_ws/install/lslidar_msgs:/home/fastbot/ros2_ws/install/fastbot_description:/home/fastbot/ros2_ws/install/fastbot_bringup:/opt/ros/humble /usr/bin/cmake --install /home/fastbot/ros2_ws/real/build/fastbot_bringup
[4.950s] DEBUG:colcon.colcon_core.event_handler.log_command:Invoked command in '/home/fastbot/ros2_ws/real/build/fastbot_description' returned '0': CMAKE_PREFIX_PATH=/home/fastbot/ros2_ws/install/serial_motor:/home/fastbot/ros2_ws/install/serial_motor_msgs:/home/fastbot/ros2_ws/install/lslidar_driver:/home/fastbot/ros2_ws/install/lslidar_msgs:/home/fastbot/ros2_ws/install/fastbot_description:/home/fastbot/ros2_ws/install/fastbot_bringup:/opt/ros/humble /usr/bin/cmake --build /home/fastbot/ros2_ws/real/build/fastbot_description -- -j4 -l4
[4.962s] DEBUG:colcon.colcon_core.event_handler.log_command:Invoking command in '/home/fastbot/ros2_ws/real/build/fastbot_description': CMAKE_PREFIX_PATH=/home/fastbot/ros2_ws/install/serial_motor:/home/fastbot/ros2_ws/install/serial_motor_msgs:/home/fastbot/ros2_ws/install/lslidar_driver:/home/fastbot/ros2_ws/install/lslidar_msgs:/home/fastbot/ros2_ws/install/fastbot_description:/home/fastbot/ros2_ws/install/fastbot_bringup:/opt/ros/humble /usr/bin/cmake --install /home/fastbot/ros2_ws/real/build/fastbot_description
[5.010s] Level 1:colcon.colcon_core.environment:create_environment_scripts_only(fastbot_bringup)
[5.037s] DEBUG:colcon.colcon_core.event_handler.log_command:Invoked command in '/home/fastbot/ros2_ws/real/build/fastbot_bringup' returned '0': CMAKE_PREFIX_PATH=/home/fastbot/ros2_ws/install/serial_motor:/home/fastbot/ros2_ws/install/serial_motor_msgs:/home/fastbot/ros2_ws/install/lslidar_driver:/home/fastbot/ros2_ws/install/lslidar_msgs:/home/fastbot/ros2_ws/install/fastbot_description:/home/fastbot/ros2_ws/install/fastbot_bringup:/opt/ros/humble /usr/bin/cmake --install /home/fastbot/ros2_ws/real/build/fastbot_bringup
[5.086s] Level 1:colcon.colcon_core.environment:checking '/home/fastbot/ros2_ws/real/install/fastbot_bringup' for CMake module files
[5.089s] Level 1:colcon.colcon_core.environment:checking '/home/fastbot/ros2_ws/real/install/fastbot_bringup' for CMake config files
[5.091s] Level 1:colcon.colcon_core.shell:create_environment_hook('fastbot_bringup', 'cmake_prefix_path')
[5.092s] INFO:colcon.colcon_core.shell:Creating environment hook '/home/fastbot/ros2_ws/real/install/fastbot_bringup/share/fastbot_bringup/hook/cmake_prefix_path.ps1'
[5.097s] INFO:colcon.colcon_core.shell:Creating environment descriptor '/home/fastbot/ros2_ws/real/install/fastbot_bringup/share/fastbot_bringup/hook/cmake_prefix_path.dsv'
[5.103s] INFO:colcon.colcon_core.shell:Creating environment hook '/home/fastbot/ros2_ws/real/install/fastbot_bringup/share/fastbot_bringup/hook/cmake_prefix_path.sh'
[5.109s] Level 1:colcon.colcon_core.environment:checking '/home/fastbot/ros2_ws/real/install/fastbot_bringup/bin'
[5.110s] Level 1:colcon.colcon_core.environment:checking '/home/fastbot/ros2_ws/real/install/fastbot_bringup/lib/pkgconfig/fastbot_bringup.pc'
[5.111s] Level 1:colcon.colcon_core.environment:checking '/home/fastbot/ros2_ws/real/install/fastbot_bringup/lib/python3.10/site-packages'
[5.112s] Level 1:colcon.colcon_core.environment:checking '/home/fastbot/ros2_ws/real/install/fastbot_bringup/bin'
[5.113s] INFO:colcon.colcon_core.shell:Creating package script '/home/fastbot/ros2_ws/real/install/fastbot_bringup/share/fastbot_bringup/package.ps1'
[5.118s] INFO:colcon.colcon_core.shell:Creating package descriptor '/home/fastbot/ros2_ws/real/install/fastbot_bringup/share/fastbot_bringup/package.dsv'
[5.125s] INFO:colcon.colcon_core.shell:Creating package script '/home/fastbot/ros2_ws/real/install/fastbot_bringup/share/fastbot_bringup/package.sh'
[5.131s] INFO:colcon.colcon_core.shell:Creating package script '/home/fastbot/ros2_ws/real/install/fastbot_bringup/share/fastbot_bringup/package.bash'
[5.139s] INFO:colcon.colcon_core.shell:Creating package script '/home/fastbot/ros2_ws/real/install/fastbot_bringup/share/fastbot_bringup/package.zsh'
[5.145s] Level 1:colcon.colcon_core.environment:create_file_with_runtime_dependencies(/home/fastbot/ros2_ws/real/install/fastbot_bringup/share/colcon-core/packages/fastbot_bringup)
[5.149s] Level 1:colcon.colcon_core.environment:create_environment_scripts_only(fastbot_bringup)
[5.151s] Level 1:colcon.colcon_core.environment:checking '/home/fastbot/ros2_ws/real/install/fastbot_bringup' for CMake module files
[5.154s] Level 1:colcon.colcon_core.environment:checking '/home/fastbot/ros2_ws/real/install/fastbot_bringup' for CMake config files
[5.156s] Level 1:colcon.colcon_core.shell:create_environment_hook('fastbot_bringup', 'cmake_prefix_path')
[5.157s] INFO:colcon.colcon_core.shell:Creating environment hook '/home/fastbot/ros2_ws/real/install/fastbot_bringup/share/fastbot_bringup/hook/cmake_prefix_path.ps1'
[5.159s] INFO:colcon.colcon_core.shell:Creating environment descriptor '/home/fastbot/ros2_ws/real/install/fastbot_bringup/share/fastbot_bringup/hook/cmake_prefix_path.dsv'
[5.161s] INFO:colcon.colcon_core.shell:Creating environment hook '/home/fastbot/ros2_ws/real/install/fastbot_bringup/share/fastbot_bringup/hook/cmake_prefix_path.sh'
[5.164s] Level 1:colcon.colcon_core.environment:checking '/home/fastbot/ros2_ws/real/install/fastbot_bringup/bin'
[5.165s] Level 1:colcon.colcon_core.environment:checking '/home/fastbot/ros2_ws/real/install/fastbot_bringup/lib/pkgconfig/fastbot_bringup.pc'
[5.166s] Level 1:colcon.colcon_core.environment:checking '/home/fastbot/ros2_ws/real/install/fastbot_bringup/lib/python3.10/site-packages'
[5.168s] Level 1:colcon.colcon_core.environment:checking '/home/fastbot/ros2_ws/real/install/fastbot_bringup/bin'
[5.169s] INFO:colcon.colcon_core.shell:Creating package script '/home/fastbot/ros2_ws/real/install/fastbot_bringup/share/fastbot_bringup/package.ps1'
[5.172s] INFO:colcon.colcon_core.shell:Creating package descriptor '/home/fastbot/ros2_ws/real/install/fastbot_bringup/share/fastbot_bringup/package.dsv'
[5.179s] INFO:colcon.colcon_core.shell:Creating package script '/home/fastbot/ros2_ws/real/install/fastbot_bringup/share/fastbot_bringup/package.sh'
[5.184s] INFO:colcon.colcon_core.shell:Creating package script '/home/fastbot/ros2_ws/real/install/fastbot_bringup/share/fastbot_bringup/package.bash'
[5.188s] INFO:colcon.colcon_core.shell:Creating package script '/home/fastbot/ros2_ws/real/install/fastbot_bringup/share/fastbot_bringup/package.zsh'
[5.191s] Level 1:colcon.colcon_core.environment:create_file_with_runtime_dependencies(/home/fastbot/ros2_ws/real/install/fastbot_bringup/share/colcon-core/packages/fastbot_bringup)
[5.195s] INFO:colcon.colcon_ros.task.ament_cmake.build:Building ROS package in '/home/fastbot/ros2_ws/real/src/fastbot_slam_real' with build type 'ament_cmake'
[5.196s] INFO:colcon.colcon_cmake.task.cmake.build:Building CMake package in '/home/fastbot/ros2_ws/real/src/fastbot_slam_real'
[5.197s] INFO:colcon.colcon_core.shell:Skip shell extension 'powershell' for command environment: Not usable outside of PowerShell
[5.198s] DEBUG:colcon.colcon_core.shell:Skip shell extension 'dsv' for command environment
[5.226s] Level 1:colcon.colcon_core.environment:create_environment_scripts_only(fastbot_description)
[5.228s] Level 1:colcon.colcon_core.environment:checking '/home/fastbot/ros2_ws/real/install/fastbot_description' for CMake module files
[5.231s] Level 1:colcon.colcon_core.environment:checking '/home/fastbot/ros2_ws/real/install/fastbot_description' for CMake config files
[5.233s] DEBUG:colcon.colcon_core.event_handler.log_command:Invoked command in '/home/fastbot/ros2_ws/real/build/fastbot_description' returned '0': CMAKE_PREFIX_PATH=/home/fastbot/ros2_ws/install/serial_motor:/home/fastbot/ros2_ws/install/serial_motor_msgs:/home/fastbot/ros2_ws/install/lslidar_driver:/home/fastbot/ros2_ws/install/lslidar_msgs:/home/fastbot/ros2_ws/install/fastbot_description:/home/fastbot/ros2_ws/install/fastbot_bringup:/opt/ros/humble /usr/bin/cmake --install /home/fastbot/ros2_ws/real/build/fastbot_description
[5.235s] Level 1:colcon.colcon_core.shell:create_environment_hook('fastbot_description', 'cmake_prefix_path')
[5.236s] INFO:colcon.colcon_core.shell:Creating environment hook '/home/fastbot/ros2_ws/real/install/fastbot_description/share/fastbot_description/hook/cmake_prefix_path.ps1'
[5.239s] INFO:colcon.colcon_core.shell:Creating environment descriptor '/home/fastbot/ros2_ws/real/install/fastbot_description/share/fastbot_description/hook/cmake_prefix_path.dsv'
[5.242s] INFO:colcon.colcon_core.shell:Creating environment hook '/home/fastbot/ros2_ws/real/install/fastbot_description/share/fastbot_description/hook/cmake_prefix_path.sh'
[5.246s] Level 1:colcon.colcon_core.environment:checking '/home/fastbot/ros2_ws/real/install/fastbot_description/bin'
[5.246s] Level 1:colcon.colcon_core.environment:checking '/home/fastbot/ros2_ws/real/install/fastbot_description/lib/pkgconfig/fastbot_description.pc'
[5.247s] Level 1:colcon.colcon_core.environment:checking '/home/fastbot/ros2_ws/real/install/fastbot_description/lib/python3.10/site-packages'
[5.248s] Level 1:colcon.colcon_core.environment:checking '/home/fastbot/ros2_ws/real/install/fastbot_description/bin'
[5.250s] INFO:colcon.colcon_core.shell:Creating package script '/home/fastbot/ros2_ws/real/install/fastbot_description/share/fastbot_description/package.ps1'
[5.252s] INFO:colcon.colcon_core.shell:Creating package descriptor '/home/fastbot/ros2_ws/real/install/fastbot_description/share/fastbot_description/package.dsv'
[5.255s] INFO:colcon.colcon_core.shell:Creating package script '/home/fastbot/ros2_ws/real/install/fastbot_description/share/fastbot_description/package.sh'
[5.257s] INFO:colcon.colcon_core.shell:Creating package script '/home/fastbot/ros2_ws/real/install/fastbot_description/share/fastbot_description/package.bash'
[5.260s] INFO:colcon.colcon_core.shell:Creating package script '/home/fastbot/ros2_ws/real/install/fastbot_description/share/fastbot_description/package.zsh'
[5.263s] Level 1:colcon.colcon_core.environment:create_file_with_runtime_dependencies(/home/fastbot/ros2_ws/real/install/fastbot_description/share/colcon-core/packages/fastbot_description)
[5.267s] Level 1:colcon.colcon_core.environment:create_environment_scripts_only(fastbot_description)
[5.268s] Level 1:colcon.colcon_core.environment:checking '/home/fastbot/ros2_ws/real/install/fastbot_description' for CMake module files
[5.273s] Level 1:colcon.colcon_core.environment:checking '/home/fastbot/ros2_ws/real/install/fastbot_description' for CMake config files
[5.275s] Level 1:colcon.colcon_core.shell:create_environment_hook('fastbot_description', 'cmake_prefix_path')
[5.276s] INFO:colcon.colcon_core.shell:Creating environment hook '/home/fastbot/ros2_ws/real/install/fastbot_description/share/fastbot_description/hook/cmake_prefix_path.ps1'
[5.281s] INFO:colcon.colcon_core.shell:Creating environment descriptor '/home/fastbot/ros2_ws/real/install/fastbot_description/share/fastbot_description/hook/cmake_prefix_path.dsv'
[5.283s] INFO:colcon.colcon_core.shell:Creating environment hook '/home/fastbot/ros2_ws/real/install/fastbot_description/share/fastbot_description/hook/cmake_prefix_path.sh'
[5.286s] Level 1:colcon.colcon_core.environment:checking '/home/fastbot/ros2_ws/real/install/fastbot_description/bin'
[5.287s] Level 1:colcon.colcon_core.environment:checking '/home/fastbot/ros2_ws/real/install/fastbot_description/lib/pkgconfig/fastbot_description.pc'
[5.288s] Level 1:colcon.colcon_core.environment:checking '/home/fastbot/ros2_ws/real/install/fastbot_description/lib/python3.10/site-packages'
[5.289s] Level 1:colcon.colcon_core.environment:checking '/home/fastbot/ros2_ws/real/install/fastbot_description/bin'
[5.291s] INFO:colcon.colcon_core.shell:Creating package script '/home/fastbot/ros2_ws/real/install/fastbot_description/share/fastbot_description/package.ps1'
[5.293s] INFO:colcon.colcon_core.shell:Creating package descriptor '/home/fastbot/ros2_ws/real/install/fastbot_description/share/fastbot_description/package.dsv'
[5.296s] INFO:colcon.colcon_core.shell:Creating package script '/home/fastbot/ros2_ws/real/install/fastbot_description/share/fastbot_description/package.sh'
[5.299s] INFO:colcon.colcon_core.shell:Creating package script '/home/fastbot/ros2_ws/real/install/fastbot_description/share/fastbot_description/package.bash'
[5.301s] INFO:colcon.colcon_core.shell:Creating package script '/home/fastbot/ros2_ws/real/install/fastbot_description/share/fastbot_description/package.zsh'
[5.304s] Level 1:colcon.colcon_core.environment:create_file_with_runtime_dependencies(/home/fastbot/ros2_ws/real/install/fastbot_description/share/colcon-core/packages/fastbot_description)
[5.323s] DEBUG:colcon.colcon_core.event_handler.log_command:Invoking command in '/home/fastbot/ros2_ws/real/build/fastbot_slam_real': CMAKE_PREFIX_PATH=/home/fastbot/ros2_ws/install/serial_motor:/home/fastbot/ros2_ws/install/serial_motor_msgs:/home/fastbot/ros2_ws/install/lslidar_driver:/home/fastbot/ros2_ws/install/lslidar_msgs:/home/fastbot/ros2_ws/install/fastbot_description:/home/fastbot/ros2_ws/install/fastbot_bringup:/opt/ros/humble /usr/bin/cmake --build /home/fastbot/ros2_ws/real/build/fastbot_slam_real -- -j4 -l4
[5.523s] DEBUG:colcon.colcon_core.event_handler.log_command:Invoked command in '/home/fastbot/ros2_ws/real/build/fastbot_slam_real' returned '0': CMAKE_PREFIX_PATH=/home/fastbot/ros2_ws/install/serial_motor:/home/fastbot/ros2_ws/install/serial_motor_msgs:/home/fastbot/ros2_ws/install/lslidar_driver:/home/fastbot/ros2_ws/install/lslidar_msgs:/home/fastbot/ros2_ws/install/fastbot_description:/home/fastbot/ros2_ws/install/fastbot_bringup:/opt/ros/humble /usr/bin/cmake --build /home/fastbot/ros2_ws/real/build/fastbot_slam_real -- -j4 -l4
[5.525s] DEBUG:colcon.colcon_core.event_handler.log_command:Invoking command in '/home/fastbot/ros2_ws/real/build/fastbot_slam_real': CMAKE_PREFIX_PATH=/home/fastbot/ros2_ws/install/serial_motor:/home/fastbot/ros2_ws/install/serial_motor_msgs:/home/fastbot/ros2_ws/install/lslidar_driver:/home/fastbot/ros2_ws/install/lslidar_msgs:/home/fastbot/ros2_ws/install/fastbot_description:/home/fastbot/ros2_ws/install/fastbot_bringup:/opt/ros/humble /usr/bin/cmake --install /home/fastbot/ros2_ws/real/build/fastbot_slam_real
[5.601s] Level 1:colcon.colcon_core.environment:create_environment_scripts_only(fastbot_slam_real)
[5.604s] Level 1:colcon.colcon_core.environment:checking '/home/fastbot/ros2_ws/real/install/fastbot_slam_real' for CMake module files
[5.617s] Level 1:colcon.colcon_core.environment:checking '/home/fastbot/ros2_ws/real/install/fastbot_slam_real' for CMake config files
[5.620s] Level 1:colcon.colcon_core.shell:create_environment_hook('fastbot_slam_real', 'cmake_prefix_path')
[5.622s] INFO:colcon.colcon_core.shell:Creating environment hook '/home/fastbot/ros2_ws/real/install/fastbot_slam_real/share/fastbot_slam_real/hook/cmake_prefix_path.ps1'
[5.630s] INFO:colcon.colcon_core.shell:Creating environment descriptor '/home/fastbot/ros2_ws/real/install/fastbot_slam_real/share/fastbot_slam_real/hook/cmake_prefix_path.dsv'
[5.636s] INFO:colcon.colcon_core.shell:Creating environment hook '/home/fastbot/ros2_ws/real/install/fastbot_slam_real/share/fastbot_slam_real/hook/cmake_prefix_path.sh'
[5.641s] Level 1:colcon.colcon_core.environment:checking '/home/fastbot/ros2_ws/real/install/fastbot_slam_real/bin'
[5.641s] Level 1:colcon.colcon_core.environment:checking '/home/fastbot/ros2_ws/real/install/fastbot_slam_real/lib/pkgconfig/fastbot_slam_real.pc'
[5.642s] Level 1:colcon.colcon_core.environment:checking '/home/fastbot/ros2_ws/real/install/fastbot_slam_real/lib/python3.10/site-packages'
[5.644s] Level 1:colcon.colcon_core.environment:checking '/home/fastbot/ros2_ws/real/install/fastbot_slam_real/bin'
[5.646s] INFO:colcon.colcon_core.shell:Creating package script '/home/fastbot/ros2_ws/real/install/fastbot_slam_real/share/fastbot_slam_real/package.ps1'
[5.653s] INFO:colcon.colcon_core.shell:Creating package descriptor '/home/fastbot/ros2_ws/real/install/fastbot_slam_real/share/fastbot_slam_real/package.dsv'
[5.655s] DEBUG:colcon.colcon_core.event_handler.log_command:Invoked command in '/home/fastbot/ros2_ws/real/build/fastbot_slam_real' returned '0': CMAKE_PREFIX_PATH=/home/fastbot/ros2_ws/install/serial_motor:/home/fastbot/ros2_ws/install/serial_motor_msgs:/home/fastbot/ros2_ws/install/lslidar_driver:/home/fastbot/ros2_ws/install/lslidar_msgs:/home/fastbot/ros2_ws/install/fastbot_description:/home/fastbot/ros2_ws/install/fastbot_bringup:/opt/ros/humble /usr/bin/cmake --install /home/fastbot/ros2_ws/real/build/fastbot_slam_real
[5.658s] INFO:colcon.colcon_core.shell:Creating package script '/home/fastbot/ros2_ws/real/install/fastbot_slam_real/share/fastbot_slam_real/package.sh'
[5.661s] INFO:colcon.colcon_core.shell:Creating package script '/home/fastbot/ros2_ws/real/install/fastbot_slam_real/share/fastbot_slam_real/package.bash'
[5.664s] INFO:colcon.colcon_core.shell:Creating package script '/home/fastbot/ros2_ws/real/install/fastbot_slam_real/share/fastbot_slam_real/package.zsh'
[5.666s] Level 1:colcon.colcon_core.environment:create_file_with_runtime_dependencies(/home/fastbot/ros2_ws/real/install/fastbot_slam_real/share/colcon-core/packages/fastbot_slam_real)
[5.668s] Level 1:colcon.colcon_core.environment:create_environment_scripts_only(fastbot_slam_real)
[5.670s] Level 1:colcon.colcon_core.environment:checking '/home/fastbot/ros2_ws/real/install/fastbot_slam_real' for CMake module files
[5.674s] Level 1:colcon.colcon_core.environment:checking '/home/fastbot/ros2_ws/real/install/fastbot_slam_real' for CMake config files
[5.675s] Level 1:colcon.colcon_core.shell:create_environment_hook('fastbot_slam_real', 'cmake_prefix_path')
[5.676s] INFO:colcon.colcon_core.shell:Creating environment hook '/home/fastbot/ros2_ws/real/install/fastbot_slam_real/share/fastbot_slam_real/hook/cmake_prefix_path.ps1'
[5.679s] INFO:colcon.colcon_core.shell:Creating environment descriptor '/home/fastbot/ros2_ws/real/install/fastbot_slam_real/share/fastbot_slam_real/hook/cmake_prefix_path.dsv'
[5.681s] INFO:colcon.colcon_core.shell:Creating environment hook '/home/fastbot/ros2_ws/real/install/fastbot_slam_real/share/fastbot_slam_real/hook/cmake_prefix_path.sh'
[5.685s] Level 1:colcon.colcon_core.environment:checking '/home/fastbot/ros2_ws/real/install/fastbot_slam_real/bin'
[5.685s] Level 1:colcon.colcon_core.environment:checking '/home/fastbot/ros2_ws/real/install/fastbot_slam_real/lib/pkgconfig/fastbot_slam_real.pc'
[5.687s] Level 1:colcon.colcon_core.environment:checking '/home/fastbot/ros2_ws/real/install/fastbot_slam_real/lib/python3.10/site-packages'
[5.688s] Level 1:colcon.colcon_core.environment:checking '/home/fastbot/ros2_ws/real/install/fastbot_slam_real/bin'
[5.690s] INFO:colcon.colcon_core.shell:Creating package script '/home/fastbot/ros2_ws/real/install/fastbot_slam_real/share/fastbot_slam_real/package.ps1'
[5.693s] INFO:colcon.colcon_core.shell:Creating package descriptor '/home/fastbot/ros2_ws/real/install/fastbot_slam_real/share/fastbot_slam_real/package.dsv'
[5.696s] INFO:colcon.colcon_core.shell:Creating package script '/home/fastbot/ros2_ws/real/install/fastbot_slam_real/share/fastbot_slam_real/package.sh'
[5.698s] INFO:colcon.colcon_core.shell:Creating package script '/home/fastbot/ros2_ws/real/install/fastbot_slam_real/share/fastbot_slam_real/package.bash'
[5.701s] INFO:colcon.colcon_core.shell:Creating package script '/home/fastbot/ros2_ws/real/install/fastbot_slam_real/share/fastbot_slam_real/package.zsh'
[5.703s] Level 1:colcon.colcon_core.environment:create_file_with_runtime_dependencies(/home/fastbot/ros2_ws/real/install/fastbot_slam_real/share/colcon-core/packages/fastbot_slam_real)
[12.211s] DEBUG:colcon.colcon_core.event_handler.log_command:Invoked command in '/home/fastbot/ros2_ws/real/build/serial_motor_msgs' returned '0': CMAKE_PREFIX_PATH=/home/fastbot/ros2_ws/install/serial_motor:/home/fastbot/ros2_ws/install/serial_motor_msgs:/home/fastbot/ros2_ws/install/lslidar_driver:/home/fastbot/ros2_ws/install/lslidar_msgs:/home/fastbot/ros2_ws/install/fastbot_description:/home/fastbot/ros2_ws/install/fastbot_bringup:/opt/ros/humble /usr/bin/cmake --build /home/fastbot/ros2_ws/real/build/serial_motor_msgs -- -j4 -l4
[12.220s] DEBUG:colcon.colcon_core.event_handler.log_command:Invoking command in '/home/fastbot/ros2_ws/real/build/serial_motor_msgs': CMAKE_PREFIX_PATH=/home/fastbot/ros2_ws/install/serial_motor:/home/fastbot/ros2_ws/install/serial_motor_msgs:/home/fastbot/ros2_ws/install/lslidar_driver:/home/fastbot/ros2_ws/install/lslidar_msgs:/home/fastbot/ros2_ws/install/fastbot_description:/home/fastbot/ros2_ws/install/fastbot_bringup:/opt/ros/humble /usr/bin/cmake --install /home/fastbot/ros2_ws/real/build/serial_motor_msgs
[12.581s] Level 1:colcon.colcon_core.environment:create_environment_scripts_only(serial_motor_msgs)
[12.582s] Level 1:colcon.colcon_core.environment:checking '/home/fastbot/ros2_ws/real/install/serial_motor_msgs' for CMake module files
[12.584s] DEBUG:colcon.colcon_core.event_handler.log_command:Invoked command in '/home/fastbot/ros2_ws/real/build/serial_motor_msgs' returned '0': CMAKE_PREFIX_PATH=/home/fastbot/ros2_ws/install/serial_motor:/home/fastbot/ros2_ws/install/serial_motor_msgs:/home/fastbot/ros2_ws/install/lslidar_driver:/home/fastbot/ros2_ws/install/lslidar_msgs:/home/fastbot/ros2_ws/install/fastbot_description:/home/fastbot/ros2_ws/install/fastbot_bringup:/opt/ros/humble /usr/bin/cmake --install /home/fastbot/ros2_ws/real/build/serial_motor_msgs
[12.588s] Level 1:colcon.colcon_core.environment:checking '/home/fastbot/ros2_ws/real/install/serial_motor_msgs' for CMake config files
[12.591s] Level 1:colcon.colcon_core.shell:create_environment_hook('serial_motor_msgs', 'cmake_prefix_path')
[12.592s] INFO:colcon.colcon_core.shell:Creating environment hook '/home/fastbot/ros2_ws/real/install/serial_motor_msgs/share/serial_motor_msgs/hook/cmake_prefix_path.ps1'
[12.595s] INFO:colcon.colcon_core.shell:Creating environment descriptor '/home/fastbot/ros2_ws/real/install/serial_motor_msgs/share/serial_motor_msgs/hook/cmake_prefix_path.dsv'
[12.597s] INFO:colcon.colcon_core.shell:Creating environment hook '/home/fastbot/ros2_ws/real/install/serial_motor_msgs/share/serial_motor_msgs/hook/cmake_prefix_path.sh'
[12.600s] Level 1:colcon.colcon_core.environment:checking '/home/fastbot/ros2_ws/real/install/serial_motor_msgs/lib'
[12.601s] Level 1:colcon.colcon_core.shell:create_environment_hook('serial_motor_msgs', 'ld_library_path_lib')
[12.602s] INFO:colcon.colcon_core.shell:Creating environment hook '/home/fastbot/ros2_ws/real/install/serial_motor_msgs/share/serial_motor_msgs/hook/ld_library_path_lib.ps1'
[12.604s] INFO:colcon.colcon_core.shell:Creating environment descriptor '/home/fastbot/ros2_ws/real/install/serial_motor_msgs/share/serial_motor_msgs/hook/ld_library_path_lib.dsv'
[12.607s] INFO:colcon.colcon_core.shell:Creating environment hook '/home/fastbot/ros2_ws/real/install/serial_motor_msgs/share/serial_motor_msgs/hook/ld_library_path_lib.sh'
[12.609s] Level 1:colcon.colcon_core.environment:checking '/home/fastbot/ros2_ws/real/install/serial_motor_msgs/bin'
[12.609s] Level 1:colcon.colcon_core.environment:checking '/home/fastbot/ros2_ws/real/install/serial_motor_msgs/lib/pkgconfig/serial_motor_msgs.pc'
[12.611s] Level 1:colcon.colcon_core.environment:checking '/home/fastbot/ros2_ws/real/install/serial_motor_msgs/lib/python3.10/site-packages'
[12.612s] Level 1:colcon.colcon_core.environment:checking '/home/fastbot/ros2_ws/real/install/serial_motor_msgs/bin'
[12.614s] INFO:colcon.colcon_core.shell:Creating package script '/home/fastbot/ros2_ws/real/install/serial_motor_msgs/share/serial_motor_msgs/package.ps1'
[12.617s] INFO:colcon.colcon_core.shell:Creating package descriptor '/home/fastbot/ros2_ws/real/install/serial_motor_msgs/share/serial_motor_msgs/package.dsv'
[12.620s] INFO:colcon.colcon_core.shell:Creating package script '/home/fastbot/ros2_ws/real/install/serial_motor_msgs/share/serial_motor_msgs/package.sh'
[12.622s] INFO:colcon.colcon_core.shell:Creating package script '/home/fastbot/ros2_ws/real/install/serial_motor_msgs/share/serial_motor_msgs/package.bash'
[12.624s] INFO:colcon.colcon_core.shell:Creating package script '/home/fastbot/ros2_ws/real/install/serial_motor_msgs/share/serial_motor_msgs/package.zsh'
[12.626s] Level 1:colcon.colcon_core.environment:create_file_with_runtime_dependencies(/home/fastbot/ros2_ws/real/install/serial_motor_msgs/share/colcon-core/packages/serial_motor_msgs)
[12.630s] Level 1:colcon.colcon_core.environment:create_environment_scripts_only(serial_motor_msgs)
[12.631s] Level 1:colcon.colcon_core.environment:checking '/home/fastbot/ros2_ws/real/install/serial_motor_msgs' for CMake module files
[12.635s] Level 1:colcon.colcon_core.environment:checking '/home/fastbot/ros2_ws/real/install/serial_motor_msgs' for CMake config files
[12.638s] Level 1:colcon.colcon_core.shell:create_environment_hook('serial_motor_msgs', 'cmake_prefix_path')
[12.639s] INFO:colcon.colcon_core.shell:Creating environment hook '/home/fastbot/ros2_ws/real/install/serial_motor_msgs/share/serial_motor_msgs/hook/cmake_prefix_path.ps1'
[12.641s] INFO:colcon.colcon_core.shell:Creating environment descriptor '/home/fastbot/ros2_ws/real/install/serial_motor_msgs/share/serial_motor_msgs/hook/cmake_prefix_path.dsv'
[12.643s] INFO:colcon.colcon_core.shell:Creating environment hook '/home/fastbot/ros2_ws/real/install/serial_motor_msgs/share/serial_motor_msgs/hook/cmake_prefix_path.sh'
[12.646s] Level 1:colcon.colcon_core.environment:checking '/home/fastbot/ros2_ws/real/install/serial_motor_msgs/lib'
[12.646s] Level 1:colcon.colcon_core.shell:create_environment_hook('serial_motor_msgs', 'ld_library_path_lib')
[12.647s] INFO:colcon.colcon_core.shell:Creating environment hook '/home/fastbot/ros2_ws/real/install/serial_motor_msgs/share/serial_motor_msgs/hook/ld_library_path_lib.ps1'
[12.649s] INFO:colcon.colcon_core.shell:Creating environment descriptor '/home/fastbot/ros2_ws/real/install/serial_motor_msgs/share/serial_motor_msgs/hook/ld_library_path_lib.dsv'
[12.651s] INFO:colcon.colcon_core.shell:Creating environment hook '/home/fastbot/ros2_ws/real/install/serial_motor_msgs/share/serial_motor_msgs/hook/ld_library_path_lib.sh'
[12.653s] Level 1:colcon.colcon_core.environment:checking '/home/fastbot/ros2_ws/real/install/serial_motor_msgs/bin'
[12.654s] Level 1:colcon.colcon_core.environment:checking '/home/fastbot/ros2_ws/real/install/serial_motor_msgs/lib/pkgconfig/serial_motor_msgs.pc'
[12.655s] Level 1:colcon.colcon_core.environment:checking '/home/fastbot/ros2_ws/real/install/serial_motor_msgs/lib/python3.10/site-packages'
[12.656s] Level 1:colcon.colcon_core.environment:checking '/home/fastbot/ros2_ws/real/install/serial_motor_msgs/bin'
[12.657s] INFO:colcon.colcon_core.shell:Creating package script '/home/fastbot/ros2_ws/real/install/serial_motor_msgs/share/serial_motor_msgs/package.ps1'
[12.660s] INFO:colcon.colcon_core.shell:Creating package descriptor '/home/fastbot/ros2_ws/real/install/serial_motor_msgs/share/serial_motor_msgs/package.dsv'
[12.662s] INFO:colcon.colcon_core.shell:Creating package script '/home/fastbot/ros2_ws/real/install/serial_motor_msgs/share/serial_motor_msgs/package.sh'
[12.665s] INFO:colcon.colcon_core.shell:Creating package script '/home/fastbot/ros2_ws/real/install/serial_motor_msgs/share/serial_motor_msgs/package.bash'
[12.667s] INFO:colcon.colcon_core.shell:Creating package script '/home/fastbot/ros2_ws/real/install/serial_motor_msgs/share/serial_motor_msgs/package.zsh'
[12.669s] Level 1:colcon.colcon_core.environment:create_file_with_runtime_dependencies(/home/fastbot/ros2_ws/real/install/serial_motor_msgs/share/colcon-core/packages/serial_motor_msgs)
[12.671s] INFO:colcon.colcon_ros.task.ament_python.build:Building ROS package in '/home/fastbot/ros2_ws/real/src/serial_motor' with build type 'ament_python'
[12.671s] Level 1:colcon.colcon_core.shell:create_environment_hook('serial_motor', 'ament_prefix_path')
[12.673s] INFO:colcon.colcon_core.shell:Creating environment hook '/home/fastbot/ros2_ws/real/install/serial_motor/share/serial_motor/hook/ament_prefix_path.ps1'
[12.676s] INFO:colcon.colcon_core.shell:Creating environment descriptor '/home/fastbot/ros2_ws/real/install/serial_motor/share/serial_motor/hook/ament_prefix_path.dsv'
[12.678s] INFO:colcon.colcon_core.shell:Creating environment hook '/home/fastbot/ros2_ws/real/install/serial_motor/share/serial_motor/hook/ament_prefix_path.sh'
[12.681s] INFO:colcon.colcon_core.shell:Skip shell extension 'powershell' for command environment: Not usable outside of PowerShell
[12.681s] DEBUG:colcon.colcon_core.shell:Skip shell extension 'dsv' for command environment
[13.950s] INFO:colcon.colcon_core.task.python.build:Building Python package in '/home/fastbot/ros2_ws/real/src/serial_motor'
[13.951s] INFO:colcon.colcon_core.shell:Skip shell extension 'powershell' for command environment: Not usable outside of PowerShell
[13.951s] DEBUG:colcon.colcon_core.shell:Skip shell extension 'dsv' for command environment
[13.978s] DEBUG:colcon.colcon_core.event_handler.log_command:Invoked command in '/home/fastbot/ros2_ws/real/build/lslidar_msgs' returned '0': CMAKE_PREFIX_PATH=/home/fastbot/ros2_ws/install/serial_motor:/home/fastbot/ros2_ws/install/serial_motor_msgs:/home/fastbot/ros2_ws/install/lslidar_driver:/home/fastbot/ros2_ws/install/lslidar_msgs:/home/fastbot/ros2_ws/install/fastbot_description:/home/fastbot/ros2_ws/install/fastbot_bringup:/opt/ros/humble /usr/bin/cmake --build /home/fastbot/ros2_ws/real/build/lslidar_msgs -- -j4 -l4
[13.988s] DEBUG:colcon.colcon_core.event_handler.log_command:Invoking command in '/home/fastbot/ros2_ws/real/build/lslidar_msgs': CMAKE_PREFIX_PATH=/home/fastbot/ros2_ws/install/serial_motor:/home/fastbot/ros2_ws/install/serial_motor_msgs:/home/fastbot/ros2_ws/install/lslidar_driver:/home/fastbot/ros2_ws/install/lslidar_msgs:/home/fastbot/ros2_ws/install/fastbot_description:/home/fastbot/ros2_ws/install/fastbot_bringup:/opt/ros/humble /usr/bin/cmake --install /home/fastbot/ros2_ws/real/build/lslidar_msgs
[14.487s] Level 1:colcon.colcon_core.environment:create_environment_scripts_only(lslidar_msgs)
[14.489s] Level 1:colcon.colcon_core.environment:checking '/home/fastbot/ros2_ws/real/install/lslidar_msgs' for CMake module files
[14.490s] DEBUG:colcon.colcon_core.event_handler.log_command:Invoked command in '/home/fastbot/ros2_ws/real/build/lslidar_msgs' returned '0': CMAKE_PREFIX_PATH=/home/fastbot/ros2_ws/install/serial_motor:/home/fastbot/ros2_ws/install/serial_motor_msgs:/home/fastbot/ros2_ws/install/lslidar_driver:/home/fastbot/ros2_ws/install/lslidar_msgs:/home/fastbot/ros2_ws/install/fastbot_description:/home/fastbot/ros2_ws/install/fastbot_bringup:/opt/ros/humble /usr/bin/cmake --install /home/fastbot/ros2_ws/real/build/lslidar_msgs
[14.494s] Level 1:colcon.colcon_core.environment:checking '/home/fastbot/ros2_ws/real/install/lslidar_msgs' for CMake config files
[14.497s] Level 1:colcon.colcon_core.shell:create_environment_hook('lslidar_msgs', 'cmake_prefix_path')
[14.498s] INFO:colcon.colcon_core.shell:Creating environment hook '/home/fastbot/ros2_ws/real/install/lslidar_msgs/share/lslidar_msgs/hook/cmake_prefix_path.ps1'
[14.500s] INFO:colcon.colcon_core.shell:Creating environment descriptor '/home/fastbot/ros2_ws/real/install/lslidar_msgs/share/lslidar_msgs/hook/cmake_prefix_path.dsv'
[14.502s] INFO:colcon.colcon_core.shell:Creating environment hook '/home/fastbot/ros2_ws/real/install/lslidar_msgs/share/lslidar_msgs/hook/cmake_prefix_path.sh'
[14.506s] Level 1:colcon.colcon_core.environment:checking '/home/fastbot/ros2_ws/real/install/lslidar_msgs/lib'
[14.506s] Level 1:colcon.colcon_core.shell:create_environment_hook('lslidar_msgs', 'ld_library_path_lib')
[14.507s] INFO:colcon.colcon_core.shell:Creating environment hook '/home/fastbot/ros2_ws/real/install/lslidar_msgs/share/lslidar_msgs/hook/ld_library_path_lib.ps1'
[14.509s] INFO:colcon.colcon_core.shell:Creating environment descriptor '/home/fastbot/ros2_ws/real/install/lslidar_msgs/share/lslidar_msgs/hook/ld_library_path_lib.dsv'
[14.511s] INFO:colcon.colcon_core.shell:Creating environment hook '/home/fastbot/ros2_ws/real/install/lslidar_msgs/share/lslidar_msgs/hook/ld_library_path_lib.sh'
[14.513s] Level 1:colcon.colcon_core.environment:checking '/home/fastbot/ros2_ws/real/install/lslidar_msgs/bin'
[14.514s] Level 1:colcon.colcon_core.environment:checking '/home/fastbot/ros2_ws/real/install/lslidar_msgs/lib/pkgconfig/lslidar_msgs.pc'
[14.515s] Level 1:colcon.colcon_core.environment:checking '/home/fastbot/ros2_ws/real/install/lslidar_msgs/lib/python3.10/site-packages'
[14.516s] Level 1:colcon.colcon_core.environment:checking '/home/fastbot/ros2_ws/real/install/lslidar_msgs/bin'
[14.517s] INFO:colcon.colcon_core.shell:Creating package script '/home/fastbot/ros2_ws/real/install/lslidar_msgs/share/lslidar_msgs/package.ps1'
[14.520s] INFO:colcon.colcon_core.shell:Creating package descriptor '/home/fastbot/ros2_ws/real/install/lslidar_msgs/share/lslidar_msgs/package.dsv'
[14.523s] INFO:colcon.colcon_core.shell:Creating package script '/home/fastbot/ros2_ws/real/install/lslidar_msgs/share/lslidar_msgs/package.sh'
[14.525s] INFO:colcon.colcon_core.shell:Creating package script '/home/fastbot/ros2_ws/real/install/lslidar_msgs/share/lslidar_msgs/package.bash'
[14.527s] INFO:colcon.colcon_core.shell:Creating package script '/home/fastbot/ros2_ws/real/install/lslidar_msgs/share/lslidar_msgs/package.zsh'
[14.529s] Level 1:colcon.colcon_core.environment:create_file_with_runtime_dependencies(/home/fastbot/ros2_ws/real/install/lslidar_msgs/share/colcon-core/packages/lslidar_msgs)
[14.532s] Level 1:colcon.colcon_core.environment:create_environment_scripts_only(lslidar_msgs)
[14.533s] Level 1:colcon.colcon_core.environment:checking '/home/fastbot/ros2_ws/real/install/lslidar_msgs' for CMake module files
[14.537s] Level 1:colcon.colcon_core.environment:checking '/home/fastbot/ros2_ws/real/install/lslidar_msgs' for CMake config files
[14.541s] Level 1:colcon.colcon_core.shell:create_environment_hook('lslidar_msgs', 'cmake_prefix_path')
[14.542s] INFO:colcon.colcon_core.shell:Creating environment hook '/home/fastbot/ros2_ws/real/install/lslidar_msgs/share/lslidar_msgs/hook/cmake_prefix_path.ps1'
[14.544s] INFO:colcon.colcon_core.shell:Creating environment descriptor '/home/fastbot/ros2_ws/real/install/lslidar_msgs/share/lslidar_msgs/hook/cmake_prefix_path.dsv'
[14.546s] INFO:colcon.colcon_core.shell:Creating environment hook '/home/fastbot/ros2_ws/real/install/lslidar_msgs/share/lslidar_msgs/hook/cmake_prefix_path.sh'
[14.549s] Level 1:colcon.colcon_core.environment:checking '/home/fastbot/ros2_ws/real/install/lslidar_msgs/lib'
[14.549s] Level 1:colcon.colcon_core.shell:create_environment_hook('lslidar_msgs', 'ld_library_path_lib')
[14.550s] INFO:colcon.colcon_core.shell:Creating environment hook '/home/fastbot/ros2_ws/real/install/lslidar_msgs/share/lslidar_msgs/hook/ld_library_path_lib.ps1'
[14.552s] INFO:colcon.colcon_core.shell:Creating environment descriptor '/home/fastbot/ros2_ws/real/install/lslidar_msgs/share/lslidar_msgs/hook/ld_library_path_lib.dsv'
[14.554s] INFO:colcon.colcon_core.shell:Creating environment hook '/home/fastbot/ros2_ws/real/install/lslidar_msgs/share/lslidar_msgs/hook/ld_library_path_lib.sh'
[14.556s] Level 1:colcon.colcon_core.environment:checking '/home/fastbot/ros2_ws/real/install/lslidar_msgs/bin'
[14.557s] Level 1:colcon.colcon_core.environment:checking '/home/fastbot/ros2_ws/real/install/lslidar_msgs/lib/pkgconfig/lslidar_msgs.pc'
[14.557s] Level 1:colcon.colcon_core.environment:checking '/home/fastbot/ros2_ws/real/install/lslidar_msgs/lib/python3.10/site-packages'
[14.559s] Level 1:colcon.colcon_core.environment:checking '/home/fastbot/ros2_ws/real/install/lslidar_msgs/bin'
[14.560s] INFO:colcon.colcon_core.shell:Creating package script '/home/fastbot/ros2_ws/real/install/lslidar_msgs/share/lslidar_msgs/package.ps1'
[14.563s] INFO:colcon.colcon_core.shell:Creating package descriptor '/home/fastbot/ros2_ws/real/install/lslidar_msgs/share/lslidar_msgs/package.dsv'
[14.565s] INFO:colcon.colcon_core.shell:Creating package script '/home/fastbot/ros2_ws/real/install/lslidar_msgs/share/lslidar_msgs/package.sh'
[14.568s] INFO:colcon.colcon_core.shell:Creating package script '/home/fastbot/ros2_ws/real/install/lslidar_msgs/share/lslidar_msgs/package.bash'
[14.570s] INFO:colcon.colcon_core.shell:Creating package script '/home/fastbot/ros2_ws/real/install/lslidar_msgs/share/lslidar_msgs/package.zsh'
[14.572s] Level 1:colcon.colcon_core.environment:create_file_with_runtime_dependencies(/home/fastbot/ros2_ws/real/install/lslidar_msgs/share/colcon-core/packages/lslidar_msgs)
[14.574s] INFO:colcon.colcon_ros.task.ament_cmake.build:Building ROS package in '/home/fastbot/ros2_ws/real/src/Lslidar_ROS2_driver/lslidar_driver' with build type 'ament_cmake'
[14.575s] INFO:colcon.colcon_cmake.task.cmake.build:Building CMake package in '/home/fastbot/ros2_ws/real/src/Lslidar_ROS2_driver/lslidar_driver'
[14.576s] INFO:colcon.colcon_core.shell:Skip shell extension 'powershell' for command environment: Not usable outside of PowerShell
[14.576s] DEBUG:colcon.colcon_core.shell:Skip shell extension 'dsv' for command environment
[14.634s] DEBUG:colcon.colcon_core.event_handler.log_command:Invoking command in '/home/fastbot/ros2_ws/real/build/lslidar_driver': CMAKE_PREFIX_PATH=/home/fastbot/ros2_ws/real/install/lslidar_msgs:/home/fastbot/ros2_ws/install/serial_motor:/home/fastbot/ros2_ws/install/serial_motor_msgs:/home/fastbot/ros2_ws/install/lslidar_driver:/home/fastbot/ros2_ws/install/lslidar_msgs:/home/fastbot/ros2_ws/install/fastbot_description:/home/fastbot/ros2_ws/install/fastbot_bringup:/opt/ros/humble LD_LIBRARY_PATH=/home/fastbot/ros2_ws/real/install/lslidar_msgs/lib:${LD_LIBRARY_PATH} /usr/bin/cmake --build /home/fastbot/ros2_ws/real/build/lslidar_driver -- -j4 -l4
[16.558s] DEBUG:colcon.colcon_core.event_handler.log_command:Invoking command in '/home/fastbot/ros2_ws/real/src/serial_motor': CMAKE_PREFIX_PATH=/home/fastbot/ros2_ws/real/install/serial_motor_msgs LD_LIBRARY_PATH=/home/fastbot/ros2_ws/real/install/serial_motor_msgs/lib:${LD_LIBRARY_PATH} PYTHONPATH=/home/fastbot/ros2_ws/real/build/serial_motor/prefix_override:/usr/lib/python3/dist-packages/colcon_core/task/python/colcon_distutils_commands:/home/fastbot/ros2_ws/real/install/serial_motor/lib/python3.10/site-packages:${PYTHONPATH} /usr/bin/python3 -W ignore:setup.py install is deprecated -W ignore:easy_install command is deprecated setup.py egg_info --egg-base ../../build/serial_motor build --build-base /home/fastbot/ros2_ws/real/build/serial_motor/build install --record /home/fastbot/ros2_ws/real/build/serial_motor/install.log --single-version-externally-managed install_data
[18.040s] Level 1:colcon.colcon_core.environment:checking '/home/fastbot/ros2_ws/real/install/serial_motor' for CMake module files
[18.042s] DEBUG:colcon.colcon_core.event_handler.log_command:Invoked command in '/home/fastbot/ros2_ws/real/src/serial_motor' returned '0': CMAKE_PREFIX_PATH=/home/fastbot/ros2_ws/real/install/serial_motor_msgs LD_LIBRARY_PATH=/home/fastbot/ros2_ws/real/install/serial_motor_msgs/lib:${LD_LIBRARY_PATH} PYTHONPATH=/home/fastbot/ros2_ws/real/build/serial_motor/prefix_override:/usr/lib/python3/dist-packages/colcon_core/task/python/colcon_distutils_commands:/home/fastbot/ros2_ws/real/install/serial_motor/lib/python3.10/site-packages:${PYTHONPATH} /usr/bin/python3 -W ignore:setup.py install is deprecated -W ignore:easy_install command is deprecated setup.py egg_info --egg-base ../../build/serial_motor build --build-base /home/fastbot/ros2_ws/real/build/serial_motor/build install --record /home/fastbot/ros2_ws/real/build/serial_motor/install.log --single-version-externally-managed install_data
[18.044s] Level 1:colcon.colcon_core.environment:checking '/home/fastbot/ros2_ws/real/install/serial_motor' for CMake config files
[18.048s] Level 1:colcon.colcon_core.environment:checking '/home/fastbot/ros2_ws/real/install/serial_motor/lib'
[18.049s] Level 1:colcon.colcon_core.environment:checking '/home/fastbot/ros2_ws/real/install/serial_motor/bin'
[18.049s] Level 1:colcon.colcon_core.environment:checking '/home/fastbot/ros2_ws/real/install/serial_motor/lib/pkgconfig/serial_motor.pc'
[18.050s] Level 1:colcon.colcon_core.environment:checking '/home/fastbot/ros2_ws/real/install/serial_motor/lib/python3.10/site-packages'
[18.051s] Level 1:colcon.colcon_core.shell:create_environment_hook('serial_motor', 'pythonpath')
[18.052s] INFO:colcon.colcon_core.shell:Creating environment hook '/home/fastbot/ros2_ws/real/install/serial_motor/share/serial_motor/hook/pythonpath.ps1'
[18.054s] INFO:colcon.colcon_core.shell:Creating environment descriptor '/home/fastbot/ros2_ws/real/install/serial_motor/share/serial_motor/hook/pythonpath.dsv'
[18.056s] INFO:colcon.colcon_core.shell:Creating environment hook '/home/fastbot/ros2_ws/real/install/serial_motor/share/serial_motor/hook/pythonpath.sh'
[18.058s] Level 1:colcon.colcon_core.environment:checking '/home/fastbot/ros2_ws/real/install/serial_motor/bin'
[18.059s] Level 1:colcon.colcon_core.environment:create_environment_scripts_only(serial_motor)
[18.060s] INFO:colcon.colcon_core.shell:Creating package script '/home/fastbot/ros2_ws/real/install/serial_motor/share/serial_motor/package.ps1'
[18.062s] INFO:colcon.colcon_core.shell:Creating package descriptor '/home/fastbot/ros2_ws/real/install/serial_motor/share/serial_motor/package.dsv'
[18.065s] INFO:colcon.colcon_core.shell:Creating package script '/home/fastbot/ros2_ws/real/install/serial_motor/share/serial_motor/package.sh'
[18.067s] INFO:colcon.colcon_core.shell:Creating package script '/home/fastbot/ros2_ws/real/install/serial_motor/share/serial_motor/package.bash'
[18.068s] INFO:colcon.colcon_core.shell:Creating package script '/home/fastbot/ros2_ws/real/install/serial_motor/share/serial_motor/package.zsh'
[18.070s] Level 1:colcon.colcon_core.environment:create_file_with_runtime_dependencies(/home/fastbot/ros2_ws/real/install/serial_motor/share/colcon-core/packages/serial_motor)
[25.115s] DEBUG:colcon.colcon_core.event_handler.log_command:Invoked command in '/home/fastbot/ros2_ws/real/build/lslidar_driver' returned '0': CMAKE_PREFIX_PATH=/home/fastbot/ros2_ws/real/install/lslidar_msgs:/home/fastbot/ros2_ws/install/serial_motor:/home/fastbot/ros2_ws/install/serial_motor_msgs:/home/fastbot/ros2_ws/install/lslidar_driver:/home/fastbot/ros2_ws/install/lslidar_msgs:/home/fastbot/ros2_ws/install/fastbot_description:/home/fastbot/ros2_ws/install/fastbot_bringup:/opt/ros/humble LD_LIBRARY_PATH=/home/fastbot/ros2_ws/real/install/lslidar_msgs/lib:${LD_LIBRARY_PATH} /usr/bin/cmake --build /home/fastbot/ros2_ws/real/build/lslidar_driver -- -j4 -l4
[25.126s] DEBUG:colcon.colcon_core.event_handler.log_command:Invoking command in '/home/fastbot/ros2_ws/real/build/lslidar_driver': CMAKE_PREFIX_PATH=/home/fastbot/ros2_ws/real/install/lslidar_msgs:/home/fastbot/ros2_ws/install/serial_motor:/home/fastbot/ros2_ws/install/serial_motor_msgs:/home/fastbot/ros2_ws/install/lslidar_driver:/home/fastbot/ros2_ws/install/lslidar_msgs:/home/fastbot/ros2_ws/install/fastbot_description:/home/fastbot/ros2_ws/install/fastbot_bringup:/opt/ros/humble LD_LIBRARY_PATH=/home/fastbot/ros2_ws/real/install/lslidar_msgs/lib:${LD_LIBRARY_PATH} /usr/bin/cmake --install /home/fastbot/ros2_ws/real/build/lslidar_driver
[25.179s] Level 1:colcon.colcon_core.environment:create_environment_scripts_only(lslidar_driver)
[25.180s] Level 1:colcon.colcon_core.environment:checking '/home/fastbot/ros2_ws/real/install/lslidar_driver' for CMake module files
[25.182s] DEBUG:colcon.colcon_core.event_handler.log_command:Invoked command in '/home/fastbot/ros2_ws/real/build/lslidar_driver' returned '0': CMAKE_PREFIX_PATH=/home/fastbot/ros2_ws/real/install/lslidar_msgs:/home/fastbot/ros2_ws/install/serial_motor:/home/fastbot/ros2_ws/install/serial_motor_msgs:/home/fastbot/ros2_ws/install/lslidar_driver:/home/fastbot/ros2_ws/install/lslidar_msgs:/home/fastbot/ros2_ws/install/fastbot_description:/home/fastbot/ros2_ws/install/fastbot_bringup:/opt/ros/humble LD_LIBRARY_PATH=/home/fastbot/ros2_ws/real/install/lslidar_msgs/lib:${LD_LIBRARY_PATH} /usr/bin/cmake --install /home/fastbot/ros2_ws/real/build/lslidar_driver
[25.184s] Level 1:colcon.colcon_core.environment:checking '/home/fastbot/ros2_ws/real/install/lslidar_driver' for CMake config files
[25.186s] Level 1:colcon.colcon_core.shell:create_environment_hook('lslidar_driver', 'cmake_prefix_path')
[25.187s] INFO:colcon.colcon_core.shell:Creating environment hook '/home/fastbot/ros2_ws/real/install/lslidar_driver/share/lslidar_driver/hook/cmake_prefix_path.ps1'
[25.189s] INFO:colcon.colcon_core.shell:Creating environment descriptor '/home/fastbot/ros2_ws/real/install/lslidar_driver/share/lslidar_driver/hook/cmake_prefix_path.dsv'
[25.191s] INFO:colcon.colcon_core.shell:Creating environment hook '/home/fastbot/ros2_ws/real/install/lslidar_driver/share/lslidar_driver/hook/cmake_prefix_path.sh'
[25.194s] Level 1:colcon.colcon_core.environment:checking '/home/fastbot/ros2_ws/real/install/lslidar_driver/lib'
[25.194s] Level 1:colcon.colcon_core.environment:checking '/home/fastbot/ros2_ws/real/install/lslidar_driver/bin'
[25.195s] Level 1:colcon.colcon_core.environment:checking '/home/fastbot/ros2_ws/real/install/lslidar_driver/lib/pkgconfig/lslidar_driver.pc'
[25.196s] Level 1:colcon.colcon_core.environment:checking '/home/fastbot/ros2_ws/real/install/lslidar_driver/lib/python3.10/site-packages'
[25.196s] Level 1:colcon.colcon_core.environment:checking '/home/fastbot/ros2_ws/real/install/lslidar_driver/bin'
[25.198s] INFO:colcon.colcon_core.shell:Creating package script '/home/fastbot/ros2_ws/real/install/lslidar_driver/share/lslidar_driver/package.ps1'
[25.200s] INFO:colcon.colcon_core.shell:Creating package descriptor '/home/fastbot/ros2_ws/real/install/lslidar_driver/share/lslidar_driver/package.dsv'
[25.202s] INFO:colcon.colcon_core.shell:Creating package script '/home/fastbot/ros2_ws/real/install/lslidar_driver/share/lslidar_driver/package.sh'
[25.204s] INFO:colcon.colcon_core.shell:Creating package script '/home/fastbot/ros2_ws/real/install/lslidar_driver/share/lslidar_driver/package.bash'
[25.206s] INFO:colcon.colcon_core.shell:Creating package script '/home/fastbot/ros2_ws/real/install/lslidar_driver/share/lslidar_driver/package.zsh'
[25.208s] Level 1:colcon.colcon_core.environment:create_file_with_runtime_dependencies(/home/fastbot/ros2_ws/real/install/lslidar_driver/share/colcon-core/packages/lslidar_driver)
[25.211s] Level 1:colcon.colcon_core.environment:create_environment_scripts_only(lslidar_driver)
[25.212s] Level 1:colcon.colcon_core.environment:checking '/home/fastbot/ros2_ws/real/install/lslidar_driver' for CMake module files
[25.215s] Level 1:colcon.colcon_core.environment:checking '/home/fastbot/ros2_ws/real/install/lslidar_driver' for CMake config files
[25.217s] Level 1:colcon.colcon_core.shell:create_environment_hook('lslidar_driver', 'cmake_prefix_path')
[25.217s] INFO:colcon.colcon_core.shell:Creating environment hook '/home/fastbot/ros2_ws/real/install/lslidar_driver/share/lslidar_driver/hook/cmake_prefix_path.ps1'
[25.219s] INFO:colcon.colcon_core.shell:Creating environment descriptor '/home/fastbot/ros2_ws/real/install/lslidar_driver/share/lslidar_driver/hook/cmake_prefix_path.dsv'
[25.221s] INFO:colcon.colcon_core.shell:Creating environment hook '/home/fastbot/ros2_ws/real/install/lslidar_driver/share/lslidar_driver/hook/cmake_prefix_path.sh'
[25.224s] Level 1:colcon.colcon_core.environment:checking '/home/fastbot/ros2_ws/real/install/lslidar_driver/lib'
[25.224s] Level 1:colcon.colcon_core.environment:checking '/home/fastbot/ros2_ws/real/install/lslidar_driver/bin'
[25.224s] Level 1:colcon.colcon_core.environment:checking '/home/fastbot/ros2_ws/real/install/lslidar_driver/lib/pkgconfig/lslidar_driver.pc'
[25.225s] Level 1:colcon.colcon_core.environment:checking '/home/fastbot/ros2_ws/real/install/lslidar_driver/lib/python3.10/site-packages'
[25.226s] Level 1:colcon.colcon_core.environment:checking '/home/fastbot/ros2_ws/real/install/lslidar_driver/bin'
[25.227s] INFO:colcon.colcon_core.shell:Creating package script '/home/fastbot/ros2_ws/real/install/lslidar_driver/share/lslidar_driver/package.ps1'
[25.229s] INFO:colcon.colcon_core.shell:Creating package descriptor '/home/fastbot/ros2_ws/real/install/lslidar_driver/share/lslidar_driver/package.dsv'
[25.232s] INFO:colcon.colcon_core.shell:Creating package script '/home/fastbot/ros2_ws/real/install/lslidar_driver/share/lslidar_driver/package.sh'
[25.234s] INFO:colcon.colcon_core.shell:Creating package script '/home/fastbot/ros2_ws/real/install/lslidar_driver/share/lslidar_driver/package.bash'
[25.236s] INFO:colcon.colcon_core.shell:Creating package script '/home/fastbot/ros2_ws/real/install/lslidar_driver/share/lslidar_driver/package.zsh'
[25.238s] Level 1:colcon.colcon_core.environment:create_file_with_runtime_dependencies(/home/fastbot/ros2_ws/real/install/lslidar_driver/share/colcon-core/packages/lslidar_driver)
[25.239s] DEBUG:colcon.colcon_parallel_executor.executor.parallel:closing loop
[25.240s] DEBUG:colcon.colcon_parallel_executor.executor.parallel:loop closed
[25.241s] DEBUG:colcon.colcon_parallel_executor.executor.parallel:run_until_complete finished with '0'
[25.241s] DEBUG:colcon.colcon_core.event_reactor:joining thread
[25.269s] INFO:colcon.colcon_core.plugin_system:Skipping extension 'colcon_notification.desktop_notification.notify_send': Could not find 'notify-send'
[25.269s] INFO:colcon.colcon_core.plugin_system:Skipping extension 'colcon_notification.desktop_notification.terminal_notifier': Not used on non-Darwin systems
[25.269s] INFO:colcon.colcon_core.plugin_system:Skipping extension 'colcon_notification.desktop_notification.win32': Not used on non-Windows systems
[25.269s] INFO:colcon.colcon_notification.desktop_notification:Sending desktop notification using 'notify2'
[25.273s] DEBUG:colcon.colcon_notification.desktop_notification.notify2:Failed to initialize notify2: org.freedesktop.DBus.Error.ServiceUnknown: The name org.freedesktop.Notifications was not provided by any .service files
[25.273s] DEBUG:colcon.colcon_core.event_reactor:joined thread
[25.274s] INFO:colcon.colcon_core.shell:Creating prefix script '/home/fastbot/ros2_ws/real/install/local_setup.ps1'
[25.279s] INFO:colcon.colcon_core.shell:Creating prefix util module '/home/fastbot/ros2_ws/real/install/_local_setup_util_ps1.py'
[25.292s] INFO:colcon.colcon_core.shell:Creating prefix chain script '/home/fastbot/ros2_ws/real/install/setup.ps1'
[25.300s] INFO:colcon.colcon_core.shell:Creating prefix script '/home/fastbot/ros2_ws/real/install/local_setup.sh'
[25.307s] INFO:colcon.colcon_core.shell:Creating prefix util module '/home/fastbot/ros2_ws/real/install/_local_setup_util_sh.py'
[25.310s] INFO:colcon.colcon_core.shell:Creating prefix chain script '/home/fastbot/ros2_ws/real/install/setup.sh'
[25.317s] INFO:colcon.colcon_core.shell:Creating prefix script '/home/fastbot/ros2_ws/real/install/local_setup.bash'
[25.322s] INFO:colcon.colcon_core.shell:Creating prefix chain script '/home/fastbot/ros2_ws/real/install/setup.bash'
[25.330s] INFO:colcon.colcon_core.shell:Creating prefix script '/home/fastbot/ros2_ws/real/install/local_setup.zsh'
[25.335s] INFO:colcon.colcon_core.shell:Creating prefix chain script '/home/fastbot/ros2_ws/real/install/setup.zsh'
