[2.961s] Invoking command in '/home/fastbot/ros2_ws/src/serial_motor': PYTHONPATH=/home/fastbot/ros2_ws/build/serial_motor/prefix_override:/usr/lib/python3/dist-packages/colcon_core/task/python/colcon_distutils_commands:/home/fastbot/ros2_ws/install/serial_motor/lib/python3.10/site-packages:${PYTHONPATH} /usr/bin/python3 -W ignore:setup.py install is deprecated -W ignore:easy_install command is deprecated setup.py egg_info --egg-base ../../build/serial_motor build --build-base /home/fastbot/ros2_ws/build/serial_motor/build install --record /home/fastbot/ros2_ws/build/serial_motor/install.log --single-version-externally-managed install_data
[4.026s] running egg_info
[4.029s] writing ../../build/serial_motor/serial_motor.egg-info/PKG-INFO
[4.030s] writing dependency_links to ../../build/serial_motor/serial_motor.egg-info/dependency_links.txt
[4.031s] writing entry points to ../../build/serial_motor/serial_motor.egg-info/entry_points.txt
[4.032s] writing requirements to ../../build/serial_motor/serial_motor.egg-info/requires.txt
[4.032s] writing top-level names to ../../build/serial_motor/serial_motor.egg-info/top_level.txt
[4.040s] reading manifest file '../../build/serial_motor/serial_motor.egg-info/SOURCES.txt'
[4.043s] writing manifest file '../../build/serial_motor/serial_motor.egg-info/SOURCES.txt'
[4.044s] running build
[4.044s] running build_py
[4.045s] copying serial_motor/motor_driver.py -> /home/fastbot/ros2_ws/build/serial_motor/build/lib/serial_motor
[4.046s] running install
[4.048s] running install_lib
[4.051s] copying /home/fastbot/ros2_ws/build/serial_motor/build/lib/serial_motor/motor_driver.py -> /home/fastbot/ros2_ws/install/serial_motor/lib/python3.10/site-packages/serial_motor
[4.054s] byte-compiling /home/fastbot/ros2_ws/install/serial_motor/lib/python3.10/site-packages/serial_motor/motor_driver.py to motor_driver.cpython-310.pyc
[4.063s] running install_data
[4.063s] running install_egg_info
[4.070s] removing '/home/fastbot/ros2_ws/install/serial_motor/lib/python3.10/site-packages/serial_motor-0.0.0-py3.10.egg-info' (and everything under it)
[4.072s] Copying ../../build/serial_motor/serial_motor.egg-info to /home/fastbot/ros2_ws/install/serial_motor/lib/python3.10/site-packages/serial_motor-0.0.0-py3.10.egg-info
[4.077s] running install_scripts
[4.155s] Installing motor_driver script to /home/fastbot/ros2_ws/install/serial_motor/lib/serial_motor
[4.156s] writing list of installed files to '/home/fastbot/ros2_ws/build/serial_motor/install.log'
[4.275s] Invoked command in '/home/fastbot/ros2_ws/src/serial_motor' returned '0': PYTHONPATH=/home/fastbot/ros2_ws/build/serial_motor/prefix_override:/usr/lib/python3/dist-packages/colcon_core/task/python/colcon_distutils_commands:/home/fastbot/ros2_ws/install/serial_motor/lib/python3.10/site-packages:${PYTHONPATH} /usr/bin/python3 -W ignore:setup.py install is deprecated -W ignore:easy_install command is deprecated setup.py egg_info --egg-base ../../build/serial_motor build --build-base /home/fastbot/ros2_ws/build/serial_motor/build install --record /home/fastbot/ros2_ws/build/serial_motor/install.log --single-version-externally-managed install_data
