[0.113s] Invoking command in '/home/fastbot/ros2_ws/real/build/fastbot_bringup': CMAKE_PREFIX_PATH=${CMAKE_PREFIX_PATH}:/home/fastbot/ros2_ws/real/install/serial_motor:/home/fastbot/ros2_ws/install/serial_motor:/home/fastbot/ros2_ws/install/serial_motor_msgs:/home/fastbot/ros2_ws/install/lslidar_driver:/home/fastbot/ros2_ws/install/lslidar_msgs:/home/fastbot/ros2_ws/install/fastbot_description:/home/fastbot/ros2_ws/install/fastbot_bringup:/opt/ros/humble /usr/bin/cmake --build /home/fastbot/ros2_ws/real/build/fastbot_bringup -- -j4 -l4
[0.154s] [0mCMake Error: The current CMakeCache.txt directory /home/fastbot/ros2_ws/real/build/fastbot_bringup/CMakeCache.txt is different than the directory /home/fastbot/ros2_ws/build/fastbot_bringup where CMakeCache.txt was created. This may result in binaries being created in the wrong place. If you are not sure, reedit the CMakeCache.txt[0m
[0.222s] -- Found ament_cmake: 1.3.11 (/opt/ros/humble/share/ament_cmake/cmake)
[1.169s] -- Found ament_lint_auto: 0.12.12 (/opt/ros/humble/share/ament_lint_auto/cmake)
[1.610s] -- Added test 'lint_cmake' to check CMake code style
[1.620s] -- Added test 'xmllint' to check XML markup files
[1.625s] -- Configuring done
[1.649s] -- Generating done
[1.666s] -- Build files have been written to: /home/fastbot/ros2_ws/build/fastbot_bringup
[1.789s] Invoked command in '/home/fastbot/ros2_ws/real/build/fastbot_bringup' returned '0': CMAKE_PREFIX_PATH=${CMAKE_PREFIX_PATH}:/home/fastbot/ros2_ws/real/install/serial_motor:/home/fastbot/ros2_ws/install/serial_motor:/home/fastbot/ros2_ws/install/serial_motor_msgs:/home/fastbot/ros2_ws/install/lslidar_driver:/home/fastbot/ros2_ws/install/lslidar_msgs:/home/fastbot/ros2_ws/install/fastbot_description:/home/fastbot/ros2_ws/install/fastbot_bringup:/opt/ros/humble /usr/bin/cmake --build /home/fastbot/ros2_ws/real/build/fastbot_bringup -- -j4 -l4
[1.838s] Invoking command in '/home/fastbot/ros2_ws/real/build/fastbot_bringup': CMAKE_PREFIX_PATH=${CMAKE_PREFIX_PATH}:/home/fastbot/ros2_ws/real/install/serial_motor:/home/fastbot/ros2_ws/install/serial_motor:/home/fastbot/ros2_ws/install/serial_motor_msgs:/home/fastbot/ros2_ws/install/lslidar_driver:/home/fastbot/ros2_ws/install/lslidar_msgs:/home/fastbot/ros2_ws/install/fastbot_description:/home/fastbot/ros2_ws/install/fastbot_bringup:/opt/ros/humble /usr/bin/cmake --install /home/fastbot/ros2_ws/real/build/fastbot_bringup
[1.885s] -- Install configuration: ""
[1.887s] -- Up-to-date: /home/fastbot/ros2_ws/install/fastbot_bringup/share/fastbot_bringup/launch
[1.889s] -- Up-to-date: /home/fastbot/ros2_ws/install/fastbot_bringup/share/fastbot_bringup/launch/bringup.launch.xml
[1.890s] -- Up-to-date: /home/fastbot/ros2_ws/install/fastbot_bringup/share/ament_index/resource_index/package_run_dependencies/fastbot_bringup
[1.893s] -- Up-to-date: /home/fastbot/ros2_ws/install/fastbot_bringup/share/ament_index/resource_index/parent_prefix_path/fastbot_bringup
[1.894s] -- Up-to-date: /home/fastbot/ros2_ws/install/fastbot_bringup/share/fastbot_bringup/environment/ament_prefix_path.sh
[1.896s] -- Installing: /home/fastbot/ros2_ws/install/fastbot_bringup/share/fastbot_bringup/environment/ament_prefix_path.dsv
[1.896s] -- Up-to-date: /home/fastbot/ros2_ws/install/fastbot_bringup/share/fastbot_bringup/environment/path.sh
[1.898s] -- Installing: /home/fastbot/ros2_ws/install/fastbot_bringup/share/fastbot_bringup/environment/path.dsv
[1.902s] -- Up-to-date: /home/fastbot/ros2_ws/install/fastbot_bringup/share/fastbot_bringup/local_setup.bash
[1.904s] -- Up-to-date: /home/fastbot/ros2_ws/install/fastbot_bringup/share/fastbot_bringup/local_setup.sh
[1.906s] -- Up-to-date: /home/fastbot/ros2_ws/install/fastbot_bringup/share/fastbot_bringup/local_setup.zsh
[1.908s] -- Installing: /home/fastbot/ros2_ws/install/fastbot_bringup/share/fastbot_bringup/local_setup.dsv
[1.911s] -- Installing: /home/fastbot/ros2_ws/install/fastbot_bringup/share/fastbot_bringup/package.dsv
[1.914s] -- Up-to-date: /home/fastbot/ros2_ws/install/fastbot_bringup/share/ament_index/resource_index/packages/fastbot_bringup
[1.915s] -- Up-to-date: /home/fastbot/ros2_ws/install/fastbot_bringup/share/fastbot_bringup/cmake/fastbot_bringupConfig.cmake
[1.917s] -- Up-to-date: /home/fastbot/ros2_ws/install/fastbot_bringup/share/fastbot_bringup/cmake/fastbot_bringupConfig-version.cmake
[1.919s] -- Up-to-date: /home/fastbot/ros2_ws/install/fastbot_bringup/share/fastbot_bringup/package.xml
[1.932s] Invoked command in '/home/fastbot/ros2_ws/real/build/fastbot_bringup' returned '0': CMAKE_PREFIX_PATH=${CMAKE_PREFIX_PATH}:/home/fastbot/ros2_ws/real/install/serial_motor:/home/fastbot/ros2_ws/install/serial_motor:/home/fastbot/ros2_ws/install/serial_motor_msgs:/home/fastbot/ros2_ws/install/lslidar_driver:/home/fastbot/ros2_ws/install/lslidar_msgs:/home/fastbot/ros2_ws/install/fastbot_description:/home/fastbot/ros2_ws/install/fastbot_bringup:/opt/ros/humble /usr/bin/cmake --install /home/fastbot/ros2_ws/real/build/fastbot_bringup
