[3.085s] Invoking command in '/home/fastbot/ros2_ws/src/serial_motor': PYTHONPATH=/home/fastbot/ros2_ws/build/serial_motor/prefix_override:/usr/lib/python3/dist-packages/colcon_core/task/python/colcon_distutils_commands:/home/fastbot/ros2_ws/install/serial_motor/lib/python3.10/site-packages:${PYTHONPATH} /usr/bin/python3 -W ignore:setup.py install is deprecated -W ignore:easy_install command is deprecated setup.py egg_info --egg-base ../../build/serial_motor build --build-base /home/fastbot/ros2_ws/build/serial_motor/build install --record /home/fastbot/ros2_ws/build/serial_motor/install.log --single-version-externally-managed install_data
[5.048s] running egg_info
[5.051s] writing ../../build/serial_motor/serial_motor.egg-info/PKG-INFO
[5.053s] writing dependency_links to ../../build/serial_motor/serial_motor.egg-info/dependency_links.txt
[5.054s] writing entry points to ../../build/serial_motor/serial_motor.egg-info/entry_points.txt
[5.055s] writing requirements to ../../build/serial_motor/serial_motor.egg-info/requires.txt
[5.056s] writing top-level names to ../../build/serial_motor/serial_motor.egg-info/top_level.txt
[5.066s] reading manifest file '../../build/serial_motor/serial_motor.egg-info/SOURCES.txt'
[5.071s] writing manifest file '../../build/serial_motor/serial_motor.egg-info/SOURCES.txt'
[5.072s] running build
[5.073s] running build_py
[5.074s] running install
[5.076s] running install_lib
[5.084s] running install_data
[5.085s] running install_egg_info
[5.094s] removing '/home/fastbot/ros2_ws/install/serial_motor/lib/python3.10/site-packages/serial_motor-0.0.0-py3.10.egg-info' (and everything under it)
[5.096s] Copying ../../build/serial_motor/serial_motor.egg-info to /home/fastbot/ros2_ws/install/serial_motor/lib/python3.10/site-packages/serial_motor-0.0.0-py3.10.egg-info
[5.104s] running install_scripts
[5.209s] Installing motor_driver script to /home/fastbot/ros2_ws/install/serial_motor/lib/serial_motor
[5.212s] writing list of installed files to '/home/fastbot/ros2_ws/build/serial_motor/install.log'
[5.351s] Invoked command in '/home/fastbot/ros2_ws/src/serial_motor' returned '0': PYTHONPATH=/home/fastbot/ros2_ws/build/serial_motor/prefix_override:/usr/lib/python3/dist-packages/colcon_core/task/python/colcon_distutils_commands:/home/fastbot/ros2_ws/install/serial_motor/lib/python3.10/site-packages:${PYTHONPATH} /usr/bin/python3 -W ignore:setup.py install is deprecated -W ignore:easy_install command is deprecated setup.py egg_info --egg-base ../../build/serial_motor build --build-base /home/fastbot/ros2_ws/build/serial_motor/build install --record /home/fastbot/ros2_ws/build/serial_motor/install.log --single-version-externally-managed install_data
