[0.060s] Invoking command in '/home/fastbot/ros2_ws/real/build/lslidar_driver': CMAKE_PREFIX_PATH=/home/fastbot/ros2_ws/real/install/lslidar_msgs:/home/fastbot/ros2_ws/real/install/serial_motor_msgs:/home/fastbot/ros2_ws/real/install/lslidar_driver:/home/fastbot/ros2_ws/real/install/fastbot_slam_real:/home/fastbot/ros2_ws/real/install/fastbot_description:/home/fastbot/ros2_ws/real/install/fastbot_bringup:/home/fastbot/ros2_ws/real/install/serial_motor:/home/fastbot/ros2_ws/install/serial_motor:/home/fastbot/ros2_ws/install/serial_motor_msgs:/home/fastbot/ros2_ws/install/lslidar_driver:/home/fastbot/ros2_ws/install/lslidar_msgs:/home/fastbot/ros2_ws/install/fastbot_description:/home/fastbot/ros2_ws/install/fastbot_bringup:/opt/ros/humble LD_LIBRARY_PATH=/home/fastbot/ros2_ws/real/install/lslidar_msgs/lib:/home/fastbot/ros2_ws/real/install/serial_motor_msgs/lib:/home/fastbot/ros2_ws/install/serial_motor_msgs/lib:/home/fastbot/ros2_ws/install/lslidar_msgs/lib:/opt/ros/humble/opt/rviz_ogre_vendor/lib:/opt/ros/humble/lib/aarch64-linux-gnu:/opt/ros/humble/lib /usr/bin/cmake --build /home/fastbot/ros2_ws/real/build/lslidar_driver -- -j4 -l4
[0.091s] [0mCMake Error: The current CMakeCache.txt directory /home/fastbot/ros2_ws/real/build/lslidar_driver/CMakeCache.txt is different than the directory /home/fastbot/ros2_ws/build/lslidar_driver where CMakeCache.txt was created. This may result in binaries being created in the wrong place. If you are not sure, reedit the CMakeCache.txt[0m
[0.209s] -- Found Boost: /usr/lib/aarch64-linux-gnu/cmake/Boost-1.74.0/BoostConfig.cmake (found version "1.74.0") found components: thread 
[0.212s] -- Found rclcpp: 16.0.12 (/opt/ros/humble/share/rclcpp/cmake)
[1.048s] -- Found rosidl_generator_c: 3.1.6 (/opt/ros/humble/share/rosidl_generator_c/cmake)
[1.061s] -- Found rosidl_adapter: 3.1.6 (/opt/ros/humble/share/rosidl_adapter/cmake)
[1.088s] -- Found rosidl_generator_cpp: 3.1.6 (/opt/ros/humble/share/rosidl_generator_cpp/cmake)
[1.131s] -- Using all available rosidl_typesupport_c: rosidl_typesupport_fastrtps_c;rosidl_typesupport_introspection_c
[1.185s] -- Using all available rosidl_typesupport_cpp: rosidl_typesupport_fastrtps_cpp;rosidl_typesupport_introspection_cpp
[1.344s] -- Found rmw_implementation_cmake: 6.1.2 (/opt/ros/humble/share/rmw_implementation_cmake/cmake)
[1.357s] -- Found rmw_cyclonedds_cpp: 1.3.4 (/opt/ros/humble/share/rmw_cyclonedds_cpp/cmake)
[1.478s] -- Using RMW implementation 'rmw_cyclonedds_cpp' as default
[1.746s] -- Eigen found (include: /usr/include/eigen3, version: 3.4.0)
[1.784s] -- Found Boost: /usr/lib/aarch64-linux-gnu/cmake/Boost-1.74.0/BoostConfig.cmake (found suitable version "1.74.0", minimum required is "1.65.0") found components: system filesystem date_time iostreams serialization 
[2.016s] -- FLANN found (include: /usr/include, lib: /usr/lib/aarch64-linux-gnu/libflann_cpp.so)
[3.344s] -- OpenNI found (version: 1.5.4.0, include: /usr/include/ni, lib: /usr/lib/libOpenNI.so;libusb::libusb)
[3.370s] -- OpenNI2 found (version: 2.2.0.33, include: /usr/include/openni2, lib: /usr/lib/aarch64-linux-gnu/libOpenNI2.so;libusb::libusb)
[3.371s] [0m** WARNING ** io features related to pcap will be disabled[0m
[3.999s] -- Eigen found (include: /usr/include/eigen3, version: 3.4.0)
[4.025s] -- OpenNI found (version: 1.5.4.0, include: /usr/include/ni, lib: /usr/lib/libOpenNI.so;libusb::libusb)
[4.052s] -- OpenNI2 found (version: 2.2.0.33, include: /usr/include/openni2, lib: /usr/lib/aarch64-linux-gnu/libOpenNI2.so;libusb::libusb)
[4.645s] -- Found Qhull version 8.0.2
[5.266s] -- OpenNI found (version: 1.5.4.0, include: /usr/include/ni, lib: /usr/lib/libOpenNI.so;libusb::libusb)
[5.861s] -- looking for PCL_COMMON
[5.862s] -- looking for PCL_KDTREE
[5.864s] -- looking for PCL_OCTREE
[5.865s] -- looking for PCL_SEARCH
[5.867s] -- looking for PCL_SAMPLE_CONSENSUS
[5.868s] -- looking for PCL_FILTERS
[5.869s] -- looking for PCL_2D
[5.871s] -- looking for PCL_GEOMETRY
[5.872s] -- looking for PCL_IO
[5.874s] -- looking for PCL_FEATURES
[5.875s] -- looking for PCL_ML
[5.876s] -- looking for PCL_SEGMENTATION
[5.878s] -- looking for PCL_VISUALIZATION
[5.880s] -- looking for PCL_SURFACE
[5.882s] -- looking for PCL_REGISTRATION
[5.883s] -- looking for PCL_KEYPOINTS
[5.885s] -- looking for PCL_TRACKING
[5.886s] -- looking for PCL_RECOGNITION
[5.888s] -- looking for PCL_STEREO
[5.890s] -- looking for PCL_APPS
[5.893s] -- looking for PCL_IN_HAND_SCANNER
[5.894s] -- looking for PCL_MODELER
[5.895s] -- looking for PCL_POINT_CLOUD_EDITOR
[5.896s] -- looking for PCL_OUTOFCORE
[5.898s] -- looking for PCL_PEOPLE
[5.903s] -- Found diagnostic_updater: 4.0.6 (/opt/ros/humble/share/diagnostic_updater/cmake)
[5.968s] -- Found lslidar_msgs: 1.2.0 (/home/fastbot/ros2_ws/install/lslidar_msgs/share/lslidar_msgs/cmake)
[6.023s] -- Found pluginlib: 5.1.0 (/opt/ros/humble/share/pluginlib/cmake)
[6.229s] -- Found pcl_conversions: 2.4.5 (/opt/ros/humble/share/pcl_conversions/cmake)
[6.786s] -- Configuring done
[7.241s] -- Generating done
[7.306s] -- Build files have been written to: /home/fastbot/ros2_ws/build/lslidar_driver
[7.504s] [35m[1mConsolidate compiler generated dependencies of target lslidar_driver_node[0m
[7.749s] [100%] Built target lslidar_driver_node
[7.793s] Invoked command in '/home/fastbot/ros2_ws/real/build/lslidar_driver' returned '0': CMAKE_PREFIX_PATH=/home/fastbot/ros2_ws/real/install/lslidar_msgs:/home/fastbot/ros2_ws/real/install/serial_motor_msgs:/home/fastbot/ros2_ws/real/install/lslidar_driver:/home/fastbot/ros2_ws/real/install/fastbot_slam_real:/home/fastbot/ros2_ws/real/install/fastbot_description:/home/fastbot/ros2_ws/real/install/fastbot_bringup:/home/fastbot/ros2_ws/real/install/serial_motor:/home/fastbot/ros2_ws/install/serial_motor:/home/fastbot/ros2_ws/install/serial_motor_msgs:/home/fastbot/ros2_ws/install/lslidar_driver:/home/fastbot/ros2_ws/install/lslidar_msgs:/home/fastbot/ros2_ws/install/fastbot_description:/home/fastbot/ros2_ws/install/fastbot_bringup:/opt/ros/humble LD_LIBRARY_PATH=/home/fastbot/ros2_ws/real/install/lslidar_msgs/lib:/home/fastbot/ros2_ws/real/install/serial_motor_msgs/lib:/home/fastbot/ros2_ws/install/serial_motor_msgs/lib:/home/fastbot/ros2_ws/install/lslidar_msgs/lib:/opt/ros/humble/opt/rviz_ogre_vendor/lib:/opt/ros/humble/lib/aarch64-linux-gnu:/opt/ros/humble/lib /usr/bin/cmake --build /home/fastbot/ros2_ws/real/build/lslidar_driver -- -j4 -l4
[7.804s] Invoking command in '/home/fastbot/ros2_ws/real/build/lslidar_driver': CMAKE_PREFIX_PATH=/home/fastbot/ros2_ws/real/install/lslidar_msgs:/home/fastbot/ros2_ws/real/install/serial_motor_msgs:/home/fastbot/ros2_ws/real/install/lslidar_driver:/home/fastbot/ros2_ws/real/install/fastbot_slam_real:/home/fastbot/ros2_ws/real/install/fastbot_description:/home/fastbot/ros2_ws/real/install/fastbot_bringup:/home/fastbot/ros2_ws/real/install/serial_motor:/home/fastbot/ros2_ws/install/serial_motor:/home/fastbot/ros2_ws/install/serial_motor_msgs:/home/fastbot/ros2_ws/install/lslidar_driver:/home/fastbot/ros2_ws/install/lslidar_msgs:/home/fastbot/ros2_ws/install/fastbot_description:/home/fastbot/ros2_ws/install/fastbot_bringup:/opt/ros/humble LD_LIBRARY_PATH=/home/fastbot/ros2_ws/real/install/lslidar_msgs/lib:/home/fastbot/ros2_ws/real/install/serial_motor_msgs/lib:/home/fastbot/ros2_ws/install/serial_motor_msgs/lib:/home/fastbot/ros2_ws/install/lslidar_msgs/lib:/opt/ros/humble/opt/rviz_ogre_vendor/lib:/opt/ros/humble/lib/aarch64-linux-gnu:/opt/ros/humble/lib /usr/bin/cmake --install /home/fastbot/ros2_ws/real/build/lslidar_driver
[7.834s] -- Install configuration: ""
[7.834s] -- Up-to-date: /home/fastbot/ros2_ws/install/lslidar_driver/share/lslidar_driver/launch
[7.835s] -- Up-to-date: /home/fastbot/ros2_ws/install/lslidar_driver/share/lslidar_driver/launch/lslidar_double_launch.py
[7.835s] -- Up-to-date: /home/fastbot/ros2_ws/install/lslidar_driver/share/lslidar_driver/launch/lslidar_launch.py
[7.835s] -- Up-to-date: /home/fastbot/ros2_ws/install/lslidar_driver/share/lslidar_driver/params
[7.836s] -- Up-to-date: /home/fastbot/ros2_ws/install/lslidar_driver/share/lslidar_driver/params/lsx10_1.yaml
[7.836s] -- Up-to-date: /home/fastbot/ros2_ws/install/lslidar_driver/share/lslidar_driver/params/lsx10.yaml
[7.836s] -- Up-to-date: /home/fastbot/ros2_ws/install/lslidar_driver/share/lslidar_driver/params/lsx10_2.yaml
[7.837s] -- Up-to-date: /home/fastbot/ros2_ws/install/lslidar_driver/share/lslidar_driver/rviz
[7.837s] -- Up-to-date: /home/fastbot/ros2_ws/install/lslidar_driver/share/lslidar_driver/rviz/lslidar.rviz
[7.837s] -- Up-to-date: /home/fastbot/ros2_ws/install/lslidar_driver/lib/lslidar_driver/lslidar_driver_node
[7.839s] -- Up-to-date: /home/fastbot/ros2_ws/install/lslidar_driver/share/ament_index/resource_index/package_run_dependencies/lslidar_driver
[7.839s] -- Up-to-date: /home/fastbot/ros2_ws/install/lslidar_driver/share/ament_index/resource_index/parent_prefix_path/lslidar_driver
[7.840s] -- Up-to-date: /home/fastbot/ros2_ws/install/lslidar_driver/share/lslidar_driver/environment/ament_prefix_path.sh
[7.840s] -- Installing: /home/fastbot/ros2_ws/install/lslidar_driver/share/lslidar_driver/environment/ament_prefix_path.dsv
[7.842s] -- Up-to-date: /home/fastbot/ros2_ws/install/lslidar_driver/share/lslidar_driver/environment/path.sh
[7.842s] -- Installing: /home/fastbot/ros2_ws/install/lslidar_driver/share/lslidar_driver/environment/path.dsv
[7.843s] -- Up-to-date: /home/fastbot/ros2_ws/install/lslidar_driver/share/lslidar_driver/local_setup.bash
[7.844s] -- Up-to-date: /home/fastbot/ros2_ws/install/lslidar_driver/share/lslidar_driver/local_setup.sh
[7.844s] -- Up-to-date: /home/fastbot/ros2_ws/install/lslidar_driver/share/lslidar_driver/local_setup.zsh
[7.844s] -- Installing: /home/fastbot/ros2_ws/install/lslidar_driver/share/lslidar_driver/local_setup.dsv
[7.845s] -- Installing: /home/fastbot/ros2_ws/install/lslidar_driver/share/lslidar_driver/package.dsv
[7.847s] -- Up-to-date: /home/fastbot/ros2_ws/install/lslidar_driver/share/ament_index/resource_index/packages/lslidar_driver
[7.847s] -- Up-to-date: /home/fastbot/ros2_ws/install/lslidar_driver/share/lslidar_driver/cmake/ament_cmake_export_dependencies-extras.cmake
[7.848s] -- Up-to-date: /home/fastbot/ros2_ws/install/lslidar_driver/share/lslidar_driver/cmake/ament_cmake_export_include_directories-extras.cmake
[7.848s] -- Up-to-date: /home/fastbot/ros2_ws/install/lslidar_driver/share/lslidar_driver/cmake/lslidar_driverConfig.cmake
[7.849s] -- Up-to-date: /home/fastbot/ros2_ws/install/lslidar_driver/share/lslidar_driver/cmake/lslidar_driverConfig-version.cmake
[7.849s] -- Up-to-date: /home/fastbot/ros2_ws/install/lslidar_driver/share/lslidar_driver/package.xml
[7.856s] Invoked command in '/home/fastbot/ros2_ws/real/build/lslidar_driver' returned '0': CMAKE_PREFIX_PATH=/home/fastbot/ros2_ws/real/install/lslidar_msgs:/home/fastbot/ros2_ws/real/install/serial_motor_msgs:/home/fastbot/ros2_ws/real/install/lslidar_driver:/home/fastbot/ros2_ws/real/install/fastbot_slam_real:/home/fastbot/ros2_ws/real/install/fastbot_description:/home/fastbot/ros2_ws/real/install/fastbot_bringup:/home/fastbot/ros2_ws/real/install/serial_motor:/home/fastbot/ros2_ws/install/serial_motor:/home/fastbot/ros2_ws/install/serial_motor_msgs:/home/fastbot/ros2_ws/install/lslidar_driver:/home/fastbot/ros2_ws/install/lslidar_msgs:/home/fastbot/ros2_ws/install/fastbot_description:/home/fastbot/ros2_ws/install/fastbot_bringup:/opt/ros/humble LD_LIBRARY_PATH=/home/fastbot/ros2_ws/real/install/lslidar_msgs/lib:/home/fastbot/ros2_ws/real/install/serial_motor_msgs/lib:/home/fastbot/ros2_ws/install/serial_motor_msgs/lib:/home/fastbot/ros2_ws/install/lslidar_msgs/lib:/opt/ros/humble/opt/rviz_ogre_vendor/lib:/opt/ros/humble/lib/aarch64-linux-gnu:/opt/ros/humble/lib /usr/bin/cmake --install /home/fastbot/ros2_ws/real/build/lslidar_driver
