[0.661s] DEBUG:colcon:Command line arguments: ['/usr/bin/colcon', 'build']
[0.662s] DEBUG:colcon:Parsed command line arguments: Namespace(log_base=None, log_level=None, verb_name='build', build_base='build', install_base='install', merge_install=False, symlink_install=False, test_result_base=None, continue_on_error=False, executor='parallel', parallel_workers=4, event_handlers=None, ignore_user_meta=False, metas=['./colcon.meta'], base_paths=['.'], packages_ignore=None, packages_ignore_regex=None, paths=None, packages_up_to=None, packages_up_to_regex=None, packages_above=None, packages_above_and_dependencies=None, packages_above_depth=None, packages_select_by_dep=None, packages_skip_by_dep=None, packages_skip_up_to=None, packages_select_build_failed=False, packages_skip_build_finished=False, packages_select_test_failures=False, packages_skip_test_passed=False, packages_select=None, packages_skip=None, packages_select_regex=None, packages_skip_regex=None, packages_start=None, packages_end=None, allow_overriding=[], cmake_args=None, cmake_target=None, cmake_target_skip_unavailable=False, cmake_clean_cache=False, cmake_clean_first=False, cmake_force_configure=False, ament_cmake_args=None, catkin_cmake_args=None, catkin_skip_building_tests=False, verb_parser=<colcon_defaults.argument_parser.defaults.DefaultArgumentsDecorator object at 0xffffaba84b80>, verb_extension=<colcon_core.verb.build.BuildVerb object at 0xffffabc21ff0>, main=<bound method BuildVerb.main of <colcon_core.verb.build.BuildVerb object at 0xffffabc21ff0>>)
[1.899s] Level 1:colcon.colcon_core.package_discovery:discover_packages(colcon_meta) check parameters
[1.899s] Level 1:colcon.colcon_core.package_discovery:discover_packages(recursive) check parameters
[1.900s] Level 1:colcon.colcon_core.package_discovery:discover_packages(ignore) check parameters
[1.900s] Level 1:colcon.colcon_core.package_discovery:discover_packages(path) check parameters
[1.900s] Level 1:colcon.colcon_core.package_discovery:discover_packages(colcon_meta) discover
[1.900s] Level 1:colcon.colcon_core.package_discovery:discover_packages(recursive) discover
[1.900s] INFO:colcon.colcon_core.package_discovery:Crawling recursively for packages in '/home/fastbot/ros2_ws'
[1.901s] Level 1:colcon.colcon_core.package_identification:_identify(.) by extensions ['ignore', 'ignore_ament_install']
[1.901s] Level 1:colcon.colcon_core.package_identification:_identify(.) by extension 'ignore'
[1.901s] Level 1:colcon.colcon_core.package_identification:_identify(.) by extension 'ignore_ament_install'
[1.902s] Level 1:colcon.colcon_core.package_identification:_identify(.) by extensions ['colcon_pkg']
[1.902s] Level 1:colcon.colcon_core.package_identification:_identify(.) by extension 'colcon_pkg'
[1.902s] Level 1:colcon.colcon_core.package_identification:_identify(.) by extensions ['colcon_meta']
[1.902s] Level 1:colcon.colcon_core.package_identification:_identify(.) by extension 'colcon_meta'
[1.902s] Level 1:colcon.colcon_core.package_identification:_identify(.) by extensions ['ros']
[1.903s] Level 1:colcon.colcon_core.package_identification:_identify(.) by extension 'ros'
[1.972s] Level 1:colcon.colcon_core.package_identification:_identify(.) by extensions ['cmake', 'python']
[1.972s] Level 1:colcon.colcon_core.package_identification:_identify(.) by extension 'cmake'
[1.972s] Level 1:colcon.colcon_core.package_identification:_identify(.) by extension 'python'
[1.972s] Level 1:colcon.colcon_core.package_identification:_identify(.) by extensions ['python_setup_py']
[1.972s] Level 1:colcon.colcon_core.package_identification:_identify(.) by extension 'python_setup_py'
[1.973s] Level 1:colcon.colcon_core.package_identification:_identify(build) by extensions ['ignore', 'ignore_ament_install']
[1.973s] Level 1:colcon.colcon_core.package_identification:_identify(build) by extension 'ignore'
[1.974s] Level 1:colcon.colcon_core.package_identification:_identify(build) ignored
[1.974s] Level 1:colcon.colcon_core.package_identification:_identify(install) by extensions ['ignore', 'ignore_ament_install']
[1.974s] Level 1:colcon.colcon_core.package_identification:_identify(install) by extension 'ignore'
[1.975s] Level 1:colcon.colcon_core.package_identification:_identify(install) ignored
[1.975s] Level 1:colcon.colcon_core.package_identification:_identify(log) by extensions ['ignore', 'ignore_ament_install']
[1.976s] Level 1:colcon.colcon_core.package_identification:_identify(log) by extension 'ignore'
[1.976s] Level 1:colcon.colcon_core.package_identification:_identify(log) ignored
[1.976s] Level 1:colcon.colcon_core.package_identification:_identify(src) by extensions ['ignore', 'ignore_ament_install']
[1.976s] Level 1:colcon.colcon_core.package_identification:_identify(src) by extension 'ignore'
[1.977s] Level 1:colcon.colcon_core.package_identification:_identify(src) by extension 'ignore_ament_install'
[1.977s] Level 1:colcon.colcon_core.package_identification:_identify(src) by extensions ['colcon_pkg']
[1.977s] Level 1:colcon.colcon_core.package_identification:_identify(src) by extension 'colcon_pkg'
[1.977s] Level 1:colcon.colcon_core.package_identification:_identify(src) by extensions ['colcon_meta']
[1.977s] Level 1:colcon.colcon_core.package_identification:_identify(src) by extension 'colcon_meta'
[1.977s] Level 1:colcon.colcon_core.package_identification:_identify(src) by extensions ['ros']
[1.978s] Level 1:colcon.colcon_core.package_identification:_identify(src) by extension 'ros'
[1.978s] Level 1:colcon.colcon_core.package_identification:_identify(src) by extensions ['cmake', 'python']
[1.978s] Level 1:colcon.colcon_core.package_identification:_identify(src) by extension 'cmake'
[1.978s] Level 1:colcon.colcon_core.package_identification:_identify(src) by extension 'python'
[1.978s] Level 1:colcon.colcon_core.package_identification:_identify(src) by extensions ['python_setup_py']
[1.978s] Level 1:colcon.colcon_core.package_identification:_identify(src) by extension 'python_setup_py'
[1.979s] Level 1:colcon.colcon_core.package_identification:_identify(src/Lslidar_ROS2_driver) by extensions ['ignore', 'ignore_ament_install']
[1.979s] Level 1:colcon.colcon_core.package_identification:_identify(src/Lslidar_ROS2_driver) by extension 'ignore'
[1.979s] Level 1:colcon.colcon_core.package_identification:_identify(src/Lslidar_ROS2_driver) by extension 'ignore_ament_install'
[1.980s] Level 1:colcon.colcon_core.package_identification:_identify(src/Lslidar_ROS2_driver) by extensions ['colcon_pkg']
[1.980s] Level 1:colcon.colcon_core.package_identification:_identify(src/Lslidar_ROS2_driver) by extension 'colcon_pkg'
[1.980s] Level 1:colcon.colcon_core.package_identification:_identify(src/Lslidar_ROS2_driver) by extensions ['colcon_meta']
[1.980s] Level 1:colcon.colcon_core.package_identification:_identify(src/Lslidar_ROS2_driver) by extension 'colcon_meta'
[1.980s] Level 1:colcon.colcon_core.package_identification:_identify(src/Lslidar_ROS2_driver) by extensions ['ros']
[1.980s] Level 1:colcon.colcon_core.package_identification:_identify(src/Lslidar_ROS2_driver) by extension 'ros'
[1.981s] Level 1:colcon.colcon_core.package_identification:_identify(src/Lslidar_ROS2_driver) by extensions ['cmake', 'python']
[1.981s] Level 1:colcon.colcon_core.package_identification:_identify(src/Lslidar_ROS2_driver) by extension 'cmake'
[1.981s] Level 1:colcon.colcon_core.package_identification:_identify(src/Lslidar_ROS2_driver) by extension 'python'
[1.981s] Level 1:colcon.colcon_core.package_identification:_identify(src/Lslidar_ROS2_driver) by extensions ['python_setup_py']
[1.981s] Level 1:colcon.colcon_core.package_identification:_identify(src/Lslidar_ROS2_driver) by extension 'python_setup_py'
[1.982s] Level 1:colcon.colcon_core.package_identification:_identify(src/Lslidar_ROS2_driver/lslidar_driver) by extensions ['ignore', 'ignore_ament_install']
[1.982s] Level 1:colcon.colcon_core.package_identification:_identify(src/Lslidar_ROS2_driver/lslidar_driver) by extension 'ignore'
[1.982s] Level 1:colcon.colcon_core.package_identification:_identify(src/Lslidar_ROS2_driver/lslidar_driver) by extension 'ignore_ament_install'
[1.982s] Level 1:colcon.colcon_core.package_identification:_identify(src/Lslidar_ROS2_driver/lslidar_driver) by extensions ['colcon_pkg']
[1.983s] Level 1:colcon.colcon_core.package_identification:_identify(src/Lslidar_ROS2_driver/lslidar_driver) by extension 'colcon_pkg'
[1.983s] Level 1:colcon.colcon_core.package_identification:_identify(src/Lslidar_ROS2_driver/lslidar_driver) by extensions ['colcon_meta']
[1.983s] Level 1:colcon.colcon_core.package_identification:_identify(src/Lslidar_ROS2_driver/lslidar_driver) by extension 'colcon_meta'
[1.983s] Level 1:colcon.colcon_core.package_identification:_identify(src/Lslidar_ROS2_driver/lslidar_driver) by extensions ['ros']
[1.983s] Level 1:colcon.colcon_core.package_identification:_identify(src/Lslidar_ROS2_driver/lslidar_driver) by extension 'ros'
[1.996s] DEBUG:colcon.colcon_core.package_identification:Package 'src/Lslidar_ROS2_driver/lslidar_driver' with type 'ros.ament_cmake' and name 'lslidar_driver'
[1.998s] Level 1:colcon.colcon_core.package_identification:_identify(src/Lslidar_ROS2_driver/lslidar_msgs) by extensions ['ignore', 'ignore_ament_install']
[1.998s] Level 1:colcon.colcon_core.package_identification:_identify(src/Lslidar_ROS2_driver/lslidar_msgs) by extension 'ignore'
[1.998s] Level 1:colcon.colcon_core.package_identification:_identify(src/Lslidar_ROS2_driver/lslidar_msgs) by extension 'ignore_ament_install'
[1.999s] Level 1:colcon.colcon_core.package_identification:_identify(src/Lslidar_ROS2_driver/lslidar_msgs) by extensions ['colcon_pkg']
[1.999s] Level 1:colcon.colcon_core.package_identification:_identify(src/Lslidar_ROS2_driver/lslidar_msgs) by extension 'colcon_pkg'
[1.999s] Level 1:colcon.colcon_core.package_identification:_identify(src/Lslidar_ROS2_driver/lslidar_msgs) by extensions ['colcon_meta']
[1.999s] Level 1:colcon.colcon_core.package_identification:_identify(src/Lslidar_ROS2_driver/lslidar_msgs) by extension 'colcon_meta'
[1.999s] Level 1:colcon.colcon_core.package_identification:_identify(src/Lslidar_ROS2_driver/lslidar_msgs) by extensions ['ros']
[1.999s] Level 1:colcon.colcon_core.package_identification:_identify(src/Lslidar_ROS2_driver/lslidar_msgs) by extension 'ros'
[2.003s] DEBUG:colcon.colcon_core.package_identification:Package 'src/Lslidar_ROS2_driver/lslidar_msgs' with type 'ros.ament_cmake' and name 'lslidar_msgs'
[2.003s] Level 1:colcon.colcon_core.package_identification:_identify(src/fastbot_bringup) by extensions ['ignore', 'ignore_ament_install']
[2.004s] Level 1:colcon.colcon_core.package_identification:_identify(src/fastbot_bringup) by extension 'ignore'
[2.004s] Level 1:colcon.colcon_core.package_identification:_identify(src/fastbot_bringup) by extension 'ignore_ament_install'
[2.004s] Level 1:colcon.colcon_core.package_identification:_identify(src/fastbot_bringup) by extensions ['colcon_pkg']
[2.004s] Level 1:colcon.colcon_core.package_identification:_identify(src/fastbot_bringup) by extension 'colcon_pkg'
[2.004s] Level 1:colcon.colcon_core.package_identification:_identify(src/fastbot_bringup) by extensions ['colcon_meta']
[2.005s] Level 1:colcon.colcon_core.package_identification:_identify(src/fastbot_bringup) by extension 'colcon_meta'
[2.005s] Level 1:colcon.colcon_core.package_identification:_identify(src/fastbot_bringup) by extensions ['ros']
[2.005s] Level 1:colcon.colcon_core.package_identification:_identify(src/fastbot_bringup) by extension 'ros'
[2.008s] DEBUG:colcon.colcon_core.package_identification:Package 'src/fastbot_bringup' with type 'ros.ament_cmake' and name 'fastbot_bringup'
[2.010s] Level 1:colcon.colcon_core.package_identification:_identify(src/fastbot_description) by extensions ['ignore', 'ignore_ament_install']
[2.010s] Level 1:colcon.colcon_core.package_identification:_identify(src/fastbot_description) by extension 'ignore'
[2.010s] Level 1:colcon.colcon_core.package_identification:_identify(src/fastbot_description) by extension 'ignore_ament_install'
[2.011s] Level 1:colcon.colcon_core.package_identification:_identify(src/fastbot_description) by extensions ['colcon_pkg']
[2.011s] Level 1:colcon.colcon_core.package_identification:_identify(src/fastbot_description) by extension 'colcon_pkg'
[2.011s] Level 1:colcon.colcon_core.package_identification:_identify(src/fastbot_description) by extensions ['colcon_meta']
[2.011s] Level 1:colcon.colcon_core.package_identification:_identify(src/fastbot_description) by extension 'colcon_meta'
[2.011s] Level 1:colcon.colcon_core.package_identification:_identify(src/fastbot_description) by extensions ['ros']
[2.011s] Level 1:colcon.colcon_core.package_identification:_identify(src/fastbot_description) by extension 'ros'
[2.015s] DEBUG:colcon.colcon_core.package_identification:Package 'src/fastbot_description' with type 'ros.ament_cmake' and name 'fastbot_description'
[2.017s] Level 1:colcon.colcon_core.package_identification:_identify(src/msg) by extensions ['ignore', 'ignore_ament_install']
[2.017s] Level 1:colcon.colcon_core.package_identification:_identify(src/msg) by extension 'ignore'
[2.017s] Level 1:colcon.colcon_core.package_identification:_identify(src/msg) by extension 'ignore_ament_install'
[2.018s] Level 1:colcon.colcon_core.package_identification:_identify(src/msg) by extensions ['colcon_pkg']
[2.018s] Level 1:colcon.colcon_core.package_identification:_identify(src/msg) by extension 'colcon_pkg'
[2.018s] Level 1:colcon.colcon_core.package_identification:_identify(src/msg) by extensions ['colcon_meta']
[2.018s] Level 1:colcon.colcon_core.package_identification:_identify(src/msg) by extension 'colcon_meta'
[2.018s] Level 1:colcon.colcon_core.package_identification:_identify(src/msg) by extensions ['ros']
[2.019s] Level 1:colcon.colcon_core.package_identification:_identify(src/msg) by extension 'ros'
[2.019s] Level 1:colcon.colcon_core.package_identification:_identify(src/msg) by extensions ['cmake', 'python']
[2.019s] Level 1:colcon.colcon_core.package_identification:_identify(src/msg) by extension 'cmake'
[2.019s] Level 1:colcon.colcon_core.package_identification:_identify(src/msg) by extension 'python'
[2.020s] Level 1:colcon.colcon_core.package_identification:_identify(src/msg) by extensions ['python_setup_py']
[2.020s] Level 1:colcon.colcon_core.package_identification:_identify(src/msg) by extension 'python_setup_py'
[2.020s] Level 1:colcon.colcon_core.package_identification:_identify(src/serial_motor) by extensions ['ignore', 'ignore_ament_install']
[2.021s] Level 1:colcon.colcon_core.package_identification:_identify(src/serial_motor) by extension 'ignore'
[2.021s] Level 1:colcon.colcon_core.package_identification:_identify(src/serial_motor) by extension 'ignore_ament_install'
[2.021s] Level 1:colcon.colcon_core.package_identification:_identify(src/serial_motor) by extensions ['colcon_pkg']
[2.021s] Level 1:colcon.colcon_core.package_identification:_identify(src/serial_motor) by extension 'colcon_pkg'
[2.021s] Level 1:colcon.colcon_core.package_identification:_identify(src/serial_motor) by extensions ['colcon_meta']
[2.021s] Level 1:colcon.colcon_core.package_identification:_identify(src/serial_motor) by extension 'colcon_meta'
[2.022s] Level 1:colcon.colcon_core.package_identification:_identify(src/serial_motor) by extensions ['ros']
[2.022s] Level 1:colcon.colcon_core.package_identification:_identify(src/serial_motor) by extension 'ros'
[2.025s] DEBUG:colcon.colcon_core.package_identification:Package 'src/serial_motor' with type 'ros.ament_python' and name 'serial_motor'
[2.027s] Level 1:colcon.colcon_core.package_identification:_identify(src/serial_motor_msgs) by extensions ['ignore', 'ignore_ament_install']
[2.027s] Level 1:colcon.colcon_core.package_identification:_identify(src/serial_motor_msgs) by extension 'ignore'
[2.028s] Level 1:colcon.colcon_core.package_identification:_identify(src/serial_motor_msgs) by extension 'ignore_ament_install'
[2.028s] Level 1:colcon.colcon_core.package_identification:_identify(src/serial_motor_msgs) by extensions ['colcon_pkg']
[2.028s] Level 1:colcon.colcon_core.package_identification:_identify(src/serial_motor_msgs) by extension 'colcon_pkg'
[2.028s] Level 1:colcon.colcon_core.package_identification:_identify(src/serial_motor_msgs) by extensions ['colcon_meta']
[2.028s] Level 1:colcon.colcon_core.package_identification:_identify(src/serial_motor_msgs) by extension 'colcon_meta'
[2.029s] Level 1:colcon.colcon_core.package_identification:_identify(src/serial_motor_msgs) by extensions ['ros']
[2.029s] Level 1:colcon.colcon_core.package_identification:_identify(src/serial_motor_msgs) by extension 'ros'
[2.032s] DEBUG:colcon.colcon_core.package_identification:Package 'src/serial_motor_msgs' with type 'ros.ament_cmake' and name 'serial_motor_msgs'
[2.032s] Level 1:colcon.colcon_core.package_discovery:discover_packages(recursive) using defaults
[2.033s] Level 1:colcon.colcon_core.package_discovery:discover_packages(ignore) discover
[2.033s] Level 1:colcon.colcon_core.package_discovery:discover_packages(ignore) using defaults
[2.033s] Level 1:colcon.colcon_core.package_discovery:discover_packages(path) discover
[2.033s] Level 1:colcon.colcon_core.package_discovery:discover_packages(path) using defaults
[2.146s] Level 1:colcon.colcon_core.package_discovery:discover_packages(prefix_path) check parameters
[2.147s] Level 1:colcon.colcon_core.package_discovery:discover_packages(prefix_path) discover
[2.200s] DEBUG:colcon.colcon_installed_package_information.package_discovery:Found 6 installed packages in /home/fastbot/ros2_ws/install
[2.209s] DEBUG:colcon.colcon_installed_package_information.package_discovery:Found 285 installed packages in /opt/ros/humble
[2.216s] Level 1:colcon.colcon_core.package_discovery:discover_packages(prefix_path) using defaults
[2.397s] Level 5:colcon.colcon_core.verb:set package 'fastbot_bringup' build argument 'cmake_args' from command line to 'None'
[2.398s] Level 5:colcon.colcon_core.verb:set package 'fastbot_bringup' build argument 'cmake_target' from command line to 'None'
[2.398s] Level 5:colcon.colcon_core.verb:set package 'fastbot_bringup' build argument 'cmake_target_skip_unavailable' from command line to 'False'
[2.398s] Level 5:colcon.colcon_core.verb:set package 'fastbot_bringup' build argument 'cmake_clean_cache' from command line to 'False'
[2.398s] Level 5:colcon.colcon_core.verb:set package 'fastbot_bringup' build argument 'cmake_clean_first' from command line to 'False'
[2.398s] Level 5:colcon.colcon_core.verb:set package 'fastbot_bringup' build argument 'cmake_force_configure' from command line to 'False'
[2.398s] Level 5:colcon.colcon_core.verb:set package 'fastbot_bringup' build argument 'ament_cmake_args' from command line to 'None'
[2.398s] Level 5:colcon.colcon_core.verb:set package 'fastbot_bringup' build argument 'catkin_cmake_args' from command line to 'None'
[2.398s] Level 5:colcon.colcon_core.verb:set package 'fastbot_bringup' build argument 'catkin_skip_building_tests' from command line to 'False'
[2.399s] DEBUG:colcon.colcon_core.verb:Building package 'fastbot_bringup' with the following arguments: {'ament_cmake_args': None, 'build_base': '/home/fastbot/ros2_ws/build/fastbot_bringup', 'catkin_cmake_args': None, 'catkin_skip_building_tests': False, 'cmake_args': None, 'cmake_clean_cache': False, 'cmake_clean_first': False, 'cmake_force_configure': False, 'cmake_target': None, 'cmake_target_skip_unavailable': False, 'install_base': '/home/fastbot/ros2_ws/install/fastbot_bringup', 'merge_install': False, 'path': '/home/fastbot/ros2_ws/src/fastbot_bringup', 'symlink_install': False, 'test_result_base': None}
[2.400s] Level 5:colcon.colcon_core.verb:set package 'fastbot_description' build argument 'cmake_args' from command line to 'None'
[2.400s] Level 5:colcon.colcon_core.verb:set package 'fastbot_description' build argument 'cmake_target' from command line to 'None'
[2.400s] Level 5:colcon.colcon_core.verb:set package 'fastbot_description' build argument 'cmake_target_skip_unavailable' from command line to 'False'
[2.400s] Level 5:colcon.colcon_core.verb:set package 'fastbot_description' build argument 'cmake_clean_cache' from command line to 'False'
[2.401s] Level 5:colcon.colcon_core.verb:set package 'fastbot_description' build argument 'cmake_clean_first' from command line to 'False'
[2.401s] Level 5:colcon.colcon_core.verb:set package 'fastbot_description' build argument 'cmake_force_configure' from command line to 'False'
[2.401s] Level 5:colcon.colcon_core.verb:set package 'fastbot_description' build argument 'ament_cmake_args' from command line to 'None'
[2.401s] Level 5:colcon.colcon_core.verb:set package 'fastbot_description' build argument 'catkin_cmake_args' from command line to 'None'
[2.401s] Level 5:colcon.colcon_core.verb:set package 'fastbot_description' build argument 'catkin_skip_building_tests' from command line to 'False'
[2.401s] DEBUG:colcon.colcon_core.verb:Building package 'fastbot_description' with the following arguments: {'ament_cmake_args': None, 'build_base': '/home/fastbot/ros2_ws/build/fastbot_description', 'catkin_cmake_args': None, 'catkin_skip_building_tests': False, 'cmake_args': None, 'cmake_clean_cache': False, 'cmake_clean_first': False, 'cmake_force_configure': False, 'cmake_target': None, 'cmake_target_skip_unavailable': False, 'install_base': '/home/fastbot/ros2_ws/install/fastbot_description', 'merge_install': False, 'path': '/home/fastbot/ros2_ws/src/fastbot_description', 'symlink_install': False, 'test_result_base': None}
[2.402s] Level 5:colcon.colcon_core.verb:set package 'lslidar_msgs' build argument 'cmake_args' from command line to 'None'
[2.403s] Level 5:colcon.colcon_core.verb:set package 'lslidar_msgs' build argument 'cmake_target' from command line to 'None'
[2.403s] Level 5:colcon.colcon_core.verb:set package 'lslidar_msgs' build argument 'cmake_target_skip_unavailable' from command line to 'False'
[2.403s] Level 5:colcon.colcon_core.verb:set package 'lslidar_msgs' build argument 'cmake_clean_cache' from command line to 'False'
[2.403s] Level 5:colcon.colcon_core.verb:set package 'lslidar_msgs' build argument 'cmake_clean_first' from command line to 'False'
[2.403s] Level 5:colcon.colcon_core.verb:set package 'lslidar_msgs' build argument 'cmake_force_configure' from command line to 'False'
[2.403s] Level 5:colcon.colcon_core.verb:set package 'lslidar_msgs' build argument 'ament_cmake_args' from command line to 'None'
[2.403s] Level 5:colcon.colcon_core.verb:set package 'lslidar_msgs' build argument 'catkin_cmake_args' from command line to 'None'
[2.403s] Level 5:colcon.colcon_core.verb:set package 'lslidar_msgs' build argument 'catkin_skip_building_tests' from command line to 'False'
[2.403s] DEBUG:colcon.colcon_core.verb:Building package 'lslidar_msgs' with the following arguments: {'ament_cmake_args': None, 'build_base': '/home/fastbot/ros2_ws/build/lslidar_msgs', 'catkin_cmake_args': None, 'catkin_skip_building_tests': False, 'cmake_args': None, 'cmake_clean_cache': False, 'cmake_clean_first': False, 'cmake_force_configure': False, 'cmake_target': None, 'cmake_target_skip_unavailable': False, 'install_base': '/home/fastbot/ros2_ws/install/lslidar_msgs', 'merge_install': False, 'path': '/home/fastbot/ros2_ws/src/Lslidar_ROS2_driver/lslidar_msgs', 'symlink_install': False, 'test_result_base': None}
[2.405s] Level 5:colcon.colcon_core.verb:set package 'serial_motor_msgs' build argument 'cmake_args' from command line to 'None'
[2.405s] Level 5:colcon.colcon_core.verb:set package 'serial_motor_msgs' build argument 'cmake_target' from command line to 'None'
[2.405s] Level 5:colcon.colcon_core.verb:set package 'serial_motor_msgs' build argument 'cmake_target_skip_unavailable' from command line to 'False'
[2.405s] Level 5:colcon.colcon_core.verb:set package 'serial_motor_msgs' build argument 'cmake_clean_cache' from command line to 'False'
[2.405s] Level 5:colcon.colcon_core.verb:set package 'serial_motor_msgs' build argument 'cmake_clean_first' from command line to 'False'
[2.405s] Level 5:colcon.colcon_core.verb:set package 'serial_motor_msgs' build argument 'cmake_force_configure' from command line to 'False'
[2.405s] Level 5:colcon.colcon_core.verb:set package 'serial_motor_msgs' build argument 'ament_cmake_args' from command line to 'None'
[2.405s] Level 5:colcon.colcon_core.verb:set package 'serial_motor_msgs' build argument 'catkin_cmake_args' from command line to 'None'
[2.405s] Level 5:colcon.colcon_core.verb:set package 'serial_motor_msgs' build argument 'catkin_skip_building_tests' from command line to 'False'
[2.406s] DEBUG:colcon.colcon_core.verb:Building package 'serial_motor_msgs' with the following arguments: {'ament_cmake_args': None, 'build_base': '/home/fastbot/ros2_ws/build/serial_motor_msgs', 'catkin_cmake_args': None, 'catkin_skip_building_tests': False, 'cmake_args': None, 'cmake_clean_cache': False, 'cmake_clean_first': False, 'cmake_force_configure': False, 'cmake_target': None, 'cmake_target_skip_unavailable': False, 'install_base': '/home/fastbot/ros2_ws/install/serial_motor_msgs', 'merge_install': False, 'path': '/home/fastbot/ros2_ws/src/serial_motor_msgs', 'symlink_install': False, 'test_result_base': None}
[2.407s] Level 5:colcon.colcon_core.verb:set package 'lslidar_driver' build argument 'cmake_args' from command line to 'None'
[2.407s] Level 5:colcon.colcon_core.verb:set package 'lslidar_driver' build argument 'cmake_target' from command line to 'None'
[2.407s] Level 5:colcon.colcon_core.verb:set package 'lslidar_driver' build argument 'cmake_target_skip_unavailable' from command line to 'False'
[2.407s] Level 5:colcon.colcon_core.verb:set package 'lslidar_driver' build argument 'cmake_clean_cache' from command line to 'False'
[2.407s] Level 5:colcon.colcon_core.verb:set package 'lslidar_driver' build argument 'cmake_clean_first' from command line to 'False'
[2.408s] Level 5:colcon.colcon_core.verb:set package 'lslidar_driver' build argument 'cmake_force_configure' from command line to 'False'
[2.408s] Level 5:colcon.colcon_core.verb:set package 'lslidar_driver' build argument 'ament_cmake_args' from command line to 'None'
[2.408s] Level 5:colcon.colcon_core.verb:set package 'lslidar_driver' build argument 'catkin_cmake_args' from command line to 'None'
[2.408s] Level 5:colcon.colcon_core.verb:set package 'lslidar_driver' build argument 'catkin_skip_building_tests' from command line to 'False'
[2.408s] DEBUG:colcon.colcon_core.verb:Building package 'lslidar_driver' with the following arguments: {'ament_cmake_args': None, 'build_base': '/home/fastbot/ros2_ws/build/lslidar_driver', 'catkin_cmake_args': None, 'catkin_skip_building_tests': False, 'cmake_args': None, 'cmake_clean_cache': False, 'cmake_clean_first': False, 'cmake_force_configure': False, 'cmake_target': None, 'cmake_target_skip_unavailable': False, 'install_base': '/home/fastbot/ros2_ws/install/lslidar_driver', 'merge_install': False, 'path': '/home/fastbot/ros2_ws/src/Lslidar_ROS2_driver/lslidar_driver', 'symlink_install': False, 'test_result_base': None}
[2.409s] Level 5:colcon.colcon_core.verb:set package 'serial_motor' build argument 'cmake_args' from command line to 'None'
[2.409s] Level 5:colcon.colcon_core.verb:set package 'serial_motor' build argument 'cmake_target' from command line to 'None'
[2.410s] Level 5:colcon.colcon_core.verb:set package 'serial_motor' build argument 'cmake_target_skip_unavailable' from command line to 'False'
[2.410s] Level 5:colcon.colcon_core.verb:set package 'serial_motor' build argument 'cmake_clean_cache' from command line to 'False'
[2.410s] Level 5:colcon.colcon_core.verb:set package 'serial_motor' build argument 'cmake_clean_first' from command line to 'False'
[2.410s] Level 5:colcon.colcon_core.verb:set package 'serial_motor' build argument 'cmake_force_configure' from command line to 'False'
[2.410s] Level 5:colcon.colcon_core.verb:set package 'serial_motor' build argument 'ament_cmake_args' from command line to 'None'
[2.410s] Level 5:colcon.colcon_core.verb:set package 'serial_motor' build argument 'catkin_cmake_args' from command line to 'None'
[2.410s] Level 5:colcon.colcon_core.verb:set package 'serial_motor' build argument 'catkin_skip_building_tests' from command line to 'False'
[2.410s] DEBUG:colcon.colcon_core.verb:Building package 'serial_motor' with the following arguments: {'ament_cmake_args': None, 'build_base': '/home/fastbot/ros2_ws/build/serial_motor', 'catkin_cmake_args': None, 'catkin_skip_building_tests': False, 'cmake_args': None, 'cmake_clean_cache': False, 'cmake_clean_first': False, 'cmake_force_configure': False, 'cmake_target': None, 'cmake_target_skip_unavailable': False, 'install_base': '/home/fastbot/ros2_ws/install/serial_motor', 'merge_install': False, 'path': '/home/fastbot/ros2_ws/src/serial_motor', 'symlink_install': False, 'test_result_base': None}
[2.411s] INFO:colcon.colcon_core.executor:Executing jobs using 'parallel' executor
[2.414s] DEBUG:colcon.colcon_parallel_executor.executor.parallel:run_until_complete
[2.415s] INFO:colcon.colcon_ros.task.ament_cmake.build:Building ROS package in '/home/fastbot/ros2_ws/src/Lslidar_ROS2_driver/lslidar_msgs' with build type 'ament_cmake'
[2.416s] INFO:colcon.colcon_cmake.task.cmake.build:Building CMake package in '/home/fastbot/ros2_ws/src/Lslidar_ROS2_driver/lslidar_msgs'
[2.436s] INFO:colcon.colcon_core.plugin_system:Skipping extension 'colcon_core.shell.bat': Not used on non-Windows systems
[2.438s] INFO:colcon.colcon_core.shell:Skip shell extension 'powershell' for command environment: Not usable outside of PowerShell
[2.439s] DEBUG:colcon.colcon_core.shell:Skip shell extension 'dsv' for command environment
[2.462s] INFO:colcon.colcon_ros.task.ament_cmake.build:Building ROS package in '/home/fastbot/ros2_ws/src/serial_motor_msgs' with build type 'ament_cmake'
[2.463s] INFO:colcon.colcon_cmake.task.cmake.build:Building CMake package in '/home/fastbot/ros2_ws/src/serial_motor_msgs'
[2.464s] INFO:colcon.colcon_core.shell:Skip shell extension 'powershell' for command environment: Not usable outside of PowerShell
[2.465s] DEBUG:colcon.colcon_core.shell:Skip shell extension 'dsv' for command environment
[2.488s] INFO:colcon.colcon_ros.task.ament_cmake.build:Building ROS package in '/home/fastbot/ros2_ws/src/fastbot_bringup' with build type 'ament_cmake'
[2.489s] INFO:colcon.colcon_cmake.task.cmake.build:Building CMake package in '/home/fastbot/ros2_ws/src/fastbot_bringup'
[2.490s] INFO:colcon.colcon_core.shell:Skip shell extension 'powershell' for command environment: Not usable outside of PowerShell
[2.490s] DEBUG:colcon.colcon_core.shell:Skip shell extension 'dsv' for command environment
[2.513s] INFO:colcon.colcon_ros.task.ament_cmake.build:Building ROS package in '/home/fastbot/ros2_ws/src/fastbot_description' with build type 'ament_cmake'
[2.513s] INFO:colcon.colcon_cmake.task.cmake.build:Building CMake package in '/home/fastbot/ros2_ws/src/fastbot_description'
[2.514s] INFO:colcon.colcon_core.shell:Skip shell extension 'powershell' for command environment: Not usable outside of PowerShell
[2.515s] DEBUG:colcon.colcon_core.shell:Skip shell extension 'dsv' for command environment
[2.558s] DEBUG:colcon.colcon_core.event_handler.log_command:Invoking command in '/home/fastbot/ros2_ws/build/lslidar_msgs': CMAKE_PREFIX_PATH=${CMAKE_PREFIX_PATH}:/home/fastbot/ros2_ws/install/serial_motor:/opt/ros/humble /usr/bin/cmake --build /home/fastbot/ros2_ws/build/lslidar_msgs -- -j4 -l4
[2.597s] DEBUG:colcon.colcon_core.event_handler.log_command:Invoking command in '/home/fastbot/ros2_ws/build/serial_motor_msgs': CMAKE_PREFIX_PATH=${CMAKE_PREFIX_PATH}:/home/fastbot/ros2_ws/install/serial_motor:/opt/ros/humble /usr/bin/cmake --build /home/fastbot/ros2_ws/build/serial_motor_msgs -- -j4 -l4
[2.624s] DEBUG:colcon.colcon_core.event_handler.log_command:Invoking command in '/home/fastbot/ros2_ws/build/fastbot_bringup': CMAKE_PREFIX_PATH=${CMAKE_PREFIX_PATH}:/home/fastbot/ros2_ws/install/serial_motor:/opt/ros/humble /usr/bin/cmake --build /home/fastbot/ros2_ws/build/fastbot_bringup -- -j4 -l4
[2.675s] DEBUG:colcon.colcon_core.event_handler.log_command:Invoking command in '/home/fastbot/ros2_ws/build/fastbot_description': CMAKE_PREFIX_PATH=${CMAKE_PREFIX_PATH}:/home/fastbot/ros2_ws/install/serial_motor:/opt/ros/humble /usr/bin/cmake --build /home/fastbot/ros2_ws/build/fastbot_description -- -j4 -l4
[3.128s] DEBUG:colcon.colcon_core.event_handler.log_command:Invoked command in '/home/fastbot/ros2_ws/build/fastbot_description' returned '0': CMAKE_PREFIX_PATH=${CMAKE_PREFIX_PATH}:/home/fastbot/ros2_ws/install/serial_motor:/opt/ros/humble /usr/bin/cmake --build /home/fastbot/ros2_ws/build/fastbot_description -- -j4 -l4
[3.211s] DEBUG:colcon.colcon_core.event_handler.log_command:Invoking command in '/home/fastbot/ros2_ws/build/fastbot_description': CMAKE_PREFIX_PATH=${CMAKE_PREFIX_PATH}:/home/fastbot/ros2_ws/install/serial_motor:/opt/ros/humble /usr/bin/cmake --install /home/fastbot/ros2_ws/build/fastbot_description
[3.238s] DEBUG:colcon.colcon_core.event_handler.log_command:Invoked command in '/home/fastbot/ros2_ws/build/fastbot_bringup' returned '0': CMAKE_PREFIX_PATH=${CMAKE_PREFIX_PATH}:/home/fastbot/ros2_ws/install/serial_motor:/opt/ros/humble /usr/bin/cmake --build /home/fastbot/ros2_ws/build/fastbot_bringup -- -j4 -l4
[3.247s] DEBUG:colcon.colcon_core.event_handler.log_command:Invoking command in '/home/fastbot/ros2_ws/build/fastbot_bringup': CMAKE_PREFIX_PATH=${CMAKE_PREFIX_PATH}:/home/fastbot/ros2_ws/install/serial_motor:/opt/ros/humble /usr/bin/cmake --install /home/fastbot/ros2_ws/build/fastbot_bringup
[3.333s] Level 1:colcon.colcon_core.environment:create_environment_scripts_only(fastbot_bringup)
[3.336s] DEBUG:colcon.colcon_core.event_handler.log_command:Invoked command in '/home/fastbot/ros2_ws/build/fastbot_bringup' returned '0': CMAKE_PREFIX_PATH=${CMAKE_PREFIX_PATH}:/home/fastbot/ros2_ws/install/serial_motor:/opt/ros/humble /usr/bin/cmake --install /home/fastbot/ros2_ws/build/fastbot_bringup
[3.416s] Level 1:colcon.colcon_core.environment:checking '/home/fastbot/ros2_ws/install/fastbot_bringup' for CMake module files
[3.426s] Level 1:colcon.colcon_core.environment:checking '/home/fastbot/ros2_ws/install/fastbot_bringup' for CMake config files
[3.438s] Level 1:colcon.colcon_core.shell:create_environment_hook('fastbot_bringup', 'cmake_prefix_path')
[3.441s] INFO:colcon.colcon_core.shell:Creating environment hook '/home/fastbot/ros2_ws/install/fastbot_bringup/share/fastbot_bringup/hook/cmake_prefix_path.ps1'
[3.461s] INFO:colcon.colcon_core.shell:Creating environment descriptor '/home/fastbot/ros2_ws/install/fastbot_bringup/share/fastbot_bringup/hook/cmake_prefix_path.dsv'
[3.469s] INFO:colcon.colcon_core.shell:Creating environment hook '/home/fastbot/ros2_ws/install/fastbot_bringup/share/fastbot_bringup/hook/cmake_prefix_path.sh'
[3.483s] Level 1:colcon.colcon_core.environment:checking '/home/fastbot/ros2_ws/install/fastbot_bringup/bin'
[3.484s] Level 1:colcon.colcon_core.environment:checking '/home/fastbot/ros2_ws/install/fastbot_bringup/lib/pkgconfig/fastbot_bringup.pc'
[3.486s] Level 1:colcon.colcon_core.environment:checking '/home/fastbot/ros2_ws/install/fastbot_bringup/lib/python3.10/site-packages'
[3.487s] Level 1:colcon.colcon_core.environment:checking '/home/fastbot/ros2_ws/install/fastbot_bringup/bin'
[3.489s] INFO:colcon.colcon_core.shell:Creating package script '/home/fastbot/ros2_ws/install/fastbot_bringup/share/fastbot_bringup/package.ps1'
[3.511s] INFO:colcon.colcon_core.shell:Creating package descriptor '/home/fastbot/ros2_ws/install/fastbot_bringup/share/fastbot_bringup/package.dsv'
[3.519s] INFO:colcon.colcon_core.shell:Creating package script '/home/fastbot/ros2_ws/install/fastbot_bringup/share/fastbot_bringup/package.sh'
[3.533s] INFO:colcon.colcon_core.shell:Creating package script '/home/fastbot/ros2_ws/install/fastbot_bringup/share/fastbot_bringup/package.bash'
[3.547s] INFO:colcon.colcon_core.shell:Creating package script '/home/fastbot/ros2_ws/install/fastbot_bringup/share/fastbot_bringup/package.zsh'
[3.558s] Level 1:colcon.colcon_core.environment:create_file_with_runtime_dependencies(/home/fastbot/ros2_ws/install/fastbot_bringup/share/colcon-core/packages/fastbot_bringup)
[3.561s] Level 1:colcon.colcon_core.environment:create_environment_scripts_only(fastbot_bringup)
[3.562s] Level 1:colcon.colcon_core.environment:checking '/home/fastbot/ros2_ws/install/fastbot_bringup' for CMake module files
[3.566s] Level 1:colcon.colcon_core.environment:checking '/home/fastbot/ros2_ws/install/fastbot_bringup' for CMake config files
[3.567s] Level 1:colcon.colcon_core.shell:create_environment_hook('fastbot_bringup', 'cmake_prefix_path')
[3.568s] INFO:colcon.colcon_core.shell:Creating environment hook '/home/fastbot/ros2_ws/install/fastbot_bringup/share/fastbot_bringup/hook/cmake_prefix_path.ps1'
[3.572s] INFO:colcon.colcon_core.shell:Creating environment descriptor '/home/fastbot/ros2_ws/install/fastbot_bringup/share/fastbot_bringup/hook/cmake_prefix_path.dsv'
[3.577s] INFO:colcon.colcon_core.shell:Creating environment hook '/home/fastbot/ros2_ws/install/fastbot_bringup/share/fastbot_bringup/hook/cmake_prefix_path.sh'
[3.581s] Level 1:colcon.colcon_core.environment:checking '/home/fastbot/ros2_ws/install/fastbot_bringup/bin'
[3.581s] Level 1:colcon.colcon_core.environment:checking '/home/fastbot/ros2_ws/install/fastbot_bringup/lib/pkgconfig/fastbot_bringup.pc'
[3.586s] Level 1:colcon.colcon_core.environment:checking '/home/fastbot/ros2_ws/install/fastbot_bringup/lib/python3.10/site-packages'
[3.588s] Level 1:colcon.colcon_core.environment:checking '/home/fastbot/ros2_ws/install/fastbot_bringup/bin'
[3.589s] INFO:colcon.colcon_core.shell:Creating package script '/home/fastbot/ros2_ws/install/fastbot_bringup/share/fastbot_bringup/package.ps1'
[3.605s] INFO:colcon.colcon_core.shell:Creating package descriptor '/home/fastbot/ros2_ws/install/fastbot_bringup/share/fastbot_bringup/package.dsv'
[3.609s] INFO:colcon.colcon_core.shell:Creating package script '/home/fastbot/ros2_ws/install/fastbot_bringup/share/fastbot_bringup/package.sh'
[3.618s] INFO:colcon.colcon_core.shell:Creating package script '/home/fastbot/ros2_ws/install/fastbot_bringup/share/fastbot_bringup/package.bash'
[3.623s] INFO:colcon.colcon_core.shell:Creating package script '/home/fastbot/ros2_ws/install/fastbot_bringup/share/fastbot_bringup/package.zsh'
[3.627s] Level 1:colcon.colcon_core.environment:create_file_with_runtime_dependencies(/home/fastbot/ros2_ws/install/fastbot_bringup/share/colcon-core/packages/fastbot_bringup)
[3.645s] Level 1:colcon.colcon_core.environment:create_environment_scripts_only(fastbot_description)
[3.647s] DEBUG:colcon.colcon_core.event_handler.log_command:Invoked command in '/home/fastbot/ros2_ws/build/fastbot_description' returned '0': CMAKE_PREFIX_PATH=${CMAKE_PREFIX_PATH}:/home/fastbot/ros2_ws/install/serial_motor:/opt/ros/humble /usr/bin/cmake --install /home/fastbot/ros2_ws/build/fastbot_description
[3.648s] Level 1:colcon.colcon_core.environment:checking '/home/fastbot/ros2_ws/install/fastbot_description' for CMake module files
[3.667s] Level 1:colcon.colcon_core.environment:checking '/home/fastbot/ros2_ws/install/fastbot_description' for CMake config files
[3.670s] Level 1:colcon.colcon_core.shell:create_environment_hook('fastbot_description', 'cmake_prefix_path')
[3.672s] INFO:colcon.colcon_core.shell:Creating environment hook '/home/fastbot/ros2_ws/install/fastbot_description/share/fastbot_description/hook/cmake_prefix_path.ps1'
[3.676s] INFO:colcon.colcon_core.shell:Creating environment descriptor '/home/fastbot/ros2_ws/install/fastbot_description/share/fastbot_description/hook/cmake_prefix_path.dsv'
[3.680s] INFO:colcon.colcon_core.shell:Creating environment hook '/home/fastbot/ros2_ws/install/fastbot_description/share/fastbot_description/hook/cmake_prefix_path.sh'
[3.684s] Level 1:colcon.colcon_core.environment:checking '/home/fastbot/ros2_ws/install/fastbot_description/bin'
[3.684s] Level 1:colcon.colcon_core.environment:checking '/home/fastbot/ros2_ws/install/fastbot_description/lib/pkgconfig/fastbot_description.pc'
[3.686s] Level 1:colcon.colcon_core.environment:checking '/home/fastbot/ros2_ws/install/fastbot_description/lib/python3.10/site-packages'
[3.687s] Level 1:colcon.colcon_core.environment:checking '/home/fastbot/ros2_ws/install/fastbot_description/bin'
[3.688s] INFO:colcon.colcon_core.shell:Creating package script '/home/fastbot/ros2_ws/install/fastbot_description/share/fastbot_description/package.ps1'
[3.691s] INFO:colcon.colcon_core.shell:Creating package descriptor '/home/fastbot/ros2_ws/install/fastbot_description/share/fastbot_description/package.dsv'
[3.694s] INFO:colcon.colcon_core.shell:Creating package script '/home/fastbot/ros2_ws/install/fastbot_description/share/fastbot_description/package.sh'
[3.696s] INFO:colcon.colcon_core.shell:Creating package script '/home/fastbot/ros2_ws/install/fastbot_description/share/fastbot_description/package.bash'
[3.699s] INFO:colcon.colcon_core.shell:Creating package script '/home/fastbot/ros2_ws/install/fastbot_description/share/fastbot_description/package.zsh'
[3.701s] Level 1:colcon.colcon_core.environment:create_file_with_runtime_dependencies(/home/fastbot/ros2_ws/install/fastbot_description/share/colcon-core/packages/fastbot_description)
[3.705s] Level 1:colcon.colcon_core.environment:create_environment_scripts_only(fastbot_description)
[3.713s] Level 1:colcon.colcon_core.environment:checking '/home/fastbot/ros2_ws/install/fastbot_description' for CMake module files
[3.721s] Level 1:colcon.colcon_core.environment:checking '/home/fastbot/ros2_ws/install/fastbot_description' for CMake config files
[3.723s] Level 1:colcon.colcon_core.shell:create_environment_hook('fastbot_description', 'cmake_prefix_path')
[3.729s] INFO:colcon.colcon_core.shell:Creating environment hook '/home/fastbot/ros2_ws/install/fastbot_description/share/fastbot_description/hook/cmake_prefix_path.ps1'
[3.739s] INFO:colcon.colcon_core.shell:Creating environment descriptor '/home/fastbot/ros2_ws/install/fastbot_description/share/fastbot_description/hook/cmake_prefix_path.dsv'
[3.749s] INFO:colcon.colcon_core.shell:Creating environment hook '/home/fastbot/ros2_ws/install/fastbot_description/share/fastbot_description/hook/cmake_prefix_path.sh'
[3.760s] Level 1:colcon.colcon_core.environment:checking '/home/fastbot/ros2_ws/install/fastbot_description/bin'
[3.760s] Level 1:colcon.colcon_core.environment:checking '/home/fastbot/ros2_ws/install/fastbot_description/lib/pkgconfig/fastbot_description.pc'
[3.762s] Level 1:colcon.colcon_core.environment:checking '/home/fastbot/ros2_ws/install/fastbot_description/lib/python3.10/site-packages'
[3.763s] Level 1:colcon.colcon_core.environment:checking '/home/fastbot/ros2_ws/install/fastbot_description/bin'
[3.765s] INFO:colcon.colcon_core.shell:Creating package script '/home/fastbot/ros2_ws/install/fastbot_description/share/fastbot_description/package.ps1'
[3.790s] INFO:colcon.colcon_core.shell:Creating package descriptor '/home/fastbot/ros2_ws/install/fastbot_description/share/fastbot_description/package.dsv'
[3.796s] INFO:colcon.colcon_core.shell:Creating package script '/home/fastbot/ros2_ws/install/fastbot_description/share/fastbot_description/package.sh'
[3.799s] INFO:colcon.colcon_core.shell:Creating package script '/home/fastbot/ros2_ws/install/fastbot_description/share/fastbot_description/package.bash'
[3.804s] INFO:colcon.colcon_core.shell:Creating package script '/home/fastbot/ros2_ws/install/fastbot_description/share/fastbot_description/package.zsh'
[3.810s] Level 1:colcon.colcon_core.environment:create_file_with_runtime_dependencies(/home/fastbot/ros2_ws/install/fastbot_description/share/colcon-core/packages/fastbot_description)
[5.541s] DEBUG:colcon.colcon_core.event_handler.log_command:Invoked command in '/home/fastbot/ros2_ws/build/lslidar_msgs' returned '0': CMAKE_PREFIX_PATH=${CMAKE_PREFIX_PATH}:/home/fastbot/ros2_ws/install/serial_motor:/opt/ros/humble /usr/bin/cmake --build /home/fastbot/ros2_ws/build/lslidar_msgs -- -j4 -l4
[5.556s] DEBUG:colcon.colcon_core.event_handler.log_command:Invoking command in '/home/fastbot/ros2_ws/build/lslidar_msgs': CMAKE_PREFIX_PATH=${CMAKE_PREFIX_PATH}:/home/fastbot/ros2_ws/install/serial_motor:/opt/ros/humble /usr/bin/cmake --install /home/fastbot/ros2_ws/build/lslidar_msgs
[5.559s] DEBUG:colcon.colcon_core.event_handler.log_command:Invoked command in '/home/fastbot/ros2_ws/build/serial_motor_msgs' returned '0': CMAKE_PREFIX_PATH=${CMAKE_PREFIX_PATH}:/home/fastbot/ros2_ws/install/serial_motor:/opt/ros/humble /usr/bin/cmake --build /home/fastbot/ros2_ws/build/serial_motor_msgs -- -j4 -l4
[5.572s] DEBUG:colcon.colcon_core.event_handler.log_command:Invoking command in '/home/fastbot/ros2_ws/build/serial_motor_msgs': CMAKE_PREFIX_PATH=${CMAKE_PREFIX_PATH}:/home/fastbot/ros2_ws/install/serial_motor:/opt/ros/humble /usr/bin/cmake --install /home/fastbot/ros2_ws/build/serial_motor_msgs
[5.952s] Level 1:colcon.colcon_core.environment:create_environment_scripts_only(serial_motor_msgs)
[5.953s] Level 1:colcon.colcon_core.environment:checking '/home/fastbot/ros2_ws/install/serial_motor_msgs' for CMake module files
[5.956s] DEBUG:colcon.colcon_core.event_handler.log_command:Invoked command in '/home/fastbot/ros2_ws/build/serial_motor_msgs' returned '0': CMAKE_PREFIX_PATH=${CMAKE_PREFIX_PATH}:/home/fastbot/ros2_ws/install/serial_motor:/opt/ros/humble /usr/bin/cmake --install /home/fastbot/ros2_ws/build/serial_motor_msgs
[5.968s] Level 1:colcon.colcon_core.environment:checking '/home/fastbot/ros2_ws/install/serial_motor_msgs' for CMake config files
[5.979s] Level 1:colcon.colcon_core.shell:create_environment_hook('serial_motor_msgs', 'cmake_prefix_path')
[5.980s] INFO:colcon.colcon_core.shell:Creating environment hook '/home/fastbot/ros2_ws/install/serial_motor_msgs/share/serial_motor_msgs/hook/cmake_prefix_path.ps1'
[5.983s] INFO:colcon.colcon_core.shell:Creating environment descriptor '/home/fastbot/ros2_ws/install/serial_motor_msgs/share/serial_motor_msgs/hook/cmake_prefix_path.dsv'
[5.985s] INFO:colcon.colcon_core.shell:Creating environment hook '/home/fastbot/ros2_ws/install/serial_motor_msgs/share/serial_motor_msgs/hook/cmake_prefix_path.sh'
[5.988s] Level 1:colcon.colcon_core.environment:checking '/home/fastbot/ros2_ws/install/serial_motor_msgs/lib'
[5.989s] Level 1:colcon.colcon_core.shell:create_environment_hook('serial_motor_msgs', 'ld_library_path_lib')
[5.990s] INFO:colcon.colcon_core.shell:Creating environment hook '/home/fastbot/ros2_ws/install/serial_motor_msgs/share/serial_motor_msgs/hook/ld_library_path_lib.ps1'
[5.992s] INFO:colcon.colcon_core.shell:Creating environment descriptor '/home/fastbot/ros2_ws/install/serial_motor_msgs/share/serial_motor_msgs/hook/ld_library_path_lib.dsv'
[5.994s] INFO:colcon.colcon_core.shell:Creating environment hook '/home/fastbot/ros2_ws/install/serial_motor_msgs/share/serial_motor_msgs/hook/ld_library_path_lib.sh'
[5.996s] Level 1:colcon.colcon_core.environment:checking '/home/fastbot/ros2_ws/install/serial_motor_msgs/bin'
[5.996s] Level 1:colcon.colcon_core.environment:checking '/home/fastbot/ros2_ws/install/serial_motor_msgs/lib/pkgconfig/serial_motor_msgs.pc'
[5.997s] Level 1:colcon.colcon_core.environment:checking '/home/fastbot/ros2_ws/install/serial_motor_msgs/lib/python3.10/site-packages'
[5.998s] Level 1:colcon.colcon_core.environment:checking '/home/fastbot/ros2_ws/install/serial_motor_msgs/bin'
[5.999s] INFO:colcon.colcon_core.shell:Creating package script '/home/fastbot/ros2_ws/install/serial_motor_msgs/share/serial_motor_msgs/package.ps1'
[6.002s] INFO:colcon.colcon_core.shell:Creating package descriptor '/home/fastbot/ros2_ws/install/serial_motor_msgs/share/serial_motor_msgs/package.dsv'
[6.004s] INFO:colcon.colcon_core.shell:Creating package script '/home/fastbot/ros2_ws/install/serial_motor_msgs/share/serial_motor_msgs/package.sh'
[6.006s] INFO:colcon.colcon_core.shell:Creating package script '/home/fastbot/ros2_ws/install/serial_motor_msgs/share/serial_motor_msgs/package.bash'
[6.008s] INFO:colcon.colcon_core.shell:Creating package script '/home/fastbot/ros2_ws/install/serial_motor_msgs/share/serial_motor_msgs/package.zsh'
[6.009s] Level 1:colcon.colcon_core.environment:create_file_with_runtime_dependencies(/home/fastbot/ros2_ws/install/serial_motor_msgs/share/colcon-core/packages/serial_motor_msgs)
[6.012s] Level 1:colcon.colcon_core.environment:create_environment_scripts_only(serial_motor_msgs)
[6.013s] Level 1:colcon.colcon_core.environment:checking '/home/fastbot/ros2_ws/install/serial_motor_msgs' for CMake module files
[6.017s] Level 1:colcon.colcon_core.environment:checking '/home/fastbot/ros2_ws/install/serial_motor_msgs' for CMake config files
[6.020s] Level 1:colcon.colcon_core.shell:create_environment_hook('serial_motor_msgs', 'cmake_prefix_path')
[6.021s] INFO:colcon.colcon_core.shell:Creating environment hook '/home/fastbot/ros2_ws/install/serial_motor_msgs/share/serial_motor_msgs/hook/cmake_prefix_path.ps1'
[6.023s] INFO:colcon.colcon_core.shell:Creating environment descriptor '/home/fastbot/ros2_ws/install/serial_motor_msgs/share/serial_motor_msgs/hook/cmake_prefix_path.dsv'
[6.025s] INFO:colcon.colcon_core.shell:Creating environment hook '/home/fastbot/ros2_ws/install/serial_motor_msgs/share/serial_motor_msgs/hook/cmake_prefix_path.sh'
[6.028s] Level 1:colcon.colcon_core.environment:checking '/home/fastbot/ros2_ws/install/serial_motor_msgs/lib'
[6.028s] Level 1:colcon.colcon_core.shell:create_environment_hook('serial_motor_msgs', 'ld_library_path_lib')
[6.029s] INFO:colcon.colcon_core.shell:Creating environment hook '/home/fastbot/ros2_ws/install/serial_motor_msgs/share/serial_motor_msgs/hook/ld_library_path_lib.ps1'
[6.031s] INFO:colcon.colcon_core.shell:Creating environment descriptor '/home/fastbot/ros2_ws/install/serial_motor_msgs/share/serial_motor_msgs/hook/ld_library_path_lib.dsv'
[6.033s] INFO:colcon.colcon_core.shell:Creating environment hook '/home/fastbot/ros2_ws/install/serial_motor_msgs/share/serial_motor_msgs/hook/ld_library_path_lib.sh'
[6.035s] Level 1:colcon.colcon_core.environment:checking '/home/fastbot/ros2_ws/install/serial_motor_msgs/bin'
[6.036s] Level 1:colcon.colcon_core.environment:checking '/home/fastbot/ros2_ws/install/serial_motor_msgs/lib/pkgconfig/serial_motor_msgs.pc'
[6.037s] Level 1:colcon.colcon_core.environment:checking '/home/fastbot/ros2_ws/install/serial_motor_msgs/lib/python3.10/site-packages'
[6.037s] Level 1:colcon.colcon_core.environment:checking '/home/fastbot/ros2_ws/install/serial_motor_msgs/bin'
[6.039s] INFO:colcon.colcon_core.shell:Creating package script '/home/fastbot/ros2_ws/install/serial_motor_msgs/share/serial_motor_msgs/package.ps1'
[6.041s] INFO:colcon.colcon_core.shell:Creating package descriptor '/home/fastbot/ros2_ws/install/serial_motor_msgs/share/serial_motor_msgs/package.dsv'
[6.044s] INFO:colcon.colcon_core.shell:Creating package script '/home/fastbot/ros2_ws/install/serial_motor_msgs/share/serial_motor_msgs/package.sh'
[6.046s] INFO:colcon.colcon_core.shell:Creating package script '/home/fastbot/ros2_ws/install/serial_motor_msgs/share/serial_motor_msgs/package.bash'
[6.048s] INFO:colcon.colcon_core.shell:Creating package script '/home/fastbot/ros2_ws/install/serial_motor_msgs/share/serial_motor_msgs/package.zsh'
[6.050s] Level 1:colcon.colcon_core.environment:create_file_with_runtime_dependencies(/home/fastbot/ros2_ws/install/serial_motor_msgs/share/colcon-core/packages/serial_motor_msgs)
[6.052s] INFO:colcon.colcon_ros.task.ament_python.build:Building ROS package in '/home/fastbot/ros2_ws/src/serial_motor' with build type 'ament_python'
[6.053s] Level 1:colcon.colcon_core.shell:create_environment_hook('serial_motor', 'ament_prefix_path')
[6.054s] INFO:colcon.colcon_core.shell:Creating environment hook '/home/fastbot/ros2_ws/install/serial_motor/share/serial_motor/hook/ament_prefix_path.ps1'
[6.057s] INFO:colcon.colcon_core.shell:Creating environment descriptor '/home/fastbot/ros2_ws/install/serial_motor/share/serial_motor/hook/ament_prefix_path.dsv'
[6.058s] INFO:colcon.colcon_core.shell:Creating environment hook '/home/fastbot/ros2_ws/install/serial_motor/share/serial_motor/hook/ament_prefix_path.sh'
[6.062s] INFO:colcon.colcon_core.shell:Skip shell extension 'powershell' for command environment: Not usable outside of PowerShell
[6.062s] DEBUG:colcon.colcon_core.shell:Skip shell extension 'dsv' for command environment
[6.084s] Level 1:colcon.colcon_core.environment:create_environment_scripts_only(lslidar_msgs)
[6.086s] Level 1:colcon.colcon_core.environment:checking '/home/fastbot/ros2_ws/install/lslidar_msgs' for CMake module files
[6.088s] DEBUG:colcon.colcon_core.event_handler.log_command:Invoked command in '/home/fastbot/ros2_ws/build/lslidar_msgs' returned '0': CMAKE_PREFIX_PATH=${CMAKE_PREFIX_PATH}:/home/fastbot/ros2_ws/install/serial_motor:/opt/ros/humble /usr/bin/cmake --install /home/fastbot/ros2_ws/build/lslidar_msgs
[6.093s] Level 1:colcon.colcon_core.environment:checking '/home/fastbot/ros2_ws/install/lslidar_msgs' for CMake config files
[6.097s] Level 1:colcon.colcon_core.shell:create_environment_hook('lslidar_msgs', 'cmake_prefix_path')
[6.098s] INFO:colcon.colcon_core.shell:Creating environment hook '/home/fastbot/ros2_ws/install/lslidar_msgs/share/lslidar_msgs/hook/cmake_prefix_path.ps1'
[6.100s] INFO:colcon.colcon_core.shell:Creating environment descriptor '/home/fastbot/ros2_ws/install/lslidar_msgs/share/lslidar_msgs/hook/cmake_prefix_path.dsv'
[6.102s] INFO:colcon.colcon_core.shell:Creating environment hook '/home/fastbot/ros2_ws/install/lslidar_msgs/share/lslidar_msgs/hook/cmake_prefix_path.sh'
[6.106s] Level 1:colcon.colcon_core.environment:checking '/home/fastbot/ros2_ws/install/lslidar_msgs/lib'
[6.106s] Level 1:colcon.colcon_core.shell:create_environment_hook('lslidar_msgs', 'ld_library_path_lib')
[6.107s] INFO:colcon.colcon_core.shell:Creating environment hook '/home/fastbot/ros2_ws/install/lslidar_msgs/share/lslidar_msgs/hook/ld_library_path_lib.ps1'
[6.109s] INFO:colcon.colcon_core.shell:Creating environment descriptor '/home/fastbot/ros2_ws/install/lslidar_msgs/share/lslidar_msgs/hook/ld_library_path_lib.dsv'
[6.111s] INFO:colcon.colcon_core.shell:Creating environment hook '/home/fastbot/ros2_ws/install/lslidar_msgs/share/lslidar_msgs/hook/ld_library_path_lib.sh'
[6.114s] Level 1:colcon.colcon_core.environment:checking '/home/fastbot/ros2_ws/install/lslidar_msgs/bin'
[6.114s] Level 1:colcon.colcon_core.environment:checking '/home/fastbot/ros2_ws/install/lslidar_msgs/lib/pkgconfig/lslidar_msgs.pc'
[6.115s] Level 1:colcon.colcon_core.environment:checking '/home/fastbot/ros2_ws/install/lslidar_msgs/lib/python3.10/site-packages'
[6.116s] Level 1:colcon.colcon_core.environment:checking '/home/fastbot/ros2_ws/install/lslidar_msgs/bin'
[6.117s] INFO:colcon.colcon_core.shell:Creating package script '/home/fastbot/ros2_ws/install/lslidar_msgs/share/lslidar_msgs/package.ps1'
[6.119s] INFO:colcon.colcon_core.shell:Creating package descriptor '/home/fastbot/ros2_ws/install/lslidar_msgs/share/lslidar_msgs/package.dsv'
[6.122s] INFO:colcon.colcon_core.shell:Creating package script '/home/fastbot/ros2_ws/install/lslidar_msgs/share/lslidar_msgs/package.sh'
[6.124s] INFO:colcon.colcon_core.shell:Creating package script '/home/fastbot/ros2_ws/install/lslidar_msgs/share/lslidar_msgs/package.bash'
[6.126s] INFO:colcon.colcon_core.shell:Creating package script '/home/fastbot/ros2_ws/install/lslidar_msgs/share/lslidar_msgs/package.zsh'
[6.127s] Level 1:colcon.colcon_core.environment:create_file_with_runtime_dependencies(/home/fastbot/ros2_ws/install/lslidar_msgs/share/colcon-core/packages/lslidar_msgs)
[6.130s] Level 1:colcon.colcon_core.environment:create_environment_scripts_only(lslidar_msgs)
[6.131s] Level 1:colcon.colcon_core.environment:checking '/home/fastbot/ros2_ws/install/lslidar_msgs' for CMake module files
[6.135s] Level 1:colcon.colcon_core.environment:checking '/home/fastbot/ros2_ws/install/lslidar_msgs' for CMake config files
[6.138s] Level 1:colcon.colcon_core.shell:create_environment_hook('lslidar_msgs', 'cmake_prefix_path')
[6.139s] INFO:colcon.colcon_core.shell:Creating environment hook '/home/fastbot/ros2_ws/install/lslidar_msgs/share/lslidar_msgs/hook/cmake_prefix_path.ps1'
[6.141s] INFO:colcon.colcon_core.shell:Creating environment descriptor '/home/fastbot/ros2_ws/install/lslidar_msgs/share/lslidar_msgs/hook/cmake_prefix_path.dsv'
[6.143s] INFO:colcon.colcon_core.shell:Creating environment hook '/home/fastbot/ros2_ws/install/lslidar_msgs/share/lslidar_msgs/hook/cmake_prefix_path.sh'
[6.146s] Level 1:colcon.colcon_core.environment:checking '/home/fastbot/ros2_ws/install/lslidar_msgs/lib'
[6.146s] Level 1:colcon.colcon_core.shell:create_environment_hook('lslidar_msgs', 'ld_library_path_lib')
[6.147s] INFO:colcon.colcon_core.shell:Creating environment hook '/home/fastbot/ros2_ws/install/lslidar_msgs/share/lslidar_msgs/hook/ld_library_path_lib.ps1'
[6.149s] INFO:colcon.colcon_core.shell:Creating environment descriptor '/home/fastbot/ros2_ws/install/lslidar_msgs/share/lslidar_msgs/hook/ld_library_path_lib.dsv'
[6.151s] INFO:colcon.colcon_core.shell:Creating environment hook '/home/fastbot/ros2_ws/install/lslidar_msgs/share/lslidar_msgs/hook/ld_library_path_lib.sh'
[6.153s] Level 1:colcon.colcon_core.environment:checking '/home/fastbot/ros2_ws/install/lslidar_msgs/bin'
[6.153s] Level 1:colcon.colcon_core.environment:checking '/home/fastbot/ros2_ws/install/lslidar_msgs/lib/pkgconfig/lslidar_msgs.pc'
[6.154s] Level 1:colcon.colcon_core.environment:checking '/home/fastbot/ros2_ws/install/lslidar_msgs/lib/python3.10/site-packages'
[6.155s] Level 1:colcon.colcon_core.environment:checking '/home/fastbot/ros2_ws/install/lslidar_msgs/bin'
[6.156s] INFO:colcon.colcon_core.shell:Creating package script '/home/fastbot/ros2_ws/install/lslidar_msgs/share/lslidar_msgs/package.ps1'
[6.159s] INFO:colcon.colcon_core.shell:Creating package descriptor '/home/fastbot/ros2_ws/install/lslidar_msgs/share/lslidar_msgs/package.dsv'
[6.162s] INFO:colcon.colcon_core.shell:Creating package script '/home/fastbot/ros2_ws/install/lslidar_msgs/share/lslidar_msgs/package.sh'
[6.164s] INFO:colcon.colcon_core.shell:Creating package script '/home/fastbot/ros2_ws/install/lslidar_msgs/share/lslidar_msgs/package.bash'
[6.167s] INFO:colcon.colcon_core.shell:Creating package script '/home/fastbot/ros2_ws/install/lslidar_msgs/share/lslidar_msgs/package.zsh'
[6.169s] Level 1:colcon.colcon_core.environment:create_file_with_runtime_dependencies(/home/fastbot/ros2_ws/install/lslidar_msgs/share/colcon-core/packages/lslidar_msgs)
[6.172s] INFO:colcon.colcon_ros.task.ament_cmake.build:Building ROS package in '/home/fastbot/ros2_ws/src/Lslidar_ROS2_driver/lslidar_driver' with build type 'ament_cmake'
[6.173s] INFO:colcon.colcon_cmake.task.cmake.build:Building CMake package in '/home/fastbot/ros2_ws/src/Lslidar_ROS2_driver/lslidar_driver'
[6.174s] INFO:colcon.colcon_core.shell:Skip shell extension 'powershell' for command environment: Not usable outside of PowerShell
[6.174s] DEBUG:colcon.colcon_core.shell:Skip shell extension 'dsv' for command environment
[7.352s] INFO:colcon.colcon_core.task.python.build:Building Python package in '/home/fastbot/ros2_ws/src/serial_motor'
[7.353s] INFO:colcon.colcon_core.shell:Skip shell extension 'powershell' for command environment: Not usable outside of PowerShell
[7.353s] DEBUG:colcon.colcon_core.shell:Skip shell extension 'dsv' for command environment
[7.397s] DEBUG:colcon.colcon_core.event_handler.log_command:Invoking command in '/home/fastbot/ros2_ws/build/lslidar_driver': CMAKE_PREFIX_PATH=/home/fastbot/ros2_ws/install/lslidar_msgs:/home/fastbot/ros2_ws/install/serial_motor_msgs:/home/fastbot/ros2_ws/install/lslidar_driver:/home/fastbot/ros2_ws/install/fastbot_description:/home/fastbot/ros2_ws/install/fastbot_bringup:/home/fastbot/ros2_ws/install/serial_motor:/opt/ros/humble LD_LIBRARY_PATH=/home/fastbot/ros2_ws/install/lslidar_msgs/lib:/home/fastbot/ros2_ws/install/serial_motor_msgs/lib:/opt/ros/humble/opt/rviz_ogre_vendor/lib:/opt/ros/humble/lib/aarch64-linux-gnu:/opt/ros/humble/lib /usr/bin/cmake --build /home/fastbot/ros2_ws/build/lslidar_driver -- -j4 -l4
[8.519s] DEBUG:colcon.colcon_core.event_handler.log_command:Invoked command in '/home/fastbot/ros2_ws/build/lslidar_driver' returned '0': CMAKE_PREFIX_PATH=/home/fastbot/ros2_ws/install/lslidar_msgs:/home/fastbot/ros2_ws/install/serial_motor_msgs:/home/fastbot/ros2_ws/install/lslidar_driver:/home/fastbot/ros2_ws/install/fastbot_description:/home/fastbot/ros2_ws/install/fastbot_bringup:/home/fastbot/ros2_ws/install/serial_motor:/opt/ros/humble LD_LIBRARY_PATH=/home/fastbot/ros2_ws/install/lslidar_msgs/lib:/home/fastbot/ros2_ws/install/serial_motor_msgs/lib:/opt/ros/humble/opt/rviz_ogre_vendor/lib:/opt/ros/humble/lib/aarch64-linux-gnu:/opt/ros/humble/lib /usr/bin/cmake --build /home/fastbot/ros2_ws/build/lslidar_driver -- -j4 -l4
[8.532s] DEBUG:colcon.colcon_core.event_handler.log_command:Invoking command in '/home/fastbot/ros2_ws/build/lslidar_driver': CMAKE_PREFIX_PATH=/home/fastbot/ros2_ws/install/lslidar_msgs:/home/fastbot/ros2_ws/install/serial_motor_msgs:/home/fastbot/ros2_ws/install/lslidar_driver:/home/fastbot/ros2_ws/install/fastbot_description:/home/fastbot/ros2_ws/install/fastbot_bringup:/home/fastbot/ros2_ws/install/serial_motor:/opt/ros/humble LD_LIBRARY_PATH=/home/fastbot/ros2_ws/install/lslidar_msgs/lib:/home/fastbot/ros2_ws/install/serial_motor_msgs/lib:/opt/ros/humble/opt/rviz_ogre_vendor/lib:/opt/ros/humble/lib/aarch64-linux-gnu:/opt/ros/humble/lib /usr/bin/cmake --install /home/fastbot/ros2_ws/build/lslidar_driver
[8.586s] Level 1:colcon.colcon_core.environment:create_environment_scripts_only(lslidar_driver)
[8.588s] Level 1:colcon.colcon_core.environment:checking '/home/fastbot/ros2_ws/install/lslidar_driver' for CMake module files
[8.589s] DEBUG:colcon.colcon_core.event_handler.log_command:Invoked command in '/home/fastbot/ros2_ws/build/lslidar_driver' returned '0': CMAKE_PREFIX_PATH=/home/fastbot/ros2_ws/install/lslidar_msgs:/home/fastbot/ros2_ws/install/serial_motor_msgs:/home/fastbot/ros2_ws/install/lslidar_driver:/home/fastbot/ros2_ws/install/fastbot_description:/home/fastbot/ros2_ws/install/fastbot_bringup:/home/fastbot/ros2_ws/install/serial_motor:/opt/ros/humble LD_LIBRARY_PATH=/home/fastbot/ros2_ws/install/lslidar_msgs/lib:/home/fastbot/ros2_ws/install/serial_motor_msgs/lib:/opt/ros/humble/opt/rviz_ogre_vendor/lib:/opt/ros/humble/lib/aarch64-linux-gnu:/opt/ros/humble/lib /usr/bin/cmake --install /home/fastbot/ros2_ws/build/lslidar_driver
[8.592s] Level 1:colcon.colcon_core.environment:checking '/home/fastbot/ros2_ws/install/lslidar_driver' for CMake config files
[8.593s] Level 1:colcon.colcon_core.shell:create_environment_hook('lslidar_driver', 'cmake_prefix_path')
[8.594s] INFO:colcon.colcon_core.shell:Creating environment hook '/home/fastbot/ros2_ws/install/lslidar_driver/share/lslidar_driver/hook/cmake_prefix_path.ps1'
[8.597s] INFO:colcon.colcon_core.shell:Creating environment descriptor '/home/fastbot/ros2_ws/install/lslidar_driver/share/lslidar_driver/hook/cmake_prefix_path.dsv'
[8.598s] INFO:colcon.colcon_core.shell:Creating environment hook '/home/fastbot/ros2_ws/install/lslidar_driver/share/lslidar_driver/hook/cmake_prefix_path.sh'
[8.601s] Level 1:colcon.colcon_core.environment:checking '/home/fastbot/ros2_ws/install/lslidar_driver/lib'
[8.602s] Level 1:colcon.colcon_core.environment:checking '/home/fastbot/ros2_ws/install/lslidar_driver/bin'
[8.602s] Level 1:colcon.colcon_core.environment:checking '/home/fastbot/ros2_ws/install/lslidar_driver/lib/pkgconfig/lslidar_driver.pc'
[8.603s] Level 1:colcon.colcon_core.environment:checking '/home/fastbot/ros2_ws/install/lslidar_driver/lib/python3.10/site-packages'
[8.604s] Level 1:colcon.colcon_core.environment:checking '/home/fastbot/ros2_ws/install/lslidar_driver/bin'
[8.605s] INFO:colcon.colcon_core.shell:Creating package script '/home/fastbot/ros2_ws/install/lslidar_driver/share/lslidar_driver/package.ps1'
[8.607s] INFO:colcon.colcon_core.shell:Creating package descriptor '/home/fastbot/ros2_ws/install/lslidar_driver/share/lslidar_driver/package.dsv'
[8.609s] INFO:colcon.colcon_core.shell:Creating package script '/home/fastbot/ros2_ws/install/lslidar_driver/share/lslidar_driver/package.sh'
[8.611s] INFO:colcon.colcon_core.shell:Creating package script '/home/fastbot/ros2_ws/install/lslidar_driver/share/lslidar_driver/package.bash'
[8.613s] INFO:colcon.colcon_core.shell:Creating package script '/home/fastbot/ros2_ws/install/lslidar_driver/share/lslidar_driver/package.zsh'
[8.615s] Level 1:colcon.colcon_core.environment:create_file_with_runtime_dependencies(/home/fastbot/ros2_ws/install/lslidar_driver/share/colcon-core/packages/lslidar_driver)
[8.618s] Level 1:colcon.colcon_core.environment:create_environment_scripts_only(lslidar_driver)
[8.619s] Level 1:colcon.colcon_core.environment:checking '/home/fastbot/ros2_ws/install/lslidar_driver' for CMake module files
[8.622s] Level 1:colcon.colcon_core.environment:checking '/home/fastbot/ros2_ws/install/lslidar_driver' for CMake config files
[8.624s] Level 1:colcon.colcon_core.shell:create_environment_hook('lslidar_driver', 'cmake_prefix_path')
[8.625s] INFO:colcon.colcon_core.shell:Creating environment hook '/home/fastbot/ros2_ws/install/lslidar_driver/share/lslidar_driver/hook/cmake_prefix_path.ps1'
[8.627s] INFO:colcon.colcon_core.shell:Creating environment descriptor '/home/fastbot/ros2_ws/install/lslidar_driver/share/lslidar_driver/hook/cmake_prefix_path.dsv'
[8.629s] INFO:colcon.colcon_core.shell:Creating environment hook '/home/fastbot/ros2_ws/install/lslidar_driver/share/lslidar_driver/hook/cmake_prefix_path.sh'
[8.632s] Level 1:colcon.colcon_core.environment:checking '/home/fastbot/ros2_ws/install/lslidar_driver/lib'
[8.632s] Level 1:colcon.colcon_core.environment:checking '/home/fastbot/ros2_ws/install/lslidar_driver/bin'
[8.632s] Level 1:colcon.colcon_core.environment:checking '/home/fastbot/ros2_ws/install/lslidar_driver/lib/pkgconfig/lslidar_driver.pc'
[8.633s] Level 1:colcon.colcon_core.environment:checking '/home/fastbot/ros2_ws/install/lslidar_driver/lib/python3.10/site-packages'
[8.634s] Level 1:colcon.colcon_core.environment:checking '/home/fastbot/ros2_ws/install/lslidar_driver/bin'
[8.635s] INFO:colcon.colcon_core.shell:Creating package script '/home/fastbot/ros2_ws/install/lslidar_driver/share/lslidar_driver/package.ps1'
[8.638s] INFO:colcon.colcon_core.shell:Creating package descriptor '/home/fastbot/ros2_ws/install/lslidar_driver/share/lslidar_driver/package.dsv'
[8.641s] INFO:colcon.colcon_core.shell:Creating package script '/home/fastbot/ros2_ws/install/lslidar_driver/share/lslidar_driver/package.sh'
[8.643s] INFO:colcon.colcon_core.shell:Creating package script '/home/fastbot/ros2_ws/install/lslidar_driver/share/lslidar_driver/package.bash'
[8.645s] INFO:colcon.colcon_core.shell:Creating package script '/home/fastbot/ros2_ws/install/lslidar_driver/share/lslidar_driver/package.zsh'
[8.647s] Level 1:colcon.colcon_core.environment:create_file_with_runtime_dependencies(/home/fastbot/ros2_ws/install/lslidar_driver/share/colcon-core/packages/lslidar_driver)
[9.681s] DEBUG:colcon.colcon_core.event_handler.log_command:Invoking command in '/home/fastbot/ros2_ws/src/serial_motor': PYTHONPATH=/home/fastbot/ros2_ws/build/serial_motor/prefix_override:/usr/lib/python3/dist-packages/colcon_core/task/python/colcon_distutils_commands:/home/fastbot/ros2_ws/install/serial_motor/lib/python3.10/site-packages:${PYTHONPATH} /usr/bin/python3 -W ignore:setup.py install is deprecated -W ignore:easy_install command is deprecated setup.py egg_info --egg-base ../../build/serial_motor build --build-base /home/fastbot/ros2_ws/build/serial_motor/build install --record /home/fastbot/ros2_ws/build/serial_motor/install.log --single-version-externally-managed install_data
[11.031s] Level 1:colcon.colcon_core.environment:checking '/home/fastbot/ros2_ws/install/serial_motor' for CMake module files
[11.032s] DEBUG:colcon.colcon_core.event_handler.log_command:Invoked command in '/home/fastbot/ros2_ws/src/serial_motor' returned '0': PYTHONPATH=/home/fastbot/ros2_ws/build/serial_motor/prefix_override:/usr/lib/python3/dist-packages/colcon_core/task/python/colcon_distutils_commands:/home/fastbot/ros2_ws/install/serial_motor/lib/python3.10/site-packages:${PYTHONPATH} /usr/bin/python3 -W ignore:setup.py install is deprecated -W ignore:easy_install command is deprecated setup.py egg_info --egg-base ../../build/serial_motor build --build-base /home/fastbot/ros2_ws/build/serial_motor/build install --record /home/fastbot/ros2_ws/build/serial_motor/install.log --single-version-externally-managed install_data
[11.034s] Level 1:colcon.colcon_core.environment:checking '/home/fastbot/ros2_ws/install/serial_motor' for CMake config files
[11.037s] Level 1:colcon.colcon_core.environment:checking '/home/fastbot/ros2_ws/install/serial_motor/lib'
[11.038s] Level 1:colcon.colcon_core.environment:checking '/home/fastbot/ros2_ws/install/serial_motor/bin'
[11.038s] Level 1:colcon.colcon_core.environment:checking '/home/fastbot/ros2_ws/install/serial_motor/lib/pkgconfig/serial_motor.pc'
[11.039s] Level 1:colcon.colcon_core.environment:checking '/home/fastbot/ros2_ws/install/serial_motor/lib/python3.10/site-packages'
[11.039s] Level 1:colcon.colcon_core.shell:create_environment_hook('serial_motor', 'pythonpath')
[11.040s] INFO:colcon.colcon_core.shell:Creating environment hook '/home/fastbot/ros2_ws/install/serial_motor/share/serial_motor/hook/pythonpath.ps1'
[11.042s] INFO:colcon.colcon_core.shell:Creating environment descriptor '/home/fastbot/ros2_ws/install/serial_motor/share/serial_motor/hook/pythonpath.dsv'
[11.044s] INFO:colcon.colcon_core.shell:Creating environment hook '/home/fastbot/ros2_ws/install/serial_motor/share/serial_motor/hook/pythonpath.sh'
[11.047s] Level 1:colcon.colcon_core.environment:checking '/home/fastbot/ros2_ws/install/serial_motor/bin'
[11.047s] Level 1:colcon.colcon_core.environment:create_environment_scripts_only(serial_motor)
[11.048s] INFO:colcon.colcon_core.shell:Creating package script '/home/fastbot/ros2_ws/install/serial_motor/share/serial_motor/package.ps1'
[11.051s] INFO:colcon.colcon_core.shell:Creating package descriptor '/home/fastbot/ros2_ws/install/serial_motor/share/serial_motor/package.dsv'
[11.053s] INFO:colcon.colcon_core.shell:Creating package script '/home/fastbot/ros2_ws/install/serial_motor/share/serial_motor/package.sh'
[11.055s] INFO:colcon.colcon_core.shell:Creating package script '/home/fastbot/ros2_ws/install/serial_motor/share/serial_motor/package.bash'
[11.057s] INFO:colcon.colcon_core.shell:Creating package script '/home/fastbot/ros2_ws/install/serial_motor/share/serial_motor/package.zsh'
[11.058s] Level 1:colcon.colcon_core.environment:create_file_with_runtime_dependencies(/home/fastbot/ros2_ws/install/serial_motor/share/colcon-core/packages/serial_motor)
[11.060s] DEBUG:colcon.colcon_parallel_executor.executor.parallel:closing loop
[11.061s] DEBUG:colcon.colcon_parallel_executor.executor.parallel:loop closed
[11.062s] DEBUG:colcon.colcon_parallel_executor.executor.parallel:run_until_complete finished with '0'
[11.062s] DEBUG:colcon.colcon_core.event_reactor:joining thread
[11.088s] INFO:colcon.colcon_core.plugin_system:Skipping extension 'colcon_notification.desktop_notification.notify_send': Could not find 'notify-send'
[11.088s] INFO:colcon.colcon_core.plugin_system:Skipping extension 'colcon_notification.desktop_notification.terminal_notifier': Not used on non-Darwin systems
[11.089s] INFO:colcon.colcon_core.plugin_system:Skipping extension 'colcon_notification.desktop_notification.win32': Not used on non-Windows systems
[11.089s] INFO:colcon.colcon_notification.desktop_notification:Sending desktop notification using 'notify2'
[11.092s] DEBUG:colcon.colcon_notification.desktop_notification.notify2:Failed to initialize notify2: org.freedesktop.DBus.Error.ServiceUnknown: The name org.freedesktop.Notifications was not provided by any .service files
[11.092s] DEBUG:colcon.colcon_core.event_reactor:joined thread
[11.093s] INFO:colcon.colcon_core.shell:Creating prefix script '/home/fastbot/ros2_ws/install/local_setup.ps1'
[11.098s] INFO:colcon.colcon_core.shell:Creating prefix util module '/home/fastbot/ros2_ws/install/_local_setup_util_ps1.py'
[11.107s] INFO:colcon.colcon_core.shell:Creating prefix chain script '/home/fastbot/ros2_ws/install/setup.ps1'
[11.116s] INFO:colcon.colcon_core.shell:Creating prefix script '/home/fastbot/ros2_ws/install/local_setup.sh'
[11.122s] INFO:colcon.colcon_core.shell:Creating prefix util module '/home/fastbot/ros2_ws/install/_local_setup_util_sh.py'
[11.125s] INFO:colcon.colcon_core.shell:Creating prefix chain script '/home/fastbot/ros2_ws/install/setup.sh'
[11.133s] INFO:colcon.colcon_core.shell:Creating prefix script '/home/fastbot/ros2_ws/install/local_setup.bash'
[11.137s] INFO:colcon.colcon_core.shell:Creating prefix chain script '/home/fastbot/ros2_ws/install/setup.bash'
[11.145s] INFO:colcon.colcon_core.shell:Creating prefix script '/home/fastbot/ros2_ws/install/local_setup.zsh'
[11.150s] INFO:colcon.colcon_core.shell:Creating prefix chain script '/home/fastbot/ros2_ws/install/setup.zsh'
