[0.131s] Invoking command in '/home/fastbot/ros2_ws/real/build/fastbot_slam_real': CMAKE_PREFIX_PATH=/home/fastbot/ros2_ws/install/serial_motor:/home/fastbot/ros2_ws/install/serial_motor_msgs:/home/fastbot/ros2_ws/install/lslidar_driver:/home/fastbot/ros2_ws/install/lslidar_msgs:/home/fastbot/ros2_ws/install/fastbot_description:/home/fastbot/ros2_ws/install/fastbot_bringup:/opt/ros/humble /usr/bin/cmake --build /home/fastbot/ros2_ws/real/build/fastbot_slam_real -- -j4 -l4
[0.322s] Invoked command in '/home/fastbot/ros2_ws/real/build/fastbot_slam_real' returned '0': CMAKE_PREFIX_PATH=/home/fastbot/ros2_ws/install/serial_motor:/home/fastbot/ros2_ws/install/serial_motor_msgs:/home/fastbot/ros2_ws/install/lslidar_driver:/home/fastbot/ros2_ws/install/lslidar_msgs:/home/fastbot/ros2_ws/install/fastbot_description:/home/fastbot/ros2_ws/install/fastbot_bringup:/opt/ros/humble /usr/bin/cmake --build /home/fastbot/ros2_ws/real/build/fastbot_slam_real -- -j4 -l4
[0.332s] Invoking command in '/home/fastbot/ros2_ws/real/build/fastbot_slam_real': CMAKE_PREFIX_PATH=/home/fastbot/ros2_ws/install/serial_motor:/home/fastbot/ros2_ws/install/serial_motor_msgs:/home/fastbot/ros2_ws/install/lslidar_driver:/home/fastbot/ros2_ws/install/lslidar_msgs:/home/fastbot/ros2_ws/install/fastbot_description:/home/fastbot/ros2_ws/install/fastbot_bringup:/opt/ros/humble /usr/bin/cmake --install /home/fastbot/ros2_ws/real/build/fastbot_slam_real
[0.363s] -- Install configuration: ""
[0.364s] -- Up-to-date: /home/fastbot/ros2_ws/real/install/fastbot_slam_real/share/fastbot_slam_real/launch
[0.366s] -- Installing: /home/fastbot/ros2_ws/real/install/fastbot_slam_real/share/fastbot_slam_real/launch/cartographer.launch.py
[0.368s] -- Up-to-date: /home/fastbot/ros2_ws/real/install/fastbot_slam_real/share/fastbot_slam_real/launch/localization.launch.py
[0.369s] -- Up-to-date: /home/fastbot/ros2_ws/real/install/fastbot_slam_real/share/fastbot_slam_real/launch/map_server.launch.py
[0.370s] -- Up-to-date: /home/fastbot/ros2_ws/real/install/fastbot_slam_real/share/fastbot_slam_real/launch/pathplanner.launch.py
[0.371s] -- Up-to-date: /home/fastbot/ros2_ws/real/install/fastbot_slam_real/share/fastbot_slam_real/config
[0.372s] -- Up-to-date: /home/fastbot/ros2_ws/real/install/fastbot_slam_real/share/fastbot_slam_real/config/recovery.yaml
[0.373s] -- Up-to-date: /home/fastbot/ros2_ws/real/install/fastbot_slam_real/share/fastbot_slam_real/config/planner_server.yaml
[0.375s] -- Up-to-date: /home/fastbot/ros2_ws/real/install/fastbot_slam_real/share/fastbot_slam_real/config/cartographer.lua
[0.376s] -- Up-to-date: /home/fastbot/ros2_ws/real/install/fastbot_slam_real/share/fastbot_slam_real/config/controller.yaml
[0.377s] -- Up-to-date: /home/fastbot/ros2_ws/real/install/fastbot_slam_real/share/fastbot_slam_real/config/behavior.xml
[0.378s] -- Up-to-date: /home/fastbot/ros2_ws/real/install/fastbot_slam_real/share/fastbot_slam_real/config/amcl_config.yaml
[0.379s] -- Up-to-date: /home/fastbot/ros2_ws/real/install/fastbot_slam_real/share/fastbot_slam_real/config/bt_navigator.yaml
[0.380s] -- Up-to-date: /home/fastbot/ros2_ws/real/install/fastbot_slam_real/share/fastbot_slam_real/maps
[0.382s] -- Up-to-date: /home/fastbot/ros2_ws/real/install/fastbot_slam_real/share/fastbot_slam_real/maps/small_apartment2.pgm
[0.383s] -- Up-to-date: /home/fastbot/ros2_ws/real/install/fastbot_slam_real/share/fastbot_slam_real/maps/small_apartment.pgm
[0.384s] -- Up-to-date: /home/fastbot/ros2_ws/real/install/fastbot_slam_real/share/fastbot_slam_real/maps/small_apartment_rotated2.pgm
[0.385s] -- Up-to-date: /home/fastbot/ros2_ws/real/install/fastbot_slam_real/share/fastbot_slam_real/maps/cozy_room.pgm
[0.386s] -- Up-to-date: /home/fastbot/ros2_ws/real/install/fastbot_slam_real/share/fastbot_slam_real/maps/small_apartment2.yaml
[0.387s] -- Up-to-date: /home/fastbot/ros2_ws/real/install/fastbot_slam_real/share/fastbot_slam_real/maps/cozy_room.yaml
[0.389s] -- Up-to-date: /home/fastbot/ros2_ws/real/install/fastbot_slam_real/share/fastbot_slam_real/maps/small_indoor_scenario_edited_map_hector_mapping.pgm
[0.390s] -- Up-to-date: /home/fastbot/ros2_ws/real/install/fastbot_slam_real/share/fastbot_slam_real/maps/small_apartment_rotated.pgm
[0.391s] -- Up-to-date: /home/fastbot/ros2_ws/real/install/fastbot_slam_real/share/fastbot_slam_real/maps/small_indoor_scenario_edited_map_hector_mapping.yaml
[0.392s] -- Up-to-date: /home/fastbot/ros2_ws/real/install/fastbot_slam_real/share/fastbot_slam_real/maps/small_apartment.yaml
[0.392s] -- Up-to-date: /home/fastbot/ros2_ws/real/install/fastbot_slam_real/share/fastbot_slam_real/rviz
[0.393s] -- Up-to-date: /home/fastbot/ros2_ws/real/install/fastbot_slam_real/share/fastbot_slam_real/rviz/nav.rviz
[0.395s] -- Up-to-date: /home/fastbot/ros2_ws/real/install/fastbot_slam_real/share/ament_index/resource_index/package_run_dependencies/fastbot_slam_real
[0.396s] -- Up-to-date: /home/fastbot/ros2_ws/real/install/fastbot_slam_real/share/ament_index/resource_index/parent_prefix_path/fastbot_slam_real
[0.398s] -- Up-to-date: /home/fastbot/ros2_ws/real/install/fastbot_slam_real/share/fastbot_slam_real/environment/ament_prefix_path.sh
[0.399s] -- Up-to-date: /home/fastbot/ros2_ws/real/install/fastbot_slam_real/share/fastbot_slam_real/environment/ament_prefix_path.dsv
[0.401s] -- Up-to-date: /home/fastbot/ros2_ws/real/install/fastbot_slam_real/share/fastbot_slam_real/environment/path.sh
[0.403s] -- Up-to-date: /home/fastbot/ros2_ws/real/install/fastbot_slam_real/share/fastbot_slam_real/environment/path.dsv
[0.405s] -- Up-to-date: /home/fastbot/ros2_ws/real/install/fastbot_slam_real/share/fastbot_slam_real/local_setup.bash
[0.406s] -- Up-to-date: /home/fastbot/ros2_ws/real/install/fastbot_slam_real/share/fastbot_slam_real/local_setup.sh
[0.408s] -- Up-to-date: /home/fastbot/ros2_ws/real/install/fastbot_slam_real/share/fastbot_slam_real/local_setup.zsh
[0.412s] -- Up-to-date: /home/fastbot/ros2_ws/real/install/fastbot_slam_real/share/fastbot_slam_real/local_setup.dsv
[0.419s] -- Installing: /home/fastbot/ros2_ws/real/install/fastbot_slam_real/share/fastbot_slam_real/package.dsv
[0.421s] -- Up-to-date: /home/fastbot/ros2_ws/real/install/fastbot_slam_real/share/ament_index/resource_index/packages/fastbot_slam_real
[0.422s] -- Up-to-date: /home/fastbot/ros2_ws/real/install/fastbot_slam_real/share/fastbot_slam_real/cmake/fastbot_slam_realConfig.cmake
[0.423s] -- Up-to-date: /home/fastbot/ros2_ws/real/install/fastbot_slam_real/share/fastbot_slam_real/cmake/fastbot_slam_realConfig-version.cmake
[0.424s] -- Up-to-date: /home/fastbot/ros2_ws/real/install/fastbot_slam_real/share/fastbot_slam_real/package.xml
[0.426s] Invoked command in '/home/fastbot/ros2_ws/real/build/fastbot_slam_real' returned '0': CMAKE_PREFIX_PATH=/home/fastbot/ros2_ws/install/serial_motor:/home/fastbot/ros2_ws/install/serial_motor_msgs:/home/fastbot/ros2_ws/install/lslidar_driver:/home/fastbot/ros2_ws/install/lslidar_msgs:/home/fastbot/ros2_ws/install/fastbot_description:/home/fastbot/ros2_ws/install/fastbot_bringup:/opt/ros/humble /usr/bin/cmake --install /home/fastbot/ros2_ws/real/build/fastbot_slam_real
