[0.065s] Invoking command in '/home/fastbot/ros2_ws/real/build/fastbot_slam_real': CMAKE_PREFIX_PATH=/home/fastbot/ros2_ws/install/serial_motor:/home/fastbot/ros2_ws/install/serial_motor_msgs:/home/fastbot/ros2_ws/install/lslidar_driver:/home/fastbot/ros2_ws/install/lslidar_msgs:/home/fastbot/ros2_ws/install/fastbot_description:/home/fastbot/ros2_ws/install/fastbot_bringup:/opt/ros/humble /usr/bin/cmake --build /home/fastbot/ros2_ws/real/build/fastbot_slam_real -- -j4 -l4
[0.384s] Invoked command in '/home/fastbot/ros2_ws/real/build/fastbot_slam_real' returned '0': CMAKE_PREFIX_PATH=/home/fastbot/ros2_ws/install/serial_motor:/home/fastbot/ros2_ws/install/serial_motor_msgs:/home/fastbot/ros2_ws/install/lslidar_driver:/home/fastbot/ros2_ws/install/lslidar_msgs:/home/fastbot/ros2_ws/install/fastbot_description:/home/fastbot/ros2_ws/install/fastbot_bringup:/opt/ros/humble /usr/bin/cmake --build /home/fastbot/ros2_ws/real/build/fastbot_slam_real -- -j4 -l4
[0.386s] Invoking command in '/home/fastbot/ros2_ws/real/build/fastbot_slam_real': CMAKE_PREFIX_PATH=/home/fastbot/ros2_ws/install/serial_motor:/home/fastbot/ros2_ws/install/serial_motor_msgs:/home/fastbot/ros2_ws/install/lslidar_driver:/home/fastbot/ros2_ws/install/lslidar_msgs:/home/fastbot/ros2_ws/install/fastbot_description:/home/fastbot/ros2_ws/install/fastbot_bringup:/opt/ros/humble /usr/bin/cmake --install /home/fastbot/ros2_ws/real/build/fastbot_slam_real
[0.435s] -- Install configuration: ""
[0.436s] -- Up-to-date: /home/fastbot/ros2_ws/real/install/fastbot_slam_real/share/fastbot_slam_real/launch
[0.437s] -- Up-to-date: /home/fastbot/ros2_ws/real/install/fastbot_slam_real/share/fastbot_slam_real/launch/cartographer.launch.py
[0.438s] -- Up-to-date: /home/fastbot/ros2_ws/real/install/fastbot_slam_real/share/fastbot_slam_real/launch/localization.launch.py
[0.439s] -- Up-to-date: /home/fastbot/ros2_ws/real/install/fastbot_slam_real/share/fastbot_slam_real/launch/map_server.launch.py
[0.440s] -- Up-to-date: /home/fastbot/ros2_ws/real/install/fastbot_slam_real/share/fastbot_slam_real/launch/pathplanner.launch.py
[0.442s] -- Up-to-date: /home/fastbot/ros2_ws/real/install/fastbot_slam_real/share/fastbot_slam_real/config
[0.443s] -- Up-to-date: /home/fastbot/ros2_ws/real/install/fastbot_slam_real/share/fastbot_slam_real/config/recovery.yaml
[0.446s] -- Up-to-date: /home/fastbot/ros2_ws/real/install/fastbot_slam_real/share/fastbot_slam_real/config/planner_server.yaml
[0.452s] -- Up-to-date: /home/fastbot/ros2_ws/real/install/fastbot_slam_real/share/fastbot_slam_real/config/cartographer.lua
[0.454s] -- Up-to-date: /home/fastbot/ros2_ws/real/install/fastbot_slam_real/share/fastbot_slam_real/config/controller.yaml
[0.456s] -- Up-to-date: /home/fastbot/ros2_ws/real/install/fastbot_slam_real/share/fastbot_slam_real/config/behavior.xml
[0.457s] -- Up-to-date: /home/fastbot/ros2_ws/real/install/fastbot_slam_real/share/fastbot_slam_real/config/amcl_config.yaml
[0.461s] -- Up-to-date: /home/fastbot/ros2_ws/real/install/fastbot_slam_real/share/fastbot_slam_real/config/bt_navigator.yaml
[0.461s] -- Up-to-date: /home/fastbot/ros2_ws/real/install/fastbot_slam_real/share/fastbot_slam_real/maps
[0.462s] -- Up-to-date: /home/fastbot/ros2_ws/real/install/fastbot_slam_real/share/fastbot_slam_real/maps/small_apartment2.pgm
[0.464s] -- Up-to-date: /home/fastbot/ros2_ws/real/install/fastbot_slam_real/share/fastbot_slam_real/maps/small_apartment.pgm
[0.464s] -- Up-to-date: /home/fastbot/ros2_ws/real/install/fastbot_slam_real/share/fastbot_slam_real/maps/small_apartment_rotated2.pgm
[0.465s] -- Up-to-date: /home/fastbot/ros2_ws/real/install/fastbot_slam_real/share/fastbot_slam_real/maps/cozy_room.pgm
[0.465s] -- Up-to-date: /home/fastbot/ros2_ws/real/install/fastbot_slam_real/share/fastbot_slam_real/maps/small_apartment2.yaml
[0.467s] -- Up-to-date: /home/fastbot/ros2_ws/real/install/fastbot_slam_real/share/fastbot_slam_real/maps/cozy_room.yaml
[0.468s] -- Up-to-date: /home/fastbot/ros2_ws/real/install/fastbot_slam_real/share/fastbot_slam_real/maps/small_indoor_scenario_edited_map_hector_mapping.pgm
[0.468s] -- Up-to-date: /home/fastbot/ros2_ws/real/install/fastbot_slam_real/share/fastbot_slam_real/maps/small_apartment_rotated.pgm
[0.469s] -- Up-to-date: /home/fastbot/ros2_ws/real/install/fastbot_slam_real/share/fastbot_slam_real/maps/small_indoor_scenario_edited_map_hector_mapping.yaml
[0.483s] -- Up-to-date: /home/fastbot/ros2_ws/real/install/fastbot_slam_real/share/fastbot_slam_real/maps/small_apartment.yaml
[0.485s] -- Up-to-date: /home/fastbot/ros2_ws/real/install/fastbot_slam_real/share/fastbot_slam_real/rviz
[0.487s] -- Up-to-date: /home/fastbot/ros2_ws/real/install/fastbot_slam_real/share/fastbot_slam_real/rviz/nav.rviz
[0.489s] -- Up-to-date: /home/fastbot/ros2_ws/real/install/fastbot_slam_real/share/ament_index/resource_index/package_run_dependencies/fastbot_slam_real
[0.493s] -- Up-to-date: /home/fastbot/ros2_ws/real/install/fastbot_slam_real/share/ament_index/resource_index/parent_prefix_path/fastbot_slam_real
[0.494s] -- Up-to-date: /home/fastbot/ros2_ws/real/install/fastbot_slam_real/share/fastbot_slam_real/environment/ament_prefix_path.sh
[0.496s] -- Up-to-date: /home/fastbot/ros2_ws/real/install/fastbot_slam_real/share/fastbot_slam_real/environment/ament_prefix_path.dsv
[0.498s] -- Up-to-date: /home/fastbot/ros2_ws/real/install/fastbot_slam_real/share/fastbot_slam_real/environment/path.sh
[0.500s] -- Up-to-date: /home/fastbot/ros2_ws/real/install/fastbot_slam_real/share/fastbot_slam_real/environment/path.dsv
[0.500s] -- Up-to-date: /home/fastbot/ros2_ws/real/install/fastbot_slam_real/share/fastbot_slam_real/local_setup.bash
[0.501s] -- Up-to-date: /home/fastbot/ros2_ws/real/install/fastbot_slam_real/share/fastbot_slam_real/local_setup.sh
[0.504s] -- Up-to-date: /home/fastbot/ros2_ws/real/install/fastbot_slam_real/share/fastbot_slam_real/local_setup.zsh
[0.519s] -- Up-to-date: /home/fastbot/ros2_ws/real/install/fastbot_slam_real/share/fastbot_slam_real/local_setup.dsv
[0.520s] -- Installing: /home/fastbot/ros2_ws/real/install/fastbot_slam_real/share/fastbot_slam_real/package.dsv
[0.521s] -- Up-to-date: /home/fastbot/ros2_ws/real/install/fastbot_slam_real/share/ament_index/resource_index/packages/fastbot_slam_real
[0.522s] -- Up-to-date: /home/fastbot/ros2_ws/real/install/fastbot_slam_real/share/fastbot_slam_real/cmake/fastbot_slam_realConfig.cmake
[0.523s] -- Up-to-date: /home/fastbot/ros2_ws/real/install/fastbot_slam_real/share/fastbot_slam_real/cmake/fastbot_slam_realConfig-version.cmake
[0.526s] -- Up-to-date: /home/fastbot/ros2_ws/real/install/fastbot_slam_real/share/fastbot_slam_real/package.xml
[0.528s] Invoked command in '/home/fastbot/ros2_ws/real/build/fastbot_slam_real' returned '0': CMAKE_PREFIX_PATH=/home/fastbot/ros2_ws/install/serial_motor:/home/fastbot/ros2_ws/install/serial_motor_msgs:/home/fastbot/ros2_ws/install/lslidar_driver:/home/fastbot/ros2_ws/install/lslidar_msgs:/home/fastbot/ros2_ws/install/fastbot_description:/home/fastbot/ros2_ws/install/fastbot_bringup:/opt/ros/humble /usr/bin/cmake --install /home/fastbot/ros2_ws/real/build/fastbot_slam_real
