-- Install configuration: ""
-- Up-to-date: /home/fastbot/ros2_ws/install/fastbot_description/share/fastbot_description/launch
-- Installing: /home/fastbot/ros2_ws/install/fastbot_description/share/fastbot_description/launch/robot_state_publisher.launch.py
-- Up-to-date: /home/fastbot/ros2_ws/install/fastbot_description/share/fastbot_description/onshape
-- Up-to-date: /home/fastbot/ros2_ws/install/fastbot_description/share/fastbot_description/onshape/robot.urdf
-- Up-to-date: /home/fastbot/ros2_ws/install/fastbot_description/share/fastbot_description/onshape/fastbot.xacro
-- Up-to-date: /home/fastbot/ros2_ws/install/fastbot_description/share/fastbot_description/onshape/assets
-- Up-to-date: /home/fastbot/ros2_ws/install/fastbot_description/share/fastbot_description/onshape/assets/base_link.part
-- Up-to-date: /home/fastbot/ros2_ws/install/fastbot_description/share/fastbot_description/onshape/assets/raspicam.part
-- Up-to-date: /home/fastbot/ros2_ws/install/fastbot_description/share/fastbot_description/onshape/assets/lslidar_n10.part
-- Up-to-date: /home/fastbot/ros2_ws/install/fastbot_description/share/fastbot_description/onshape/assets/wheel_d65x25_v1.stl
-- Up-to-date: /home/fastbot/ros2_ws/install/fastbot_description/share/fastbot_description/onshape/assets/tire_d65x25_v1.part
-- Up-to-date: /home/fastbot/ros2_ws/install/fastbot_description/share/fastbot_description/onshape/assets/tire_d65x25_v1.stl
-- Up-to-date: /home/fastbot/ros2_ws/install/fastbot_description/share/fastbot_description/onshape/assets/fastbot_motor.stl
-- Up-to-date: /home/fastbot/ros2_ws/install/fastbot_description/share/fastbot_description/onshape/assets/raspicam.stl
-- Up-to-date: /home/fastbot/ros2_ws/install/fastbot_description/share/fastbot_description/onshape/assets/pololu_ball_caster.part
-- Up-to-date: /home/fastbot/ros2_ws/install/fastbot_description/share/fastbot_description/onshape/assets/wheel_d65x25_v1.part
-- Up-to-date: /home/fastbot/ros2_ws/install/fastbot_description/share/fastbot_description/onshape/assets/fastbot_motor.part
-- Up-to-date: /home/fastbot/ros2_ws/install/fastbot_description/share/fastbot_description/onshape/assets/base_link.stl
-- Up-to-date: /home/fastbot/ros2_ws/install/fastbot_description/share/fastbot_description/onshape/assets/lslidar_n10.stl
-- Up-to-date: /home/fastbot/ros2_ws/install/fastbot_description/share/fastbot_description/onshape/assets/pololu_ball_caster.stl
-- Up-to-date: /home/fastbot/ros2_ws/install/fastbot_description/share/fastbot_description/onshape/config.json
-- Up-to-date: /home/fastbot/ros2_ws/install/fastbot_description/share/fastbot_description/onshape/api-keys.sh
-- Up-to-date: /home/fastbot/ros2_ws/install/fastbot_description/share/ament_index/resource_index/package_run_dependencies/fastbot_description
-- Up-to-date: /home/fastbot/ros2_ws/install/fastbot_description/share/ament_index/resource_index/parent_prefix_path/fastbot_description
-- Up-to-date: /home/fastbot/ros2_ws/install/fastbot_description/share/fastbot_description/environment/ament_prefix_path.sh
-- Up-to-date: /home/fastbot/ros2_ws/install/fastbot_description/share/fastbot_description/environment/ament_prefix_path.dsv
-- Up-to-date: /home/fastbot/ros2_ws/install/fastbot_description/share/fastbot_description/environment/path.sh
-- Up-to-date: /home/fastbot/ros2_ws/install/fastbot_description/share/fastbot_description/environment/path.dsv
-- Up-to-date: /home/fastbot/ros2_ws/install/fastbot_description/share/fastbot_description/local_setup.bash
-- Up-to-date: /home/fastbot/ros2_ws/install/fastbot_description/share/fastbot_description/local_setup.sh
-- Up-to-date: /home/fastbot/ros2_ws/install/fastbot_description/share/fastbot_description/local_setup.zsh
-- Up-to-date: /home/fastbot/ros2_ws/install/fastbot_description/share/fastbot_description/local_setup.dsv
-- Installing: /home/fastbot/ros2_ws/install/fastbot_description/share/fastbot_description/package.dsv
-- Up-to-date: /home/fastbot/ros2_ws/install/fastbot_description/share/ament_index/resource_index/packages/fastbot_description
-- Up-to-date: /home/fastbot/ros2_ws/install/fastbot_description/share/fastbot_description/cmake/fastbot_descriptionConfig.cmake
-- Up-to-date: /home/fastbot/ros2_ws/install/fastbot_description/share/fastbot_description/cmake/fastbot_descriptionConfig-version.cmake
-- Up-to-date: /home/fastbot/ros2_ws/install/fastbot_description/share/fastbot_description/package.xml
