[0.454s] DEBUG:colcon:Command line arguments: ['/usr/bin/colcon', 'build']
[0.454s] DEBUG:colcon:Parsed command line arguments: Namespace(log_base=None, log_level=None, verb_name='build', build_base='build', install_base='install', merge_install=False, symlink_install=False, test_result_base=None, continue_on_error=False, executor='parallel', parallel_workers=4, event_handlers=None, ignore_user_meta=False, metas=['./colcon.meta'], base_paths=['.'], packages_ignore=None, packages_ignore_regex=None, paths=None, packages_up_to=None, packages_up_to_regex=None, packages_above=None, packages_above_and_dependencies=None, packages_above_depth=None, packages_select_by_dep=None, packages_skip_by_dep=None, packages_skip_up_to=None, packages_select_build_failed=False, packages_skip_build_finished=False, packages_select_test_failures=False, packages_skip_test_passed=False, packages_select=None, packages_skip=None, packages_select_regex=None, packages_skip_regex=None, packages_start=None, packages_end=None, allow_overriding=[], cmake_args=None, cmake_target=None, cmake_target_skip_unavailable=False, cmake_clean_cache=False, cmake_clean_first=False, cmake_force_configure=False, ament_cmake_args=None, catkin_cmake_args=None, catkin_skip_building_tests=False, verb_parser=<colcon_defaults.argument_parser.defaults.DefaultArgumentsDecorator object at 0xffff9ac006a0>, verb_extension=<colcon_core.verb.build.BuildVerb object at 0xffff9ad9db10>, main=<bound method BuildVerb.main of <colcon_core.verb.build.BuildVerb object at 0xffff9ad9db10>>)
[1.241s] Level 1:colcon.colcon_core.package_discovery:discover_packages(colcon_meta) check parameters
[1.241s] Level 1:colcon.colcon_core.package_discovery:discover_packages(recursive) check parameters
[1.241s] Level 1:colcon.colcon_core.package_discovery:discover_packages(ignore) check parameters
[1.242s] Level 1:colcon.colcon_core.package_discovery:discover_packages(path) check parameters
[1.242s] Level 1:colcon.colcon_core.package_discovery:discover_packages(colcon_meta) discover
[1.242s] Level 1:colcon.colcon_core.package_discovery:discover_packages(recursive) discover
[1.242s] INFO:colcon.colcon_core.package_discovery:Crawling recursively for packages in '/home/fastbot/ros2_ws'
[1.242s] Level 1:colcon.colcon_core.package_identification:_identify(.) by extensions ['ignore', 'ignore_ament_install']
[1.243s] Level 1:colcon.colcon_core.package_identification:_identify(.) by extension 'ignore'
[1.243s] Level 1:colcon.colcon_core.package_identification:_identify(.) by extension 'ignore_ament_install'
[1.243s] Level 1:colcon.colcon_core.package_identification:_identify(.) by extensions ['colcon_pkg']
[1.243s] Level 1:colcon.colcon_core.package_identification:_identify(.) by extension 'colcon_pkg'
[1.243s] Level 1:colcon.colcon_core.package_identification:_identify(.) by extensions ['colcon_meta']
[1.244s] Level 1:colcon.colcon_core.package_identification:_identify(.) by extension 'colcon_meta'
[1.244s] Level 1:colcon.colcon_core.package_identification:_identify(.) by extensions ['ros']
[1.244s] Level 1:colcon.colcon_core.package_identification:_identify(.) by extension 'ros'
[1.290s] Level 1:colcon.colcon_core.package_identification:_identify(.) by extensions ['cmake', 'python']
[1.290s] Level 1:colcon.colcon_core.package_identification:_identify(.) by extension 'cmake'
[1.290s] Level 1:colcon.colcon_core.package_identification:_identify(.) by extension 'python'
[1.291s] Level 1:colcon.colcon_core.package_identification:_identify(.) by extensions ['python_setup_py']
[1.291s] Level 1:colcon.colcon_core.package_identification:_identify(.) by extension 'python_setup_py'
[1.291s] Level 1:colcon.colcon_core.package_identification:_identify(build) by extensions ['ignore', 'ignore_ament_install']
[1.292s] Level 1:colcon.colcon_core.package_identification:_identify(build) by extension 'ignore'
[1.292s] Level 1:colcon.colcon_core.package_identification:_identify(build) ignored
[1.292s] Level 1:colcon.colcon_core.package_identification:_identify(install) by extensions ['ignore', 'ignore_ament_install']
[1.293s] Level 1:colcon.colcon_core.package_identification:_identify(install) by extension 'ignore'
[1.293s] Level 1:colcon.colcon_core.package_identification:_identify(install) ignored
[1.293s] Level 1:colcon.colcon_core.package_identification:_identify(log) by extensions ['ignore', 'ignore_ament_install']
[1.294s] Level 1:colcon.colcon_core.package_identification:_identify(log) by extension 'ignore'
[1.294s] Level 1:colcon.colcon_core.package_identification:_identify(log) ignored
[1.294s] Level 1:colcon.colcon_core.package_identification:_identify(src) by extensions ['ignore', 'ignore_ament_install']
[1.294s] Level 1:colcon.colcon_core.package_identification:_identify(src) by extension 'ignore'
[1.295s] Level 1:colcon.colcon_core.package_identification:_identify(src) by extension 'ignore_ament_install'
[1.295s] Level 1:colcon.colcon_core.package_identification:_identify(src) by extensions ['colcon_pkg']
[1.295s] Level 1:colcon.colcon_core.package_identification:_identify(src) by extension 'colcon_pkg'
[1.295s] Level 1:colcon.colcon_core.package_identification:_identify(src) by extensions ['colcon_meta']
[1.295s] Level 1:colcon.colcon_core.package_identification:_identify(src) by extension 'colcon_meta'
[1.295s] Level 1:colcon.colcon_core.package_identification:_identify(src) by extensions ['ros']
[1.295s] Level 1:colcon.colcon_core.package_identification:_identify(src) by extension 'ros'
[1.296s] Level 1:colcon.colcon_core.package_identification:_identify(src) by extensions ['cmake', 'python']
[1.296s] Level 1:colcon.colcon_core.package_identification:_identify(src) by extension 'cmake'
[1.296s] Level 1:colcon.colcon_core.package_identification:_identify(src) by extension 'python'
[1.296s] Level 1:colcon.colcon_core.package_identification:_identify(src) by extensions ['python_setup_py']
[1.296s] Level 1:colcon.colcon_core.package_identification:_identify(src) by extension 'python_setup_py'
[1.297s] Level 1:colcon.colcon_core.package_identification:_identify(src/Lslidar_ROS2_driver) by extensions ['ignore', 'ignore_ament_install']
[1.297s] Level 1:colcon.colcon_core.package_identification:_identify(src/Lslidar_ROS2_driver) by extension 'ignore'
[1.297s] Level 1:colcon.colcon_core.package_identification:_identify(src/Lslidar_ROS2_driver) by extension 'ignore_ament_install'
[1.297s] Level 1:colcon.colcon_core.package_identification:_identify(src/Lslidar_ROS2_driver) by extensions ['colcon_pkg']
[1.298s] Level 1:colcon.colcon_core.package_identification:_identify(src/Lslidar_ROS2_driver) by extension 'colcon_pkg'
[1.298s] Level 1:colcon.colcon_core.package_identification:_identify(src/Lslidar_ROS2_driver) by extensions ['colcon_meta']
[1.298s] Level 1:colcon.colcon_core.package_identification:_identify(src/Lslidar_ROS2_driver) by extension 'colcon_meta'
[1.298s] Level 1:colcon.colcon_core.package_identification:_identify(src/Lslidar_ROS2_driver) by extensions ['ros']
[1.298s] Level 1:colcon.colcon_core.package_identification:_identify(src/Lslidar_ROS2_driver) by extension 'ros'
[1.298s] Level 1:colcon.colcon_core.package_identification:_identify(src/Lslidar_ROS2_driver) by extensions ['cmake', 'python']
[1.299s] Level 1:colcon.colcon_core.package_identification:_identify(src/Lslidar_ROS2_driver) by extension 'cmake'
[1.299s] Level 1:colcon.colcon_core.package_identification:_identify(src/Lslidar_ROS2_driver) by extension 'python'
[1.299s] Level 1:colcon.colcon_core.package_identification:_identify(src/Lslidar_ROS2_driver) by extensions ['python_setup_py']
[1.299s] Level 1:colcon.colcon_core.package_identification:_identify(src/Lslidar_ROS2_driver) by extension 'python_setup_py'
[1.299s] Level 1:colcon.colcon_core.package_identification:_identify(src/Lslidar_ROS2_driver/lslidar_driver) by extensions ['ignore', 'ignore_ament_install']
[1.300s] Level 1:colcon.colcon_core.package_identification:_identify(src/Lslidar_ROS2_driver/lslidar_driver) by extension 'ignore'
[1.300s] Level 1:colcon.colcon_core.package_identification:_identify(src/Lslidar_ROS2_driver/lslidar_driver) by extension 'ignore_ament_install'
[1.300s] Level 1:colcon.colcon_core.package_identification:_identify(src/Lslidar_ROS2_driver/lslidar_driver) by extensions ['colcon_pkg']
[1.300s] Level 1:colcon.colcon_core.package_identification:_identify(src/Lslidar_ROS2_driver/lslidar_driver) by extension 'colcon_pkg'
[1.301s] Level 1:colcon.colcon_core.package_identification:_identify(src/Lslidar_ROS2_driver/lslidar_driver) by extensions ['colcon_meta']
[1.301s] Level 1:colcon.colcon_core.package_identification:_identify(src/Lslidar_ROS2_driver/lslidar_driver) by extension 'colcon_meta'
[1.301s] Level 1:colcon.colcon_core.package_identification:_identify(src/Lslidar_ROS2_driver/lslidar_driver) by extensions ['ros']
[1.301s] Level 1:colcon.colcon_core.package_identification:_identify(src/Lslidar_ROS2_driver/lslidar_driver) by extension 'ros'
[1.310s] DEBUG:colcon.colcon_core.package_identification:Package 'src/Lslidar_ROS2_driver/lslidar_driver' with type 'ros.ament_cmake' and name 'lslidar_driver'
[1.311s] Level 1:colcon.colcon_core.package_identification:_identify(src/Lslidar_ROS2_driver/lslidar_msgs) by extensions ['ignore', 'ignore_ament_install']
[1.311s] Level 1:colcon.colcon_core.package_identification:_identify(src/Lslidar_ROS2_driver/lslidar_msgs) by extension 'ignore'
[1.311s] Level 1:colcon.colcon_core.package_identification:_identify(src/Lslidar_ROS2_driver/lslidar_msgs) by extension 'ignore_ament_install'
[1.312s] Level 1:colcon.colcon_core.package_identification:_identify(src/Lslidar_ROS2_driver/lslidar_msgs) by extensions ['colcon_pkg']
[1.312s] Level 1:colcon.colcon_core.package_identification:_identify(src/Lslidar_ROS2_driver/lslidar_msgs) by extension 'colcon_pkg'
[1.312s] Level 1:colcon.colcon_core.package_identification:_identify(src/Lslidar_ROS2_driver/lslidar_msgs) by extensions ['colcon_meta']
[1.312s] Level 1:colcon.colcon_core.package_identification:_identify(src/Lslidar_ROS2_driver/lslidar_msgs) by extension 'colcon_meta'
[1.312s] Level 1:colcon.colcon_core.package_identification:_identify(src/Lslidar_ROS2_driver/lslidar_msgs) by extensions ['ros']
[1.312s] Level 1:colcon.colcon_core.package_identification:_identify(src/Lslidar_ROS2_driver/lslidar_msgs) by extension 'ros'
[1.315s] DEBUG:colcon.colcon_core.package_identification:Package 'src/Lslidar_ROS2_driver/lslidar_msgs' with type 'ros.ament_cmake' and name 'lslidar_msgs'
[1.316s] Level 1:colcon.colcon_core.package_identification:_identify(src/fastbot_bringup) by extensions ['ignore', 'ignore_ament_install']
[1.316s] Level 1:colcon.colcon_core.package_identification:_identify(src/fastbot_bringup) by extension 'ignore'
[1.316s] Level 1:colcon.colcon_core.package_identification:_identify(src/fastbot_bringup) by extension 'ignore_ament_install'
[1.317s] Level 1:colcon.colcon_core.package_identification:_identify(src/fastbot_bringup) by extensions ['colcon_pkg']
[1.317s] Level 1:colcon.colcon_core.package_identification:_identify(src/fastbot_bringup) by extension 'colcon_pkg'
[1.317s] Level 1:colcon.colcon_core.package_identification:_identify(src/fastbot_bringup) by extensions ['colcon_meta']
[1.317s] Level 1:colcon.colcon_core.package_identification:_identify(src/fastbot_bringup) by extension 'colcon_meta'
[1.317s] Level 1:colcon.colcon_core.package_identification:_identify(src/fastbot_bringup) by extensions ['ros']
[1.318s] Level 1:colcon.colcon_core.package_identification:_identify(src/fastbot_bringup) by extension 'ros'
[1.319s] DEBUG:colcon.colcon_core.package_identification:Package 'src/fastbot_bringup' with type 'ros.ament_cmake' and name 'fastbot_bringup'
[1.320s] Level 1:colcon.colcon_core.package_identification:_identify(src/fastbot_description) by extensions ['ignore', 'ignore_ament_install']
[1.320s] Level 1:colcon.colcon_core.package_identification:_identify(src/fastbot_description) by extension 'ignore'
[1.321s] Level 1:colcon.colcon_core.package_identification:_identify(src/fastbot_description) by extension 'ignore_ament_install'
[1.321s] Level 1:colcon.colcon_core.package_identification:_identify(src/fastbot_description) by extensions ['colcon_pkg']
[1.321s] Level 1:colcon.colcon_core.package_identification:_identify(src/fastbot_description) by extension 'colcon_pkg'
[1.321s] Level 1:colcon.colcon_core.package_identification:_identify(src/fastbot_description) by extensions ['colcon_meta']
[1.321s] Level 1:colcon.colcon_core.package_identification:_identify(src/fastbot_description) by extension 'colcon_meta'
[1.322s] Level 1:colcon.colcon_core.package_identification:_identify(src/fastbot_description) by extensions ['ros']
[1.322s] Level 1:colcon.colcon_core.package_identification:_identify(src/fastbot_description) by extension 'ros'
[1.325s] DEBUG:colcon.colcon_core.package_identification:Package 'src/fastbot_description' with type 'ros.ament_cmake' and name 'fastbot_description'
[1.325s] Level 1:colcon.colcon_core.package_identification:_identify(src/msg) by extensions ['ignore', 'ignore_ament_install']
[1.326s] Level 1:colcon.colcon_core.package_identification:_identify(src/msg) by extension 'ignore'
[1.326s] Level 1:colcon.colcon_core.package_identification:_identify(src/msg) by extension 'ignore_ament_install'
[1.326s] Level 1:colcon.colcon_core.package_identification:_identify(src/msg) by extensions ['colcon_pkg']
[1.326s] Level 1:colcon.colcon_core.package_identification:_identify(src/msg) by extension 'colcon_pkg'
[1.327s] Level 1:colcon.colcon_core.package_identification:_identify(src/msg) by extensions ['colcon_meta']
[1.327s] Level 1:colcon.colcon_core.package_identification:_identify(src/msg) by extension 'colcon_meta'
[1.327s] Level 1:colcon.colcon_core.package_identification:_identify(src/msg) by extensions ['ros']
[1.327s] Level 1:colcon.colcon_core.package_identification:_identify(src/msg) by extension 'ros'
[1.327s] Level 1:colcon.colcon_core.package_identification:_identify(src/msg) by extensions ['cmake', 'python']
[1.328s] Level 1:colcon.colcon_core.package_identification:_identify(src/msg) by extension 'cmake'
[1.328s] Level 1:colcon.colcon_core.package_identification:_identify(src/msg) by extension 'python'
[1.328s] Level 1:colcon.colcon_core.package_identification:_identify(src/msg) by extensions ['python_setup_py']
[1.328s] Level 1:colcon.colcon_core.package_identification:_identify(src/msg) by extension 'python_setup_py'
[1.329s] Level 1:colcon.colcon_core.package_identification:_identify(src/serial_motor) by extensions ['ignore', 'ignore_ament_install']
[1.329s] Level 1:colcon.colcon_core.package_identification:_identify(src/serial_motor) by extension 'ignore'
[1.329s] Level 1:colcon.colcon_core.package_identification:_identify(src/serial_motor) by extension 'ignore_ament_install'
[1.330s] Level 1:colcon.colcon_core.package_identification:_identify(src/serial_motor) by extensions ['colcon_pkg']
[1.330s] Level 1:colcon.colcon_core.package_identification:_identify(src/serial_motor) by extension 'colcon_pkg'
[1.330s] Level 1:colcon.colcon_core.package_identification:_identify(src/serial_motor) by extensions ['colcon_meta']
[1.330s] Level 1:colcon.colcon_core.package_identification:_identify(src/serial_motor) by extension 'colcon_meta'
[1.330s] Level 1:colcon.colcon_core.package_identification:_identify(src/serial_motor) by extensions ['ros']
[1.330s] Level 1:colcon.colcon_core.package_identification:_identify(src/serial_motor) by extension 'ros'
[1.333s] DEBUG:colcon.colcon_core.package_identification:Package 'src/serial_motor' with type 'ros.ament_python' and name 'serial_motor'
[1.333s] Level 1:colcon.colcon_core.package_identification:_identify(src/serial_motor_msgs) by extensions ['ignore', 'ignore_ament_install']
[1.334s] Level 1:colcon.colcon_core.package_identification:_identify(src/serial_motor_msgs) by extension 'ignore'
[1.334s] Level 1:colcon.colcon_core.package_identification:_identify(src/serial_motor_msgs) by extension 'ignore_ament_install'
[1.334s] Level 1:colcon.colcon_core.package_identification:_identify(src/serial_motor_msgs) by extensions ['colcon_pkg']
[1.334s] Level 1:colcon.colcon_core.package_identification:_identify(src/serial_motor_msgs) by extension 'colcon_pkg'
[1.335s] Level 1:colcon.colcon_core.package_identification:_identify(src/serial_motor_msgs) by extensions ['colcon_meta']
[1.335s] Level 1:colcon.colcon_core.package_identification:_identify(src/serial_motor_msgs) by extension 'colcon_meta'
[1.335s] Level 1:colcon.colcon_core.package_identification:_identify(src/serial_motor_msgs) by extensions ['ros']
[1.335s] Level 1:colcon.colcon_core.package_identification:_identify(src/serial_motor_msgs) by extension 'ros'
[1.337s] DEBUG:colcon.colcon_core.package_identification:Package 'src/serial_motor_msgs' with type 'ros.ament_cmake' and name 'serial_motor_msgs'
[1.337s] Level 1:colcon.colcon_core.package_discovery:discover_packages(recursive) using defaults
[1.337s] Level 1:colcon.colcon_core.package_discovery:discover_packages(ignore) discover
[1.338s] Level 1:colcon.colcon_core.package_discovery:discover_packages(ignore) using defaults
[1.338s] Level 1:colcon.colcon_core.package_discovery:discover_packages(path) discover
[1.338s] Level 1:colcon.colcon_core.package_discovery:discover_packages(path) using defaults
[1.414s] Level 1:colcon.colcon_core.package_discovery:discover_packages(prefix_path) check parameters
[1.414s] Level 1:colcon.colcon_core.package_discovery:discover_packages(prefix_path) discover
[1.418s] WARNING:colcon.colcon_ros.prefix_path.ament:The path '/home/fastbot/ros2_ws/install/serial_motor' in the environment variable AMENT_PREFIX_PATH doesn't exist
[1.419s] WARNING:colcon.colcon_ros.prefix_path.ament:The path '/home/fastbot/ros2_ws/install/serial_motor_msgs' in the environment variable AMENT_PREFIX_PATH doesn't exist
[1.419s] WARNING:colcon.colcon_ros.prefix_path.ament:The path '/home/fastbot/ros2_ws/install/lslidar_msgs' in the environment variable AMENT_PREFIX_PATH doesn't exist
[1.419s] WARNING:colcon.colcon_ros.prefix_path.ament:The path '/home/fastbot/ros2_ws/install/fastbot_description' in the environment variable AMENT_PREFIX_PATH doesn't exist
[1.419s] WARNING:colcon.colcon_ros.prefix_path.ament:The path '/home/fastbot/ros2_ws/install/fastbot_bringup' in the environment variable AMENT_PREFIX_PATH doesn't exist
[1.420s] WARNING:colcon.colcon_ros.prefix_path.catkin:The path '/home/fastbot/ros2_ws/install/serial_motor_msgs' in the environment variable CMAKE_PREFIX_PATH doesn't exist
[1.420s] WARNING:colcon.colcon_ros.prefix_path.catkin:The path '/home/fastbot/ros2_ws/install/lslidar_driver' in the environment variable CMAKE_PREFIX_PATH doesn't exist
[1.420s] WARNING:colcon.colcon_ros.prefix_path.catkin:The path '/home/fastbot/ros2_ws/install/lslidar_msgs' in the environment variable CMAKE_PREFIX_PATH doesn't exist
[1.420s] WARNING:colcon.colcon_ros.prefix_path.catkin:The path '/home/fastbot/ros2_ws/install/fastbot_description' in the environment variable CMAKE_PREFIX_PATH doesn't exist
[1.420s] WARNING:colcon.colcon_ros.prefix_path.catkin:The path '/home/fastbot/ros2_ws/install/fastbot_bringup' in the environment variable CMAKE_PREFIX_PATH doesn't exist
[1.423s] DEBUG:colcon.colcon_installed_package_information.package_discovery:Found 0 installed packages in /home/fastbot/ros2_ws/install
[1.432s] DEBUG:colcon.colcon_installed_package_information.package_discovery:Found 284 installed packages in /opt/ros/humble
[1.478s] Level 1:colcon.colcon_core.package_discovery:discover_packages(prefix_path) using defaults
[1.644s] Level 5:colcon.colcon_core.verb:set package 'fastbot_bringup' build argument 'cmake_args' from command line to 'None'
[1.644s] Level 5:colcon.colcon_core.verb:set package 'fastbot_bringup' build argument 'cmake_target' from command line to 'None'
[1.644s] Level 5:colcon.colcon_core.verb:set package 'fastbot_bringup' build argument 'cmake_target_skip_unavailable' from command line to 'False'
[1.644s] Level 5:colcon.colcon_core.verb:set package 'fastbot_bringup' build argument 'cmake_clean_cache' from command line to 'False'
[1.644s] Level 5:colcon.colcon_core.verb:set package 'fastbot_bringup' build argument 'cmake_clean_first' from command line to 'False'
[1.645s] Level 5:colcon.colcon_core.verb:set package 'fastbot_bringup' build argument 'cmake_force_configure' from command line to 'False'
[1.645s] Level 5:colcon.colcon_core.verb:set package 'fastbot_bringup' build argument 'ament_cmake_args' from command line to 'None'
[1.645s] Level 5:colcon.colcon_core.verb:set package 'fastbot_bringup' build argument 'catkin_cmake_args' from command line to 'None'
[1.645s] Level 5:colcon.colcon_core.verb:set package 'fastbot_bringup' build argument 'catkin_skip_building_tests' from command line to 'False'
[1.645s] DEBUG:colcon.colcon_core.verb:Building package 'fastbot_bringup' with the following arguments: {'ament_cmake_args': None, 'build_base': '/home/fastbot/ros2_ws/build/fastbot_bringup', 'catkin_cmake_args': None, 'catkin_skip_building_tests': False, 'cmake_args': None, 'cmake_clean_cache': False, 'cmake_clean_first': False, 'cmake_force_configure': False, 'cmake_target': None, 'cmake_target_skip_unavailable': False, 'install_base': '/home/fastbot/ros2_ws/install/fastbot_bringup', 'merge_install': False, 'path': '/home/fastbot/ros2_ws/src/fastbot_bringup', 'symlink_install': False, 'test_result_base': None}
[1.647s] Level 5:colcon.colcon_core.verb:set package 'fastbot_description' build argument 'cmake_args' from command line to 'None'
[1.647s] Level 5:colcon.colcon_core.verb:set package 'fastbot_description' build argument 'cmake_target' from command line to 'None'
[1.647s] Level 5:colcon.colcon_core.verb:set package 'fastbot_description' build argument 'cmake_target_skip_unavailable' from command line to 'False'
[1.647s] Level 5:colcon.colcon_core.verb:set package 'fastbot_description' build argument 'cmake_clean_cache' from command line to 'False'
[1.647s] Level 5:colcon.colcon_core.verb:set package 'fastbot_description' build argument 'cmake_clean_first' from command line to 'False'
[1.647s] Level 5:colcon.colcon_core.verb:set package 'fastbot_description' build argument 'cmake_force_configure' from command line to 'False'
[1.647s] Level 5:colcon.colcon_core.verb:set package 'fastbot_description' build argument 'ament_cmake_args' from command line to 'None'
[1.647s] Level 5:colcon.colcon_core.verb:set package 'fastbot_description' build argument 'catkin_cmake_args' from command line to 'None'
[1.647s] Level 5:colcon.colcon_core.verb:set package 'fastbot_description' build argument 'catkin_skip_building_tests' from command line to 'False'
[1.648s] DEBUG:colcon.colcon_core.verb:Building package 'fastbot_description' with the following arguments: {'ament_cmake_args': None, 'build_base': '/home/fastbot/ros2_ws/build/fastbot_description', 'catkin_cmake_args': None, 'catkin_skip_building_tests': False, 'cmake_args': None, 'cmake_clean_cache': False, 'cmake_clean_first': False, 'cmake_force_configure': False, 'cmake_target': None, 'cmake_target_skip_unavailable': False, 'install_base': '/home/fastbot/ros2_ws/install/fastbot_description', 'merge_install': False, 'path': '/home/fastbot/ros2_ws/src/fastbot_description', 'symlink_install': False, 'test_result_base': None}
[1.649s] Level 5:colcon.colcon_core.verb:set package 'lslidar_msgs' build argument 'cmake_args' from command line to 'None'
[1.649s] Level 5:colcon.colcon_core.verb:set package 'lslidar_msgs' build argument 'cmake_target' from command line to 'None'
[1.649s] Level 5:colcon.colcon_core.verb:set package 'lslidar_msgs' build argument 'cmake_target_skip_unavailable' from command line to 'False'
[1.649s] Level 5:colcon.colcon_core.verb:set package 'lslidar_msgs' build argument 'cmake_clean_cache' from command line to 'False'
[1.649s] Level 5:colcon.colcon_core.verb:set package 'lslidar_msgs' build argument 'cmake_clean_first' from command line to 'False'
[1.649s] Level 5:colcon.colcon_core.verb:set package 'lslidar_msgs' build argument 'cmake_force_configure' from command line to 'False'
[1.650s] Level 5:colcon.colcon_core.verb:set package 'lslidar_msgs' build argument 'ament_cmake_args' from command line to 'None'
[1.650s] Level 5:colcon.colcon_core.verb:set package 'lslidar_msgs' build argument 'catkin_cmake_args' from command line to 'None'
[1.650s] Level 5:colcon.colcon_core.verb:set package 'lslidar_msgs' build argument 'catkin_skip_building_tests' from command line to 'False'
[1.650s] DEBUG:colcon.colcon_core.verb:Building package 'lslidar_msgs' with the following arguments: {'ament_cmake_args': None, 'build_base': '/home/fastbot/ros2_ws/build/lslidar_msgs', 'catkin_cmake_args': None, 'catkin_skip_building_tests': False, 'cmake_args': None, 'cmake_clean_cache': False, 'cmake_clean_first': False, 'cmake_force_configure': False, 'cmake_target': None, 'cmake_target_skip_unavailable': False, 'install_base': '/home/fastbot/ros2_ws/install/lslidar_msgs', 'merge_install': False, 'path': '/home/fastbot/ros2_ws/src/Lslidar_ROS2_driver/lslidar_msgs', 'symlink_install': False, 'test_result_base': None}
[1.651s] Level 5:colcon.colcon_core.verb:set package 'serial_motor_msgs' build argument 'cmake_args' from command line to 'None'
[1.651s] Level 5:colcon.colcon_core.verb:set package 'serial_motor_msgs' build argument 'cmake_target' from command line to 'None'
[1.652s] Level 5:colcon.colcon_core.verb:set package 'serial_motor_msgs' build argument 'cmake_target_skip_unavailable' from command line to 'False'
[1.652s] Level 5:colcon.colcon_core.verb:set package 'serial_motor_msgs' build argument 'cmake_clean_cache' from command line to 'False'
[1.652s] Level 5:colcon.colcon_core.verb:set package 'serial_motor_msgs' build argument 'cmake_clean_first' from command line to 'False'
[1.652s] Level 5:colcon.colcon_core.verb:set package 'serial_motor_msgs' build argument 'cmake_force_configure' from command line to 'False'
[1.652s] Level 5:colcon.colcon_core.verb:set package 'serial_motor_msgs' build argument 'ament_cmake_args' from command line to 'None'
[1.652s] Level 5:colcon.colcon_core.verb:set package 'serial_motor_msgs' build argument 'catkin_cmake_args' from command line to 'None'
[1.652s] Level 5:colcon.colcon_core.verb:set package 'serial_motor_msgs' build argument 'catkin_skip_building_tests' from command line to 'False'
[1.652s] DEBUG:colcon.colcon_core.verb:Building package 'serial_motor_msgs' with the following arguments: {'ament_cmake_args': None, 'build_base': '/home/fastbot/ros2_ws/build/serial_motor_msgs', 'catkin_cmake_args': None, 'catkin_skip_building_tests': False, 'cmake_args': None, 'cmake_clean_cache': False, 'cmake_clean_first': False, 'cmake_force_configure': False, 'cmake_target': None, 'cmake_target_skip_unavailable': False, 'install_base': '/home/fastbot/ros2_ws/install/serial_motor_msgs', 'merge_install': False, 'path': '/home/fastbot/ros2_ws/src/serial_motor_msgs', 'symlink_install': False, 'test_result_base': None}
[1.654s] Level 5:colcon.colcon_core.verb:set package 'lslidar_driver' build argument 'cmake_args' from command line to 'None'
[1.654s] Level 5:colcon.colcon_core.verb:set package 'lslidar_driver' build argument 'cmake_target' from command line to 'None'
[1.654s] Level 5:colcon.colcon_core.verb:set package 'lslidar_driver' build argument 'cmake_target_skip_unavailable' from command line to 'False'
[1.654s] Level 5:colcon.colcon_core.verb:set package 'lslidar_driver' build argument 'cmake_clean_cache' from command line to 'False'
[1.654s] Level 5:colcon.colcon_core.verb:set package 'lslidar_driver' build argument 'cmake_clean_first' from command line to 'False'
[1.654s] Level 5:colcon.colcon_core.verb:set package 'lslidar_driver' build argument 'cmake_force_configure' from command line to 'False'
[1.654s] Level 5:colcon.colcon_core.verb:set package 'lslidar_driver' build argument 'ament_cmake_args' from command line to 'None'
[1.654s] Level 5:colcon.colcon_core.verb:set package 'lslidar_driver' build argument 'catkin_cmake_args' from command line to 'None'
[1.654s] Level 5:colcon.colcon_core.verb:set package 'lslidar_driver' build argument 'catkin_skip_building_tests' from command line to 'False'
[1.655s] DEBUG:colcon.colcon_core.verb:Building package 'lslidar_driver' with the following arguments: {'ament_cmake_args': None, 'build_base': '/home/fastbot/ros2_ws/build/lslidar_driver', 'catkin_cmake_args': None, 'catkin_skip_building_tests': False, 'cmake_args': None, 'cmake_clean_cache': False, 'cmake_clean_first': False, 'cmake_force_configure': False, 'cmake_target': None, 'cmake_target_skip_unavailable': False, 'install_base': '/home/fastbot/ros2_ws/install/lslidar_driver', 'merge_install': False, 'path': '/home/fastbot/ros2_ws/src/Lslidar_ROS2_driver/lslidar_driver', 'symlink_install': False, 'test_result_base': None}
[1.656s] Level 5:colcon.colcon_core.verb:set package 'serial_motor' build argument 'cmake_args' from command line to 'None'
[1.656s] Level 5:colcon.colcon_core.verb:set package 'serial_motor' build argument 'cmake_target' from command line to 'None'
[1.656s] Level 5:colcon.colcon_core.verb:set package 'serial_motor' build argument 'cmake_target_skip_unavailable' from command line to 'False'
[1.656s] Level 5:colcon.colcon_core.verb:set package 'serial_motor' build argument 'cmake_clean_cache' from command line to 'False'
[1.656s] Level 5:colcon.colcon_core.verb:set package 'serial_motor' build argument 'cmake_clean_first' from command line to 'False'
[1.656s] Level 5:colcon.colcon_core.verb:set package 'serial_motor' build argument 'cmake_force_configure' from command line to 'False'
[1.657s] Level 5:colcon.colcon_core.verb:set package 'serial_motor' build argument 'ament_cmake_args' from command line to 'None'
[1.657s] Level 5:colcon.colcon_core.verb:set package 'serial_motor' build argument 'catkin_cmake_args' from command line to 'None'
[1.657s] Level 5:colcon.colcon_core.verb:set package 'serial_motor' build argument 'catkin_skip_building_tests' from command line to 'False'
[1.657s] DEBUG:colcon.colcon_core.verb:Building package 'serial_motor' with the following arguments: {'ament_cmake_args': None, 'build_base': '/home/fastbot/ros2_ws/build/serial_motor', 'catkin_cmake_args': None, 'catkin_skip_building_tests': False, 'cmake_args': None, 'cmake_clean_cache': False, 'cmake_clean_first': False, 'cmake_force_configure': False, 'cmake_target': None, 'cmake_target_skip_unavailable': False, 'install_base': '/home/fastbot/ros2_ws/install/serial_motor', 'merge_install': False, 'path': '/home/fastbot/ros2_ws/src/serial_motor', 'symlink_install': False, 'test_result_base': None}
[1.657s] INFO:colcon.colcon_core.executor:Executing jobs using 'parallel' executor
[1.661s] DEBUG:colcon.colcon_parallel_executor.executor.parallel:run_until_complete
[1.662s] INFO:colcon.colcon_ros.task.ament_cmake.build:Building ROS package in '/home/fastbot/ros2_ws/src/Lslidar_ROS2_driver/lslidar_msgs' with build type 'ament_cmake'
[1.662s] INFO:colcon.colcon_cmake.task.cmake.build:Building CMake package in '/home/fastbot/ros2_ws/src/Lslidar_ROS2_driver/lslidar_msgs'
[1.671s] INFO:colcon.colcon_core.plugin_system:Skipping extension 'colcon_core.shell.bat': Not used on non-Windows systems
[1.672s] INFO:colcon.colcon_core.shell:Skip shell extension 'powershell' for command environment: Not usable outside of PowerShell
[1.672s] DEBUG:colcon.colcon_core.shell:Skip shell extension 'dsv' for command environment
[1.689s] INFO:colcon.colcon_ros.task.ament_cmake.build:Building ROS package in '/home/fastbot/ros2_ws/src/serial_motor_msgs' with build type 'ament_cmake'
[1.690s] INFO:colcon.colcon_cmake.task.cmake.build:Building CMake package in '/home/fastbot/ros2_ws/src/serial_motor_msgs'
[1.691s] INFO:colcon.colcon_core.shell:Skip shell extension 'powershell' for command environment: Not usable outside of PowerShell
[1.691s] DEBUG:colcon.colcon_core.shell:Skip shell extension 'dsv' for command environment
[1.708s] INFO:colcon.colcon_ros.task.ament_cmake.build:Building ROS package in '/home/fastbot/ros2_ws/src/fastbot_bringup' with build type 'ament_cmake'
[1.709s] INFO:colcon.colcon_cmake.task.cmake.build:Building CMake package in '/home/fastbot/ros2_ws/src/fastbot_bringup'
[1.710s] INFO:colcon.colcon_core.shell:Skip shell extension 'powershell' for command environment: Not usable outside of PowerShell
[1.711s] DEBUG:colcon.colcon_core.shell:Skip shell extension 'dsv' for command environment
[1.727s] INFO:colcon.colcon_ros.task.ament_cmake.build:Building ROS package in '/home/fastbot/ros2_ws/src/fastbot_description' with build type 'ament_cmake'
[1.728s] INFO:colcon.colcon_cmake.task.cmake.build:Building CMake package in '/home/fastbot/ros2_ws/src/fastbot_description'
[1.729s] INFO:colcon.colcon_core.shell:Skip shell extension 'powershell' for command environment: Not usable outside of PowerShell
[1.729s] DEBUG:colcon.colcon_core.shell:Skip shell extension 'dsv' for command environment
[1.765s] DEBUG:colcon.colcon_core.event_handler.log_command:Invoking command in '/home/fastbot/ros2_ws/build/lslidar_msgs': CMAKE_PREFIX_PATH=${CMAKE_PREFIX_PATH}:/home/fastbot/ros2_ws/install/serial_motor:/opt/ros/humble /usr/bin/cmake /home/fastbot/ros2_ws/src/Lslidar_ROS2_driver/lslidar_msgs -DCMAKE_INSTALL_PREFIX=/home/fastbot/ros2_ws/install/lslidar_msgs
[1.776s] DEBUG:colcon.colcon_core.event_handler.log_command:Invoking command in '/home/fastbot/ros2_ws/build/serial_motor_msgs': CMAKE_PREFIX_PATH=${CMAKE_PREFIX_PATH}:/home/fastbot/ros2_ws/install/serial_motor:/opt/ros/humble /usr/bin/cmake /home/fastbot/ros2_ws/src/serial_motor_msgs -DCMAKE_INSTALL_PREFIX=/home/fastbot/ros2_ws/install/serial_motor_msgs
[1.785s] DEBUG:colcon.colcon_core.event_handler.log_command:Invoking command in '/home/fastbot/ros2_ws/build/fastbot_bringup': CMAKE_PREFIX_PATH=${CMAKE_PREFIX_PATH}:/home/fastbot/ros2_ws/install/serial_motor:/opt/ros/humble /usr/bin/cmake /home/fastbot/ros2_ws/src/fastbot_bringup -DCMAKE_INSTALL_PREFIX=/home/fastbot/ros2_ws/install/fastbot_bringup
[1.817s] DEBUG:colcon.colcon_core.event_handler.log_command:Invoking command in '/home/fastbot/ros2_ws/build/fastbot_description': CMAKE_PREFIX_PATH=${CMAKE_PREFIX_PATH}:/home/fastbot/ros2_ws/install/serial_motor:/opt/ros/humble /usr/bin/cmake /home/fastbot/ros2_ws/src/fastbot_description -DCMAKE_INSTALL_PREFIX=/home/fastbot/ros2_ws/install/fastbot_description
[7.257s] DEBUG:colcon.colcon_core.event_handler.log_command:Invoked command in '/home/fastbot/ros2_ws/build/fastbot_bringup' returned '0': CMAKE_PREFIX_PATH=${CMAKE_PREFIX_PATH}:/home/fastbot/ros2_ws/install/serial_motor:/opt/ros/humble /usr/bin/cmake /home/fastbot/ros2_ws/src/fastbot_bringup -DCMAKE_INSTALL_PREFIX=/home/fastbot/ros2_ws/install/fastbot_bringup
[7.258s] DEBUG:colcon.colcon_core.event_handler.log_command:Invoking command in '/home/fastbot/ros2_ws/build/fastbot_bringup': CMAKE_PREFIX_PATH=${CMAKE_PREFIX_PATH}:/home/fastbot/ros2_ws/install/serial_motor:/opt/ros/humble /usr/bin/cmake --build /home/fastbot/ros2_ws/build/fastbot_bringup -- -j4 -l4
[7.293s] DEBUG:colcon.colcon_core.event_handler.log_command:Invoked command in '/home/fastbot/ros2_ws/build/fastbot_description' returned '0': CMAKE_PREFIX_PATH=${CMAKE_PREFIX_PATH}:/home/fastbot/ros2_ws/install/serial_motor:/opt/ros/humble /usr/bin/cmake /home/fastbot/ros2_ws/src/fastbot_description -DCMAKE_INSTALL_PREFIX=/home/fastbot/ros2_ws/install/fastbot_description
[7.295s] DEBUG:colcon.colcon_core.event_handler.log_command:Invoking command in '/home/fastbot/ros2_ws/build/fastbot_description': CMAKE_PREFIX_PATH=${CMAKE_PREFIX_PATH}:/home/fastbot/ros2_ws/install/serial_motor:/opt/ros/humble /usr/bin/cmake --build /home/fastbot/ros2_ws/build/fastbot_description -- -j4 -l4
[7.424s] DEBUG:colcon.colcon_core.event_handler.log_command:Invoked command in '/home/fastbot/ros2_ws/build/fastbot_bringup' returned '0': CMAKE_PREFIX_PATH=${CMAKE_PREFIX_PATH}:/home/fastbot/ros2_ws/install/serial_motor:/opt/ros/humble /usr/bin/cmake --build /home/fastbot/ros2_ws/build/fastbot_bringup -- -j4 -l4
[7.469s] DEBUG:colcon.colcon_core.event_handler.log_command:Invoking command in '/home/fastbot/ros2_ws/build/fastbot_bringup': CMAKE_PREFIX_PATH=${CMAKE_PREFIX_PATH}:/home/fastbot/ros2_ws/install/serial_motor:/opt/ros/humble /usr/bin/cmake --install /home/fastbot/ros2_ws/build/fastbot_bringup
[7.477s] DEBUG:colcon.colcon_core.event_handler.log_command:Invoked command in '/home/fastbot/ros2_ws/build/fastbot_description' returned '0': CMAKE_PREFIX_PATH=${CMAKE_PREFIX_PATH}:/home/fastbot/ros2_ws/install/serial_motor:/opt/ros/humble /usr/bin/cmake --build /home/fastbot/ros2_ws/build/fastbot_description -- -j4 -l4
[7.482s] DEBUG:colcon.colcon_core.event_handler.log_command:Invoking command in '/home/fastbot/ros2_ws/build/fastbot_description': CMAKE_PREFIX_PATH=${CMAKE_PREFIX_PATH}:/home/fastbot/ros2_ws/install/serial_motor:/opt/ros/humble /usr/bin/cmake --install /home/fastbot/ros2_ws/build/fastbot_description
[7.541s] Level 1:colcon.colcon_core.environment:create_environment_scripts_only(fastbot_bringup)
[7.555s] Level 1:colcon.colcon_core.environment:checking '/home/fastbot/ros2_ws/install/fastbot_bringup' for CMake module files
[7.558s] Level 1:colcon.colcon_core.environment:checking '/home/fastbot/ros2_ws/install/fastbot_bringup' for CMake config files
[7.559s] Level 1:colcon.colcon_core.shell:create_environment_hook('fastbot_bringup', 'cmake_prefix_path')
[7.560s] INFO:colcon.colcon_core.shell:Creating environment hook '/home/fastbot/ros2_ws/install/fastbot_bringup/share/fastbot_bringup/hook/cmake_prefix_path.ps1'
[7.563s] DEBUG:colcon.colcon_core.event_handler.log_command:Invoked command in '/home/fastbot/ros2_ws/build/fastbot_bringup' returned '0': CMAKE_PREFIX_PATH=${CMAKE_PREFIX_PATH}:/home/fastbot/ros2_ws/install/serial_motor:/opt/ros/humble /usr/bin/cmake --install /home/fastbot/ros2_ws/build/fastbot_bringup
[7.567s] INFO:colcon.colcon_core.shell:Creating environment descriptor '/home/fastbot/ros2_ws/install/fastbot_bringup/share/fastbot_bringup/hook/cmake_prefix_path.dsv'
[7.570s] INFO:colcon.colcon_core.shell:Creating environment hook '/home/fastbot/ros2_ws/install/fastbot_bringup/share/fastbot_bringup/hook/cmake_prefix_path.sh'
[7.574s] Level 1:colcon.colcon_core.environment:checking '/home/fastbot/ros2_ws/install/fastbot_bringup/bin'
[7.575s] Level 1:colcon.colcon_core.environment:checking '/home/fastbot/ros2_ws/install/fastbot_bringup/lib/pkgconfig/fastbot_bringup.pc'
[7.576s] Level 1:colcon.colcon_core.environment:checking '/home/fastbot/ros2_ws/install/fastbot_bringup/lib/python3.10/site-packages'
[7.577s] Level 1:colcon.colcon_core.environment:checking '/home/fastbot/ros2_ws/install/fastbot_bringup/bin'
[7.579s] INFO:colcon.colcon_core.shell:Creating package script '/home/fastbot/ros2_ws/install/fastbot_bringup/share/fastbot_bringup/package.ps1'
[7.585s] INFO:colcon.colcon_core.shell:Creating package descriptor '/home/fastbot/ros2_ws/install/fastbot_bringup/share/fastbot_bringup/package.dsv'
[7.588s] INFO:colcon.colcon_core.shell:Creating package script '/home/fastbot/ros2_ws/install/fastbot_bringup/share/fastbot_bringup/package.sh'
[7.591s] INFO:colcon.colcon_core.shell:Creating package script '/home/fastbot/ros2_ws/install/fastbot_bringup/share/fastbot_bringup/package.bash'
[7.595s] INFO:colcon.colcon_core.shell:Creating package script '/home/fastbot/ros2_ws/install/fastbot_bringup/share/fastbot_bringup/package.zsh'
[7.599s] Level 1:colcon.colcon_core.environment:create_file_with_runtime_dependencies(/home/fastbot/ros2_ws/install/fastbot_bringup/share/colcon-core/packages/fastbot_bringup)
[7.604s] Level 1:colcon.colcon_core.environment:create_environment_scripts_only(fastbot_bringup)
[7.605s] Level 1:colcon.colcon_core.environment:checking '/home/fastbot/ros2_ws/install/fastbot_bringup' for CMake module files
[7.608s] Level 1:colcon.colcon_core.environment:checking '/home/fastbot/ros2_ws/install/fastbot_bringup' for CMake config files
[7.610s] Level 1:colcon.colcon_core.shell:create_environment_hook('fastbot_bringup', 'cmake_prefix_path')
[7.611s] INFO:colcon.colcon_core.shell:Creating environment hook '/home/fastbot/ros2_ws/install/fastbot_bringup/share/fastbot_bringup/hook/cmake_prefix_path.ps1'
[7.613s] INFO:colcon.colcon_core.shell:Creating environment descriptor '/home/fastbot/ros2_ws/install/fastbot_bringup/share/fastbot_bringup/hook/cmake_prefix_path.dsv'
[7.615s] INFO:colcon.colcon_core.shell:Creating environment hook '/home/fastbot/ros2_ws/install/fastbot_bringup/share/fastbot_bringup/hook/cmake_prefix_path.sh'
[7.618s] Level 1:colcon.colcon_core.environment:checking '/home/fastbot/ros2_ws/install/fastbot_bringup/bin'
[7.619s] Level 1:colcon.colcon_core.environment:checking '/home/fastbot/ros2_ws/install/fastbot_bringup/lib/pkgconfig/fastbot_bringup.pc'
[7.620s] Level 1:colcon.colcon_core.environment:checking '/home/fastbot/ros2_ws/install/fastbot_bringup/lib/python3.10/site-packages'
[7.621s] Level 1:colcon.colcon_core.environment:checking '/home/fastbot/ros2_ws/install/fastbot_bringup/bin'
[7.623s] INFO:colcon.colcon_core.shell:Creating package script '/home/fastbot/ros2_ws/install/fastbot_bringup/share/fastbot_bringup/package.ps1'
[7.626s] INFO:colcon.colcon_core.shell:Creating package descriptor '/home/fastbot/ros2_ws/install/fastbot_bringup/share/fastbot_bringup/package.dsv'
[7.629s] INFO:colcon.colcon_core.shell:Creating package script '/home/fastbot/ros2_ws/install/fastbot_bringup/share/fastbot_bringup/package.sh'
[7.631s] INFO:colcon.colcon_core.shell:Creating package script '/home/fastbot/ros2_ws/install/fastbot_bringup/share/fastbot_bringup/package.bash'
[7.634s] INFO:colcon.colcon_core.shell:Creating package script '/home/fastbot/ros2_ws/install/fastbot_bringup/share/fastbot_bringup/package.zsh'
[7.636s] Level 1:colcon.colcon_core.environment:create_file_with_runtime_dependencies(/home/fastbot/ros2_ws/install/fastbot_bringup/share/colcon-core/packages/fastbot_bringup)
[7.876s] Level 1:colcon.colcon_core.environment:create_environment_scripts_only(fastbot_description)
[7.878s] Level 1:colcon.colcon_core.environment:checking '/home/fastbot/ros2_ws/install/fastbot_description' for CMake module files
[7.879s] DEBUG:colcon.colcon_core.event_handler.log_command:Invoked command in '/home/fastbot/ros2_ws/build/fastbot_description' returned '0': CMAKE_PREFIX_PATH=${CMAKE_PREFIX_PATH}:/home/fastbot/ros2_ws/install/serial_motor:/opt/ros/humble /usr/bin/cmake --install /home/fastbot/ros2_ws/build/fastbot_description
[7.882s] Level 1:colcon.colcon_core.environment:checking '/home/fastbot/ros2_ws/install/fastbot_description' for CMake config files
[7.883s] Level 1:colcon.colcon_core.shell:create_environment_hook('fastbot_description', 'cmake_prefix_path')
[7.884s] INFO:colcon.colcon_core.shell:Creating environment hook '/home/fastbot/ros2_ws/install/fastbot_description/share/fastbot_description/hook/cmake_prefix_path.ps1'
[7.887s] INFO:colcon.colcon_core.shell:Creating environment descriptor '/home/fastbot/ros2_ws/install/fastbot_description/share/fastbot_description/hook/cmake_prefix_path.dsv'
[7.890s] INFO:colcon.colcon_core.shell:Creating environment hook '/home/fastbot/ros2_ws/install/fastbot_description/share/fastbot_description/hook/cmake_prefix_path.sh'
[7.893s] Level 1:colcon.colcon_core.environment:checking '/home/fastbot/ros2_ws/install/fastbot_description/bin'
[7.894s] Level 1:colcon.colcon_core.environment:checking '/home/fastbot/ros2_ws/install/fastbot_description/lib/pkgconfig/fastbot_description.pc'
[7.895s] Level 1:colcon.colcon_core.environment:checking '/home/fastbot/ros2_ws/install/fastbot_description/lib/python3.10/site-packages'
[7.896s] Level 1:colcon.colcon_core.environment:checking '/home/fastbot/ros2_ws/install/fastbot_description/bin'
[7.898s] INFO:colcon.colcon_core.shell:Creating package script '/home/fastbot/ros2_ws/install/fastbot_description/share/fastbot_description/package.ps1'
[7.900s] INFO:colcon.colcon_core.shell:Creating package descriptor '/home/fastbot/ros2_ws/install/fastbot_description/share/fastbot_description/package.dsv'
[7.903s] INFO:colcon.colcon_core.shell:Creating package script '/home/fastbot/ros2_ws/install/fastbot_description/share/fastbot_description/package.sh'
[7.905s] INFO:colcon.colcon_core.shell:Creating package script '/home/fastbot/ros2_ws/install/fastbot_description/share/fastbot_description/package.bash'
[7.906s] INFO:colcon.colcon_core.shell:Creating package script '/home/fastbot/ros2_ws/install/fastbot_description/share/fastbot_description/package.zsh'
[7.908s] Level 1:colcon.colcon_core.environment:create_file_with_runtime_dependencies(/home/fastbot/ros2_ws/install/fastbot_description/share/colcon-core/packages/fastbot_description)
[7.911s] Level 1:colcon.colcon_core.environment:create_environment_scripts_only(fastbot_description)
[7.912s] Level 1:colcon.colcon_core.environment:checking '/home/fastbot/ros2_ws/install/fastbot_description' for CMake module files
[7.915s] Level 1:colcon.colcon_core.environment:checking '/home/fastbot/ros2_ws/install/fastbot_description' for CMake config files
[7.916s] Level 1:colcon.colcon_core.shell:create_environment_hook('fastbot_description', 'cmake_prefix_path')
[7.917s] INFO:colcon.colcon_core.shell:Creating environment hook '/home/fastbot/ros2_ws/install/fastbot_description/share/fastbot_description/hook/cmake_prefix_path.ps1'
[7.920s] INFO:colcon.colcon_core.shell:Creating environment descriptor '/home/fastbot/ros2_ws/install/fastbot_description/share/fastbot_description/hook/cmake_prefix_path.dsv'
[7.922s] INFO:colcon.colcon_core.shell:Creating environment hook '/home/fastbot/ros2_ws/install/fastbot_description/share/fastbot_description/hook/cmake_prefix_path.sh'
[7.925s] Level 1:colcon.colcon_core.environment:checking '/home/fastbot/ros2_ws/install/fastbot_description/bin'
[7.926s] Level 1:colcon.colcon_core.environment:checking '/home/fastbot/ros2_ws/install/fastbot_description/lib/pkgconfig/fastbot_description.pc'
[7.927s] Level 1:colcon.colcon_core.environment:checking '/home/fastbot/ros2_ws/install/fastbot_description/lib/python3.10/site-packages'
[7.929s] Level 1:colcon.colcon_core.environment:checking '/home/fastbot/ros2_ws/install/fastbot_description/bin'
[7.930s] INFO:colcon.colcon_core.shell:Creating package script '/home/fastbot/ros2_ws/install/fastbot_description/share/fastbot_description/package.ps1'
[7.933s] INFO:colcon.colcon_core.shell:Creating package descriptor '/home/fastbot/ros2_ws/install/fastbot_description/share/fastbot_description/package.dsv'
[7.935s] INFO:colcon.colcon_core.shell:Creating package script '/home/fastbot/ros2_ws/install/fastbot_description/share/fastbot_description/package.sh'
[7.938s] INFO:colcon.colcon_core.shell:Creating package script '/home/fastbot/ros2_ws/install/fastbot_description/share/fastbot_description/package.bash'
[7.940s] INFO:colcon.colcon_core.shell:Creating package script '/home/fastbot/ros2_ws/install/fastbot_description/share/fastbot_description/package.zsh'
[7.943s] Level 1:colcon.colcon_core.environment:create_file_with_runtime_dependencies(/home/fastbot/ros2_ws/install/fastbot_description/share/colcon-core/packages/fastbot_description)
[11.891s] DEBUG:colcon.colcon_core.event_handler.log_command:Invoked command in '/home/fastbot/ros2_ws/build/serial_motor_msgs' returned '0': CMAKE_PREFIX_PATH=${CMAKE_PREFIX_PATH}:/home/fastbot/ros2_ws/install/serial_motor:/opt/ros/humble /usr/bin/cmake /home/fastbot/ros2_ws/src/serial_motor_msgs -DCMAKE_INSTALL_PREFIX=/home/fastbot/ros2_ws/install/serial_motor_msgs
[11.900s] DEBUG:colcon.colcon_core.event_handler.log_command:Invoking command in '/home/fastbot/ros2_ws/build/serial_motor_msgs': CMAKE_PREFIX_PATH=${CMAKE_PREFIX_PATH}:/home/fastbot/ros2_ws/install/serial_motor:/opt/ros/humble /usr/bin/cmake --build /home/fastbot/ros2_ws/build/serial_motor_msgs -- -j4 -l4
[13.433s] DEBUG:colcon.colcon_core.event_handler.log_command:Invoked command in '/home/fastbot/ros2_ws/build/lslidar_msgs' returned '0': CMAKE_PREFIX_PATH=${CMAKE_PREFIX_PATH}:/home/fastbot/ros2_ws/install/serial_motor:/opt/ros/humble /usr/bin/cmake /home/fastbot/ros2_ws/src/Lslidar_ROS2_driver/lslidar_msgs -DCMAKE_INSTALL_PREFIX=/home/fastbot/ros2_ws/install/lslidar_msgs
[13.441s] DEBUG:colcon.colcon_core.event_handler.log_command:Invoking command in '/home/fastbot/ros2_ws/build/lslidar_msgs': CMAKE_PREFIX_PATH=${CMAKE_PREFIX_PATH}:/home/fastbot/ros2_ws/install/serial_motor:/opt/ros/humble /usr/bin/cmake --build /home/fastbot/ros2_ws/build/lslidar_msgs -- -j4 -l4
[42.801s] DEBUG:colcon.colcon_core.event_handler.log_command:Invoked command in '/home/fastbot/ros2_ws/build/serial_motor_msgs' returned '0': CMAKE_PREFIX_PATH=${CMAKE_PREFIX_PATH}:/home/fastbot/ros2_ws/install/serial_motor:/opt/ros/humble /usr/bin/cmake --build /home/fastbot/ros2_ws/build/serial_motor_msgs -- -j4 -l4
[42.806s] DEBUG:colcon.colcon_core.event_handler.log_command:Invoking command in '/home/fastbot/ros2_ws/build/serial_motor_msgs': CMAKE_PREFIX_PATH=${CMAKE_PREFIX_PATH}:/home/fastbot/ros2_ws/install/serial_motor:/opt/ros/humble /usr/bin/cmake --install /home/fastbot/ros2_ws/build/serial_motor_msgs
[43.637s] Level 1:colcon.colcon_core.environment:create_environment_scripts_only(serial_motor_msgs)
[43.638s] Level 1:colcon.colcon_core.environment:checking '/home/fastbot/ros2_ws/install/serial_motor_msgs' for CMake module files
[43.643s] DEBUG:colcon.colcon_core.event_handler.log_command:Invoked command in '/home/fastbot/ros2_ws/build/serial_motor_msgs' returned '0': CMAKE_PREFIX_PATH=${CMAKE_PREFIX_PATH}:/home/fastbot/ros2_ws/install/serial_motor:/opt/ros/humble /usr/bin/cmake --install /home/fastbot/ros2_ws/build/serial_motor_msgs
[43.646s] Level 1:colcon.colcon_core.environment:checking '/home/fastbot/ros2_ws/install/serial_motor_msgs' for CMake config files
[43.651s] Level 1:colcon.colcon_core.shell:create_environment_hook('serial_motor_msgs', 'cmake_prefix_path')
[43.653s] INFO:colcon.colcon_core.shell:Creating environment hook '/home/fastbot/ros2_ws/install/serial_motor_msgs/share/serial_motor_msgs/hook/cmake_prefix_path.ps1'
[43.662s] INFO:colcon.colcon_core.shell:Creating environment descriptor '/home/fastbot/ros2_ws/install/serial_motor_msgs/share/serial_motor_msgs/hook/cmake_prefix_path.dsv'
[43.664s] INFO:colcon.colcon_core.shell:Creating environment hook '/home/fastbot/ros2_ws/install/serial_motor_msgs/share/serial_motor_msgs/hook/cmake_prefix_path.sh'
[43.680s] Level 1:colcon.colcon_core.environment:checking '/home/fastbot/ros2_ws/install/serial_motor_msgs/lib'
[43.681s] Level 1:colcon.colcon_core.shell:create_environment_hook('serial_motor_msgs', 'ld_library_path_lib')
[43.684s] INFO:colcon.colcon_core.shell:Creating environment hook '/home/fastbot/ros2_ws/install/serial_motor_msgs/share/serial_motor_msgs/hook/ld_library_path_lib.ps1'
[43.687s] INFO:colcon.colcon_core.shell:Creating environment descriptor '/home/fastbot/ros2_ws/install/serial_motor_msgs/share/serial_motor_msgs/hook/ld_library_path_lib.dsv'
[43.690s] INFO:colcon.colcon_core.shell:Creating environment hook '/home/fastbot/ros2_ws/install/serial_motor_msgs/share/serial_motor_msgs/hook/ld_library_path_lib.sh'
[43.699s] Level 1:colcon.colcon_core.environment:checking '/home/fastbot/ros2_ws/install/serial_motor_msgs/bin'
[43.700s] Level 1:colcon.colcon_core.environment:checking '/home/fastbot/ros2_ws/install/serial_motor_msgs/lib/pkgconfig/serial_motor_msgs.pc'
[43.702s] Level 1:colcon.colcon_core.environment:checking '/home/fastbot/ros2_ws/install/serial_motor_msgs/lib/python3.10/site-packages'
[43.704s] Level 1:colcon.colcon_core.environment:checking '/home/fastbot/ros2_ws/install/serial_motor_msgs/bin'
[43.706s] INFO:colcon.colcon_core.shell:Creating package script '/home/fastbot/ros2_ws/install/serial_motor_msgs/share/serial_motor_msgs/package.ps1'
[43.721s] INFO:colcon.colcon_core.shell:Creating package descriptor '/home/fastbot/ros2_ws/install/serial_motor_msgs/share/serial_motor_msgs/package.dsv'
[43.724s] INFO:colcon.colcon_core.shell:Creating package script '/home/fastbot/ros2_ws/install/serial_motor_msgs/share/serial_motor_msgs/package.sh'
[43.727s] INFO:colcon.colcon_core.shell:Creating package script '/home/fastbot/ros2_ws/install/serial_motor_msgs/share/serial_motor_msgs/package.bash'
[43.730s] INFO:colcon.colcon_core.shell:Creating package script '/home/fastbot/ros2_ws/install/serial_motor_msgs/share/serial_motor_msgs/package.zsh'
[43.733s] Level 1:colcon.colcon_core.environment:create_file_with_runtime_dependencies(/home/fastbot/ros2_ws/install/serial_motor_msgs/share/colcon-core/packages/serial_motor_msgs)
[43.749s] Level 1:colcon.colcon_core.environment:create_environment_scripts_only(serial_motor_msgs)
[43.750s] Level 1:colcon.colcon_core.environment:checking '/home/fastbot/ros2_ws/install/serial_motor_msgs' for CMake module files
[43.756s] Level 1:colcon.colcon_core.environment:checking '/home/fastbot/ros2_ws/install/serial_motor_msgs' for CMake config files
[43.760s] Level 1:colcon.colcon_core.shell:create_environment_hook('serial_motor_msgs', 'cmake_prefix_path')
[43.761s] INFO:colcon.colcon_core.shell:Creating environment hook '/home/fastbot/ros2_ws/install/serial_motor_msgs/share/serial_motor_msgs/hook/cmake_prefix_path.ps1'
[43.763s] INFO:colcon.colcon_core.shell:Creating environment descriptor '/home/fastbot/ros2_ws/install/serial_motor_msgs/share/serial_motor_msgs/hook/cmake_prefix_path.dsv'
[43.766s] INFO:colcon.colcon_core.shell:Creating environment hook '/home/fastbot/ros2_ws/install/serial_motor_msgs/share/serial_motor_msgs/hook/cmake_prefix_path.sh'
[43.770s] Level 1:colcon.colcon_core.environment:checking '/home/fastbot/ros2_ws/install/serial_motor_msgs/lib'
[43.771s] Level 1:colcon.colcon_core.shell:create_environment_hook('serial_motor_msgs', 'ld_library_path_lib')
[43.772s] INFO:colcon.colcon_core.shell:Creating environment hook '/home/fastbot/ros2_ws/install/serial_motor_msgs/share/serial_motor_msgs/hook/ld_library_path_lib.ps1'
[43.774s] INFO:colcon.colcon_core.shell:Creating environment descriptor '/home/fastbot/ros2_ws/install/serial_motor_msgs/share/serial_motor_msgs/hook/ld_library_path_lib.dsv'
[43.778s] INFO:colcon.colcon_core.shell:Creating environment hook '/home/fastbot/ros2_ws/install/serial_motor_msgs/share/serial_motor_msgs/hook/ld_library_path_lib.sh'
[43.781s] Level 1:colcon.colcon_core.environment:checking '/home/fastbot/ros2_ws/install/serial_motor_msgs/bin'
[43.781s] Level 1:colcon.colcon_core.environment:checking '/home/fastbot/ros2_ws/install/serial_motor_msgs/lib/pkgconfig/serial_motor_msgs.pc'
[43.783s] Level 1:colcon.colcon_core.environment:checking '/home/fastbot/ros2_ws/install/serial_motor_msgs/lib/python3.10/site-packages'
[43.784s] Level 1:colcon.colcon_core.environment:checking '/home/fastbot/ros2_ws/install/serial_motor_msgs/bin'
[43.786s] INFO:colcon.colcon_core.shell:Creating package script '/home/fastbot/ros2_ws/install/serial_motor_msgs/share/serial_motor_msgs/package.ps1'
[43.789s] INFO:colcon.colcon_core.shell:Creating package descriptor '/home/fastbot/ros2_ws/install/serial_motor_msgs/share/serial_motor_msgs/package.dsv'
[43.792s] INFO:colcon.colcon_core.shell:Creating package script '/home/fastbot/ros2_ws/install/serial_motor_msgs/share/serial_motor_msgs/package.sh'
[43.796s] INFO:colcon.colcon_core.shell:Creating package script '/home/fastbot/ros2_ws/install/serial_motor_msgs/share/serial_motor_msgs/package.bash'
[43.800s] INFO:colcon.colcon_core.shell:Creating package script '/home/fastbot/ros2_ws/install/serial_motor_msgs/share/serial_motor_msgs/package.zsh'
[43.803s] Level 1:colcon.colcon_core.environment:create_file_with_runtime_dependencies(/home/fastbot/ros2_ws/install/serial_motor_msgs/share/colcon-core/packages/serial_motor_msgs)
[43.804s] INFO:colcon.colcon_ros.task.ament_python.build:Building ROS package in '/home/fastbot/ros2_ws/src/serial_motor' with build type 'ament_python'
[43.805s] Level 1:colcon.colcon_core.shell:create_environment_hook('serial_motor', 'ament_prefix_path')
[43.806s] INFO:colcon.colcon_core.shell:Creating environment hook '/home/fastbot/ros2_ws/install/serial_motor/share/serial_motor/hook/ament_prefix_path.ps1'
[43.812s] INFO:colcon.colcon_core.shell:Creating environment descriptor '/home/fastbot/ros2_ws/install/serial_motor/share/serial_motor/hook/ament_prefix_path.dsv'
[43.815s] INFO:colcon.colcon_core.shell:Creating environment hook '/home/fastbot/ros2_ws/install/serial_motor/share/serial_motor/hook/ament_prefix_path.sh'
[43.818s] INFO:colcon.colcon_core.shell:Skip shell extension 'powershell' for command environment: Not usable outside of PowerShell
[43.818s] DEBUG:colcon.colcon_core.shell:Skip shell extension 'dsv' for command environment
[45.483s] INFO:colcon.colcon_core.task.python.build:Building Python package in '/home/fastbot/ros2_ws/src/serial_motor'
[45.484s] INFO:colcon.colcon_core.shell:Skip shell extension 'powershell' for command environment: Not usable outside of PowerShell
[45.484s] DEBUG:colcon.colcon_core.shell:Skip shell extension 'dsv' for command environment
[47.239s] DEBUG:colcon.colcon_core.event_handler.log_command:Invoking command in '/home/fastbot/ros2_ws/src/serial_motor': PYTHONPATH=/home/fastbot/ros2_ws/build/serial_motor/prefix_override:/usr/lib/python3/dist-packages/colcon_core/task/python/colcon_distutils_commands:/home/fastbot/ros2_ws/install/serial_motor/lib/python3.10/site-packages:${PYTHONPATH} /usr/bin/python3 -W ignore:setup.py install is deprecated -W ignore:easy_install command is deprecated setup.py egg_info --egg-base ../../build/serial_motor build --build-base /home/fastbot/ros2_ws/build/serial_motor/build install --record /home/fastbot/ros2_ws/build/serial_motor/install.log --single-version-externally-managed install_data
[48.857s] Level 1:colcon.colcon_core.environment:checking '/home/fastbot/ros2_ws/install/serial_motor' for CMake module files
[48.860s] Level 1:colcon.colcon_core.environment:checking '/home/fastbot/ros2_ws/install/serial_motor' for CMake config files
[48.863s] DEBUG:colcon.colcon_core.event_handler.log_command:Invoked command in '/home/fastbot/ros2_ws/src/serial_motor' returned '0': PYTHONPATH=/home/fastbot/ros2_ws/build/serial_motor/prefix_override:/usr/lib/python3/dist-packages/colcon_core/task/python/colcon_distutils_commands:/home/fastbot/ros2_ws/install/serial_motor/lib/python3.10/site-packages:${PYTHONPATH} /usr/bin/python3 -W ignore:setup.py install is deprecated -W ignore:easy_install command is deprecated setup.py egg_info --egg-base ../../build/serial_motor build --build-base /home/fastbot/ros2_ws/build/serial_motor/build install --record /home/fastbot/ros2_ws/build/serial_motor/install.log --single-version-externally-managed install_data
[48.866s] Level 1:colcon.colcon_core.environment:checking '/home/fastbot/ros2_ws/install/serial_motor/lib'
[48.866s] Level 1:colcon.colcon_core.environment:checking '/home/fastbot/ros2_ws/install/serial_motor/bin'
[48.867s] Level 1:colcon.colcon_core.environment:checking '/home/fastbot/ros2_ws/install/serial_motor/lib/pkgconfig/serial_motor.pc'
[48.868s] Level 1:colcon.colcon_core.environment:checking '/home/fastbot/ros2_ws/install/serial_motor/lib/python3.10/site-packages'
[48.868s] Level 1:colcon.colcon_core.shell:create_environment_hook('serial_motor', 'pythonpath')
[48.870s] INFO:colcon.colcon_core.shell:Creating environment hook '/home/fastbot/ros2_ws/install/serial_motor/share/serial_motor/hook/pythonpath.ps1'
[48.872s] INFO:colcon.colcon_core.shell:Creating environment descriptor '/home/fastbot/ros2_ws/install/serial_motor/share/serial_motor/hook/pythonpath.dsv'
[48.875s] INFO:colcon.colcon_core.shell:Creating environment hook '/home/fastbot/ros2_ws/install/serial_motor/share/serial_motor/hook/pythonpath.sh'
[48.878s] Level 1:colcon.colcon_core.environment:checking '/home/fastbot/ros2_ws/install/serial_motor/bin'
[48.878s] Level 1:colcon.colcon_core.environment:create_environment_scripts_only(serial_motor)
[48.880s] INFO:colcon.colcon_core.shell:Creating package script '/home/fastbot/ros2_ws/install/serial_motor/share/serial_motor/package.ps1'
[48.883s] INFO:colcon.colcon_core.shell:Creating package descriptor '/home/fastbot/ros2_ws/install/serial_motor/share/serial_motor/package.dsv'
[48.885s] INFO:colcon.colcon_core.shell:Creating package script '/home/fastbot/ros2_ws/install/serial_motor/share/serial_motor/package.sh'
[48.888s] INFO:colcon.colcon_core.shell:Creating package script '/home/fastbot/ros2_ws/install/serial_motor/share/serial_motor/package.bash'
[48.890s] INFO:colcon.colcon_core.shell:Creating package script '/home/fastbot/ros2_ws/install/serial_motor/share/serial_motor/package.zsh'
[48.892s] Level 1:colcon.colcon_core.environment:create_file_with_runtime_dependencies(/home/fastbot/ros2_ws/install/serial_motor/share/colcon-core/packages/serial_motor)
[50.816s] DEBUG:colcon.colcon_core.event_handler.log_command:Invoked command in '/home/fastbot/ros2_ws/build/lslidar_msgs' returned '0': CMAKE_PREFIX_PATH=${CMAKE_PREFIX_PATH}:/home/fastbot/ros2_ws/install/serial_motor:/opt/ros/humble /usr/bin/cmake --build /home/fastbot/ros2_ws/build/lslidar_msgs -- -j4 -l4
[50.826s] DEBUG:colcon.colcon_core.event_handler.log_command:Invoking command in '/home/fastbot/ros2_ws/build/lslidar_msgs': CMAKE_PREFIX_PATH=${CMAKE_PREFIX_PATH}:/home/fastbot/ros2_ws/install/serial_motor:/opt/ros/humble /usr/bin/cmake --install /home/fastbot/ros2_ws/build/lslidar_msgs
[51.321s] Level 1:colcon.colcon_core.environment:create_environment_scripts_only(lslidar_msgs)
[51.323s] Level 1:colcon.colcon_core.environment:checking '/home/fastbot/ros2_ws/install/lslidar_msgs' for CMake module files
[51.323s] DEBUG:colcon.colcon_core.event_handler.log_command:Invoked command in '/home/fastbot/ros2_ws/build/lslidar_msgs' returned '0': CMAKE_PREFIX_PATH=${CMAKE_PREFIX_PATH}:/home/fastbot/ros2_ws/install/serial_motor:/opt/ros/humble /usr/bin/cmake --install /home/fastbot/ros2_ws/build/lslidar_msgs
[51.327s] Level 1:colcon.colcon_core.environment:checking '/home/fastbot/ros2_ws/install/lslidar_msgs' for CMake config files
[51.330s] Level 1:colcon.colcon_core.shell:create_environment_hook('lslidar_msgs', 'cmake_prefix_path')
[51.331s] INFO:colcon.colcon_core.shell:Creating environment hook '/home/fastbot/ros2_ws/install/lslidar_msgs/share/lslidar_msgs/hook/cmake_prefix_path.ps1'
[51.333s] INFO:colcon.colcon_core.shell:Creating environment descriptor '/home/fastbot/ros2_ws/install/lslidar_msgs/share/lslidar_msgs/hook/cmake_prefix_path.dsv'
[51.334s] INFO:colcon.colcon_core.shell:Creating environment hook '/home/fastbot/ros2_ws/install/lslidar_msgs/share/lslidar_msgs/hook/cmake_prefix_path.sh'
[51.336s] Level 1:colcon.colcon_core.environment:checking '/home/fastbot/ros2_ws/install/lslidar_msgs/lib'
[51.337s] Level 1:colcon.colcon_core.shell:create_environment_hook('lslidar_msgs', 'ld_library_path_lib')
[51.338s] INFO:colcon.colcon_core.shell:Creating environment hook '/home/fastbot/ros2_ws/install/lslidar_msgs/share/lslidar_msgs/hook/ld_library_path_lib.ps1'
[51.339s] INFO:colcon.colcon_core.shell:Creating environment descriptor '/home/fastbot/ros2_ws/install/lslidar_msgs/share/lslidar_msgs/hook/ld_library_path_lib.dsv'
[51.341s] INFO:colcon.colcon_core.shell:Creating environment hook '/home/fastbot/ros2_ws/install/lslidar_msgs/share/lslidar_msgs/hook/ld_library_path_lib.sh'
[51.343s] Level 1:colcon.colcon_core.environment:checking '/home/fastbot/ros2_ws/install/lslidar_msgs/bin'
[51.343s] Level 1:colcon.colcon_core.environment:checking '/home/fastbot/ros2_ws/install/lslidar_msgs/lib/pkgconfig/lslidar_msgs.pc'
[51.344s] Level 1:colcon.colcon_core.environment:checking '/home/fastbot/ros2_ws/install/lslidar_msgs/lib/python3.10/site-packages'
[51.345s] Level 1:colcon.colcon_core.environment:checking '/home/fastbot/ros2_ws/install/lslidar_msgs/bin'
[51.346s] INFO:colcon.colcon_core.shell:Creating package script '/home/fastbot/ros2_ws/install/lslidar_msgs/share/lslidar_msgs/package.ps1'
[51.348s] INFO:colcon.colcon_core.shell:Creating package descriptor '/home/fastbot/ros2_ws/install/lslidar_msgs/share/lslidar_msgs/package.dsv'
[51.350s] INFO:colcon.colcon_core.shell:Creating package script '/home/fastbot/ros2_ws/install/lslidar_msgs/share/lslidar_msgs/package.sh'
[51.352s] INFO:colcon.colcon_core.shell:Creating package script '/home/fastbot/ros2_ws/install/lslidar_msgs/share/lslidar_msgs/package.bash'
[51.354s] INFO:colcon.colcon_core.shell:Creating package script '/home/fastbot/ros2_ws/install/lslidar_msgs/share/lslidar_msgs/package.zsh'
[51.355s] Level 1:colcon.colcon_core.environment:create_file_with_runtime_dependencies(/home/fastbot/ros2_ws/install/lslidar_msgs/share/colcon-core/packages/lslidar_msgs)
[51.358s] Level 1:colcon.colcon_core.environment:create_environment_scripts_only(lslidar_msgs)
[51.359s] Level 1:colcon.colcon_core.environment:checking '/home/fastbot/ros2_ws/install/lslidar_msgs' for CMake module files
[51.363s] Level 1:colcon.colcon_core.environment:checking '/home/fastbot/ros2_ws/install/lslidar_msgs' for CMake config files
[51.366s] Level 1:colcon.colcon_core.shell:create_environment_hook('lslidar_msgs', 'cmake_prefix_path')
[51.367s] INFO:colcon.colcon_core.shell:Creating environment hook '/home/fastbot/ros2_ws/install/lslidar_msgs/share/lslidar_msgs/hook/cmake_prefix_path.ps1'
[51.369s] INFO:colcon.colcon_core.shell:Creating environment descriptor '/home/fastbot/ros2_ws/install/lslidar_msgs/share/lslidar_msgs/hook/cmake_prefix_path.dsv'
[51.370s] INFO:colcon.colcon_core.shell:Creating environment hook '/home/fastbot/ros2_ws/install/lslidar_msgs/share/lslidar_msgs/hook/cmake_prefix_path.sh'
[51.373s] Level 1:colcon.colcon_core.environment:checking '/home/fastbot/ros2_ws/install/lslidar_msgs/lib'
[51.374s] Level 1:colcon.colcon_core.shell:create_environment_hook('lslidar_msgs', 'ld_library_path_lib')
[51.375s] INFO:colcon.colcon_core.shell:Creating environment hook '/home/fastbot/ros2_ws/install/lslidar_msgs/share/lslidar_msgs/hook/ld_library_path_lib.ps1'
[51.377s] INFO:colcon.colcon_core.shell:Creating environment descriptor '/home/fastbot/ros2_ws/install/lslidar_msgs/share/lslidar_msgs/hook/ld_library_path_lib.dsv'
[51.379s] INFO:colcon.colcon_core.shell:Creating environment hook '/home/fastbot/ros2_ws/install/lslidar_msgs/share/lslidar_msgs/hook/ld_library_path_lib.sh'
[51.380s] Level 1:colcon.colcon_core.environment:checking '/home/fastbot/ros2_ws/install/lslidar_msgs/bin'
[51.381s] Level 1:colcon.colcon_core.environment:checking '/home/fastbot/ros2_ws/install/lslidar_msgs/lib/pkgconfig/lslidar_msgs.pc'
[51.382s] Level 1:colcon.colcon_core.environment:checking '/home/fastbot/ros2_ws/install/lslidar_msgs/lib/python3.10/site-packages'
[51.382s] Level 1:colcon.colcon_core.environment:checking '/home/fastbot/ros2_ws/install/lslidar_msgs/bin'
[51.384s] INFO:colcon.colcon_core.shell:Creating package script '/home/fastbot/ros2_ws/install/lslidar_msgs/share/lslidar_msgs/package.ps1'
[51.386s] INFO:colcon.colcon_core.shell:Creating package descriptor '/home/fastbot/ros2_ws/install/lslidar_msgs/share/lslidar_msgs/package.dsv'
[51.388s] INFO:colcon.colcon_core.shell:Creating package script '/home/fastbot/ros2_ws/install/lslidar_msgs/share/lslidar_msgs/package.sh'
[51.390s] INFO:colcon.colcon_core.shell:Creating package script '/home/fastbot/ros2_ws/install/lslidar_msgs/share/lslidar_msgs/package.bash'
[51.393s] INFO:colcon.colcon_core.shell:Creating package script '/home/fastbot/ros2_ws/install/lslidar_msgs/share/lslidar_msgs/package.zsh'
[51.395s] Level 1:colcon.colcon_core.environment:create_file_with_runtime_dependencies(/home/fastbot/ros2_ws/install/lslidar_msgs/share/colcon-core/packages/lslidar_msgs)
[51.396s] INFO:colcon.colcon_ros.task.ament_cmake.build:Building ROS package in '/home/fastbot/ros2_ws/src/Lslidar_ROS2_driver/lslidar_driver' with build type 'ament_cmake'
[51.397s] INFO:colcon.colcon_cmake.task.cmake.build:Building CMake package in '/home/fastbot/ros2_ws/src/Lslidar_ROS2_driver/lslidar_driver'
[51.398s] INFO:colcon.colcon_core.shell:Skip shell extension 'powershell' for command environment: Not usable outside of PowerShell
[51.398s] DEBUG:colcon.colcon_core.shell:Skip shell extension 'dsv' for command environment
[51.449s] DEBUG:colcon.colcon_core.event_handler.log_command:Invoking command in '/home/fastbot/ros2_ws/build/lslidar_driver': CMAKE_PREFIX_PATH=/home/fastbot/ros2_ws/install/lslidar_msgs:/home/fastbot/ros2_ws/install/serial_motor_msgs:/home/fastbot/ros2_ws/install/lslidar_driver:/home/fastbot/ros2_ws/install/fastbot_description:/home/fastbot/ros2_ws/install/fastbot_bringup:/home/fastbot/ros2_ws/install/serial_motor:/opt/ros/humble LD_LIBRARY_PATH=/home/fastbot/ros2_ws/install/lslidar_msgs/lib:/home/fastbot/ros2_ws/install/serial_motor_msgs/lib:/opt/ros/humble/opt/rviz_ogre_vendor/lib:/opt/ros/humble/lib/aarch64-linux-gnu:/opt/ros/humble/lib /usr/bin/cmake /home/fastbot/ros2_ws/src/Lslidar_ROS2_driver/lslidar_driver -DCMAKE_INSTALL_PREFIX=/home/fastbot/ros2_ws/install/lslidar_driver
[68.511s] DEBUG:colcon.colcon_core.event_handler.log_command:Invoked command in '/home/fastbot/ros2_ws/build/lslidar_driver' returned '0': CMAKE_PREFIX_PATH=/home/fastbot/ros2_ws/install/lslidar_msgs:/home/fastbot/ros2_ws/install/serial_motor_msgs:/home/fastbot/ros2_ws/install/lslidar_driver:/home/fastbot/ros2_ws/install/fastbot_description:/home/fastbot/ros2_ws/install/fastbot_bringup:/home/fastbot/ros2_ws/install/serial_motor:/opt/ros/humble LD_LIBRARY_PATH=/home/fastbot/ros2_ws/install/lslidar_msgs/lib:/home/fastbot/ros2_ws/install/serial_motor_msgs/lib:/opt/ros/humble/opt/rviz_ogre_vendor/lib:/opt/ros/humble/lib/aarch64-linux-gnu:/opt/ros/humble/lib /usr/bin/cmake /home/fastbot/ros2_ws/src/Lslidar_ROS2_driver/lslidar_driver -DCMAKE_INSTALL_PREFIX=/home/fastbot/ros2_ws/install/lslidar_driver
[68.520s] DEBUG:colcon.colcon_core.event_handler.log_command:Invoking command in '/home/fastbot/ros2_ws/build/lslidar_driver': CMAKE_PREFIX_PATH=/home/fastbot/ros2_ws/install/lslidar_msgs:/home/fastbot/ros2_ws/install/serial_motor_msgs:/home/fastbot/ros2_ws/install/lslidar_driver:/home/fastbot/ros2_ws/install/fastbot_description:/home/fastbot/ros2_ws/install/fastbot_bringup:/home/fastbot/ros2_ws/install/serial_motor:/opt/ros/humble LD_LIBRARY_PATH=/home/fastbot/ros2_ws/install/lslidar_msgs/lib:/home/fastbot/ros2_ws/install/serial_motor_msgs/lib:/opt/ros/humble/opt/rviz_ogre_vendor/lib:/opt/ros/humble/lib/aarch64-linux-gnu:/opt/ros/humble/lib /usr/bin/cmake --build /home/fastbot/ros2_ws/build/lslidar_driver -- -j4 -l4
[146.460s] DEBUG:colcon.colcon_core.event_handler.log_command:Invoked command in '/home/fastbot/ros2_ws/build/lslidar_driver' returned '0': CMAKE_PREFIX_PATH=/home/fastbot/ros2_ws/install/lslidar_msgs:/home/fastbot/ros2_ws/install/serial_motor_msgs:/home/fastbot/ros2_ws/install/lslidar_driver:/home/fastbot/ros2_ws/install/fastbot_description:/home/fastbot/ros2_ws/install/fastbot_bringup:/home/fastbot/ros2_ws/install/serial_motor:/opt/ros/humble LD_LIBRARY_PATH=/home/fastbot/ros2_ws/install/lslidar_msgs/lib:/home/fastbot/ros2_ws/install/serial_motor_msgs/lib:/opt/ros/humble/opt/rviz_ogre_vendor/lib:/opt/ros/humble/lib/aarch64-linux-gnu:/opt/ros/humble/lib /usr/bin/cmake --build /home/fastbot/ros2_ws/build/lslidar_driver -- -j4 -l4
[146.472s] DEBUG:colcon.colcon_core.event_handler.log_command:Invoking command in '/home/fastbot/ros2_ws/build/lslidar_driver': CMAKE_PREFIX_PATH=/home/fastbot/ros2_ws/install/lslidar_msgs:/home/fastbot/ros2_ws/install/serial_motor_msgs:/home/fastbot/ros2_ws/install/lslidar_driver:/home/fastbot/ros2_ws/install/fastbot_description:/home/fastbot/ros2_ws/install/fastbot_bringup:/home/fastbot/ros2_ws/install/serial_motor:/opt/ros/humble LD_LIBRARY_PATH=/home/fastbot/ros2_ws/install/lslidar_msgs/lib:/home/fastbot/ros2_ws/install/serial_motor_msgs/lib:/opt/ros/humble/opt/rviz_ogre_vendor/lib:/opt/ros/humble/lib/aarch64-linux-gnu:/opt/ros/humble/lib /usr/bin/cmake --install /home/fastbot/ros2_ws/build/lslidar_driver
[146.573s] Level 1:colcon.colcon_core.environment:create_environment_scripts_only(lslidar_driver)
[146.574s] Level 1:colcon.colcon_core.environment:checking '/home/fastbot/ros2_ws/install/lslidar_driver' for CMake module files
[146.575s] DEBUG:colcon.colcon_core.event_handler.log_command:Invoked command in '/home/fastbot/ros2_ws/build/lslidar_driver' returned '0': CMAKE_PREFIX_PATH=/home/fastbot/ros2_ws/install/lslidar_msgs:/home/fastbot/ros2_ws/install/serial_motor_msgs:/home/fastbot/ros2_ws/install/lslidar_driver:/home/fastbot/ros2_ws/install/fastbot_description:/home/fastbot/ros2_ws/install/fastbot_bringup:/home/fastbot/ros2_ws/install/serial_motor:/opt/ros/humble LD_LIBRARY_PATH=/home/fastbot/ros2_ws/install/lslidar_msgs/lib:/home/fastbot/ros2_ws/install/serial_motor_msgs/lib:/opt/ros/humble/opt/rviz_ogre_vendor/lib:/opt/ros/humble/lib/aarch64-linux-gnu:/opt/ros/humble/lib /usr/bin/cmake --install /home/fastbot/ros2_ws/build/lslidar_driver
[146.578s] Level 1:colcon.colcon_core.environment:checking '/home/fastbot/ros2_ws/install/lslidar_driver' for CMake config files
[146.579s] Level 1:colcon.colcon_core.shell:create_environment_hook('lslidar_driver', 'cmake_prefix_path')
[146.580s] INFO:colcon.colcon_core.shell:Creating environment hook '/home/fastbot/ros2_ws/install/lslidar_driver/share/lslidar_driver/hook/cmake_prefix_path.ps1'
[146.582s] INFO:colcon.colcon_core.shell:Creating environment descriptor '/home/fastbot/ros2_ws/install/lslidar_driver/share/lslidar_driver/hook/cmake_prefix_path.dsv'
[146.584s] INFO:colcon.colcon_core.shell:Creating environment hook '/home/fastbot/ros2_ws/install/lslidar_driver/share/lslidar_driver/hook/cmake_prefix_path.sh'
[146.586s] Level 1:colcon.colcon_core.environment:checking '/home/fastbot/ros2_ws/install/lslidar_driver/lib'
[146.586s] Level 1:colcon.colcon_core.environment:checking '/home/fastbot/ros2_ws/install/lslidar_driver/bin'
[146.587s] Level 1:colcon.colcon_core.environment:checking '/home/fastbot/ros2_ws/install/lslidar_driver/lib/pkgconfig/lslidar_driver.pc'
[146.588s] Level 1:colcon.colcon_core.environment:checking '/home/fastbot/ros2_ws/install/lslidar_driver/lib/python3.10/site-packages'
[146.588s] Level 1:colcon.colcon_core.environment:checking '/home/fastbot/ros2_ws/install/lslidar_driver/bin'
[146.590s] INFO:colcon.colcon_core.shell:Creating package script '/home/fastbot/ros2_ws/install/lslidar_driver/share/lslidar_driver/package.ps1'
[146.592s] INFO:colcon.colcon_core.shell:Creating package descriptor '/home/fastbot/ros2_ws/install/lslidar_driver/share/lslidar_driver/package.dsv'
[146.594s] INFO:colcon.colcon_core.shell:Creating package script '/home/fastbot/ros2_ws/install/lslidar_driver/share/lslidar_driver/package.sh'
[146.596s] INFO:colcon.colcon_core.shell:Creating package script '/home/fastbot/ros2_ws/install/lslidar_driver/share/lslidar_driver/package.bash'
[146.597s] INFO:colcon.colcon_core.shell:Creating package script '/home/fastbot/ros2_ws/install/lslidar_driver/share/lslidar_driver/package.zsh'
[146.599s] Level 1:colcon.colcon_core.environment:create_file_with_runtime_dependencies(/home/fastbot/ros2_ws/install/lslidar_driver/share/colcon-core/packages/lslidar_driver)
[146.601s] Level 1:colcon.colcon_core.environment:create_environment_scripts_only(lslidar_driver)
[146.602s] Level 1:colcon.colcon_core.environment:checking '/home/fastbot/ros2_ws/install/lslidar_driver' for CMake module files
[146.605s] Level 1:colcon.colcon_core.environment:checking '/home/fastbot/ros2_ws/install/lslidar_driver' for CMake config files
[146.606s] Level 1:colcon.colcon_core.shell:create_environment_hook('lslidar_driver', 'cmake_prefix_path')
[146.607s] INFO:colcon.colcon_core.shell:Creating environment hook '/home/fastbot/ros2_ws/install/lslidar_driver/share/lslidar_driver/hook/cmake_prefix_path.ps1'
[146.609s] INFO:colcon.colcon_core.shell:Creating environment descriptor '/home/fastbot/ros2_ws/install/lslidar_driver/share/lslidar_driver/hook/cmake_prefix_path.dsv'
[146.611s] INFO:colcon.colcon_core.shell:Creating environment hook '/home/fastbot/ros2_ws/install/lslidar_driver/share/lslidar_driver/hook/cmake_prefix_path.sh'
[146.613s] Level 1:colcon.colcon_core.environment:checking '/home/fastbot/ros2_ws/install/lslidar_driver/lib'
[146.614s] Level 1:colcon.colcon_core.environment:checking '/home/fastbot/ros2_ws/install/lslidar_driver/bin'
[146.614s] Level 1:colcon.colcon_core.environment:checking '/home/fastbot/ros2_ws/install/lslidar_driver/lib/pkgconfig/lslidar_driver.pc'
[146.615s] Level 1:colcon.colcon_core.environment:checking '/home/fastbot/ros2_ws/install/lslidar_driver/lib/python3.10/site-packages'
[146.616s] Level 1:colcon.colcon_core.environment:checking '/home/fastbot/ros2_ws/install/lslidar_driver/bin'
[146.617s] INFO:colcon.colcon_core.shell:Creating package script '/home/fastbot/ros2_ws/install/lslidar_driver/share/lslidar_driver/package.ps1'
[146.619s] INFO:colcon.colcon_core.shell:Creating package descriptor '/home/fastbot/ros2_ws/install/lslidar_driver/share/lslidar_driver/package.dsv'
[146.621s] INFO:colcon.colcon_core.shell:Creating package script '/home/fastbot/ros2_ws/install/lslidar_driver/share/lslidar_driver/package.sh'
[146.623s] INFO:colcon.colcon_core.shell:Creating package script '/home/fastbot/ros2_ws/install/lslidar_driver/share/lslidar_driver/package.bash'
[146.625s] INFO:colcon.colcon_core.shell:Creating package script '/home/fastbot/ros2_ws/install/lslidar_driver/share/lslidar_driver/package.zsh'
[146.627s] Level 1:colcon.colcon_core.environment:create_file_with_runtime_dependencies(/home/fastbot/ros2_ws/install/lslidar_driver/share/colcon-core/packages/lslidar_driver)
[146.628s] DEBUG:colcon.colcon_parallel_executor.executor.parallel:closing loop
[146.630s] DEBUG:colcon.colcon_parallel_executor.executor.parallel:loop closed
[146.630s] DEBUG:colcon.colcon_parallel_executor.executor.parallel:run_until_complete finished with '0'
[146.630s] DEBUG:colcon.colcon_core.event_reactor:joining thread
[146.650s] INFO:colcon.colcon_core.plugin_system:Skipping extension 'colcon_notification.desktop_notification.notify_send': Could not find 'notify-send'
[146.650s] INFO:colcon.colcon_core.plugin_system:Skipping extension 'colcon_notification.desktop_notification.terminal_notifier': Not used on non-Darwin systems
[146.651s] INFO:colcon.colcon_core.plugin_system:Skipping extension 'colcon_notification.desktop_notification.win32': Not used on non-Windows systems
[146.651s] INFO:colcon.colcon_notification.desktop_notification:Sending desktop notification using 'notify2'
[146.654s] DEBUG:colcon.colcon_notification.desktop_notification.notify2:Failed to initialize notify2: org.freedesktop.DBus.Error.ServiceUnknown: The name org.freedesktop.Notifications was not provided by any .service files
[146.654s] DEBUG:colcon.colcon_core.event_reactor:joined thread
[146.655s] INFO:colcon.colcon_core.shell:Creating prefix script '/home/fastbot/ros2_ws/install/local_setup.ps1'
[146.659s] INFO:colcon.colcon_core.shell:Creating prefix util module '/home/fastbot/ros2_ws/install/_local_setup_util_ps1.py'
[146.664s] INFO:colcon.colcon_core.shell:Creating prefix chain script '/home/fastbot/ros2_ws/install/setup.ps1'
[146.669s] INFO:colcon.colcon_core.shell:Creating prefix script '/home/fastbot/ros2_ws/install/local_setup.sh'
[146.671s] INFO:colcon.colcon_core.shell:Creating prefix util module '/home/fastbot/ros2_ws/install/_local_setup_util_sh.py'
[146.674s] INFO:colcon.colcon_core.shell:Creating prefix chain script '/home/fastbot/ros2_ws/install/setup.sh'
[146.680s] INFO:colcon.colcon_core.shell:Creating prefix script '/home/fastbot/ros2_ws/install/local_setup.bash'
[146.682s] INFO:colcon.colcon_core.shell:Creating prefix chain script '/home/fastbot/ros2_ws/install/setup.bash'
[146.687s] INFO:colcon.colcon_core.shell:Creating prefix script '/home/fastbot/ros2_ws/install/local_setup.zsh'
[146.689s] INFO:colcon.colcon_core.shell:Creating prefix chain script '/home/fastbot/ros2_ws/install/setup.zsh'
