[0.103s] Invoking command in '/home/fastbot/ros2_ws/real/build/fastbot_bringup': CMAKE_PREFIX_PATH=${CMAKE_PREFIX_PATH}:/home/fastbot/ros2_ws/real/install/serial_motor:/home/fastbot/ros2_ws/install/serial_motor:/home/fastbot/ros2_ws/install/serial_motor_msgs:/home/fastbot/ros2_ws/install/lslidar_driver:/home/fastbot/ros2_ws/install/lslidar_msgs:/home/fastbot/ros2_ws/install/fastbot_description:/home/fastbot/ros2_ws/install/fastbot_bringup:/opt/ros/humble /usr/bin/cmake --build /home/fastbot/ros2_ws/real/build/fastbot_bringup -- -j4 -l4
[0.158s] [0mCMake Error: The current CMakeCache.txt directory /home/fastbot/ros2_ws/real/build/fastbot_bringup/CMakeCache.txt is different than the directory /home/fastbot/ros2_ws/build/fastbot_bringup where CMakeCache.txt was created. This may result in binaries being created in the wrong place. If you are not sure, reedit the CMakeCache.txt[0m
[0.228s] -- Found ament_cmake: 1.3.11 (/opt/ros/humble/share/ament_cmake/cmake)
[1.221s] -- Found ament_lint_auto: 0.12.12 (/opt/ros/humble/share/ament_lint_auto/cmake)
[1.662s] -- Added test 'lint_cmake' to check CMake code style
[1.672s] -- Added test 'xmllint' to check XML markup files
[1.677s] -- Configuring done
[1.697s] -- Generating done
[1.709s] -- Build files have been written to: /home/fastbot/ros2_ws/build/fastbot_bringup
[1.823s] Invoked command in '/home/fastbot/ros2_ws/real/build/fastbot_bringup' returned '0': CMAKE_PREFIX_PATH=${CMAKE_PREFIX_PATH}:/home/fastbot/ros2_ws/real/install/serial_motor:/home/fastbot/ros2_ws/install/serial_motor:/home/fastbot/ros2_ws/install/serial_motor_msgs:/home/fastbot/ros2_ws/install/lslidar_driver:/home/fastbot/ros2_ws/install/lslidar_msgs:/home/fastbot/ros2_ws/install/fastbot_description:/home/fastbot/ros2_ws/install/fastbot_bringup:/opt/ros/humble /usr/bin/cmake --build /home/fastbot/ros2_ws/real/build/fastbot_bringup -- -j4 -l4
[1.876s] Invoking command in '/home/fastbot/ros2_ws/real/build/fastbot_bringup': CMAKE_PREFIX_PATH=${CMAKE_PREFIX_PATH}:/home/fastbot/ros2_ws/real/install/serial_motor:/home/fastbot/ros2_ws/install/serial_motor:/home/fastbot/ros2_ws/install/serial_motor_msgs:/home/fastbot/ros2_ws/install/lslidar_driver:/home/fastbot/ros2_ws/install/lslidar_msgs:/home/fastbot/ros2_ws/install/fastbot_description:/home/fastbot/ros2_ws/install/fastbot_bringup:/opt/ros/humble /usr/bin/cmake --install /home/fastbot/ros2_ws/real/build/fastbot_bringup
[1.915s] -- Install configuration: ""
[1.915s] -- Up-to-date: /home/fastbot/ros2_ws/install/fastbot_bringup/share/fastbot_bringup/launch
[1.916s] -- Up-to-date: /home/fastbot/ros2_ws/install/fastbot_bringup/share/fastbot_bringup/launch/bringup.launch.xml
[1.918s] -- Up-to-date: /home/fastbot/ros2_ws/install/fastbot_bringup/share/ament_index/resource_index/package_run_dependencies/fastbot_bringup
[1.919s] -- Up-to-date: /home/fastbot/ros2_ws/install/fastbot_bringup/share/ament_index/resource_index/parent_prefix_path/fastbot_bringup
[1.923s] -- Up-to-date: /home/fastbot/ros2_ws/install/fastbot_bringup/share/fastbot_bringup/environment/ament_prefix_path.sh
[1.928s] -- Installing: /home/fastbot/ros2_ws/install/fastbot_bringup/share/fastbot_bringup/environment/ament_prefix_path.dsv
[1.930s] -- Up-to-date: /home/fastbot/ros2_ws/install/fastbot_bringup/share/fastbot_bringup/environment/path.sh
[1.932s] -- Installing: /home/fastbot/ros2_ws/install/fastbot_bringup/share/fastbot_bringup/environment/path.dsv
[1.933s] -- Up-to-date: /home/fastbot/ros2_ws/install/fastbot_bringup/share/fastbot_bringup/local_setup.bash
[1.937s] -- Up-to-date: /home/fastbot/ros2_ws/install/fastbot_bringup/share/fastbot_bringup/local_setup.sh
[1.940s] -- Up-to-date: /home/fastbot/ros2_ws/install/fastbot_bringup/share/fastbot_bringup/local_setup.zsh
[1.944s] -- Installing: /home/fastbot/ros2_ws/install/fastbot_bringup/share/fastbot_bringup/local_setup.dsv
[1.945s] -- Installing: /home/fastbot/ros2_ws/install/fastbot_bringup/share/fastbot_bringup/package.dsv
[1.946s] -- Up-to-date: /home/fastbot/ros2_ws/install/fastbot_bringup/share/ament_index/resource_index/packages/fastbot_bringup
[1.947s] -- Up-to-date: /home/fastbot/ros2_ws/install/fastbot_bringup/share/fastbot_bringup/cmake/fastbot_bringupConfig.cmake
[1.949s] -- Up-to-date: /home/fastbot/ros2_ws/install/fastbot_bringup/share/fastbot_bringup/cmake/fastbot_bringupConfig-version.cmake
[1.952s] -- Up-to-date: /home/fastbot/ros2_ws/install/fastbot_bringup/share/fastbot_bringup/package.xml
[1.953s] Invoked command in '/home/fastbot/ros2_ws/real/build/fastbot_bringup' returned '0': CMAKE_PREFIX_PATH=${CMAKE_PREFIX_PATH}:/home/fastbot/ros2_ws/real/install/serial_motor:/home/fastbot/ros2_ws/install/serial_motor:/home/fastbot/ros2_ws/install/serial_motor_msgs:/home/fastbot/ros2_ws/install/lslidar_driver:/home/fastbot/ros2_ws/install/lslidar_msgs:/home/fastbot/ros2_ws/install/fastbot_description:/home/fastbot/ros2_ws/install/fastbot_bringup:/opt/ros/humble /usr/bin/cmake --install /home/fastbot/ros2_ws/real/build/fastbot_bringup
