[0.142s] Invoking command in '/home/fastbot/ros2_ws/build/lslidar_msgs': CMAKE_PREFIX_PATH=${CMAKE_PREFIX_PATH}:/home/fastbot/ros2_ws/install/serial_motor:/opt/ros/humble /usr/bin/cmake --build /home/fastbot/ros2_ws/build/lslidar_msgs -- -j4 -l4
[0.866s] [  1%] Built target lslidar_msgs__cpp
[0.965s] [ 12%] Built target lslidar_msgs__rosidl_generator_c
[1.073s] [ 12%] Built target ament_cmake_python_copy_lslidar_msgs
[1.245s] [ 23%] Built target lslidar_msgs__rosidl_typesupport_fastrtps_cpp
[1.273s] [ 34%] Built target lslidar_msgs__rosidl_typesupport_introspection_cpp
[1.333s] [ 46%] Built target lslidar_msgs__rosidl_typesupport_cpp
[1.343s] [ 57%] Built target lslidar_msgs__rosidl_typesupport_fastrtps_c
[1.466s] [ 68%] Built target lslidar_msgs__rosidl_typesupport_c
[1.498s] [ 79%] Built target lslidar_msgs__rosidl_typesupport_introspection_c
[1.614s] [ 79%] Built target lslidar_msgs
[1.734s] [ 80%] Built target lslidar_msgs__py
[1.888s] [ 90%] Built target lslidar_msgs__rosidl_generator_py
[2.137s] [ 93%] Built target lslidar_msgs__rosidl_typesupport_introspection_c__pyext
[2.146s] [ 96%] Built target lslidar_msgs__rosidl_typesupport_fastrtps_c__pyext
[2.173s] [100%] Built target lslidar_msgs__rosidl_typesupport_c__pyext
[2.884s] running egg_info
[2.888s] writing lslidar_msgs.egg-info/PKG-INFO
[2.889s] writing dependency_links to lslidar_msgs.egg-info/dependency_links.txt
[2.891s] writing top-level names to lslidar_msgs.egg-info/top_level.txt
[2.910s] reading manifest file 'lslidar_msgs.egg-info/SOURCES.txt'
[2.916s] writing manifest file 'lslidar_msgs.egg-info/SOURCES.txt'
[3.101s] [100%] Built target ament_cmake_python_build_lslidar_msgs_egg
[3.159s] Invoked command in '/home/fastbot/ros2_ws/build/lslidar_msgs' returned '0': CMAKE_PREFIX_PATH=${CMAKE_PREFIX_PATH}:/home/fastbot/ros2_ws/install/serial_motor:/opt/ros/humble /usr/bin/cmake --build /home/fastbot/ros2_ws/build/lslidar_msgs -- -j4 -l4
[3.171s] Invoking command in '/home/fastbot/ros2_ws/build/lslidar_msgs': CMAKE_PREFIX_PATH=${CMAKE_PREFIX_PATH}:/home/fastbot/ros2_ws/install/serial_motor:/opt/ros/humble /usr/bin/cmake --install /home/fastbot/ros2_ws/build/lslidar_msgs
[3.204s] -- Install configuration: ""
[3.205s] -- Up-to-date: /home/fastbot/ros2_ws/install/lslidar_msgs/share/ament_index/resource_index/rosidl_interfaces/lslidar_msgs
[3.206s] -- Up-to-date: /home/fastbot/ros2_ws/install/lslidar_msgs/include/lslidar_msgs/lslidar_msgs
[3.207s] -- Up-to-date: /home/fastbot/ros2_ws/install/lslidar_msgs/include/lslidar_msgs/lslidar_msgs/msg
[3.208s] -- Up-to-date: /home/fastbot/ros2_ws/install/lslidar_msgs/include/lslidar_msgs/lslidar_msgs/msg/lslidar_point.h
[3.209s] -- Up-to-date: /home/fastbot/ros2_ws/install/lslidar_msgs/include/lslidar_msgs/lslidar_msgs/msg/lslidar_scan.h
[3.211s] -- Up-to-date: /home/fastbot/ros2_ws/install/lslidar_msgs/include/lslidar_msgs/lslidar_msgs/msg/lslidar_sweep.h
[3.211s] -- Up-to-date: /home/fastbot/ros2_ws/install/lslidar_msgs/include/lslidar_msgs/lslidar_msgs/msg/rosidl_generator_c__visibility_control.h
[3.212s] -- Up-to-date: /home/fastbot/ros2_ws/install/lslidar_msgs/include/lslidar_msgs/lslidar_msgs/msg/lslidar_packet.h
[3.213s] -- Up-to-date: /home/fastbot/ros2_ws/install/lslidar_msgs/include/lslidar_msgs/lslidar_msgs/msg/detail
[3.215s] -- Up-to-date: /home/fastbot/ros2_ws/install/lslidar_msgs/include/lslidar_msgs/lslidar_msgs/msg/detail/lslidar_sweep__functions.h
[3.217s] -- Up-to-date: /home/fastbot/ros2_ws/install/lslidar_msgs/include/lslidar_msgs/lslidar_msgs/msg/detail/lslidar_point__type_support.h
[3.218s] -- Up-to-date: /home/fastbot/ros2_ws/install/lslidar_msgs/include/lslidar_msgs/lslidar_msgs/msg/detail/lslidar_scan__struct.h
[3.219s] -- Up-to-date: /home/fastbot/ros2_ws/install/lslidar_msgs/include/lslidar_msgs/lslidar_msgs/msg/detail/lslidar_difop__type_support.h
[3.219s] -- Up-to-date: /home/fastbot/ros2_ws/install/lslidar_msgs/include/lslidar_msgs/lslidar_msgs/msg/detail/lslidar_difop__functions.c
[3.220s] -- Up-to-date: /home/fastbot/ros2_ws/install/lslidar_msgs/include/lslidar_msgs/lslidar_msgs/msg/detail/lslidar_packet__struct.h
[3.220s] -- Up-to-date: /home/fastbot/ros2_ws/install/lslidar_msgs/include/lslidar_msgs/lslidar_msgs/msg/detail/lslidar_sweep__functions.c
[3.220s] -- Up-to-date: /home/fastbot/ros2_ws/install/lslidar_msgs/include/lslidar_msgs/lslidar_msgs/msg/detail/lslidar_scan__type_support.h
[3.221s] -- Up-to-date: /home/fastbot/ros2_ws/install/lslidar_msgs/include/lslidar_msgs/lslidar_msgs/msg/detail/lslidar_point__functions.h
[3.221s] -- Up-to-date: /home/fastbot/ros2_ws/install/lslidar_msgs/include/lslidar_msgs/lslidar_msgs/msg/detail/lslidar_packet__type_support.h
[3.222s] -- Up-to-date: /home/fastbot/ros2_ws/install/lslidar_msgs/include/lslidar_msgs/lslidar_msgs/msg/detail/lslidar_scan__functions.h
[3.222s] -- Up-to-date: /home/fastbot/ros2_ws/install/lslidar_msgs/include/lslidar_msgs/lslidar_msgs/msg/detail/lslidar_point__functions.c
[3.223s] -- Up-to-date: /home/fastbot/ros2_ws/install/lslidar_msgs/include/lslidar_msgs/lslidar_msgs/msg/detail/lslidar_packet__functions.c
[3.223s] -- Up-to-date: /home/fastbot/ros2_ws/install/lslidar_msgs/include/lslidar_msgs/lslidar_msgs/msg/detail/lslidar_difop__functions.h
[3.224s] -- Up-to-date: /home/fastbot/ros2_ws/install/lslidar_msgs/include/lslidar_msgs/lslidar_msgs/msg/detail/lslidar_packet__functions.h
[3.225s] -- Up-to-date: /home/fastbot/ros2_ws/install/lslidar_msgs/include/lslidar_msgs/lslidar_msgs/msg/detail/lslidar_sweep__struct.h
[3.226s] -- Up-to-date: /home/fastbot/ros2_ws/install/lslidar_msgs/include/lslidar_msgs/lslidar_msgs/msg/detail/lslidar_sweep__type_support.h
[3.227s] -- Up-to-date: /home/fastbot/ros2_ws/install/lslidar_msgs/include/lslidar_msgs/lslidar_msgs/msg/detail/lslidar_point__struct.h
[3.228s] -- Up-to-date: /home/fastbot/ros2_ws/install/lslidar_msgs/include/lslidar_msgs/lslidar_msgs/msg/detail/lslidar_difop__struct.h
[3.229s] -- Up-to-date: /home/fastbot/ros2_ws/install/lslidar_msgs/include/lslidar_msgs/lslidar_msgs/msg/detail/lslidar_scan__functions.c
[3.230s] -- Up-to-date: /home/fastbot/ros2_ws/install/lslidar_msgs/include/lslidar_msgs/lslidar_msgs/msg/lslidar_difop.h
[3.230s] -- Up-to-date: /home/fastbot/ros2_ws/install/lslidar_msgs/share/lslidar_msgs/environment/library_path.sh
[3.234s] -- Up-to-date: /home/fastbot/ros2_ws/install/lslidar_msgs/share/lslidar_msgs/environment/library_path.dsv
[3.237s] -- Up-to-date: /home/fastbot/ros2_ws/install/lslidar_msgs/lib/liblslidar_msgs__rosidl_generator_c.so
[3.238s] -- Up-to-date: /home/fastbot/ros2_ws/install/lslidar_msgs/include/lslidar_msgs/lslidar_msgs
[3.238s] -- Up-to-date: /home/fastbot/ros2_ws/install/lslidar_msgs/include/lslidar_msgs/lslidar_msgs/msg
[3.239s] -- Up-to-date: /home/fastbot/ros2_ws/install/lslidar_msgs/include/lslidar_msgs/lslidar_msgs/msg/rosidl_typesupport_fastrtps_c__visibility_control.h
[3.240s] -- Up-to-date: /home/fastbot/ros2_ws/install/lslidar_msgs/include/lslidar_msgs/lslidar_msgs/msg/detail
[3.241s] -- Up-to-date: /home/fastbot/ros2_ws/install/lslidar_msgs/include/lslidar_msgs/lslidar_msgs/msg/detail/lslidar_point__rosidl_typesupport_fastrtps_c.h
[3.241s] -- Up-to-date: /home/fastbot/ros2_ws/install/lslidar_msgs/include/lslidar_msgs/lslidar_msgs/msg/detail/lslidar_difop__rosidl_typesupport_fastrtps_c.h
[3.243s] -- Up-to-date: /home/fastbot/ros2_ws/install/lslidar_msgs/include/lslidar_msgs/lslidar_msgs/msg/detail/lslidar_packet__rosidl_typesupport_fastrtps_c.h
[3.243s] -- Up-to-date: /home/fastbot/ros2_ws/install/lslidar_msgs/include/lslidar_msgs/lslidar_msgs/msg/detail/lslidar_scan__rosidl_typesupport_fastrtps_c.h
[3.245s] -- Up-to-date: /home/fastbot/ros2_ws/install/lslidar_msgs/include/lslidar_msgs/lslidar_msgs/msg/detail/lslidar_sweep__rosidl_typesupport_fastrtps_c.h
[3.250s] -- Up-to-date: /home/fastbot/ros2_ws/install/lslidar_msgs/lib/liblslidar_msgs__rosidl_typesupport_fastrtps_c.so
[3.251s] -- Up-to-date: /home/fastbot/ros2_ws/install/lslidar_msgs/include/lslidar_msgs/lslidar_msgs
[3.253s] -- Up-to-date: /home/fastbot/ros2_ws/install/lslidar_msgs/include/lslidar_msgs/lslidar_msgs/msg
[3.254s] -- Up-to-date: /home/fastbot/ros2_ws/install/lslidar_msgs/include/lslidar_msgs/lslidar_msgs/msg/lslidar_packet.hpp
[3.255s] -- Up-to-date: /home/fastbot/ros2_ws/install/lslidar_msgs/include/lslidar_msgs/lslidar_msgs/msg/lslidar_sweep.hpp
[3.256s] -- Up-to-date: /home/fastbot/ros2_ws/install/lslidar_msgs/include/lslidar_msgs/lslidar_msgs/msg/lslidar_difop.hpp
[3.256s] -- Up-to-date: /home/fastbot/ros2_ws/install/lslidar_msgs/include/lslidar_msgs/lslidar_msgs/msg/lslidar_point.hpp
[3.258s] -- Up-to-date: /home/fastbot/ros2_ws/install/lslidar_msgs/include/lslidar_msgs/lslidar_msgs/msg/lslidar_scan.hpp
[3.258s] -- Up-to-date: /home/fastbot/ros2_ws/install/lslidar_msgs/include/lslidar_msgs/lslidar_msgs/msg/detail
[3.261s] -- Up-to-date: /home/fastbot/ros2_ws/install/lslidar_msgs/include/lslidar_msgs/lslidar_msgs/msg/detail/lslidar_sweep__struct.hpp
[3.261s] -- Up-to-date: /home/fastbot/ros2_ws/install/lslidar_msgs/include/lslidar_msgs/lslidar_msgs/msg/detail/lslidar_scan__builder.hpp
[3.262s] -- Up-to-date: /home/fastbot/ros2_ws/install/lslidar_msgs/include/lslidar_msgs/lslidar_msgs/msg/detail/lslidar_point__type_support.hpp
[3.262s] -- Up-to-date: /home/fastbot/ros2_ws/install/lslidar_msgs/include/lslidar_msgs/lslidar_msgs/msg/detail/lslidar_sweep__builder.hpp
[3.263s] -- Up-to-date: /home/fastbot/ros2_ws/install/lslidar_msgs/include/lslidar_msgs/lslidar_msgs/msg/detail/lslidar_packet__struct.hpp
[3.264s] -- Up-to-date: /home/fastbot/ros2_ws/install/lslidar_msgs/include/lslidar_msgs/lslidar_msgs/msg/detail/lslidar_difop__struct.hpp
[3.264s] -- Up-to-date: /home/fastbot/ros2_ws/install/lslidar_msgs/include/lslidar_msgs/lslidar_msgs/msg/detail/lslidar_point__traits.hpp
[3.265s] -- Up-to-date: /home/fastbot/ros2_ws/install/lslidar_msgs/include/lslidar_msgs/lslidar_msgs/msg/detail/lslidar_sweep__traits.hpp
[3.265s] -- Up-to-date: /home/fastbot/ros2_ws/install/lslidar_msgs/include/lslidar_msgs/lslidar_msgs/msg/detail/lslidar_point__builder.hpp
[3.266s] -- Up-to-date: /home/fastbot/ros2_ws/install/lslidar_msgs/include/lslidar_msgs/lslidar_msgs/msg/detail/lslidar_difop__builder.hpp
[3.267s] -- Up-to-date: /home/fastbot/ros2_ws/install/lslidar_msgs/include/lslidar_msgs/lslidar_msgs/msg/detail/lslidar_scan__struct.hpp
[3.268s] -- Up-to-date: /home/fastbot/ros2_ws/install/lslidar_msgs/include/lslidar_msgs/lslidar_msgs/msg/detail/lslidar_packet__traits.hpp
[3.268s] -- Up-to-date: /home/fastbot/ros2_ws/install/lslidar_msgs/include/lslidar_msgs/lslidar_msgs/msg/detail/lslidar_difop__type_support.hpp
[3.269s] -- Up-to-date: /home/fastbot/ros2_ws/install/lslidar_msgs/include/lslidar_msgs/lslidar_msgs/msg/detail/lslidar_sweep__type_support.hpp
[3.269s] -- Up-to-date: /home/fastbot/ros2_ws/install/lslidar_msgs/include/lslidar_msgs/lslidar_msgs/msg/detail/lslidar_scan__traits.hpp
[3.270s] -- Up-to-date: /home/fastbot/ros2_ws/install/lslidar_msgs/include/lslidar_msgs/lslidar_msgs/msg/detail/lslidar_difop__traits.hpp
[3.271s] -- Up-to-date: /home/fastbot/ros2_ws/install/lslidar_msgs/include/lslidar_msgs/lslidar_msgs/msg/detail/lslidar_point__struct.hpp
[3.272s] -- Up-to-date: /home/fastbot/ros2_ws/install/lslidar_msgs/include/lslidar_msgs/lslidar_msgs/msg/detail/lslidar_packet__type_support.hpp
[3.272s] -- Up-to-date: /home/fastbot/ros2_ws/install/lslidar_msgs/include/lslidar_msgs/lslidar_msgs/msg/detail/lslidar_scan__type_support.hpp
[3.272s] -- Up-to-date: /home/fastbot/ros2_ws/install/lslidar_msgs/include/lslidar_msgs/lslidar_msgs/msg/detail/lslidar_packet__builder.hpp
[3.275s] -- Up-to-date: /home/fastbot/ros2_ws/install/lslidar_msgs/include/lslidar_msgs/lslidar_msgs/msg/rosidl_generator_cpp__visibility_control.hpp
[3.276s] -- Up-to-date: /home/fastbot/ros2_ws/install/lslidar_msgs/include/lslidar_msgs/lslidar_msgs
[3.277s] -- Up-to-date: /home/fastbot/ros2_ws/install/lslidar_msgs/include/lslidar_msgs/lslidar_msgs/msg
[3.278s] -- Up-to-date: /home/fastbot/ros2_ws/install/lslidar_msgs/include/lslidar_msgs/lslidar_msgs/msg/rosidl_typesupport_fastrtps_cpp__visibility_control.h
[3.278s] -- Up-to-date: /home/fastbot/ros2_ws/install/lslidar_msgs/include/lslidar_msgs/lslidar_msgs/msg/detail
[3.280s] -- Up-to-date: /home/fastbot/ros2_ws/install/lslidar_msgs/include/lslidar_msgs/lslidar_msgs/msg/detail/dds_fastrtps
[3.280s] -- Up-to-date: /home/fastbot/ros2_ws/install/lslidar_msgs/include/lslidar_msgs/lslidar_msgs/msg/detail/lslidar_packet__rosidl_typesupport_fastrtps_cpp.hpp
[3.281s] -- Up-to-date: /home/fastbot/ros2_ws/install/lslidar_msgs/include/lslidar_msgs/lslidar_msgs/msg/detail/lslidar_sweep__rosidl_typesupport_fastrtps_cpp.hpp
[3.281s] -- Up-to-date: /home/fastbot/ros2_ws/install/lslidar_msgs/include/lslidar_msgs/lslidar_msgs/msg/detail/lslidar_scan__rosidl_typesupport_fastrtps_cpp.hpp
[3.282s] -- Up-to-date: /home/fastbot/ros2_ws/install/lslidar_msgs/include/lslidar_msgs/lslidar_msgs/msg/detail/lslidar_difop__rosidl_typesupport_fastrtps_cpp.hpp
[3.282s] -- Up-to-date: /home/fastbot/ros2_ws/install/lslidar_msgs/include/lslidar_msgs/lslidar_msgs/msg/detail/lslidar_point__rosidl_typesupport_fastrtps_cpp.hpp
[3.285s] -- Up-to-date: /home/fastbot/ros2_ws/install/lslidar_msgs/lib/liblslidar_msgs__rosidl_typesupport_fastrtps_cpp.so
[3.286s] -- Up-to-date: /home/fastbot/ros2_ws/install/lslidar_msgs/include/lslidar_msgs/lslidar_msgs
[3.288s] -- Up-to-date: /home/fastbot/ros2_ws/install/lslidar_msgs/include/lslidar_msgs/lslidar_msgs/msg
[3.288s] -- Up-to-date: /home/fastbot/ros2_ws/install/lslidar_msgs/include/lslidar_msgs/lslidar_msgs/msg/detail
[3.289s] -- Up-to-date: /home/fastbot/ros2_ws/install/lslidar_msgs/include/lslidar_msgs/lslidar_msgs/msg/detail/lslidar_sweep__rosidl_typesupport_introspection_c.h
[3.289s] -- Up-to-date: /home/fastbot/ros2_ws/install/lslidar_msgs/include/lslidar_msgs/lslidar_msgs/msg/detail/lslidar_difop__rosidl_typesupport_introspection_c.h
[3.290s] -- Up-to-date: /home/fastbot/ros2_ws/install/lslidar_msgs/include/lslidar_msgs/lslidar_msgs/msg/detail/lslidar_scan__type_support.c
[3.291s] -- Up-to-date: /home/fastbot/ros2_ws/install/lslidar_msgs/include/lslidar_msgs/lslidar_msgs/msg/detail/lslidar_point__rosidl_typesupport_introspection_c.h
[3.291s] -- Up-to-date: /home/fastbot/ros2_ws/install/lslidar_msgs/include/lslidar_msgs/lslidar_msgs/msg/detail/lslidar_scan__rosidl_typesupport_introspection_c.h
[3.291s] -- Up-to-date: /home/fastbot/ros2_ws/install/lslidar_msgs/include/lslidar_msgs/lslidar_msgs/msg/detail/lslidar_packet__rosidl_typesupport_introspection_c.h
[3.293s] -- Up-to-date: /home/fastbot/ros2_ws/install/lslidar_msgs/include/lslidar_msgs/lslidar_msgs/msg/detail/lslidar_difop__type_support.c
[3.293s] -- Up-to-date: /home/fastbot/ros2_ws/install/lslidar_msgs/include/lslidar_msgs/lslidar_msgs/msg/detail/lslidar_packet__type_support.c
[3.294s] -- Up-to-date: /home/fastbot/ros2_ws/install/lslidar_msgs/include/lslidar_msgs/lslidar_msgs/msg/detail/lslidar_point__type_support.c
[3.295s] -- Up-to-date: /home/fastbot/ros2_ws/install/lslidar_msgs/include/lslidar_msgs/lslidar_msgs/msg/detail/lslidar_sweep__type_support.c
[3.295s] -- Up-to-date: /home/fastbot/ros2_ws/install/lslidar_msgs/include/lslidar_msgs/lslidar_msgs/msg/rosidl_typesupport_introspection_c__visibility_control.h
[3.301s] -- Up-to-date: /home/fastbot/ros2_ws/install/lslidar_msgs/lib/liblslidar_msgs__rosidl_typesupport_introspection_c.so
[3.301s] -- Up-to-date: /home/fastbot/ros2_ws/install/lslidar_msgs/lib/liblslidar_msgs__rosidl_typesupport_c.so
[3.302s] -- Up-to-date: /home/fastbot/ros2_ws/install/lslidar_msgs/include/lslidar_msgs/lslidar_msgs
[3.303s] -- Up-to-date: /home/fastbot/ros2_ws/install/lslidar_msgs/include/lslidar_msgs/lslidar_msgs/msg
[3.303s] -- Up-to-date: /home/fastbot/ros2_ws/install/lslidar_msgs/include/lslidar_msgs/lslidar_msgs/msg/detail
[3.304s] -- Up-to-date: /home/fastbot/ros2_ws/install/lslidar_msgs/include/lslidar_msgs/lslidar_msgs/msg/detail/lslidar_point__type_support.cpp
[3.304s] -- Up-to-date: /home/fastbot/ros2_ws/install/lslidar_msgs/include/lslidar_msgs/lslidar_msgs/msg/detail/lslidar_packet__rosidl_typesupport_introspection_cpp.hpp
[3.305s] -- Up-to-date: /home/fastbot/ros2_ws/install/lslidar_msgs/include/lslidar_msgs/lslidar_msgs/msg/detail/lslidar_packet__type_support.cpp
[3.305s] -- Up-to-date: /home/fastbot/ros2_ws/install/lslidar_msgs/include/lslidar_msgs/lslidar_msgs/msg/detail/lslidar_sweep__type_support.cpp
[3.306s] -- Up-to-date: /home/fastbot/ros2_ws/install/lslidar_msgs/include/lslidar_msgs/lslidar_msgs/msg/detail/lslidar_scan__rosidl_typesupport_introspection_cpp.hpp
[3.306s] -- Up-to-date: /home/fastbot/ros2_ws/install/lslidar_msgs/include/lslidar_msgs/lslidar_msgs/msg/detail/lslidar_difop__type_support.cpp
[3.307s] -- Up-to-date: /home/fastbot/ros2_ws/install/lslidar_msgs/include/lslidar_msgs/lslidar_msgs/msg/detail/lslidar_difop__rosidl_typesupport_introspection_cpp.hpp
[3.307s] -- Up-to-date: /home/fastbot/ros2_ws/install/lslidar_msgs/include/lslidar_msgs/lslidar_msgs/msg/detail/lslidar_sweep__rosidl_typesupport_introspection_cpp.hpp
[3.307s] -- Up-to-date: /home/fastbot/ros2_ws/install/lslidar_msgs/include/lslidar_msgs/lslidar_msgs/msg/detail/lslidar_scan__type_support.cpp
[3.308s] -- Up-to-date: /home/fastbot/ros2_ws/install/lslidar_msgs/include/lslidar_msgs/lslidar_msgs/msg/detail/lslidar_point__rosidl_typesupport_introspection_cpp.hpp
[3.308s] -- Up-to-date: /home/fastbot/ros2_ws/install/lslidar_msgs/lib/liblslidar_msgs__rosidl_typesupport_introspection_cpp.so
[3.309s] -- Up-to-date: /home/fastbot/ros2_ws/install/lslidar_msgs/lib/liblslidar_msgs__rosidl_typesupport_cpp.so
[3.309s] -- Up-to-date: /home/fastbot/ros2_ws/install/lslidar_msgs/share/lslidar_msgs/environment/pythonpath.sh
[3.310s] -- Up-to-date: /home/fastbot/ros2_ws/install/lslidar_msgs/share/lslidar_msgs/environment/pythonpath.dsv
[3.310s] -- Up-to-date: /home/fastbot/ros2_ws/install/lslidar_msgs/local/lib/python3.10/dist-packages/lslidar_msgs-1.2.0-py3.10.egg-info
[3.310s] -- Installing: /home/fastbot/ros2_ws/install/lslidar_msgs/local/lib/python3.10/dist-packages/lslidar_msgs-1.2.0-py3.10.egg-info/PKG-INFO
[3.311s] -- Installing: /home/fastbot/ros2_ws/install/lslidar_msgs/local/lib/python3.10/dist-packages/lslidar_msgs-1.2.0-py3.10.egg-info/top_level.txt
[3.311s] -- Installing: /home/fastbot/ros2_ws/install/lslidar_msgs/local/lib/python3.10/dist-packages/lslidar_msgs-1.2.0-py3.10.egg-info/SOURCES.txt
[3.312s] -- Installing: /home/fastbot/ros2_ws/install/lslidar_msgs/local/lib/python3.10/dist-packages/lslidar_msgs-1.2.0-py3.10.egg-info/dependency_links.txt
[3.312s] -- Up-to-date: /home/fastbot/ros2_ws/install/lslidar_msgs/local/lib/python3.10/dist-packages/lslidar_msgs
[3.313s] -- Up-to-date: /home/fastbot/ros2_ws/install/lslidar_msgs/local/lib/python3.10/dist-packages/lslidar_msgs/_lslidar_msgs_s.ep.rosidl_typesupport_introspection_c.c
[3.313s] -- Up-to-date: /home/fastbot/ros2_ws/install/lslidar_msgs/local/lib/python3.10/dist-packages/lslidar_msgs/_lslidar_msgs_s.ep.rosidl_typesupport_c.c
[3.314s] -- Up-to-date: /home/fastbot/ros2_ws/install/lslidar_msgs/local/lib/python3.10/dist-packages/lslidar_msgs/__init__.py
[3.314s] -- Up-to-date: /home/fastbot/ros2_ws/install/lslidar_msgs/local/lib/python3.10/dist-packages/lslidar_msgs/lslidar_msgs_s__rosidl_typesupport_fastrtps_c.cpython-310-aarch64-linux-gnu.so
[3.315s] -- Up-to-date: /home/fastbot/ros2_ws/install/lslidar_msgs/local/lib/python3.10/dist-packages/lslidar_msgs/liblslidar_msgs__rosidl_generator_py.so
[3.315s] -- Up-to-date: /home/fastbot/ros2_ws/install/lslidar_msgs/local/lib/python3.10/dist-packages/lslidar_msgs/lslidar_msgs_s__rosidl_typesupport_c.cpython-310-aarch64-linux-gnu.so
[3.316s] -- Up-to-date: /home/fastbot/ros2_ws/install/lslidar_msgs/local/lib/python3.10/dist-packages/lslidar_msgs/msg
[3.316s] -- Up-to-date: /home/fastbot/ros2_ws/install/lslidar_msgs/local/lib/python3.10/dist-packages/lslidar_msgs/msg/__init__.py
[3.317s] -- Up-to-date: /home/fastbot/ros2_ws/install/lslidar_msgs/local/lib/python3.10/dist-packages/lslidar_msgs/msg/_lslidar_scan.py
[3.317s] -- Up-to-date: /home/fastbot/ros2_ws/install/lslidar_msgs/local/lib/python3.10/dist-packages/lslidar_msgs/msg/_lslidar_scan_s.c
[3.318s] -- Up-to-date: /home/fastbot/ros2_ws/install/lslidar_msgs/local/lib/python3.10/dist-packages/lslidar_msgs/msg/_lslidar_packet_s.c
[3.318s] -- Up-to-date: /home/fastbot/ros2_ws/install/lslidar_msgs/local/lib/python3.10/dist-packages/lslidar_msgs/msg/_lslidar_difop.py
[3.319s] -- Up-to-date: /home/fastbot/ros2_ws/install/lslidar_msgs/local/lib/python3.10/dist-packages/lslidar_msgs/msg/_lslidar_sweep.py
[3.319s] -- Up-to-date: /home/fastbot/ros2_ws/install/lslidar_msgs/local/lib/python3.10/dist-packages/lslidar_msgs/msg/_lslidar_point_s.c
[3.320s] -- Up-to-date: /home/fastbot/ros2_ws/install/lslidar_msgs/local/lib/python3.10/dist-packages/lslidar_msgs/msg/_lslidar_packet.py
[3.320s] -- Up-to-date: /home/fastbot/ros2_ws/install/lslidar_msgs/local/lib/python3.10/dist-packages/lslidar_msgs/msg/_lslidar_point.py
[3.321s] -- Up-to-date: /home/fastbot/ros2_ws/install/lslidar_msgs/local/lib/python3.10/dist-packages/lslidar_msgs/msg/_lslidar_difop_s.c
[3.321s] -- Up-to-date: /home/fastbot/ros2_ws/install/lslidar_msgs/local/lib/python3.10/dist-packages/lslidar_msgs/msg/_lslidar_sweep_s.c
[3.322s] -- Up-to-date: /home/fastbot/ros2_ws/install/lslidar_msgs/local/lib/python3.10/dist-packages/lslidar_msgs/lslidar_msgs_s__rosidl_typesupport_introspection_c.cpython-310-aarch64-linux-gnu.so
[3.322s] -- Up-to-date: /home/fastbot/ros2_ws/install/lslidar_msgs/local/lib/python3.10/dist-packages/lslidar_msgs/_lslidar_msgs_s.ep.rosidl_typesupport_fastrtps_c.c
[3.489s] Listing '/home/fastbot/ros2_ws/install/lslidar_msgs/local/lib/python3.10/dist-packages/lslidar_msgs'...
[3.490s] Listing '/home/fastbot/ros2_ws/install/lslidar_msgs/local/lib/python3.10/dist-packages/lslidar_msgs/msg'...
[3.521s] -- Up-to-date: /home/fastbot/ros2_ws/install/lslidar_msgs/local/lib/python3.10/dist-packages/lslidar_msgs/lslidar_msgs_s__rosidl_typesupport_fastrtps_c.cpython-310-aarch64-linux-gnu.so
[3.526s] -- Up-to-date: /home/fastbot/ros2_ws/install/lslidar_msgs/local/lib/python3.10/dist-packages/lslidar_msgs/lslidar_msgs_s__rosidl_typesupport_introspection_c.cpython-310-aarch64-linux-gnu.so
[3.531s] -- Up-to-date: /home/fastbot/ros2_ws/install/lslidar_msgs/local/lib/python3.10/dist-packages/lslidar_msgs/lslidar_msgs_s__rosidl_typesupport_c.cpython-310-aarch64-linux-gnu.so
[3.537s] -- Up-to-date: /home/fastbot/ros2_ws/install/lslidar_msgs/lib/liblslidar_msgs__rosidl_generator_py.so
[3.539s] -- Up-to-date: /home/fastbot/ros2_ws/install/lslidar_msgs/share/lslidar_msgs/msg/LslidarDifop.idl
[3.540s] -- Up-to-date: /home/fastbot/ros2_ws/install/lslidar_msgs/share/lslidar_msgs/msg/LslidarPacket.idl
[3.541s] -- Up-to-date: /home/fastbot/ros2_ws/install/lslidar_msgs/share/lslidar_msgs/msg/LslidarPoint.idl
[3.542s] -- Up-to-date: /home/fastbot/ros2_ws/install/lslidar_msgs/share/lslidar_msgs/msg/LslidarScan.idl
[3.543s] -- Up-to-date: /home/fastbot/ros2_ws/install/lslidar_msgs/share/lslidar_msgs/msg/LslidarSweep.idl
[3.544s] -- Up-to-date: /home/fastbot/ros2_ws/install/lslidar_msgs/share/lslidar_msgs/msg/LslidarDifop.msg
[3.546s] -- Up-to-date: /home/fastbot/ros2_ws/install/lslidar_msgs/share/lslidar_msgs/msg/LslidarPacket.msg
[3.546s] -- Up-to-date: /home/fastbot/ros2_ws/install/lslidar_msgs/share/lslidar_msgs/msg/LslidarPoint.msg
[3.547s] -- Up-to-date: /home/fastbot/ros2_ws/install/lslidar_msgs/share/lslidar_msgs/msg/LslidarScan.msg
[3.547s] -- Up-to-date: /home/fastbot/ros2_ws/install/lslidar_msgs/share/lslidar_msgs/msg/LslidarSweep.msg
[3.549s] -- Up-to-date: /home/fastbot/ros2_ws/install/lslidar_msgs/share/ament_index/resource_index/package_run_dependencies/lslidar_msgs
[3.550s] -- Up-to-date: /home/fastbot/ros2_ws/install/lslidar_msgs/share/ament_index/resource_index/parent_prefix_path/lslidar_msgs
[3.551s] -- Up-to-date: /home/fastbot/ros2_ws/install/lslidar_msgs/share/lslidar_msgs/environment/ament_prefix_path.sh
[3.551s] -- Up-to-date: /home/fastbot/ros2_ws/install/lslidar_msgs/share/lslidar_msgs/environment/ament_prefix_path.dsv
[3.552s] -- Up-to-date: /home/fastbot/ros2_ws/install/lslidar_msgs/share/lslidar_msgs/environment/path.sh
[3.553s] -- Up-to-date: /home/fastbot/ros2_ws/install/lslidar_msgs/share/lslidar_msgs/environment/path.dsv
[3.554s] -- Up-to-date: /home/fastbot/ros2_ws/install/lslidar_msgs/share/lslidar_msgs/local_setup.bash
[3.555s] -- Up-to-date: /home/fastbot/ros2_ws/install/lslidar_msgs/share/lslidar_msgs/local_setup.sh
[3.556s] -- Up-to-date: /home/fastbot/ros2_ws/install/lslidar_msgs/share/lslidar_msgs/local_setup.zsh
[3.557s] -- Up-to-date: /home/fastbot/ros2_ws/install/lslidar_msgs/share/lslidar_msgs/local_setup.dsv
[3.557s] -- Installing: /home/fastbot/ros2_ws/install/lslidar_msgs/share/lslidar_msgs/package.dsv
[3.560s] -- Up-to-date: /home/fastbot/ros2_ws/install/lslidar_msgs/share/ament_index/resource_index/packages/lslidar_msgs
[3.566s] -- Up-to-date: /home/fastbot/ros2_ws/install/lslidar_msgs/share/lslidar_msgs/cmake/export_lslidar_msgs__rosidl_generator_cExport.cmake
[3.567s] -- Up-to-date: /home/fastbot/ros2_ws/install/lslidar_msgs/share/lslidar_msgs/cmake/export_lslidar_msgs__rosidl_generator_cExport-noconfig.cmake
[3.569s] -- Up-to-date: /home/fastbot/ros2_ws/install/lslidar_msgs/share/lslidar_msgs/cmake/export_lslidar_msgs__rosidl_typesupport_fastrtps_cExport.cmake
[3.569s] -- Up-to-date: /home/fastbot/ros2_ws/install/lslidar_msgs/share/lslidar_msgs/cmake/export_lslidar_msgs__rosidl_typesupport_fastrtps_cExport-noconfig.cmake
[3.570s] -- Up-to-date: /home/fastbot/ros2_ws/install/lslidar_msgs/share/lslidar_msgs/cmake/export_lslidar_msgs__rosidl_generator_cppExport.cmake
[3.571s] -- Up-to-date: /home/fastbot/ros2_ws/install/lslidar_msgs/share/lslidar_msgs/cmake/export_lslidar_msgs__rosidl_typesupport_fastrtps_cppExport.cmake
[3.572s] -- Up-to-date: /home/fastbot/ros2_ws/install/lslidar_msgs/share/lslidar_msgs/cmake/export_lslidar_msgs__rosidl_typesupport_fastrtps_cppExport-noconfig.cmake
[3.574s] -- Up-to-date: /home/fastbot/ros2_ws/install/lslidar_msgs/share/lslidar_msgs/cmake/lslidar_msgs__rosidl_typesupport_introspection_cExport.cmake
[3.575s] -- Up-to-date: /home/fastbot/ros2_ws/install/lslidar_msgs/share/lslidar_msgs/cmake/lslidar_msgs__rosidl_typesupport_introspection_cExport-noconfig.cmake
[3.578s] -- Up-to-date: /home/fastbot/ros2_ws/install/lslidar_msgs/share/lslidar_msgs/cmake/lslidar_msgs__rosidl_typesupport_cExport.cmake
[3.578s] -- Up-to-date: /home/fastbot/ros2_ws/install/lslidar_msgs/share/lslidar_msgs/cmake/lslidar_msgs__rosidl_typesupport_cExport-noconfig.cmake
[3.580s] -- Up-to-date: /home/fastbot/ros2_ws/install/lslidar_msgs/share/lslidar_msgs/cmake/lslidar_msgs__rosidl_typesupport_introspection_cppExport.cmake
[3.581s] -- Up-to-date: /home/fastbot/ros2_ws/install/lslidar_msgs/share/lslidar_msgs/cmake/lslidar_msgs__rosidl_typesupport_introspection_cppExport-noconfig.cmake
[3.583s] -- Up-to-date: /home/fastbot/ros2_ws/install/lslidar_msgs/share/lslidar_msgs/cmake/lslidar_msgs__rosidl_typesupport_cppExport.cmake
[3.584s] -- Up-to-date: /home/fastbot/ros2_ws/install/lslidar_msgs/share/lslidar_msgs/cmake/lslidar_msgs__rosidl_typesupport_cppExport-noconfig.cmake
[3.587s] -- Up-to-date: /home/fastbot/ros2_ws/install/lslidar_msgs/share/lslidar_msgs/cmake/export_lslidar_msgs__rosidl_generator_pyExport.cmake
[3.589s] -- Up-to-date: /home/fastbot/ros2_ws/install/lslidar_msgs/share/lslidar_msgs/cmake/export_lslidar_msgs__rosidl_generator_pyExport-noconfig.cmake
[3.589s] -- Up-to-date: /home/fastbot/ros2_ws/install/lslidar_msgs/share/lslidar_msgs/cmake/rosidl_cmake-extras.cmake
[3.590s] -- Up-to-date: /home/fastbot/ros2_ws/install/lslidar_msgs/share/lslidar_msgs/cmake/ament_cmake_export_dependencies-extras.cmake
[3.591s] -- Up-to-date: /home/fastbot/ros2_ws/install/lslidar_msgs/share/lslidar_msgs/cmake/ament_cmake_export_include_directories-extras.cmake
[3.592s] -- Up-to-date: /home/fastbot/ros2_ws/install/lslidar_msgs/share/lslidar_msgs/cmake/ament_cmake_export_libraries-extras.cmake
[3.594s] -- Up-to-date: /home/fastbot/ros2_ws/install/lslidar_msgs/share/lslidar_msgs/cmake/ament_cmake_export_targets-extras.cmake
[3.594s] -- Up-to-date: /home/fastbot/ros2_ws/install/lslidar_msgs/share/lslidar_msgs/cmake/rosidl_cmake_export_typesupport_targets-extras.cmake
[3.595s] -- Up-to-date: /home/fastbot/ros2_ws/install/lslidar_msgs/share/lslidar_msgs/cmake/rosidl_cmake_export_typesupport_libraries-extras.cmake
[3.596s] -- Up-to-date: /home/fastbot/ros2_ws/install/lslidar_msgs/share/lslidar_msgs/cmake/lslidar_msgsConfig.cmake
[3.597s] -- Up-to-date: /home/fastbot/ros2_ws/install/lslidar_msgs/share/lslidar_msgs/cmake/lslidar_msgsConfig-version.cmake
[3.598s] -- Up-to-date: /home/fastbot/ros2_ws/install/lslidar_msgs/share/lslidar_msgs/package.xml
[3.703s] Invoked command in '/home/fastbot/ros2_ws/build/lslidar_msgs' returned '0': CMAKE_PREFIX_PATH=${CMAKE_PREFIX_PATH}:/home/fastbot/ros2_ws/install/serial_motor:/opt/ros/humble /usr/bin/cmake --install /home/fastbot/ros2_ws/build/lslidar_msgs
