[0.059s] Invoking command in '/home/fastbot/ros2_ws/real/build/lslidar_driver': CMAKE_PREFIX_PATH=/home/fastbot/ros2_ws/real/install/lslidar_msgs:/home/fastbot/ros2_ws/real/install/serial_motor_msgs:/home/fastbot/ros2_ws/real/install/lslidar_driver:/home/fastbot/ros2_ws/real/install/fastbot_slam_real:/home/fastbot/ros2_ws/real/install/fastbot_description:/home/fastbot/ros2_ws/real/install/fastbot_bringup:/home/fastbot/ros2_ws/real/install/serial_motor:/home/fastbot/ros2_ws/install/serial_motor:/home/fastbot/ros2_ws/install/serial_motor_msgs:/home/fastbot/ros2_ws/install/lslidar_driver:/home/fastbot/ros2_ws/install/lslidar_msgs:/home/fastbot/ros2_ws/install/fastbot_description:/home/fastbot/ros2_ws/install/fastbot_bringup:/opt/ros/humble LD_LIBRARY_PATH=/home/fastbot/ros2_ws/real/install/lslidar_msgs/lib:/home/fastbot/ros2_ws/real/install/serial_motor_msgs/lib:/home/fastbot/ros2_ws/install/serial_motor_msgs/lib:/home/fastbot/ros2_ws/install/lslidar_msgs/lib:/opt/ros/humble/opt/rviz_ogre_vendor/lib:/opt/ros/humble/lib/aarch64-linux-gnu:/opt/ros/humble/lib /usr/bin/cmake --build /home/fastbot/ros2_ws/real/build/lslidar_driver -- -j4 -l4
[0.092s] [0mCMake Error: The current CMakeCache.txt directory /home/fastbot/ros2_ws/real/build/lslidar_driver/CMakeCache.txt is different than the directory /home/fastbot/ros2_ws/build/lslidar_driver where CMakeCache.txt was created. This may result in binaries being created in the wrong place. If you are not sure, reedit the CMakeCache.txt[0m
[0.208s] -- Found Boost: /usr/lib/aarch64-linux-gnu/cmake/Boost-1.74.0/BoostConfig.cmake (found version "1.74.0") found components: thread 
[0.211s] -- Found rclcpp: 16.0.12 (/opt/ros/humble/share/rclcpp/cmake)
[1.045s] -- Found rosidl_generator_c: 3.1.6 (/opt/ros/humble/share/rosidl_generator_c/cmake)
[1.059s] -- Found rosidl_adapter: 3.1.6 (/opt/ros/humble/share/rosidl_adapter/cmake)
[1.086s] -- Found rosidl_generator_cpp: 3.1.6 (/opt/ros/humble/share/rosidl_generator_cpp/cmake)
[1.129s] -- Using all available rosidl_typesupport_c: rosidl_typesupport_fastrtps_c;rosidl_typesupport_introspection_c
[1.182s] -- Using all available rosidl_typesupport_cpp: rosidl_typesupport_fastrtps_cpp;rosidl_typesupport_introspection_cpp
[1.342s] -- Found rmw_implementation_cmake: 6.1.2 (/opt/ros/humble/share/rmw_implementation_cmake/cmake)
[1.355s] -- Found rmw_cyclonedds_cpp: 1.3.4 (/opt/ros/humble/share/rmw_cyclonedds_cpp/cmake)
[1.475s] -- Using RMW implementation 'rmw_cyclonedds_cpp' as default
[1.739s] -- Eigen found (include: /usr/include/eigen3, version: 3.4.0)
[1.777s] -- Found Boost: /usr/lib/aarch64-linux-gnu/cmake/Boost-1.74.0/BoostConfig.cmake (found suitable version "1.74.0", minimum required is "1.65.0") found components: system filesystem date_time iostreams serialization 
[2.005s] -- FLANN found (include: /usr/include, lib: /usr/lib/aarch64-linux-gnu/libflann_cpp.so)
[3.315s] -- OpenNI found (version: 1.5.4.0, include: /usr/include/ni, lib: /usr/lib/libOpenNI.so;libusb::libusb)
[3.341s] -- OpenNI2 found (version: 2.2.0.33, include: /usr/include/openni2, lib: /usr/lib/aarch64-linux-gnu/libOpenNI2.so;libusb::libusb)
[3.342s] [0m** WARNING ** io features related to pcap will be disabled[0m
[3.963s] -- Eigen found (include: /usr/include/eigen3, version: 3.4.0)
[3.990s] -- OpenNI found (version: 1.5.4.0, include: /usr/include/ni, lib: /usr/lib/libOpenNI.so;libusb::libusb)
[4.017s] -- OpenNI2 found (version: 2.2.0.33, include: /usr/include/openni2, lib: /usr/lib/aarch64-linux-gnu/libOpenNI2.so;libusb::libusb)
[4.616s] -- Found Qhull version 8.0.2
[5.231s] -- OpenNI found (version: 1.5.4.0, include: /usr/include/ni, lib: /usr/lib/libOpenNI.so;libusb::libusb)
[5.822s] -- looking for PCL_COMMON
[5.823s] -- looking for PCL_KDTREE
[5.824s] -- looking for PCL_OCTREE
[5.826s] -- looking for PCL_SEARCH
[5.827s] -- looking for PCL_SAMPLE_CONSENSUS
[5.828s] -- looking for PCL_FILTERS
[5.830s] -- looking for PCL_2D
[5.831s] -- looking for PCL_GEOMETRY
[5.832s] -- looking for PCL_IO
[5.834s] -- looking for PCL_FEATURES
[5.836s] -- looking for PCL_ML
[5.837s] -- looking for PCL_SEGMENTATION
[5.839s] -- looking for PCL_VISUALIZATION
[5.841s] -- looking for PCL_SURFACE
[5.842s] -- looking for PCL_REGISTRATION
[5.844s] -- looking for PCL_KEYPOINTS
[5.846s] -- looking for PCL_TRACKING
[5.847s] -- looking for PCL_RECOGNITION
[5.849s] -- looking for PCL_STEREO
[5.851s] -- looking for PCL_APPS
[5.854s] -- looking for PCL_IN_HAND_SCANNER
[5.855s] -- looking for PCL_MODELER
[5.856s] -- looking for PCL_POINT_CLOUD_EDITOR
[5.857s] -- looking for PCL_OUTOFCORE
[5.859s] -- looking for PCL_PEOPLE
[5.864s] -- Found diagnostic_updater: 4.0.6 (/opt/ros/humble/share/diagnostic_updater/cmake)
[5.929s] -- Found lslidar_msgs: 1.2.0 (/home/fastbot/ros2_ws/install/lslidar_msgs/share/lslidar_msgs/cmake)
[5.984s] -- Found pluginlib: 5.1.0 (/opt/ros/humble/share/pluginlib/cmake)
[6.156s] -- Found pcl_conversions: 2.4.5 (/opt/ros/humble/share/pcl_conversions/cmake)
[6.713s] -- Configuring done
[7.162s] -- Generating done
[7.227s] -- Build files have been written to: /home/fastbot/ros2_ws/build/lslidar_driver
[7.429s] [35m[1mConsolidate compiler generated dependencies of target lslidar_driver_node[0m
[7.674s] [100%] Built target lslidar_driver_node
[7.718s] Invoked command in '/home/fastbot/ros2_ws/real/build/lslidar_driver' returned '0': CMAKE_PREFIX_PATH=/home/fastbot/ros2_ws/real/install/lslidar_msgs:/home/fastbot/ros2_ws/real/install/serial_motor_msgs:/home/fastbot/ros2_ws/real/install/lslidar_driver:/home/fastbot/ros2_ws/real/install/fastbot_slam_real:/home/fastbot/ros2_ws/real/install/fastbot_description:/home/fastbot/ros2_ws/real/install/fastbot_bringup:/home/fastbot/ros2_ws/real/install/serial_motor:/home/fastbot/ros2_ws/install/serial_motor:/home/fastbot/ros2_ws/install/serial_motor_msgs:/home/fastbot/ros2_ws/install/lslidar_driver:/home/fastbot/ros2_ws/install/lslidar_msgs:/home/fastbot/ros2_ws/install/fastbot_description:/home/fastbot/ros2_ws/install/fastbot_bringup:/opt/ros/humble LD_LIBRARY_PATH=/home/fastbot/ros2_ws/real/install/lslidar_msgs/lib:/home/fastbot/ros2_ws/real/install/serial_motor_msgs/lib:/home/fastbot/ros2_ws/install/serial_motor_msgs/lib:/home/fastbot/ros2_ws/install/lslidar_msgs/lib:/opt/ros/humble/opt/rviz_ogre_vendor/lib:/opt/ros/humble/lib/aarch64-linux-gnu:/opt/ros/humble/lib /usr/bin/cmake --build /home/fastbot/ros2_ws/real/build/lslidar_driver -- -j4 -l4
[7.731s] Invoking command in '/home/fastbot/ros2_ws/real/build/lslidar_driver': CMAKE_PREFIX_PATH=/home/fastbot/ros2_ws/real/install/lslidar_msgs:/home/fastbot/ros2_ws/real/install/serial_motor_msgs:/home/fastbot/ros2_ws/real/install/lslidar_driver:/home/fastbot/ros2_ws/real/install/fastbot_slam_real:/home/fastbot/ros2_ws/real/install/fastbot_description:/home/fastbot/ros2_ws/real/install/fastbot_bringup:/home/fastbot/ros2_ws/real/install/serial_motor:/home/fastbot/ros2_ws/install/serial_motor:/home/fastbot/ros2_ws/install/serial_motor_msgs:/home/fastbot/ros2_ws/install/lslidar_driver:/home/fastbot/ros2_ws/install/lslidar_msgs:/home/fastbot/ros2_ws/install/fastbot_description:/home/fastbot/ros2_ws/install/fastbot_bringup:/opt/ros/humble LD_LIBRARY_PATH=/home/fastbot/ros2_ws/real/install/lslidar_msgs/lib:/home/fastbot/ros2_ws/real/install/serial_motor_msgs/lib:/home/fastbot/ros2_ws/install/serial_motor_msgs/lib:/home/fastbot/ros2_ws/install/lslidar_msgs/lib:/opt/ros/humble/opt/rviz_ogre_vendor/lib:/opt/ros/humble/lib/aarch64-linux-gnu:/opt/ros/humble/lib /usr/bin/cmake --install /home/fastbot/ros2_ws/real/build/lslidar_driver
[7.761s] -- Install configuration: ""
[7.761s] -- Up-to-date: /home/fastbot/ros2_ws/install/lslidar_driver/share/lslidar_driver/launch
[7.762s] -- Up-to-date: /home/fastbot/ros2_ws/install/lslidar_driver/share/lslidar_driver/launch/lslidar_double_launch.py
[7.762s] -- Up-to-date: /home/fastbot/ros2_ws/install/lslidar_driver/share/lslidar_driver/launch/lslidar_launch.py
[7.762s] -- Up-to-date: /home/fastbot/ros2_ws/install/lslidar_driver/share/lslidar_driver/params
[7.763s] -- Up-to-date: /home/fastbot/ros2_ws/install/lslidar_driver/share/lslidar_driver/params/lsx10_1.yaml
[7.763s] -- Up-to-date: /home/fastbot/ros2_ws/install/lslidar_driver/share/lslidar_driver/params/lsx10.yaml
[7.764s] -- Up-to-date: /home/fastbot/ros2_ws/install/lslidar_driver/share/lslidar_driver/params/lsx10_2.yaml
[7.764s] -- Up-to-date: /home/fastbot/ros2_ws/install/lslidar_driver/share/lslidar_driver/rviz
[7.764s] -- Up-to-date: /home/fastbot/ros2_ws/install/lslidar_driver/share/lslidar_driver/rviz/lslidar.rviz
[7.765s] -- Up-to-date: /home/fastbot/ros2_ws/install/lslidar_driver/lib/lslidar_driver/lslidar_driver_node
[7.767s] -- Up-to-date: /home/fastbot/ros2_ws/install/lslidar_driver/share/ament_index/resource_index/package_run_dependencies/lslidar_driver
[7.767s] -- Installing: /home/fastbot/ros2_ws/install/lslidar_driver/share/ament_index/resource_index/parent_prefix_path/lslidar_driver
[7.768s] -- Up-to-date: /home/fastbot/ros2_ws/install/lslidar_driver/share/lslidar_driver/environment/ament_prefix_path.sh
[7.769s] -- Installing: /home/fastbot/ros2_ws/install/lslidar_driver/share/lslidar_driver/environment/ament_prefix_path.dsv
[7.770s] -- Up-to-date: /home/fastbot/ros2_ws/install/lslidar_driver/share/lslidar_driver/environment/path.sh
[7.770s] -- Installing: /home/fastbot/ros2_ws/install/lslidar_driver/share/lslidar_driver/environment/path.dsv
[7.771s] -- Up-to-date: /home/fastbot/ros2_ws/install/lslidar_driver/share/lslidar_driver/local_setup.bash
[7.772s] -- Up-to-date: /home/fastbot/ros2_ws/install/lslidar_driver/share/lslidar_driver/local_setup.sh
[7.772s] -- Up-to-date: /home/fastbot/ros2_ws/install/lslidar_driver/share/lslidar_driver/local_setup.zsh
[7.773s] -- Installing: /home/fastbot/ros2_ws/install/lslidar_driver/share/lslidar_driver/local_setup.dsv
[7.774s] -- Installing: /home/fastbot/ros2_ws/install/lslidar_driver/share/lslidar_driver/package.dsv
[7.775s] -- Up-to-date: /home/fastbot/ros2_ws/install/lslidar_driver/share/ament_index/resource_index/packages/lslidar_driver
[7.775s] -- Up-to-date: /home/fastbot/ros2_ws/install/lslidar_driver/share/lslidar_driver/cmake/ament_cmake_export_dependencies-extras.cmake
[7.776s] -- Up-to-date: /home/fastbot/ros2_ws/install/lslidar_driver/share/lslidar_driver/cmake/ament_cmake_export_include_directories-extras.cmake
[7.776s] -- Up-to-date: /home/fastbot/ros2_ws/install/lslidar_driver/share/lslidar_driver/cmake/lslidar_driverConfig.cmake
[7.777s] -- Up-to-date: /home/fastbot/ros2_ws/install/lslidar_driver/share/lslidar_driver/cmake/lslidar_driverConfig-version.cmake
[7.777s] -- Up-to-date: /home/fastbot/ros2_ws/install/lslidar_driver/share/lslidar_driver/package.xml
[7.784s] Invoked command in '/home/fastbot/ros2_ws/real/build/lslidar_driver' returned '0': CMAKE_PREFIX_PATH=/home/fastbot/ros2_ws/real/install/lslidar_msgs:/home/fastbot/ros2_ws/real/install/serial_motor_msgs:/home/fastbot/ros2_ws/real/install/lslidar_driver:/home/fastbot/ros2_ws/real/install/fastbot_slam_real:/home/fastbot/ros2_ws/real/install/fastbot_description:/home/fastbot/ros2_ws/real/install/fastbot_bringup:/home/fastbot/ros2_ws/real/install/serial_motor:/home/fastbot/ros2_ws/install/serial_motor:/home/fastbot/ros2_ws/install/serial_motor_msgs:/home/fastbot/ros2_ws/install/lslidar_driver:/home/fastbot/ros2_ws/install/lslidar_msgs:/home/fastbot/ros2_ws/install/fastbot_description:/home/fastbot/ros2_ws/install/fastbot_bringup:/opt/ros/humble LD_LIBRARY_PATH=/home/fastbot/ros2_ws/real/install/lslidar_msgs/lib:/home/fastbot/ros2_ws/real/install/serial_motor_msgs/lib:/home/fastbot/ros2_ws/install/serial_motor_msgs/lib:/home/fastbot/ros2_ws/install/lslidar_msgs/lib:/opt/ros/humble/opt/rviz_ogre_vendor/lib:/opt/ros/humble/lib/aarch64-linux-gnu:/opt/ros/humble/lib /usr/bin/cmake --install /home/fastbot/ros2_ws/real/build/lslidar_driver
