[0.106s] Invoking command in '/home/fastbot/ros2_ws/real/build/serial_motor_msgs': CMAKE_PREFIX_PATH=${CMAKE_PREFIX_PATH}:/home/fastbot/ros2_ws/install/serial_motor:/home/fastbot/ros2_ws/install/serial_motor_msgs:/home/fastbot/ros2_ws/install/lslidar_msgs:/home/fastbot/ros2_ws/install/fastbot_description:/home/fastbot/ros2_ws/install/fastbot_bringup:/opt/ros/humble /usr/bin/cmake --build /home/fastbot/ros2_ws/real/build/serial_motor_msgs -- -j4 -l4
[0.155s] [0mCMake Error: The current CMakeCache.txt directory /home/fastbot/ros2_ws/real/build/serial_motor_msgs/CMakeCache.txt is different than the directory /home/fastbot/ros2_ws/build/serial_motor_msgs where CMakeCache.txt was created. This may result in binaries being created in the wrong place. If you are not sure, reedit the CMakeCache.txt[0m
[0.232s] -- Found ament_cmake: 1.3.11 (/opt/ros/humble/share/ament_cmake/cmake)
[1.200s] -- Found rosidl_default_generators: 1.2.0 (/opt/ros/humble/share/rosidl_default_generators/cmake)
[1.213s] -- Using all available rosidl_typesupport_c: rosidl_typesupport_fastrtps_c;rosidl_typesupport_introspection_c
[1.226s] -- Found rosidl_adapter: 3.1.6 (/opt/ros/humble/share/rosidl_adapter/cmake)
[1.435s] -- Using all available rosidl_typesupport_cpp: rosidl_typesupport_fastrtps_cpp;rosidl_typesupport_introspection_cpp
[1.596s] -- Found std_msgs: 4.8.0 (/opt/ros/humble/share/std_msgs/cmake)
[3.183s] -- Found ament_cmake_ros: 0.10.0 (/opt/ros/humble/share/ament_cmake_ros/cmake)
[4.116s] -- Using all available rosidl_typesupport_c: rosidl_typesupport_fastrtps_c;rosidl_typesupport_introspection_c
[5.353s] -- Using all available rosidl_typesupport_cpp: rosidl_typesupport_fastrtps_cpp;rosidl_typesupport_introspection_cpp
[5.478s] -- Found python_cmake_module: 0.10.0 (/opt/ros/humble/share/python_cmake_module/cmake)
[5.596s] -- Using PYTHON_EXECUTABLE: /usr/bin/python3
[5.597s] -- Using PYTHON_INCLUDE_DIRS: /usr/include/python3.10
[5.597s] -- Using PYTHON_LIBRARIES: /usr/lib/aarch64-linux-gnu/libpython3.10.so
[5.680s] -- Configuring done
[5.890s] -- Generating done
[5.941s] -- Build files have been written to: /home/fastbot/ros2_ws/build/serial_motor_msgs
[6.051s] [35m[1mConsolidate compiler generated dependencies of target serial_motor_msgs__rosidl_generator_c[0m
[6.098s] [  2%] Built target serial_motor_msgs__cpp
[6.126s] [ 12%] Built target serial_motor_msgs__rosidl_generator_c
[6.164s] [35m[1mConsolidate compiler generated dependencies of target serial_motor_msgs__rosidl_typesupport_cpp[0m
[6.177s] [35m[1mConsolidate compiler generated dependencies of target serial_motor_msgs__rosidl_typesupport_fastrtps_cpp[0m
[6.183s] [ 12%] Built target ament_cmake_python_copy_serial_motor_msgs
[6.209s] [35m[1mConsolidate compiler generated dependencies of target serial_motor_msgs__rosidl_typesupport_introspection_cpp[0m
[6.265s] [35m[1mConsolidate compiler generated dependencies of target serial_motor_msgs__rosidl_typesupport_fastrtps_c[0m
[6.274s] [ 23%] Built target serial_motor_msgs__rosidl_typesupport_fastrtps_cpp
[6.287s] [ 34%] Built target serial_motor_msgs__rosidl_typesupport_cpp
[6.318s] [ 44%] Built target serial_motor_msgs__rosidl_typesupport_introspection_cpp
[6.343s] [35m[1mConsolidate compiler generated dependencies of target serial_motor_msgs__rosidl_typesupport_introspection_c[0m
[6.365s] [35m[1mConsolidate compiler generated dependencies of target serial_motor_msgs__rosidl_typesupport_c[0m
[6.374s] [ 55%] Built target serial_motor_msgs__rosidl_typesupport_fastrtps_c
[6.432s] [ 65%] Built target serial_motor_msgs__rosidl_typesupport_introspection_c
[6.436s] [ 76%] Built target serial_motor_msgs__rosidl_typesupport_c
[6.535s] [ 76%] Built target serial_motor_msgs
[6.639s] [ 78%] Built target serial_motor_msgs__py
[6.691s] [35m[1mConsolidate compiler generated dependencies of target serial_motor_msgs__rosidl_generator_py[0m
[6.767s] [ 87%] Built target serial_motor_msgs__rosidl_generator_py
[6.826s] [35m[1mConsolidate compiler generated dependencies of target serial_motor_msgs__rosidl_typesupport_fastrtps_c__pyext[0m
[6.831s] [35m[1mConsolidate compiler generated dependencies of target serial_motor_msgs__rosidl_typesupport_introspection_c__pyext[0m
[6.872s] [35m[1mConsolidate compiler generated dependencies of target serial_motor_msgs__rosidl_typesupport_c__pyext[0m
[6.916s] [ 91%] Built target serial_motor_msgs__rosidl_typesupport_fastrtps_c__pyext
[6.945s] [ 95%] Built target serial_motor_msgs__rosidl_typesupport_introspection_c__pyext
[6.963s] [100%] Built target serial_motor_msgs__rosidl_typesupport_c__pyext
[8.006s] running egg_info
[8.012s] writing serial_motor_msgs.egg-info/PKG-INFO
[8.014s] writing dependency_links to serial_motor_msgs.egg-info/dependency_links.txt
[8.017s] writing top-level names to serial_motor_msgs.egg-info/top_level.txt
[8.032s] reading manifest file 'serial_motor_msgs.egg-info/SOURCES.txt'
[8.037s] writing manifest file 'serial_motor_msgs.egg-info/SOURCES.txt'
[8.236s] [100%] Built target ament_cmake_python_build_serial_motor_msgs_egg
[8.283s] Invoked command in '/home/fastbot/ros2_ws/real/build/serial_motor_msgs' returned '0': CMAKE_PREFIX_PATH=${CMAKE_PREFIX_PATH}:/home/fastbot/ros2_ws/install/serial_motor:/home/fastbot/ros2_ws/install/serial_motor_msgs:/home/fastbot/ros2_ws/install/lslidar_msgs:/home/fastbot/ros2_ws/install/fastbot_description:/home/fastbot/ros2_ws/install/fastbot_bringup:/opt/ros/humble /usr/bin/cmake --build /home/fastbot/ros2_ws/real/build/serial_motor_msgs -- -j4 -l4
[8.292s] Invoking command in '/home/fastbot/ros2_ws/real/build/serial_motor_msgs': CMAKE_PREFIX_PATH=${CMAKE_PREFIX_PATH}:/home/fastbot/ros2_ws/install/serial_motor:/home/fastbot/ros2_ws/install/serial_motor_msgs:/home/fastbot/ros2_ws/install/lslidar_msgs:/home/fastbot/ros2_ws/install/fastbot_description:/home/fastbot/ros2_ws/install/fastbot_bringup:/opt/ros/humble /usr/bin/cmake --install /home/fastbot/ros2_ws/real/build/serial_motor_msgs
[8.322s] -- Install configuration: ""
[8.323s] -- Up-to-date: /home/fastbot/ros2_ws/install/serial_motor_msgs/share/ament_index/resource_index/rosidl_interfaces/serial_motor_msgs
[8.323s] -- Up-to-date: /home/fastbot/ros2_ws/install/serial_motor_msgs/include/serial_motor_msgs/serial_motor_msgs
[8.324s] -- Up-to-date: /home/fastbot/ros2_ws/install/serial_motor_msgs/include/serial_motor_msgs/serial_motor_msgs/msg
[8.325s] -- Up-to-date: /home/fastbot/ros2_ws/install/serial_motor_msgs/include/serial_motor_msgs/serial_motor_msgs/msg/encoder_vals.h
[8.325s] -- Up-to-date: /home/fastbot/ros2_ws/install/serial_motor_msgs/include/serial_motor_msgs/serial_motor_msgs/msg/motor_commands.h
[8.327s] -- Up-to-date: /home/fastbot/ros2_ws/install/serial_motor_msgs/include/serial_motor_msgs/serial_motor_msgs/msg/motor_vels.h
[8.328s] -- Up-to-date: /home/fastbot/ros2_ws/install/serial_motor_msgs/include/serial_motor_msgs/serial_motor_msgs/msg/rosidl_generator_c__visibility_control.h
[8.328s] -- Up-to-date: /home/fastbot/ros2_ws/install/serial_motor_msgs/include/serial_motor_msgs/serial_motor_msgs/msg/detail
[8.329s] -- Up-to-date: /home/fastbot/ros2_ws/install/serial_motor_msgs/include/serial_motor_msgs/serial_motor_msgs/msg/detail/motor_vels__functions.h
[8.330s] -- Up-to-date: /home/fastbot/ros2_ws/install/serial_motor_msgs/include/serial_motor_msgs/serial_motor_msgs/msg/detail/motor_commands__functions.c
[8.330s] -- Up-to-date: /home/fastbot/ros2_ws/install/serial_motor_msgs/include/serial_motor_msgs/serial_motor_msgs/msg/detail/motor_vels__functions.c
[8.331s] -- Up-to-date: /home/fastbot/ros2_ws/install/serial_motor_msgs/include/serial_motor_msgs/serial_motor_msgs/msg/detail/encoder_vals__struct.h
[8.331s] -- Up-to-date: /home/fastbot/ros2_ws/install/serial_motor_msgs/include/serial_motor_msgs/serial_motor_msgs/msg/detail/encoder_vals__functions.c
[8.332s] -- Up-to-date: /home/fastbot/ros2_ws/install/serial_motor_msgs/include/serial_motor_msgs/serial_motor_msgs/msg/detail/motor_vels__struct.h
[8.332s] -- Up-to-date: /home/fastbot/ros2_ws/install/serial_motor_msgs/include/serial_motor_msgs/serial_motor_msgs/msg/detail/motor_commands__type_support.h
[8.333s] -- Up-to-date: /home/fastbot/ros2_ws/install/serial_motor_msgs/include/serial_motor_msgs/serial_motor_msgs/msg/detail/encoder_vals__functions.h
[8.333s] -- Up-to-date: /home/fastbot/ros2_ws/install/serial_motor_msgs/include/serial_motor_msgs/serial_motor_msgs/msg/detail/motor_commands__functions.h
[8.334s] -- Up-to-date: /home/fastbot/ros2_ws/install/serial_motor_msgs/include/serial_motor_msgs/serial_motor_msgs/msg/detail/motor_commands__struct.h
[8.334s] -- Up-to-date: /home/fastbot/ros2_ws/install/serial_motor_msgs/include/serial_motor_msgs/serial_motor_msgs/msg/detail/encoder_vals__type_support.h
[8.335s] -- Up-to-date: /home/fastbot/ros2_ws/install/serial_motor_msgs/include/serial_motor_msgs/serial_motor_msgs/msg/detail/motor_vels__type_support.h
[8.335s] -- Up-to-date: /home/fastbot/ros2_ws/install/serial_motor_msgs/share/serial_motor_msgs/environment/library_path.sh
[8.336s] -- Installing: /home/fastbot/ros2_ws/install/serial_motor_msgs/share/serial_motor_msgs/environment/library_path.dsv
[8.337s] -- Up-to-date: /home/fastbot/ros2_ws/install/serial_motor_msgs/lib/libserial_motor_msgs__rosidl_generator_c.so
[8.337s] -- Up-to-date: /home/fastbot/ros2_ws/install/serial_motor_msgs/include/serial_motor_msgs/serial_motor_msgs
[8.337s] -- Up-to-date: /home/fastbot/ros2_ws/install/serial_motor_msgs/include/serial_motor_msgs/serial_motor_msgs/msg
[8.338s] -- Up-to-date: /home/fastbot/ros2_ws/install/serial_motor_msgs/include/serial_motor_msgs/serial_motor_msgs/msg/rosidl_typesupport_fastrtps_c__visibility_control.h
[8.338s] -- Up-to-date: /home/fastbot/ros2_ws/install/serial_motor_msgs/include/serial_motor_msgs/serial_motor_msgs/msg/detail
[8.339s] -- Up-to-date: /home/fastbot/ros2_ws/install/serial_motor_msgs/include/serial_motor_msgs/serial_motor_msgs/msg/detail/encoder_vals__rosidl_typesupport_fastrtps_c.h
[8.339s] -- Up-to-date: /home/fastbot/ros2_ws/install/serial_motor_msgs/include/serial_motor_msgs/serial_motor_msgs/msg/detail/motor_vels__rosidl_typesupport_fastrtps_c.h
[8.340s] -- Up-to-date: /home/fastbot/ros2_ws/install/serial_motor_msgs/include/serial_motor_msgs/serial_motor_msgs/msg/detail/motor_commands__rosidl_typesupport_fastrtps_c.h
[8.340s] -- Up-to-date: /home/fastbot/ros2_ws/install/serial_motor_msgs/lib/libserial_motor_msgs__rosidl_typesupport_fastrtps_c.so
[8.341s] -- Up-to-date: /home/fastbot/ros2_ws/install/serial_motor_msgs/include/serial_motor_msgs/serial_motor_msgs
[8.341s] -- Up-to-date: /home/fastbot/ros2_ws/install/serial_motor_msgs/include/serial_motor_msgs/serial_motor_msgs/msg
[8.342s] -- Up-to-date: /home/fastbot/ros2_ws/install/serial_motor_msgs/include/serial_motor_msgs/serial_motor_msgs/msg/detail
[8.342s] -- Up-to-date: /home/fastbot/ros2_ws/install/serial_motor_msgs/include/serial_motor_msgs/serial_motor_msgs/msg/detail/motor_vels__type_support.c
[8.343s] -- Up-to-date: /home/fastbot/ros2_ws/install/serial_motor_msgs/include/serial_motor_msgs/serial_motor_msgs/msg/detail/encoder_vals__rosidl_typesupport_introspection_c.h
[8.343s] -- Up-to-date: /home/fastbot/ros2_ws/install/serial_motor_msgs/include/serial_motor_msgs/serial_motor_msgs/msg/detail/motor_commands__type_support.c
[8.343s] -- Up-to-date: /home/fastbot/ros2_ws/install/serial_motor_msgs/include/serial_motor_msgs/serial_motor_msgs/msg/detail/encoder_vals__type_support.c
[8.344s] -- Up-to-date: /home/fastbot/ros2_ws/install/serial_motor_msgs/include/serial_motor_msgs/serial_motor_msgs/msg/detail/motor_commands__rosidl_typesupport_introspection_c.h
[8.344s] -- Up-to-date: /home/fastbot/ros2_ws/install/serial_motor_msgs/include/serial_motor_msgs/serial_motor_msgs/msg/detail/motor_vels__rosidl_typesupport_introspection_c.h
[8.345s] -- Up-to-date: /home/fastbot/ros2_ws/install/serial_motor_msgs/include/serial_motor_msgs/serial_motor_msgs/msg/rosidl_typesupport_introspection_c__visibility_control.h
[8.345s] -- Up-to-date: /home/fastbot/ros2_ws/install/serial_motor_msgs/lib/libserial_motor_msgs__rosidl_typesupport_introspection_c.so
[8.346s] -- Up-to-date: /home/fastbot/ros2_ws/install/serial_motor_msgs/lib/libserial_motor_msgs__rosidl_typesupport_c.so
[8.347s] -- Up-to-date: /home/fastbot/ros2_ws/install/serial_motor_msgs/include/serial_motor_msgs/serial_motor_msgs
[8.348s] -- Up-to-date: /home/fastbot/ros2_ws/install/serial_motor_msgs/include/serial_motor_msgs/serial_motor_msgs/msg
[8.348s] -- Up-to-date: /home/fastbot/ros2_ws/install/serial_motor_msgs/include/serial_motor_msgs/serial_motor_msgs/msg/motor_commands.hpp
[8.349s] -- Up-to-date: /home/fastbot/ros2_ws/install/serial_motor_msgs/include/serial_motor_msgs/serial_motor_msgs/msg/encoder_vals.hpp
[8.349s] -- Up-to-date: /home/fastbot/ros2_ws/install/serial_motor_msgs/include/serial_motor_msgs/serial_motor_msgs/msg/motor_vels.hpp
[8.350s] -- Up-to-date: /home/fastbot/ros2_ws/install/serial_motor_msgs/include/serial_motor_msgs/serial_motor_msgs/msg/detail
[8.350s] -- Up-to-date: /home/fastbot/ros2_ws/install/serial_motor_msgs/include/serial_motor_msgs/serial_motor_msgs/msg/detail/motor_vels__type_support.hpp
[8.351s] -- Up-to-date: /home/fastbot/ros2_ws/install/serial_motor_msgs/include/serial_motor_msgs/serial_motor_msgs/msg/detail/motor_commands__traits.hpp
[8.351s] -- Up-to-date: /home/fastbot/ros2_ws/install/serial_motor_msgs/include/serial_motor_msgs/serial_motor_msgs/msg/detail/motor_commands__struct.hpp
[8.352s] -- Up-to-date: /home/fastbot/ros2_ws/install/serial_motor_msgs/include/serial_motor_msgs/serial_motor_msgs/msg/detail/motor_vels__traits.hpp
[8.352s] -- Up-to-date: /home/fastbot/ros2_ws/install/serial_motor_msgs/include/serial_motor_msgs/serial_motor_msgs/msg/detail/encoder_vals__struct.hpp
[8.353s] -- Up-to-date: /home/fastbot/ros2_ws/install/serial_motor_msgs/include/serial_motor_msgs/serial_motor_msgs/msg/detail/encoder_vals__traits.hpp
[8.353s] -- Up-to-date: /home/fastbot/ros2_ws/install/serial_motor_msgs/include/serial_motor_msgs/serial_motor_msgs/msg/detail/motor_commands__type_support.hpp
[8.354s] -- Up-to-date: /home/fastbot/ros2_ws/install/serial_motor_msgs/include/serial_motor_msgs/serial_motor_msgs/msg/detail/motor_commands__builder.hpp
[8.354s] -- Up-to-date: /home/fastbot/ros2_ws/install/serial_motor_msgs/include/serial_motor_msgs/serial_motor_msgs/msg/detail/encoder_vals__builder.hpp
[8.354s] -- Up-to-date: /home/fastbot/ros2_ws/install/serial_motor_msgs/include/serial_motor_msgs/serial_motor_msgs/msg/detail/motor_vels__struct.hpp
[8.355s] -- Up-to-date: /home/fastbot/ros2_ws/install/serial_motor_msgs/include/serial_motor_msgs/serial_motor_msgs/msg/detail/motor_vels__builder.hpp
[8.355s] -- Up-to-date: /home/fastbot/ros2_ws/install/serial_motor_msgs/include/serial_motor_msgs/serial_motor_msgs/msg/detail/encoder_vals__type_support.hpp
[8.356s] -- Up-to-date: /home/fastbot/ros2_ws/install/serial_motor_msgs/include/serial_motor_msgs/serial_motor_msgs/msg/rosidl_generator_cpp__visibility_control.hpp
[8.356s] -- Up-to-date: /home/fastbot/ros2_ws/install/serial_motor_msgs/include/serial_motor_msgs/serial_motor_msgs
[8.357s] -- Up-to-date: /home/fastbot/ros2_ws/install/serial_motor_msgs/include/serial_motor_msgs/serial_motor_msgs/msg
[8.357s] -- Up-to-date: /home/fastbot/ros2_ws/install/serial_motor_msgs/include/serial_motor_msgs/serial_motor_msgs/msg/rosidl_typesupport_fastrtps_cpp__visibility_control.h
[8.357s] -- Up-to-date: /home/fastbot/ros2_ws/install/serial_motor_msgs/include/serial_motor_msgs/serial_motor_msgs/msg/detail
[8.358s] -- Up-to-date: /home/fastbot/ros2_ws/install/serial_motor_msgs/include/serial_motor_msgs/serial_motor_msgs/msg/detail/dds_fastrtps
[8.358s] -- Up-to-date: /home/fastbot/ros2_ws/install/serial_motor_msgs/include/serial_motor_msgs/serial_motor_msgs/msg/detail/encoder_vals__rosidl_typesupport_fastrtps_cpp.hpp
[8.358s] -- Up-to-date: /home/fastbot/ros2_ws/install/serial_motor_msgs/include/serial_motor_msgs/serial_motor_msgs/msg/detail/motor_commands__rosidl_typesupport_fastrtps_cpp.hpp
[8.359s] -- Up-to-date: /home/fastbot/ros2_ws/install/serial_motor_msgs/include/serial_motor_msgs/serial_motor_msgs/msg/detail/motor_vels__rosidl_typesupport_fastrtps_cpp.hpp
[8.359s] -- Up-to-date: /home/fastbot/ros2_ws/install/serial_motor_msgs/lib/libserial_motor_msgs__rosidl_typesupport_fastrtps_cpp.so
[8.360s] -- Up-to-date: /home/fastbot/ros2_ws/install/serial_motor_msgs/include/serial_motor_msgs/serial_motor_msgs
[8.360s] -- Up-to-date: /home/fastbot/ros2_ws/install/serial_motor_msgs/include/serial_motor_msgs/serial_motor_msgs/msg
[8.361s] -- Up-to-date: /home/fastbot/ros2_ws/install/serial_motor_msgs/include/serial_motor_msgs/serial_motor_msgs/msg/detail
[8.361s] -- Up-to-date: /home/fastbot/ros2_ws/install/serial_motor_msgs/include/serial_motor_msgs/serial_motor_msgs/msg/detail/encoder_vals__type_support.cpp
[8.362s] -- Up-to-date: /home/fastbot/ros2_ws/install/serial_motor_msgs/include/serial_motor_msgs/serial_motor_msgs/msg/detail/motor_commands__type_support.cpp
[8.362s] -- Up-to-date: /home/fastbot/ros2_ws/install/serial_motor_msgs/include/serial_motor_msgs/serial_motor_msgs/msg/detail/motor_vels__type_support.cpp
[8.363s] -- Up-to-date: /home/fastbot/ros2_ws/install/serial_motor_msgs/include/serial_motor_msgs/serial_motor_msgs/msg/detail/encoder_vals__rosidl_typesupport_introspection_cpp.hpp
[8.363s] -- Up-to-date: /home/fastbot/ros2_ws/install/serial_motor_msgs/include/serial_motor_msgs/serial_motor_msgs/msg/detail/motor_vels__rosidl_typesupport_introspection_cpp.hpp
[8.364s] -- Up-to-date: /home/fastbot/ros2_ws/install/serial_motor_msgs/include/serial_motor_msgs/serial_motor_msgs/msg/detail/motor_commands__rosidl_typesupport_introspection_cpp.hpp
[8.365s] -- Up-to-date: /home/fastbot/ros2_ws/install/serial_motor_msgs/lib/libserial_motor_msgs__rosidl_typesupport_introspection_cpp.so
[8.367s] -- Up-to-date: /home/fastbot/ros2_ws/install/serial_motor_msgs/lib/libserial_motor_msgs__rosidl_typesupport_cpp.so
[8.368s] -- Up-to-date: /home/fastbot/ros2_ws/install/serial_motor_msgs/share/serial_motor_msgs/environment/pythonpath.sh
[8.368s] -- Installing: /home/fastbot/ros2_ws/install/serial_motor_msgs/share/serial_motor_msgs/environment/pythonpath.dsv
[8.370s] -- Up-to-date: /home/fastbot/ros2_ws/install/serial_motor_msgs/local/lib/python3.10/dist-packages/serial_motor_msgs-0.0.0-py3.10.egg-info
[8.370s] -- Installing: /home/fastbot/ros2_ws/install/serial_motor_msgs/local/lib/python3.10/dist-packages/serial_motor_msgs-0.0.0-py3.10.egg-info/PKG-INFO
[8.372s] -- Installing: /home/fastbot/ros2_ws/install/serial_motor_msgs/local/lib/python3.10/dist-packages/serial_motor_msgs-0.0.0-py3.10.egg-info/top_level.txt
[8.374s] -- Installing: /home/fastbot/ros2_ws/install/serial_motor_msgs/local/lib/python3.10/dist-packages/serial_motor_msgs-0.0.0-py3.10.egg-info/SOURCES.txt
[8.375s] -- Installing: /home/fastbot/ros2_ws/install/serial_motor_msgs/local/lib/python3.10/dist-packages/serial_motor_msgs-0.0.0-py3.10.egg-info/dependency_links.txt
[8.377s] -- Up-to-date: /home/fastbot/ros2_ws/install/serial_motor_msgs/local/lib/python3.10/dist-packages/serial_motor_msgs
[8.377s] -- Installing: /home/fastbot/ros2_ws/install/serial_motor_msgs/local/lib/python3.10/dist-packages/serial_motor_msgs/__init__.py
[8.379s] -- Up-to-date: /home/fastbot/ros2_ws/install/serial_motor_msgs/local/lib/python3.10/dist-packages/serial_motor_msgs/_serial_motor_msgs_s.ep.rosidl_typesupport_fastrtps_c.c
[8.379s] -- Up-to-date: /home/fastbot/ros2_ws/install/serial_motor_msgs/local/lib/python3.10/dist-packages/serial_motor_msgs/serial_motor_msgs_s__rosidl_typesupport_c.cpython-310-aarch64-linux-gnu.so
[8.380s] -- Up-to-date: /home/fastbot/ros2_ws/install/serial_motor_msgs/local/lib/python3.10/dist-packages/serial_motor_msgs/serial_motor_msgs_s__rosidl_typesupport_fastrtps_c.cpython-310-aarch64-linux-gnu.so
[8.380s] -- Up-to-date: /home/fastbot/ros2_ws/install/serial_motor_msgs/local/lib/python3.10/dist-packages/serial_motor_msgs/serial_motor_msgs_s__rosidl_typesupport_introspection_c.cpython-310-aarch64-linux-gnu.so
[8.381s] -- Up-to-date: /home/fastbot/ros2_ws/install/serial_motor_msgs/local/lib/python3.10/dist-packages/serial_motor_msgs/msg
[8.381s] -- Up-to-date: /home/fastbot/ros2_ws/install/serial_motor_msgs/local/lib/python3.10/dist-packages/serial_motor_msgs/msg/_encoder_vals_s.c
[8.382s] -- Up-to-date: /home/fastbot/ros2_ws/install/serial_motor_msgs/local/lib/python3.10/dist-packages/serial_motor_msgs/msg/__init__.py
[8.382s] -- Up-to-date: /home/fastbot/ros2_ws/install/serial_motor_msgs/local/lib/python3.10/dist-packages/serial_motor_msgs/msg/_motor_commands_s.c
[8.382s] -- Up-to-date: /home/fastbot/ros2_ws/install/serial_motor_msgs/local/lib/python3.10/dist-packages/serial_motor_msgs/msg/_motor_vels.py
[8.383s] -- Up-to-date: /home/fastbot/ros2_ws/install/serial_motor_msgs/local/lib/python3.10/dist-packages/serial_motor_msgs/msg/_motor_commands.py
[8.383s] -- Up-to-date: /home/fastbot/ros2_ws/install/serial_motor_msgs/local/lib/python3.10/dist-packages/serial_motor_msgs/msg/_encoder_vals.py
[8.384s] -- Up-to-date: /home/fastbot/ros2_ws/install/serial_motor_msgs/local/lib/python3.10/dist-packages/serial_motor_msgs/msg/_motor_vels_s.c
[8.384s] -- Up-to-date: /home/fastbot/ros2_ws/install/serial_motor_msgs/local/lib/python3.10/dist-packages/serial_motor_msgs/_serial_motor_msgs_s.ep.rosidl_typesupport_introspection_c.c
[8.385s] -- Up-to-date: /home/fastbot/ros2_ws/install/serial_motor_msgs/local/lib/python3.10/dist-packages/serial_motor_msgs/_serial_motor_msgs_s.ep.rosidl_typesupport_c.c
[8.385s] -- Up-to-date: /home/fastbot/ros2_ws/install/serial_motor_msgs/local/lib/python3.10/dist-packages/serial_motor_msgs/libserial_motor_msgs__rosidl_generator_py.so
[8.551s] Listing '/home/fastbot/ros2_ws/install/serial_motor_msgs/local/lib/python3.10/dist-packages/serial_motor_msgs'...
[8.552s] Compiling '/home/fastbot/ros2_ws/install/serial_motor_msgs/local/lib/python3.10/dist-packages/serial_motor_msgs/__init__.py'...
[8.553s] Listing '/home/fastbot/ros2_ws/install/serial_motor_msgs/local/lib/python3.10/dist-packages/serial_motor_msgs/msg'...
[8.580s] -- Up-to-date: /home/fastbot/ros2_ws/install/serial_motor_msgs/local/lib/python3.10/dist-packages/serial_motor_msgs/serial_motor_msgs_s__rosidl_typesupport_fastrtps_c.cpython-310-aarch64-linux-gnu.so
[8.582s] -- Up-to-date: /home/fastbot/ros2_ws/install/serial_motor_msgs/local/lib/python3.10/dist-packages/serial_motor_msgs/serial_motor_msgs_s__rosidl_typesupport_introspection_c.cpython-310-aarch64-linux-gnu.so
[8.584s] -- Up-to-date: /home/fastbot/ros2_ws/install/serial_motor_msgs/local/lib/python3.10/dist-packages/serial_motor_msgs/serial_motor_msgs_s__rosidl_typesupport_c.cpython-310-aarch64-linux-gnu.so
[8.586s] -- Up-to-date: /home/fastbot/ros2_ws/install/serial_motor_msgs/lib/libserial_motor_msgs__rosidl_generator_py.so
[8.588s] -- Up-to-date: /home/fastbot/ros2_ws/install/serial_motor_msgs/share/serial_motor_msgs/msg/EncoderVals.idl
[8.588s] -- Up-to-date: /home/fastbot/ros2_ws/install/serial_motor_msgs/share/serial_motor_msgs/msg/MotorCommands.idl
[8.589s] -- Up-to-date: /home/fastbot/ros2_ws/install/serial_motor_msgs/share/serial_motor_msgs/msg/MotorVels.idl
[8.590s] -- Up-to-date: /home/fastbot/ros2_ws/install/serial_motor_msgs/share/serial_motor_msgs/msg/EncoderVals.msg
[8.590s] -- Up-to-date: /home/fastbot/ros2_ws/install/serial_motor_msgs/share/serial_motor_msgs/msg/MotorCommands.msg
[8.591s] -- Up-to-date: /home/fastbot/ros2_ws/install/serial_motor_msgs/share/serial_motor_msgs/msg/MotorVels.msg
[8.591s] -- Up-to-date: /home/fastbot/ros2_ws/install/serial_motor_msgs/share/ament_index/resource_index/package_run_dependencies/serial_motor_msgs
[8.592s] -- Up-to-date: /home/fastbot/ros2_ws/install/serial_motor_msgs/share/ament_index/resource_index/parent_prefix_path/serial_motor_msgs
[8.592s] -- Up-to-date: /home/fastbot/ros2_ws/install/serial_motor_msgs/share/serial_motor_msgs/environment/ament_prefix_path.sh
[8.593s] -- Installing: /home/fastbot/ros2_ws/install/serial_motor_msgs/share/serial_motor_msgs/environment/ament_prefix_path.dsv
[8.593s] -- Up-to-date: /home/fastbot/ros2_ws/install/serial_motor_msgs/share/serial_motor_msgs/environment/path.sh
[8.594s] -- Installing: /home/fastbot/ros2_ws/install/serial_motor_msgs/share/serial_motor_msgs/environment/path.dsv
[8.595s] -- Up-to-date: /home/fastbot/ros2_ws/install/serial_motor_msgs/share/serial_motor_msgs/local_setup.bash
[8.596s] -- Up-to-date: /home/fastbot/ros2_ws/install/serial_motor_msgs/share/serial_motor_msgs/local_setup.sh
[8.596s] -- Up-to-date: /home/fastbot/ros2_ws/install/serial_motor_msgs/share/serial_motor_msgs/local_setup.zsh
[8.597s] -- Installing: /home/fastbot/ros2_ws/install/serial_motor_msgs/share/serial_motor_msgs/local_setup.dsv
[8.598s] -- Installing: /home/fastbot/ros2_ws/install/serial_motor_msgs/share/serial_motor_msgs/package.dsv
[8.599s] -- Up-to-date: /home/fastbot/ros2_ws/install/serial_motor_msgs/share/ament_index/resource_index/packages/serial_motor_msgs
[8.600s] -- Up-to-date: /home/fastbot/ros2_ws/install/serial_motor_msgs/share/serial_motor_msgs/cmake/export_serial_motor_msgs__rosidl_generator_cExport.cmake
[8.601s] -- Up-to-date: /home/fastbot/ros2_ws/install/serial_motor_msgs/share/serial_motor_msgs/cmake/export_serial_motor_msgs__rosidl_generator_cExport-noconfig.cmake
[8.602s] -- Up-to-date: /home/fastbot/ros2_ws/install/serial_motor_msgs/share/serial_motor_msgs/cmake/export_serial_motor_msgs__rosidl_typesupport_fastrtps_cExport.cmake
[8.602s] -- Up-to-date: /home/fastbot/ros2_ws/install/serial_motor_msgs/share/serial_motor_msgs/cmake/export_serial_motor_msgs__rosidl_typesupport_fastrtps_cExport-noconfig.cmake
[8.603s] -- Up-to-date: /home/fastbot/ros2_ws/install/serial_motor_msgs/share/serial_motor_msgs/cmake/serial_motor_msgs__rosidl_typesupport_introspection_cExport.cmake
[8.604s] -- Up-to-date: /home/fastbot/ros2_ws/install/serial_motor_msgs/share/serial_motor_msgs/cmake/serial_motor_msgs__rosidl_typesupport_introspection_cExport-noconfig.cmake
[8.605s] -- Up-to-date: /home/fastbot/ros2_ws/install/serial_motor_msgs/share/serial_motor_msgs/cmake/serial_motor_msgs__rosidl_typesupport_cExport.cmake
[8.605s] -- Up-to-date: /home/fastbot/ros2_ws/install/serial_motor_msgs/share/serial_motor_msgs/cmake/serial_motor_msgs__rosidl_typesupport_cExport-noconfig.cmake
[8.606s] -- Up-to-date: /home/fastbot/ros2_ws/install/serial_motor_msgs/share/serial_motor_msgs/cmake/export_serial_motor_msgs__rosidl_generator_cppExport.cmake
[8.607s] -- Up-to-date: /home/fastbot/ros2_ws/install/serial_motor_msgs/share/serial_motor_msgs/cmake/export_serial_motor_msgs__rosidl_typesupport_fastrtps_cppExport.cmake
[8.608s] -- Up-to-date: /home/fastbot/ros2_ws/install/serial_motor_msgs/share/serial_motor_msgs/cmake/export_serial_motor_msgs__rosidl_typesupport_fastrtps_cppExport-noconfig.cmake
[8.609s] -- Up-to-date: /home/fastbot/ros2_ws/install/serial_motor_msgs/share/serial_motor_msgs/cmake/serial_motor_msgs__rosidl_typesupport_introspection_cppExport.cmake
[8.609s] -- Up-to-date: /home/fastbot/ros2_ws/install/serial_motor_msgs/share/serial_motor_msgs/cmake/serial_motor_msgs__rosidl_typesupport_introspection_cppExport-noconfig.cmake
[8.610s] -- Up-to-date: /home/fastbot/ros2_ws/install/serial_motor_msgs/share/serial_motor_msgs/cmake/serial_motor_msgs__rosidl_typesupport_cppExport.cmake
[8.611s] -- Up-to-date: /home/fastbot/ros2_ws/install/serial_motor_msgs/share/serial_motor_msgs/cmake/serial_motor_msgs__rosidl_typesupport_cppExport-noconfig.cmake
[8.612s] -- Up-to-date: /home/fastbot/ros2_ws/install/serial_motor_msgs/share/serial_motor_msgs/cmake/export_serial_motor_msgs__rosidl_generator_pyExport.cmake
[8.612s] -- Up-to-date: /home/fastbot/ros2_ws/install/serial_motor_msgs/share/serial_motor_msgs/cmake/export_serial_motor_msgs__rosidl_generator_pyExport-noconfig.cmake
[8.613s] -- Up-to-date: /home/fastbot/ros2_ws/install/serial_motor_msgs/share/serial_motor_msgs/cmake/rosidl_cmake-extras.cmake
[8.613s] -- Up-to-date: /home/fastbot/ros2_ws/install/serial_motor_msgs/share/serial_motor_msgs/cmake/ament_cmake_export_include_directories-extras.cmake
[8.614s] -- Up-to-date: /home/fastbot/ros2_ws/install/serial_motor_msgs/share/serial_motor_msgs/cmake/ament_cmake_export_libraries-extras.cmake
[8.614s] -- Up-to-date: /home/fastbot/ros2_ws/install/serial_motor_msgs/share/serial_motor_msgs/cmake/ament_cmake_export_targets-extras.cmake
[8.615s] -- Up-to-date: /home/fastbot/ros2_ws/install/serial_motor_msgs/share/serial_motor_msgs/cmake/rosidl_cmake_export_typesupport_targets-extras.cmake
[8.615s] -- Up-to-date: /home/fastbot/ros2_ws/install/serial_motor_msgs/share/serial_motor_msgs/cmake/ament_cmake_export_dependencies-extras.cmake
[8.616s] -- Up-to-date: /home/fastbot/ros2_ws/install/serial_motor_msgs/share/serial_motor_msgs/cmake/rosidl_cmake_export_typesupport_libraries-extras.cmake
[8.616s] -- Up-to-date: /home/fastbot/ros2_ws/install/serial_motor_msgs/share/serial_motor_msgs/cmake/serial_motor_msgsConfig.cmake
[8.617s] -- Up-to-date: /home/fastbot/ros2_ws/install/serial_motor_msgs/share/serial_motor_msgs/cmake/serial_motor_msgsConfig-version.cmake
[8.617s] -- Up-to-date: /home/fastbot/ros2_ws/install/serial_motor_msgs/share/serial_motor_msgs/package.xml
[8.626s] Invoked command in '/home/fastbot/ros2_ws/real/build/serial_motor_msgs' returned '0': CMAKE_PREFIX_PATH=${CMAKE_PREFIX_PATH}:/home/fastbot/ros2_ws/install/serial_motor:/home/fastbot/ros2_ws/install/serial_motor_msgs:/home/fastbot/ros2_ws/install/lslidar_msgs:/home/fastbot/ros2_ws/install/fastbot_description:/home/fastbot/ros2_ws/install/fastbot_bringup:/opt/ros/humble /usr/bin/cmake --install /home/fastbot/ros2_ws/real/build/serial_motor_msgs
