-- The C compiler identification is GNU 11.4.0
-- The CXX compiler identification is GNU 11.4.0
-- Detecting C compiler ABI info
-- Detecting C compiler ABI info - done
-- Check for working C compiler: /usr/bin/cc - skipped
-- Detecting C compile features
-- Detecting C compile features - done
-- Detecting CXX compiler ABI info
-- Detecting CXX compiler ABI info - done
-- Check for working CXX compiler: /usr/bin/c++ - skipped
-- Detecting CXX compile features
-- Detecting CXX compile features - done
-- Found ament_cmake: 1.3.11 (/opt/ros/humble/share/ament_cmake/cmake)
-- Found Python3: /usr/bin/python3 (found version "3.10.12") found components: Interpreter 
-- Found ament_lint_auto: 0.12.12 (/opt/ros/humble/share/ament_lint_auto/cmake)
-- Added test 'flake8' to check Python code syntax and style conventions
-- Added test 'lint_cmake' to check CMake code style
-- Added test 'pep257' to check Python code against some of the docstring style conventions in PEP 257
-- Added test 'xmllint' to check XML markup files
-- Configuring done
-- Generating done
-- Build files have been written to: /home/fastbot/ros2_ws/real/build/fastbot_slam_real
-- Install configuration: ""
-- Installing: /home/fastbot/ros2_ws/real/install/fastbot_slam_real/share/fastbot_slam_real/launch
-- Installing: /home/fastbot/ros2_ws/real/install/fastbot_slam_real/share/fastbot_slam_real/launch/cartographer.launch.py
-- Installing: /home/fastbot/ros2_ws/real/install/fastbot_slam_real/share/fastbot_slam_real/launch/localization.launch.py
-- Installing: /home/fastbot/ros2_ws/real/install/fastbot_slam_real/share/fastbot_slam_real/launch/map_server.launch.py
-- Installing: /home/fastbot/ros2_ws/real/install/fastbot_slam_real/share/fastbot_slam_real/launch/pathplanner.launch.py
-- Installing: /home/fastbot/ros2_ws/real/install/fastbot_slam_real/share/fastbot_slam_real/config
-- Installing: /home/fastbot/ros2_ws/real/install/fastbot_slam_real/share/fastbot_slam_real/config/recovery.yaml
-- Installing: /home/fastbot/ros2_ws/real/install/fastbot_slam_real/share/fastbot_slam_real/config/planner_server.yaml
-- Installing: /home/fastbot/ros2_ws/real/install/fastbot_slam_real/share/fastbot_slam_real/config/cartographer.lua
-- Installing: /home/fastbot/ros2_ws/real/install/fastbot_slam_real/share/fastbot_slam_real/config/controller.yaml
-- Installing: /home/fastbot/ros2_ws/real/install/fastbot_slam_real/share/fastbot_slam_real/config/behavior.xml
-- Installing: /home/fastbot/ros2_ws/real/install/fastbot_slam_real/share/fastbot_slam_real/config/amcl_config.yaml
-- Installing: /home/fastbot/ros2_ws/real/install/fastbot_slam_real/share/fastbot_slam_real/config/bt_navigator.yaml
-- Installing: /home/fastbot/ros2_ws/real/install/fastbot_slam_real/share/fastbot_slam_real/maps
-- Installing: /home/fastbot/ros2_ws/real/install/fastbot_slam_real/share/fastbot_slam_real/maps/small_apartment2.pgm
-- Installing: /home/fastbot/ros2_ws/real/install/fastbot_slam_real/share/fastbot_slam_real/maps/small_apartment.pgm
-- Installing: /home/fastbot/ros2_ws/real/install/fastbot_slam_real/share/fastbot_slam_real/maps/small_apartment_rotated2.pgm
-- Installing: /home/fastbot/ros2_ws/real/install/fastbot_slam_real/share/fastbot_slam_real/maps/cozy_room.pgm
-- Installing: /home/fastbot/ros2_ws/real/install/fastbot_slam_real/share/fastbot_slam_real/maps/small_apartment2.yaml
-- Installing: /home/fastbot/ros2_ws/real/install/fastbot_slam_real/share/fastbot_slam_real/maps/cozy_room.yaml
-- Installing: /home/fastbot/ros2_ws/real/install/fastbot_slam_real/share/fastbot_slam_real/maps/small_indoor_scenario_edited_map_hector_mapping.pgm
-- Installing: /home/fastbot/ros2_ws/real/install/fastbot_slam_real/share/fastbot_slam_real/maps/small_apartment_rotated.pgm
-- Installing: /home/fastbot/ros2_ws/real/install/fastbot_slam_real/share/fastbot_slam_real/maps/small_indoor_scenario_edited_map_hector_mapping.yaml
-- Installing: /home/fastbot/ros2_ws/real/install/fastbot_slam_real/share/fastbot_slam_real/maps/small_apartment.yaml
-- Installing: /home/fastbot/ros2_ws/real/install/fastbot_slam_real/share/fastbot_slam_real/rviz
-- Installing: /home/fastbot/ros2_ws/real/install/fastbot_slam_real/share/fastbot_slam_real/rviz/nav.rviz
-- Installing: /home/fastbot/ros2_ws/real/install/fastbot_slam_real/share/ament_index/resource_index/package_run_dependencies/fastbot_slam_real
-- Installing: /home/fastbot/ros2_ws/real/install/fastbot_slam_real/share/ament_index/resource_index/parent_prefix_path/fastbot_slam_real
-- Installing: /home/fastbot/ros2_ws/real/install/fastbot_slam_real/share/fastbot_slam_real/environment/ament_prefix_path.sh
-- Installing: /home/fastbot/ros2_ws/real/install/fastbot_slam_real/share/fastbot_slam_real/environment/ament_prefix_path.dsv
-- Installing: /home/fastbot/ros2_ws/real/install/fastbot_slam_real/share/fastbot_slam_real/environment/path.sh
-- Installing: /home/fastbot/ros2_ws/real/install/fastbot_slam_real/share/fastbot_slam_real/environment/path.dsv
-- Installing: /home/fastbot/ros2_ws/real/install/fastbot_slam_real/share/fastbot_slam_real/local_setup.bash
-- Installing: /home/fastbot/ros2_ws/real/install/fastbot_slam_real/share/fastbot_slam_real/local_setup.sh
-- Installing: /home/fastbot/ros2_ws/real/install/fastbot_slam_real/share/fastbot_slam_real/local_setup.zsh
-- Installing: /home/fastbot/ros2_ws/real/install/fastbot_slam_real/share/fastbot_slam_real/local_setup.dsv
-- Installing: /home/fastbot/ros2_ws/real/install/fastbot_slam_real/share/fastbot_slam_real/package.dsv
-- Installing: /home/fastbot/ros2_ws/real/install/fastbot_slam_real/share/ament_index/resource_index/packages/fastbot_slam_real
-- Installing: /home/fastbot/ros2_ws/real/install/fastbot_slam_real/share/fastbot_slam_real/cmake/fastbot_slam_realConfig.cmake
-- Installing: /home/fastbot/ros2_ws/real/install/fastbot_slam_real/share/fastbot_slam_real/cmake/fastbot_slam_realConfig-version.cmake
-- Installing: /home/fastbot/ros2_ws/real/install/fastbot_slam_real/share/fastbot_slam_real/package.xml
