[0.110s] Invoking command in '/home/fastbot/ros2_ws/real/build/fastbot_bringup': CMAKE_PREFIX_PATH=${CMAKE_PREFIX_PATH}:/home/fastbot/ros2_ws/real/install/serial_motor:/home/fastbot/ros2_ws/install/serial_motor:/home/fastbot/ros2_ws/install/serial_motor_msgs:/home/fastbot/ros2_ws/install/lslidar_driver:/home/fastbot/ros2_ws/install/lslidar_msgs:/home/fastbot/ros2_ws/install/fastbot_description:/home/fastbot/ros2_ws/install/fastbot_bringup:/opt/ros/humble /usr/bin/cmake --build /home/fastbot/ros2_ws/real/build/fastbot_bringup -- -j4 -l4
[0.145s] [0mCMake Error: The current CMakeCache.txt directory /home/fastbot/ros2_ws/real/build/fastbot_bringup/CMakeCache.txt is different than the directory /home/fastbot/ros2_ws/build/fastbot_bringup where CMakeCache.txt was created. This may result in binaries being created in the wrong place. If you are not sure, reedit the CMakeCache.txt[0m
[0.217s] -- Found ament_cmake: 1.3.11 (/opt/ros/humble/share/ament_cmake/cmake)
[1.250s] -- Found ament_lint_auto: 0.12.12 (/opt/ros/humble/share/ament_lint_auto/cmake)
[1.693s] -- Added test 'lint_cmake' to check CMake code style
[1.702s] -- Added test 'xmllint' to check XML markup files
[1.707s] -- Configuring done
[1.728s] -- Generating done
[1.740s] -- Build files have been written to: /home/fastbot/ros2_ws/build/fastbot_bringup
[1.848s] Invoked command in '/home/fastbot/ros2_ws/real/build/fastbot_bringup' returned '0': CMAKE_PREFIX_PATH=${CMAKE_PREFIX_PATH}:/home/fastbot/ros2_ws/real/install/serial_motor:/home/fastbot/ros2_ws/install/serial_motor:/home/fastbot/ros2_ws/install/serial_motor_msgs:/home/fastbot/ros2_ws/install/lslidar_driver:/home/fastbot/ros2_ws/install/lslidar_msgs:/home/fastbot/ros2_ws/install/fastbot_description:/home/fastbot/ros2_ws/install/fastbot_bringup:/opt/ros/humble /usr/bin/cmake --build /home/fastbot/ros2_ws/real/build/fastbot_bringup -- -j4 -l4
[1.911s] Invoking command in '/home/fastbot/ros2_ws/real/build/fastbot_bringup': CMAKE_PREFIX_PATH=${CMAKE_PREFIX_PATH}:/home/fastbot/ros2_ws/real/install/serial_motor:/home/fastbot/ros2_ws/install/serial_motor:/home/fastbot/ros2_ws/install/serial_motor_msgs:/home/fastbot/ros2_ws/install/lslidar_driver:/home/fastbot/ros2_ws/install/lslidar_msgs:/home/fastbot/ros2_ws/install/fastbot_description:/home/fastbot/ros2_ws/install/fastbot_bringup:/opt/ros/humble /usr/bin/cmake --install /home/fastbot/ros2_ws/real/build/fastbot_bringup
[1.957s] -- Install configuration: ""
[1.960s] -- Up-to-date: /home/fastbot/ros2_ws/install/fastbot_bringup/share/fastbot_bringup/launch
[1.962s] -- Up-to-date: /home/fastbot/ros2_ws/install/fastbot_bringup/share/fastbot_bringup/launch/bringup.launch.xml
[1.964s] -- Up-to-date: /home/fastbot/ros2_ws/install/fastbot_bringup/share/ament_index/resource_index/package_run_dependencies/fastbot_bringup
[1.968s] -- Up-to-date: /home/fastbot/ros2_ws/install/fastbot_bringup/share/ament_index/resource_index/parent_prefix_path/fastbot_bringup
[1.971s] -- Up-to-date: /home/fastbot/ros2_ws/install/fastbot_bringup/share/fastbot_bringup/environment/ament_prefix_path.sh
[1.976s] -- Installing: /home/fastbot/ros2_ws/install/fastbot_bringup/share/fastbot_bringup/environment/ament_prefix_path.dsv
[1.981s] -- Up-to-date: /home/fastbot/ros2_ws/install/fastbot_bringup/share/fastbot_bringup/environment/path.sh
[1.983s] -- Installing: /home/fastbot/ros2_ws/install/fastbot_bringup/share/fastbot_bringup/environment/path.dsv
[1.988s] -- Up-to-date: /home/fastbot/ros2_ws/install/fastbot_bringup/share/fastbot_bringup/local_setup.bash
[1.990s] -- Up-to-date: /home/fastbot/ros2_ws/install/fastbot_bringup/share/fastbot_bringup/local_setup.sh
[1.992s] -- Up-to-date: /home/fastbot/ros2_ws/install/fastbot_bringup/share/fastbot_bringup/local_setup.zsh
[1.993s] -- Installing: /home/fastbot/ros2_ws/install/fastbot_bringup/share/fastbot_bringup/local_setup.dsv
[2.016s] -- Installing: /home/fastbot/ros2_ws/install/fastbot_bringup/share/fastbot_bringup/package.dsv
[2.021s] -- Up-to-date: /home/fastbot/ros2_ws/install/fastbot_bringup/share/ament_index/resource_index/packages/fastbot_bringup
[2.024s] -- Up-to-date: /home/fastbot/ros2_ws/install/fastbot_bringup/share/fastbot_bringup/cmake/fastbot_bringupConfig.cmake
[2.027s] -- Up-to-date: /home/fastbot/ros2_ws/install/fastbot_bringup/share/fastbot_bringup/cmake/fastbot_bringupConfig-version.cmake
[2.029s] -- Up-to-date: /home/fastbot/ros2_ws/install/fastbot_bringup/share/fastbot_bringup/package.xml
[2.039s] Invoked command in '/home/fastbot/ros2_ws/real/build/fastbot_bringup' returned '0': CMAKE_PREFIX_PATH=${CMAKE_PREFIX_PATH}:/home/fastbot/ros2_ws/real/install/serial_motor:/home/fastbot/ros2_ws/install/serial_motor:/home/fastbot/ros2_ws/install/serial_motor_msgs:/home/fastbot/ros2_ws/install/lslidar_driver:/home/fastbot/ros2_ws/install/lslidar_msgs:/home/fastbot/ros2_ws/install/fastbot_description:/home/fastbot/ros2_ws/install/fastbot_bringup:/opt/ros/humble /usr/bin/cmake --install /home/fastbot/ros2_ws/real/build/fastbot_bringup
