[3.372s] Invoking command in '/home/fastbot/ros2_ws/real/src/serial_motor': PYTHONPATH=/home/fastbot/ros2_ws/real/build/serial_motor/prefix_override:/usr/lib/python3/dist-packages/colcon_core/task/python/colcon_distutils_commands:/home/fastbot/ros2_ws/real/install/serial_motor/lib/python3.10/site-packages:${PYTHONPATH} /usr/bin/python3 -W ignore:setup.py install is deprecated -W ignore:easy_install command is deprecated setup.py egg_info --egg-base ../../build/serial_motor build --build-base /home/fastbot/ros2_ws/real/build/serial_motor/build install --record /home/fastbot/ros2_ws/real/build/serial_motor/install.log --single-version-externally-managed install_data
[4.629s] running egg_info
[4.633s] writing ../../build/serial_motor/serial_motor.egg-info/PKG-INFO
[4.634s] writing dependency_links to ../../build/serial_motor/serial_motor.egg-info/dependency_links.txt
[4.636s] writing entry points to ../../build/serial_motor/serial_motor.egg-info/entry_points.txt
[4.636s] writing requirements to ../../build/serial_motor/serial_motor.egg-info/requires.txt
[4.637s] writing top-level names to ../../build/serial_motor/serial_motor.egg-info/top_level.txt
[4.645s] reading manifest file '../../build/serial_motor/serial_motor.egg-info/SOURCES.txt'
[4.649s] writing manifest file '../../build/serial_motor/serial_motor.egg-info/SOURCES.txt'
[4.650s] running build
[4.650s] running build_py
[4.651s] running install
[4.652s] running install_lib
[4.659s] running install_data
[4.659s] running install_egg_info
[4.675s] removing '/home/fastbot/ros2_ws/real/install/serial_motor/lib/python3.10/site-packages/serial_motor-0.0.0-py3.10.egg-info' (and everything under it)
[4.677s] Copying ../../build/serial_motor/serial_motor.egg-info to /home/fastbot/ros2_ws/real/install/serial_motor/lib/python3.10/site-packages/serial_motor-0.0.0-py3.10.egg-info
[4.685s] running install_scripts
[4.788s] Installing motor_driver script to /home/fastbot/ros2_ws/real/install/serial_motor/lib/serial_motor
[4.790s] writing list of installed files to '/home/fastbot/ros2_ws/real/build/serial_motor/install.log'
[4.920s] Invoked command in '/home/fastbot/ros2_ws/real/src/serial_motor' returned '0': PYTHONPATH=/home/fastbot/ros2_ws/real/build/serial_motor/prefix_override:/usr/lib/python3/dist-packages/colcon_core/task/python/colcon_distutils_commands:/home/fastbot/ros2_ws/real/install/serial_motor/lib/python3.10/site-packages:${PYTHONPATH} /usr/bin/python3 -W ignore:setup.py install is deprecated -W ignore:easy_install command is deprecated setup.py egg_info --egg-base ../../build/serial_motor build --build-base /home/fastbot/ros2_ws/real/build/serial_motor/build install --record /home/fastbot/ros2_ws/real/build/serial_motor/install.log --single-version-externally-managed install_data
