[1.050s] DEBUG:colcon:Command line arguments: ['/usr/bin/colcon', 'build']
[1.051s] DEBUG:colcon:Parsed command line arguments: Namespace(log_base=None, log_level=None, verb_name='build', build_base='build', install_base='install', merge_install=False, symlink_install=False, test_result_base=None, continue_on_error=False, executor='parallel', parallel_workers=4, event_handlers=None, ignore_user_meta=False, metas=['./colcon.meta'], base_paths=['.'], packages_ignore=None, packages_ignore_regex=None, paths=None, packages_up_to=None, packages_up_to_regex=None, packages_above=None, packages_above_and_dependencies=None, packages_above_depth=None, packages_select_by_dep=None, packages_skip_by_dep=None, packages_skip_up_to=None, packages_select_build_failed=False, packages_skip_build_finished=False, packages_select_test_failures=False, packages_skip_test_passed=False, packages_select=None, packages_skip=None, packages_select_regex=None, packages_skip_regex=None, packages_start=None, packages_end=None, allow_overriding=[], cmake_args=None, cmake_target=None, cmake_target_skip_unavailable=False, cmake_clean_cache=False, cmake_clean_first=False, cmake_force_configure=False, ament_cmake_args=None, catkin_cmake_args=None, catkin_skip_building_tests=False, verb_parser=<colcon_defaults.argument_parser.defaults.DefaultArgumentsDecorator object at 0xffffb7db4a90>, verb_extension=<colcon_core.verb.build.BuildVerb object at 0xffffb7f51f00>, main=<bound method BuildVerb.main of <colcon_core.verb.build.BuildVerb object at 0xffffb7f51f00>>)
[2.279s] Level 1:colcon.colcon_core.package_discovery:discover_packages(colcon_meta) check parameters
[2.279s] Level 1:colcon.colcon_core.package_discovery:discover_packages(recursive) check parameters
[2.280s] Level 1:colcon.colcon_core.package_discovery:discover_packages(ignore) check parameters
[2.280s] Level 1:colcon.colcon_core.package_discovery:discover_packages(path) check parameters
[2.280s] Level 1:colcon.colcon_core.package_discovery:discover_packages(colcon_meta) discover
[2.280s] Level 1:colcon.colcon_core.package_discovery:discover_packages(recursive) discover
[2.280s] INFO:colcon.colcon_core.package_discovery:Crawling recursively for packages in '/home/fastbot/ros2_ws'
[2.281s] Level 1:colcon.colcon_core.package_identification:_identify(.) by extensions ['ignore', 'ignore_ament_install']
[2.281s] Level 1:colcon.colcon_core.package_identification:_identify(.) by extension 'ignore'
[2.281s] Level 1:colcon.colcon_core.package_identification:_identify(.) by extension 'ignore_ament_install'
[2.282s] Level 1:colcon.colcon_core.package_identification:_identify(.) by extensions ['colcon_pkg']
[2.282s] Level 1:colcon.colcon_core.package_identification:_identify(.) by extension 'colcon_pkg'
[2.282s] Level 1:colcon.colcon_core.package_identification:_identify(.) by extensions ['colcon_meta']
[2.282s] Level 1:colcon.colcon_core.package_identification:_identify(.) by extension 'colcon_meta'
[2.282s] Level 1:colcon.colcon_core.package_identification:_identify(.) by extensions ['ros']
[2.283s] Level 1:colcon.colcon_core.package_identification:_identify(.) by extension 'ros'
[2.365s] Level 1:colcon.colcon_core.package_identification:_identify(.) by extensions ['cmake', 'python']
[2.366s] Level 1:colcon.colcon_core.package_identification:_identify(.) by extension 'cmake'
[2.366s] Level 1:colcon.colcon_core.package_identification:_identify(.) by extension 'python'
[2.366s] Level 1:colcon.colcon_core.package_identification:_identify(.) by extensions ['python_setup_py']
[2.366s] Level 1:colcon.colcon_core.package_identification:_identify(.) by extension 'python_setup_py'
[2.367s] Level 1:colcon.colcon_core.package_identification:_identify(build) by extensions ['ignore', 'ignore_ament_install']
[2.367s] Level 1:colcon.colcon_core.package_identification:_identify(build) by extension 'ignore'
[2.367s] Level 1:colcon.colcon_core.package_identification:_identify(build) ignored
[2.368s] Level 1:colcon.colcon_core.package_identification:_identify(install) by extensions ['ignore', 'ignore_ament_install']
[2.368s] Level 1:colcon.colcon_core.package_identification:_identify(install) by extension 'ignore'
[2.368s] Level 1:colcon.colcon_core.package_identification:_identify(install) ignored
[2.369s] Level 1:colcon.colcon_core.package_identification:_identify(log) by extensions ['ignore', 'ignore_ament_install']
[2.369s] Level 1:colcon.colcon_core.package_identification:_identify(log) by extension 'ignore'
[2.369s] Level 1:colcon.colcon_core.package_identification:_identify(log) ignored
[2.371s] Level 1:colcon.colcon_core.package_identification:_identify(src) by extensions ['ignore', 'ignore_ament_install']
[2.371s] Level 1:colcon.colcon_core.package_identification:_identify(src) by extension 'ignore'
[2.371s] Level 1:colcon.colcon_core.package_identification:_identify(src) by extension 'ignore_ament_install'
[2.371s] Level 1:colcon.colcon_core.package_identification:_identify(src) by extensions ['colcon_pkg']
[2.371s] Level 1:colcon.colcon_core.package_identification:_identify(src) by extension 'colcon_pkg'
[2.372s] Level 1:colcon.colcon_core.package_identification:_identify(src) by extensions ['colcon_meta']
[2.372s] Level 1:colcon.colcon_core.package_identification:_identify(src) by extension 'colcon_meta'
[2.372s] Level 1:colcon.colcon_core.package_identification:_identify(src) by extensions ['ros']
[2.372s] Level 1:colcon.colcon_core.package_identification:_identify(src) by extension 'ros'
[2.372s] Level 1:colcon.colcon_core.package_identification:_identify(src) by extensions ['cmake', 'python']
[2.373s] Level 1:colcon.colcon_core.package_identification:_identify(src) by extension 'cmake'
[2.373s] Level 1:colcon.colcon_core.package_identification:_identify(src) by extension 'python'
[2.373s] Level 1:colcon.colcon_core.package_identification:_identify(src) by extensions ['python_setup_py']
[2.373s] Level 1:colcon.colcon_core.package_identification:_identify(src) by extension 'python_setup_py'
[2.374s] Level 1:colcon.colcon_core.package_identification:_identify(src/Lslidar_ROS2_driver) by extensions ['ignore', 'ignore_ament_install']
[2.374s] Level 1:colcon.colcon_core.package_identification:_identify(src/Lslidar_ROS2_driver) by extension 'ignore'
[2.375s] Level 1:colcon.colcon_core.package_identification:_identify(src/Lslidar_ROS2_driver) by extension 'ignore_ament_install'
[2.375s] Level 1:colcon.colcon_core.package_identification:_identify(src/Lslidar_ROS2_driver) by extensions ['colcon_pkg']
[2.375s] Level 1:colcon.colcon_core.package_identification:_identify(src/Lslidar_ROS2_driver) by extension 'colcon_pkg'
[2.375s] Level 1:colcon.colcon_core.package_identification:_identify(src/Lslidar_ROS2_driver) by extensions ['colcon_meta']
[2.375s] Level 1:colcon.colcon_core.package_identification:_identify(src/Lslidar_ROS2_driver) by extension 'colcon_meta'
[2.376s] Level 1:colcon.colcon_core.package_identification:_identify(src/Lslidar_ROS2_driver) by extensions ['ros']
[2.376s] Level 1:colcon.colcon_core.package_identification:_identify(src/Lslidar_ROS2_driver) by extension 'ros'
[2.376s] Level 1:colcon.colcon_core.package_identification:_identify(src/Lslidar_ROS2_driver) by extensions ['cmake', 'python']
[2.376s] Level 1:colcon.colcon_core.package_identification:_identify(src/Lslidar_ROS2_driver) by extension 'cmake'
[2.376s] Level 1:colcon.colcon_core.package_identification:_identify(src/Lslidar_ROS2_driver) by extension 'python'
[2.376s] Level 1:colcon.colcon_core.package_identification:_identify(src/Lslidar_ROS2_driver) by extensions ['python_setup_py']
[2.377s] Level 1:colcon.colcon_core.package_identification:_identify(src/Lslidar_ROS2_driver) by extension 'python_setup_py'
[2.378s] Level 1:colcon.colcon_core.package_identification:_identify(src/Lslidar_ROS2_driver/lslidar_driver) by extensions ['ignore', 'ignore_ament_install']
[2.378s] Level 1:colcon.colcon_core.package_identification:_identify(src/Lslidar_ROS2_driver/lslidar_driver) by extension 'ignore'
[2.378s] Level 1:colcon.colcon_core.package_identification:_identify(src/Lslidar_ROS2_driver/lslidar_driver) by extension 'ignore_ament_install'
[2.378s] Level 1:colcon.colcon_core.package_identification:_identify(src/Lslidar_ROS2_driver/lslidar_driver) by extensions ['colcon_pkg']
[2.379s] Level 1:colcon.colcon_core.package_identification:_identify(src/Lslidar_ROS2_driver/lslidar_driver) by extension 'colcon_pkg'
[2.379s] Level 1:colcon.colcon_core.package_identification:_identify(src/Lslidar_ROS2_driver/lslidar_driver) by extensions ['colcon_meta']
[2.379s] Level 1:colcon.colcon_core.package_identification:_identify(src/Lslidar_ROS2_driver/lslidar_driver) by extension 'colcon_meta'
[2.379s] Level 1:colcon.colcon_core.package_identification:_identify(src/Lslidar_ROS2_driver/lslidar_driver) by extensions ['ros']
[2.379s] Level 1:colcon.colcon_core.package_identification:_identify(src/Lslidar_ROS2_driver/lslidar_driver) by extension 'ros'
[2.394s] DEBUG:colcon.colcon_core.package_identification:Package 'src/Lslidar_ROS2_driver/lslidar_driver' with type 'ros.ament_cmake' and name 'lslidar_driver'
[2.395s] Level 1:colcon.colcon_core.package_identification:_identify(src/Lslidar_ROS2_driver/lslidar_msgs) by extensions ['ignore', 'ignore_ament_install']
[2.396s] Level 1:colcon.colcon_core.package_identification:_identify(src/Lslidar_ROS2_driver/lslidar_msgs) by extension 'ignore'
[2.396s] Level 1:colcon.colcon_core.package_identification:_identify(src/Lslidar_ROS2_driver/lslidar_msgs) by extension 'ignore_ament_install'
[2.396s] Level 1:colcon.colcon_core.package_identification:_identify(src/Lslidar_ROS2_driver/lslidar_msgs) by extensions ['colcon_pkg']
[2.396s] Level 1:colcon.colcon_core.package_identification:_identify(src/Lslidar_ROS2_driver/lslidar_msgs) by extension 'colcon_pkg'
[2.397s] Level 1:colcon.colcon_core.package_identification:_identify(src/Lslidar_ROS2_driver/lslidar_msgs) by extensions ['colcon_meta']
[2.397s] Level 1:colcon.colcon_core.package_identification:_identify(src/Lslidar_ROS2_driver/lslidar_msgs) by extension 'colcon_meta'
[2.397s] Level 1:colcon.colcon_core.package_identification:_identify(src/Lslidar_ROS2_driver/lslidar_msgs) by extensions ['ros']
[2.397s] Level 1:colcon.colcon_core.package_identification:_identify(src/Lslidar_ROS2_driver/lslidar_msgs) by extension 'ros'
[2.401s] DEBUG:colcon.colcon_core.package_identification:Package 'src/Lslidar_ROS2_driver/lslidar_msgs' with type 'ros.ament_cmake' and name 'lslidar_msgs'
[2.402s] Level 1:colcon.colcon_core.package_identification:_identify(src/fastbot_bringup) by extensions ['ignore', 'ignore_ament_install']
[2.403s] Level 1:colcon.colcon_core.package_identification:_identify(src/fastbot_bringup) by extension 'ignore'
[2.403s] Level 1:colcon.colcon_core.package_identification:_identify(src/fastbot_bringup) by extension 'ignore_ament_install'
[2.403s] Level 1:colcon.colcon_core.package_identification:_identify(src/fastbot_bringup) by extensions ['colcon_pkg']
[2.403s] Level 1:colcon.colcon_core.package_identification:_identify(src/fastbot_bringup) by extension 'colcon_pkg'
[2.404s] Level 1:colcon.colcon_core.package_identification:_identify(src/fastbot_bringup) by extensions ['colcon_meta']
[2.404s] Level 1:colcon.colcon_core.package_identification:_identify(src/fastbot_bringup) by extension 'colcon_meta'
[2.404s] Level 1:colcon.colcon_core.package_identification:_identify(src/fastbot_bringup) by extensions ['ros']
[2.404s] Level 1:colcon.colcon_core.package_identification:_identify(src/fastbot_bringup) by extension 'ros'
[2.407s] DEBUG:colcon.colcon_core.package_identification:Package 'src/fastbot_bringup' with type 'ros.ament_cmake' and name 'fastbot_bringup'
[2.409s] Level 1:colcon.colcon_core.package_identification:_identify(src/fastbot_description) by extensions ['ignore', 'ignore_ament_install']
[2.409s] Level 1:colcon.colcon_core.package_identification:_identify(src/fastbot_description) by extension 'ignore'
[2.409s] Level 1:colcon.colcon_core.package_identification:_identify(src/fastbot_description) by extension 'ignore_ament_install'
[2.409s] Level 1:colcon.colcon_core.package_identification:_identify(src/fastbot_description) by extensions ['colcon_pkg']
[2.410s] Level 1:colcon.colcon_core.package_identification:_identify(src/fastbot_description) by extension 'colcon_pkg'
[2.410s] Level 1:colcon.colcon_core.package_identification:_identify(src/fastbot_description) by extensions ['colcon_meta']
[2.410s] Level 1:colcon.colcon_core.package_identification:_identify(src/fastbot_description) by extension 'colcon_meta'
[2.410s] Level 1:colcon.colcon_core.package_identification:_identify(src/fastbot_description) by extensions ['ros']
[2.410s] Level 1:colcon.colcon_core.package_identification:_identify(src/fastbot_description) by extension 'ros'
[2.414s] DEBUG:colcon.colcon_core.package_identification:Package 'src/fastbot_description' with type 'ros.ament_cmake' and name 'fastbot_description'
[2.415s] Level 1:colcon.colcon_core.package_identification:_identify(src/msg) by extensions ['ignore', 'ignore_ament_install']
[2.416s] Level 1:colcon.colcon_core.package_identification:_identify(src/msg) by extension 'ignore'
[2.416s] Level 1:colcon.colcon_core.package_identification:_identify(src/msg) by extension 'ignore_ament_install'
[2.416s] Level 1:colcon.colcon_core.package_identification:_identify(src/msg) by extensions ['colcon_pkg']
[2.416s] Level 1:colcon.colcon_core.package_identification:_identify(src/msg) by extension 'colcon_pkg'
[2.417s] Level 1:colcon.colcon_core.package_identification:_identify(src/msg) by extensions ['colcon_meta']
[2.417s] Level 1:colcon.colcon_core.package_identification:_identify(src/msg) by extension 'colcon_meta'
[2.417s] Level 1:colcon.colcon_core.package_identification:_identify(src/msg) by extensions ['ros']
[2.417s] Level 1:colcon.colcon_core.package_identification:_identify(src/msg) by extension 'ros'
[2.418s] Level 1:colcon.colcon_core.package_identification:_identify(src/msg) by extensions ['cmake', 'python']
[2.418s] Level 1:colcon.colcon_core.package_identification:_identify(src/msg) by extension 'cmake'
[2.418s] Level 1:colcon.colcon_core.package_identification:_identify(src/msg) by extension 'python'
[2.418s] Level 1:colcon.colcon_core.package_identification:_identify(src/msg) by extensions ['python_setup_py']
[2.418s] Level 1:colcon.colcon_core.package_identification:_identify(src/msg) by extension 'python_setup_py'
[2.419s] Level 1:colcon.colcon_core.package_identification:_identify(src/serial_motor) by extensions ['ignore', 'ignore_ament_install']
[2.420s] Level 1:colcon.colcon_core.package_identification:_identify(src/serial_motor) by extension 'ignore'
[2.420s] Level 1:colcon.colcon_core.package_identification:_identify(src/serial_motor) by extension 'ignore_ament_install'
[2.420s] Level 1:colcon.colcon_core.package_identification:_identify(src/serial_motor) by extensions ['colcon_pkg']
[2.420s] Level 1:colcon.colcon_core.package_identification:_identify(src/serial_motor) by extension 'colcon_pkg'
[2.421s] Level 1:colcon.colcon_core.package_identification:_identify(src/serial_motor) by extensions ['colcon_meta']
[2.421s] Level 1:colcon.colcon_core.package_identification:_identify(src/serial_motor) by extension 'colcon_meta'
[2.421s] Level 1:colcon.colcon_core.package_identification:_identify(src/serial_motor) by extensions ['ros']
[2.421s] Level 1:colcon.colcon_core.package_identification:_identify(src/serial_motor) by extension 'ros'
[2.425s] DEBUG:colcon.colcon_core.package_identification:Package 'src/serial_motor' with type 'ros.ament_python' and name 'serial_motor'
[2.426s] Level 1:colcon.colcon_core.package_identification:_identify(src/serial_motor_msgs) by extensions ['ignore', 'ignore_ament_install']
[2.426s] Level 1:colcon.colcon_core.package_identification:_identify(src/serial_motor_msgs) by extension 'ignore'
[2.426s] Level 1:colcon.colcon_core.package_identification:_identify(src/serial_motor_msgs) by extension 'ignore_ament_install'
[2.427s] Level 1:colcon.colcon_core.package_identification:_identify(src/serial_motor_msgs) by extensions ['colcon_pkg']
[2.427s] Level 1:colcon.colcon_core.package_identification:_identify(src/serial_motor_msgs) by extension 'colcon_pkg'
[2.427s] Level 1:colcon.colcon_core.package_identification:_identify(src/serial_motor_msgs) by extensions ['colcon_meta']
[2.427s] Level 1:colcon.colcon_core.package_identification:_identify(src/serial_motor_msgs) by extension 'colcon_meta'
[2.427s] Level 1:colcon.colcon_core.package_identification:_identify(src/serial_motor_msgs) by extensions ['ros']
[2.427s] Level 1:colcon.colcon_core.package_identification:_identify(src/serial_motor_msgs) by extension 'ros'
[2.430s] DEBUG:colcon.colcon_core.package_identification:Package 'src/serial_motor_msgs' with type 'ros.ament_cmake' and name 'serial_motor_msgs'
[2.430s] Level 1:colcon.colcon_core.package_discovery:discover_packages(recursive) using defaults
[2.431s] Level 1:colcon.colcon_core.package_discovery:discover_packages(ignore) discover
[2.431s] Level 1:colcon.colcon_core.package_discovery:discover_packages(ignore) using defaults
[2.431s] Level 1:colcon.colcon_core.package_discovery:discover_packages(path) discover
[2.431s] Level 1:colcon.colcon_core.package_discovery:discover_packages(path) using defaults
[2.564s] Level 1:colcon.colcon_core.package_discovery:discover_packages(prefix_path) check parameters
[2.564s] Level 1:colcon.colcon_core.package_discovery:discover_packages(prefix_path) discover
[2.617s] DEBUG:colcon.colcon_installed_package_information.package_discovery:Found 6 installed packages in /home/fastbot/ros2_ws/install
[2.626s] DEBUG:colcon.colcon_installed_package_information.package_discovery:Found 284 installed packages in /opt/ros/humble
[2.632s] Level 1:colcon.colcon_core.package_discovery:discover_packages(prefix_path) using defaults
[2.893s] Level 5:colcon.colcon_core.verb:set package 'fastbot_bringup' build argument 'cmake_args' from command line to 'None'
[2.894s] Level 5:colcon.colcon_core.verb:set package 'fastbot_bringup' build argument 'cmake_target' from command line to 'None'
[2.894s] Level 5:colcon.colcon_core.verb:set package 'fastbot_bringup' build argument 'cmake_target_skip_unavailable' from command line to 'False'
[2.894s] Level 5:colcon.colcon_core.verb:set package 'fastbot_bringup' build argument 'cmake_clean_cache' from command line to 'False'
[2.894s] Level 5:colcon.colcon_core.verb:set package 'fastbot_bringup' build argument 'cmake_clean_first' from command line to 'False'
[2.894s] Level 5:colcon.colcon_core.verb:set package 'fastbot_bringup' build argument 'cmake_force_configure' from command line to 'False'
[2.894s] Level 5:colcon.colcon_core.verb:set package 'fastbot_bringup' build argument 'ament_cmake_args' from command line to 'None'
[2.894s] Level 5:colcon.colcon_core.verb:set package 'fastbot_bringup' build argument 'catkin_cmake_args' from command line to 'None'
[2.894s] Level 5:colcon.colcon_core.verb:set package 'fastbot_bringup' build argument 'catkin_skip_building_tests' from command line to 'False'
[2.895s] DEBUG:colcon.colcon_core.verb:Building package 'fastbot_bringup' with the following arguments: {'ament_cmake_args': None, 'build_base': '/home/fastbot/ros2_ws/build/fastbot_bringup', 'catkin_cmake_args': None, 'catkin_skip_building_tests': False, 'cmake_args': None, 'cmake_clean_cache': False, 'cmake_clean_first': False, 'cmake_force_configure': False, 'cmake_target': None, 'cmake_target_skip_unavailable': False, 'install_base': '/home/fastbot/ros2_ws/install/fastbot_bringup', 'merge_install': False, 'path': '/home/fastbot/ros2_ws/src/fastbot_bringup', 'symlink_install': False, 'test_result_base': None}
[2.896s] Level 5:colcon.colcon_core.verb:set package 'fastbot_description' build argument 'cmake_args' from command line to 'None'
[2.896s] Level 5:colcon.colcon_core.verb:set package 'fastbot_description' build argument 'cmake_target' from command line to 'None'
[2.896s] Level 5:colcon.colcon_core.verb:set package 'fastbot_description' build argument 'cmake_target_skip_unavailable' from command line to 'False'
[2.896s] Level 5:colcon.colcon_core.verb:set package 'fastbot_description' build argument 'cmake_clean_cache' from command line to 'False'
[2.896s] Level 5:colcon.colcon_core.verb:set package 'fastbot_description' build argument 'cmake_clean_first' from command line to 'False'
[2.897s] Level 5:colcon.colcon_core.verb:set package 'fastbot_description' build argument 'cmake_force_configure' from command line to 'False'
[2.897s] Level 5:colcon.colcon_core.verb:set package 'fastbot_description' build argument 'ament_cmake_args' from command line to 'None'
[2.897s] Level 5:colcon.colcon_core.verb:set package 'fastbot_description' build argument 'catkin_cmake_args' from command line to 'None'
[2.897s] Level 5:colcon.colcon_core.verb:set package 'fastbot_description' build argument 'catkin_skip_building_tests' from command line to 'False'
[2.897s] DEBUG:colcon.colcon_core.verb:Building package 'fastbot_description' with the following arguments: {'ament_cmake_args': None, 'build_base': '/home/fastbot/ros2_ws/build/fastbot_description', 'catkin_cmake_args': None, 'catkin_skip_building_tests': False, 'cmake_args': None, 'cmake_clean_cache': False, 'cmake_clean_first': False, 'cmake_force_configure': False, 'cmake_target': None, 'cmake_target_skip_unavailable': False, 'install_base': '/home/fastbot/ros2_ws/install/fastbot_description', 'merge_install': False, 'path': '/home/fastbot/ros2_ws/src/fastbot_description', 'symlink_install': False, 'test_result_base': None}
[2.898s] Level 5:colcon.colcon_core.verb:set package 'lslidar_msgs' build argument 'cmake_args' from command line to 'None'
[2.899s] Level 5:colcon.colcon_core.verb:set package 'lslidar_msgs' build argument 'cmake_target' from command line to 'None'
[2.899s] Level 5:colcon.colcon_core.verb:set package 'lslidar_msgs' build argument 'cmake_target_skip_unavailable' from command line to 'False'
[2.899s] Level 5:colcon.colcon_core.verb:set package 'lslidar_msgs' build argument 'cmake_clean_cache' from command line to 'False'
[2.899s] Level 5:colcon.colcon_core.verb:set package 'lslidar_msgs' build argument 'cmake_clean_first' from command line to 'False'
[2.899s] Level 5:colcon.colcon_core.verb:set package 'lslidar_msgs' build argument 'cmake_force_configure' from command line to 'False'
[2.899s] Level 5:colcon.colcon_core.verb:set package 'lslidar_msgs' build argument 'ament_cmake_args' from command line to 'None'
[2.899s] Level 5:colcon.colcon_core.verb:set package 'lslidar_msgs' build argument 'catkin_cmake_args' from command line to 'None'
[2.899s] Level 5:colcon.colcon_core.verb:set package 'lslidar_msgs' build argument 'catkin_skip_building_tests' from command line to 'False'
[2.899s] DEBUG:colcon.colcon_core.verb:Building package 'lslidar_msgs' with the following arguments: {'ament_cmake_args': None, 'build_base': '/home/fastbot/ros2_ws/build/lslidar_msgs', 'catkin_cmake_args': None, 'catkin_skip_building_tests': False, 'cmake_args': None, 'cmake_clean_cache': False, 'cmake_clean_first': False, 'cmake_force_configure': False, 'cmake_target': None, 'cmake_target_skip_unavailable': False, 'install_base': '/home/fastbot/ros2_ws/install/lslidar_msgs', 'merge_install': False, 'path': '/home/fastbot/ros2_ws/src/Lslidar_ROS2_driver/lslidar_msgs', 'symlink_install': False, 'test_result_base': None}
[2.901s] Level 5:colcon.colcon_core.verb:set package 'serial_motor_msgs' build argument 'cmake_args' from command line to 'None'
[2.901s] Level 5:colcon.colcon_core.verb:set package 'serial_motor_msgs' build argument 'cmake_target' from command line to 'None'
[2.901s] Level 5:colcon.colcon_core.verb:set package 'serial_motor_msgs' build argument 'cmake_target_skip_unavailable' from command line to 'False'
[2.901s] Level 5:colcon.colcon_core.verb:set package 'serial_motor_msgs' build argument 'cmake_clean_cache' from command line to 'False'
[2.901s] Level 5:colcon.colcon_core.verb:set package 'serial_motor_msgs' build argument 'cmake_clean_first' from command line to 'False'
[2.901s] Level 5:colcon.colcon_core.verb:set package 'serial_motor_msgs' build argument 'cmake_force_configure' from command line to 'False'
[2.901s] Level 5:colcon.colcon_core.verb:set package 'serial_motor_msgs' build argument 'ament_cmake_args' from command line to 'None'
[2.901s] Level 5:colcon.colcon_core.verb:set package 'serial_motor_msgs' build argument 'catkin_cmake_args' from command line to 'None'
[2.901s] Level 5:colcon.colcon_core.verb:set package 'serial_motor_msgs' build argument 'catkin_skip_building_tests' from command line to 'False'
[2.902s] DEBUG:colcon.colcon_core.verb:Building package 'serial_motor_msgs' with the following arguments: {'ament_cmake_args': None, 'build_base': '/home/fastbot/ros2_ws/build/serial_motor_msgs', 'catkin_cmake_args': None, 'catkin_skip_building_tests': False, 'cmake_args': None, 'cmake_clean_cache': False, 'cmake_clean_first': False, 'cmake_force_configure': False, 'cmake_target': None, 'cmake_target_skip_unavailable': False, 'install_base': '/home/fastbot/ros2_ws/install/serial_motor_msgs', 'merge_install': False, 'path': '/home/fastbot/ros2_ws/src/serial_motor_msgs', 'symlink_install': False, 'test_result_base': None}
[2.903s] Level 5:colcon.colcon_core.verb:set package 'lslidar_driver' build argument 'cmake_args' from command line to 'None'
[2.903s] Level 5:colcon.colcon_core.verb:set package 'lslidar_driver' build argument 'cmake_target' from command line to 'None'
[2.903s] Level 5:colcon.colcon_core.verb:set package 'lslidar_driver' build argument 'cmake_target_skip_unavailable' from command line to 'False'
[2.903s] Level 5:colcon.colcon_core.verb:set package 'lslidar_driver' build argument 'cmake_clean_cache' from command line to 'False'
[2.904s] Level 5:colcon.colcon_core.verb:set package 'lslidar_driver' build argument 'cmake_clean_first' from command line to 'False'
[2.904s] Level 5:colcon.colcon_core.verb:set package 'lslidar_driver' build argument 'cmake_force_configure' from command line to 'False'
[2.904s] Level 5:colcon.colcon_core.verb:set package 'lslidar_driver' build argument 'ament_cmake_args' from command line to 'None'
[2.904s] Level 5:colcon.colcon_core.verb:set package 'lslidar_driver' build argument 'catkin_cmake_args' from command line to 'None'
[2.904s] Level 5:colcon.colcon_core.verb:set package 'lslidar_driver' build argument 'catkin_skip_building_tests' from command line to 'False'
[2.904s] DEBUG:colcon.colcon_core.verb:Building package 'lslidar_driver' with the following arguments: {'ament_cmake_args': None, 'build_base': '/home/fastbot/ros2_ws/build/lslidar_driver', 'catkin_cmake_args': None, 'catkin_skip_building_tests': False, 'cmake_args': None, 'cmake_clean_cache': False, 'cmake_clean_first': False, 'cmake_force_configure': False, 'cmake_target': None, 'cmake_target_skip_unavailable': False, 'install_base': '/home/fastbot/ros2_ws/install/lslidar_driver', 'merge_install': False, 'path': '/home/fastbot/ros2_ws/src/Lslidar_ROS2_driver/lslidar_driver', 'symlink_install': False, 'test_result_base': None}
[2.905s] Level 5:colcon.colcon_core.verb:set package 'serial_motor' build argument 'cmake_args' from command line to 'None'
[2.905s] Level 5:colcon.colcon_core.verb:set package 'serial_motor' build argument 'cmake_target' from command line to 'None'
[2.906s] Level 5:colcon.colcon_core.verb:set package 'serial_motor' build argument 'cmake_target_skip_unavailable' from command line to 'False'
[2.906s] Level 5:colcon.colcon_core.verb:set package 'serial_motor' build argument 'cmake_clean_cache' from command line to 'False'
[2.906s] Level 5:colcon.colcon_core.verb:set package 'serial_motor' build argument 'cmake_clean_first' from command line to 'False'
[2.906s] Level 5:colcon.colcon_core.verb:set package 'serial_motor' build argument 'cmake_force_configure' from command line to 'False'
[2.906s] Level 5:colcon.colcon_core.verb:set package 'serial_motor' build argument 'ament_cmake_args' from command line to 'None'
[2.906s] Level 5:colcon.colcon_core.verb:set package 'serial_motor' build argument 'catkin_cmake_args' from command line to 'None'
[2.906s] Level 5:colcon.colcon_core.verb:set package 'serial_motor' build argument 'catkin_skip_building_tests' from command line to 'False'
[2.906s] DEBUG:colcon.colcon_core.verb:Building package 'serial_motor' with the following arguments: {'ament_cmake_args': None, 'build_base': '/home/fastbot/ros2_ws/build/serial_motor', 'catkin_cmake_args': None, 'catkin_skip_building_tests': False, 'cmake_args': None, 'cmake_clean_cache': False, 'cmake_clean_first': False, 'cmake_force_configure': False, 'cmake_target': None, 'cmake_target_skip_unavailable': False, 'install_base': '/home/fastbot/ros2_ws/install/serial_motor', 'merge_install': False, 'path': '/home/fastbot/ros2_ws/src/serial_motor', 'symlink_install': False, 'test_result_base': None}
[2.907s] INFO:colcon.colcon_core.executor:Executing jobs using 'parallel' executor
[2.910s] DEBUG:colcon.colcon_parallel_executor.executor.parallel:run_until_complete
[2.911s] INFO:colcon.colcon_ros.task.ament_cmake.build:Building ROS package in '/home/fastbot/ros2_ws/src/Lslidar_ROS2_driver/lslidar_msgs' with build type 'ament_cmake'
[2.911s] INFO:colcon.colcon_cmake.task.cmake.build:Building CMake package in '/home/fastbot/ros2_ws/src/Lslidar_ROS2_driver/lslidar_msgs'
[2.966s] INFO:colcon.colcon_core.plugin_system:Skipping extension 'colcon_core.shell.bat': Not used on non-Windows systems
[2.967s] INFO:colcon.colcon_core.shell:Skip shell extension 'powershell' for command environment: Not usable outside of PowerShell
[2.967s] DEBUG:colcon.colcon_core.shell:Skip shell extension 'dsv' for command environment
[2.990s] INFO:colcon.colcon_ros.task.ament_cmake.build:Building ROS package in '/home/fastbot/ros2_ws/src/serial_motor_msgs' with build type 'ament_cmake'
[2.991s] INFO:colcon.colcon_cmake.task.cmake.build:Building CMake package in '/home/fastbot/ros2_ws/src/serial_motor_msgs'
[2.992s] INFO:colcon.colcon_core.shell:Skip shell extension 'powershell' for command environment: Not usable outside of PowerShell
[2.993s] DEBUG:colcon.colcon_core.shell:Skip shell extension 'dsv' for command environment
[3.015s] INFO:colcon.colcon_ros.task.ament_cmake.build:Building ROS package in '/home/fastbot/ros2_ws/src/fastbot_bringup' with build type 'ament_cmake'
[3.016s] INFO:colcon.colcon_cmake.task.cmake.build:Building CMake package in '/home/fastbot/ros2_ws/src/fastbot_bringup'
[3.017s] INFO:colcon.colcon_core.shell:Skip shell extension 'powershell' for command environment: Not usable outside of PowerShell
[3.017s] DEBUG:colcon.colcon_core.shell:Skip shell extension 'dsv' for command environment
[3.040s] INFO:colcon.colcon_ros.task.ament_cmake.build:Building ROS package in '/home/fastbot/ros2_ws/src/fastbot_description' with build type 'ament_cmake'
[3.041s] INFO:colcon.colcon_cmake.task.cmake.build:Building CMake package in '/home/fastbot/ros2_ws/src/fastbot_description'
[3.042s] INFO:colcon.colcon_core.shell:Skip shell extension 'powershell' for command environment: Not usable outside of PowerShell
[3.042s] DEBUG:colcon.colcon_core.shell:Skip shell extension 'dsv' for command environment
[3.084s] DEBUG:colcon.colcon_core.event_handler.log_command:Invoking command in '/home/fastbot/ros2_ws/build/lslidar_msgs': CMAKE_PREFIX_PATH=${CMAKE_PREFIX_PATH}:/home/fastbot/ros2_ws/install/serial_motor:/opt/ros/humble /usr/bin/cmake --build /home/fastbot/ros2_ws/build/lslidar_msgs -- -j4 -l4
[3.125s] DEBUG:colcon.colcon_core.event_handler.log_command:Invoking command in '/home/fastbot/ros2_ws/build/serial_motor_msgs': CMAKE_PREFIX_PATH=${CMAKE_PREFIX_PATH}:/home/fastbot/ros2_ws/install/serial_motor:/opt/ros/humble /usr/bin/cmake --build /home/fastbot/ros2_ws/build/serial_motor_msgs -- -j4 -l4
[3.147s] DEBUG:colcon.colcon_core.event_handler.log_command:Invoking command in '/home/fastbot/ros2_ws/build/fastbot_bringup': CMAKE_PREFIX_PATH=${CMAKE_PREFIX_PATH}:/home/fastbot/ros2_ws/install/serial_motor:/opt/ros/humble /usr/bin/cmake --build /home/fastbot/ros2_ws/build/fastbot_bringup -- -j4 -l4
[3.173s] DEBUG:colcon.colcon_core.event_handler.log_command:Invoking command in '/home/fastbot/ros2_ws/build/fastbot_description': CMAKE_PREFIX_PATH=${CMAKE_PREFIX_PATH}:/home/fastbot/ros2_ws/install/serial_motor:/opt/ros/humble /usr/bin/cmake --build /home/fastbot/ros2_ws/build/fastbot_description -- -j4 -l4
[3.741s] DEBUG:colcon.colcon_core.event_handler.log_command:Invoked command in '/home/fastbot/ros2_ws/build/fastbot_bringup' returned '0': CMAKE_PREFIX_PATH=${CMAKE_PREFIX_PATH}:/home/fastbot/ros2_ws/install/serial_motor:/opt/ros/humble /usr/bin/cmake --build /home/fastbot/ros2_ws/build/fastbot_bringup -- -j4 -l4
[3.830s] DEBUG:colcon.colcon_core.event_handler.log_command:Invoking command in '/home/fastbot/ros2_ws/build/fastbot_bringup': CMAKE_PREFIX_PATH=${CMAKE_PREFIX_PATH}:/home/fastbot/ros2_ws/install/serial_motor:/opt/ros/humble /usr/bin/cmake --install /home/fastbot/ros2_ws/build/fastbot_bringup
[3.870s] DEBUG:colcon.colcon_core.event_handler.log_command:Invoked command in '/home/fastbot/ros2_ws/build/fastbot_description' returned '0': CMAKE_PREFIX_PATH=${CMAKE_PREFIX_PATH}:/home/fastbot/ros2_ws/install/serial_motor:/opt/ros/humble /usr/bin/cmake --build /home/fastbot/ros2_ws/build/fastbot_description -- -j4 -l4
[3.891s] DEBUG:colcon.colcon_core.event_handler.log_command:Invoking command in '/home/fastbot/ros2_ws/build/fastbot_description': CMAKE_PREFIX_PATH=${CMAKE_PREFIX_PATH}:/home/fastbot/ros2_ws/install/serial_motor:/opt/ros/humble /usr/bin/cmake --install /home/fastbot/ros2_ws/build/fastbot_description
[4.095s] Level 1:colcon.colcon_core.environment:create_environment_scripts_only(fastbot_bringup)
[4.098s] DEBUG:colcon.colcon_core.event_handler.log_command:Invoked command in '/home/fastbot/ros2_ws/build/fastbot_bringup' returned '0': CMAKE_PREFIX_PATH=${CMAKE_PREFIX_PATH}:/home/fastbot/ros2_ws/install/serial_motor:/opt/ros/humble /usr/bin/cmake --install /home/fastbot/ros2_ws/build/fastbot_bringup
[4.177s] Level 1:colcon.colcon_core.environment:checking '/home/fastbot/ros2_ws/install/fastbot_bringup' for CMake module files
[4.181s] Level 1:colcon.colcon_core.environment:checking '/home/fastbot/ros2_ws/install/fastbot_bringup' for CMake config files
[4.189s] Level 1:colcon.colcon_core.shell:create_environment_hook('fastbot_bringup', 'cmake_prefix_path')
[4.194s] INFO:colcon.colcon_core.shell:Creating environment hook '/home/fastbot/ros2_ws/install/fastbot_bringup/share/fastbot_bringup/hook/cmake_prefix_path.ps1'
[4.242s] INFO:colcon.colcon_core.shell:Creating environment descriptor '/home/fastbot/ros2_ws/install/fastbot_bringup/share/fastbot_bringup/hook/cmake_prefix_path.dsv'
[4.250s] INFO:colcon.colcon_core.shell:Creating environment hook '/home/fastbot/ros2_ws/install/fastbot_bringup/share/fastbot_bringup/hook/cmake_prefix_path.sh'
[4.259s] Level 1:colcon.colcon_core.environment:checking '/home/fastbot/ros2_ws/install/fastbot_bringup/bin'
[4.259s] Level 1:colcon.colcon_core.environment:checking '/home/fastbot/ros2_ws/install/fastbot_bringup/lib/pkgconfig/fastbot_bringup.pc'
[4.261s] Level 1:colcon.colcon_core.environment:checking '/home/fastbot/ros2_ws/install/fastbot_bringup/lib/python3.10/site-packages'
[4.262s] Level 1:colcon.colcon_core.environment:checking '/home/fastbot/ros2_ws/install/fastbot_bringup/bin'
[4.263s] INFO:colcon.colcon_core.shell:Creating package script '/home/fastbot/ros2_ws/install/fastbot_bringup/share/fastbot_bringup/package.ps1'
[4.282s] INFO:colcon.colcon_core.shell:Creating package descriptor '/home/fastbot/ros2_ws/install/fastbot_bringup/share/fastbot_bringup/package.dsv'
[4.288s] INFO:colcon.colcon_core.shell:Creating package script '/home/fastbot/ros2_ws/install/fastbot_bringup/share/fastbot_bringup/package.sh'
[4.297s] INFO:colcon.colcon_core.shell:Creating package script '/home/fastbot/ros2_ws/install/fastbot_bringup/share/fastbot_bringup/package.bash'
[4.313s] INFO:colcon.colcon_core.shell:Creating package script '/home/fastbot/ros2_ws/install/fastbot_bringup/share/fastbot_bringup/package.zsh'
[4.323s] Level 1:colcon.colcon_core.environment:create_file_with_runtime_dependencies(/home/fastbot/ros2_ws/install/fastbot_bringup/share/colcon-core/packages/fastbot_bringup)
[4.326s] Level 1:colcon.colcon_core.environment:create_environment_scripts_only(fastbot_bringup)
[4.328s] Level 1:colcon.colcon_core.environment:checking '/home/fastbot/ros2_ws/install/fastbot_bringup' for CMake module files
[4.332s] Level 1:colcon.colcon_core.environment:checking '/home/fastbot/ros2_ws/install/fastbot_bringup' for CMake config files
[4.333s] Level 1:colcon.colcon_core.shell:create_environment_hook('fastbot_bringup', 'cmake_prefix_path')
[4.335s] INFO:colcon.colcon_core.shell:Creating environment hook '/home/fastbot/ros2_ws/install/fastbot_bringup/share/fastbot_bringup/hook/cmake_prefix_path.ps1'
[4.353s] INFO:colcon.colcon_core.shell:Creating environment descriptor '/home/fastbot/ros2_ws/install/fastbot_bringup/share/fastbot_bringup/hook/cmake_prefix_path.dsv'
[4.374s] INFO:colcon.colcon_core.shell:Creating environment hook '/home/fastbot/ros2_ws/install/fastbot_bringup/share/fastbot_bringup/hook/cmake_prefix_path.sh'
[4.380s] Level 1:colcon.colcon_core.environment:checking '/home/fastbot/ros2_ws/install/fastbot_bringup/bin'
[4.381s] Level 1:colcon.colcon_core.environment:checking '/home/fastbot/ros2_ws/install/fastbot_bringup/lib/pkgconfig/fastbot_bringup.pc'
[4.382s] Level 1:colcon.colcon_core.environment:checking '/home/fastbot/ros2_ws/install/fastbot_bringup/lib/python3.10/site-packages'
[4.383s] Level 1:colcon.colcon_core.environment:checking '/home/fastbot/ros2_ws/install/fastbot_bringup/bin'
[4.385s] INFO:colcon.colcon_core.shell:Creating package script '/home/fastbot/ros2_ws/install/fastbot_bringup/share/fastbot_bringup/package.ps1'
[4.398s] INFO:colcon.colcon_core.shell:Creating package descriptor '/home/fastbot/ros2_ws/install/fastbot_bringup/share/fastbot_bringup/package.dsv'
[4.410s] INFO:colcon.colcon_core.shell:Creating package script '/home/fastbot/ros2_ws/install/fastbot_bringup/share/fastbot_bringup/package.sh'
[4.413s] INFO:colcon.colcon_core.shell:Creating package script '/home/fastbot/ros2_ws/install/fastbot_bringup/share/fastbot_bringup/package.bash'
[4.416s] INFO:colcon.colcon_core.shell:Creating package script '/home/fastbot/ros2_ws/install/fastbot_bringup/share/fastbot_bringup/package.zsh'
[4.438s] Level 1:colcon.colcon_core.environment:create_file_with_runtime_dependencies(/home/fastbot/ros2_ws/install/fastbot_bringup/share/colcon-core/packages/fastbot_bringup)
[4.446s] Level 1:colcon.colcon_core.environment:create_environment_scripts_only(fastbot_description)
[4.447s] DEBUG:colcon.colcon_core.event_handler.log_command:Invoked command in '/home/fastbot/ros2_ws/build/fastbot_description' returned '0': CMAKE_PREFIX_PATH=${CMAKE_PREFIX_PATH}:/home/fastbot/ros2_ws/install/serial_motor:/opt/ros/humble /usr/bin/cmake --install /home/fastbot/ros2_ws/build/fastbot_description
[4.449s] Level 1:colcon.colcon_core.environment:checking '/home/fastbot/ros2_ws/install/fastbot_description' for CMake module files
[4.456s] Level 1:colcon.colcon_core.environment:checking '/home/fastbot/ros2_ws/install/fastbot_description' for CMake config files
[4.457s] Level 1:colcon.colcon_core.shell:create_environment_hook('fastbot_description', 'cmake_prefix_path')
[4.458s] INFO:colcon.colcon_core.shell:Creating environment hook '/home/fastbot/ros2_ws/install/fastbot_description/share/fastbot_description/hook/cmake_prefix_path.ps1'
[4.471s] INFO:colcon.colcon_core.shell:Creating environment descriptor '/home/fastbot/ros2_ws/install/fastbot_description/share/fastbot_description/hook/cmake_prefix_path.dsv'
[4.480s] INFO:colcon.colcon_core.shell:Creating environment hook '/home/fastbot/ros2_ws/install/fastbot_description/share/fastbot_description/hook/cmake_prefix_path.sh'
[4.484s] Level 1:colcon.colcon_core.environment:checking '/home/fastbot/ros2_ws/install/fastbot_description/bin'
[4.485s] Level 1:colcon.colcon_core.environment:checking '/home/fastbot/ros2_ws/install/fastbot_description/lib/pkgconfig/fastbot_description.pc'
[4.492s] Level 1:colcon.colcon_core.environment:checking '/home/fastbot/ros2_ws/install/fastbot_description/lib/python3.10/site-packages'
[4.493s] Level 1:colcon.colcon_core.environment:checking '/home/fastbot/ros2_ws/install/fastbot_description/bin'
[4.495s] INFO:colcon.colcon_core.shell:Creating package script '/home/fastbot/ros2_ws/install/fastbot_description/share/fastbot_description/package.ps1'
[4.507s] INFO:colcon.colcon_core.shell:Creating package descriptor '/home/fastbot/ros2_ws/install/fastbot_description/share/fastbot_description/package.dsv'
[4.515s] INFO:colcon.colcon_core.shell:Creating package script '/home/fastbot/ros2_ws/install/fastbot_description/share/fastbot_description/package.sh'
[4.518s] INFO:colcon.colcon_core.shell:Creating package script '/home/fastbot/ros2_ws/install/fastbot_description/share/fastbot_description/package.bash'
[4.525s] INFO:colcon.colcon_core.shell:Creating package script '/home/fastbot/ros2_ws/install/fastbot_description/share/fastbot_description/package.zsh'
[4.537s] Level 1:colcon.colcon_core.environment:create_file_with_runtime_dependencies(/home/fastbot/ros2_ws/install/fastbot_description/share/colcon-core/packages/fastbot_description)
[4.544s] Level 1:colcon.colcon_core.environment:create_environment_scripts_only(fastbot_description)
[4.558s] Level 1:colcon.colcon_core.environment:checking '/home/fastbot/ros2_ws/install/fastbot_description' for CMake module files
[4.561s] Level 1:colcon.colcon_core.environment:checking '/home/fastbot/ros2_ws/install/fastbot_description' for CMake config files
[4.563s] Level 1:colcon.colcon_core.shell:create_environment_hook('fastbot_description', 'cmake_prefix_path')
[4.565s] INFO:colcon.colcon_core.shell:Creating environment hook '/home/fastbot/ros2_ws/install/fastbot_description/share/fastbot_description/hook/cmake_prefix_path.ps1'
[4.575s] INFO:colcon.colcon_core.shell:Creating environment descriptor '/home/fastbot/ros2_ws/install/fastbot_description/share/fastbot_description/hook/cmake_prefix_path.dsv'
[4.583s] INFO:colcon.colcon_core.shell:Creating environment hook '/home/fastbot/ros2_ws/install/fastbot_description/share/fastbot_description/hook/cmake_prefix_path.sh'
[4.602s] Level 1:colcon.colcon_core.environment:checking '/home/fastbot/ros2_ws/install/fastbot_description/bin'
[4.603s] Level 1:colcon.colcon_core.environment:checking '/home/fastbot/ros2_ws/install/fastbot_description/lib/pkgconfig/fastbot_description.pc'
[4.604s] Level 1:colcon.colcon_core.environment:checking '/home/fastbot/ros2_ws/install/fastbot_description/lib/python3.10/site-packages'
[4.622s] Level 1:colcon.colcon_core.environment:checking '/home/fastbot/ros2_ws/install/fastbot_description/bin'
[4.624s] INFO:colcon.colcon_core.shell:Creating package script '/home/fastbot/ros2_ws/install/fastbot_description/share/fastbot_description/package.ps1'
[4.634s] INFO:colcon.colcon_core.shell:Creating package descriptor '/home/fastbot/ros2_ws/install/fastbot_description/share/fastbot_description/package.dsv'
[4.645s] INFO:colcon.colcon_core.shell:Creating package script '/home/fastbot/ros2_ws/install/fastbot_description/share/fastbot_description/package.sh'
[4.649s] INFO:colcon.colcon_core.shell:Creating package script '/home/fastbot/ros2_ws/install/fastbot_description/share/fastbot_description/package.bash'
[4.665s] INFO:colcon.colcon_core.shell:Creating package script '/home/fastbot/ros2_ws/install/fastbot_description/share/fastbot_description/package.zsh'
[4.671s] Level 1:colcon.colcon_core.environment:create_file_with_runtime_dependencies(/home/fastbot/ros2_ws/install/fastbot_description/share/colcon-core/packages/fastbot_description)
[6.232s] DEBUG:colcon.colcon_core.event_handler.log_command:Invoked command in '/home/fastbot/ros2_ws/build/serial_motor_msgs' returned '0': CMAKE_PREFIX_PATH=${CMAKE_PREFIX_PATH}:/home/fastbot/ros2_ws/install/serial_motor:/opt/ros/humble /usr/bin/cmake --build /home/fastbot/ros2_ws/build/serial_motor_msgs -- -j4 -l4
[6.269s] DEBUG:colcon.colcon_core.event_handler.log_command:Invoking command in '/home/fastbot/ros2_ws/build/serial_motor_msgs': CMAKE_PREFIX_PATH=${CMAKE_PREFIX_PATH}:/home/fastbot/ros2_ws/install/serial_motor:/opt/ros/humble /usr/bin/cmake --install /home/fastbot/ros2_ws/build/serial_motor_msgs
[6.273s] DEBUG:colcon.colcon_core.event_handler.log_command:Invoked command in '/home/fastbot/ros2_ws/build/lslidar_msgs' returned '0': CMAKE_PREFIX_PATH=${CMAKE_PREFIX_PATH}:/home/fastbot/ros2_ws/install/serial_motor:/opt/ros/humble /usr/bin/cmake --build /home/fastbot/ros2_ws/build/lslidar_msgs -- -j4 -l4
[6.304s] DEBUG:colcon.colcon_core.event_handler.log_command:Invoking command in '/home/fastbot/ros2_ws/build/lslidar_msgs': CMAKE_PREFIX_PATH=${CMAKE_PREFIX_PATH}:/home/fastbot/ros2_ws/install/serial_motor:/opt/ros/humble /usr/bin/cmake --install /home/fastbot/ros2_ws/build/lslidar_msgs
[6.696s] Level 1:colcon.colcon_core.environment:create_environment_scripts_only(serial_motor_msgs)
[6.697s] Level 1:colcon.colcon_core.environment:checking '/home/fastbot/ros2_ws/install/serial_motor_msgs' for CMake module files
[6.699s] DEBUG:colcon.colcon_core.event_handler.log_command:Invoked command in '/home/fastbot/ros2_ws/build/serial_motor_msgs' returned '0': CMAKE_PREFIX_PATH=${CMAKE_PREFIX_PATH}:/home/fastbot/ros2_ws/install/serial_motor:/opt/ros/humble /usr/bin/cmake --install /home/fastbot/ros2_ws/build/serial_motor_msgs
[6.709s] Level 1:colcon.colcon_core.environment:checking '/home/fastbot/ros2_ws/install/serial_motor_msgs' for CMake config files
[6.715s] Level 1:colcon.colcon_core.shell:create_environment_hook('serial_motor_msgs', 'cmake_prefix_path')
[6.717s] INFO:colcon.colcon_core.shell:Creating environment hook '/home/fastbot/ros2_ws/install/serial_motor_msgs/share/serial_motor_msgs/hook/cmake_prefix_path.ps1'
[6.723s] INFO:colcon.colcon_core.shell:Creating environment descriptor '/home/fastbot/ros2_ws/install/serial_motor_msgs/share/serial_motor_msgs/hook/cmake_prefix_path.dsv'
[6.728s] INFO:colcon.colcon_core.shell:Creating environment hook '/home/fastbot/ros2_ws/install/serial_motor_msgs/share/serial_motor_msgs/hook/cmake_prefix_path.sh'
[6.733s] Level 1:colcon.colcon_core.environment:checking '/home/fastbot/ros2_ws/install/serial_motor_msgs/lib'
[6.734s] Level 1:colcon.colcon_core.shell:create_environment_hook('serial_motor_msgs', 'ld_library_path_lib')
[6.735s] INFO:colcon.colcon_core.shell:Creating environment hook '/home/fastbot/ros2_ws/install/serial_motor_msgs/share/serial_motor_msgs/hook/ld_library_path_lib.ps1'
[6.737s] INFO:colcon.colcon_core.shell:Creating environment descriptor '/home/fastbot/ros2_ws/install/serial_motor_msgs/share/serial_motor_msgs/hook/ld_library_path_lib.dsv'
[6.739s] INFO:colcon.colcon_core.shell:Creating environment hook '/home/fastbot/ros2_ws/install/serial_motor_msgs/share/serial_motor_msgs/hook/ld_library_path_lib.sh'
[6.741s] Level 1:colcon.colcon_core.environment:checking '/home/fastbot/ros2_ws/install/serial_motor_msgs/bin'
[6.741s] Level 1:colcon.colcon_core.environment:checking '/home/fastbot/ros2_ws/install/serial_motor_msgs/lib/pkgconfig/serial_motor_msgs.pc'
[6.742s] Level 1:colcon.colcon_core.environment:checking '/home/fastbot/ros2_ws/install/serial_motor_msgs/lib/python3.10/site-packages'
[6.743s] Level 1:colcon.colcon_core.environment:checking '/home/fastbot/ros2_ws/install/serial_motor_msgs/bin'
[6.744s] INFO:colcon.colcon_core.shell:Creating package script '/home/fastbot/ros2_ws/install/serial_motor_msgs/share/serial_motor_msgs/package.ps1'
[6.747s] INFO:colcon.colcon_core.shell:Creating package descriptor '/home/fastbot/ros2_ws/install/serial_motor_msgs/share/serial_motor_msgs/package.dsv'
[6.749s] INFO:colcon.colcon_core.shell:Creating package script '/home/fastbot/ros2_ws/install/serial_motor_msgs/share/serial_motor_msgs/package.sh'
[6.751s] INFO:colcon.colcon_core.shell:Creating package script '/home/fastbot/ros2_ws/install/serial_motor_msgs/share/serial_motor_msgs/package.bash'
[6.753s] INFO:colcon.colcon_core.shell:Creating package script '/home/fastbot/ros2_ws/install/serial_motor_msgs/share/serial_motor_msgs/package.zsh'
[6.755s] Level 1:colcon.colcon_core.environment:create_file_with_runtime_dependencies(/home/fastbot/ros2_ws/install/serial_motor_msgs/share/colcon-core/packages/serial_motor_msgs)
[6.757s] Level 1:colcon.colcon_core.environment:create_environment_scripts_only(serial_motor_msgs)
[6.758s] Level 1:colcon.colcon_core.environment:checking '/home/fastbot/ros2_ws/install/serial_motor_msgs' for CMake module files
[6.762s] Level 1:colcon.colcon_core.environment:checking '/home/fastbot/ros2_ws/install/serial_motor_msgs' for CMake config files
[6.765s] Level 1:colcon.colcon_core.shell:create_environment_hook('serial_motor_msgs', 'cmake_prefix_path')
[6.766s] INFO:colcon.colcon_core.shell:Creating environment hook '/home/fastbot/ros2_ws/install/serial_motor_msgs/share/serial_motor_msgs/hook/cmake_prefix_path.ps1'
[6.768s] INFO:colcon.colcon_core.shell:Creating environment descriptor '/home/fastbot/ros2_ws/install/serial_motor_msgs/share/serial_motor_msgs/hook/cmake_prefix_path.dsv'
[6.770s] INFO:colcon.colcon_core.shell:Creating environment hook '/home/fastbot/ros2_ws/install/serial_motor_msgs/share/serial_motor_msgs/hook/cmake_prefix_path.sh'
[6.773s] Level 1:colcon.colcon_core.environment:checking '/home/fastbot/ros2_ws/install/serial_motor_msgs/lib'
[6.773s] Level 1:colcon.colcon_core.shell:create_environment_hook('serial_motor_msgs', 'ld_library_path_lib')
[6.774s] INFO:colcon.colcon_core.shell:Creating environment hook '/home/fastbot/ros2_ws/install/serial_motor_msgs/share/serial_motor_msgs/hook/ld_library_path_lib.ps1'
[6.776s] INFO:colcon.colcon_core.shell:Creating environment descriptor '/home/fastbot/ros2_ws/install/serial_motor_msgs/share/serial_motor_msgs/hook/ld_library_path_lib.dsv'
[6.777s] INFO:colcon.colcon_core.shell:Creating environment hook '/home/fastbot/ros2_ws/install/serial_motor_msgs/share/serial_motor_msgs/hook/ld_library_path_lib.sh'
[6.780s] Level 1:colcon.colcon_core.environment:checking '/home/fastbot/ros2_ws/install/serial_motor_msgs/bin'
[6.781s] Level 1:colcon.colcon_core.environment:checking '/home/fastbot/ros2_ws/install/serial_motor_msgs/lib/pkgconfig/serial_motor_msgs.pc'
[6.781s] Level 1:colcon.colcon_core.environment:checking '/home/fastbot/ros2_ws/install/serial_motor_msgs/lib/python3.10/site-packages'
[6.782s] Level 1:colcon.colcon_core.environment:checking '/home/fastbot/ros2_ws/install/serial_motor_msgs/bin'
[6.784s] INFO:colcon.colcon_core.shell:Creating package script '/home/fastbot/ros2_ws/install/serial_motor_msgs/share/serial_motor_msgs/package.ps1'
[6.786s] INFO:colcon.colcon_core.shell:Creating package descriptor '/home/fastbot/ros2_ws/install/serial_motor_msgs/share/serial_motor_msgs/package.dsv'
[6.788s] INFO:colcon.colcon_core.shell:Creating package script '/home/fastbot/ros2_ws/install/serial_motor_msgs/share/serial_motor_msgs/package.sh'
[6.790s] INFO:colcon.colcon_core.shell:Creating package script '/home/fastbot/ros2_ws/install/serial_motor_msgs/share/serial_motor_msgs/package.bash'
[6.793s] INFO:colcon.colcon_core.shell:Creating package script '/home/fastbot/ros2_ws/install/serial_motor_msgs/share/serial_motor_msgs/package.zsh'
[6.794s] Level 1:colcon.colcon_core.environment:create_file_with_runtime_dependencies(/home/fastbot/ros2_ws/install/serial_motor_msgs/share/colcon-core/packages/serial_motor_msgs)
[6.797s] INFO:colcon.colcon_ros.task.ament_python.build:Building ROS package in '/home/fastbot/ros2_ws/src/serial_motor' with build type 'ament_python'
[6.797s] Level 1:colcon.colcon_core.shell:create_environment_hook('serial_motor', 'ament_prefix_path')
[6.798s] INFO:colcon.colcon_core.shell:Creating environment hook '/home/fastbot/ros2_ws/install/serial_motor/share/serial_motor/hook/ament_prefix_path.ps1'
[6.802s] INFO:colcon.colcon_core.shell:Creating environment descriptor '/home/fastbot/ros2_ws/install/serial_motor/share/serial_motor/hook/ament_prefix_path.dsv'
[6.804s] INFO:colcon.colcon_core.shell:Creating environment hook '/home/fastbot/ros2_ws/install/serial_motor/share/serial_motor/hook/ament_prefix_path.sh'
[6.808s] INFO:colcon.colcon_core.shell:Skip shell extension 'powershell' for command environment: Not usable outside of PowerShell
[6.808s] DEBUG:colcon.colcon_core.shell:Skip shell extension 'dsv' for command environment
[6.831s] Level 1:colcon.colcon_core.environment:create_environment_scripts_only(lslidar_msgs)
[6.833s] Level 1:colcon.colcon_core.environment:checking '/home/fastbot/ros2_ws/install/lslidar_msgs' for CMake module files
[6.834s] DEBUG:colcon.colcon_core.event_handler.log_command:Invoked command in '/home/fastbot/ros2_ws/build/lslidar_msgs' returned '0': CMAKE_PREFIX_PATH=${CMAKE_PREFIX_PATH}:/home/fastbot/ros2_ws/install/serial_motor:/opt/ros/humble /usr/bin/cmake --install /home/fastbot/ros2_ws/build/lslidar_msgs
[6.839s] Level 1:colcon.colcon_core.environment:checking '/home/fastbot/ros2_ws/install/lslidar_msgs' for CMake config files
[6.844s] Level 1:colcon.colcon_core.shell:create_environment_hook('lslidar_msgs', 'cmake_prefix_path')
[6.845s] INFO:colcon.colcon_core.shell:Creating environment hook '/home/fastbot/ros2_ws/install/lslidar_msgs/share/lslidar_msgs/hook/cmake_prefix_path.ps1'
[6.847s] INFO:colcon.colcon_core.shell:Creating environment descriptor '/home/fastbot/ros2_ws/install/lslidar_msgs/share/lslidar_msgs/hook/cmake_prefix_path.dsv'
[6.849s] INFO:colcon.colcon_core.shell:Creating environment hook '/home/fastbot/ros2_ws/install/lslidar_msgs/share/lslidar_msgs/hook/cmake_prefix_path.sh'
[6.853s] Level 1:colcon.colcon_core.environment:checking '/home/fastbot/ros2_ws/install/lslidar_msgs/lib'
[6.853s] Level 1:colcon.colcon_core.shell:create_environment_hook('lslidar_msgs', 'ld_library_path_lib')
[6.854s] INFO:colcon.colcon_core.shell:Creating environment hook '/home/fastbot/ros2_ws/install/lslidar_msgs/share/lslidar_msgs/hook/ld_library_path_lib.ps1'
[6.856s] INFO:colcon.colcon_core.shell:Creating environment descriptor '/home/fastbot/ros2_ws/install/lslidar_msgs/share/lslidar_msgs/hook/ld_library_path_lib.dsv'
[6.858s] INFO:colcon.colcon_core.shell:Creating environment hook '/home/fastbot/ros2_ws/install/lslidar_msgs/share/lslidar_msgs/hook/ld_library_path_lib.sh'
[6.860s] Level 1:colcon.colcon_core.environment:checking '/home/fastbot/ros2_ws/install/lslidar_msgs/bin'
[6.860s] Level 1:colcon.colcon_core.environment:checking '/home/fastbot/ros2_ws/install/lslidar_msgs/lib/pkgconfig/lslidar_msgs.pc'
[6.861s] Level 1:colcon.colcon_core.environment:checking '/home/fastbot/ros2_ws/install/lslidar_msgs/lib/python3.10/site-packages'
[6.862s] Level 1:colcon.colcon_core.environment:checking '/home/fastbot/ros2_ws/install/lslidar_msgs/bin'
[6.863s] INFO:colcon.colcon_core.shell:Creating package script '/home/fastbot/ros2_ws/install/lslidar_msgs/share/lslidar_msgs/package.ps1'
[6.866s] INFO:colcon.colcon_core.shell:Creating package descriptor '/home/fastbot/ros2_ws/install/lslidar_msgs/share/lslidar_msgs/package.dsv'
[6.868s] INFO:colcon.colcon_core.shell:Creating package script '/home/fastbot/ros2_ws/install/lslidar_msgs/share/lslidar_msgs/package.sh'
[6.870s] INFO:colcon.colcon_core.shell:Creating package script '/home/fastbot/ros2_ws/install/lslidar_msgs/share/lslidar_msgs/package.bash'
[6.871s] INFO:colcon.colcon_core.shell:Creating package script '/home/fastbot/ros2_ws/install/lslidar_msgs/share/lslidar_msgs/package.zsh'
[6.873s] Level 1:colcon.colcon_core.environment:create_file_with_runtime_dependencies(/home/fastbot/ros2_ws/install/lslidar_msgs/share/colcon-core/packages/lslidar_msgs)
[6.876s] Level 1:colcon.colcon_core.environment:create_environment_scripts_only(lslidar_msgs)
[6.877s] Level 1:colcon.colcon_core.environment:checking '/home/fastbot/ros2_ws/install/lslidar_msgs' for CMake module files
[6.881s] Level 1:colcon.colcon_core.environment:checking '/home/fastbot/ros2_ws/install/lslidar_msgs' for CMake config files
[6.884s] Level 1:colcon.colcon_core.shell:create_environment_hook('lslidar_msgs', 'cmake_prefix_path')
[6.885s] INFO:colcon.colcon_core.shell:Creating environment hook '/home/fastbot/ros2_ws/install/lslidar_msgs/share/lslidar_msgs/hook/cmake_prefix_path.ps1'
[6.886s] INFO:colcon.colcon_core.shell:Creating environment descriptor '/home/fastbot/ros2_ws/install/lslidar_msgs/share/lslidar_msgs/hook/cmake_prefix_path.dsv'
[6.888s] INFO:colcon.colcon_core.shell:Creating environment hook '/home/fastbot/ros2_ws/install/lslidar_msgs/share/lslidar_msgs/hook/cmake_prefix_path.sh'
[6.891s] Level 1:colcon.colcon_core.environment:checking '/home/fastbot/ros2_ws/install/lslidar_msgs/lib'
[6.891s] Level 1:colcon.colcon_core.shell:create_environment_hook('lslidar_msgs', 'ld_library_path_lib')
[6.892s] INFO:colcon.colcon_core.shell:Creating environment hook '/home/fastbot/ros2_ws/install/lslidar_msgs/share/lslidar_msgs/hook/ld_library_path_lib.ps1'
[6.894s] INFO:colcon.colcon_core.shell:Creating environment descriptor '/home/fastbot/ros2_ws/install/lslidar_msgs/share/lslidar_msgs/hook/ld_library_path_lib.dsv'
[6.896s] INFO:colcon.colcon_core.shell:Creating environment hook '/home/fastbot/ros2_ws/install/lslidar_msgs/share/lslidar_msgs/hook/ld_library_path_lib.sh'
[6.898s] Level 1:colcon.colcon_core.environment:checking '/home/fastbot/ros2_ws/install/lslidar_msgs/bin'
[6.898s] Level 1:colcon.colcon_core.environment:checking '/home/fastbot/ros2_ws/install/lslidar_msgs/lib/pkgconfig/lslidar_msgs.pc'
[6.899s] Level 1:colcon.colcon_core.environment:checking '/home/fastbot/ros2_ws/install/lslidar_msgs/lib/python3.10/site-packages'
[6.900s] Level 1:colcon.colcon_core.environment:checking '/home/fastbot/ros2_ws/install/lslidar_msgs/bin'
[6.901s] INFO:colcon.colcon_core.shell:Creating package script '/home/fastbot/ros2_ws/install/lslidar_msgs/share/lslidar_msgs/package.ps1'
[6.903s] INFO:colcon.colcon_core.shell:Creating package descriptor '/home/fastbot/ros2_ws/install/lslidar_msgs/share/lslidar_msgs/package.dsv'
[6.906s] INFO:colcon.colcon_core.shell:Creating package script '/home/fastbot/ros2_ws/install/lslidar_msgs/share/lslidar_msgs/package.sh'
[6.908s] INFO:colcon.colcon_core.shell:Creating package script '/home/fastbot/ros2_ws/install/lslidar_msgs/share/lslidar_msgs/package.bash'
[6.910s] INFO:colcon.colcon_core.shell:Creating package script '/home/fastbot/ros2_ws/install/lslidar_msgs/share/lslidar_msgs/package.zsh'
[6.912s] Level 1:colcon.colcon_core.environment:create_file_with_runtime_dependencies(/home/fastbot/ros2_ws/install/lslidar_msgs/share/colcon-core/packages/lslidar_msgs)
[6.915s] INFO:colcon.colcon_ros.task.ament_cmake.build:Building ROS package in '/home/fastbot/ros2_ws/src/Lslidar_ROS2_driver/lslidar_driver' with build type 'ament_cmake'
[6.915s] INFO:colcon.colcon_cmake.task.cmake.build:Building CMake package in '/home/fastbot/ros2_ws/src/Lslidar_ROS2_driver/lslidar_driver'
[6.916s] INFO:colcon.colcon_core.shell:Skip shell extension 'powershell' for command environment: Not usable outside of PowerShell
[6.917s] DEBUG:colcon.colcon_core.shell:Skip shell extension 'dsv' for command environment
[8.079s] INFO:colcon.colcon_core.task.python.build:Building Python package in '/home/fastbot/ros2_ws/src/serial_motor'
[8.080s] INFO:colcon.colcon_core.shell:Skip shell extension 'powershell' for command environment: Not usable outside of PowerShell
[8.080s] DEBUG:colcon.colcon_core.shell:Skip shell extension 'dsv' for command environment
[8.125s] DEBUG:colcon.colcon_core.event_handler.log_command:Invoking command in '/home/fastbot/ros2_ws/build/lslidar_driver': CMAKE_PREFIX_PATH=/home/fastbot/ros2_ws/install/lslidar_msgs:/home/fastbot/ros2_ws/install/serial_motor_msgs:/home/fastbot/ros2_ws/install/lslidar_driver:/home/fastbot/ros2_ws/install/fastbot_description:/home/fastbot/ros2_ws/install/fastbot_bringup:/home/fastbot/ros2_ws/install/serial_motor:/opt/ros/humble LD_LIBRARY_PATH=/home/fastbot/ros2_ws/install/lslidar_msgs/lib:/home/fastbot/ros2_ws/install/serial_motor_msgs/lib:/opt/ros/humble/opt/rviz_ogre_vendor/lib:/opt/ros/humble/lib/aarch64-linux-gnu:/opt/ros/humble/lib /usr/bin/cmake --build /home/fastbot/ros2_ws/build/lslidar_driver -- -j4 -l4
[9.021s] DEBUG:colcon.colcon_core.event_handler.log_command:Invoked command in '/home/fastbot/ros2_ws/build/lslidar_driver' returned '0': CMAKE_PREFIX_PATH=/home/fastbot/ros2_ws/install/lslidar_msgs:/home/fastbot/ros2_ws/install/serial_motor_msgs:/home/fastbot/ros2_ws/install/lslidar_driver:/home/fastbot/ros2_ws/install/fastbot_description:/home/fastbot/ros2_ws/install/fastbot_bringup:/home/fastbot/ros2_ws/install/serial_motor:/opt/ros/humble LD_LIBRARY_PATH=/home/fastbot/ros2_ws/install/lslidar_msgs/lib:/home/fastbot/ros2_ws/install/serial_motor_msgs/lib:/opt/ros/humble/opt/rviz_ogre_vendor/lib:/opt/ros/humble/lib/aarch64-linux-gnu:/opt/ros/humble/lib /usr/bin/cmake --build /home/fastbot/ros2_ws/build/lslidar_driver -- -j4 -l4
[9.034s] DEBUG:colcon.colcon_core.event_handler.log_command:Invoking command in '/home/fastbot/ros2_ws/build/lslidar_driver': CMAKE_PREFIX_PATH=/home/fastbot/ros2_ws/install/lslidar_msgs:/home/fastbot/ros2_ws/install/serial_motor_msgs:/home/fastbot/ros2_ws/install/lslidar_driver:/home/fastbot/ros2_ws/install/fastbot_description:/home/fastbot/ros2_ws/install/fastbot_bringup:/home/fastbot/ros2_ws/install/serial_motor:/opt/ros/humble LD_LIBRARY_PATH=/home/fastbot/ros2_ws/install/lslidar_msgs/lib:/home/fastbot/ros2_ws/install/serial_motor_msgs/lib:/opt/ros/humble/opt/rviz_ogre_vendor/lib:/opt/ros/humble/lib/aarch64-linux-gnu:/opt/ros/humble/lib /usr/bin/cmake --install /home/fastbot/ros2_ws/build/lslidar_driver
[9.091s] Level 1:colcon.colcon_core.environment:create_environment_scripts_only(lslidar_driver)
[9.092s] Level 1:colcon.colcon_core.environment:checking '/home/fastbot/ros2_ws/install/lslidar_driver' for CMake module files
[9.094s] DEBUG:colcon.colcon_core.event_handler.log_command:Invoked command in '/home/fastbot/ros2_ws/build/lslidar_driver' returned '0': CMAKE_PREFIX_PATH=/home/fastbot/ros2_ws/install/lslidar_msgs:/home/fastbot/ros2_ws/install/serial_motor_msgs:/home/fastbot/ros2_ws/install/lslidar_driver:/home/fastbot/ros2_ws/install/fastbot_description:/home/fastbot/ros2_ws/install/fastbot_bringup:/home/fastbot/ros2_ws/install/serial_motor:/opt/ros/humble LD_LIBRARY_PATH=/home/fastbot/ros2_ws/install/lslidar_msgs/lib:/home/fastbot/ros2_ws/install/serial_motor_msgs/lib:/opt/ros/humble/opt/rviz_ogre_vendor/lib:/opt/ros/humble/lib/aarch64-linux-gnu:/opt/ros/humble/lib /usr/bin/cmake --install /home/fastbot/ros2_ws/build/lslidar_driver
[9.097s] Level 1:colcon.colcon_core.environment:checking '/home/fastbot/ros2_ws/install/lslidar_driver' for CMake config files
[9.098s] Level 1:colcon.colcon_core.shell:create_environment_hook('lslidar_driver', 'cmake_prefix_path')
[9.099s] INFO:colcon.colcon_core.shell:Creating environment hook '/home/fastbot/ros2_ws/install/lslidar_driver/share/lslidar_driver/hook/cmake_prefix_path.ps1'
[9.101s] INFO:colcon.colcon_core.shell:Creating environment descriptor '/home/fastbot/ros2_ws/install/lslidar_driver/share/lslidar_driver/hook/cmake_prefix_path.dsv'
[9.103s] INFO:colcon.colcon_core.shell:Creating environment hook '/home/fastbot/ros2_ws/install/lslidar_driver/share/lslidar_driver/hook/cmake_prefix_path.sh'
[9.106s] Level 1:colcon.colcon_core.environment:checking '/home/fastbot/ros2_ws/install/lslidar_driver/lib'
[9.107s] Level 1:colcon.colcon_core.environment:checking '/home/fastbot/ros2_ws/install/lslidar_driver/bin'
[9.107s] Level 1:colcon.colcon_core.environment:checking '/home/fastbot/ros2_ws/install/lslidar_driver/lib/pkgconfig/lslidar_driver.pc'
[9.108s] Level 1:colcon.colcon_core.environment:checking '/home/fastbot/ros2_ws/install/lslidar_driver/lib/python3.10/site-packages'
[9.109s] Level 1:colcon.colcon_core.environment:checking '/home/fastbot/ros2_ws/install/lslidar_driver/bin'
[9.111s] INFO:colcon.colcon_core.shell:Creating package script '/home/fastbot/ros2_ws/install/lslidar_driver/share/lslidar_driver/package.ps1'
[9.113s] INFO:colcon.colcon_core.shell:Creating package descriptor '/home/fastbot/ros2_ws/install/lslidar_driver/share/lslidar_driver/package.dsv'
[9.115s] INFO:colcon.colcon_core.shell:Creating package script '/home/fastbot/ros2_ws/install/lslidar_driver/share/lslidar_driver/package.sh'
[9.117s] INFO:colcon.colcon_core.shell:Creating package script '/home/fastbot/ros2_ws/install/lslidar_driver/share/lslidar_driver/package.bash'
[9.120s] INFO:colcon.colcon_core.shell:Creating package script '/home/fastbot/ros2_ws/install/lslidar_driver/share/lslidar_driver/package.zsh'
[9.122s] Level 1:colcon.colcon_core.environment:create_file_with_runtime_dependencies(/home/fastbot/ros2_ws/install/lslidar_driver/share/colcon-core/packages/lslidar_driver)
[9.125s] Level 1:colcon.colcon_core.environment:create_environment_scripts_only(lslidar_driver)
[9.126s] Level 1:colcon.colcon_core.environment:checking '/home/fastbot/ros2_ws/install/lslidar_driver' for CMake module files
[9.129s] Level 1:colcon.colcon_core.environment:checking '/home/fastbot/ros2_ws/install/lslidar_driver' for CMake config files
[9.130s] Level 1:colcon.colcon_core.shell:create_environment_hook('lslidar_driver', 'cmake_prefix_path')
[9.132s] INFO:colcon.colcon_core.shell:Creating environment hook '/home/fastbot/ros2_ws/install/lslidar_driver/share/lslidar_driver/hook/cmake_prefix_path.ps1'
[9.134s] INFO:colcon.colcon_core.shell:Creating environment descriptor '/home/fastbot/ros2_ws/install/lslidar_driver/share/lslidar_driver/hook/cmake_prefix_path.dsv'
[9.136s] INFO:colcon.colcon_core.shell:Creating environment hook '/home/fastbot/ros2_ws/install/lslidar_driver/share/lslidar_driver/hook/cmake_prefix_path.sh'
[9.139s] Level 1:colcon.colcon_core.environment:checking '/home/fastbot/ros2_ws/install/lslidar_driver/lib'
[9.139s] Level 1:colcon.colcon_core.environment:checking '/home/fastbot/ros2_ws/install/lslidar_driver/bin'
[9.140s] Level 1:colcon.colcon_core.environment:checking '/home/fastbot/ros2_ws/install/lslidar_driver/lib/pkgconfig/lslidar_driver.pc'
[9.141s] Level 1:colcon.colcon_core.environment:checking '/home/fastbot/ros2_ws/install/lslidar_driver/lib/python3.10/site-packages'
[9.142s] Level 1:colcon.colcon_core.environment:checking '/home/fastbot/ros2_ws/install/lslidar_driver/bin'
[9.144s] INFO:colcon.colcon_core.shell:Creating package script '/home/fastbot/ros2_ws/install/lslidar_driver/share/lslidar_driver/package.ps1'
[9.147s] INFO:colcon.colcon_core.shell:Creating package descriptor '/home/fastbot/ros2_ws/install/lslidar_driver/share/lslidar_driver/package.dsv'
[9.149s] INFO:colcon.colcon_core.shell:Creating package script '/home/fastbot/ros2_ws/install/lslidar_driver/share/lslidar_driver/package.sh'
[9.152s] INFO:colcon.colcon_core.shell:Creating package script '/home/fastbot/ros2_ws/install/lslidar_driver/share/lslidar_driver/package.bash'
[9.154s] INFO:colcon.colcon_core.shell:Creating package script '/home/fastbot/ros2_ws/install/lslidar_driver/share/lslidar_driver/package.zsh'
[9.157s] Level 1:colcon.colcon_core.environment:create_file_with_runtime_dependencies(/home/fastbot/ros2_ws/install/lslidar_driver/share/colcon-core/packages/lslidar_driver)
[10.398s] DEBUG:colcon.colcon_core.event_handler.log_command:Invoking command in '/home/fastbot/ros2_ws/src/serial_motor': PYTHONPATH=/home/fastbot/ros2_ws/build/serial_motor/prefix_override:/usr/lib/python3/dist-packages/colcon_core/task/python/colcon_distutils_commands:/home/fastbot/ros2_ws/install/serial_motor/lib/python3.10/site-packages:${PYTHONPATH} /usr/bin/python3 -W ignore:setup.py install is deprecated -W ignore:easy_install command is deprecated setup.py egg_info --egg-base ../../build/serial_motor build --build-base /home/fastbot/ros2_ws/build/serial_motor/build install --record /home/fastbot/ros2_ws/build/serial_motor/install.log --single-version-externally-managed install_data
[11.717s] Level 1:colcon.colcon_core.environment:checking '/home/fastbot/ros2_ws/install/serial_motor' for CMake module files
[11.719s] DEBUG:colcon.colcon_core.event_handler.log_command:Invoked command in '/home/fastbot/ros2_ws/src/serial_motor' returned '0': PYTHONPATH=/home/fastbot/ros2_ws/build/serial_motor/prefix_override:/usr/lib/python3/dist-packages/colcon_core/task/python/colcon_distutils_commands:/home/fastbot/ros2_ws/install/serial_motor/lib/python3.10/site-packages:${PYTHONPATH} /usr/bin/python3 -W ignore:setup.py install is deprecated -W ignore:easy_install command is deprecated setup.py egg_info --egg-base ../../build/serial_motor build --build-base /home/fastbot/ros2_ws/build/serial_motor/build install --record /home/fastbot/ros2_ws/build/serial_motor/install.log --single-version-externally-managed install_data
[11.720s] Level 1:colcon.colcon_core.environment:checking '/home/fastbot/ros2_ws/install/serial_motor' for CMake config files
[11.725s] Level 1:colcon.colcon_core.environment:checking '/home/fastbot/ros2_ws/install/serial_motor/lib'
[11.725s] Level 1:colcon.colcon_core.environment:checking '/home/fastbot/ros2_ws/install/serial_motor/bin'
[11.726s] Level 1:colcon.colcon_core.environment:checking '/home/fastbot/ros2_ws/install/serial_motor/lib/pkgconfig/serial_motor.pc'
[11.727s] Level 1:colcon.colcon_core.environment:checking '/home/fastbot/ros2_ws/install/serial_motor/lib/python3.10/site-packages'
[11.727s] Level 1:colcon.colcon_core.shell:create_environment_hook('serial_motor', 'pythonpath')
[11.728s] INFO:colcon.colcon_core.shell:Creating environment hook '/home/fastbot/ros2_ws/install/serial_motor/share/serial_motor/hook/pythonpath.ps1'
[11.731s] INFO:colcon.colcon_core.shell:Creating environment descriptor '/home/fastbot/ros2_ws/install/serial_motor/share/serial_motor/hook/pythonpath.dsv'
[11.733s] INFO:colcon.colcon_core.shell:Creating environment hook '/home/fastbot/ros2_ws/install/serial_motor/share/serial_motor/hook/pythonpath.sh'
[11.736s] Level 1:colcon.colcon_core.environment:checking '/home/fastbot/ros2_ws/install/serial_motor/bin'
[11.736s] Level 1:colcon.colcon_core.environment:create_environment_scripts_only(serial_motor)
[11.738s] INFO:colcon.colcon_core.shell:Creating package script '/home/fastbot/ros2_ws/install/serial_motor/share/serial_motor/package.ps1'
[11.740s] INFO:colcon.colcon_core.shell:Creating package descriptor '/home/fastbot/ros2_ws/install/serial_motor/share/serial_motor/package.dsv'
[11.742s] INFO:colcon.colcon_core.shell:Creating package script '/home/fastbot/ros2_ws/install/serial_motor/share/serial_motor/package.sh'
[11.744s] INFO:colcon.colcon_core.shell:Creating package script '/home/fastbot/ros2_ws/install/serial_motor/share/serial_motor/package.bash'
[11.746s] INFO:colcon.colcon_core.shell:Creating package script '/home/fastbot/ros2_ws/install/serial_motor/share/serial_motor/package.zsh'
[11.748s] Level 1:colcon.colcon_core.environment:create_file_with_runtime_dependencies(/home/fastbot/ros2_ws/install/serial_motor/share/colcon-core/packages/serial_motor)
[11.749s] DEBUG:colcon.colcon_parallel_executor.executor.parallel:closing loop
[11.750s] DEBUG:colcon.colcon_parallel_executor.executor.parallel:loop closed
[11.751s] DEBUG:colcon.colcon_parallel_executor.executor.parallel:run_until_complete finished with '0'
[11.751s] DEBUG:colcon.colcon_core.event_reactor:joining thread
[11.780s] INFO:colcon.colcon_core.plugin_system:Skipping extension 'colcon_notification.desktop_notification.notify_send': Could not find 'notify-send'
[11.781s] INFO:colcon.colcon_core.plugin_system:Skipping extension 'colcon_notification.desktop_notification.terminal_notifier': Not used on non-Darwin systems
[11.781s] INFO:colcon.colcon_core.plugin_system:Skipping extension 'colcon_notification.desktop_notification.win32': Not used on non-Windows systems
[11.781s] INFO:colcon.colcon_notification.desktop_notification:Sending desktop notification using 'notify2'
[11.784s] DEBUG:colcon.colcon_notification.desktop_notification.notify2:Failed to initialize notify2: org.freedesktop.DBus.Error.ServiceUnknown: The name org.freedesktop.Notifications was not provided by any .service files
[11.784s] DEBUG:colcon.colcon_core.event_reactor:joined thread
[11.785s] INFO:colcon.colcon_core.shell:Creating prefix script '/home/fastbot/ros2_ws/install/local_setup.ps1'
[11.791s] INFO:colcon.colcon_core.shell:Creating prefix util module '/home/fastbot/ros2_ws/install/_local_setup_util_ps1.py'
[11.800s] INFO:colcon.colcon_core.shell:Creating prefix chain script '/home/fastbot/ros2_ws/install/setup.ps1'
[11.808s] INFO:colcon.colcon_core.shell:Creating prefix script '/home/fastbot/ros2_ws/install/local_setup.sh'
[11.815s] INFO:colcon.colcon_core.shell:Creating prefix util module '/home/fastbot/ros2_ws/install/_local_setup_util_sh.py'
[11.818s] INFO:colcon.colcon_core.shell:Creating prefix chain script '/home/fastbot/ros2_ws/install/setup.sh'
[11.825s] INFO:colcon.colcon_core.shell:Creating prefix script '/home/fastbot/ros2_ws/install/local_setup.bash'
[11.829s] INFO:colcon.colcon_core.shell:Creating prefix chain script '/home/fastbot/ros2_ws/install/setup.bash'
[11.837s] INFO:colcon.colcon_core.shell:Creating prefix script '/home/fastbot/ros2_ws/install/local_setup.zsh'
[11.842s] INFO:colcon.colcon_core.shell:Creating prefix chain script '/home/fastbot/ros2_ws/install/setup.zsh'
