[4.494s] Invoking command in '/home/fastbot/ros2_ws/real/src/serial_motor': CMAKE_PREFIX_PATH=/home/fastbot/ros2_ws/real/install/serial_motor_msgs LD_LIBRARY_PATH=/home/fastbot/ros2_ws/real/install/serial_motor_msgs/lib:${LD_LIBRARY_PATH} PYTHONPATH=/home/fastbot/ros2_ws/real/build/serial_motor/prefix_override:/usr/lib/python3/dist-packages/colcon_core/task/python/colcon_distutils_commands:/home/fastbot/ros2_ws/real/install/serial_motor/lib/python3.10/site-packages:${PYTHONPATH} /usr/bin/python3 -W ignore:setup.py install is deprecated -W ignore:easy_install command is deprecated setup.py egg_info --egg-base ../../build/serial_motor build --build-base /home/fastbot/ros2_ws/real/build/serial_motor/build install --record /home/fastbot/ros2_ws/real/build/serial_motor/install.log --single-version-externally-managed install_data
[5.917s] running egg_info
[5.921s] writing ../../build/serial_motor/serial_motor.egg-info/PKG-INFO
[5.923s] writing dependency_links to ../../build/serial_motor/serial_motor.egg-info/dependency_links.txt
[5.925s] writing entry points to ../../build/serial_motor/serial_motor.egg-info/entry_points.txt
[5.925s] writing requirements to ../../build/serial_motor/serial_motor.egg-info/requires.txt
[5.927s] writing top-level names to ../../build/serial_motor/serial_motor.egg-info/top_level.txt
[5.938s] reading manifest file '../../build/serial_motor/serial_motor.egg-info/SOURCES.txt'
[5.943s] writing manifest file '../../build/serial_motor/serial_motor.egg-info/SOURCES.txt'
[5.945s] running build
[5.945s] running build_py
[5.950s] copying serial_motor/motor_driver.py -> /home/fastbot/ros2_ws/real/build/serial_motor/build/lib/serial_motor
[5.954s] running install
[5.956s] running install_lib
[5.961s] copying /home/fastbot/ros2_ws/real/build/serial_motor/build/lib/serial_motor/motor_driver.py -> /home/fastbot/ros2_ws/real/install/serial_motor/lib/python3.10/site-packages/serial_motor
[5.966s] byte-compiling /home/fastbot/ros2_ws/real/install/serial_motor/lib/python3.10/site-packages/serial_motor/motor_driver.py to motor_driver.cpython-310.pyc
[5.976s] running install_data
[5.982s] running install_egg_info
[5.996s] removing '/home/fastbot/ros2_ws/real/install/serial_motor/lib/python3.10/site-packages/serial_motor-0.0.0-py3.10.egg-info' (and everything under it)
[5.998s] Copying ../../build/serial_motor/serial_motor.egg-info to /home/fastbot/ros2_ws/real/install/serial_motor/lib/python3.10/site-packages/serial_motor-0.0.0-py3.10.egg-info
[6.008s] running install_scripts
[6.097s] Installing motor_driver script to /home/fastbot/ros2_ws/real/install/serial_motor/lib/serial_motor
[6.101s] writing list of installed files to '/home/fastbot/ros2_ws/real/build/serial_motor/install.log'
[6.265s] Invoked command in '/home/fastbot/ros2_ws/real/src/serial_motor' returned '0': CMAKE_PREFIX_PATH=/home/fastbot/ros2_ws/real/install/serial_motor_msgs LD_LIBRARY_PATH=/home/fastbot/ros2_ws/real/install/serial_motor_msgs/lib:${LD_LIBRARY_PATH} PYTHONPATH=/home/fastbot/ros2_ws/real/build/serial_motor/prefix_override:/usr/lib/python3/dist-packages/colcon_core/task/python/colcon_distutils_commands:/home/fastbot/ros2_ws/real/install/serial_motor/lib/python3.10/site-packages:${PYTHONPATH} /usr/bin/python3 -W ignore:setup.py install is deprecated -W ignore:easy_install command is deprecated setup.py egg_info --egg-base ../../build/serial_motor build --build-base /home/fastbot/ros2_ws/real/build/serial_motor/build install --record /home/fastbot/ros2_ws/real/build/serial_motor/install.log --single-version-externally-managed install_data
