[3.713s] Invoking command in '/home/fastbot/ros2_ws/real/src/serial_motor': CMAKE_PREFIX_PATH=/home/fastbot/ros2_ws/real/install/serial_motor_msgs LD_LIBRARY_PATH=/home/fastbot/ros2_ws/real/install/serial_motor_msgs/lib:${LD_LIBRARY_PATH} PYTHONPATH=/home/fastbot/ros2_ws/real/build/serial_motor/prefix_override:/usr/lib/python3/dist-packages/colcon_core/task/python/colcon_distutils_commands:/home/fastbot/ros2_ws/real/install/serial_motor/lib/python3.10/site-packages:${PYTHONPATH} /usr/bin/python3 -W ignore:setup.py install is deprecated -W ignore:easy_install command is deprecated setup.py egg_info --egg-base ../../build/serial_motor build --build-base /home/fastbot/ros2_ws/real/build/serial_motor/build install --record /home/fastbot/ros2_ws/real/build/serial_motor/install.log --single-version-externally-managed install_data
[5.159s] running egg_info
[5.163s] writing ../../build/serial_motor/serial_motor.egg-info/PKG-INFO
[5.165s] writing dependency_links to ../../build/serial_motor/serial_motor.egg-info/dependency_links.txt
[5.166s] writing entry points to ../../build/serial_motor/serial_motor.egg-info/entry_points.txt
[5.168s] writing requirements to ../../build/serial_motor/serial_motor.egg-info/requires.txt
[5.169s] writing top-level names to ../../build/serial_motor/serial_motor.egg-info/top_level.txt
[5.179s] reading manifest file '../../build/serial_motor/serial_motor.egg-info/SOURCES.txt'
[5.183s] writing manifest file '../../build/serial_motor/serial_motor.egg-info/SOURCES.txt'
[5.185s] running build
[5.186s] running build_py
[5.186s] running install
[5.187s] running install_lib
[5.193s] running install_data
[5.193s] running install_egg_info
[5.210s] removing '/home/fastbot/ros2_ws/real/install/serial_motor/lib/python3.10/site-packages/serial_motor-0.0.0-py3.10.egg-info' (and everything under it)
[5.210s] Copying ../../build/serial_motor/serial_motor.egg-info to /home/fastbot/ros2_ws/real/install/serial_motor/lib/python3.10/site-packages/serial_motor-0.0.0-py3.10.egg-info
[5.214s] running install_scripts
[5.300s] Installing motor_driver script to /home/fastbot/ros2_ws/real/install/serial_motor/lib/serial_motor
[5.302s] writing list of installed files to '/home/fastbot/ros2_ws/real/build/serial_motor/install.log'
[5.452s] Invoked command in '/home/fastbot/ros2_ws/real/src/serial_motor' returned '0': CMAKE_PREFIX_PATH=/home/fastbot/ros2_ws/real/install/serial_motor_msgs LD_LIBRARY_PATH=/home/fastbot/ros2_ws/real/install/serial_motor_msgs/lib:${LD_LIBRARY_PATH} PYTHONPATH=/home/fastbot/ros2_ws/real/build/serial_motor/prefix_override:/usr/lib/python3/dist-packages/colcon_core/task/python/colcon_distutils_commands:/home/fastbot/ros2_ws/real/install/serial_motor/lib/python3.10/site-packages:${PYTHONPATH} /usr/bin/python3 -W ignore:setup.py install is deprecated -W ignore:easy_install command is deprecated setup.py egg_info --egg-base ../../build/serial_motor build --build-base /home/fastbot/ros2_ws/real/build/serial_motor/build install --record /home/fastbot/ros2_ws/real/build/serial_motor/install.log --single-version-externally-managed install_data
