[0.110s] Invoking command in '/home/fastbot/ros2_ws/real/build/serial_motor_msgs': CMAKE_PREFIX_PATH=${CMAKE_PREFIX_PATH}:/home/fastbot/ros2_ws/install/serial_motor:/home/fastbot/ros2_ws/install/serial_motor_msgs:/home/fastbot/ros2_ws/install/lslidar_msgs:/home/fastbot/ros2_ws/install/fastbot_description:/home/fastbot/ros2_ws/install/fastbot_bringup:/opt/ros/humble /usr/bin/cmake /home/fastbot/ros2_ws/real/src/serial_motor_msgs -DCMAKE_INSTALL_PREFIX=/home/fastbot/ros2_ws/real/install/serial_motor_msgs
[2.085s] -- The C compiler identification is GNU 11.4.0
[3.190s] -- The CXX compiler identification is GNU 11.4.0
[3.310s] -- Detecting C compiler ABI info
[3.936s] -- Detecting C compiler ABI info - done
[3.963s] -- Check for working C compiler: /usr/bin/cc - skipped
[3.964s] -- Detecting C compile features
[3.966s] -- Detecting C compile features - done
[3.981s] -- Detecting CXX compiler ABI info
[4.559s] -- Detecting CXX compiler ABI info - done
[4.587s] -- Check for working CXX compiler: /usr/bin/c++ - skipped
[4.589s] -- Detecting CXX compile features
[4.591s] -- Detecting CXX compile features - done
[4.626s] -- Found ament_cmake: 1.3.11 (/opt/ros/humble/share/ament_cmake/cmake)
[6.054s] -- Found Python3: /usr/bin/python3 (found version "3.10.12") found components: Interpreter 
[7.080s] -- Found rosidl_default_generators: 1.2.0 (/opt/ros/humble/share/rosidl_default_generators/cmake)
[7.130s] -- Using all available rosidl_typesupport_c: rosidl_typesupport_fastrtps_c;rosidl_typesupport_introspection_c
[7.244s] -- Found rosidl_adapter: 3.1.6 (/opt/ros/humble/share/rosidl_adapter/cmake)
[7.952s] -- Using all available rosidl_typesupport_cpp: rosidl_typesupport_fastrtps_cpp;rosidl_typesupport_introspection_cpp
[8.381s] -- Found std_msgs: 4.8.0 (/opt/ros/humble/share/std_msgs/cmake)
[9.989s] -- Found ament_cmake_ros: 0.10.0 (/opt/ros/humble/share/ament_cmake_ros/cmake)
[11.085s] -- Using all available rosidl_typesupport_c: rosidl_typesupport_fastrtps_c;rosidl_typesupport_introspection_c
[12.445s] -- Using all available rosidl_typesupport_cpp: rosidl_typesupport_fastrtps_cpp;rosidl_typesupport_introspection_cpp
[12.584s] -- Found PythonInterp: /usr/bin/python3 (found suitable version "3.10.12", minimum required is "3.6") 
[12.611s] -- Found python_cmake_module: 0.10.0 (/opt/ros/humble/share/python_cmake_module/cmake)
[12.772s] -- Found PythonLibs: /usr/lib/aarch64-linux-gnu/libpython3.10.so (found suitable version "3.10.12", minimum required is "3.5") 
[12.773s] -- Using PYTHON_EXECUTABLE: /usr/bin/python3
[12.774s] -- Using PYTHON_INCLUDE_DIRS: /usr/include/python3.10
[12.774s] -- Using PYTHON_LIBRARIES: /usr/lib/aarch64-linux-gnu/libpython3.10.so
[12.907s] -- Found PythonExtra: .so  
[13.167s] -- Configuring done
[13.403s] -- Generating done
[13.459s] -- Build files have been written to: /home/fastbot/ros2_ws/real/build/serial_motor_msgs
[13.491s] Invoked command in '/home/fastbot/ros2_ws/real/build/serial_motor_msgs' returned '0': CMAKE_PREFIX_PATH=${CMAKE_PREFIX_PATH}:/home/fastbot/ros2_ws/install/serial_motor:/home/fastbot/ros2_ws/install/serial_motor_msgs:/home/fastbot/ros2_ws/install/lslidar_msgs:/home/fastbot/ros2_ws/install/fastbot_description:/home/fastbot/ros2_ws/install/fastbot_bringup:/opt/ros/humble /usr/bin/cmake /home/fastbot/ros2_ws/real/src/serial_motor_msgs -DCMAKE_INSTALL_PREFIX=/home/fastbot/ros2_ws/real/install/serial_motor_msgs
[13.495s] Invoking command in '/home/fastbot/ros2_ws/real/build/serial_motor_msgs': CMAKE_PREFIX_PATH=${CMAKE_PREFIX_PATH}:/home/fastbot/ros2_ws/install/serial_motor:/home/fastbot/ros2_ws/install/serial_motor_msgs:/home/fastbot/ros2_ws/install/lslidar_msgs:/home/fastbot/ros2_ws/install/fastbot_description:/home/fastbot/ros2_ws/install/fastbot_bringup:/opt/ros/humble /usr/bin/cmake --build /home/fastbot/ros2_ws/real/build/serial_motor_msgs -- -j4 -l4
[13.735s] [  2%] [34m[1mGenerating C++ code for ROS interfaces[0m
[15.697s] [  2%] Built target serial_motor_msgs__cpp
[15.824s] [  2%] Built target ament_cmake_python_copy_serial_motor_msgs
[15.872s] [  4%] [34m[1mGenerating C++ type support for eProsima Fast-RTPS[0m
[17.357s] [  6%] [32mBuilding CXX object CMakeFiles/serial_motor_msgs__rosidl_typesupport_fastrtps_cpp.dir/rosidl_typesupport_fastrtps_cpp/serial_motor_msgs/msg/detail/dds_fastrtps/encoder_vals__type_support.cpp.o[0m
[20.084s] [  8%] [32mBuilding CXX object CMakeFiles/serial_motor_msgs__rosidl_typesupport_fastrtps_cpp.dir/rosidl_typesupport_fastrtps_cpp/serial_motor_msgs/msg/detail/dds_fastrtps/motor_commands__type_support.cpp.o[0m
[22.055s] [ 10%] [32mBuilding CXX object CMakeFiles/serial_motor_msgs__rosidl_typesupport_fastrtps_cpp.dir/rosidl_typesupport_fastrtps_cpp/serial_motor_msgs/msg/detail/dds_fastrtps/motor_vels__type_support.cpp.o[0m
[24.123s] [ 12%] [32m[1mLinking CXX shared library libserial_motor_msgs__rosidl_typesupport_fastrtps_cpp.so[0m
[24.538s] [ 12%] Built target serial_motor_msgs__rosidl_typesupport_fastrtps_cpp
[24.592s] [ 14%] [34m[1mGenerating C++ introspection for ROS interfaces[0m
[26.039s] [ 17%] [32mBuilding CXX object CMakeFiles/serial_motor_msgs__rosidl_typesupport_introspection_cpp.dir/rosidl_typesupport_introspection_cpp/serial_motor_msgs/msg/detail/encoder_vals__type_support.cpp.o[0m
[27.974s] [ 19%] [32mBuilding CXX object CMakeFiles/serial_motor_msgs__rosidl_typesupport_introspection_cpp.dir/rosidl_typesupport_introspection_cpp/serial_motor_msgs/msg/detail/motor_commands__type_support.cpp.o[0m
[29.906s] [ 21%] [32mBuilding CXX object CMakeFiles/serial_motor_msgs__rosidl_typesupport_introspection_cpp.dir/rosidl_typesupport_introspection_cpp/serial_motor_msgs/msg/detail/motor_vels__type_support.cpp.o[0m
[31.845s] [ 23%] [32m[1mLinking CXX shared library libserial_motor_msgs__rosidl_typesupport_introspection_cpp.so[0m
[32.044s] [ 23%] Built target serial_motor_msgs__rosidl_typesupport_introspection_cpp
[33.415s] running egg_info
[33.419s] creating serial_motor_msgs.egg-info
[33.420s] writing serial_motor_msgs.egg-info/PKG-INFO
[33.421s] writing dependency_links to serial_motor_msgs.egg-info/dependency_links.txt
[33.422s] writing top-level names to serial_motor_msgs.egg-info/top_level.txt
[33.423s] writing manifest file 'serial_motor_msgs.egg-info/SOURCES.txt'
[33.434s] reading manifest file 'serial_motor_msgs.egg-info/SOURCES.txt'
[33.437s] writing manifest file 'serial_motor_msgs.egg-info/SOURCES.txt'
[33.625s] [ 23%] Built target ament_cmake_python_build_serial_motor_msgs_egg
[33.672s] [ 25%] [34m[1mGenerating C++ type support dispatch for ROS interfaces[0m
[34.926s] [ 27%] [32mBuilding CXX object CMakeFiles/serial_motor_msgs__rosidl_typesupport_cpp.dir/rosidl_typesupport_cpp/serial_motor_msgs/msg/encoder_vals__type_support.cpp.o[0m
[36.277s] [ 29%] [32mBuilding CXX object CMakeFiles/serial_motor_msgs__rosidl_typesupport_cpp.dir/rosidl_typesupport_cpp/serial_motor_msgs/msg/motor_vels__type_support.cpp.o[0m
[37.638s] [ 31%] [32mBuilding CXX object CMakeFiles/serial_motor_msgs__rosidl_typesupport_cpp.dir/rosidl_typesupport_cpp/serial_motor_msgs/msg/motor_commands__type_support.cpp.o[0m
[38.942s] [ 34%] [32m[1mLinking CXX shared library libserial_motor_msgs__rosidl_typesupport_cpp.so[0m
[39.136s] [ 34%] Built target serial_motor_msgs__rosidl_typesupport_cpp
[39.184s] [ 36%] [34m[1mGenerating C code for ROS interfaces[0m
[41.259s] [ 38%] [32mBuilding C object CMakeFiles/serial_motor_msgs__rosidl_generator_c.dir/rosidl_generator_c/serial_motor_msgs/msg/detail/encoder_vals__functions.c.o[0m
[41.607s] [ 40%] [32mBuilding C object CMakeFiles/serial_motor_msgs__rosidl_generator_c.dir/rosidl_generator_c/serial_motor_msgs/msg/detail/motor_vels__functions.c.o[0m
[41.852s] [ 42%] [32mBuilding C object CMakeFiles/serial_motor_msgs__rosidl_generator_c.dir/rosidl_generator_c/serial_motor_msgs/msg/detail/motor_commands__functions.c.o[0m
[42.084s] [ 44%] [32m[1mLinking C shared library libserial_motor_msgs__rosidl_generator_c.so[0m
[42.260s] [ 44%] Built target serial_motor_msgs__rosidl_generator_c
[42.304s] [ 46%] [34m[1mGenerating C type support for eProsima Fast-RTPS[0m
[43.911s] [ 48%] [32mBuilding CXX object CMakeFiles/serial_motor_msgs__rosidl_typesupport_fastrtps_c.dir/rosidl_typesupport_fastrtps_c/serial_motor_msgs/msg/detail/encoder_vals__type_support_c.cpp.o[0m
[45.749s] [ 51%] [32mBuilding CXX object CMakeFiles/serial_motor_msgs__rosidl_typesupport_fastrtps_c.dir/rosidl_typesupport_fastrtps_c/serial_motor_msgs/msg/detail/motor_commands__type_support_c.cpp.o[0m
[47.508s] [ 53%] [32mBuilding CXX object CMakeFiles/serial_motor_msgs__rosidl_typesupport_fastrtps_c.dir/rosidl_typesupport_fastrtps_c/serial_motor_msgs/msg/detail/motor_vels__type_support_c.cpp.o[0m
[49.173s] [ 55%] [32m[1mLinking CXX shared library libserial_motor_msgs__rosidl_typesupport_fastrtps_c.so[0m
[49.555s] [ 55%] Built target serial_motor_msgs__rosidl_typesupport_fastrtps_c
[49.604s] [ 57%] [34m[1mGenerating C type support dispatch for ROS interfaces[0m
[50.811s] [ 59%] [32mBuilding CXX object CMakeFiles/serial_motor_msgs__rosidl_typesupport_c.dir/rosidl_typesupport_c/serial_motor_msgs/msg/encoder_vals__type_support.cpp.o[0m
[50.974s] [ 61%] [32mBuilding CXX object CMakeFiles/serial_motor_msgs__rosidl_typesupport_c.dir/rosidl_typesupport_c/serial_motor_msgs/msg/motor_vels__type_support.cpp.o[0m
[51.124s] [ 63%] [32mBuilding CXX object CMakeFiles/serial_motor_msgs__rosidl_typesupport_c.dir/rosidl_typesupport_c/serial_motor_msgs/msg/motor_commands__type_support.cpp.o[0m
[51.272s] [ 65%] [32m[1mLinking CXX shared library libserial_motor_msgs__rosidl_typesupport_c.so[0m
[51.458s] [ 65%] Built target serial_motor_msgs__rosidl_typesupport_c
[51.506s] [ 68%] [34m[1mGenerating C introspection for ROS interfaces[0m
[52.990s] [ 70%] [32mBuilding C object CMakeFiles/serial_motor_msgs__rosidl_typesupport_introspection_c.dir/rosidl_typesupport_introspection_c/serial_motor_msgs/msg/detail/encoder_vals__type_support.c.o[0m
[53.180s] [ 72%] [32mBuilding C object CMakeFiles/serial_motor_msgs__rosidl_typesupport_introspection_c.dir/rosidl_typesupport_introspection_c/serial_motor_msgs/msg/detail/motor_vels__type_support.c.o[0m
[53.360s] [ 74%] [32mBuilding C object CMakeFiles/serial_motor_msgs__rosidl_typesupport_introspection_c.dir/rosidl_typesupport_introspection_c/serial_motor_msgs/msg/detail/motor_commands__type_support.c.o[0m
[53.545s] [ 76%] [32m[1mLinking C shared library libserial_motor_msgs__rosidl_typesupport_introspection_c.so[0m
[53.690s] [ 76%] Built target serial_motor_msgs__rosidl_typesupport_introspection_c
[53.784s] [ 76%] Built target serial_motor_msgs
[53.877s] [ 78%] [34m[1mGenerating Python code for ROS interfaces[0m
[56.147s] [ 78%] Built target serial_motor_msgs__py
[56.239s] [ 80%] [32mBuilding C object CMakeFiles/serial_motor_msgs__rosidl_generator_py.dir/rosidl_generator_py/serial_motor_msgs/msg/_encoder_vals_s.c.o[0m
[56.863s] [ 82%] [32mBuilding C object CMakeFiles/serial_motor_msgs__rosidl_generator_py.dir/rosidl_generator_py/serial_motor_msgs/msg/_motor_vels_s.c.o[0m
[57.346s] [ 85%] [32mBuilding C object CMakeFiles/serial_motor_msgs__rosidl_generator_py.dir/rosidl_generator_py/serial_motor_msgs/msg/_motor_commands_s.c.o[0m
[57.857s] [ 87%] [32m[1mLinking C shared library rosidl_generator_py/serial_motor_msgs/libserial_motor_msgs__rosidl_generator_py.so[0m
[58.064s] [ 87%] Built target serial_motor_msgs__rosidl_generator_py
[58.160s] [ 89%] [32mBuilding C object CMakeFiles/serial_motor_msgs__rosidl_typesupport_fastrtps_c__pyext.dir/rosidl_generator_py/serial_motor_msgs/_serial_motor_msgs_s.ep.rosidl_typesupport_fastrtps_c.c.o[0m
[58.698s] [ 91%] [32m[1mLinking C shared library rosidl_generator_py/serial_motor_msgs/serial_motor_msgs_s__rosidl_typesupport_fastrtps_c.cpython-310-aarch64-linux-gnu.so[0m
[58.868s] [ 91%] Built target serial_motor_msgs__rosidl_typesupport_fastrtps_c__pyext
[58.968s] [ 93%] [32mBuilding C object CMakeFiles/serial_motor_msgs__rosidl_typesupport_c__pyext.dir/rosidl_generator_py/serial_motor_msgs/_serial_motor_msgs_s.ep.rosidl_typesupport_c.c.o[0m
[59.461s] [ 95%] [32m[1mLinking C shared library rosidl_generator_py/serial_motor_msgs/serial_motor_msgs_s__rosidl_typesupport_c.cpython-310-aarch64-linux-gnu.so[0m
[59.625s] [ 95%] Built target serial_motor_msgs__rosidl_typesupport_c__pyext
[59.722s] [ 97%] [32mBuilding C object CMakeFiles/serial_motor_msgs__rosidl_typesupport_introspection_c__pyext.dir/rosidl_generator_py/serial_motor_msgs/_serial_motor_msgs_s.ep.rosidl_typesupport_introspection_c.c.o[0m
[60.254s] [100%] [32m[1mLinking C shared library rosidl_generator_py/serial_motor_msgs/serial_motor_msgs_s__rosidl_typesupport_introspection_c.cpython-310-aarch64-linux-gnu.so[0m
[60.435s] [100%] Built target serial_motor_msgs__rosidl_typesupport_introspection_c__pyext
[60.486s] Invoked command in '/home/fastbot/ros2_ws/real/build/serial_motor_msgs' returned '0': CMAKE_PREFIX_PATH=${CMAKE_PREFIX_PATH}:/home/fastbot/ros2_ws/install/serial_motor:/home/fastbot/ros2_ws/install/serial_motor_msgs:/home/fastbot/ros2_ws/install/lslidar_msgs:/home/fastbot/ros2_ws/install/fastbot_description:/home/fastbot/ros2_ws/install/fastbot_bringup:/opt/ros/humble /usr/bin/cmake --build /home/fastbot/ros2_ws/real/build/serial_motor_msgs -- -j4 -l4
[60.495s] Invoking command in '/home/fastbot/ros2_ws/real/build/serial_motor_msgs': CMAKE_PREFIX_PATH=${CMAKE_PREFIX_PATH}:/home/fastbot/ros2_ws/install/serial_motor:/home/fastbot/ros2_ws/install/serial_motor_msgs:/home/fastbot/ros2_ws/install/lslidar_msgs:/home/fastbot/ros2_ws/install/fastbot_description:/home/fastbot/ros2_ws/install/fastbot_bringup:/opt/ros/humble /usr/bin/cmake --install /home/fastbot/ros2_ws/real/build/serial_motor_msgs
[60.529s] -- Install configuration: ""
[60.531s] -- Installing: /home/fastbot/ros2_ws/real/install/serial_motor_msgs/share/ament_index/resource_index/rosidl_interfaces/serial_motor_msgs
[60.532s] -- Installing: /home/fastbot/ros2_ws/real/install/serial_motor_msgs/include/serial_motor_msgs/serial_motor_msgs
[60.533s] -- Installing: /home/fastbot/ros2_ws/real/install/serial_motor_msgs/include/serial_motor_msgs/serial_motor_msgs/msg
[60.534s] -- Installing: /home/fastbot/ros2_ws/real/install/serial_motor_msgs/include/serial_motor_msgs/serial_motor_msgs/msg/encoder_vals.h
[60.535s] -- Installing: /home/fastbot/ros2_ws/real/install/serial_motor_msgs/include/serial_motor_msgs/serial_motor_msgs/msg/motor_commands.h
[60.541s] -- Installing: /home/fastbot/ros2_ws/real/install/serial_motor_msgs/include/serial_motor_msgs/serial_motor_msgs/msg/motor_vels.h
[60.542s] -- Installing: /home/fastbot/ros2_ws/real/install/serial_motor_msgs/include/serial_motor_msgs/serial_motor_msgs/msg/rosidl_generator_c__visibility_control.h
[60.543s] -- Installing: /home/fastbot/ros2_ws/real/install/serial_motor_msgs/include/serial_motor_msgs/serial_motor_msgs/msg/detail
[60.543s] -- Installing: /home/fastbot/ros2_ws/real/install/serial_motor_msgs/include/serial_motor_msgs/serial_motor_msgs/msg/detail/motor_vels__functions.h
[60.544s] -- Installing: /home/fastbot/ros2_ws/real/install/serial_motor_msgs/include/serial_motor_msgs/serial_motor_msgs/msg/detail/motor_commands__functions.c
[60.544s] -- Installing: /home/fastbot/ros2_ws/real/install/serial_motor_msgs/include/serial_motor_msgs/serial_motor_msgs/msg/detail/motor_vels__functions.c
[60.546s] -- Installing: /home/fastbot/ros2_ws/real/install/serial_motor_msgs/include/serial_motor_msgs/serial_motor_msgs/msg/detail/encoder_vals__struct.h
[60.547s] -- Installing: /home/fastbot/ros2_ws/real/install/serial_motor_msgs/include/serial_motor_msgs/serial_motor_msgs/msg/detail/encoder_vals__functions.c
[60.549s] -- Installing: /home/fastbot/ros2_ws/real/install/serial_motor_msgs/include/serial_motor_msgs/serial_motor_msgs/msg/detail/motor_vels__struct.h
[60.550s] -- Installing: /home/fastbot/ros2_ws/real/install/serial_motor_msgs/include/serial_motor_msgs/serial_motor_msgs/msg/detail/motor_commands__type_support.h
[60.552s] -- Installing: /home/fastbot/ros2_ws/real/install/serial_motor_msgs/include/serial_motor_msgs/serial_motor_msgs/msg/detail/encoder_vals__functions.h
[60.553s] -- Installing: /home/fastbot/ros2_ws/real/install/serial_motor_msgs/include/serial_motor_msgs/serial_motor_msgs/msg/detail/motor_commands__functions.h
[60.555s] -- Installing: /home/fastbot/ros2_ws/real/install/serial_motor_msgs/include/serial_motor_msgs/serial_motor_msgs/msg/detail/motor_commands__struct.h
[60.556s] -- Installing: /home/fastbot/ros2_ws/real/install/serial_motor_msgs/include/serial_motor_msgs/serial_motor_msgs/msg/detail/encoder_vals__type_support.h
[60.558s] -- Installing: /home/fastbot/ros2_ws/real/install/serial_motor_msgs/include/serial_motor_msgs/serial_motor_msgs/msg/detail/motor_vels__type_support.h
[60.560s] -- Installing: /home/fastbot/ros2_ws/real/install/serial_motor_msgs/share/serial_motor_msgs/environment/library_path.sh
[60.561s] -- Installing: /home/fastbot/ros2_ws/real/install/serial_motor_msgs/share/serial_motor_msgs/environment/library_path.dsv
[60.563s] -- Installing: /home/fastbot/ros2_ws/real/install/serial_motor_msgs/lib/libserial_motor_msgs__rosidl_generator_c.so
[60.566s] -- Set runtime path of "/home/fastbot/ros2_ws/real/install/serial_motor_msgs/lib/libserial_motor_msgs__rosidl_generator_c.so" to ""
[60.567s] -- Up-to-date: /home/fastbot/ros2_ws/real/install/serial_motor_msgs/include/serial_motor_msgs/serial_motor_msgs
[60.568s] -- Up-to-date: /home/fastbot/ros2_ws/real/install/serial_motor_msgs/include/serial_motor_msgs/serial_motor_msgs/msg
[60.568s] -- Installing: /home/fastbot/ros2_ws/real/install/serial_motor_msgs/include/serial_motor_msgs/serial_motor_msgs/msg/rosidl_typesupport_fastrtps_c__visibility_control.h
[60.573s] -- Up-to-date: /home/fastbot/ros2_ws/real/install/serial_motor_msgs/include/serial_motor_msgs/serial_motor_msgs/msg/detail
[60.574s] -- Installing: /home/fastbot/ros2_ws/real/install/serial_motor_msgs/include/serial_motor_msgs/serial_motor_msgs/msg/detail/encoder_vals__rosidl_typesupport_fastrtps_c.h
[60.575s] -- Installing: /home/fastbot/ros2_ws/real/install/serial_motor_msgs/include/serial_motor_msgs/serial_motor_msgs/msg/detail/motor_vels__rosidl_typesupport_fastrtps_c.h
[60.576s] -- Installing: /home/fastbot/ros2_ws/real/install/serial_motor_msgs/include/serial_motor_msgs/serial_motor_msgs/msg/detail/motor_commands__rosidl_typesupport_fastrtps_c.h
[60.578s] -- Installing: /home/fastbot/ros2_ws/real/install/serial_motor_msgs/lib/libserial_motor_msgs__rosidl_typesupport_fastrtps_c.so
[60.581s] -- Set runtime path of "/home/fastbot/ros2_ws/real/install/serial_motor_msgs/lib/libserial_motor_msgs__rosidl_typesupport_fastrtps_c.so" to ""
[60.582s] -- Up-to-date: /home/fastbot/ros2_ws/real/install/serial_motor_msgs/include/serial_motor_msgs/serial_motor_msgs
[60.583s] -- Up-to-date: /home/fastbot/ros2_ws/real/install/serial_motor_msgs/include/serial_motor_msgs/serial_motor_msgs/msg
[60.583s] -- Up-to-date: /home/fastbot/ros2_ws/real/install/serial_motor_msgs/include/serial_motor_msgs/serial_motor_msgs/msg/detail
[60.584s] -- Installing: /home/fastbot/ros2_ws/real/install/serial_motor_msgs/include/serial_motor_msgs/serial_motor_msgs/msg/detail/motor_vels__type_support.c
[60.585s] -- Installing: /home/fastbot/ros2_ws/real/install/serial_motor_msgs/include/serial_motor_msgs/serial_motor_msgs/msg/detail/encoder_vals__rosidl_typesupport_introspection_c.h
[60.587s] -- Installing: /home/fastbot/ros2_ws/real/install/serial_motor_msgs/include/serial_motor_msgs/serial_motor_msgs/msg/detail/motor_commands__type_support.c
[60.588s] -- Installing: /home/fastbot/ros2_ws/real/install/serial_motor_msgs/include/serial_motor_msgs/serial_motor_msgs/msg/detail/encoder_vals__type_support.c
[60.590s] -- Installing: /home/fastbot/ros2_ws/real/install/serial_motor_msgs/include/serial_motor_msgs/serial_motor_msgs/msg/detail/motor_commands__rosidl_typesupport_introspection_c.h
[60.592s] -- Installing: /home/fastbot/ros2_ws/real/install/serial_motor_msgs/include/serial_motor_msgs/serial_motor_msgs/msg/detail/motor_vels__rosidl_typesupport_introspection_c.h
[60.593s] -- Installing: /home/fastbot/ros2_ws/real/install/serial_motor_msgs/include/serial_motor_msgs/serial_motor_msgs/msg/rosidl_typesupport_introspection_c__visibility_control.h
[60.595s] -- Installing: /home/fastbot/ros2_ws/real/install/serial_motor_msgs/lib/libserial_motor_msgs__rosidl_typesupport_introspection_c.so
[60.598s] -- Set runtime path of "/home/fastbot/ros2_ws/real/install/serial_motor_msgs/lib/libserial_motor_msgs__rosidl_typesupport_introspection_c.so" to ""
[60.599s] -- Installing: /home/fastbot/ros2_ws/real/install/serial_motor_msgs/lib/libserial_motor_msgs__rosidl_typesupport_c.so
[60.602s] -- Set runtime path of "/home/fastbot/ros2_ws/real/install/serial_motor_msgs/lib/libserial_motor_msgs__rosidl_typesupport_c.so" to ""
[60.602s] -- Up-to-date: /home/fastbot/ros2_ws/real/install/serial_motor_msgs/include/serial_motor_msgs/serial_motor_msgs
[60.603s] -- Up-to-date: /home/fastbot/ros2_ws/real/install/serial_motor_msgs/include/serial_motor_msgs/serial_motor_msgs/msg
[60.606s] -- Installing: /home/fastbot/ros2_ws/real/install/serial_motor_msgs/include/serial_motor_msgs/serial_motor_msgs/msg/motor_commands.hpp
[60.607s] -- Installing: /home/fastbot/ros2_ws/real/install/serial_motor_msgs/include/serial_motor_msgs/serial_motor_msgs/msg/encoder_vals.hpp
[60.608s] -- Installing: /home/fastbot/ros2_ws/real/install/serial_motor_msgs/include/serial_motor_msgs/serial_motor_msgs/msg/motor_vels.hpp
[60.609s] -- Up-to-date: /home/fastbot/ros2_ws/real/install/serial_motor_msgs/include/serial_motor_msgs/serial_motor_msgs/msg/detail
[60.610s] -- Installing: /home/fastbot/ros2_ws/real/install/serial_motor_msgs/include/serial_motor_msgs/serial_motor_msgs/msg/detail/motor_vels__type_support.hpp
[60.611s] -- Installing: /home/fastbot/ros2_ws/real/install/serial_motor_msgs/include/serial_motor_msgs/serial_motor_msgs/msg/detail/motor_commands__traits.hpp
[60.613s] -- Installing: /home/fastbot/ros2_ws/real/install/serial_motor_msgs/include/serial_motor_msgs/serial_motor_msgs/msg/detail/motor_commands__struct.hpp
[60.615s] -- Installing: /home/fastbot/ros2_ws/real/install/serial_motor_msgs/include/serial_motor_msgs/serial_motor_msgs/msg/detail/motor_vels__traits.hpp
[60.617s] -- Installing: /home/fastbot/ros2_ws/real/install/serial_motor_msgs/include/serial_motor_msgs/serial_motor_msgs/msg/detail/encoder_vals__struct.hpp
[60.618s] -- Installing: /home/fastbot/ros2_ws/real/install/serial_motor_msgs/include/serial_motor_msgs/serial_motor_msgs/msg/detail/encoder_vals__traits.hpp
[60.620s] -- Installing: /home/fastbot/ros2_ws/real/install/serial_motor_msgs/include/serial_motor_msgs/serial_motor_msgs/msg/detail/motor_commands__type_support.hpp
[60.621s] -- Installing: /home/fastbot/ros2_ws/real/install/serial_motor_msgs/include/serial_motor_msgs/serial_motor_msgs/msg/detail/motor_commands__builder.hpp
[60.623s] -- Installing: /home/fastbot/ros2_ws/real/install/serial_motor_msgs/include/serial_motor_msgs/serial_motor_msgs/msg/detail/encoder_vals__builder.hpp
[60.624s] -- Installing: /home/fastbot/ros2_ws/real/install/serial_motor_msgs/include/serial_motor_msgs/serial_motor_msgs/msg/detail/motor_vels__struct.hpp
[60.626s] -- Installing: /home/fastbot/ros2_ws/real/install/serial_motor_msgs/include/serial_motor_msgs/serial_motor_msgs/msg/detail/motor_vels__builder.hpp
[60.627s] -- Installing: /home/fastbot/ros2_ws/real/install/serial_motor_msgs/include/serial_motor_msgs/serial_motor_msgs/msg/detail/encoder_vals__type_support.hpp
[60.628s] -- Installing: /home/fastbot/ros2_ws/real/install/serial_motor_msgs/include/serial_motor_msgs/serial_motor_msgs/msg/rosidl_generator_cpp__visibility_control.hpp
[60.630s] -- Up-to-date: /home/fastbot/ros2_ws/real/install/serial_motor_msgs/include/serial_motor_msgs/serial_motor_msgs
[60.630s] -- Up-to-date: /home/fastbot/ros2_ws/real/install/serial_motor_msgs/include/serial_motor_msgs/serial_motor_msgs/msg
[60.631s] -- Installing: /home/fastbot/ros2_ws/real/install/serial_motor_msgs/include/serial_motor_msgs/serial_motor_msgs/msg/rosidl_typesupport_fastrtps_cpp__visibility_control.h
[60.633s] -- Up-to-date: /home/fastbot/ros2_ws/real/install/serial_motor_msgs/include/serial_motor_msgs/serial_motor_msgs/msg/detail
[60.634s] -- Installing: /home/fastbot/ros2_ws/real/install/serial_motor_msgs/include/serial_motor_msgs/serial_motor_msgs/msg/detail/dds_fastrtps
[60.635s] -- Installing: /home/fastbot/ros2_ws/real/install/serial_motor_msgs/include/serial_motor_msgs/serial_motor_msgs/msg/detail/encoder_vals__rosidl_typesupport_fastrtps_cpp.hpp
[60.637s] -- Installing: /home/fastbot/ros2_ws/real/install/serial_motor_msgs/include/serial_motor_msgs/serial_motor_msgs/msg/detail/motor_commands__rosidl_typesupport_fastrtps_cpp.hpp
[60.644s] -- Installing: /home/fastbot/ros2_ws/real/install/serial_motor_msgs/include/serial_motor_msgs/serial_motor_msgs/msg/detail/motor_vels__rosidl_typesupport_fastrtps_cpp.hpp
[60.644s] -- Installing: /home/fastbot/ros2_ws/real/install/serial_motor_msgs/lib/libserial_motor_msgs__rosidl_typesupport_fastrtps_cpp.so
[60.645s] -- Set runtime path of "/home/fastbot/ros2_ws/real/install/serial_motor_msgs/lib/libserial_motor_msgs__rosidl_typesupport_fastrtps_cpp.so" to ""
[60.645s] -- Up-to-date: /home/fastbot/ros2_ws/real/install/serial_motor_msgs/include/serial_motor_msgs/serial_motor_msgs
[60.646s] -- Up-to-date: /home/fastbot/ros2_ws/real/install/serial_motor_msgs/include/serial_motor_msgs/serial_motor_msgs/msg
[60.647s] -- Up-to-date: /home/fastbot/ros2_ws/real/install/serial_motor_msgs/include/serial_motor_msgs/serial_motor_msgs/msg/detail
[60.647s] -- Installing: /home/fastbot/ros2_ws/real/install/serial_motor_msgs/include/serial_motor_msgs/serial_motor_msgs/msg/detail/encoder_vals__type_support.cpp
[60.647s] -- Installing: /home/fastbot/ros2_ws/real/install/serial_motor_msgs/include/serial_motor_msgs/serial_motor_msgs/msg/detail/motor_commands__type_support.cpp
[60.649s] -- Installing: /home/fastbot/ros2_ws/real/install/serial_motor_msgs/include/serial_motor_msgs/serial_motor_msgs/msg/detail/motor_vels__type_support.cpp
[60.650s] -- Installing: /home/fastbot/ros2_ws/real/install/serial_motor_msgs/include/serial_motor_msgs/serial_motor_msgs/msg/detail/encoder_vals__rosidl_typesupport_introspection_cpp.hpp
[60.652s] -- Installing: /home/fastbot/ros2_ws/real/install/serial_motor_msgs/include/serial_motor_msgs/serial_motor_msgs/msg/detail/motor_vels__rosidl_typesupport_introspection_cpp.hpp
[60.654s] -- Installing: /home/fastbot/ros2_ws/real/install/serial_motor_msgs/include/serial_motor_msgs/serial_motor_msgs/msg/detail/motor_commands__rosidl_typesupport_introspection_cpp.hpp
[60.656s] -- Installing: /home/fastbot/ros2_ws/real/install/serial_motor_msgs/lib/libserial_motor_msgs__rosidl_typesupport_introspection_cpp.so
[60.658s] -- Set runtime path of "/home/fastbot/ros2_ws/real/install/serial_motor_msgs/lib/libserial_motor_msgs__rosidl_typesupport_introspection_cpp.so" to ""
[60.659s] -- Installing: /home/fastbot/ros2_ws/real/install/serial_motor_msgs/lib/libserial_motor_msgs__rosidl_typesupport_cpp.so
[60.662s] -- Set runtime path of "/home/fastbot/ros2_ws/real/install/serial_motor_msgs/lib/libserial_motor_msgs__rosidl_typesupport_cpp.so" to ""
[60.662s] -- Installing: /home/fastbot/ros2_ws/real/install/serial_motor_msgs/share/serial_motor_msgs/environment/pythonpath.sh
[60.664s] -- Installing: /home/fastbot/ros2_ws/real/install/serial_motor_msgs/share/serial_motor_msgs/environment/pythonpath.dsv
[60.665s] -- Installing: /home/fastbot/ros2_ws/real/install/serial_motor_msgs/local/lib/python3.10/dist-packages/serial_motor_msgs-0.0.0-py3.10.egg-info
[60.667s] -- Installing: /home/fastbot/ros2_ws/real/install/serial_motor_msgs/local/lib/python3.10/dist-packages/serial_motor_msgs-0.0.0-py3.10.egg-info/PKG-INFO
[60.668s] -- Installing: /home/fastbot/ros2_ws/real/install/serial_motor_msgs/local/lib/python3.10/dist-packages/serial_motor_msgs-0.0.0-py3.10.egg-info/top_level.txt
[60.669s] -- Installing: /home/fastbot/ros2_ws/real/install/serial_motor_msgs/local/lib/python3.10/dist-packages/serial_motor_msgs-0.0.0-py3.10.egg-info/SOURCES.txt
[60.676s] -- Installing: /home/fastbot/ros2_ws/real/install/serial_motor_msgs/local/lib/python3.10/dist-packages/serial_motor_msgs-0.0.0-py3.10.egg-info/dependency_links.txt
[60.676s] -- Installing: /home/fastbot/ros2_ws/real/install/serial_motor_msgs/local/lib/python3.10/dist-packages/serial_motor_msgs
[60.677s] -- Installing: /home/fastbot/ros2_ws/real/install/serial_motor_msgs/local/lib/python3.10/dist-packages/serial_motor_msgs/__init__.py
[60.677s] -- Installing: /home/fastbot/ros2_ws/real/install/serial_motor_msgs/local/lib/python3.10/dist-packages/serial_motor_msgs/_serial_motor_msgs_s.ep.rosidl_typesupport_fastrtps_c.c
[60.678s] -- Installing: /home/fastbot/ros2_ws/real/install/serial_motor_msgs/local/lib/python3.10/dist-packages/serial_motor_msgs/serial_motor_msgs_s__rosidl_typesupport_c.cpython-310-aarch64-linux-gnu.so
[60.678s] -- Installing: /home/fastbot/ros2_ws/real/install/serial_motor_msgs/local/lib/python3.10/dist-packages/serial_motor_msgs/serial_motor_msgs_s__rosidl_typesupport_fastrtps_c.cpython-310-aarch64-linux-gnu.so
[60.680s] -- Installing: /home/fastbot/ros2_ws/real/install/serial_motor_msgs/local/lib/python3.10/dist-packages/serial_motor_msgs/serial_motor_msgs_s__rosidl_typesupport_introspection_c.cpython-310-aarch64-linux-gnu.so
[60.682s] -- Installing: /home/fastbot/ros2_ws/real/install/serial_motor_msgs/local/lib/python3.10/dist-packages/serial_motor_msgs/msg
[60.683s] -- Installing: /home/fastbot/ros2_ws/real/install/serial_motor_msgs/local/lib/python3.10/dist-packages/serial_motor_msgs/msg/_encoder_vals_s.c
[60.685s] -- Installing: /home/fastbot/ros2_ws/real/install/serial_motor_msgs/local/lib/python3.10/dist-packages/serial_motor_msgs/msg/__init__.py
[60.686s] -- Installing: /home/fastbot/ros2_ws/real/install/serial_motor_msgs/local/lib/python3.10/dist-packages/serial_motor_msgs/msg/_motor_commands_s.c
[60.688s] -- Installing: /home/fastbot/ros2_ws/real/install/serial_motor_msgs/local/lib/python3.10/dist-packages/serial_motor_msgs/msg/_motor_vels.py
[60.689s] -- Installing: /home/fastbot/ros2_ws/real/install/serial_motor_msgs/local/lib/python3.10/dist-packages/serial_motor_msgs/msg/_motor_commands.py
[60.691s] -- Installing: /home/fastbot/ros2_ws/real/install/serial_motor_msgs/local/lib/python3.10/dist-packages/serial_motor_msgs/msg/_encoder_vals.py
[60.693s] -- Installing: /home/fastbot/ros2_ws/real/install/serial_motor_msgs/local/lib/python3.10/dist-packages/serial_motor_msgs/msg/_motor_vels_s.c
[60.694s] -- Installing: /home/fastbot/ros2_ws/real/install/serial_motor_msgs/local/lib/python3.10/dist-packages/serial_motor_msgs/_serial_motor_msgs_s.ep.rosidl_typesupport_introspection_c.c
[60.696s] -- Installing: /home/fastbot/ros2_ws/real/install/serial_motor_msgs/local/lib/python3.10/dist-packages/serial_motor_msgs/_serial_motor_msgs_s.ep.rosidl_typesupport_c.c
[60.697s] -- Installing: /home/fastbot/ros2_ws/real/install/serial_motor_msgs/local/lib/python3.10/dist-packages/serial_motor_msgs/libserial_motor_msgs__rosidl_generator_py.so
[60.896s] Listing '/home/fastbot/ros2_ws/real/install/serial_motor_msgs/local/lib/python3.10/dist-packages/serial_motor_msgs'...
[60.898s] Compiling '/home/fastbot/ros2_ws/real/install/serial_motor_msgs/local/lib/python3.10/dist-packages/serial_motor_msgs/__init__.py'...
[60.899s] Listing '/home/fastbot/ros2_ws/real/install/serial_motor_msgs/local/lib/python3.10/dist-packages/serial_motor_msgs/msg'...
[60.900s] Compiling '/home/fastbot/ros2_ws/real/install/serial_motor_msgs/local/lib/python3.10/dist-packages/serial_motor_msgs/msg/__init__.py'...
[60.902s] Compiling '/home/fastbot/ros2_ws/real/install/serial_motor_msgs/local/lib/python3.10/dist-packages/serial_motor_msgs/msg/_encoder_vals.py'...
[60.903s] Compiling '/home/fastbot/ros2_ws/real/install/serial_motor_msgs/local/lib/python3.10/dist-packages/serial_motor_msgs/msg/_motor_commands.py'...
[60.909s] Compiling '/home/fastbot/ros2_ws/real/install/serial_motor_msgs/local/lib/python3.10/dist-packages/serial_motor_msgs/msg/_motor_vels.py'...
[60.931s] -- Installing: /home/fastbot/ros2_ws/real/install/serial_motor_msgs/local/lib/python3.10/dist-packages/serial_motor_msgs/serial_motor_msgs_s__rosidl_typesupport_fastrtps_c.cpython-310-aarch64-linux-gnu.so
[60.934s] -- Set runtime path of "/home/fastbot/ros2_ws/real/install/serial_motor_msgs/local/lib/python3.10/dist-packages/serial_motor_msgs/serial_motor_msgs_s__rosidl_typesupport_fastrtps_c.cpython-310-aarch64-linux-gnu.so" to ""
[60.936s] -- Installing: /home/fastbot/ros2_ws/real/install/serial_motor_msgs/local/lib/python3.10/dist-packages/serial_motor_msgs/serial_motor_msgs_s__rosidl_typesupport_introspection_c.cpython-310-aarch64-linux-gnu.so
[60.941s] -- Set runtime path of "/home/fastbot/ros2_ws/real/install/serial_motor_msgs/local/lib/python3.10/dist-packages/serial_motor_msgs/serial_motor_msgs_s__rosidl_typesupport_introspection_c.cpython-310-aarch64-linux-gnu.so" to ""
[60.943s] -- Installing: /home/fastbot/ros2_ws/real/install/serial_motor_msgs/local/lib/python3.10/dist-packages/serial_motor_msgs/serial_motor_msgs_s__rosidl_typesupport_c.cpython-310-aarch64-linux-gnu.so
[60.946s] -- Set runtime path of "/home/fastbot/ros2_ws/real/install/serial_motor_msgs/local/lib/python3.10/dist-packages/serial_motor_msgs/serial_motor_msgs_s__rosidl_typesupport_c.cpython-310-aarch64-linux-gnu.so" to ""
[60.946s] -- Installing: /home/fastbot/ros2_ws/real/install/serial_motor_msgs/lib/libserial_motor_msgs__rosidl_generator_py.so
[60.949s] -- Set runtime path of "/home/fastbot/ros2_ws/real/install/serial_motor_msgs/lib/libserial_motor_msgs__rosidl_generator_py.so" to ""
[60.950s] -- Installing: /home/fastbot/ros2_ws/real/install/serial_motor_msgs/share/serial_motor_msgs/msg/EncoderVals.idl
[60.952s] -- Installing: /home/fastbot/ros2_ws/real/install/serial_motor_msgs/share/serial_motor_msgs/msg/MotorCommands.idl
[60.953s] -- Installing: /home/fastbot/ros2_ws/real/install/serial_motor_msgs/share/serial_motor_msgs/msg/MotorVels.idl
[60.954s] -- Installing: /home/fastbot/ros2_ws/real/install/serial_motor_msgs/share/serial_motor_msgs/msg/EncoderVals.msg
[60.956s] -- Installing: /home/fastbot/ros2_ws/real/install/serial_motor_msgs/share/serial_motor_msgs/msg/MotorCommands.msg
[60.957s] -- Installing: /home/fastbot/ros2_ws/real/install/serial_motor_msgs/share/serial_motor_msgs/msg/MotorVels.msg
[60.959s] -- Installing: /home/fastbot/ros2_ws/real/install/serial_motor_msgs/share/ament_index/resource_index/package_run_dependencies/serial_motor_msgs
[60.960s] -- Installing: /home/fastbot/ros2_ws/real/install/serial_motor_msgs/share/ament_index/resource_index/parent_prefix_path/serial_motor_msgs
[60.962s] -- Installing: /home/fastbot/ros2_ws/real/install/serial_motor_msgs/share/serial_motor_msgs/environment/ament_prefix_path.sh
[60.963s] -- Installing: /home/fastbot/ros2_ws/real/install/serial_motor_msgs/share/serial_motor_msgs/environment/ament_prefix_path.dsv
[60.965s] -- Installing: /home/fastbot/ros2_ws/real/install/serial_motor_msgs/share/serial_motor_msgs/environment/path.sh
[60.966s] -- Installing: /home/fastbot/ros2_ws/real/install/serial_motor_msgs/share/serial_motor_msgs/environment/path.dsv
[60.968s] -- Installing: /home/fastbot/ros2_ws/real/install/serial_motor_msgs/share/serial_motor_msgs/local_setup.bash
[60.969s] -- Installing: /home/fastbot/ros2_ws/real/install/serial_motor_msgs/share/serial_motor_msgs/local_setup.sh
[60.971s] -- Installing: /home/fastbot/ros2_ws/real/install/serial_motor_msgs/share/serial_motor_msgs/local_setup.zsh
[60.976s] -- Installing: /home/fastbot/ros2_ws/real/install/serial_motor_msgs/share/serial_motor_msgs/local_setup.dsv
[60.977s] -- Installing: /home/fastbot/ros2_ws/real/install/serial_motor_msgs/share/serial_motor_msgs/package.dsv
[60.980s] -- Installing: /home/fastbot/ros2_ws/real/install/serial_motor_msgs/share/ament_index/resource_index/packages/serial_motor_msgs
[60.980s] -- Installing: /home/fastbot/ros2_ws/real/install/serial_motor_msgs/share/serial_motor_msgs/cmake/export_serial_motor_msgs__rosidl_generator_cExport.cmake
[60.981s] -- Installing: /home/fastbot/ros2_ws/real/install/serial_motor_msgs/share/serial_motor_msgs/cmake/export_serial_motor_msgs__rosidl_generator_cExport-noconfig.cmake
[60.982s] -- Installing: /home/fastbot/ros2_ws/real/install/serial_motor_msgs/share/serial_motor_msgs/cmake/export_serial_motor_msgs__rosidl_typesupport_fastrtps_cExport.cmake
[60.984s] -- Installing: /home/fastbot/ros2_ws/real/install/serial_motor_msgs/share/serial_motor_msgs/cmake/export_serial_motor_msgs__rosidl_typesupport_fastrtps_cExport-noconfig.cmake
[60.986s] -- Installing: /home/fastbot/ros2_ws/real/install/serial_motor_msgs/share/serial_motor_msgs/cmake/serial_motor_msgs__rosidl_typesupport_introspection_cExport.cmake
[60.987s] -- Installing: /home/fastbot/ros2_ws/real/install/serial_motor_msgs/share/serial_motor_msgs/cmake/serial_motor_msgs__rosidl_typesupport_introspection_cExport-noconfig.cmake
[60.989s] -- Installing: /home/fastbot/ros2_ws/real/install/serial_motor_msgs/share/serial_motor_msgs/cmake/serial_motor_msgs__rosidl_typesupport_cExport.cmake
[60.991s] -- Installing: /home/fastbot/ros2_ws/real/install/serial_motor_msgs/share/serial_motor_msgs/cmake/serial_motor_msgs__rosidl_typesupport_cExport-noconfig.cmake
[60.993s] -- Installing: /home/fastbot/ros2_ws/real/install/serial_motor_msgs/share/serial_motor_msgs/cmake/export_serial_motor_msgs__rosidl_generator_cppExport.cmake
[60.994s] -- Installing: /home/fastbot/ros2_ws/real/install/serial_motor_msgs/share/serial_motor_msgs/cmake/export_serial_motor_msgs__rosidl_typesupport_fastrtps_cppExport.cmake
[60.996s] -- Installing: /home/fastbot/ros2_ws/real/install/serial_motor_msgs/share/serial_motor_msgs/cmake/export_serial_motor_msgs__rosidl_typesupport_fastrtps_cppExport-noconfig.cmake
[60.998s] -- Installing: /home/fastbot/ros2_ws/real/install/serial_motor_msgs/share/serial_motor_msgs/cmake/serial_motor_msgs__rosidl_typesupport_introspection_cppExport.cmake
[61.001s] -- Installing: /home/fastbot/ros2_ws/real/install/serial_motor_msgs/share/serial_motor_msgs/cmake/serial_motor_msgs__rosidl_typesupport_introspection_cppExport-noconfig.cmake
[61.002s] -- Installing: /home/fastbot/ros2_ws/real/install/serial_motor_msgs/share/serial_motor_msgs/cmake/serial_motor_msgs__rosidl_typesupport_cppExport.cmake
[61.009s] -- Installing: /home/fastbot/ros2_ws/real/install/serial_motor_msgs/share/serial_motor_msgs/cmake/serial_motor_msgs__rosidl_typesupport_cppExport-noconfig.cmake
[61.009s] -- Installing: /home/fastbot/ros2_ws/real/install/serial_motor_msgs/share/serial_motor_msgs/cmake/export_serial_motor_msgs__rosidl_generator_pyExport.cmake
[61.009s] -- Installing: /home/fastbot/ros2_ws/real/install/serial_motor_msgs/share/serial_motor_msgs/cmake/export_serial_motor_msgs__rosidl_generator_pyExport-noconfig.cmake
[61.010s] -- Installing: /home/fastbot/ros2_ws/real/install/serial_motor_msgs/share/serial_motor_msgs/cmake/rosidl_cmake-extras.cmake
[61.011s] -- Installing: /home/fastbot/ros2_ws/real/install/serial_motor_msgs/share/serial_motor_msgs/cmake/ament_cmake_export_include_directories-extras.cmake
[61.012s] -- Installing: /home/fastbot/ros2_ws/real/install/serial_motor_msgs/share/serial_motor_msgs/cmake/ament_cmake_export_libraries-extras.cmake
[61.014s] -- Installing: /home/fastbot/ros2_ws/real/install/serial_motor_msgs/share/serial_motor_msgs/cmake/ament_cmake_export_targets-extras.cmake
[61.015s] -- Installing: /home/fastbot/ros2_ws/real/install/serial_motor_msgs/share/serial_motor_msgs/cmake/rosidl_cmake_export_typesupport_targets-extras.cmake
[61.017s] -- Installing: /home/fastbot/ros2_ws/real/install/serial_motor_msgs/share/serial_motor_msgs/cmake/ament_cmake_export_dependencies-extras.cmake
[61.018s] -- Installing: /home/fastbot/ros2_ws/real/install/serial_motor_msgs/share/serial_motor_msgs/cmake/rosidl_cmake_export_typesupport_libraries-extras.cmake
[61.020s] -- Installing: /home/fastbot/ros2_ws/real/install/serial_motor_msgs/share/serial_motor_msgs/cmake/serial_motor_msgsConfig.cmake
[61.021s] -- Installing: /home/fastbot/ros2_ws/real/install/serial_motor_msgs/share/serial_motor_msgs/cmake/serial_motor_msgsConfig-version.cmake
[61.023s] -- Installing: /home/fastbot/ros2_ws/real/install/serial_motor_msgs/share/serial_motor_msgs/package.xml
[61.051s] Invoked command in '/home/fastbot/ros2_ws/real/build/serial_motor_msgs' returned '0': CMAKE_PREFIX_PATH=${CMAKE_PREFIX_PATH}:/home/fastbot/ros2_ws/install/serial_motor:/home/fastbot/ros2_ws/install/serial_motor_msgs:/home/fastbot/ros2_ws/install/lslidar_msgs:/home/fastbot/ros2_ws/install/fastbot_description:/home/fastbot/ros2_ws/install/fastbot_bringup:/opt/ros/humble /usr/bin/cmake --install /home/fastbot/ros2_ws/real/build/serial_motor_msgs
