[2.871s] Invoking command in '/home/fastbot/ros2_ws/src/serial_motor': PYTHONPATH=/home/fastbot/ros2_ws/build/serial_motor/prefix_override:/usr/lib/python3/dist-packages/colcon_core/task/python/colcon_distutils_commands:/home/fastbot/ros2_ws/install/serial_motor/lib/python3.10/site-packages:${PYTHONPATH} /usr/bin/python3 -W ignore:setup.py install is deprecated -W ignore:easy_install command is deprecated setup.py egg_info --egg-base ../../build/serial_motor build --build-base /home/fastbot/ros2_ws/build/serial_motor/build install --record /home/fastbot/ros2_ws/build/serial_motor/install.log --single-version-externally-managed install_data
[3.930s] running egg_info
[3.933s] writing ../../build/serial_motor/serial_motor.egg-info/PKG-INFO
[3.934s] writing dependency_links to ../../build/serial_motor/serial_motor.egg-info/dependency_links.txt
[3.935s] writing entry points to ../../build/serial_motor/serial_motor.egg-info/entry_points.txt
[3.936s] writing requirements to ../../build/serial_motor/serial_motor.egg-info/requires.txt
[3.936s] writing top-level names to ../../build/serial_motor/serial_motor.egg-info/top_level.txt
[3.944s] reading manifest file '../../build/serial_motor/serial_motor.egg-info/SOURCES.txt'
[3.947s] writing manifest file '../../build/serial_motor/serial_motor.egg-info/SOURCES.txt'
[3.948s] running build
[3.948s] running build_py
[3.950s] running install
[3.951s] running install_lib
[3.956s] running install_data
[3.957s] running install_egg_info
[3.964s] removing '/home/fastbot/ros2_ws/install/serial_motor/lib/python3.10/site-packages/serial_motor-0.0.0-py3.10.egg-info' (and everything under it)
[3.965s] Copying ../../build/serial_motor/serial_motor.egg-info to /home/fastbot/ros2_ws/install/serial_motor/lib/python3.10/site-packages/serial_motor-0.0.0-py3.10.egg-info
[3.970s] running install_scripts
[4.050s] Installing motor_driver script to /home/fastbot/ros2_ws/install/serial_motor/lib/serial_motor
[4.052s] writing list of installed files to '/home/fastbot/ros2_ws/build/serial_motor/install.log'
[4.170s] Invoked command in '/home/fastbot/ros2_ws/src/serial_motor' returned '0': PYTHONPATH=/home/fastbot/ros2_ws/build/serial_motor/prefix_override:/usr/lib/python3/dist-packages/colcon_core/task/python/colcon_distutils_commands:/home/fastbot/ros2_ws/install/serial_motor/lib/python3.10/site-packages:${PYTHONPATH} /usr/bin/python3 -W ignore:setup.py install is deprecated -W ignore:easy_install command is deprecated setup.py egg_info --egg-base ../../build/serial_motor build --build-base /home/fastbot/ros2_ws/build/serial_motor/build install --record /home/fastbot/ros2_ws/build/serial_motor/install.log --single-version-externally-managed install_data
