[0.115s] Invoking command in '/home/fastbot/ros2_ws/real/build/fastbot_bringup': CMAKE_PREFIX_PATH=${CMAKE_PREFIX_PATH}:/home/fastbot/ros2_ws/real/install/serial_motor:/home/fastbot/ros2_ws/install/serial_motor:/home/fastbot/ros2_ws/install/serial_motor_msgs:/home/fastbot/ros2_ws/install/lslidar_driver:/home/fastbot/ros2_ws/install/lslidar_msgs:/home/fastbot/ros2_ws/install/fastbot_description:/home/fastbot/ros2_ws/install/fastbot_bringup:/opt/ros/humble /usr/bin/cmake --build /home/fastbot/ros2_ws/real/build/fastbot_bringup -- -j4 -l4
[0.150s] [0mCMake Error: The current CMakeCache.txt directory /home/fastbot/ros2_ws/real/build/fastbot_bringup/CMakeCache.txt is different than the directory /home/fastbot/ros2_ws/build/fastbot_bringup where CMakeCache.txt was created. This may result in binaries being created in the wrong place. If you are not sure, reedit the CMakeCache.txt[0m
[0.235s] -- Found ament_cmake: 1.3.11 (/opt/ros/humble/share/ament_cmake/cmake)
[1.188s] -- Found ament_lint_auto: 0.12.12 (/opt/ros/humble/share/ament_lint_auto/cmake)
[1.647s] -- Added test 'lint_cmake' to check CMake code style
[1.657s] -- Added test 'xmllint' to check XML markup files
[1.661s] -- Configuring done
[1.682s] -- Generating done
[1.695s] -- Build files have been written to: /home/fastbot/ros2_ws/build/fastbot_bringup
[1.806s] Invoked command in '/home/fastbot/ros2_ws/real/build/fastbot_bringup' returned '0': CMAKE_PREFIX_PATH=${CMAKE_PREFIX_PATH}:/home/fastbot/ros2_ws/real/install/serial_motor:/home/fastbot/ros2_ws/install/serial_motor:/home/fastbot/ros2_ws/install/serial_motor_msgs:/home/fastbot/ros2_ws/install/lslidar_driver:/home/fastbot/ros2_ws/install/lslidar_msgs:/home/fastbot/ros2_ws/install/fastbot_description:/home/fastbot/ros2_ws/install/fastbot_bringup:/opt/ros/humble /usr/bin/cmake --build /home/fastbot/ros2_ws/real/build/fastbot_bringup -- -j4 -l4
[1.866s] Invoking command in '/home/fastbot/ros2_ws/real/build/fastbot_bringup': CMAKE_PREFIX_PATH=${CMAKE_PREFIX_PATH}:/home/fastbot/ros2_ws/real/install/serial_motor:/home/fastbot/ros2_ws/install/serial_motor:/home/fastbot/ros2_ws/install/serial_motor_msgs:/home/fastbot/ros2_ws/install/lslidar_driver:/home/fastbot/ros2_ws/install/lslidar_msgs:/home/fastbot/ros2_ws/install/fastbot_description:/home/fastbot/ros2_ws/install/fastbot_bringup:/opt/ros/humble /usr/bin/cmake --install /home/fastbot/ros2_ws/real/build/fastbot_bringup
[1.918s] -- Install configuration: ""
[1.920s] -- Up-to-date: /home/fastbot/ros2_ws/install/fastbot_bringup/share/fastbot_bringup/launch
[1.921s] -- Up-to-date: /home/fastbot/ros2_ws/install/fastbot_bringup/share/fastbot_bringup/launch/bringup.launch.xml
[1.923s] -- Up-to-date: /home/fastbot/ros2_ws/install/fastbot_bringup/share/ament_index/resource_index/package_run_dependencies/fastbot_bringup
[1.925s] -- Up-to-date: /home/fastbot/ros2_ws/install/fastbot_bringup/share/ament_index/resource_index/parent_prefix_path/fastbot_bringup
[1.927s] -- Up-to-date: /home/fastbot/ros2_ws/install/fastbot_bringup/share/fastbot_bringup/environment/ament_prefix_path.sh
[1.929s] -- Installing: /home/fastbot/ros2_ws/install/fastbot_bringup/share/fastbot_bringup/environment/ament_prefix_path.dsv
[1.932s] -- Up-to-date: /home/fastbot/ros2_ws/install/fastbot_bringup/share/fastbot_bringup/environment/path.sh
[1.934s] -- Installing: /home/fastbot/ros2_ws/install/fastbot_bringup/share/fastbot_bringup/environment/path.dsv
[1.990s] -- Up-to-date: /home/fastbot/ros2_ws/install/fastbot_bringup/share/fastbot_bringup/local_setup.bash
[1.994s] -- Up-to-date: /home/fastbot/ros2_ws/install/fastbot_bringup/share/fastbot_bringup/local_setup.sh
[1.995s] -- Up-to-date: /home/fastbot/ros2_ws/install/fastbot_bringup/share/fastbot_bringup/local_setup.zsh
[1.998s] -- Installing: /home/fastbot/ros2_ws/install/fastbot_bringup/share/fastbot_bringup/local_setup.dsv
[2.002s] -- Installing: /home/fastbot/ros2_ws/install/fastbot_bringup/share/fastbot_bringup/package.dsv
[2.003s] -- Up-to-date: /home/fastbot/ros2_ws/install/fastbot_bringup/share/ament_index/resource_index/packages/fastbot_bringup
[2.004s] -- Up-to-date: /home/fastbot/ros2_ws/install/fastbot_bringup/share/fastbot_bringup/cmake/fastbot_bringupConfig.cmake
[2.006s] -- Up-to-date: /home/fastbot/ros2_ws/install/fastbot_bringup/share/fastbot_bringup/cmake/fastbot_bringupConfig-version.cmake
[2.007s] -- Up-to-date: /home/fastbot/ros2_ws/install/fastbot_bringup/share/fastbot_bringup/package.xml
[2.155s] Invoked command in '/home/fastbot/ros2_ws/real/build/fastbot_bringup' returned '0': CMAKE_PREFIX_PATH=${CMAKE_PREFIX_PATH}:/home/fastbot/ros2_ws/real/install/serial_motor:/home/fastbot/ros2_ws/install/serial_motor:/home/fastbot/ros2_ws/install/serial_motor_msgs:/home/fastbot/ros2_ws/install/lslidar_driver:/home/fastbot/ros2_ws/install/lslidar_msgs:/home/fastbot/ros2_ws/install/fastbot_description:/home/fastbot/ros2_ws/install/fastbot_bringup:/opt/ros/humble /usr/bin/cmake --install /home/fastbot/ros2_ws/real/build/fastbot_bringup
