[0.132s] Invoking command in '/home/fastbot/ros2_ws/build/fastbot_bringup': CMAKE_PREFIX_PATH=${CMAKE_PREFIX_PATH}:/home/fastbot/ros2_ws/install/serial_motor:/opt/ros/humble /usr/bin/cmake --build /home/fastbot/ros2_ws/build/fastbot_bringup -- -j4 -l4
[0.656s] Invoked command in '/home/fastbot/ros2_ws/build/fastbot_bringup' returned '0': CMAKE_PREFIX_PATH=${CMAKE_PREFIX_PATH}:/home/fastbot/ros2_ws/install/serial_motor:/opt/ros/humble /usr/bin/cmake --build /home/fastbot/ros2_ws/build/fastbot_bringup -- -j4 -l4
[0.717s] Invoking command in '/home/fastbot/ros2_ws/build/fastbot_bringup': CMAKE_PREFIX_PATH=${CMAKE_PREFIX_PATH}:/home/fastbot/ros2_ws/install/serial_motor:/opt/ros/humble /usr/bin/cmake --install /home/fastbot/ros2_ws/build/fastbot_bringup
[0.784s] -- Install configuration: ""
[0.791s] -- Up-to-date: /home/fastbot/ros2_ws/install/fastbot_bringup/share/fastbot_bringup/launch
[0.795s] -- Up-to-date: /home/fastbot/ros2_ws/install/fastbot_bringup/share/fastbot_bringup/launch/bringup.launch.xml
[0.796s] -- Up-to-date: /home/fastbot/ros2_ws/install/fastbot_bringup/share/ament_index/resource_index/package_run_dependencies/fastbot_bringup
[0.799s] -- Up-to-date: /home/fastbot/ros2_ws/install/fastbot_bringup/share/ament_index/resource_index/parent_prefix_path/fastbot_bringup
[0.800s] -- Up-to-date: /home/fastbot/ros2_ws/install/fastbot_bringup/share/fastbot_bringup/environment/ament_prefix_path.sh
[0.802s] -- Up-to-date: /home/fastbot/ros2_ws/install/fastbot_bringup/share/fastbot_bringup/environment/ament_prefix_path.dsv
[0.803s] -- Up-to-date: /home/fastbot/ros2_ws/install/fastbot_bringup/share/fastbot_bringup/environment/path.sh
[0.804s] -- Up-to-date: /home/fastbot/ros2_ws/install/fastbot_bringup/share/fastbot_bringup/environment/path.dsv
[0.805s] -- Up-to-date: /home/fastbot/ros2_ws/install/fastbot_bringup/share/fastbot_bringup/local_setup.bash
[0.809s] -- Up-to-date: /home/fastbot/ros2_ws/install/fastbot_bringup/share/fastbot_bringup/local_setup.sh
[0.810s] -- Up-to-date: /home/fastbot/ros2_ws/install/fastbot_bringup/share/fastbot_bringup/local_setup.zsh
[0.811s] -- Up-to-date: /home/fastbot/ros2_ws/install/fastbot_bringup/share/fastbot_bringup/local_setup.dsv
[0.812s] -- Installing: /home/fastbot/ros2_ws/install/fastbot_bringup/share/fastbot_bringup/package.dsv
[0.822s] -- Up-to-date: /home/fastbot/ros2_ws/install/fastbot_bringup/share/ament_index/resource_index/packages/fastbot_bringup
[0.825s] -- Up-to-date: /home/fastbot/ros2_ws/install/fastbot_bringup/share/fastbot_bringup/cmake/fastbot_bringupConfig.cmake
[0.825s] -- Up-to-date: /home/fastbot/ros2_ws/install/fastbot_bringup/share/fastbot_bringup/cmake/fastbot_bringupConfig-version.cmake
[0.827s] -- Up-to-date: /home/fastbot/ros2_ws/install/fastbot_bringup/share/fastbot_bringup/package.xml
[0.850s] Invoked command in '/home/fastbot/ros2_ws/build/fastbot_bringup' returned '0': CMAKE_PREFIX_PATH=${CMAKE_PREFIX_PATH}:/home/fastbot/ros2_ws/install/serial_motor:/opt/ros/humble /usr/bin/cmake --install /home/fastbot/ros2_ws/build/fastbot_bringup
