[3.427s] Invoking command in '/home/fastbot/ros2_ws/src/serial_motor': PYTHONPATH=/home/fastbot/ros2_ws/build/serial_motor/prefix_override:/usr/lib/python3/dist-packages/colcon_core/task/python/colcon_distutils_commands:/home/fastbot/ros2_ws/install/serial_motor/lib/python3.10/site-packages:${PYTHONPATH} /usr/bin/python3 -W ignore:setup.py install is deprecated -W ignore:easy_install command is deprecated setup.py egg_info --egg-base ../../build/serial_motor build --build-base /home/fastbot/ros2_ws/build/serial_motor/build install --record /home/fastbot/ros2_ws/build/serial_motor/install.log --single-version-externally-managed install_data
[4.696s] running egg_info
[4.699s] creating ../../build/serial_motor/serial_motor.egg-info
[4.699s] writing ../../build/serial_motor/serial_motor.egg-info/PKG-INFO
[4.701s] writing dependency_links to ../../build/serial_motor/serial_motor.egg-info/dependency_links.txt
[4.701s] writing entry points to ../../build/serial_motor/serial_motor.egg-info/entry_points.txt
[4.702s] writing requirements to ../../build/serial_motor/serial_motor.egg-info/requires.txt
[4.703s] writing top-level names to ../../build/serial_motor/serial_motor.egg-info/top_level.txt
[4.704s] writing manifest file '../../build/serial_motor/serial_motor.egg-info/SOURCES.txt'
[4.711s] reading manifest file '../../build/serial_motor/serial_motor.egg-info/SOURCES.txt'
[4.715s] writing manifest file '../../build/serial_motor/serial_motor.egg-info/SOURCES.txt'
[4.716s] running build
[4.717s] running build_py
[4.718s] creating /home/fastbot/ros2_ws/build/serial_motor/build
[4.719s] creating /home/fastbot/ros2_ws/build/serial_motor/build/lib
[4.719s] creating /home/fastbot/ros2_ws/build/serial_motor/build/lib/serial_motor
[4.719s] copying serial_motor/__init__.py -> /home/fastbot/ros2_ws/build/serial_motor/build/lib/serial_motor
[4.720s] copying serial_motor/motor_driver.py -> /home/fastbot/ros2_ws/build/serial_motor/build/lib/serial_motor
[4.727s] running install
[4.728s] running install_lib
[4.731s] creating /home/fastbot/ros2_ws/install/serial_motor/lib/python3.10/site-packages/serial_motor
[4.732s] copying /home/fastbot/ros2_ws/build/serial_motor/build/lib/serial_motor/__init__.py -> /home/fastbot/ros2_ws/install/serial_motor/lib/python3.10/site-packages/serial_motor
[4.733s] copying /home/fastbot/ros2_ws/build/serial_motor/build/lib/serial_motor/motor_driver.py -> /home/fastbot/ros2_ws/install/serial_motor/lib/python3.10/site-packages/serial_motor
[4.735s] byte-compiling /home/fastbot/ros2_ws/install/serial_motor/lib/python3.10/site-packages/serial_motor/__init__.py to __init__.cpython-310.pyc
[4.737s] byte-compiling /home/fastbot/ros2_ws/install/serial_motor/lib/python3.10/site-packages/serial_motor/motor_driver.py to motor_driver.cpython-310.pyc
[4.747s] running install_data
[4.749s] creating /home/fastbot/ros2_ws/install/serial_motor/share/ament_index
[4.750s] creating /home/fastbot/ros2_ws/install/serial_motor/share/ament_index/resource_index
[4.752s] creating /home/fastbot/ros2_ws/install/serial_motor/share/ament_index/resource_index/packages
[4.754s] copying resource/serial_motor -> /home/fastbot/ros2_ws/install/serial_motor/share/ament_index/resource_index/packages
[4.756s] copying package.xml -> /home/fastbot/ros2_ws/install/serial_motor/share/serial_motor
[4.758s] creating /home/fastbot/ros2_ws/install/serial_motor/share/serial_motor/launch
[4.761s] copying launch/serial_motor.launch.py -> /home/fastbot/ros2_ws/install/serial_motor/share/serial_motor/launch
[4.764s] running install_egg_info
[4.778s] Copying ../../build/serial_motor/serial_motor.egg-info to /home/fastbot/ros2_ws/install/serial_motor/lib/python3.10/site-packages/serial_motor-0.0.0-py3.10.egg-info
[4.790s] running install_scripts
[4.896s] Installing motor_driver script to /home/fastbot/ros2_ws/install/serial_motor/lib/serial_motor
[4.899s] writing list of installed files to '/home/fastbot/ros2_ws/build/serial_motor/install.log'
[5.051s] Invoked command in '/home/fastbot/ros2_ws/src/serial_motor' returned '0': PYTHONPATH=/home/fastbot/ros2_ws/build/serial_motor/prefix_override:/usr/lib/python3/dist-packages/colcon_core/task/python/colcon_distutils_commands:/home/fastbot/ros2_ws/install/serial_motor/lib/python3.10/site-packages:${PYTHONPATH} /usr/bin/python3 -W ignore:setup.py install is deprecated -W ignore:easy_install command is deprecated setup.py egg_info --egg-base ../../build/serial_motor build --build-base /home/fastbot/ros2_ws/build/serial_motor/build install --record /home/fastbot/ros2_ws/build/serial_motor/install.log --single-version-externally-managed install_data
