[0.447s] DEBUG:colcon:Command line arguments: ['/usr/bin/colcon', 'build']
[0.447s] DEBUG:colcon:Parsed command line arguments: Namespace(log_base=None, log_level=None, verb_name='build', build_base='build', install_base='install', merge_install=False, symlink_install=False, test_result_base=None, continue_on_error=False, executor='parallel', parallel_workers=4, event_handlers=None, ignore_user_meta=False, metas=['./colcon.meta'], base_paths=['.'], packages_ignore=None, packages_ignore_regex=None, paths=None, packages_up_to=None, packages_up_to_regex=None, packages_above=None, packages_above_and_dependencies=None, packages_above_depth=None, packages_select_by_dep=None, packages_skip_by_dep=None, packages_skip_up_to=None, packages_select_build_failed=False, packages_skip_build_finished=False, packages_select_test_failures=False, packages_skip_test_passed=False, packages_select=None, packages_skip=None, packages_select_regex=None, packages_skip_regex=None, packages_start=None, packages_end=None, allow_overriding=[], cmake_args=None, cmake_target=None, cmake_target_skip_unavailable=False, cmake_clean_cache=False, cmake_clean_first=False, cmake_force_configure=False, ament_cmake_args=None, catkin_cmake_args=None, catkin_skip_building_tests=False, verb_parser=<colcon_defaults.argument_parser.defaults.DefaultArgumentsDecorator object at 0xffff911a1420>, verb_extension=<colcon_core.verb.build.BuildVerb object at 0xffff91316890>, main=<bound method BuildVerb.main of <colcon_core.verb.build.BuildVerb object at 0xffff91316890>>)
[1.259s] Level 1:colcon.colcon_core.package_discovery:discover_packages(colcon_meta) check parameters
[1.260s] Level 1:colcon.colcon_core.package_discovery:discover_packages(recursive) check parameters
[1.260s] Level 1:colcon.colcon_core.package_discovery:discover_packages(ignore) check parameters
[1.260s] Level 1:colcon.colcon_core.package_discovery:discover_packages(path) check parameters
[1.260s] Level 1:colcon.colcon_core.package_discovery:discover_packages(colcon_meta) discover
[1.260s] Level 1:colcon.colcon_core.package_discovery:discover_packages(recursive) discover
[1.260s] INFO:colcon.colcon_core.package_discovery:Crawling recursively for packages in '/home/fastbot/ros2_ws/real'
[1.261s] Level 1:colcon.colcon_core.package_identification:_identify(.) by extensions ['ignore', 'ignore_ament_install']
[1.264s] Level 1:colcon.colcon_core.package_identification:_identify(.) by extension 'ignore'
[1.264s] Level 1:colcon.colcon_core.package_identification:_identify(.) by extension 'ignore_ament_install'
[1.264s] Level 1:colcon.colcon_core.package_identification:_identify(.) by extensions ['colcon_pkg']
[1.264s] Level 1:colcon.colcon_core.package_identification:_identify(.) by extension 'colcon_pkg'
[1.264s] Level 1:colcon.colcon_core.package_identification:_identify(.) by extensions ['colcon_meta']
[1.265s] Level 1:colcon.colcon_core.package_identification:_identify(.) by extension 'colcon_meta'
[1.265s] Level 1:colcon.colcon_core.package_identification:_identify(.) by extensions ['ros']
[1.265s] Level 1:colcon.colcon_core.package_identification:_identify(.) by extension 'ros'
[1.307s] Level 1:colcon.colcon_core.package_identification:_identify(.) by extensions ['cmake', 'python']
[1.308s] Level 1:colcon.colcon_core.package_identification:_identify(.) by extension 'cmake'
[1.308s] Level 1:colcon.colcon_core.package_identification:_identify(.) by extension 'python'
[1.308s] Level 1:colcon.colcon_core.package_identification:_identify(.) by extensions ['python_setup_py']
[1.308s] Level 1:colcon.colcon_core.package_identification:_identify(.) by extension 'python_setup_py'
[1.309s] Level 1:colcon.colcon_core.package_identification:_identify(build) by extensions ['ignore', 'ignore_ament_install']
[1.309s] Level 1:colcon.colcon_core.package_identification:_identify(build) by extension 'ignore'
[1.309s] Level 1:colcon.colcon_core.package_identification:_identify(build) ignored
[1.310s] Level 1:colcon.colcon_core.package_identification:_identify(install) by extensions ['ignore', 'ignore_ament_install']
[1.310s] Level 1:colcon.colcon_core.package_identification:_identify(install) by extension 'ignore'
[1.311s] Level 1:colcon.colcon_core.package_identification:_identify(install) ignored
[1.311s] Level 1:colcon.colcon_core.package_identification:_identify(log) by extensions ['ignore', 'ignore_ament_install']
[1.312s] Level 1:colcon.colcon_core.package_identification:_identify(log) by extension 'ignore'
[1.312s] Level 1:colcon.colcon_core.package_identification:_identify(log) ignored
[1.312s] Level 1:colcon.colcon_core.package_identification:_identify(ros2_ws) by extensions ['ignore', 'ignore_ament_install']
[1.312s] Level 1:colcon.colcon_core.package_identification:_identify(ros2_ws) by extension 'ignore'
[1.313s] Level 1:colcon.colcon_core.package_identification:_identify(ros2_ws) by extension 'ignore_ament_install'
[1.313s] Level 1:colcon.colcon_core.package_identification:_identify(ros2_ws) by extensions ['colcon_pkg']
[1.313s] Level 1:colcon.colcon_core.package_identification:_identify(ros2_ws) by extension 'colcon_pkg'
[1.313s] Level 1:colcon.colcon_core.package_identification:_identify(ros2_ws) by extensions ['colcon_meta']
[1.313s] Level 1:colcon.colcon_core.package_identification:_identify(ros2_ws) by extension 'colcon_meta'
[1.313s] Level 1:colcon.colcon_core.package_identification:_identify(ros2_ws) by extensions ['ros']
[1.313s] Level 1:colcon.colcon_core.package_identification:_identify(ros2_ws) by extension 'ros'
[1.314s] Level 1:colcon.colcon_core.package_identification:_identify(ros2_ws) by extensions ['cmake', 'python']
[1.314s] Level 1:colcon.colcon_core.package_identification:_identify(ros2_ws) by extension 'cmake'
[1.314s] Level 1:colcon.colcon_core.package_identification:_identify(ros2_ws) by extension 'python'
[1.314s] Level 1:colcon.colcon_core.package_identification:_identify(ros2_ws) by extensions ['python_setup_py']
[1.314s] Level 1:colcon.colcon_core.package_identification:_identify(ros2_ws) by extension 'python_setup_py'
[1.315s] Level 1:colcon.colcon_core.package_identification:_identify(src) by extensions ['ignore', 'ignore_ament_install']
[1.315s] Level 1:colcon.colcon_core.package_identification:_identify(src) by extension 'ignore'
[1.315s] Level 1:colcon.colcon_core.package_identification:_identify(src) by extension 'ignore_ament_install'
[1.315s] Level 1:colcon.colcon_core.package_identification:_identify(src) by extensions ['colcon_pkg']
[1.316s] Level 1:colcon.colcon_core.package_identification:_identify(src) by extension 'colcon_pkg'
[1.316s] Level 1:colcon.colcon_core.package_identification:_identify(src) by extensions ['colcon_meta']
[1.316s] Level 1:colcon.colcon_core.package_identification:_identify(src) by extension 'colcon_meta'
[1.316s] Level 1:colcon.colcon_core.package_identification:_identify(src) by extensions ['ros']
[1.316s] Level 1:colcon.colcon_core.package_identification:_identify(src) by extension 'ros'
[1.316s] Level 1:colcon.colcon_core.package_identification:_identify(src) by extensions ['cmake', 'python']
[1.316s] Level 1:colcon.colcon_core.package_identification:_identify(src) by extension 'cmake'
[1.317s] Level 1:colcon.colcon_core.package_identification:_identify(src) by extension 'python'
[1.317s] Level 1:colcon.colcon_core.package_identification:_identify(src) by extensions ['python_setup_py']
[1.317s] Level 1:colcon.colcon_core.package_identification:_identify(src) by extension 'python_setup_py'
[1.317s] Level 1:colcon.colcon_core.package_identification:_identify(src/Lslidar_ROS2_driver) by extensions ['ignore', 'ignore_ament_install']
[1.318s] Level 1:colcon.colcon_core.package_identification:_identify(src/Lslidar_ROS2_driver) by extension 'ignore'
[1.318s] Level 1:colcon.colcon_core.package_identification:_identify(src/Lslidar_ROS2_driver) by extension 'ignore_ament_install'
[1.318s] Level 1:colcon.colcon_core.package_identification:_identify(src/Lslidar_ROS2_driver) by extensions ['colcon_pkg']
[1.318s] Level 1:colcon.colcon_core.package_identification:_identify(src/Lslidar_ROS2_driver) by extension 'colcon_pkg'
[1.318s] Level 1:colcon.colcon_core.package_identification:_identify(src/Lslidar_ROS2_driver) by extensions ['colcon_meta']
[1.318s] Level 1:colcon.colcon_core.package_identification:_identify(src/Lslidar_ROS2_driver) by extension 'colcon_meta'
[1.319s] Level 1:colcon.colcon_core.package_identification:_identify(src/Lslidar_ROS2_driver) by extensions ['ros']
[1.319s] Level 1:colcon.colcon_core.package_identification:_identify(src/Lslidar_ROS2_driver) by extension 'ros'
[1.319s] Level 1:colcon.colcon_core.package_identification:_identify(src/Lslidar_ROS2_driver) by extensions ['cmake', 'python']
[1.319s] Level 1:colcon.colcon_core.package_identification:_identify(src/Lslidar_ROS2_driver) by extension 'cmake'
[1.319s] Level 1:colcon.colcon_core.package_identification:_identify(src/Lslidar_ROS2_driver) by extension 'python'
[1.320s] Level 1:colcon.colcon_core.package_identification:_identify(src/Lslidar_ROS2_driver) by extensions ['python_setup_py']
[1.320s] Level 1:colcon.colcon_core.package_identification:_identify(src/Lslidar_ROS2_driver) by extension 'python_setup_py'
[1.320s] Level 1:colcon.colcon_core.package_identification:_identify(src/Lslidar_ROS2_driver/lslidar_driver) by extensions ['ignore', 'ignore_ament_install']
[1.320s] Level 1:colcon.colcon_core.package_identification:_identify(src/Lslidar_ROS2_driver/lslidar_driver) by extension 'ignore'
[1.321s] Level 1:colcon.colcon_core.package_identification:_identify(src/Lslidar_ROS2_driver/lslidar_driver) by extension 'ignore_ament_install'
[1.321s] Level 1:colcon.colcon_core.package_identification:_identify(src/Lslidar_ROS2_driver/lslidar_driver) by extensions ['colcon_pkg']
[1.321s] Level 1:colcon.colcon_core.package_identification:_identify(src/Lslidar_ROS2_driver/lslidar_driver) by extension 'colcon_pkg'
[1.321s] Level 1:colcon.colcon_core.package_identification:_identify(src/Lslidar_ROS2_driver/lslidar_driver) by extensions ['colcon_meta']
[1.321s] Level 1:colcon.colcon_core.package_identification:_identify(src/Lslidar_ROS2_driver/lslidar_driver) by extension 'colcon_meta'
[1.322s] Level 1:colcon.colcon_core.package_identification:_identify(src/Lslidar_ROS2_driver/lslidar_driver) by extensions ['ros']
[1.322s] Level 1:colcon.colcon_core.package_identification:_identify(src/Lslidar_ROS2_driver/lslidar_driver) by extension 'ros'
[1.331s] DEBUG:colcon.colcon_core.package_identification:Package 'src/Lslidar_ROS2_driver/lslidar_driver' with type 'ros.ament_cmake' and name 'lslidar_driver'
[1.331s] Level 1:colcon.colcon_core.package_identification:_identify(src/Lslidar_ROS2_driver/lslidar_msgs) by extensions ['ignore', 'ignore_ament_install']
[1.332s] Level 1:colcon.colcon_core.package_identification:_identify(src/Lslidar_ROS2_driver/lslidar_msgs) by extension 'ignore'
[1.332s] Level 1:colcon.colcon_core.package_identification:_identify(src/Lslidar_ROS2_driver/lslidar_msgs) by extension 'ignore_ament_install'
[1.332s] Level 1:colcon.colcon_core.package_identification:_identify(src/Lslidar_ROS2_driver/lslidar_msgs) by extensions ['colcon_pkg']
[1.332s] Level 1:colcon.colcon_core.package_identification:_identify(src/Lslidar_ROS2_driver/lslidar_msgs) by extension 'colcon_pkg'
[1.332s] Level 1:colcon.colcon_core.package_identification:_identify(src/Lslidar_ROS2_driver/lslidar_msgs) by extensions ['colcon_meta']
[1.333s] Level 1:colcon.colcon_core.package_identification:_identify(src/Lslidar_ROS2_driver/lslidar_msgs) by extension 'colcon_meta'
[1.333s] Level 1:colcon.colcon_core.package_identification:_identify(src/Lslidar_ROS2_driver/lslidar_msgs) by extensions ['ros']
[1.333s] Level 1:colcon.colcon_core.package_identification:_identify(src/Lslidar_ROS2_driver/lslidar_msgs) by extension 'ros'
[1.336s] DEBUG:colcon.colcon_core.package_identification:Package 'src/Lslidar_ROS2_driver/lslidar_msgs' with type 'ros.ament_cmake' and name 'lslidar_msgs'
[1.336s] Level 1:colcon.colcon_core.package_identification:_identify(src/fastbot_bringup) by extensions ['ignore', 'ignore_ament_install']
[1.337s] Level 1:colcon.colcon_core.package_identification:_identify(src/fastbot_bringup) by extension 'ignore'
[1.337s] Level 1:colcon.colcon_core.package_identification:_identify(src/fastbot_bringup) by extension 'ignore_ament_install'
[1.337s] Level 1:colcon.colcon_core.package_identification:_identify(src/fastbot_bringup) by extensions ['colcon_pkg']
[1.337s] Level 1:colcon.colcon_core.package_identification:_identify(src/fastbot_bringup) by extension 'colcon_pkg'
[1.338s] Level 1:colcon.colcon_core.package_identification:_identify(src/fastbot_bringup) by extensions ['colcon_meta']
[1.338s] Level 1:colcon.colcon_core.package_identification:_identify(src/fastbot_bringup) by extension 'colcon_meta'
[1.338s] Level 1:colcon.colcon_core.package_identification:_identify(src/fastbot_bringup) by extensions ['ros']
[1.338s] Level 1:colcon.colcon_core.package_identification:_identify(src/fastbot_bringup) by extension 'ros'
[1.340s] DEBUG:colcon.colcon_core.package_identification:Package 'src/fastbot_bringup' with type 'ros.ament_cmake' and name 'fastbot_bringup'
[1.340s] Level 1:colcon.colcon_core.package_identification:_identify(src/fastbot_description) by extensions ['ignore', 'ignore_ament_install']
[1.341s] Level 1:colcon.colcon_core.package_identification:_identify(src/fastbot_description) by extension 'ignore'
[1.341s] Level 1:colcon.colcon_core.package_identification:_identify(src/fastbot_description) by extension 'ignore_ament_install'
[1.341s] Level 1:colcon.colcon_core.package_identification:_identify(src/fastbot_description) by extensions ['colcon_pkg']
[1.341s] Level 1:colcon.colcon_core.package_identification:_identify(src/fastbot_description) by extension 'colcon_pkg'
[1.342s] Level 1:colcon.colcon_core.package_identification:_identify(src/fastbot_description) by extensions ['colcon_meta']
[1.342s] Level 1:colcon.colcon_core.package_identification:_identify(src/fastbot_description) by extension 'colcon_meta'
[1.342s] Level 1:colcon.colcon_core.package_identification:_identify(src/fastbot_description) by extensions ['ros']
[1.342s] Level 1:colcon.colcon_core.package_identification:_identify(src/fastbot_description) by extension 'ros'
[1.345s] DEBUG:colcon.colcon_core.package_identification:Package 'src/fastbot_description' with type 'ros.ament_cmake' and name 'fastbot_description'
[1.346s] Level 1:colcon.colcon_core.package_identification:_identify(src/fastbot_slam_real) by extensions ['ignore', 'ignore_ament_install']
[1.346s] Level 1:colcon.colcon_core.package_identification:_identify(src/fastbot_slam_real) by extension 'ignore'
[1.346s] Level 1:colcon.colcon_core.package_identification:_identify(src/fastbot_slam_real) by extension 'ignore_ament_install'
[1.346s] Level 1:colcon.colcon_core.package_identification:_identify(src/fastbot_slam_real) by extensions ['colcon_pkg']
[1.347s] Level 1:colcon.colcon_core.package_identification:_identify(src/fastbot_slam_real) by extension 'colcon_pkg'
[1.347s] Level 1:colcon.colcon_core.package_identification:_identify(src/fastbot_slam_real) by extensions ['colcon_meta']
[1.347s] Level 1:colcon.colcon_core.package_identification:_identify(src/fastbot_slam_real) by extension 'colcon_meta'
[1.347s] Level 1:colcon.colcon_core.package_identification:_identify(src/fastbot_slam_real) by extensions ['ros']
[1.347s] Level 1:colcon.colcon_core.package_identification:_identify(src/fastbot_slam_real) by extension 'ros'
[1.349s] DEBUG:colcon.colcon_core.package_identification:Package 'src/fastbot_slam_real' with type 'ros.ament_cmake' and name 'fastbot_slam_real'
[1.350s] Level 1:colcon.colcon_core.package_identification:_identify(src/msg) by extensions ['ignore', 'ignore_ament_install']
[1.350s] Level 1:colcon.colcon_core.package_identification:_identify(src/msg) by extension 'ignore'
[1.350s] Level 1:colcon.colcon_core.package_identification:_identify(src/msg) by extension 'ignore_ament_install'
[1.350s] Level 1:colcon.colcon_core.package_identification:_identify(src/msg) by extensions ['colcon_pkg']
[1.350s] Level 1:colcon.colcon_core.package_identification:_identify(src/msg) by extension 'colcon_pkg'
[1.351s] Level 1:colcon.colcon_core.package_identification:_identify(src/msg) by extensions ['colcon_meta']
[1.351s] Level 1:colcon.colcon_core.package_identification:_identify(src/msg) by extension 'colcon_meta'
[1.351s] Level 1:colcon.colcon_core.package_identification:_identify(src/msg) by extensions ['ros']
[1.351s] Level 1:colcon.colcon_core.package_identification:_identify(src/msg) by extension 'ros'
[1.351s] Level 1:colcon.colcon_core.package_identification:_identify(src/msg) by extensions ['cmake', 'python']
[1.351s] Level 1:colcon.colcon_core.package_identification:_identify(src/msg) by extension 'cmake'
[1.352s] Level 1:colcon.colcon_core.package_identification:_identify(src/msg) by extension 'python'
[1.352s] Level 1:colcon.colcon_core.package_identification:_identify(src/msg) by extensions ['python_setup_py']
[1.352s] Level 1:colcon.colcon_core.package_identification:_identify(src/msg) by extension 'python_setup_py'
[1.352s] Level 1:colcon.colcon_core.package_identification:_identify(src/serial_motor) by extensions ['ignore', 'ignore_ament_install']
[1.353s] Level 1:colcon.colcon_core.package_identification:_identify(src/serial_motor) by extension 'ignore'
[1.353s] Level 1:colcon.colcon_core.package_identification:_identify(src/serial_motor) by extension 'ignore_ament_install'
[1.353s] Level 1:colcon.colcon_core.package_identification:_identify(src/serial_motor) by extensions ['colcon_pkg']
[1.353s] Level 1:colcon.colcon_core.package_identification:_identify(src/serial_motor) by extension 'colcon_pkg'
[1.353s] Level 1:colcon.colcon_core.package_identification:_identify(src/serial_motor) by extensions ['colcon_meta']
[1.354s] Level 1:colcon.colcon_core.package_identification:_identify(src/serial_motor) by extension 'colcon_meta'
[1.354s] Level 1:colcon.colcon_core.package_identification:_identify(src/serial_motor) by extensions ['ros']
[1.354s] Level 1:colcon.colcon_core.package_identification:_identify(src/serial_motor) by extension 'ros'
[1.356s] DEBUG:colcon.colcon_core.package_identification:Package 'src/serial_motor' with type 'ros.ament_python' and name 'serial_motor'
[1.357s] Level 1:colcon.colcon_core.package_identification:_identify(src/serial_motor_msgs) by extensions ['ignore', 'ignore_ament_install']
[1.357s] Level 1:colcon.colcon_core.package_identification:_identify(src/serial_motor_msgs) by extension 'ignore'
[1.357s] Level 1:colcon.colcon_core.package_identification:_identify(src/serial_motor_msgs) by extension 'ignore_ament_install'
[1.358s] Level 1:colcon.colcon_core.package_identification:_identify(src/serial_motor_msgs) by extensions ['colcon_pkg']
[1.358s] Level 1:colcon.colcon_core.package_identification:_identify(src/serial_motor_msgs) by extension 'colcon_pkg'
[1.358s] Level 1:colcon.colcon_core.package_identification:_identify(src/serial_motor_msgs) by extensions ['colcon_meta']
[1.358s] Level 1:colcon.colcon_core.package_identification:_identify(src/serial_motor_msgs) by extension 'colcon_meta'
[1.358s] Level 1:colcon.colcon_core.package_identification:_identify(src/serial_motor_msgs) by extensions ['ros']
[1.358s] Level 1:colcon.colcon_core.package_identification:_identify(src/serial_motor_msgs) by extension 'ros'
[1.360s] DEBUG:colcon.colcon_core.package_identification:Package 'src/serial_motor_msgs' with type 'ros.ament_cmake' and name 'serial_motor_msgs'
[1.360s] Level 1:colcon.colcon_core.package_discovery:discover_packages(recursive) using defaults
[1.361s] Level 1:colcon.colcon_core.package_discovery:discover_packages(ignore) discover
[1.361s] Level 1:colcon.colcon_core.package_discovery:discover_packages(ignore) using defaults
[1.361s] Level 1:colcon.colcon_core.package_discovery:discover_packages(path) discover
[1.361s] Level 1:colcon.colcon_core.package_discovery:discover_packages(path) using defaults
[1.481s] Level 1:colcon.colcon_core.package_discovery:discover_packages(prefix_path) check parameters
[1.481s] Level 1:colcon.colcon_core.package_discovery:discover_packages(prefix_path) discover
[1.493s] DEBUG:colcon.colcon_installed_package_information.package_discovery:Found 7 installed packages in /home/fastbot/ros2_ws/real/install
[1.496s] DEBUG:colcon.colcon_installed_package_information.package_discovery:Found 6 installed packages in /home/fastbot/ros2_ws/install
[1.507s] DEBUG:colcon.colcon_installed_package_information.package_discovery:Found 285 installed packages in /opt/ros/humble
[1.513s] Level 1:colcon.colcon_core.package_discovery:discover_packages(prefix_path) using defaults
[1.684s] Level 5:colcon.colcon_core.verb:set package 'fastbot_bringup' build argument 'cmake_args' from command line to 'None'
[1.684s] Level 5:colcon.colcon_core.verb:set package 'fastbot_bringup' build argument 'cmake_target' from command line to 'None'
[1.684s] Level 5:colcon.colcon_core.verb:set package 'fastbot_bringup' build argument 'cmake_target_skip_unavailable' from command line to 'False'
[1.684s] Level 5:colcon.colcon_core.verb:set package 'fastbot_bringup' build argument 'cmake_clean_cache' from command line to 'False'
[1.684s] Level 5:colcon.colcon_core.verb:set package 'fastbot_bringup' build argument 'cmake_clean_first' from command line to 'False'
[1.684s] Level 5:colcon.colcon_core.verb:set package 'fastbot_bringup' build argument 'cmake_force_configure' from command line to 'False'
[1.685s] Level 5:colcon.colcon_core.verb:set package 'fastbot_bringup' build argument 'ament_cmake_args' from command line to 'None'
[1.685s] Level 5:colcon.colcon_core.verb:set package 'fastbot_bringup' build argument 'catkin_cmake_args' from command line to 'None'
[1.685s] Level 5:colcon.colcon_core.verb:set package 'fastbot_bringup' build argument 'catkin_skip_building_tests' from command line to 'False'
[1.685s] DEBUG:colcon.colcon_core.verb:Building package 'fastbot_bringup' with the following arguments: {'ament_cmake_args': None, 'build_base': '/home/fastbot/ros2_ws/real/build/fastbot_bringup', 'catkin_cmake_args': None, 'catkin_skip_building_tests': False, 'cmake_args': None, 'cmake_clean_cache': False, 'cmake_clean_first': False, 'cmake_force_configure': False, 'cmake_target': None, 'cmake_target_skip_unavailable': False, 'install_base': '/home/fastbot/ros2_ws/real/install/fastbot_bringup', 'merge_install': False, 'path': '/home/fastbot/ros2_ws/real/src/fastbot_bringup', 'symlink_install': False, 'test_result_base': None}
[1.686s] Level 5:colcon.colcon_core.verb:set package 'fastbot_description' build argument 'cmake_args' from command line to 'None'
[1.687s] Level 5:colcon.colcon_core.verb:set package 'fastbot_description' build argument 'cmake_target' from command line to 'None'
[1.687s] Level 5:colcon.colcon_core.verb:set package 'fastbot_description' build argument 'cmake_target_skip_unavailable' from command line to 'False'
[1.687s] Level 5:colcon.colcon_core.verb:set package 'fastbot_description' build argument 'cmake_clean_cache' from command line to 'False'
[1.687s] Level 5:colcon.colcon_core.verb:set package 'fastbot_description' build argument 'cmake_clean_first' from command line to 'False'
[1.687s] Level 5:colcon.colcon_core.verb:set package 'fastbot_description' build argument 'cmake_force_configure' from command line to 'False'
[1.687s] Level 5:colcon.colcon_core.verb:set package 'fastbot_description' build argument 'ament_cmake_args' from command line to 'None'
[1.687s] Level 5:colcon.colcon_core.verb:set package 'fastbot_description' build argument 'catkin_cmake_args' from command line to 'None'
[1.687s] Level 5:colcon.colcon_core.verb:set package 'fastbot_description' build argument 'catkin_skip_building_tests' from command line to 'False'
[1.687s] DEBUG:colcon.colcon_core.verb:Building package 'fastbot_description' with the following arguments: {'ament_cmake_args': None, 'build_base': '/home/fastbot/ros2_ws/real/build/fastbot_description', 'catkin_cmake_args': None, 'catkin_skip_building_tests': False, 'cmake_args': None, 'cmake_clean_cache': False, 'cmake_clean_first': False, 'cmake_force_configure': False, 'cmake_target': None, 'cmake_target_skip_unavailable': False, 'install_base': '/home/fastbot/ros2_ws/real/install/fastbot_description', 'merge_install': False, 'path': '/home/fastbot/ros2_ws/real/src/fastbot_description', 'symlink_install': False, 'test_result_base': None}
[1.689s] Level 5:colcon.colcon_core.verb:set package 'fastbot_slam_real' build argument 'cmake_args' from command line to 'None'
[1.689s] Level 5:colcon.colcon_core.verb:set package 'fastbot_slam_real' build argument 'cmake_target' from command line to 'None'
[1.689s] Level 5:colcon.colcon_core.verb:set package 'fastbot_slam_real' build argument 'cmake_target_skip_unavailable' from command line to 'False'
[1.689s] Level 5:colcon.colcon_core.verb:set package 'fastbot_slam_real' build argument 'cmake_clean_cache' from command line to 'False'
[1.689s] Level 5:colcon.colcon_core.verb:set package 'fastbot_slam_real' build argument 'cmake_clean_first' from command line to 'False'
[1.689s] Level 5:colcon.colcon_core.verb:set package 'fastbot_slam_real' build argument 'cmake_force_configure' from command line to 'False'
[1.689s] Level 5:colcon.colcon_core.verb:set package 'fastbot_slam_real' build argument 'ament_cmake_args' from command line to 'None'
[1.689s] Level 5:colcon.colcon_core.verb:set package 'fastbot_slam_real' build argument 'catkin_cmake_args' from command line to 'None'
[1.690s] Level 5:colcon.colcon_core.verb:set package 'fastbot_slam_real' build argument 'catkin_skip_building_tests' from command line to 'False'
[1.690s] DEBUG:colcon.colcon_core.verb:Building package 'fastbot_slam_real' with the following arguments: {'ament_cmake_args': None, 'build_base': '/home/fastbot/ros2_ws/real/build/fastbot_slam_real', 'catkin_cmake_args': None, 'catkin_skip_building_tests': False, 'cmake_args': None, 'cmake_clean_cache': False, 'cmake_clean_first': False, 'cmake_force_configure': False, 'cmake_target': None, 'cmake_target_skip_unavailable': False, 'install_base': '/home/fastbot/ros2_ws/real/install/fastbot_slam_real', 'merge_install': False, 'path': '/home/fastbot/ros2_ws/real/src/fastbot_slam_real', 'symlink_install': False, 'test_result_base': None}
[1.691s] Level 5:colcon.colcon_core.verb:set package 'lslidar_msgs' build argument 'cmake_args' from command line to 'None'
[1.691s] Level 5:colcon.colcon_core.verb:set package 'lslidar_msgs' build argument 'cmake_target' from command line to 'None'
[1.691s] Level 5:colcon.colcon_core.verb:set package 'lslidar_msgs' build argument 'cmake_target_skip_unavailable' from command line to 'False'
[1.691s] Level 5:colcon.colcon_core.verb:set package 'lslidar_msgs' build argument 'cmake_clean_cache' from command line to 'False'
[1.691s] Level 5:colcon.colcon_core.verb:set package 'lslidar_msgs' build argument 'cmake_clean_first' from command line to 'False'
[1.692s] Level 5:colcon.colcon_core.verb:set package 'lslidar_msgs' build argument 'cmake_force_configure' from command line to 'False'
[1.692s] Level 5:colcon.colcon_core.verb:set package 'lslidar_msgs' build argument 'ament_cmake_args' from command line to 'None'
[1.692s] Level 5:colcon.colcon_core.verb:set package 'lslidar_msgs' build argument 'catkin_cmake_args' from command line to 'None'
[1.692s] Level 5:colcon.colcon_core.verb:set package 'lslidar_msgs' build argument 'catkin_skip_building_tests' from command line to 'False'
[1.692s] DEBUG:colcon.colcon_core.verb:Building package 'lslidar_msgs' with the following arguments: {'ament_cmake_args': None, 'build_base': '/home/fastbot/ros2_ws/real/build/lslidar_msgs', 'catkin_cmake_args': None, 'catkin_skip_building_tests': False, 'cmake_args': None, 'cmake_clean_cache': False, 'cmake_clean_first': False, 'cmake_force_configure': False, 'cmake_target': None, 'cmake_target_skip_unavailable': False, 'install_base': '/home/fastbot/ros2_ws/real/install/lslidar_msgs', 'merge_install': False, 'path': '/home/fastbot/ros2_ws/real/src/Lslidar_ROS2_driver/lslidar_msgs', 'symlink_install': False, 'test_result_base': None}
[1.693s] Level 5:colcon.colcon_core.verb:set package 'serial_motor_msgs' build argument 'cmake_args' from command line to 'None'
[1.694s] Level 5:colcon.colcon_core.verb:set package 'serial_motor_msgs' build argument 'cmake_target' from command line to 'None'
[1.694s] Level 5:colcon.colcon_core.verb:set package 'serial_motor_msgs' build argument 'cmake_target_skip_unavailable' from command line to 'False'
[1.694s] Level 5:colcon.colcon_core.verb:set package 'serial_motor_msgs' build argument 'cmake_clean_cache' from command line to 'False'
[1.694s] Level 5:colcon.colcon_core.verb:set package 'serial_motor_msgs' build argument 'cmake_clean_first' from command line to 'False'
[1.694s] Level 5:colcon.colcon_core.verb:set package 'serial_motor_msgs' build argument 'cmake_force_configure' from command line to 'False'
[1.694s] Level 5:colcon.colcon_core.verb:set package 'serial_motor_msgs' build argument 'ament_cmake_args' from command line to 'None'
[1.694s] Level 5:colcon.colcon_core.verb:set package 'serial_motor_msgs' build argument 'catkin_cmake_args' from command line to 'None'
[1.694s] Level 5:colcon.colcon_core.verb:set package 'serial_motor_msgs' build argument 'catkin_skip_building_tests' from command line to 'False'
[1.694s] DEBUG:colcon.colcon_core.verb:Building package 'serial_motor_msgs' with the following arguments: {'ament_cmake_args': None, 'build_base': '/home/fastbot/ros2_ws/real/build/serial_motor_msgs', 'catkin_cmake_args': None, 'catkin_skip_building_tests': False, 'cmake_args': None, 'cmake_clean_cache': False, 'cmake_clean_first': False, 'cmake_force_configure': False, 'cmake_target': None, 'cmake_target_skip_unavailable': False, 'install_base': '/home/fastbot/ros2_ws/real/install/serial_motor_msgs', 'merge_install': False, 'path': '/home/fastbot/ros2_ws/real/src/serial_motor_msgs', 'symlink_install': False, 'test_result_base': None}
[1.696s] Level 5:colcon.colcon_core.verb:set package 'lslidar_driver' build argument 'cmake_args' from command line to 'None'
[1.696s] Level 5:colcon.colcon_core.verb:set package 'lslidar_driver' build argument 'cmake_target' from command line to 'None'
[1.696s] Level 5:colcon.colcon_core.verb:set package 'lslidar_driver' build argument 'cmake_target_skip_unavailable' from command line to 'False'
[1.696s] Level 5:colcon.colcon_core.verb:set package 'lslidar_driver' build argument 'cmake_clean_cache' from command line to 'False'
[1.696s] Level 5:colcon.colcon_core.verb:set package 'lslidar_driver' build argument 'cmake_clean_first' from command line to 'False'
[1.696s] Level 5:colcon.colcon_core.verb:set package 'lslidar_driver' build argument 'cmake_force_configure' from command line to 'False'
[1.696s] Level 5:colcon.colcon_core.verb:set package 'lslidar_driver' build argument 'ament_cmake_args' from command line to 'None'
[1.697s] Level 5:colcon.colcon_core.verb:set package 'lslidar_driver' build argument 'catkin_cmake_args' from command line to 'None'
[1.697s] Level 5:colcon.colcon_core.verb:set package 'lslidar_driver' build argument 'catkin_skip_building_tests' from command line to 'False'
[1.697s] DEBUG:colcon.colcon_core.verb:Building package 'lslidar_driver' with the following arguments: {'ament_cmake_args': None, 'build_base': '/home/fastbot/ros2_ws/real/build/lslidar_driver', 'catkin_cmake_args': None, 'catkin_skip_building_tests': False, 'cmake_args': None, 'cmake_clean_cache': False, 'cmake_clean_first': False, 'cmake_force_configure': False, 'cmake_target': None, 'cmake_target_skip_unavailable': False, 'install_base': '/home/fastbot/ros2_ws/real/install/lslidar_driver', 'merge_install': False, 'path': '/home/fastbot/ros2_ws/real/src/Lslidar_ROS2_driver/lslidar_driver', 'symlink_install': False, 'test_result_base': None}
[1.698s] Level 5:colcon.colcon_core.verb:set package 'serial_motor' build argument 'cmake_args' from command line to 'None'
[1.698s] Level 5:colcon.colcon_core.verb:set package 'serial_motor' build argument 'cmake_target' from command line to 'None'
[1.698s] Level 5:colcon.colcon_core.verb:set package 'serial_motor' build argument 'cmake_target_skip_unavailable' from command line to 'False'
[1.698s] Level 5:colcon.colcon_core.verb:set package 'serial_motor' build argument 'cmake_clean_cache' from command line to 'False'
[1.699s] Level 5:colcon.colcon_core.verb:set package 'serial_motor' build argument 'cmake_clean_first' from command line to 'False'
[1.699s] Level 5:colcon.colcon_core.verb:set package 'serial_motor' build argument 'cmake_force_configure' from command line to 'False'
[1.699s] Level 5:colcon.colcon_core.verb:set package 'serial_motor' build argument 'ament_cmake_args' from command line to 'None'
[1.699s] Level 5:colcon.colcon_core.verb:set package 'serial_motor' build argument 'catkin_cmake_args' from command line to 'None'
[1.699s] Level 5:colcon.colcon_core.verb:set package 'serial_motor' build argument 'catkin_skip_building_tests' from command line to 'False'
[1.699s] DEBUG:colcon.colcon_core.verb:Building package 'serial_motor' with the following arguments: {'ament_cmake_args': None, 'build_base': '/home/fastbot/ros2_ws/real/build/serial_motor', 'catkin_cmake_args': None, 'catkin_skip_building_tests': False, 'cmake_args': None, 'cmake_clean_cache': False, 'cmake_clean_first': False, 'cmake_force_configure': False, 'cmake_target': None, 'cmake_target_skip_unavailable': False, 'install_base': '/home/fastbot/ros2_ws/real/install/serial_motor', 'merge_install': False, 'path': '/home/fastbot/ros2_ws/real/src/serial_motor', 'symlink_install': False, 'test_result_base': None}
[1.700s] INFO:colcon.colcon_core.executor:Executing jobs using 'parallel' executor
[1.703s] DEBUG:colcon.colcon_parallel_executor.executor.parallel:run_until_complete
[1.704s] INFO:colcon.colcon_ros.task.ament_cmake.build:Building ROS package in '/home/fastbot/ros2_ws/real/src/Lslidar_ROS2_driver/lslidar_msgs' with build type 'ament_cmake'
[1.704s] INFO:colcon.colcon_cmake.task.cmake.build:Building CMake package in '/home/fastbot/ros2_ws/real/src/Lslidar_ROS2_driver/lslidar_msgs'
[1.714s] INFO:colcon.colcon_core.plugin_system:Skipping extension 'colcon_core.shell.bat': Not used on non-Windows systems
[1.715s] INFO:colcon.colcon_core.shell:Skip shell extension 'powershell' for command environment: Not usable outside of PowerShell
[1.715s] DEBUG:colcon.colcon_core.shell:Skip shell extension 'dsv' for command environment
[1.740s] INFO:colcon.colcon_ros.task.ament_cmake.build:Building ROS package in '/home/fastbot/ros2_ws/real/src/serial_motor_msgs' with build type 'ament_cmake'
[1.741s] INFO:colcon.colcon_cmake.task.cmake.build:Building CMake package in '/home/fastbot/ros2_ws/real/src/serial_motor_msgs'
[1.742s] INFO:colcon.colcon_core.shell:Skip shell extension 'powershell' for command environment: Not usable outside of PowerShell
[1.742s] DEBUG:colcon.colcon_core.shell:Skip shell extension 'dsv' for command environment
[1.768s] INFO:colcon.colcon_ros.task.ament_cmake.build:Building ROS package in '/home/fastbot/ros2_ws/real/src/fastbot_bringup' with build type 'ament_cmake'
[1.768s] INFO:colcon.colcon_cmake.task.cmake.build:Building CMake package in '/home/fastbot/ros2_ws/real/src/fastbot_bringup'
[1.769s] INFO:colcon.colcon_core.shell:Skip shell extension 'powershell' for command environment: Not usable outside of PowerShell
[1.770s] DEBUG:colcon.colcon_core.shell:Skip shell extension 'dsv' for command environment
[1.795s] INFO:colcon.colcon_ros.task.ament_cmake.build:Building ROS package in '/home/fastbot/ros2_ws/real/src/fastbot_description' with build type 'ament_cmake'
[1.796s] INFO:colcon.colcon_cmake.task.cmake.build:Building CMake package in '/home/fastbot/ros2_ws/real/src/fastbot_description'
[1.797s] INFO:colcon.colcon_core.shell:Skip shell extension 'powershell' for command environment: Not usable outside of PowerShell
[1.798s] DEBUG:colcon.colcon_core.shell:Skip shell extension 'dsv' for command environment
[1.839s] DEBUG:colcon.colcon_core.event_handler.log_command:Invoking command in '/home/fastbot/ros2_ws/real/build/lslidar_msgs': CMAKE_PREFIX_PATH=${CMAKE_PREFIX_PATH}:/home/fastbot/ros2_ws/real/install/serial_motor:/home/fastbot/ros2_ws/install/serial_motor:/home/fastbot/ros2_ws/install/serial_motor_msgs:/home/fastbot/ros2_ws/install/lslidar_driver:/home/fastbot/ros2_ws/install/lslidar_msgs:/home/fastbot/ros2_ws/install/fastbot_description:/home/fastbot/ros2_ws/install/fastbot_bringup:/opt/ros/humble /usr/bin/cmake --build /home/fastbot/ros2_ws/real/build/lslidar_msgs -- -j4 -l4
[1.862s] DEBUG:colcon.colcon_core.event_handler.log_command:Invoking command in '/home/fastbot/ros2_ws/real/build/serial_motor_msgs': CMAKE_PREFIX_PATH=${CMAKE_PREFIX_PATH}:/home/fastbot/ros2_ws/real/install/serial_motor:/home/fastbot/ros2_ws/install/serial_motor:/home/fastbot/ros2_ws/install/serial_motor_msgs:/home/fastbot/ros2_ws/install/lslidar_driver:/home/fastbot/ros2_ws/install/lslidar_msgs:/home/fastbot/ros2_ws/install/fastbot_description:/home/fastbot/ros2_ws/install/fastbot_bringup:/opt/ros/humble /usr/bin/cmake --build /home/fastbot/ros2_ws/real/build/serial_motor_msgs -- -j4 -l4
[1.879s] DEBUG:colcon.colcon_core.event_handler.log_command:Invoking command in '/home/fastbot/ros2_ws/real/build/fastbot_bringup': CMAKE_PREFIX_PATH=${CMAKE_PREFIX_PATH}:/home/fastbot/ros2_ws/real/install/serial_motor:/home/fastbot/ros2_ws/install/serial_motor:/home/fastbot/ros2_ws/install/serial_motor_msgs:/home/fastbot/ros2_ws/install/lslidar_driver:/home/fastbot/ros2_ws/install/lslidar_msgs:/home/fastbot/ros2_ws/install/fastbot_description:/home/fastbot/ros2_ws/install/fastbot_bringup:/opt/ros/humble /usr/bin/cmake --build /home/fastbot/ros2_ws/real/build/fastbot_bringup -- -j4 -l4
[1.914s] DEBUG:colcon.colcon_core.event_handler.log_command:Invoking command in '/home/fastbot/ros2_ws/real/build/fastbot_description': CMAKE_PREFIX_PATH=${CMAKE_PREFIX_PATH}:/home/fastbot/ros2_ws/real/install/serial_motor:/home/fastbot/ros2_ws/install/serial_motor:/home/fastbot/ros2_ws/install/serial_motor_msgs:/home/fastbot/ros2_ws/install/lslidar_driver:/home/fastbot/ros2_ws/install/lslidar_msgs:/home/fastbot/ros2_ws/install/fastbot_description:/home/fastbot/ros2_ws/install/fastbot_bringup:/opt/ros/humble /usr/bin/cmake --build /home/fastbot/ros2_ws/real/build/fastbot_description -- -j4 -l4
[3.598s] DEBUG:colcon.colcon_core.event_handler.log_command:Invoked command in '/home/fastbot/ros2_ws/real/build/fastbot_bringup' returned '0': CMAKE_PREFIX_PATH=${CMAKE_PREFIX_PATH}:/home/fastbot/ros2_ws/real/install/serial_motor:/home/fastbot/ros2_ws/install/serial_motor:/home/fastbot/ros2_ws/install/serial_motor_msgs:/home/fastbot/ros2_ws/install/lslidar_driver:/home/fastbot/ros2_ws/install/lslidar_msgs:/home/fastbot/ros2_ws/install/fastbot_description:/home/fastbot/ros2_ws/install/fastbot_bringup:/opt/ros/humble /usr/bin/cmake --build /home/fastbot/ros2_ws/real/build/fastbot_bringup -- -j4 -l4
[3.648s] DEBUG:colcon.colcon_core.event_handler.log_command:Invoking command in '/home/fastbot/ros2_ws/real/build/fastbot_bringup': CMAKE_PREFIX_PATH=${CMAKE_PREFIX_PATH}:/home/fastbot/ros2_ws/real/install/serial_motor:/home/fastbot/ros2_ws/install/serial_motor:/home/fastbot/ros2_ws/install/serial_motor_msgs:/home/fastbot/ros2_ws/install/lslidar_driver:/home/fastbot/ros2_ws/install/lslidar_msgs:/home/fastbot/ros2_ws/install/fastbot_description:/home/fastbot/ros2_ws/install/fastbot_bringup:/opt/ros/humble /usr/bin/cmake --install /home/fastbot/ros2_ws/real/build/fastbot_bringup
[3.674s] DEBUG:colcon.colcon_core.event_handler.log_command:Invoked command in '/home/fastbot/ros2_ws/real/build/fastbot_description' returned '0': CMAKE_PREFIX_PATH=${CMAKE_PREFIX_PATH}:/home/fastbot/ros2_ws/real/install/serial_motor:/home/fastbot/ros2_ws/install/serial_motor:/home/fastbot/ros2_ws/install/serial_motor_msgs:/home/fastbot/ros2_ws/install/lslidar_driver:/home/fastbot/ros2_ws/install/lslidar_msgs:/home/fastbot/ros2_ws/install/fastbot_description:/home/fastbot/ros2_ws/install/fastbot_bringup:/opt/ros/humble /usr/bin/cmake --build /home/fastbot/ros2_ws/real/build/fastbot_description -- -j4 -l4
[3.684s] DEBUG:colcon.colcon_core.event_handler.log_command:Invoking command in '/home/fastbot/ros2_ws/real/build/fastbot_description': CMAKE_PREFIX_PATH=${CMAKE_PREFIX_PATH}:/home/fastbot/ros2_ws/real/install/serial_motor:/home/fastbot/ros2_ws/install/serial_motor:/home/fastbot/ros2_ws/install/serial_motor_msgs:/home/fastbot/ros2_ws/install/lslidar_driver:/home/fastbot/ros2_ws/install/lslidar_msgs:/home/fastbot/ros2_ws/install/fastbot_description:/home/fastbot/ros2_ws/install/fastbot_bringup:/opt/ros/humble /usr/bin/cmake --install /home/fastbot/ros2_ws/real/build/fastbot_description
[3.754s] Level 1:colcon.colcon_core.environment:create_environment_scripts_only(fastbot_bringup)
[3.779s] DEBUG:colcon.colcon_core.event_handler.log_command:Invoked command in '/home/fastbot/ros2_ws/real/build/fastbot_bringup' returned '0': CMAKE_PREFIX_PATH=${CMAKE_PREFIX_PATH}:/home/fastbot/ros2_ws/real/install/serial_motor:/home/fastbot/ros2_ws/install/serial_motor:/home/fastbot/ros2_ws/install/serial_motor_msgs:/home/fastbot/ros2_ws/install/lslidar_driver:/home/fastbot/ros2_ws/install/lslidar_msgs:/home/fastbot/ros2_ws/install/fastbot_description:/home/fastbot/ros2_ws/install/fastbot_bringup:/opt/ros/humble /usr/bin/cmake --install /home/fastbot/ros2_ws/real/build/fastbot_bringup
[3.789s] Level 1:colcon.colcon_core.environment:checking '/home/fastbot/ros2_ws/real/install/fastbot_bringup' for CMake module files
[3.798s] Level 1:colcon.colcon_core.environment:checking '/home/fastbot/ros2_ws/real/install/fastbot_bringup' for CMake config files
[3.799s] Level 1:colcon.colcon_core.shell:create_environment_hook('fastbot_bringup', 'cmake_prefix_path')
[3.800s] INFO:colcon.colcon_core.shell:Creating environment hook '/home/fastbot/ros2_ws/real/install/fastbot_bringup/share/fastbot_bringup/hook/cmake_prefix_path.ps1'
[3.804s] INFO:colcon.colcon_core.shell:Creating environment descriptor '/home/fastbot/ros2_ws/real/install/fastbot_bringup/share/fastbot_bringup/hook/cmake_prefix_path.dsv'
[3.806s] INFO:colcon.colcon_core.shell:Creating environment hook '/home/fastbot/ros2_ws/real/install/fastbot_bringup/share/fastbot_bringup/hook/cmake_prefix_path.sh'
[3.811s] Level 1:colcon.colcon_core.environment:checking '/home/fastbot/ros2_ws/real/install/fastbot_bringup/bin'
[3.812s] Level 1:colcon.colcon_core.environment:checking '/home/fastbot/ros2_ws/real/install/fastbot_bringup/lib/pkgconfig/fastbot_bringup.pc'
[3.813s] Level 1:colcon.colcon_core.environment:checking '/home/fastbot/ros2_ws/real/install/fastbot_bringup/lib/python3.10/site-packages'
[3.814s] Level 1:colcon.colcon_core.environment:checking '/home/fastbot/ros2_ws/real/install/fastbot_bringup/bin'
[3.816s] INFO:colcon.colcon_core.shell:Creating package script '/home/fastbot/ros2_ws/real/install/fastbot_bringup/share/fastbot_bringup/package.ps1'
[3.821s] INFO:colcon.colcon_core.shell:Creating package descriptor '/home/fastbot/ros2_ws/real/install/fastbot_bringup/share/fastbot_bringup/package.dsv'
[3.825s] INFO:colcon.colcon_core.shell:Creating package script '/home/fastbot/ros2_ws/real/install/fastbot_bringup/share/fastbot_bringup/package.sh'
[3.829s] INFO:colcon.colcon_core.shell:Creating package script '/home/fastbot/ros2_ws/real/install/fastbot_bringup/share/fastbot_bringup/package.bash'
[3.833s] INFO:colcon.colcon_core.shell:Creating package script '/home/fastbot/ros2_ws/real/install/fastbot_bringup/share/fastbot_bringup/package.zsh'
[3.838s] Level 1:colcon.colcon_core.environment:create_file_with_runtime_dependencies(/home/fastbot/ros2_ws/real/install/fastbot_bringup/share/colcon-core/packages/fastbot_bringup)
[3.841s] Level 1:colcon.colcon_core.environment:create_environment_scripts_only(fastbot_bringup)
[3.842s] Level 1:colcon.colcon_core.environment:checking '/home/fastbot/ros2_ws/real/install/fastbot_bringup' for CMake module files
[3.846s] Level 1:colcon.colcon_core.environment:checking '/home/fastbot/ros2_ws/real/install/fastbot_bringup' for CMake config files
[3.849s] Level 1:colcon.colcon_core.shell:create_environment_hook('fastbot_bringup', 'cmake_prefix_path')
[3.851s] INFO:colcon.colcon_core.shell:Creating environment hook '/home/fastbot/ros2_ws/real/install/fastbot_bringup/share/fastbot_bringup/hook/cmake_prefix_path.ps1'
[3.856s] INFO:colcon.colcon_core.shell:Creating environment descriptor '/home/fastbot/ros2_ws/real/install/fastbot_bringup/share/fastbot_bringup/hook/cmake_prefix_path.dsv'
[3.860s] INFO:colcon.colcon_core.shell:Creating environment hook '/home/fastbot/ros2_ws/real/install/fastbot_bringup/share/fastbot_bringup/hook/cmake_prefix_path.sh'
[3.863s] Level 1:colcon.colcon_core.environment:checking '/home/fastbot/ros2_ws/real/install/fastbot_bringup/bin'
[3.864s] Level 1:colcon.colcon_core.environment:checking '/home/fastbot/ros2_ws/real/install/fastbot_bringup/lib/pkgconfig/fastbot_bringup.pc'
[3.865s] Level 1:colcon.colcon_core.environment:checking '/home/fastbot/ros2_ws/real/install/fastbot_bringup/lib/python3.10/site-packages'
[3.867s] Level 1:colcon.colcon_core.environment:checking '/home/fastbot/ros2_ws/real/install/fastbot_bringup/bin'
[3.869s] INFO:colcon.colcon_core.shell:Creating package script '/home/fastbot/ros2_ws/real/install/fastbot_bringup/share/fastbot_bringup/package.ps1'
[3.872s] INFO:colcon.colcon_core.shell:Creating package descriptor '/home/fastbot/ros2_ws/real/install/fastbot_bringup/share/fastbot_bringup/package.dsv'
[3.876s] INFO:colcon.colcon_core.shell:Creating package script '/home/fastbot/ros2_ws/real/install/fastbot_bringup/share/fastbot_bringup/package.sh'
[3.880s] INFO:colcon.colcon_core.shell:Creating package script '/home/fastbot/ros2_ws/real/install/fastbot_bringup/share/fastbot_bringup/package.bash'
[3.883s] INFO:colcon.colcon_core.shell:Creating package script '/home/fastbot/ros2_ws/real/install/fastbot_bringup/share/fastbot_bringup/package.zsh'
[3.886s] Level 1:colcon.colcon_core.environment:create_file_with_runtime_dependencies(/home/fastbot/ros2_ws/real/install/fastbot_bringup/share/colcon-core/packages/fastbot_bringup)
[3.889s] INFO:colcon.colcon_ros.task.ament_cmake.build:Building ROS package in '/home/fastbot/ros2_ws/real/src/fastbot_slam_real' with build type 'ament_cmake'
[3.890s] INFO:colcon.colcon_cmake.task.cmake.build:Building CMake package in '/home/fastbot/ros2_ws/real/src/fastbot_slam_real'
[3.891s] INFO:colcon.colcon_core.shell:Skip shell extension 'powershell' for command environment: Not usable outside of PowerShell
[3.891s] DEBUG:colcon.colcon_core.shell:Skip shell extension 'dsv' for command environment
[3.926s] Level 1:colcon.colcon_core.environment:create_environment_scripts_only(fastbot_description)
[3.928s] DEBUG:colcon.colcon_core.event_handler.log_command:Invoked command in '/home/fastbot/ros2_ws/real/build/fastbot_description' returned '0': CMAKE_PREFIX_PATH=${CMAKE_PREFIX_PATH}:/home/fastbot/ros2_ws/real/install/serial_motor:/home/fastbot/ros2_ws/install/serial_motor:/home/fastbot/ros2_ws/install/serial_motor_msgs:/home/fastbot/ros2_ws/install/lslidar_driver:/home/fastbot/ros2_ws/install/lslidar_msgs:/home/fastbot/ros2_ws/install/fastbot_description:/home/fastbot/ros2_ws/install/fastbot_bringup:/opt/ros/humble /usr/bin/cmake --install /home/fastbot/ros2_ws/real/build/fastbot_description
[3.929s] Level 1:colcon.colcon_core.environment:checking '/home/fastbot/ros2_ws/real/install/fastbot_description' for CMake module files
[3.933s] Level 1:colcon.colcon_core.environment:checking '/home/fastbot/ros2_ws/real/install/fastbot_description' for CMake config files
[3.936s] Level 1:colcon.colcon_core.shell:create_environment_hook('fastbot_description', 'cmake_prefix_path')
[3.937s] INFO:colcon.colcon_core.shell:Creating environment hook '/home/fastbot/ros2_ws/real/install/fastbot_description/share/fastbot_description/hook/cmake_prefix_path.ps1'
[3.939s] INFO:colcon.colcon_core.shell:Creating environment descriptor '/home/fastbot/ros2_ws/real/install/fastbot_description/share/fastbot_description/hook/cmake_prefix_path.dsv'
[3.942s] INFO:colcon.colcon_core.shell:Creating environment hook '/home/fastbot/ros2_ws/real/install/fastbot_description/share/fastbot_description/hook/cmake_prefix_path.sh'
[3.945s] Level 1:colcon.colcon_core.environment:checking '/home/fastbot/ros2_ws/real/install/fastbot_description/bin'
[3.946s] Level 1:colcon.colcon_core.environment:checking '/home/fastbot/ros2_ws/real/install/fastbot_description/lib/pkgconfig/fastbot_description.pc'
[3.947s] Level 1:colcon.colcon_core.environment:checking '/home/fastbot/ros2_ws/real/install/fastbot_description/lib/python3.10/site-packages'
[3.948s] Level 1:colcon.colcon_core.environment:checking '/home/fastbot/ros2_ws/real/install/fastbot_description/bin'
[3.949s] INFO:colcon.colcon_core.shell:Creating package script '/home/fastbot/ros2_ws/real/install/fastbot_description/share/fastbot_description/package.ps1'
[3.952s] INFO:colcon.colcon_core.shell:Creating package descriptor '/home/fastbot/ros2_ws/real/install/fastbot_description/share/fastbot_description/package.dsv'
[3.955s] INFO:colcon.colcon_core.shell:Creating package script '/home/fastbot/ros2_ws/real/install/fastbot_description/share/fastbot_description/package.sh'
[3.959s] INFO:colcon.colcon_core.shell:Creating package script '/home/fastbot/ros2_ws/real/install/fastbot_description/share/fastbot_description/package.bash'
[3.963s] INFO:colcon.colcon_core.shell:Creating package script '/home/fastbot/ros2_ws/real/install/fastbot_description/share/fastbot_description/package.zsh'
[3.965s] Level 1:colcon.colcon_core.environment:create_file_with_runtime_dependencies(/home/fastbot/ros2_ws/real/install/fastbot_description/share/colcon-core/packages/fastbot_description)
[3.969s] Level 1:colcon.colcon_core.environment:create_environment_scripts_only(fastbot_description)
[3.970s] Level 1:colcon.colcon_core.environment:checking '/home/fastbot/ros2_ws/real/install/fastbot_description' for CMake module files
[3.973s] Level 1:colcon.colcon_core.environment:checking '/home/fastbot/ros2_ws/real/install/fastbot_description' for CMake config files
[3.974s] Level 1:colcon.colcon_core.shell:create_environment_hook('fastbot_description', 'cmake_prefix_path')
[3.975s] INFO:colcon.colcon_core.shell:Creating environment hook '/home/fastbot/ros2_ws/real/install/fastbot_description/share/fastbot_description/hook/cmake_prefix_path.ps1'
[3.978s] INFO:colcon.colcon_core.shell:Creating environment descriptor '/home/fastbot/ros2_ws/real/install/fastbot_description/share/fastbot_description/hook/cmake_prefix_path.dsv'
[3.980s] INFO:colcon.colcon_core.shell:Creating environment hook '/home/fastbot/ros2_ws/real/install/fastbot_description/share/fastbot_description/hook/cmake_prefix_path.sh'
[3.984s] Level 1:colcon.colcon_core.environment:checking '/home/fastbot/ros2_ws/real/install/fastbot_description/bin'
[3.984s] Level 1:colcon.colcon_core.environment:checking '/home/fastbot/ros2_ws/real/install/fastbot_description/lib/pkgconfig/fastbot_description.pc'
[3.985s] Level 1:colcon.colcon_core.environment:checking '/home/fastbot/ros2_ws/real/install/fastbot_description/lib/python3.10/site-packages'
[3.986s] Level 1:colcon.colcon_core.environment:checking '/home/fastbot/ros2_ws/real/install/fastbot_description/bin'
[3.988s] INFO:colcon.colcon_core.shell:Creating package script '/home/fastbot/ros2_ws/real/install/fastbot_description/share/fastbot_description/package.ps1'
[3.991s] INFO:colcon.colcon_core.shell:Creating package descriptor '/home/fastbot/ros2_ws/real/install/fastbot_description/share/fastbot_description/package.dsv'
[3.997s] INFO:colcon.colcon_core.shell:Creating package script '/home/fastbot/ros2_ws/real/install/fastbot_description/share/fastbot_description/package.sh'
[4.002s] INFO:colcon.colcon_core.shell:Creating package script '/home/fastbot/ros2_ws/real/install/fastbot_description/share/fastbot_description/package.bash'
[4.007s] INFO:colcon.colcon_core.shell:Creating package script '/home/fastbot/ros2_ws/real/install/fastbot_description/share/fastbot_description/package.zsh'
[4.011s] Level 1:colcon.colcon_core.environment:create_file_with_runtime_dependencies(/home/fastbot/ros2_ws/real/install/fastbot_description/share/colcon-core/packages/fastbot_description)
[4.044s] DEBUG:colcon.colcon_core.event_handler.log_command:Invoking command in '/home/fastbot/ros2_ws/real/build/fastbot_slam_real': CMAKE_PREFIX_PATH=${CMAKE_PREFIX_PATH}:/home/fastbot/ros2_ws/real/install/serial_motor:/home/fastbot/ros2_ws/install/serial_motor:/home/fastbot/ros2_ws/install/serial_motor_msgs:/home/fastbot/ros2_ws/install/lslidar_driver:/home/fastbot/ros2_ws/install/lslidar_msgs:/home/fastbot/ros2_ws/install/fastbot_description:/home/fastbot/ros2_ws/install/fastbot_bringup:/opt/ros/humble /usr/bin/cmake --build /home/fastbot/ros2_ws/real/build/fastbot_slam_real -- -j4 -l4
[4.235s] DEBUG:colcon.colcon_core.event_handler.log_command:Invoked command in '/home/fastbot/ros2_ws/real/build/fastbot_slam_real' returned '0': CMAKE_PREFIX_PATH=${CMAKE_PREFIX_PATH}:/home/fastbot/ros2_ws/real/install/serial_motor:/home/fastbot/ros2_ws/install/serial_motor:/home/fastbot/ros2_ws/install/serial_motor_msgs:/home/fastbot/ros2_ws/install/lslidar_driver:/home/fastbot/ros2_ws/install/lslidar_msgs:/home/fastbot/ros2_ws/install/fastbot_description:/home/fastbot/ros2_ws/install/fastbot_bringup:/opt/ros/humble /usr/bin/cmake --build /home/fastbot/ros2_ws/real/build/fastbot_slam_real -- -j4 -l4
[4.237s] DEBUG:colcon.colcon_core.event_handler.log_command:Invoking command in '/home/fastbot/ros2_ws/real/build/fastbot_slam_real': CMAKE_PREFIX_PATH=${CMAKE_PREFIX_PATH}:/home/fastbot/ros2_ws/real/install/serial_motor:/home/fastbot/ros2_ws/install/serial_motor:/home/fastbot/ros2_ws/install/serial_motor_msgs:/home/fastbot/ros2_ws/install/lslidar_driver:/home/fastbot/ros2_ws/install/lslidar_msgs:/home/fastbot/ros2_ws/install/fastbot_description:/home/fastbot/ros2_ws/install/fastbot_bringup:/opt/ros/humble /usr/bin/cmake --install /home/fastbot/ros2_ws/real/build/fastbot_slam_real
[4.320s] Level 1:colcon.colcon_core.environment:create_environment_scripts_only(fastbot_slam_real)
[4.321s] Level 1:colcon.colcon_core.environment:checking '/home/fastbot/ros2_ws/real/install/fastbot_slam_real' for CMake module files
[4.333s] Level 1:colcon.colcon_core.environment:checking '/home/fastbot/ros2_ws/real/install/fastbot_slam_real' for CMake config files
[4.344s] Level 1:colcon.colcon_core.shell:create_environment_hook('fastbot_slam_real', 'cmake_prefix_path')
[4.345s] INFO:colcon.colcon_core.shell:Creating environment hook '/home/fastbot/ros2_ws/real/install/fastbot_slam_real/share/fastbot_slam_real/hook/cmake_prefix_path.ps1'
[4.347s] DEBUG:colcon.colcon_core.event_handler.log_command:Invoked command in '/home/fastbot/ros2_ws/real/build/fastbot_slam_real' returned '0': CMAKE_PREFIX_PATH=${CMAKE_PREFIX_PATH}:/home/fastbot/ros2_ws/real/install/serial_motor:/home/fastbot/ros2_ws/install/serial_motor:/home/fastbot/ros2_ws/install/serial_motor_msgs:/home/fastbot/ros2_ws/install/lslidar_driver:/home/fastbot/ros2_ws/install/lslidar_msgs:/home/fastbot/ros2_ws/install/fastbot_description:/home/fastbot/ros2_ws/install/fastbot_bringup:/opt/ros/humble /usr/bin/cmake --install /home/fastbot/ros2_ws/real/build/fastbot_slam_real
[4.349s] INFO:colcon.colcon_core.shell:Creating environment descriptor '/home/fastbot/ros2_ws/real/install/fastbot_slam_real/share/fastbot_slam_real/hook/cmake_prefix_path.dsv'
[4.351s] INFO:colcon.colcon_core.shell:Creating environment hook '/home/fastbot/ros2_ws/real/install/fastbot_slam_real/share/fastbot_slam_real/hook/cmake_prefix_path.sh'
[4.355s] Level 1:colcon.colcon_core.environment:checking '/home/fastbot/ros2_ws/real/install/fastbot_slam_real/bin'
[4.355s] Level 1:colcon.colcon_core.environment:checking '/home/fastbot/ros2_ws/real/install/fastbot_slam_real/lib/pkgconfig/fastbot_slam_real.pc'
[4.356s] Level 1:colcon.colcon_core.environment:checking '/home/fastbot/ros2_ws/real/install/fastbot_slam_real/lib/python3.10/site-packages'
[4.357s] Level 1:colcon.colcon_core.environment:checking '/home/fastbot/ros2_ws/real/install/fastbot_slam_real/bin'
[4.359s] INFO:colcon.colcon_core.shell:Creating package script '/home/fastbot/ros2_ws/real/install/fastbot_slam_real/share/fastbot_slam_real/package.ps1'
[4.362s] INFO:colcon.colcon_core.shell:Creating package descriptor '/home/fastbot/ros2_ws/real/install/fastbot_slam_real/share/fastbot_slam_real/package.dsv'
[4.364s] INFO:colcon.colcon_core.shell:Creating package script '/home/fastbot/ros2_ws/real/install/fastbot_slam_real/share/fastbot_slam_real/package.sh'
[4.367s] INFO:colcon.colcon_core.shell:Creating package script '/home/fastbot/ros2_ws/real/install/fastbot_slam_real/share/fastbot_slam_real/package.bash'
[4.369s] INFO:colcon.colcon_core.shell:Creating package script '/home/fastbot/ros2_ws/real/install/fastbot_slam_real/share/fastbot_slam_real/package.zsh'
[4.372s] Level 1:colcon.colcon_core.environment:create_file_with_runtime_dependencies(/home/fastbot/ros2_ws/real/install/fastbot_slam_real/share/colcon-core/packages/fastbot_slam_real)
[4.375s] Level 1:colcon.colcon_core.environment:create_environment_scripts_only(fastbot_slam_real)
[4.376s] Level 1:colcon.colcon_core.environment:checking '/home/fastbot/ros2_ws/real/install/fastbot_slam_real' for CMake module files
[4.379s] Level 1:colcon.colcon_core.environment:checking '/home/fastbot/ros2_ws/real/install/fastbot_slam_real' for CMake config files
[4.381s] Level 1:colcon.colcon_core.shell:create_environment_hook('fastbot_slam_real', 'cmake_prefix_path')
[4.382s] INFO:colcon.colcon_core.shell:Creating environment hook '/home/fastbot/ros2_ws/real/install/fastbot_slam_real/share/fastbot_slam_real/hook/cmake_prefix_path.ps1'
[4.384s] INFO:colcon.colcon_core.shell:Creating environment descriptor '/home/fastbot/ros2_ws/real/install/fastbot_slam_real/share/fastbot_slam_real/hook/cmake_prefix_path.dsv'
[4.386s] INFO:colcon.colcon_core.shell:Creating environment hook '/home/fastbot/ros2_ws/real/install/fastbot_slam_real/share/fastbot_slam_real/hook/cmake_prefix_path.sh'
[4.390s] Level 1:colcon.colcon_core.environment:checking '/home/fastbot/ros2_ws/real/install/fastbot_slam_real/bin'
[4.390s] Level 1:colcon.colcon_core.environment:checking '/home/fastbot/ros2_ws/real/install/fastbot_slam_real/lib/pkgconfig/fastbot_slam_real.pc'
[4.391s] Level 1:colcon.colcon_core.environment:checking '/home/fastbot/ros2_ws/real/install/fastbot_slam_real/lib/python3.10/site-packages'
[4.393s] Level 1:colcon.colcon_core.environment:checking '/home/fastbot/ros2_ws/real/install/fastbot_slam_real/bin'
[4.394s] INFO:colcon.colcon_core.shell:Creating package script '/home/fastbot/ros2_ws/real/install/fastbot_slam_real/share/fastbot_slam_real/package.ps1'
[4.397s] INFO:colcon.colcon_core.shell:Creating package descriptor '/home/fastbot/ros2_ws/real/install/fastbot_slam_real/share/fastbot_slam_real/package.dsv'
[4.401s] INFO:colcon.colcon_core.shell:Creating package script '/home/fastbot/ros2_ws/real/install/fastbot_slam_real/share/fastbot_slam_real/package.sh'
[4.405s] INFO:colcon.colcon_core.shell:Creating package script '/home/fastbot/ros2_ws/real/install/fastbot_slam_real/share/fastbot_slam_real/package.bash'
[4.410s] INFO:colcon.colcon_core.shell:Creating package script '/home/fastbot/ros2_ws/real/install/fastbot_slam_real/share/fastbot_slam_real/package.zsh'
[4.413s] Level 1:colcon.colcon_core.environment:create_file_with_runtime_dependencies(/home/fastbot/ros2_ws/real/install/fastbot_slam_real/share/colcon-core/packages/fastbot_slam_real)
[10.333s] DEBUG:colcon.colcon_core.event_handler.log_command:Invoked command in '/home/fastbot/ros2_ws/real/build/serial_motor_msgs' returned '0': CMAKE_PREFIX_PATH=${CMAKE_PREFIX_PATH}:/home/fastbot/ros2_ws/real/install/serial_motor:/home/fastbot/ros2_ws/install/serial_motor:/home/fastbot/ros2_ws/install/serial_motor_msgs:/home/fastbot/ros2_ws/install/lslidar_driver:/home/fastbot/ros2_ws/install/lslidar_msgs:/home/fastbot/ros2_ws/install/fastbot_description:/home/fastbot/ros2_ws/install/fastbot_bringup:/opt/ros/humble /usr/bin/cmake --build /home/fastbot/ros2_ws/real/build/serial_motor_msgs -- -j4 -l4
[10.342s] DEBUG:colcon.colcon_core.event_handler.log_command:Invoking command in '/home/fastbot/ros2_ws/real/build/serial_motor_msgs': CMAKE_PREFIX_PATH=${CMAKE_PREFIX_PATH}:/home/fastbot/ros2_ws/real/install/serial_motor:/home/fastbot/ros2_ws/install/serial_motor:/home/fastbot/ros2_ws/install/serial_motor_msgs:/home/fastbot/ros2_ws/install/lslidar_driver:/home/fastbot/ros2_ws/install/lslidar_msgs:/home/fastbot/ros2_ws/install/fastbot_description:/home/fastbot/ros2_ws/install/fastbot_bringup:/opt/ros/humble /usr/bin/cmake --install /home/fastbot/ros2_ws/real/build/serial_motor_msgs
[10.714s] Level 1:colcon.colcon_core.environment:create_environment_scripts_only(serial_motor_msgs)
[10.715s] Level 1:colcon.colcon_core.environment:checking '/home/fastbot/ros2_ws/real/install/serial_motor_msgs' for CMake module files
[10.717s] DEBUG:colcon.colcon_core.event_handler.log_command:Invoked command in '/home/fastbot/ros2_ws/real/build/serial_motor_msgs' returned '0': CMAKE_PREFIX_PATH=${CMAKE_PREFIX_PATH}:/home/fastbot/ros2_ws/real/install/serial_motor:/home/fastbot/ros2_ws/install/serial_motor:/home/fastbot/ros2_ws/install/serial_motor_msgs:/home/fastbot/ros2_ws/install/lslidar_driver:/home/fastbot/ros2_ws/install/lslidar_msgs:/home/fastbot/ros2_ws/install/fastbot_description:/home/fastbot/ros2_ws/install/fastbot_bringup:/opt/ros/humble /usr/bin/cmake --install /home/fastbot/ros2_ws/real/build/serial_motor_msgs
[10.720s] Level 1:colcon.colcon_core.environment:checking '/home/fastbot/ros2_ws/real/install/serial_motor_msgs' for CMake config files
[10.724s] Level 1:colcon.colcon_core.shell:create_environment_hook('serial_motor_msgs', 'cmake_prefix_path')
[10.725s] INFO:colcon.colcon_core.shell:Creating environment hook '/home/fastbot/ros2_ws/real/install/serial_motor_msgs/share/serial_motor_msgs/hook/cmake_prefix_path.ps1'
[10.727s] INFO:colcon.colcon_core.shell:Creating environment descriptor '/home/fastbot/ros2_ws/real/install/serial_motor_msgs/share/serial_motor_msgs/hook/cmake_prefix_path.dsv'
[10.729s] INFO:colcon.colcon_core.shell:Creating environment hook '/home/fastbot/ros2_ws/real/install/serial_motor_msgs/share/serial_motor_msgs/hook/cmake_prefix_path.sh'
[10.732s] Level 1:colcon.colcon_core.environment:checking '/home/fastbot/ros2_ws/real/install/serial_motor_msgs/lib'
[10.733s] Level 1:colcon.colcon_core.shell:create_environment_hook('serial_motor_msgs', 'ld_library_path_lib')
[10.734s] INFO:colcon.colcon_core.shell:Creating environment hook '/home/fastbot/ros2_ws/real/install/serial_motor_msgs/share/serial_motor_msgs/hook/ld_library_path_lib.ps1'
[10.736s] INFO:colcon.colcon_core.shell:Creating environment descriptor '/home/fastbot/ros2_ws/real/install/serial_motor_msgs/share/serial_motor_msgs/hook/ld_library_path_lib.dsv'
[10.738s] INFO:colcon.colcon_core.shell:Creating environment hook '/home/fastbot/ros2_ws/real/install/serial_motor_msgs/share/serial_motor_msgs/hook/ld_library_path_lib.sh'
[10.741s] Level 1:colcon.colcon_core.environment:checking '/home/fastbot/ros2_ws/real/install/serial_motor_msgs/bin'
[10.741s] Level 1:colcon.colcon_core.environment:checking '/home/fastbot/ros2_ws/real/install/serial_motor_msgs/lib/pkgconfig/serial_motor_msgs.pc'
[10.742s] Level 1:colcon.colcon_core.environment:checking '/home/fastbot/ros2_ws/real/install/serial_motor_msgs/lib/python3.10/site-packages'
[10.743s] Level 1:colcon.colcon_core.environment:checking '/home/fastbot/ros2_ws/real/install/serial_motor_msgs/bin'
[10.745s] INFO:colcon.colcon_core.shell:Creating package script '/home/fastbot/ros2_ws/real/install/serial_motor_msgs/share/serial_motor_msgs/package.ps1'
[10.747s] INFO:colcon.colcon_core.shell:Creating package descriptor '/home/fastbot/ros2_ws/real/install/serial_motor_msgs/share/serial_motor_msgs/package.dsv'
[10.749s] INFO:colcon.colcon_core.shell:Creating package script '/home/fastbot/ros2_ws/real/install/serial_motor_msgs/share/serial_motor_msgs/package.sh'
[10.752s] INFO:colcon.colcon_core.shell:Creating package script '/home/fastbot/ros2_ws/real/install/serial_motor_msgs/share/serial_motor_msgs/package.bash'
[10.754s] INFO:colcon.colcon_core.shell:Creating package script '/home/fastbot/ros2_ws/real/install/serial_motor_msgs/share/serial_motor_msgs/package.zsh'
[10.756s] Level 1:colcon.colcon_core.environment:create_file_with_runtime_dependencies(/home/fastbot/ros2_ws/real/install/serial_motor_msgs/share/colcon-core/packages/serial_motor_msgs)
[10.759s] Level 1:colcon.colcon_core.environment:create_environment_scripts_only(serial_motor_msgs)
[10.760s] Level 1:colcon.colcon_core.environment:checking '/home/fastbot/ros2_ws/real/install/serial_motor_msgs' for CMake module files
[10.765s] Level 1:colcon.colcon_core.environment:checking '/home/fastbot/ros2_ws/real/install/serial_motor_msgs' for CMake config files
[10.768s] Level 1:colcon.colcon_core.shell:create_environment_hook('serial_motor_msgs', 'cmake_prefix_path')
[10.769s] INFO:colcon.colcon_core.shell:Creating environment hook '/home/fastbot/ros2_ws/real/install/serial_motor_msgs/share/serial_motor_msgs/hook/cmake_prefix_path.ps1'
[10.771s] INFO:colcon.colcon_core.shell:Creating environment descriptor '/home/fastbot/ros2_ws/real/install/serial_motor_msgs/share/serial_motor_msgs/hook/cmake_prefix_path.dsv'
[10.773s] INFO:colcon.colcon_core.shell:Creating environment hook '/home/fastbot/ros2_ws/real/install/serial_motor_msgs/share/serial_motor_msgs/hook/cmake_prefix_path.sh'
[10.776s] Level 1:colcon.colcon_core.environment:checking '/home/fastbot/ros2_ws/real/install/serial_motor_msgs/lib'
[10.777s] Level 1:colcon.colcon_core.shell:create_environment_hook('serial_motor_msgs', 'ld_library_path_lib')
[10.778s] INFO:colcon.colcon_core.shell:Creating environment hook '/home/fastbot/ros2_ws/real/install/serial_motor_msgs/share/serial_motor_msgs/hook/ld_library_path_lib.ps1'
[10.780s] INFO:colcon.colcon_core.shell:Creating environment descriptor '/home/fastbot/ros2_ws/real/install/serial_motor_msgs/share/serial_motor_msgs/hook/ld_library_path_lib.dsv'
[10.782s] INFO:colcon.colcon_core.shell:Creating environment hook '/home/fastbot/ros2_ws/real/install/serial_motor_msgs/share/serial_motor_msgs/hook/ld_library_path_lib.sh'
[10.784s] Level 1:colcon.colcon_core.environment:checking '/home/fastbot/ros2_ws/real/install/serial_motor_msgs/bin'
[10.784s] Level 1:colcon.colcon_core.environment:checking '/home/fastbot/ros2_ws/real/install/serial_motor_msgs/lib/pkgconfig/serial_motor_msgs.pc'
[10.785s] Level 1:colcon.colcon_core.environment:checking '/home/fastbot/ros2_ws/real/install/serial_motor_msgs/lib/python3.10/site-packages'
[10.786s] Level 1:colcon.colcon_core.environment:checking '/home/fastbot/ros2_ws/real/install/serial_motor_msgs/bin'
[10.788s] INFO:colcon.colcon_core.shell:Creating package script '/home/fastbot/ros2_ws/real/install/serial_motor_msgs/share/serial_motor_msgs/package.ps1'
[10.790s] INFO:colcon.colcon_core.shell:Creating package descriptor '/home/fastbot/ros2_ws/real/install/serial_motor_msgs/share/serial_motor_msgs/package.dsv'
[10.793s] INFO:colcon.colcon_core.shell:Creating package script '/home/fastbot/ros2_ws/real/install/serial_motor_msgs/share/serial_motor_msgs/package.sh'
[10.796s] INFO:colcon.colcon_core.shell:Creating package script '/home/fastbot/ros2_ws/real/install/serial_motor_msgs/share/serial_motor_msgs/package.bash'
[10.798s] INFO:colcon.colcon_core.shell:Creating package script '/home/fastbot/ros2_ws/real/install/serial_motor_msgs/share/serial_motor_msgs/package.zsh'
[10.800s] Level 1:colcon.colcon_core.environment:create_file_with_runtime_dependencies(/home/fastbot/ros2_ws/real/install/serial_motor_msgs/share/colcon-core/packages/serial_motor_msgs)
[10.802s] INFO:colcon.colcon_ros.task.ament_python.build:Building ROS package in '/home/fastbot/ros2_ws/real/src/serial_motor' with build type 'ament_python'
[10.802s] Level 1:colcon.colcon_core.shell:create_environment_hook('serial_motor', 'ament_prefix_path')
[10.804s] INFO:colcon.colcon_core.shell:Creating environment hook '/home/fastbot/ros2_ws/real/install/serial_motor/share/serial_motor/hook/ament_prefix_path.ps1'
[10.807s] INFO:colcon.colcon_core.shell:Creating environment descriptor '/home/fastbot/ros2_ws/real/install/serial_motor/share/serial_motor/hook/ament_prefix_path.dsv'
[10.810s] INFO:colcon.colcon_core.shell:Creating environment hook '/home/fastbot/ros2_ws/real/install/serial_motor/share/serial_motor/hook/ament_prefix_path.sh'
[10.814s] INFO:colcon.colcon_core.shell:Skip shell extension 'powershell' for command environment: Not usable outside of PowerShell
[10.814s] DEBUG:colcon.colcon_core.shell:Skip shell extension 'dsv' for command environment
[12.125s] INFO:colcon.colcon_core.task.python.build:Building Python package in '/home/fastbot/ros2_ws/real/src/serial_motor'
[12.126s] INFO:colcon.colcon_core.shell:Skip shell extension 'powershell' for command environment: Not usable outside of PowerShell
[12.126s] DEBUG:colcon.colcon_core.shell:Skip shell extension 'dsv' for command environment
[12.155s] DEBUG:colcon.colcon_core.event_handler.log_command:Invoked command in '/home/fastbot/ros2_ws/real/build/lslidar_msgs' returned '0': CMAKE_PREFIX_PATH=${CMAKE_PREFIX_PATH}:/home/fastbot/ros2_ws/real/install/serial_motor:/home/fastbot/ros2_ws/install/serial_motor:/home/fastbot/ros2_ws/install/serial_motor_msgs:/home/fastbot/ros2_ws/install/lslidar_driver:/home/fastbot/ros2_ws/install/lslidar_msgs:/home/fastbot/ros2_ws/install/fastbot_description:/home/fastbot/ros2_ws/install/fastbot_bringup:/opt/ros/humble /usr/bin/cmake --build /home/fastbot/ros2_ws/real/build/lslidar_msgs -- -j4 -l4
[12.166s] DEBUG:colcon.colcon_core.event_handler.log_command:Invoking command in '/home/fastbot/ros2_ws/real/build/lslidar_msgs': CMAKE_PREFIX_PATH=${CMAKE_PREFIX_PATH}:/home/fastbot/ros2_ws/real/install/serial_motor:/home/fastbot/ros2_ws/install/serial_motor:/home/fastbot/ros2_ws/install/serial_motor_msgs:/home/fastbot/ros2_ws/install/lslidar_driver:/home/fastbot/ros2_ws/install/lslidar_msgs:/home/fastbot/ros2_ws/install/fastbot_description:/home/fastbot/ros2_ws/install/fastbot_bringup:/opt/ros/humble /usr/bin/cmake --install /home/fastbot/ros2_ws/real/build/lslidar_msgs
[12.535s] Level 1:colcon.colcon_core.environment:create_environment_scripts_only(lslidar_msgs)
[12.536s] Level 1:colcon.colcon_core.environment:checking '/home/fastbot/ros2_ws/real/install/lslidar_msgs' for CMake module files
[12.538s] DEBUG:colcon.colcon_core.event_handler.log_command:Invoked command in '/home/fastbot/ros2_ws/real/build/lslidar_msgs' returned '0': CMAKE_PREFIX_PATH=${CMAKE_PREFIX_PATH}:/home/fastbot/ros2_ws/real/install/serial_motor:/home/fastbot/ros2_ws/install/serial_motor:/home/fastbot/ros2_ws/install/serial_motor_msgs:/home/fastbot/ros2_ws/install/lslidar_driver:/home/fastbot/ros2_ws/install/lslidar_msgs:/home/fastbot/ros2_ws/install/fastbot_description:/home/fastbot/ros2_ws/install/fastbot_bringup:/opt/ros/humble /usr/bin/cmake --install /home/fastbot/ros2_ws/real/build/lslidar_msgs
[12.541s] Level 1:colcon.colcon_core.environment:checking '/home/fastbot/ros2_ws/real/install/lslidar_msgs' for CMake config files
[12.545s] Level 1:colcon.colcon_core.shell:create_environment_hook('lslidar_msgs', 'cmake_prefix_path')
[12.546s] INFO:colcon.colcon_core.shell:Creating environment hook '/home/fastbot/ros2_ws/real/install/lslidar_msgs/share/lslidar_msgs/hook/cmake_prefix_path.ps1'
[12.548s] INFO:colcon.colcon_core.shell:Creating environment descriptor '/home/fastbot/ros2_ws/real/install/lslidar_msgs/share/lslidar_msgs/hook/cmake_prefix_path.dsv'
[12.550s] INFO:colcon.colcon_core.shell:Creating environment hook '/home/fastbot/ros2_ws/real/install/lslidar_msgs/share/lslidar_msgs/hook/cmake_prefix_path.sh'
[12.554s] Level 1:colcon.colcon_core.environment:checking '/home/fastbot/ros2_ws/real/install/lslidar_msgs/lib'
[12.554s] Level 1:colcon.colcon_core.shell:create_environment_hook('lslidar_msgs', 'ld_library_path_lib')
[12.555s] INFO:colcon.colcon_core.shell:Creating environment hook '/home/fastbot/ros2_ws/real/install/lslidar_msgs/share/lslidar_msgs/hook/ld_library_path_lib.ps1'
[12.557s] INFO:colcon.colcon_core.shell:Creating environment descriptor '/home/fastbot/ros2_ws/real/install/lslidar_msgs/share/lslidar_msgs/hook/ld_library_path_lib.dsv'
[12.560s] INFO:colcon.colcon_core.shell:Creating environment hook '/home/fastbot/ros2_ws/real/install/lslidar_msgs/share/lslidar_msgs/hook/ld_library_path_lib.sh'
[12.562s] Level 1:colcon.colcon_core.environment:checking '/home/fastbot/ros2_ws/real/install/lslidar_msgs/bin'
[12.562s] Level 1:colcon.colcon_core.environment:checking '/home/fastbot/ros2_ws/real/install/lslidar_msgs/lib/pkgconfig/lslidar_msgs.pc'
[12.563s] Level 1:colcon.colcon_core.environment:checking '/home/fastbot/ros2_ws/real/install/lslidar_msgs/lib/python3.10/site-packages'
[12.564s] Level 1:colcon.colcon_core.environment:checking '/home/fastbot/ros2_ws/real/install/lslidar_msgs/bin'
[12.565s] INFO:colcon.colcon_core.shell:Creating package script '/home/fastbot/ros2_ws/real/install/lslidar_msgs/share/lslidar_msgs/package.ps1'
[12.568s] INFO:colcon.colcon_core.shell:Creating package descriptor '/home/fastbot/ros2_ws/real/install/lslidar_msgs/share/lslidar_msgs/package.dsv'
[12.570s] INFO:colcon.colcon_core.shell:Creating package script '/home/fastbot/ros2_ws/real/install/lslidar_msgs/share/lslidar_msgs/package.sh'
[12.572s] INFO:colcon.colcon_core.shell:Creating package script '/home/fastbot/ros2_ws/real/install/lslidar_msgs/share/lslidar_msgs/package.bash'
[12.575s] INFO:colcon.colcon_core.shell:Creating package script '/home/fastbot/ros2_ws/real/install/lslidar_msgs/share/lslidar_msgs/package.zsh'
[12.577s] Level 1:colcon.colcon_core.environment:create_file_with_runtime_dependencies(/home/fastbot/ros2_ws/real/install/lslidar_msgs/share/colcon-core/packages/lslidar_msgs)
[12.581s] Level 1:colcon.colcon_core.environment:create_environment_scripts_only(lslidar_msgs)
[12.582s] Level 1:colcon.colcon_core.environment:checking '/home/fastbot/ros2_ws/real/install/lslidar_msgs' for CMake module files
[12.586s] Level 1:colcon.colcon_core.environment:checking '/home/fastbot/ros2_ws/real/install/lslidar_msgs' for CMake config files
[12.590s] Level 1:colcon.colcon_core.shell:create_environment_hook('lslidar_msgs', 'cmake_prefix_path')
[12.591s] INFO:colcon.colcon_core.shell:Creating environment hook '/home/fastbot/ros2_ws/real/install/lslidar_msgs/share/lslidar_msgs/hook/cmake_prefix_path.ps1'
[12.593s] INFO:colcon.colcon_core.shell:Creating environment descriptor '/home/fastbot/ros2_ws/real/install/lslidar_msgs/share/lslidar_msgs/hook/cmake_prefix_path.dsv'
[12.595s] INFO:colcon.colcon_core.shell:Creating environment hook '/home/fastbot/ros2_ws/real/install/lslidar_msgs/share/lslidar_msgs/hook/cmake_prefix_path.sh'
[12.598s] Level 1:colcon.colcon_core.environment:checking '/home/fastbot/ros2_ws/real/install/lslidar_msgs/lib'
[12.599s] Level 1:colcon.colcon_core.shell:create_environment_hook('lslidar_msgs', 'ld_library_path_lib')
[12.600s] INFO:colcon.colcon_core.shell:Creating environment hook '/home/fastbot/ros2_ws/real/install/lslidar_msgs/share/lslidar_msgs/hook/ld_library_path_lib.ps1'
[12.603s] INFO:colcon.colcon_core.shell:Creating environment descriptor '/home/fastbot/ros2_ws/real/install/lslidar_msgs/share/lslidar_msgs/hook/ld_library_path_lib.dsv'
[12.606s] INFO:colcon.colcon_core.shell:Creating environment hook '/home/fastbot/ros2_ws/real/install/lslidar_msgs/share/lslidar_msgs/hook/ld_library_path_lib.sh'
[12.608s] Level 1:colcon.colcon_core.environment:checking '/home/fastbot/ros2_ws/real/install/lslidar_msgs/bin'
[12.609s] Level 1:colcon.colcon_core.environment:checking '/home/fastbot/ros2_ws/real/install/lslidar_msgs/lib/pkgconfig/lslidar_msgs.pc'
[12.610s] Level 1:colcon.colcon_core.environment:checking '/home/fastbot/ros2_ws/real/install/lslidar_msgs/lib/python3.10/site-packages'
[12.611s] Level 1:colcon.colcon_core.environment:checking '/home/fastbot/ros2_ws/real/install/lslidar_msgs/bin'
[12.612s] INFO:colcon.colcon_core.shell:Creating package script '/home/fastbot/ros2_ws/real/install/lslidar_msgs/share/lslidar_msgs/package.ps1'
[12.615s] INFO:colcon.colcon_core.shell:Creating package descriptor '/home/fastbot/ros2_ws/real/install/lslidar_msgs/share/lslidar_msgs/package.dsv'
[12.618s] INFO:colcon.colcon_core.shell:Creating package script '/home/fastbot/ros2_ws/real/install/lslidar_msgs/share/lslidar_msgs/package.sh'
[12.621s] INFO:colcon.colcon_core.shell:Creating package script '/home/fastbot/ros2_ws/real/install/lslidar_msgs/share/lslidar_msgs/package.bash'
[12.624s] INFO:colcon.colcon_core.shell:Creating package script '/home/fastbot/ros2_ws/real/install/lslidar_msgs/share/lslidar_msgs/package.zsh'
[12.626s] Level 1:colcon.colcon_core.environment:create_file_with_runtime_dependencies(/home/fastbot/ros2_ws/real/install/lslidar_msgs/share/colcon-core/packages/lslidar_msgs)
[12.627s] INFO:colcon.colcon_ros.task.ament_cmake.build:Building ROS package in '/home/fastbot/ros2_ws/real/src/Lslidar_ROS2_driver/lslidar_driver' with build type 'ament_cmake'
[12.628s] INFO:colcon.colcon_cmake.task.cmake.build:Building CMake package in '/home/fastbot/ros2_ws/real/src/Lslidar_ROS2_driver/lslidar_driver'
[12.629s] INFO:colcon.colcon_core.shell:Skip shell extension 'powershell' for command environment: Not usable outside of PowerShell
[12.630s] DEBUG:colcon.colcon_core.shell:Skip shell extension 'dsv' for command environment
[12.693s] DEBUG:colcon.colcon_core.event_handler.log_command:Invoking command in '/home/fastbot/ros2_ws/real/build/lslidar_driver': CMAKE_PREFIX_PATH=/home/fastbot/ros2_ws/real/install/lslidar_msgs:/home/fastbot/ros2_ws/real/install/serial_motor_msgs:/home/fastbot/ros2_ws/real/install/lslidar_driver:/home/fastbot/ros2_ws/real/install/fastbot_slam_real:/home/fastbot/ros2_ws/real/install/fastbot_description:/home/fastbot/ros2_ws/real/install/fastbot_bringup:/home/fastbot/ros2_ws/real/install/serial_motor:/home/fastbot/ros2_ws/install/serial_motor:/home/fastbot/ros2_ws/install/serial_motor_msgs:/home/fastbot/ros2_ws/install/lslidar_driver:/home/fastbot/ros2_ws/install/lslidar_msgs:/home/fastbot/ros2_ws/install/fastbot_description:/home/fastbot/ros2_ws/install/fastbot_bringup:/opt/ros/humble LD_LIBRARY_PATH=/home/fastbot/ros2_ws/real/install/lslidar_msgs/lib:/home/fastbot/ros2_ws/real/install/serial_motor_msgs/lib:/home/fastbot/ros2_ws/install/serial_motor_msgs/lib:/home/fastbot/ros2_ws/install/lslidar_msgs/lib:/opt/ros/humble/opt/rviz_ogre_vendor/lib:/opt/ros/humble/lib/aarch64-linux-gnu:/opt/ros/humble/lib /usr/bin/cmake --build /home/fastbot/ros2_ws/real/build/lslidar_driver -- -j4 -l4
[14.110s] DEBUG:colcon.colcon_core.event_handler.log_command:Invoking command in '/home/fastbot/ros2_ws/real/src/serial_motor': PYTHONPATH=/home/fastbot/ros2_ws/real/build/serial_motor/prefix_override:/usr/lib/python3/dist-packages/colcon_core/task/python/colcon_distutils_commands:/home/fastbot/ros2_ws/real/install/serial_motor/lib/python3.10/site-packages:${PYTHONPATH} /usr/bin/python3 -W ignore:setup.py install is deprecated -W ignore:easy_install command is deprecated setup.py egg_info --egg-base ../../build/serial_motor build --build-base /home/fastbot/ros2_ws/real/build/serial_motor/build install --record /home/fastbot/ros2_ws/real/build/serial_motor/install.log --single-version-externally-managed install_data
[15.690s] Level 1:colcon.colcon_core.environment:checking '/home/fastbot/ros2_ws/real/install/serial_motor' for CMake module files
[15.692s] DEBUG:colcon.colcon_core.event_handler.log_command:Invoked command in '/home/fastbot/ros2_ws/real/src/serial_motor' returned '0': PYTHONPATH=/home/fastbot/ros2_ws/real/build/serial_motor/prefix_override:/usr/lib/python3/dist-packages/colcon_core/task/python/colcon_distutils_commands:/home/fastbot/ros2_ws/real/install/serial_motor/lib/python3.10/site-packages:${PYTHONPATH} /usr/bin/python3 -W ignore:setup.py install is deprecated -W ignore:easy_install command is deprecated setup.py egg_info --egg-base ../../build/serial_motor build --build-base /home/fastbot/ros2_ws/real/build/serial_motor/build install --record /home/fastbot/ros2_ws/real/build/serial_motor/install.log --single-version-externally-managed install_data
[15.694s] Level 1:colcon.colcon_core.environment:checking '/home/fastbot/ros2_ws/real/install/serial_motor' for CMake config files
[15.698s] Level 1:colcon.colcon_core.environment:checking '/home/fastbot/ros2_ws/real/install/serial_motor/lib'
[15.698s] Level 1:colcon.colcon_core.environment:checking '/home/fastbot/ros2_ws/real/install/serial_motor/bin'
[15.698s] Level 1:colcon.colcon_core.environment:checking '/home/fastbot/ros2_ws/real/install/serial_motor/lib/pkgconfig/serial_motor.pc'
[15.699s] Level 1:colcon.colcon_core.environment:checking '/home/fastbot/ros2_ws/real/install/serial_motor/lib/python3.10/site-packages'
[15.699s] Level 1:colcon.colcon_core.shell:create_environment_hook('serial_motor', 'pythonpath')
[15.700s] INFO:colcon.colcon_core.shell:Creating environment hook '/home/fastbot/ros2_ws/real/install/serial_motor/share/serial_motor/hook/pythonpath.ps1'
[15.703s] INFO:colcon.colcon_core.shell:Creating environment descriptor '/home/fastbot/ros2_ws/real/install/serial_motor/share/serial_motor/hook/pythonpath.dsv'
[15.705s] INFO:colcon.colcon_core.shell:Creating environment hook '/home/fastbot/ros2_ws/real/install/serial_motor/share/serial_motor/hook/pythonpath.sh'
[15.707s] Level 1:colcon.colcon_core.environment:checking '/home/fastbot/ros2_ws/real/install/serial_motor/bin'
[15.708s] Level 1:colcon.colcon_core.environment:create_environment_scripts_only(serial_motor)
[15.709s] INFO:colcon.colcon_core.shell:Creating package script '/home/fastbot/ros2_ws/real/install/serial_motor/share/serial_motor/package.ps1'
[15.711s] INFO:colcon.colcon_core.shell:Creating package descriptor '/home/fastbot/ros2_ws/real/install/serial_motor/share/serial_motor/package.dsv'
[15.714s] INFO:colcon.colcon_core.shell:Creating package script '/home/fastbot/ros2_ws/real/install/serial_motor/share/serial_motor/package.sh'
[15.716s] INFO:colcon.colcon_core.shell:Creating package script '/home/fastbot/ros2_ws/real/install/serial_motor/share/serial_motor/package.bash'
[15.718s] INFO:colcon.colcon_core.shell:Creating package script '/home/fastbot/ros2_ws/real/install/serial_motor/share/serial_motor/package.zsh'
[15.720s] Level 1:colcon.colcon_core.environment:create_file_with_runtime_dependencies(/home/fastbot/ros2_ws/real/install/serial_motor/share/colcon-core/packages/serial_motor)
[20.378s] DEBUG:colcon.colcon_core.event_handler.log_command:Invoked command in '/home/fastbot/ros2_ws/real/build/lslidar_driver' returned '0': CMAKE_PREFIX_PATH=/home/fastbot/ros2_ws/real/install/lslidar_msgs:/home/fastbot/ros2_ws/real/install/serial_motor_msgs:/home/fastbot/ros2_ws/real/install/lslidar_driver:/home/fastbot/ros2_ws/real/install/fastbot_slam_real:/home/fastbot/ros2_ws/real/install/fastbot_description:/home/fastbot/ros2_ws/real/install/fastbot_bringup:/home/fastbot/ros2_ws/real/install/serial_motor:/home/fastbot/ros2_ws/install/serial_motor:/home/fastbot/ros2_ws/install/serial_motor_msgs:/home/fastbot/ros2_ws/install/lslidar_driver:/home/fastbot/ros2_ws/install/lslidar_msgs:/home/fastbot/ros2_ws/install/fastbot_description:/home/fastbot/ros2_ws/install/fastbot_bringup:/opt/ros/humble LD_LIBRARY_PATH=/home/fastbot/ros2_ws/real/install/lslidar_msgs/lib:/home/fastbot/ros2_ws/real/install/serial_motor_msgs/lib:/home/fastbot/ros2_ws/install/serial_motor_msgs/lib:/home/fastbot/ros2_ws/install/lslidar_msgs/lib:/opt/ros/humble/opt/rviz_ogre_vendor/lib:/opt/ros/humble/lib/aarch64-linux-gnu:/opt/ros/humble/lib /usr/bin/cmake --build /home/fastbot/ros2_ws/real/build/lslidar_driver -- -j4 -l4
[20.389s] DEBUG:colcon.colcon_core.event_handler.log_command:Invoking command in '/home/fastbot/ros2_ws/real/build/lslidar_driver': CMAKE_PREFIX_PATH=/home/fastbot/ros2_ws/real/install/lslidar_msgs:/home/fastbot/ros2_ws/real/install/serial_motor_msgs:/home/fastbot/ros2_ws/real/install/lslidar_driver:/home/fastbot/ros2_ws/real/install/fastbot_slam_real:/home/fastbot/ros2_ws/real/install/fastbot_description:/home/fastbot/ros2_ws/real/install/fastbot_bringup:/home/fastbot/ros2_ws/real/install/serial_motor:/home/fastbot/ros2_ws/install/serial_motor:/home/fastbot/ros2_ws/install/serial_motor_msgs:/home/fastbot/ros2_ws/install/lslidar_driver:/home/fastbot/ros2_ws/install/lslidar_msgs:/home/fastbot/ros2_ws/install/fastbot_description:/home/fastbot/ros2_ws/install/fastbot_bringup:/opt/ros/humble LD_LIBRARY_PATH=/home/fastbot/ros2_ws/real/install/lslidar_msgs/lib:/home/fastbot/ros2_ws/real/install/serial_motor_msgs/lib:/home/fastbot/ros2_ws/install/serial_motor_msgs/lib:/home/fastbot/ros2_ws/install/lslidar_msgs/lib:/opt/ros/humble/opt/rviz_ogre_vendor/lib:/opt/ros/humble/lib/aarch64-linux-gnu:/opt/ros/humble/lib /usr/bin/cmake --install /home/fastbot/ros2_ws/real/build/lslidar_driver
[20.454s] Level 1:colcon.colcon_core.environment:create_environment_scripts_only(lslidar_driver)
[20.455s] Level 1:colcon.colcon_core.environment:checking '/home/fastbot/ros2_ws/real/install/lslidar_driver' for CMake module files
[20.456s] DEBUG:colcon.colcon_core.event_handler.log_command:Invoked command in '/home/fastbot/ros2_ws/real/build/lslidar_driver' returned '0': CMAKE_PREFIX_PATH=/home/fastbot/ros2_ws/real/install/lslidar_msgs:/home/fastbot/ros2_ws/real/install/serial_motor_msgs:/home/fastbot/ros2_ws/real/install/lslidar_driver:/home/fastbot/ros2_ws/real/install/fastbot_slam_real:/home/fastbot/ros2_ws/real/install/fastbot_description:/home/fastbot/ros2_ws/real/install/fastbot_bringup:/home/fastbot/ros2_ws/real/install/serial_motor:/home/fastbot/ros2_ws/install/serial_motor:/home/fastbot/ros2_ws/install/serial_motor_msgs:/home/fastbot/ros2_ws/install/lslidar_driver:/home/fastbot/ros2_ws/install/lslidar_msgs:/home/fastbot/ros2_ws/install/fastbot_description:/home/fastbot/ros2_ws/install/fastbot_bringup:/opt/ros/humble LD_LIBRARY_PATH=/home/fastbot/ros2_ws/real/install/lslidar_msgs/lib:/home/fastbot/ros2_ws/real/install/serial_motor_msgs/lib:/home/fastbot/ros2_ws/install/serial_motor_msgs/lib:/home/fastbot/ros2_ws/install/lslidar_msgs/lib:/opt/ros/humble/opt/rviz_ogre_vendor/lib:/opt/ros/humble/lib/aarch64-linux-gnu:/opt/ros/humble/lib /usr/bin/cmake --install /home/fastbot/ros2_ws/real/build/lslidar_driver
[20.459s] Level 1:colcon.colcon_core.environment:checking '/home/fastbot/ros2_ws/real/install/lslidar_driver' for CMake config files
[20.460s] Level 1:colcon.colcon_core.shell:create_environment_hook('lslidar_driver', 'cmake_prefix_path')
[20.461s] INFO:colcon.colcon_core.shell:Creating environment hook '/home/fastbot/ros2_ws/real/install/lslidar_driver/share/lslidar_driver/hook/cmake_prefix_path.ps1'
[20.463s] INFO:colcon.colcon_core.shell:Creating environment descriptor '/home/fastbot/ros2_ws/real/install/lslidar_driver/share/lslidar_driver/hook/cmake_prefix_path.dsv'
[20.466s] INFO:colcon.colcon_core.shell:Creating environment hook '/home/fastbot/ros2_ws/real/install/lslidar_driver/share/lslidar_driver/hook/cmake_prefix_path.sh'
[20.469s] Level 1:colcon.colcon_core.environment:checking '/home/fastbot/ros2_ws/real/install/lslidar_driver/lib'
[20.469s] Level 1:colcon.colcon_core.environment:checking '/home/fastbot/ros2_ws/real/install/lslidar_driver/bin'
[20.469s] Level 1:colcon.colcon_core.environment:checking '/home/fastbot/ros2_ws/real/install/lslidar_driver/lib/pkgconfig/lslidar_driver.pc'
[20.470s] Level 1:colcon.colcon_core.environment:checking '/home/fastbot/ros2_ws/real/install/lslidar_driver/lib/python3.10/site-packages'
[20.471s] Level 1:colcon.colcon_core.environment:checking '/home/fastbot/ros2_ws/real/install/lslidar_driver/bin'
[20.472s] INFO:colcon.colcon_core.shell:Creating package script '/home/fastbot/ros2_ws/real/install/lslidar_driver/share/lslidar_driver/package.ps1'
[20.475s] INFO:colcon.colcon_core.shell:Creating package descriptor '/home/fastbot/ros2_ws/real/install/lslidar_driver/share/lslidar_driver/package.dsv'
[20.476s] INFO:colcon.colcon_core.shell:Creating package script '/home/fastbot/ros2_ws/real/install/lslidar_driver/share/lslidar_driver/package.sh'
[20.478s] INFO:colcon.colcon_core.shell:Creating package script '/home/fastbot/ros2_ws/real/install/lslidar_driver/share/lslidar_driver/package.bash'
[20.480s] INFO:colcon.colcon_core.shell:Creating package script '/home/fastbot/ros2_ws/real/install/lslidar_driver/share/lslidar_driver/package.zsh'
[20.482s] Level 1:colcon.colcon_core.environment:create_file_with_runtime_dependencies(/home/fastbot/ros2_ws/real/install/lslidar_driver/share/colcon-core/packages/lslidar_driver)
[20.484s] Level 1:colcon.colcon_core.environment:create_environment_scripts_only(lslidar_driver)
[20.485s] Level 1:colcon.colcon_core.environment:checking '/home/fastbot/ros2_ws/real/install/lslidar_driver' for CMake module files
[20.488s] Level 1:colcon.colcon_core.environment:checking '/home/fastbot/ros2_ws/real/install/lslidar_driver' for CMake config files
[20.489s] Level 1:colcon.colcon_core.shell:create_environment_hook('lslidar_driver', 'cmake_prefix_path')
[20.490s] INFO:colcon.colcon_core.shell:Creating environment hook '/home/fastbot/ros2_ws/real/install/lslidar_driver/share/lslidar_driver/hook/cmake_prefix_path.ps1'
[20.492s] INFO:colcon.colcon_core.shell:Creating environment descriptor '/home/fastbot/ros2_ws/real/install/lslidar_driver/share/lslidar_driver/hook/cmake_prefix_path.dsv'
[20.494s] INFO:colcon.colcon_core.shell:Creating environment hook '/home/fastbot/ros2_ws/real/install/lslidar_driver/share/lslidar_driver/hook/cmake_prefix_path.sh'
[20.496s] Level 1:colcon.colcon_core.environment:checking '/home/fastbot/ros2_ws/real/install/lslidar_driver/lib'
[20.497s] Level 1:colcon.colcon_core.environment:checking '/home/fastbot/ros2_ws/real/install/lslidar_driver/bin'
[20.497s] Level 1:colcon.colcon_core.environment:checking '/home/fastbot/ros2_ws/real/install/lslidar_driver/lib/pkgconfig/lslidar_driver.pc'
[20.498s] Level 1:colcon.colcon_core.environment:checking '/home/fastbot/ros2_ws/real/install/lslidar_driver/lib/python3.10/site-packages'
[20.499s] Level 1:colcon.colcon_core.environment:checking '/home/fastbot/ros2_ws/real/install/lslidar_driver/bin'
[20.500s] INFO:colcon.colcon_core.shell:Creating package script '/home/fastbot/ros2_ws/real/install/lslidar_driver/share/lslidar_driver/package.ps1'
[20.502s] INFO:colcon.colcon_core.shell:Creating package descriptor '/home/fastbot/ros2_ws/real/install/lslidar_driver/share/lslidar_driver/package.dsv'
[20.504s] INFO:colcon.colcon_core.shell:Creating package script '/home/fastbot/ros2_ws/real/install/lslidar_driver/share/lslidar_driver/package.sh'
[20.506s] INFO:colcon.colcon_core.shell:Creating package script '/home/fastbot/ros2_ws/real/install/lslidar_driver/share/lslidar_driver/package.bash'
[20.508s] INFO:colcon.colcon_core.shell:Creating package script '/home/fastbot/ros2_ws/real/install/lslidar_driver/share/lslidar_driver/package.zsh'
[20.510s] Level 1:colcon.colcon_core.environment:create_file_with_runtime_dependencies(/home/fastbot/ros2_ws/real/install/lslidar_driver/share/colcon-core/packages/lslidar_driver)
[20.511s] DEBUG:colcon.colcon_parallel_executor.executor.parallel:closing loop
[20.512s] DEBUG:colcon.colcon_parallel_executor.executor.parallel:loop closed
[20.512s] DEBUG:colcon.colcon_parallel_executor.executor.parallel:run_until_complete finished with '0'
[20.513s] DEBUG:colcon.colcon_core.event_reactor:joining thread
[20.536s] INFO:colcon.colcon_core.plugin_system:Skipping extension 'colcon_notification.desktop_notification.notify_send': Could not find 'notify-send'
[20.537s] INFO:colcon.colcon_core.plugin_system:Skipping extension 'colcon_notification.desktop_notification.terminal_notifier': Not used on non-Darwin systems
[20.537s] INFO:colcon.colcon_core.plugin_system:Skipping extension 'colcon_notification.desktop_notification.win32': Not used on non-Windows systems
[20.537s] INFO:colcon.colcon_notification.desktop_notification:Sending desktop notification using 'notify2'
[20.540s] DEBUG:colcon.colcon_notification.desktop_notification.notify2:Failed to initialize notify2: org.freedesktop.DBus.Error.ServiceUnknown: The name org.freedesktop.Notifications was not provided by any .service files
[20.540s] DEBUG:colcon.colcon_core.event_reactor:joined thread
[20.541s] INFO:colcon.colcon_core.shell:Creating prefix script '/home/fastbot/ros2_ws/real/install/local_setup.ps1'
[20.545s] INFO:colcon.colcon_core.shell:Creating prefix util module '/home/fastbot/ros2_ws/real/install/_local_setup_util_ps1.py'
[20.550s] INFO:colcon.colcon_core.shell:Creating prefix chain script '/home/fastbot/ros2_ws/real/install/setup.ps1'
[20.559s] INFO:colcon.colcon_core.shell:Creating prefix script '/home/fastbot/ros2_ws/real/install/local_setup.sh'
[20.562s] INFO:colcon.colcon_core.shell:Creating prefix util module '/home/fastbot/ros2_ws/real/install/_local_setup_util_sh.py'
[20.565s] INFO:colcon.colcon_core.shell:Creating prefix chain script '/home/fastbot/ros2_ws/real/install/setup.sh'
[20.572s] INFO:colcon.colcon_core.shell:Creating prefix script '/home/fastbot/ros2_ws/real/install/local_setup.bash'
[20.575s] INFO:colcon.colcon_core.shell:Creating prefix chain script '/home/fastbot/ros2_ws/real/install/setup.bash'
[20.583s] INFO:colcon.colcon_core.shell:Creating prefix script '/home/fastbot/ros2_ws/real/install/local_setup.zsh'
[20.585s] INFO:colcon.colcon_core.shell:Creating prefix chain script '/home/fastbot/ros2_ws/real/install/setup.zsh'
