[0.048s] Invoking command in '/home/fastbot/ros2_ws/build/lslidar_driver': CMAKE_PREFIX_PATH=/home/fastbot/ros2_ws/install/lslidar_msgs:/home/fastbot/ros2_ws/install/serial_motor_msgs:/home/fastbot/ros2_ws/install/lslidar_driver:/home/fastbot/ros2_ws/install/fastbot_description:/home/fastbot/ros2_ws/install/fastbot_bringup:/home/fastbot/ros2_ws/install/serial_motor:/opt/ros/humble LD_LIBRARY_PATH=/home/fastbot/ros2_ws/install/lslidar_msgs/lib:/home/fastbot/ros2_ws/install/serial_motor_msgs/lib:/opt/ros/humble/opt/rviz_ogre_vendor/lib:/opt/ros/humble/lib/aarch64-linux-gnu:/opt/ros/humble/lib /usr/bin/cmake /home/fastbot/ros2_ws/src/Lslidar_ROS2_driver/lslidar_driver -DCMAKE_INSTALL_PREFIX=/home/fastbot/ros2_ws/install/lslidar_driver
[0.503s] -- The C compiler identification is GNU 11.4.0
[0.752s] -- The CXX compiler identification is GNU 11.4.0
[0.784s] -- Detecting C compiler ABI info
[1.093s] -- Detecting C compiler ABI info - done
[1.118s] -- Check for working C compiler: /usr/bin/cc - skipped
[1.119s] -- Detecting C compile features
[1.120s] -- Detecting C compile features - done
[1.131s] -- Detecting CXX compiler ABI info
[1.479s] -- Detecting CXX compiler ABI info - done
[1.504s] -- Check for working CXX compiler: /usr/bin/c++ - skipped
[1.505s] -- Detecting CXX compile features
[1.507s] -- Detecting CXX compile features - done
[2.375s] -- Found Boost: /usr/lib/aarch64-linux-gnu/cmake/Boost-1.74.0/BoostConfig.cmake (found version "1.74.0") found components: thread 
[2.407s] -- Found rclcpp: 16.0.12 (/opt/ros/humble/share/rclcpp/cmake)
[3.132s] -- Found Python3: /usr/bin/python3 (found version "3.10.12") found components: Interpreter 
[4.172s] -- Found rosidl_generator_c: 3.1.6 (/opt/ros/humble/share/rosidl_generator_c/cmake)
[4.225s] -- Found rosidl_adapter: 3.1.6 (/opt/ros/humble/share/rosidl_adapter/cmake)
[4.291s] -- Found rosidl_generator_cpp: 3.1.6 (/opt/ros/humble/share/rosidl_generator_cpp/cmake)
[4.373s] -- Using all available rosidl_typesupport_c: rosidl_typesupport_fastrtps_c;rosidl_typesupport_introspection_c
[4.488s] -- Using all available rosidl_typesupport_cpp: rosidl_typesupport_fastrtps_cpp;rosidl_typesupport_introspection_cpp
[4.937s] -- Found rmw_implementation_cmake: 6.1.2 (/opt/ros/humble/share/rmw_implementation_cmake/cmake)
[4.971s] -- Found rmw_fastrtps_cpp: 6.2.7 (/opt/ros/humble/share/rmw_fastrtps_cpp/cmake)
[5.616s] -- Found OpenSSL: /usr/lib/aarch64-linux-gnu/libcrypto.so (found version "3.0.2")  
[5.847s] -- Found FastRTPS: /opt/ros/humble/include  
[6.210s] -- Using RMW implementation 'rmw_fastrtps_cpp' as default
[6.306s] -- Found Threads: TRUE  
[6.732s] -- Checking for module 'eigen3'
[6.799s] --   Found eigen3, version 3.4.0
[6.952s] -- Found Eigen: /usr/include/eigen3 (Required is at least version "3.1") 
[6.953s] -- Eigen found (include: /usr/include/eigen3, version: 3.4.0)
[7.123s] -- Found Boost: /usr/lib/aarch64-linux-gnu/cmake/Boost-1.74.0/BoostConfig.cmake (found suitable version "1.74.0", minimum required is "1.65.0") found components: system filesystem date_time iostreams serialization 
[7.290s] -- Checking for module 'flann'
[7.360s] --   Found flann, version 1.9.1
[7.540s] -- Found FLANN: /usr/lib/aarch64-linux-gnu/libflann_cpp.so  
[7.540s] -- FLANN found (include: /usr/include, lib: /usr/lib/aarch64-linux-gnu/libflann_cpp.so)
[7.685s] -- Found GLEW: /usr/lib/aarch64-linux-gnu/libGLEW.so  
[7.711s] -- Found OpenGL: /usr/lib/aarch64-linux-gnu/libOpenGL.so  found components: OpenGL GLX 
[8.439s] -- Found MPI_C: /usr/lib/aarch64-linux-gnu/libmpi.so (found version "3.1") 
[8.440s] -- Found MPI: TRUE (found version "3.1") found components: C 
[8.457s] -- Found JsonCpp: /usr/lib/aarch64-linux-gnu/libjsoncpp.so (found suitable version "1.9.5", minimum required is "0.7.0") 
[8.490s] -- Found ZLIB: /usr/lib/aarch64-linux-gnu/libz.so (found version "1.2.11") 
[8.545s] -- Found PNG: /usr/lib/aarch64-linux-gnu/libpng.so (found version "1.6.37") 
[8.650s] -- Found Eigen3: /usr/include/eigen3 (found version "3.4.0") 
[9.073s] -- Found X11: /usr/include   
[9.075s] -- Looking for XOpenDisplay in /usr/lib/aarch64-linux-gnu/libX11.so;/usr/lib/aarch64-linux-gnu/libXext.so
[9.414s] -- Looking for XOpenDisplay in /usr/lib/aarch64-linux-gnu/libX11.so;/usr/lib/aarch64-linux-gnu/libXext.so - found
[9.415s] -- Looking for gethostbyname
[9.732s] -- Looking for gethostbyname - found
[9.732s] -- Looking for connect
[10.050s] -- Looking for connect - found
[10.050s] -- Looking for remove
[10.367s] -- Looking for remove - found
[10.368s] -- Looking for shmat
[10.686s] -- Looking for shmat - found
[10.687s] -- Looking for IceConnectionNumber in ICE
[11.019s] -- Looking for IceConnectionNumber in ICE - found
[11.371s] -- Found EXPAT: /usr/lib/aarch64-linux-gnu/libexpat.so (found version "2.4.7") 
[11.379s] -- Found double-conversion: /usr/lib/aarch64-linux-gnu/libdouble-conversion.so  
[11.388s] -- Found LZ4: /usr/lib/aarch64-linux-gnu/liblz4.so (found version "1.9.3") 
[11.396s] -- Found LZMA: /usr/lib/aarch64-linux-gnu/liblzma.so (found version "5.2.5") 
[11.674s] -- Found JPEG: /usr/lib/aarch64-linux-gnu/libjpeg.so (found version "80") 
[11.694s] -- Found TIFF: /usr/lib/aarch64-linux-gnu/libtiff.so (found version "4.3.0")  
[11.708s] -- Found Freetype: /usr/lib/aarch64-linux-gnu/libfreetype.so (found version "2.11.1") 
[11.734s] -- Found utf8cpp: /usr/include/utf8cpp  
[12.108s] -- Checking for module 'libusb-1.0'
[12.178s] --   Found libusb-1.0, version 1.0.25
[12.348s] -- Found libusb: /usr/lib/aarch64-linux-gnu/libusb-1.0.so  
[12.353s] -- Found OpenNI: /usr/lib/libOpenNI.so;libusb::libusb (found version "1.5.4.0") 
[12.354s] -- OpenNI found (version: 1.5.4.0, include: /usr/include/ni, lib: /usr/lib/libOpenNI.so;libusb::libusb)
[12.619s] -- Found OpenNI2: /usr/lib/aarch64-linux-gnu/libOpenNI2.so;libusb::libusb (found version "2.2.0.33") 
[12.620s] -- OpenNI2 found (version: 2.2.0.33, include: /usr/include/openni2, lib: /usr/lib/aarch64-linux-gnu/libOpenNI2.so;libusb::libusb)
[12.620s] [0m** WARNING ** io features related to pcap will be disabled[0m
[13.214s] -- Eigen found (include: /usr/include/eigen3, version: 3.4.0)
[13.240s] -- OpenNI found (version: 1.5.4.0, include: /usr/include/ni, lib: /usr/lib/libOpenNI.so;libusb::libusb)
[13.266s] -- OpenNI2 found (version: 2.2.0.33, include: /usr/include/openni2, lib: /usr/lib/aarch64-linux-gnu/libOpenNI2.so;libusb::libusb)
[13.859s] -- Found Qhull version 8.0.2
[14.443s] -- OpenNI found (version: 1.5.4.0, include: /usr/include/ni, lib: /usr/lib/libOpenNI.so;libusb::libusb)
[15.007s] -- looking for PCL_COMMON
[15.010s] -- Found PCL_COMMON: /usr/lib/aarch64-linux-gnu/libpcl_common.so  
[15.010s] -- looking for PCL_KDTREE
[15.013s] -- Found PCL_KDTREE: /usr/lib/aarch64-linux-gnu/libpcl_kdtree.so  
[15.013s] -- looking for PCL_OCTREE
[15.016s] -- Found PCL_OCTREE: /usr/lib/aarch64-linux-gnu/libpcl_octree.so  
[15.016s] -- looking for PCL_SEARCH
[15.030s] -- Found PCL_SEARCH: /usr/lib/aarch64-linux-gnu/libpcl_search.so  
[15.030s] -- looking for PCL_SAMPLE_CONSENSUS
[15.035s] -- Found PCL_SAMPLE_CONSENSUS: /usr/lib/aarch64-linux-gnu/libpcl_sample_consensus.so  
[15.036s] -- looking for PCL_FILTERS
[15.040s] -- Found PCL_FILTERS: /usr/lib/aarch64-linux-gnu/libpcl_filters.so  
[15.041s] -- looking for PCL_2D
[15.042s] -- Found PCL_2D: /usr/include/pcl-1.12  
[15.043s] -- looking for PCL_GEOMETRY
[15.044s] -- Found PCL_GEOMETRY: /usr/include/pcl-1.12  
[15.045s] -- looking for PCL_IO
[15.047s] -- Found PCL_IO: /usr/lib/aarch64-linux-gnu/libpcl_io.so  
[15.048s] -- looking for PCL_FEATURES
[15.051s] -- Found PCL_FEATURES: /usr/lib/aarch64-linux-gnu/libpcl_features.so  
[15.052s] -- looking for PCL_ML
[15.054s] -- Found PCL_ML: /usr/lib/aarch64-linux-gnu/libpcl_ml.so  
[15.055s] -- looking for PCL_SEGMENTATION
[15.057s] -- Found PCL_SEGMENTATION: /usr/lib/aarch64-linux-gnu/libpcl_segmentation.so  
[15.058s] -- looking for PCL_VISUALIZATION
[15.061s] -- Found PCL_VISUALIZATION: /usr/lib/aarch64-linux-gnu/libpcl_visualization.so  
[15.062s] -- looking for PCL_SURFACE
[15.065s] -- Found PCL_SURFACE: /usr/lib/aarch64-linux-gnu/libpcl_surface.so  
[15.065s] -- looking for PCL_REGISTRATION
[15.068s] -- Found PCL_REGISTRATION: /usr/lib/aarch64-linux-gnu/libpcl_registration.so  
[15.069s] -- looking for PCL_KEYPOINTS
[15.071s] -- Found PCL_KEYPOINTS: /usr/lib/aarch64-linux-gnu/libpcl_keypoints.so  
[15.072s] -- looking for PCL_TRACKING
[15.075s] -- Found PCL_TRACKING: /usr/lib/aarch64-linux-gnu/libpcl_tracking.so  
[15.076s] -- looking for PCL_RECOGNITION
[15.078s] -- Found PCL_RECOGNITION: /usr/lib/aarch64-linux-gnu/libpcl_recognition.so  
[15.079s] -- looking for PCL_STEREO
[15.082s] -- Found PCL_STEREO: /usr/lib/aarch64-linux-gnu/libpcl_stereo.so  
[15.082s] -- looking for PCL_APPS
[15.085s] -- Found PCL_APPS: /usr/lib/aarch64-linux-gnu/libpcl_apps.so  
[15.087s] -- looking for PCL_IN_HAND_SCANNER
[15.088s] -- Found PCL_IN_HAND_SCANNER: /usr/include/pcl-1.12  
[15.089s] -- looking for PCL_MODELER
[15.090s] -- Found PCL_MODELER: /usr/include/pcl-1.12  
[15.090s] -- looking for PCL_POINT_CLOUD_EDITOR
[15.093s] -- Found PCL_POINT_CLOUD_EDITOR: /usr/include/pcl-1.12  
[15.094s] -- looking for PCL_OUTOFCORE
[15.096s] -- Found PCL_OUTOFCORE: /usr/lib/aarch64-linux-gnu/libpcl_outofcore.so  
[15.097s] -- looking for PCL_PEOPLE
[15.100s] -- Found PCL_PEOPLE: /usr/lib/aarch64-linux-gnu/libpcl_people.so  
[15.103s] -- Found PCL: pcl_common;pcl_kdtree;pcl_octree;pcl_search;pcl_sample_consensus;pcl_filters;pcl_io;pcl_features;pcl_ml;pcl_segmentation;pcl_visualization;pcl_surface;pcl_registration;pcl_keypoints;pcl_tracking;pcl_recognition;pcl_stereo;pcl_apps;pcl_outofcore;pcl_people;Boost::system;Boost::filesystem;Boost::date_time;Boost::iostreams;Boost::serialization;/usr/lib/libOpenNI.so;libusb::libusb;/usr/lib/aarch64-linux-gnu/libOpenNI2.so;libusb::libusb;VTK::ChartsCore;VTK::CommonColor;VTK::CommonComputationalGeometry;VTK::CommonCore;VTK::CommonDataModel;VTK::CommonExecutionModel;VTK::CommonMath;VTK::CommonMisc;VTK::CommonTransforms;VTK::FiltersCore;VTK::FiltersExtraction;VTK::FiltersGeneral;VTK::FiltersGeometry;VTK::FiltersModeling;VTK::FiltersSources;VTK::ImagingCore;VTK::ImagingSources;VTK::InteractionImage;VTK::InteractionStyle;VTK::InteractionWidgets;VTK::IOCore;VTK::IOGeometry;VTK::IOImage;VTK::IOLegacy;VTK::IOPLY;VTK::RenderingAnnotation;VTK::RenderingCore;VTK::RenderingContext2D;VTK::RenderingLOD;VTK::RenderingFreeType;VTK::ViewsCore;VTK::ViewsContext2D;VTK::RenderingOpenGL2;VTK::GUISupportQt;FLANN::FLANN;QHULL::QHULL  
[15.129s] -- Found diagnostic_updater: 4.0.6 (/opt/ros/humble/share/diagnostic_updater/cmake)
[15.264s] -- Found lslidar_msgs: 1.2.0 (/home/fastbot/ros2_ws/install/lslidar_msgs/share/lslidar_msgs/cmake)
[15.342s] -- Found pluginlib: 5.1.0 (/opt/ros/humble/share/pluginlib/cmake)
[15.675s] -- Found pcl_conversions: 2.4.5 (/opt/ros/humble/share/pcl_conversions/cmake)
[16.325s] -- Configuring done
[16.974s] -- Generating done
[17.037s] -- Build files have been written to: /home/fastbot/ros2_ws/build/lslidar_driver
[17.110s] Invoked command in '/home/fastbot/ros2_ws/build/lslidar_driver' returned '0': CMAKE_PREFIX_PATH=/home/fastbot/ros2_ws/install/lslidar_msgs:/home/fastbot/ros2_ws/install/serial_motor_msgs:/home/fastbot/ros2_ws/install/lslidar_driver:/home/fastbot/ros2_ws/install/fastbot_description:/home/fastbot/ros2_ws/install/fastbot_bringup:/home/fastbot/ros2_ws/install/serial_motor:/opt/ros/humble LD_LIBRARY_PATH=/home/fastbot/ros2_ws/install/lslidar_msgs/lib:/home/fastbot/ros2_ws/install/serial_motor_msgs/lib:/opt/ros/humble/opt/rviz_ogre_vendor/lib:/opt/ros/humble/lib/aarch64-linux-gnu:/opt/ros/humble/lib /usr/bin/cmake /home/fastbot/ros2_ws/src/Lslidar_ROS2_driver/lslidar_driver -DCMAKE_INSTALL_PREFIX=/home/fastbot/ros2_ws/install/lslidar_driver
[17.119s] Invoking command in '/home/fastbot/ros2_ws/build/lslidar_driver': CMAKE_PREFIX_PATH=/home/fastbot/ros2_ws/install/lslidar_msgs:/home/fastbot/ros2_ws/install/serial_motor_msgs:/home/fastbot/ros2_ws/install/lslidar_driver:/home/fastbot/ros2_ws/install/fastbot_description:/home/fastbot/ros2_ws/install/fastbot_bringup:/home/fastbot/ros2_ws/install/serial_motor:/opt/ros/humble LD_LIBRARY_PATH=/home/fastbot/ros2_ws/install/lslidar_msgs/lib:/home/fastbot/ros2_ws/install/serial_motor_msgs/lib:/opt/ros/humble/opt/rviz_ogre_vendor/lib:/opt/ros/humble/lib/aarch64-linux-gnu:/opt/ros/humble/lib /usr/bin/cmake --build /home/fastbot/ros2_ws/build/lslidar_driver -- -j4 -l4
[17.360s] [ 20%] [32mBuilding CXX object CMakeFiles/lslidar_driver_node.dir/src/lslidar_driver_node.cc.o[0m
[17.362s] [ 40%] [32mBuilding CXX object CMakeFiles/lslidar_driver_node.dir/src/lslidar_driver.cc.o[0m
[17.365s] [ 60%] [32mBuilding CXX object CMakeFiles/lslidar_driver_node.dir/src/input.cc.o[0m
[17.374s] [ 80%] [32mBuilding CXX object CMakeFiles/lslidar_driver_node.dir/src/lsiosr.cpp.o[0m
[84.963s] [100%] [32m[1mLinking CXX executable lslidar_driver_node[0m
[95.020s] [100%] Built target lslidar_driver_node
[95.059s] Invoked command in '/home/fastbot/ros2_ws/build/lslidar_driver' returned '0': CMAKE_PREFIX_PATH=/home/fastbot/ros2_ws/install/lslidar_msgs:/home/fastbot/ros2_ws/install/serial_motor_msgs:/home/fastbot/ros2_ws/install/lslidar_driver:/home/fastbot/ros2_ws/install/fastbot_description:/home/fastbot/ros2_ws/install/fastbot_bringup:/home/fastbot/ros2_ws/install/serial_motor:/opt/ros/humble LD_LIBRARY_PATH=/home/fastbot/ros2_ws/install/lslidar_msgs/lib:/home/fastbot/ros2_ws/install/serial_motor_msgs/lib:/opt/ros/humble/opt/rviz_ogre_vendor/lib:/opt/ros/humble/lib/aarch64-linux-gnu:/opt/ros/humble/lib /usr/bin/cmake --build /home/fastbot/ros2_ws/build/lslidar_driver -- -j4 -l4
[95.071s] Invoking command in '/home/fastbot/ros2_ws/build/lslidar_driver': CMAKE_PREFIX_PATH=/home/fastbot/ros2_ws/install/lslidar_msgs:/home/fastbot/ros2_ws/install/serial_motor_msgs:/home/fastbot/ros2_ws/install/lslidar_driver:/home/fastbot/ros2_ws/install/fastbot_description:/home/fastbot/ros2_ws/install/fastbot_bringup:/home/fastbot/ros2_ws/install/serial_motor:/opt/ros/humble LD_LIBRARY_PATH=/home/fastbot/ros2_ws/install/lslidar_msgs/lib:/home/fastbot/ros2_ws/install/serial_motor_msgs/lib:/opt/ros/humble/opt/rviz_ogre_vendor/lib:/opt/ros/humble/lib/aarch64-linux-gnu:/opt/ros/humble/lib /usr/bin/cmake --install /home/fastbot/ros2_ws/build/lslidar_driver
[95.099s] -- Install configuration: ""
[95.099s] -- Installing: /home/fastbot/ros2_ws/install/lslidar_driver/share/lslidar_driver/launch
[95.100s] -- Installing: /home/fastbot/ros2_ws/install/lslidar_driver/share/lslidar_driver/launch/lslidar_double_launch.py
[95.102s] -- Installing: /home/fastbot/ros2_ws/install/lslidar_driver/share/lslidar_driver/launch/lslidar_launch.py
[95.103s] -- Installing: /home/fastbot/ros2_ws/install/lslidar_driver/share/lslidar_driver/params
[95.104s] -- Installing: /home/fastbot/ros2_ws/install/lslidar_driver/share/lslidar_driver/params/lsx10_1.yaml
[95.105s] -- Installing: /home/fastbot/ros2_ws/install/lslidar_driver/share/lslidar_driver/params/lsx10.yaml
[95.107s] -- Installing: /home/fastbot/ros2_ws/install/lslidar_driver/share/lslidar_driver/params/lsx10_2.yaml
[95.109s] -- Installing: /home/fastbot/ros2_ws/install/lslidar_driver/share/lslidar_driver/rviz
[95.109s] -- Installing: /home/fastbot/ros2_ws/install/lslidar_driver/share/lslidar_driver/rviz/lslidar.rviz
[95.112s] -- Installing: /home/fastbot/ros2_ws/install/lslidar_driver/lib/lslidar_driver/lslidar_driver_node
[95.148s] -- Set runtime path of "/home/fastbot/ros2_ws/install/lslidar_driver/lib/lslidar_driver/lslidar_driver_node" to ""
[95.148s] -- Installing: /home/fastbot/ros2_ws/install/lslidar_driver/share/ament_index/resource_index/package_run_dependencies/lslidar_driver
[95.150s] -- Installing: /home/fastbot/ros2_ws/install/lslidar_driver/share/ament_index/resource_index/parent_prefix_path/lslidar_driver
[95.151s] -- Installing: /home/fastbot/ros2_ws/install/lslidar_driver/share/lslidar_driver/environment/ament_prefix_path.sh
[95.152s] -- Installing: /home/fastbot/ros2_ws/install/lslidar_driver/share/lslidar_driver/environment/ament_prefix_path.dsv
[95.154s] -- Installing: /home/fastbot/ros2_ws/install/lslidar_driver/share/lslidar_driver/environment/path.sh
[95.155s] -- Installing: /home/fastbot/ros2_ws/install/lslidar_driver/share/lslidar_driver/environment/path.dsv
[95.156s] -- Installing: /home/fastbot/ros2_ws/install/lslidar_driver/share/lslidar_driver/local_setup.bash
[95.157s] -- Installing: /home/fastbot/ros2_ws/install/lslidar_driver/share/lslidar_driver/local_setup.sh
[95.158s] -- Installing: /home/fastbot/ros2_ws/install/lslidar_driver/share/lslidar_driver/local_setup.zsh
[95.159s] -- Installing: /home/fastbot/ros2_ws/install/lslidar_driver/share/lslidar_driver/local_setup.dsv
[95.160s] -- Installing: /home/fastbot/ros2_ws/install/lslidar_driver/share/lslidar_driver/package.dsv
[95.161s] -- Installing: /home/fastbot/ros2_ws/install/lslidar_driver/share/ament_index/resource_index/packages/lslidar_driver
[95.163s] -- Installing: /home/fastbot/ros2_ws/install/lslidar_driver/share/lslidar_driver/cmake/ament_cmake_export_dependencies-extras.cmake
[95.164s] -- Installing: /home/fastbot/ros2_ws/install/lslidar_driver/share/lslidar_driver/cmake/ament_cmake_export_include_directories-extras.cmake
[95.165s] -- Installing: /home/fastbot/ros2_ws/install/lslidar_driver/share/lslidar_driver/cmake/lslidar_driverConfig.cmake
[95.166s] -- Installing: /home/fastbot/ros2_ws/install/lslidar_driver/share/lslidar_driver/cmake/lslidar_driverConfig-version.cmake
[95.167s] -- Installing: /home/fastbot/ros2_ws/install/lslidar_driver/share/lslidar_driver/package.xml
[95.174s] Invoked command in '/home/fastbot/ros2_ws/build/lslidar_driver' returned '0': CMAKE_PREFIX_PATH=/home/fastbot/ros2_ws/install/lslidar_msgs:/home/fastbot/ros2_ws/install/serial_motor_msgs:/home/fastbot/ros2_ws/install/lslidar_driver:/home/fastbot/ros2_ws/install/fastbot_description:/home/fastbot/ros2_ws/install/fastbot_bringup:/home/fastbot/ros2_ws/install/serial_motor:/opt/ros/humble LD_LIBRARY_PATH=/home/fastbot/ros2_ws/install/lslidar_msgs/lib:/home/fastbot/ros2_ws/install/serial_motor_msgs/lib:/opt/ros/humble/opt/rviz_ogre_vendor/lib:/opt/ros/humble/lib/aarch64-linux-gnu:/opt/ros/humble/lib /usr/bin/cmake --install /home/fastbot/ros2_ws/build/lslidar_driver
