[0.086s] Invoking command in '/home/fastbot/ros2_ws/build/serial_motor_msgs': CMAKE_PREFIX_PATH=${CMAKE_PREFIX_PATH}:/home/fastbot/ros2_ws/install/serial_motor:/opt/ros/humble /usr/bin/cmake /home/fastbot/ros2_ws/src/serial_motor_msgs -DCMAKE_INSTALL_PREFIX=/home/fastbot/ros2_ws/install/serial_motor_msgs
[1.049s] -- The C compiler identification is GNU 11.4.0
[1.921s] -- The CXX compiler identification is GNU 11.4.0
[1.964s] -- Detecting C compiler ABI info
[2.402s] -- Detecting C compiler ABI info - done
[2.432s] -- Check for working C compiler: /usr/bin/cc - skipped
[2.433s] -- Detecting C compile features
[2.435s] -- Detecting C compile features - done
[2.447s] -- Detecting CXX compiler ABI info
[2.913s] -- Detecting CXX compiler ABI info - done
[2.941s] -- Check for working CXX compiler: /usr/bin/c++ - skipped
[2.942s] -- Detecting CXX compile features
[2.945s] -- Detecting CXX compile features - done
[2.969s] -- Found ament_cmake: 1.3.11 (/opt/ros/humble/share/ament_cmake/cmake)
[4.166s] -- Found Python3: /usr/bin/python3 (found version "3.10.12") found components: Interpreter 
[4.960s] -- Found rosidl_default_generators: 1.2.0 (/opt/ros/humble/share/rosidl_default_generators/cmake)
[4.994s] -- Using all available rosidl_typesupport_c: rosidl_typesupport_fastrtps_c;rosidl_typesupport_introspection_c
[5.072s] -- Found rosidl_adapter: 3.1.6 (/opt/ros/humble/share/rosidl_adapter/cmake)
[5.449s] -- Using all available rosidl_typesupport_cpp: rosidl_typesupport_fastrtps_cpp;rosidl_typesupport_introspection_cpp
[5.717s] -- Found std_msgs: 4.8.0 (/opt/ros/humble/share/std_msgs/cmake)
[7.166s] -- Found ament_cmake_ros: 0.10.0 (/opt/ros/humble/share/ament_cmake_ros/cmake)
[8.119s] -- Using all available rosidl_typesupport_c: rosidl_typesupport_fastrtps_c;rosidl_typesupport_introspection_c
[9.318s] -- Using all available rosidl_typesupport_cpp: rosidl_typesupport_fastrtps_cpp;rosidl_typesupport_introspection_cpp
[9.441s] -- Found PythonInterp: /usr/bin/python3 (found suitable version "3.10.12", minimum required is "3.6") 
[9.461s] -- Found python_cmake_module: 0.10.0 (/opt/ros/humble/share/python_cmake_module/cmake)
[9.593s] -- Found PythonLibs: /usr/lib/aarch64-linux-gnu/libpython3.10.so (found suitable version "3.10.12", minimum required is "3.5") 
[9.594s] -- Using PYTHON_EXECUTABLE: /usr/bin/python3
[9.594s] -- Using PYTHON_INCLUDE_DIRS: /usr/include/python3.10
[9.594s] -- Using PYTHON_LIBRARIES: /usr/lib/aarch64-linux-gnu/libpython3.10.so
[9.712s] -- Found PythonExtra: .so  
[9.932s] -- Configuring done
[10.135s] -- Generating done
[10.180s] -- Build files have been written to: /home/fastbot/ros2_ws/build/serial_motor_msgs
[10.200s] Invoked command in '/home/fastbot/ros2_ws/build/serial_motor_msgs' returned '0': CMAKE_PREFIX_PATH=${CMAKE_PREFIX_PATH}:/home/fastbot/ros2_ws/install/serial_motor:/opt/ros/humble /usr/bin/cmake /home/fastbot/ros2_ws/src/serial_motor_msgs -DCMAKE_INSTALL_PREFIX=/home/fastbot/ros2_ws/install/serial_motor_msgs
[10.209s] Invoking command in '/home/fastbot/ros2_ws/build/serial_motor_msgs': CMAKE_PREFIX_PATH=${CMAKE_PREFIX_PATH}:/home/fastbot/ros2_ws/install/serial_motor:/opt/ros/humble /usr/bin/cmake --build /home/fastbot/ros2_ws/build/serial_motor_msgs -- -j4 -l4
[10.381s] [  2%] [34m[1mGenerating C code for ROS interfaces[0m
[10.426s] [  4%] [34m[1mGenerating C++ code for ROS interfaces[0m
[10.485s] [  4%] Built target ament_cmake_python_copy_serial_motor_msgs
[12.325s] running egg_info
[12.329s] creating serial_motor_msgs.egg-info
[12.331s] writing serial_motor_msgs.egg-info/PKG-INFO
[12.332s] writing dependency_links to serial_motor_msgs.egg-info/dependency_links.txt
[12.335s] writing top-level names to serial_motor_msgs.egg-info/top_level.txt
[12.338s] writing manifest file 'serial_motor_msgs.egg-info/SOURCES.txt'
[12.352s] reading manifest file 'serial_motor_msgs.egg-info/SOURCES.txt'
[12.356s] writing manifest file 'serial_motor_msgs.egg-info/SOURCES.txt'
[12.607s] [  4%] Built target ament_cmake_python_build_serial_motor_msgs_egg
[12.915s] [  4%] Built target serial_motor_msgs__cpp
[12.998s] [  6%] [34m[1mGenerating C++ type support for eProsima Fast-RTPS[0m
[13.040s] [  8%] [34m[1mGenerating C++ introspection for ROS interfaces[0m
[13.044s] [ 10%] [34m[1mGenerating C++ type support dispatch for ROS interfaces[0m
[13.118s] [ 12%] [32mBuilding C object CMakeFiles/serial_motor_msgs__rosidl_generator_c.dir/rosidl_generator_c/serial_motor_msgs/msg/detail/encoder_vals__functions.c.o[0m
[13.796s] [ 14%] [32mBuilding C object CMakeFiles/serial_motor_msgs__rosidl_generator_c.dir/rosidl_generator_c/serial_motor_msgs/msg/detail/motor_commands__functions.c.o[0m
[14.331s] [ 17%] [32mBuilding C object CMakeFiles/serial_motor_msgs__rosidl_generator_c.dir/rosidl_generator_c/serial_motor_msgs/msg/detail/motor_vels__functions.c.o[0m
[14.795s] [ 19%] [32m[1mLinking C shared library libserial_motor_msgs__rosidl_generator_c.so[0m
[15.170s] [ 19%] Built target serial_motor_msgs__rosidl_generator_c
[15.277s] [ 21%] [34m[1mGenerating C type support for eProsima Fast-RTPS[0m
[15.515s] [ 23%] [32mBuilding CXX object CMakeFiles/serial_motor_msgs__rosidl_typesupport_cpp.dir/rosidl_typesupport_cpp/serial_motor_msgs/msg/encoder_vals__type_support.cpp.o[0m
[15.797s] [ 25%] [32mBuilding CXX object CMakeFiles/serial_motor_msgs__rosidl_typesupport_introspection_cpp.dir/rosidl_typesupport_introspection_cpp/serial_motor_msgs/msg/detail/encoder_vals__type_support.cpp.o[0m
[16.650s] [ 27%] [32mBuilding CXX object CMakeFiles/serial_motor_msgs__rosidl_typesupport_fastrtps_cpp.dir/rosidl_typesupport_fastrtps_cpp/serial_motor_msgs/msg/detail/dds_fastrtps/encoder_vals__type_support.cpp.o[0m
[18.650s] [ 29%] [32mBuilding CXX object CMakeFiles/serial_motor_msgs__rosidl_typesupport_cpp.dir/rosidl_typesupport_cpp/serial_motor_msgs/msg/motor_commands__type_support.cpp.o[0m
[18.893s] [ 31%] [32mBuilding CXX object CMakeFiles/serial_motor_msgs__rosidl_typesupport_fastrtps_c.dir/rosidl_typesupport_fastrtps_c/serial_motor_msgs/msg/detail/encoder_vals__type_support_c.cpp.o[0m
[20.531s] [ 34%] [32mBuilding CXX object CMakeFiles/serial_motor_msgs__rosidl_typesupport_introspection_cpp.dir/rosidl_typesupport_introspection_cpp/serial_motor_msgs/msg/detail/motor_commands__type_support.cpp.o[0m
[21.618s] [ 36%] [32mBuilding CXX object CMakeFiles/serial_motor_msgs__rosidl_typesupport_fastrtps_cpp.dir/rosidl_typesupport_fastrtps_cpp/serial_motor_msgs/msg/detail/dds_fastrtps/motor_commands__type_support.cpp.o[0m
[22.053s] [ 38%] [32mBuilding CXX object CMakeFiles/serial_motor_msgs__rosidl_typesupport_cpp.dir/rosidl_typesupport_cpp/serial_motor_msgs/msg/motor_vels__type_support.cpp.o[0m
[23.024s] [ 40%] [32mBuilding CXX object CMakeFiles/serial_motor_msgs__rosidl_typesupport_fastrtps_c.dir/rosidl_typesupport_fastrtps_c/serial_motor_msgs/msg/detail/motor_commands__type_support_c.cpp.o[0m
[25.171s] [ 42%] [32m[1mLinking CXX shared library libserial_motor_msgs__rosidl_typesupport_cpp.so[0m
[25.603s] [ 42%] Built target serial_motor_msgs__rosidl_typesupport_cpp
[25.713s] [ 44%] [34m[1mGenerating C introspection for ROS interfaces[0m
[25.717s] [ 46%] [32mBuilding CXX object CMakeFiles/serial_motor_msgs__rosidl_typesupport_introspection_cpp.dir/rosidl_typesupport_introspection_cpp/serial_motor_msgs/msg/detail/motor_vels__type_support.cpp.o[0m
[26.392s] [ 48%] [32mBuilding CXX object CMakeFiles/serial_motor_msgs__rosidl_typesupport_fastrtps_cpp.dir/rosidl_typesupport_fastrtps_cpp/serial_motor_msgs/msg/detail/dds_fastrtps/motor_vels__type_support.cpp.o[0m
[27.203s] [ 51%] [32mBuilding CXX object CMakeFiles/serial_motor_msgs__rosidl_typesupport_fastrtps_c.dir/rosidl_typesupport_fastrtps_c/serial_motor_msgs/msg/detail/motor_vels__type_support_c.cpp.o[0m
[29.157s] [ 53%] [32mBuilding C object CMakeFiles/serial_motor_msgs__rosidl_typesupport_introspection_c.dir/rosidl_typesupport_introspection_c/serial_motor_msgs/msg/detail/encoder_vals__type_support.c.o[0m
[29.558s] [ 55%] [32mBuilding C object CMakeFiles/serial_motor_msgs__rosidl_typesupport_introspection_c.dir/rosidl_typesupport_introspection_c/serial_motor_msgs/msg/detail/motor_commands__type_support.c.o[0m
[29.958s] [ 57%] [32mBuilding C object CMakeFiles/serial_motor_msgs__rosidl_typesupport_introspection_c.dir/rosidl_typesupport_introspection_c/serial_motor_msgs/msg/detail/motor_vels__type_support.c.o[0m
[30.019s] [ 59%] [32m[1mLinking CXX shared library libserial_motor_msgs__rosidl_typesupport_introspection_cpp.so[0m
[30.344s] [ 61%] [32m[1mLinking C shared library libserial_motor_msgs__rosidl_typesupport_introspection_c.so[0m
[30.532s] [ 61%] Built target serial_motor_msgs__rosidl_typesupport_introspection_cpp
[30.676s] [ 63%] [34m[1mGenerating C type support dispatch for ROS interfaces[0m
[30.796s] [ 63%] Built target serial_motor_msgs__rosidl_typesupport_introspection_c
[31.149s] [ 65%] [32m[1mLinking CXX shared library libserial_motor_msgs__rosidl_typesupport_fastrtps_c.so[0m
[31.646s] [ 65%] Built target serial_motor_msgs__rosidl_typesupport_fastrtps_c
[31.682s] [ 68%] [32m[1mLinking CXX shared library libserial_motor_msgs__rosidl_typesupport_fastrtps_cpp.so[0m
[32.372s] [ 68%] Built target serial_motor_msgs__rosidl_typesupport_fastrtps_cpp
[33.018s] [ 70%] [32mBuilding CXX object CMakeFiles/serial_motor_msgs__rosidl_typesupport_c.dir/rosidl_typesupport_c/serial_motor_msgs/msg/encoder_vals__type_support.cpp.o[0m
[33.025s] [ 72%] [32mBuilding CXX object CMakeFiles/serial_motor_msgs__rosidl_typesupport_c.dir/rosidl_typesupport_c/serial_motor_msgs/msg/motor_vels__type_support.cpp.o[0m
[33.030s] [ 74%] [32mBuilding CXX object CMakeFiles/serial_motor_msgs__rosidl_typesupport_c.dir/rosidl_typesupport_c/serial_motor_msgs/msg/motor_commands__type_support.cpp.o[0m
[33.393s] [ 76%] [32m[1mLinking CXX shared library libserial_motor_msgs__rosidl_typesupport_c.so[0m
[33.700s] [ 76%] Built target serial_motor_msgs__rosidl_typesupport_c
[33.962s] [ 76%] Built target serial_motor_msgs
[34.201s] [ 78%] [34m[1mGenerating Python code for ROS interfaces[0m
[37.395s] [ 78%] Built target serial_motor_msgs__py
[37.615s] [ 80%] [32mBuilding C object CMakeFiles/serial_motor_msgs__rosidl_generator_py.dir/rosidl_generator_py/serial_motor_msgs/msg/_encoder_vals_s.c.o[0m
[37.636s] [ 85%] [32mBuilding C object CMakeFiles/serial_motor_msgs__rosidl_generator_py.dir/rosidl_generator_py/serial_motor_msgs/msg/_motor_commands_s.c.o[0m
[37.656s] [ 85%] [32mBuilding C object CMakeFiles/serial_motor_msgs__rosidl_generator_py.dir/rosidl_generator_py/serial_motor_msgs/msg/_motor_vels_s.c.o[0m
[38.928s] [ 87%] [32m[1mLinking C shared library rosidl_generator_py/serial_motor_msgs/libserial_motor_msgs__rosidl_generator_py.so[0m
[39.258s] [ 87%] Built target serial_motor_msgs__rosidl_generator_py
[39.391s] [ 89%] [32mBuilding C object CMakeFiles/serial_motor_msgs__rosidl_typesupport_introspection_c__pyext.dir/rosidl_generator_py/serial_motor_msgs/_serial_motor_msgs_s.ep.rosidl_typesupport_introspection_c.c.o[0m
[39.487s] [ 91%] [32mBuilding C object CMakeFiles/serial_motor_msgs__rosidl_typesupport_c__pyext.dir/rosidl_generator_py/serial_motor_msgs/_serial_motor_msgs_s.ep.rosidl_typesupport_c.c.o[0m
[39.497s] [ 93%] [32mBuilding C object CMakeFiles/serial_motor_msgs__rosidl_typesupport_fastrtps_c__pyext.dir/rosidl_generator_py/serial_motor_msgs/_serial_motor_msgs_s.ep.rosidl_typesupport_fastrtps_c.c.o[0m
[40.178s] [ 95%] [32m[1mLinking C shared library rosidl_generator_py/serial_motor_msgs/serial_motor_msgs_s__rosidl_typesupport_introspection_c.cpython-310-aarch64-linux-gnu.so[0m
[40.512s] [ 95%] Built target serial_motor_msgs__rosidl_typesupport_introspection_c__pyext
[40.554s] [ 97%] [32m[1mLinking C shared library rosidl_generator_py/serial_motor_msgs/serial_motor_msgs_s__rosidl_typesupport_c.cpython-310-aarch64-linux-gnu.so[0m
[40.687s] [100%] [32m[1mLinking C shared library rosidl_generator_py/serial_motor_msgs/serial_motor_msgs_s__rosidl_typesupport_fastrtps_c.cpython-310-aarch64-linux-gnu.so[0m
[40.811s] [100%] Built target serial_motor_msgs__rosidl_typesupport_c__pyext
[41.019s] [100%] Built target serial_motor_msgs__rosidl_typesupport_fastrtps_c__pyext
[41.110s] Invoked command in '/home/fastbot/ros2_ws/build/serial_motor_msgs' returned '0': CMAKE_PREFIX_PATH=${CMAKE_PREFIX_PATH}:/home/fastbot/ros2_ws/install/serial_motor:/opt/ros/humble /usr/bin/cmake --build /home/fastbot/ros2_ws/build/serial_motor_msgs -- -j4 -l4
[41.116s] Invoking command in '/home/fastbot/ros2_ws/build/serial_motor_msgs': CMAKE_PREFIX_PATH=${CMAKE_PREFIX_PATH}:/home/fastbot/ros2_ws/install/serial_motor:/opt/ros/humble /usr/bin/cmake --install /home/fastbot/ros2_ws/build/serial_motor_msgs
[41.157s] -- Install configuration: ""
[41.158s] -- Installing: /home/fastbot/ros2_ws/install/serial_motor_msgs/share/ament_index/resource_index/rosidl_interfaces/serial_motor_msgs
[41.160s] -- Installing: /home/fastbot/ros2_ws/install/serial_motor_msgs/include/serial_motor_msgs/serial_motor_msgs
[41.161s] -- Installing: /home/fastbot/ros2_ws/install/serial_motor_msgs/include/serial_motor_msgs/serial_motor_msgs/msg
[41.162s] -- Installing: /home/fastbot/ros2_ws/install/serial_motor_msgs/include/serial_motor_msgs/serial_motor_msgs/msg/encoder_vals.h
[41.164s] -- Installing: /home/fastbot/ros2_ws/install/serial_motor_msgs/include/serial_motor_msgs/serial_motor_msgs/msg/motor_commands.h
[41.165s] -- Installing: /home/fastbot/ros2_ws/install/serial_motor_msgs/include/serial_motor_msgs/serial_motor_msgs/msg/motor_vels.h
[41.166s] -- Installing: /home/fastbot/ros2_ws/install/serial_motor_msgs/include/serial_motor_msgs/serial_motor_msgs/msg/rosidl_generator_c__visibility_control.h
[41.168s] -- Installing: /home/fastbot/ros2_ws/install/serial_motor_msgs/include/serial_motor_msgs/serial_motor_msgs/msg/detail
[41.169s] -- Installing: /home/fastbot/ros2_ws/install/serial_motor_msgs/include/serial_motor_msgs/serial_motor_msgs/msg/detail/motor_vels__functions.h
[41.171s] -- Installing: /home/fastbot/ros2_ws/install/serial_motor_msgs/include/serial_motor_msgs/serial_motor_msgs/msg/detail/motor_commands__functions.c
[41.173s] -- Installing: /home/fastbot/ros2_ws/install/serial_motor_msgs/include/serial_motor_msgs/serial_motor_msgs/msg/detail/motor_vels__functions.c
[41.175s] -- Installing: /home/fastbot/ros2_ws/install/serial_motor_msgs/include/serial_motor_msgs/serial_motor_msgs/msg/detail/encoder_vals__struct.h
[41.178s] -- Installing: /home/fastbot/ros2_ws/install/serial_motor_msgs/include/serial_motor_msgs/serial_motor_msgs/msg/detail/encoder_vals__functions.c
[41.180s] -- Installing: /home/fastbot/ros2_ws/install/serial_motor_msgs/include/serial_motor_msgs/serial_motor_msgs/msg/detail/motor_vels__struct.h
[41.183s] -- Installing: /home/fastbot/ros2_ws/install/serial_motor_msgs/include/serial_motor_msgs/serial_motor_msgs/msg/detail/motor_commands__type_support.h
[41.184s] -- Installing: /home/fastbot/ros2_ws/install/serial_motor_msgs/include/serial_motor_msgs/serial_motor_msgs/msg/detail/encoder_vals__functions.h
[41.186s] -- Installing: /home/fastbot/ros2_ws/install/serial_motor_msgs/include/serial_motor_msgs/serial_motor_msgs/msg/detail/motor_commands__functions.h
[41.189s] -- Installing: /home/fastbot/ros2_ws/install/serial_motor_msgs/include/serial_motor_msgs/serial_motor_msgs/msg/detail/motor_commands__struct.h
[41.191s] -- Installing: /home/fastbot/ros2_ws/install/serial_motor_msgs/include/serial_motor_msgs/serial_motor_msgs/msg/detail/encoder_vals__type_support.h
[41.193s] -- Installing: /home/fastbot/ros2_ws/install/serial_motor_msgs/include/serial_motor_msgs/serial_motor_msgs/msg/detail/motor_vels__type_support.h
[41.196s] -- Installing: /home/fastbot/ros2_ws/install/serial_motor_msgs/share/serial_motor_msgs/environment/library_path.sh
[41.198s] -- Installing: /home/fastbot/ros2_ws/install/serial_motor_msgs/share/serial_motor_msgs/environment/library_path.dsv
[41.201s] -- Installing: /home/fastbot/ros2_ws/install/serial_motor_msgs/lib/libserial_motor_msgs__rosidl_generator_c.so
[41.205s] -- Set runtime path of "/home/fastbot/ros2_ws/install/serial_motor_msgs/lib/libserial_motor_msgs__rosidl_generator_c.so" to ""
[41.206s] -- Up-to-date: /home/fastbot/ros2_ws/install/serial_motor_msgs/include/serial_motor_msgs/serial_motor_msgs
[41.207s] -- Up-to-date: /home/fastbot/ros2_ws/install/serial_motor_msgs/include/serial_motor_msgs/serial_motor_msgs/msg
[41.208s] -- Installing: /home/fastbot/ros2_ws/install/serial_motor_msgs/include/serial_motor_msgs/serial_motor_msgs/msg/rosidl_typesupport_fastrtps_c__visibility_control.h
[41.209s] -- Up-to-date: /home/fastbot/ros2_ws/install/serial_motor_msgs/include/serial_motor_msgs/serial_motor_msgs/msg/detail
[41.211s] -- Installing: /home/fastbot/ros2_ws/install/serial_motor_msgs/include/serial_motor_msgs/serial_motor_msgs/msg/detail/encoder_vals__rosidl_typesupport_fastrtps_c.h
[41.213s] -- Installing: /home/fastbot/ros2_ws/install/serial_motor_msgs/include/serial_motor_msgs/serial_motor_msgs/msg/detail/motor_vels__rosidl_typesupport_fastrtps_c.h
[41.215s] -- Installing: /home/fastbot/ros2_ws/install/serial_motor_msgs/include/serial_motor_msgs/serial_motor_msgs/msg/detail/motor_commands__rosidl_typesupport_fastrtps_c.h
[41.217s] -- Installing: /home/fastbot/ros2_ws/install/serial_motor_msgs/lib/libserial_motor_msgs__rosidl_typesupport_fastrtps_c.so
[41.221s] -- Set runtime path of "/home/fastbot/ros2_ws/install/serial_motor_msgs/lib/libserial_motor_msgs__rosidl_typesupport_fastrtps_c.so" to ""
[41.222s] -- Up-to-date: /home/fastbot/ros2_ws/install/serial_motor_msgs/include/serial_motor_msgs/serial_motor_msgs
[41.223s] -- Up-to-date: /home/fastbot/ros2_ws/install/serial_motor_msgs/include/serial_motor_msgs/serial_motor_msgs/msg
[41.224s] -- Up-to-date: /home/fastbot/ros2_ws/install/serial_motor_msgs/include/serial_motor_msgs/serial_motor_msgs/msg/detail
[41.228s] -- Installing: /home/fastbot/ros2_ws/install/serial_motor_msgs/include/serial_motor_msgs/serial_motor_msgs/msg/detail/motor_vels__type_support.c
[41.230s] -- Installing: /home/fastbot/ros2_ws/install/serial_motor_msgs/include/serial_motor_msgs/serial_motor_msgs/msg/detail/encoder_vals__rosidl_typesupport_introspection_c.h
[41.233s] -- Installing: /home/fastbot/ros2_ws/install/serial_motor_msgs/include/serial_motor_msgs/serial_motor_msgs/msg/detail/motor_commands__type_support.c
[41.238s] -- Installing: /home/fastbot/ros2_ws/install/serial_motor_msgs/include/serial_motor_msgs/serial_motor_msgs/msg/detail/encoder_vals__type_support.c
[41.240s] -- Installing: /home/fastbot/ros2_ws/install/serial_motor_msgs/include/serial_motor_msgs/serial_motor_msgs/msg/detail/motor_commands__rosidl_typesupport_introspection_c.h
[41.254s] -- Installing: /home/fastbot/ros2_ws/install/serial_motor_msgs/include/serial_motor_msgs/serial_motor_msgs/msg/detail/motor_vels__rosidl_typesupport_introspection_c.h
[41.256s] -- Installing: /home/fastbot/ros2_ws/install/serial_motor_msgs/include/serial_motor_msgs/serial_motor_msgs/msg/rosidl_typesupport_introspection_c__visibility_control.h
[41.258s] -- Installing: /home/fastbot/ros2_ws/install/serial_motor_msgs/lib/libserial_motor_msgs__rosidl_typesupport_introspection_c.so
[41.261s] -- Set runtime path of "/home/fastbot/ros2_ws/install/serial_motor_msgs/lib/libserial_motor_msgs__rosidl_typesupport_introspection_c.so" to ""
[41.262s] -- Installing: /home/fastbot/ros2_ws/install/serial_motor_msgs/lib/libserial_motor_msgs__rosidl_typesupport_c.so
[41.271s] -- Set runtime path of "/home/fastbot/ros2_ws/install/serial_motor_msgs/lib/libserial_motor_msgs__rosidl_typesupport_c.so" to ""
[41.271s] -- Up-to-date: /home/fastbot/ros2_ws/install/serial_motor_msgs/include/serial_motor_msgs/serial_motor_msgs
[41.272s] -- Up-to-date: /home/fastbot/ros2_ws/install/serial_motor_msgs/include/serial_motor_msgs/serial_motor_msgs/msg
[41.273s] -- Installing: /home/fastbot/ros2_ws/install/serial_motor_msgs/include/serial_motor_msgs/serial_motor_msgs/msg/motor_commands.hpp
[41.275s] -- Installing: /home/fastbot/ros2_ws/install/serial_motor_msgs/include/serial_motor_msgs/serial_motor_msgs/msg/encoder_vals.hpp
[41.277s] -- Installing: /home/fastbot/ros2_ws/install/serial_motor_msgs/include/serial_motor_msgs/serial_motor_msgs/msg/motor_vels.hpp
[41.278s] -- Up-to-date: /home/fastbot/ros2_ws/install/serial_motor_msgs/include/serial_motor_msgs/serial_motor_msgs/msg/detail
[41.279s] -- Installing: /home/fastbot/ros2_ws/install/serial_motor_msgs/include/serial_motor_msgs/serial_motor_msgs/msg/detail/motor_vels__type_support.hpp
[41.281s] -- Installing: /home/fastbot/ros2_ws/install/serial_motor_msgs/include/serial_motor_msgs/serial_motor_msgs/msg/detail/motor_commands__traits.hpp
[41.283s] -- Installing: /home/fastbot/ros2_ws/install/serial_motor_msgs/include/serial_motor_msgs/serial_motor_msgs/msg/detail/motor_commands__struct.hpp
[41.284s] -- Installing: /home/fastbot/ros2_ws/install/serial_motor_msgs/include/serial_motor_msgs/serial_motor_msgs/msg/detail/motor_vels__traits.hpp
[41.286s] -- Installing: /home/fastbot/ros2_ws/install/serial_motor_msgs/include/serial_motor_msgs/serial_motor_msgs/msg/detail/encoder_vals__struct.hpp
[41.288s] -- Installing: /home/fastbot/ros2_ws/install/serial_motor_msgs/include/serial_motor_msgs/serial_motor_msgs/msg/detail/encoder_vals__traits.hpp
[41.290s] -- Installing: /home/fastbot/ros2_ws/install/serial_motor_msgs/include/serial_motor_msgs/serial_motor_msgs/msg/detail/motor_commands__type_support.hpp
[41.292s] -- Installing: /home/fastbot/ros2_ws/install/serial_motor_msgs/include/serial_motor_msgs/serial_motor_msgs/msg/detail/motor_commands__builder.hpp
[41.293s] -- Installing: /home/fastbot/ros2_ws/install/serial_motor_msgs/include/serial_motor_msgs/serial_motor_msgs/msg/detail/encoder_vals__builder.hpp
[41.306s] -- Installing: /home/fastbot/ros2_ws/install/serial_motor_msgs/include/serial_motor_msgs/serial_motor_msgs/msg/detail/motor_vels__struct.hpp
[41.308s] -- Installing: /home/fastbot/ros2_ws/install/serial_motor_msgs/include/serial_motor_msgs/serial_motor_msgs/msg/detail/motor_vels__builder.hpp
[41.309s] -- Installing: /home/fastbot/ros2_ws/install/serial_motor_msgs/include/serial_motor_msgs/serial_motor_msgs/msg/detail/encoder_vals__type_support.hpp
[41.311s] -- Installing: /home/fastbot/ros2_ws/install/serial_motor_msgs/include/serial_motor_msgs/serial_motor_msgs/msg/rosidl_generator_cpp__visibility_control.hpp
[41.314s] -- Up-to-date: /home/fastbot/ros2_ws/install/serial_motor_msgs/include/serial_motor_msgs/serial_motor_msgs
[41.328s] -- Up-to-date: /home/fastbot/ros2_ws/install/serial_motor_msgs/include/serial_motor_msgs/serial_motor_msgs/msg
[41.329s] -- Installing: /home/fastbot/ros2_ws/install/serial_motor_msgs/include/serial_motor_msgs/serial_motor_msgs/msg/rosidl_typesupport_fastrtps_cpp__visibility_control.h
[41.330s] -- Up-to-date: /home/fastbot/ros2_ws/install/serial_motor_msgs/include/serial_motor_msgs/serial_motor_msgs/msg/detail
[41.331s] -- Installing: /home/fastbot/ros2_ws/install/serial_motor_msgs/include/serial_motor_msgs/serial_motor_msgs/msg/detail/dds_fastrtps
[41.333s] -- Installing: /home/fastbot/ros2_ws/install/serial_motor_msgs/include/serial_motor_msgs/serial_motor_msgs/msg/detail/encoder_vals__rosidl_typesupport_fastrtps_cpp.hpp
[41.334s] -- Installing: /home/fastbot/ros2_ws/install/serial_motor_msgs/include/serial_motor_msgs/serial_motor_msgs/msg/detail/motor_commands__rosidl_typesupport_fastrtps_cpp.hpp
[41.335s] -- Installing: /home/fastbot/ros2_ws/install/serial_motor_msgs/include/serial_motor_msgs/serial_motor_msgs/msg/detail/motor_vels__rosidl_typesupport_fastrtps_cpp.hpp
[41.347s] -- Installing: /home/fastbot/ros2_ws/install/serial_motor_msgs/lib/libserial_motor_msgs__rosidl_typesupport_fastrtps_cpp.so
[41.354s] -- Set runtime path of "/home/fastbot/ros2_ws/install/serial_motor_msgs/lib/libserial_motor_msgs__rosidl_typesupport_fastrtps_cpp.so" to ""
[41.356s] -- Up-to-date: /home/fastbot/ros2_ws/install/serial_motor_msgs/include/serial_motor_msgs/serial_motor_msgs
[41.358s] -- Up-to-date: /home/fastbot/ros2_ws/install/serial_motor_msgs/include/serial_motor_msgs/serial_motor_msgs/msg
[41.359s] -- Up-to-date: /home/fastbot/ros2_ws/install/serial_motor_msgs/include/serial_motor_msgs/serial_motor_msgs/msg/detail
[41.361s] -- Installing: /home/fastbot/ros2_ws/install/serial_motor_msgs/include/serial_motor_msgs/serial_motor_msgs/msg/detail/encoder_vals__type_support.cpp
[41.364s] -- Installing: /home/fastbot/ros2_ws/install/serial_motor_msgs/include/serial_motor_msgs/serial_motor_msgs/msg/detail/motor_commands__type_support.cpp
[41.367s] -- Installing: /home/fastbot/ros2_ws/install/serial_motor_msgs/include/serial_motor_msgs/serial_motor_msgs/msg/detail/motor_vels__type_support.cpp
[41.370s] -- Installing: /home/fastbot/ros2_ws/install/serial_motor_msgs/include/serial_motor_msgs/serial_motor_msgs/msg/detail/encoder_vals__rosidl_typesupport_introspection_cpp.hpp
[41.373s] -- Installing: /home/fastbot/ros2_ws/install/serial_motor_msgs/include/serial_motor_msgs/serial_motor_msgs/msg/detail/motor_vels__rosidl_typesupport_introspection_cpp.hpp
[41.376s] -- Installing: /home/fastbot/ros2_ws/install/serial_motor_msgs/include/serial_motor_msgs/serial_motor_msgs/msg/detail/motor_commands__rosidl_typesupport_introspection_cpp.hpp
[41.379s] -- Installing: /home/fastbot/ros2_ws/install/serial_motor_msgs/lib/libserial_motor_msgs__rosidl_typesupport_introspection_cpp.so
[41.383s] -- Set runtime path of "/home/fastbot/ros2_ws/install/serial_motor_msgs/lib/libserial_motor_msgs__rosidl_typesupport_introspection_cpp.so" to ""
[41.385s] -- Installing: /home/fastbot/ros2_ws/install/serial_motor_msgs/lib/libserial_motor_msgs__rosidl_typesupport_cpp.so
[41.389s] -- Set runtime path of "/home/fastbot/ros2_ws/install/serial_motor_msgs/lib/libserial_motor_msgs__rosidl_typesupport_cpp.so" to ""
[41.391s] -- Installing: /home/fastbot/ros2_ws/install/serial_motor_msgs/share/serial_motor_msgs/environment/pythonpath.sh
[41.394s] -- Installing: /home/fastbot/ros2_ws/install/serial_motor_msgs/share/serial_motor_msgs/environment/pythonpath.dsv
[41.396s] -- Installing: /home/fastbot/ros2_ws/install/serial_motor_msgs/local/lib/python3.10/dist-packages/serial_motor_msgs-0.0.0-py3.10.egg-info
[41.399s] -- Installing: /home/fastbot/ros2_ws/install/serial_motor_msgs/local/lib/python3.10/dist-packages/serial_motor_msgs-0.0.0-py3.10.egg-info/PKG-INFO
[41.402s] -- Installing: /home/fastbot/ros2_ws/install/serial_motor_msgs/local/lib/python3.10/dist-packages/serial_motor_msgs-0.0.0-py3.10.egg-info/top_level.txt
[41.405s] -- Installing: /home/fastbot/ros2_ws/install/serial_motor_msgs/local/lib/python3.10/dist-packages/serial_motor_msgs-0.0.0-py3.10.egg-info/SOURCES.txt
[41.407s] -- Installing: /home/fastbot/ros2_ws/install/serial_motor_msgs/local/lib/python3.10/dist-packages/serial_motor_msgs-0.0.0-py3.10.egg-info/dependency_links.txt
[41.410s] -- Installing: /home/fastbot/ros2_ws/install/serial_motor_msgs/local/lib/python3.10/dist-packages/serial_motor_msgs
[41.412s] -- Installing: /home/fastbot/ros2_ws/install/serial_motor_msgs/local/lib/python3.10/dist-packages/serial_motor_msgs/__init__.py
[41.415s] -- Installing: /home/fastbot/ros2_ws/install/serial_motor_msgs/local/lib/python3.10/dist-packages/serial_motor_msgs/_serial_motor_msgs_s.ep.rosidl_typesupport_fastrtps_c.c
[41.419s] -- Installing: /home/fastbot/ros2_ws/install/serial_motor_msgs/local/lib/python3.10/dist-packages/serial_motor_msgs/serial_motor_msgs_s__rosidl_typesupport_c.cpython-310-aarch64-linux-gnu.so
[41.422s] -- Installing: /home/fastbot/ros2_ws/install/serial_motor_msgs/local/lib/python3.10/dist-packages/serial_motor_msgs/serial_motor_msgs_s__rosidl_typesupport_fastrtps_c.cpython-310-aarch64-linux-gnu.so
[41.425s] -- Installing: /home/fastbot/ros2_ws/install/serial_motor_msgs/local/lib/python3.10/dist-packages/serial_motor_msgs/serial_motor_msgs_s__rosidl_typesupport_introspection_c.cpython-310-aarch64-linux-gnu.so
[41.428s] -- Installing: /home/fastbot/ros2_ws/install/serial_motor_msgs/local/lib/python3.10/dist-packages/serial_motor_msgs/msg
[41.430s] -- Installing: /home/fastbot/ros2_ws/install/serial_motor_msgs/local/lib/python3.10/dist-packages/serial_motor_msgs/msg/_encoder_vals_s.c
[41.433s] -- Installing: /home/fastbot/ros2_ws/install/serial_motor_msgs/local/lib/python3.10/dist-packages/serial_motor_msgs/msg/__init__.py
[41.435s] -- Installing: /home/fastbot/ros2_ws/install/serial_motor_msgs/local/lib/python3.10/dist-packages/serial_motor_msgs/msg/_motor_commands_s.c
[41.438s] -- Installing: /home/fastbot/ros2_ws/install/serial_motor_msgs/local/lib/python3.10/dist-packages/serial_motor_msgs/msg/_motor_vels.py
[41.441s] -- Installing: /home/fastbot/ros2_ws/install/serial_motor_msgs/local/lib/python3.10/dist-packages/serial_motor_msgs/msg/_motor_commands.py
[41.444s] -- Installing: /home/fastbot/ros2_ws/install/serial_motor_msgs/local/lib/python3.10/dist-packages/serial_motor_msgs/msg/_encoder_vals.py
[41.447s] -- Installing: /home/fastbot/ros2_ws/install/serial_motor_msgs/local/lib/python3.10/dist-packages/serial_motor_msgs/msg/_motor_vels_s.c
[41.450s] -- Installing: /home/fastbot/ros2_ws/install/serial_motor_msgs/local/lib/python3.10/dist-packages/serial_motor_msgs/_serial_motor_msgs_s.ep.rosidl_typesupport_introspection_c.c
[41.453s] -- Installing: /home/fastbot/ros2_ws/install/serial_motor_msgs/local/lib/python3.10/dist-packages/serial_motor_msgs/_serial_motor_msgs_s.ep.rosidl_typesupport_c.c
[41.456s] -- Installing: /home/fastbot/ros2_ws/install/serial_motor_msgs/local/lib/python3.10/dist-packages/serial_motor_msgs/libserial_motor_msgs__rosidl_generator_py.so
[41.665s] Listing '/home/fastbot/ros2_ws/install/serial_motor_msgs/local/lib/python3.10/dist-packages/serial_motor_msgs'...
[41.667s] Compiling '/home/fastbot/ros2_ws/install/serial_motor_msgs/local/lib/python3.10/dist-packages/serial_motor_msgs/__init__.py'...
[41.667s] Listing '/home/fastbot/ros2_ws/install/serial_motor_msgs/local/lib/python3.10/dist-packages/serial_motor_msgs/msg'...
[41.668s] Compiling '/home/fastbot/ros2_ws/install/serial_motor_msgs/local/lib/python3.10/dist-packages/serial_motor_msgs/msg/__init__.py'...
[41.668s] Compiling '/home/fastbot/ros2_ws/install/serial_motor_msgs/local/lib/python3.10/dist-packages/serial_motor_msgs/msg/_encoder_vals.py'...
[41.668s] Compiling '/home/fastbot/ros2_ws/install/serial_motor_msgs/local/lib/python3.10/dist-packages/serial_motor_msgs/msg/_motor_commands.py'...
[41.669s] Compiling '/home/fastbot/ros2_ws/install/serial_motor_msgs/local/lib/python3.10/dist-packages/serial_motor_msgs/msg/_motor_vels.py'...
[41.710s] -- Installing: /home/fastbot/ros2_ws/install/serial_motor_msgs/local/lib/python3.10/dist-packages/serial_motor_msgs/serial_motor_msgs_s__rosidl_typesupport_fastrtps_c.cpython-310-aarch64-linux-gnu.so
[41.715s] -- Set runtime path of "/home/fastbot/ros2_ws/install/serial_motor_msgs/local/lib/python3.10/dist-packages/serial_motor_msgs/serial_motor_msgs_s__rosidl_typesupport_fastrtps_c.cpython-310-aarch64-linux-gnu.so" to ""
[41.720s] -- Installing: /home/fastbot/ros2_ws/install/serial_motor_msgs/local/lib/python3.10/dist-packages/serial_motor_msgs/serial_motor_msgs_s__rosidl_typesupport_introspection_c.cpython-310-aarch64-linux-gnu.so
[41.724s] -- Set runtime path of "/home/fastbot/ros2_ws/install/serial_motor_msgs/local/lib/python3.10/dist-packages/serial_motor_msgs/serial_motor_msgs_s__rosidl_typesupport_introspection_c.cpython-310-aarch64-linux-gnu.so" to ""
[41.729s] -- Installing: /home/fastbot/ros2_ws/install/serial_motor_msgs/local/lib/python3.10/dist-packages/serial_motor_msgs/serial_motor_msgs_s__rosidl_typesupport_c.cpython-310-aarch64-linux-gnu.so
[41.734s] -- Set runtime path of "/home/fastbot/ros2_ws/install/serial_motor_msgs/local/lib/python3.10/dist-packages/serial_motor_msgs/serial_motor_msgs_s__rosidl_typesupport_c.cpython-310-aarch64-linux-gnu.so" to ""
[41.736s] -- Installing: /home/fastbot/ros2_ws/install/serial_motor_msgs/lib/libserial_motor_msgs__rosidl_generator_py.so
[41.741s] -- Set runtime path of "/home/fastbot/ros2_ws/install/serial_motor_msgs/lib/libserial_motor_msgs__rosidl_generator_py.so" to ""
[41.744s] -- Installing: /home/fastbot/ros2_ws/install/serial_motor_msgs/share/serial_motor_msgs/msg/EncoderVals.idl
[41.748s] -- Installing: /home/fastbot/ros2_ws/install/serial_motor_msgs/share/serial_motor_msgs/msg/MotorCommands.idl
[41.752s] -- Installing: /home/fastbot/ros2_ws/install/serial_motor_msgs/share/serial_motor_msgs/msg/MotorVels.idl
[41.754s] -- Installing: /home/fastbot/ros2_ws/install/serial_motor_msgs/share/serial_motor_msgs/msg/EncoderVals.msg
[41.758s] -- Installing: /home/fastbot/ros2_ws/install/serial_motor_msgs/share/serial_motor_msgs/msg/MotorCommands.msg
[41.761s] -- Installing: /home/fastbot/ros2_ws/install/serial_motor_msgs/share/serial_motor_msgs/msg/MotorVels.msg
[41.764s] -- Installing: /home/fastbot/ros2_ws/install/serial_motor_msgs/share/ament_index/resource_index/package_run_dependencies/serial_motor_msgs
[41.768s] -- Installing: /home/fastbot/ros2_ws/install/serial_motor_msgs/share/ament_index/resource_index/parent_prefix_path/serial_motor_msgs
[41.771s] -- Installing: /home/fastbot/ros2_ws/install/serial_motor_msgs/share/serial_motor_msgs/environment/ament_prefix_path.sh
[41.775s] -- Installing: /home/fastbot/ros2_ws/install/serial_motor_msgs/share/serial_motor_msgs/environment/ament_prefix_path.dsv
[41.780s] -- Installing: /home/fastbot/ros2_ws/install/serial_motor_msgs/share/serial_motor_msgs/environment/path.sh
[41.785s] -- Installing: /home/fastbot/ros2_ws/install/serial_motor_msgs/share/serial_motor_msgs/environment/path.dsv
[41.789s] -- Installing: /home/fastbot/ros2_ws/install/serial_motor_msgs/share/serial_motor_msgs/local_setup.bash
[41.794s] -- Installing: /home/fastbot/ros2_ws/install/serial_motor_msgs/share/serial_motor_msgs/local_setup.sh
[41.799s] -- Installing: /home/fastbot/ros2_ws/install/serial_motor_msgs/share/serial_motor_msgs/local_setup.zsh
[41.803s] -- Installing: /home/fastbot/ros2_ws/install/serial_motor_msgs/share/serial_motor_msgs/local_setup.dsv
[41.807s] -- Installing: /home/fastbot/ros2_ws/install/serial_motor_msgs/share/serial_motor_msgs/package.dsv
[41.813s] -- Installing: /home/fastbot/ros2_ws/install/serial_motor_msgs/share/ament_index/resource_index/packages/serial_motor_msgs
[41.821s] -- Installing: /home/fastbot/ros2_ws/install/serial_motor_msgs/share/serial_motor_msgs/cmake/export_serial_motor_msgs__rosidl_generator_cExport.cmake
[41.826s] -- Installing: /home/fastbot/ros2_ws/install/serial_motor_msgs/share/serial_motor_msgs/cmake/export_serial_motor_msgs__rosidl_generator_cExport-noconfig.cmake
[41.831s] -- Installing: /home/fastbot/ros2_ws/install/serial_motor_msgs/share/serial_motor_msgs/cmake/export_serial_motor_msgs__rosidl_typesupport_fastrtps_cExport.cmake
[41.836s] -- Installing: /home/fastbot/ros2_ws/install/serial_motor_msgs/share/serial_motor_msgs/cmake/export_serial_motor_msgs__rosidl_typesupport_fastrtps_cExport-noconfig.cmake
[41.843s] -- Installing: /home/fastbot/ros2_ws/install/serial_motor_msgs/share/serial_motor_msgs/cmake/serial_motor_msgs__rosidl_typesupport_introspection_cExport.cmake
[41.849s] -- Installing: /home/fastbot/ros2_ws/install/serial_motor_msgs/share/serial_motor_msgs/cmake/serial_motor_msgs__rosidl_typesupport_introspection_cExport-noconfig.cmake
[41.853s] -- Installing: /home/fastbot/ros2_ws/install/serial_motor_msgs/share/serial_motor_msgs/cmake/serial_motor_msgs__rosidl_typesupport_cExport.cmake
[41.857s] -- Installing: /home/fastbot/ros2_ws/install/serial_motor_msgs/share/serial_motor_msgs/cmake/serial_motor_msgs__rosidl_typesupport_cExport-noconfig.cmake
[41.860s] -- Installing: /home/fastbot/ros2_ws/install/serial_motor_msgs/share/serial_motor_msgs/cmake/export_serial_motor_msgs__rosidl_generator_cppExport.cmake
[41.864s] -- Installing: /home/fastbot/ros2_ws/install/serial_motor_msgs/share/serial_motor_msgs/cmake/export_serial_motor_msgs__rosidl_typesupport_fastrtps_cppExport.cmake
[41.870s] -- Installing: /home/fastbot/ros2_ws/install/serial_motor_msgs/share/serial_motor_msgs/cmake/export_serial_motor_msgs__rosidl_typesupport_fastrtps_cppExport-noconfig.cmake
[41.875s] -- Installing: /home/fastbot/ros2_ws/install/serial_motor_msgs/share/serial_motor_msgs/cmake/serial_motor_msgs__rosidl_typesupport_introspection_cppExport.cmake
[41.880s] -- Installing: /home/fastbot/ros2_ws/install/serial_motor_msgs/share/serial_motor_msgs/cmake/serial_motor_msgs__rosidl_typesupport_introspection_cppExport-noconfig.cmake
[41.885s] -- Installing: /home/fastbot/ros2_ws/install/serial_motor_msgs/share/serial_motor_msgs/cmake/serial_motor_msgs__rosidl_typesupport_cppExport.cmake
[41.888s] -- Installing: /home/fastbot/ros2_ws/install/serial_motor_msgs/share/serial_motor_msgs/cmake/serial_motor_msgs__rosidl_typesupport_cppExport-noconfig.cmake
[41.892s] -- Installing: /home/fastbot/ros2_ws/install/serial_motor_msgs/share/serial_motor_msgs/cmake/export_serial_motor_msgs__rosidl_generator_pyExport.cmake
[41.895s] -- Installing: /home/fastbot/ros2_ws/install/serial_motor_msgs/share/serial_motor_msgs/cmake/export_serial_motor_msgs__rosidl_generator_pyExport-noconfig.cmake
[41.898s] -- Installing: /home/fastbot/ros2_ws/install/serial_motor_msgs/share/serial_motor_msgs/cmake/rosidl_cmake-extras.cmake
[41.902s] -- Installing: /home/fastbot/ros2_ws/install/serial_motor_msgs/share/serial_motor_msgs/cmake/ament_cmake_export_include_directories-extras.cmake
[41.905s] -- Installing: /home/fastbot/ros2_ws/install/serial_motor_msgs/share/serial_motor_msgs/cmake/ament_cmake_export_libraries-extras.cmake
[41.908s] -- Installing: /home/fastbot/ros2_ws/install/serial_motor_msgs/share/serial_motor_msgs/cmake/ament_cmake_export_targets-extras.cmake
[41.912s] -- Installing: /home/fastbot/ros2_ws/install/serial_motor_msgs/share/serial_motor_msgs/cmake/rosidl_cmake_export_typesupport_targets-extras.cmake
[41.915s] -- Installing: /home/fastbot/ros2_ws/install/serial_motor_msgs/share/serial_motor_msgs/cmake/ament_cmake_export_dependencies-extras.cmake
[41.920s] -- Installing: /home/fastbot/ros2_ws/install/serial_motor_msgs/share/serial_motor_msgs/cmake/rosidl_cmake_export_typesupport_libraries-extras.cmake
[41.924s] -- Installing: /home/fastbot/ros2_ws/install/serial_motor_msgs/share/serial_motor_msgs/cmake/serial_motor_msgsConfig.cmake
[41.927s] -- Installing: /home/fastbot/ros2_ws/install/serial_motor_msgs/share/serial_motor_msgs/cmake/serial_motor_msgsConfig-version.cmake
[41.930s] -- Installing: /home/fastbot/ros2_ws/install/serial_motor_msgs/share/serial_motor_msgs/package.xml
[41.953s] Invoked command in '/home/fastbot/ros2_ws/build/serial_motor_msgs' returned '0': CMAKE_PREFIX_PATH=${CMAKE_PREFIX_PATH}:/home/fastbot/ros2_ws/install/serial_motor:/opt/ros/humble /usr/bin/cmake --install /home/fastbot/ros2_ws/build/serial_motor_msgs
