[0.434s] DEBUG:colcon:Command line arguments: ['/usr/bin/colcon', 'build']
[0.434s] DEBUG:colcon:Parsed command line arguments: Namespace(log_base=None, log_level=None, verb_name='build', build_base='build', install_base='install', merge_install=False, symlink_install=False, test_result_base=None, continue_on_error=False, executor='parallel', parallel_workers=4, event_handlers=None, ignore_user_meta=False, metas=['./colcon.meta'], base_paths=['.'], packages_ignore=None, packages_ignore_regex=None, paths=None, packages_up_to=None, packages_up_to_regex=None, packages_above=None, packages_above_and_dependencies=None, packages_above_depth=None, packages_select_by_dep=None, packages_skip_by_dep=None, packages_skip_up_to=None, packages_select_build_failed=False, packages_skip_build_finished=False, packages_select_test_failures=False, packages_skip_test_passed=False, packages_select=None, packages_skip=None, packages_select_regex=None, packages_skip_regex=None, packages_start=None, packages_end=None, allow_overriding=[], cmake_args=None, cmake_target=None, cmake_target_skip_unavailable=False, cmake_clean_cache=False, cmake_clean_first=False, cmake_force_configure=False, ament_cmake_args=None, catkin_cmake_args=None, catkin_skip_building_tests=False, verb_parser=<colcon_defaults.argument_parser.defaults.DefaultArgumentsDecorator object at 0xffff80ae4b80>, verb_extension=<colcon_core.verb.build.BuildVerb object at 0xffff80c81ff0>, main=<bound method BuildVerb.main of <colcon_core.verb.build.BuildVerb object at 0xffff80c81ff0>>)
[1.209s] Level 1:colcon.colcon_core.package_discovery:discover_packages(colcon_meta) check parameters
[1.210s] Level 1:colcon.colcon_core.package_discovery:discover_packages(recursive) check parameters
[1.210s] Level 1:colcon.colcon_core.package_discovery:discover_packages(ignore) check parameters
[1.210s] Level 1:colcon.colcon_core.package_discovery:discover_packages(path) check parameters
[1.210s] Level 1:colcon.colcon_core.package_discovery:discover_packages(colcon_meta) discover
[1.210s] Level 1:colcon.colcon_core.package_discovery:discover_packages(recursive) discover
[1.211s] INFO:colcon.colcon_core.package_discovery:Crawling recursively for packages in '/home/fastbot/ros2_ws'
[1.211s] Level 1:colcon.colcon_core.package_identification:_identify(.) by extensions ['ignore', 'ignore_ament_install']
[1.211s] Level 1:colcon.colcon_core.package_identification:_identify(.) by extension 'ignore'
[1.211s] Level 1:colcon.colcon_core.package_identification:_identify(.) by extension 'ignore_ament_install'
[1.212s] Level 1:colcon.colcon_core.package_identification:_identify(.) by extensions ['colcon_pkg']
[1.212s] Level 1:colcon.colcon_core.package_identification:_identify(.) by extension 'colcon_pkg'
[1.212s] Level 1:colcon.colcon_core.package_identification:_identify(.) by extensions ['colcon_meta']
[1.212s] Level 1:colcon.colcon_core.package_identification:_identify(.) by extension 'colcon_meta'
[1.212s] Level 1:colcon.colcon_core.package_identification:_identify(.) by extensions ['ros']
[1.212s] Level 1:colcon.colcon_core.package_identification:_identify(.) by extension 'ros'
[1.258s] Level 1:colcon.colcon_core.package_identification:_identify(.) by extensions ['cmake', 'python']
[1.259s] Level 1:colcon.colcon_core.package_identification:_identify(.) by extension 'cmake'
[1.259s] Level 1:colcon.colcon_core.package_identification:_identify(.) by extension 'python'
[1.259s] Level 1:colcon.colcon_core.package_identification:_identify(.) by extensions ['python_setup_py']
[1.259s] Level 1:colcon.colcon_core.package_identification:_identify(.) by extension 'python_setup_py'
[1.260s] Level 1:colcon.colcon_core.package_identification:_identify(build) by extensions ['ignore', 'ignore_ament_install']
[1.260s] Level 1:colcon.colcon_core.package_identification:_identify(build) by extension 'ignore'
[1.260s] Level 1:colcon.colcon_core.package_identification:_identify(build) ignored
[1.261s] Level 1:colcon.colcon_core.package_identification:_identify(install) by extensions ['ignore', 'ignore_ament_install']
[1.261s] Level 1:colcon.colcon_core.package_identification:_identify(install) by extension 'ignore'
[1.261s] Level 1:colcon.colcon_core.package_identification:_identify(install) ignored
[1.262s] Level 1:colcon.colcon_core.package_identification:_identify(log) by extensions ['ignore', 'ignore_ament_install']
[1.262s] Level 1:colcon.colcon_core.package_identification:_identify(log) by extension 'ignore'
[1.262s] Level 1:colcon.colcon_core.package_identification:_identify(log) ignored
[1.263s] Level 1:colcon.colcon_core.package_identification:_identify(src) by extensions ['ignore', 'ignore_ament_install']
[1.263s] Level 1:colcon.colcon_core.package_identification:_identify(src) by extension 'ignore'
[1.263s] Level 1:colcon.colcon_core.package_identification:_identify(src) by extension 'ignore_ament_install'
[1.263s] Level 1:colcon.colcon_core.package_identification:_identify(src) by extensions ['colcon_pkg']
[1.264s] Level 1:colcon.colcon_core.package_identification:_identify(src) by extension 'colcon_pkg'
[1.264s] Level 1:colcon.colcon_core.package_identification:_identify(src) by extensions ['colcon_meta']
[1.264s] Level 1:colcon.colcon_core.package_identification:_identify(src) by extension 'colcon_meta'
[1.264s] Level 1:colcon.colcon_core.package_identification:_identify(src) by extensions ['ros']
[1.264s] Level 1:colcon.colcon_core.package_identification:_identify(src) by extension 'ros'
[1.264s] Level 1:colcon.colcon_core.package_identification:_identify(src) by extensions ['cmake', 'python']
[1.265s] Level 1:colcon.colcon_core.package_identification:_identify(src) by extension 'cmake'
[1.265s] Level 1:colcon.colcon_core.package_identification:_identify(src) by extension 'python'
[1.265s] Level 1:colcon.colcon_core.package_identification:_identify(src) by extensions ['python_setup_py']
[1.265s] Level 1:colcon.colcon_core.package_identification:_identify(src) by extension 'python_setup_py'
[1.265s] Level 1:colcon.colcon_core.package_identification:_identify(src/Lslidar_ROS2_driver) by extensions ['ignore', 'ignore_ament_install']
[1.266s] Level 1:colcon.colcon_core.package_identification:_identify(src/Lslidar_ROS2_driver) by extension 'ignore'
[1.266s] Level 1:colcon.colcon_core.package_identification:_identify(src/Lslidar_ROS2_driver) by extension 'ignore_ament_install'
[1.266s] Level 1:colcon.colcon_core.package_identification:_identify(src/Lslidar_ROS2_driver) by extensions ['colcon_pkg']
[1.266s] Level 1:colcon.colcon_core.package_identification:_identify(src/Lslidar_ROS2_driver) by extension 'colcon_pkg'
[1.266s] Level 1:colcon.colcon_core.package_identification:_identify(src/Lslidar_ROS2_driver) by extensions ['colcon_meta']
[1.266s] Level 1:colcon.colcon_core.package_identification:_identify(src/Lslidar_ROS2_driver) by extension 'colcon_meta'
[1.267s] Level 1:colcon.colcon_core.package_identification:_identify(src/Lslidar_ROS2_driver) by extensions ['ros']
[1.267s] Level 1:colcon.colcon_core.package_identification:_identify(src/Lslidar_ROS2_driver) by extension 'ros'
[1.267s] Level 1:colcon.colcon_core.package_identification:_identify(src/Lslidar_ROS2_driver) by extensions ['cmake', 'python']
[1.267s] Level 1:colcon.colcon_core.package_identification:_identify(src/Lslidar_ROS2_driver) by extension 'cmake'
[1.267s] Level 1:colcon.colcon_core.package_identification:_identify(src/Lslidar_ROS2_driver) by extension 'python'
[1.267s] Level 1:colcon.colcon_core.package_identification:_identify(src/Lslidar_ROS2_driver) by extensions ['python_setup_py']
[1.268s] Level 1:colcon.colcon_core.package_identification:_identify(src/Lslidar_ROS2_driver) by extension 'python_setup_py'
[1.268s] Level 1:colcon.colcon_core.package_identification:_identify(src/Lslidar_ROS2_driver/lslidar_driver) by extensions ['ignore', 'ignore_ament_install']
[1.268s] Level 1:colcon.colcon_core.package_identification:_identify(src/Lslidar_ROS2_driver/lslidar_driver) by extension 'ignore'
[1.269s] Level 1:colcon.colcon_core.package_identification:_identify(src/Lslidar_ROS2_driver/lslidar_driver) by extension 'ignore_ament_install'
[1.269s] Level 1:colcon.colcon_core.package_identification:_identify(src/Lslidar_ROS2_driver/lslidar_driver) by extensions ['colcon_pkg']
[1.269s] Level 1:colcon.colcon_core.package_identification:_identify(src/Lslidar_ROS2_driver/lslidar_driver) by extension 'colcon_pkg'
[1.269s] Level 1:colcon.colcon_core.package_identification:_identify(src/Lslidar_ROS2_driver/lslidar_driver) by extensions ['colcon_meta']
[1.269s] Level 1:colcon.colcon_core.package_identification:_identify(src/Lslidar_ROS2_driver/lslidar_driver) by extension 'colcon_meta'
[1.269s] Level 1:colcon.colcon_core.package_identification:_identify(src/Lslidar_ROS2_driver/lslidar_driver) by extensions ['ros']
[1.270s] Level 1:colcon.colcon_core.package_identification:_identify(src/Lslidar_ROS2_driver/lslidar_driver) by extension 'ros'
[1.279s] DEBUG:colcon.colcon_core.package_identification:Package 'src/Lslidar_ROS2_driver/lslidar_driver' with type 'ros.ament_cmake' and name 'lslidar_driver'
[1.280s] Level 1:colcon.colcon_core.package_identification:_identify(src/Lslidar_ROS2_driver/lslidar_msgs) by extensions ['ignore', 'ignore_ament_install']
[1.280s] Level 1:colcon.colcon_core.package_identification:_identify(src/Lslidar_ROS2_driver/lslidar_msgs) by extension 'ignore'
[1.281s] Level 1:colcon.colcon_core.package_identification:_identify(src/Lslidar_ROS2_driver/lslidar_msgs) by extension 'ignore_ament_install'
[1.281s] Level 1:colcon.colcon_core.package_identification:_identify(src/Lslidar_ROS2_driver/lslidar_msgs) by extensions ['colcon_pkg']
[1.281s] Level 1:colcon.colcon_core.package_identification:_identify(src/Lslidar_ROS2_driver/lslidar_msgs) by extension 'colcon_pkg'
[1.281s] Level 1:colcon.colcon_core.package_identification:_identify(src/Lslidar_ROS2_driver/lslidar_msgs) by extensions ['colcon_meta']
[1.281s] Level 1:colcon.colcon_core.package_identification:_identify(src/Lslidar_ROS2_driver/lslidar_msgs) by extension 'colcon_meta'
[1.281s] Level 1:colcon.colcon_core.package_identification:_identify(src/Lslidar_ROS2_driver/lslidar_msgs) by extensions ['ros']
[1.282s] Level 1:colcon.colcon_core.package_identification:_identify(src/Lslidar_ROS2_driver/lslidar_msgs) by extension 'ros'
[1.284s] DEBUG:colcon.colcon_core.package_identification:Package 'src/Lslidar_ROS2_driver/lslidar_msgs' with type 'ros.ament_cmake' and name 'lslidar_msgs'
[1.285s] Level 1:colcon.colcon_core.package_identification:_identify(src/fastbot_bringup) by extensions ['ignore', 'ignore_ament_install']
[1.285s] Level 1:colcon.colcon_core.package_identification:_identify(src/fastbot_bringup) by extension 'ignore'
[1.285s] Level 1:colcon.colcon_core.package_identification:_identify(src/fastbot_bringup) by extension 'ignore_ament_install'
[1.285s] Level 1:colcon.colcon_core.package_identification:_identify(src/fastbot_bringup) by extensions ['colcon_pkg']
[1.286s] Level 1:colcon.colcon_core.package_identification:_identify(src/fastbot_bringup) by extension 'colcon_pkg'
[1.286s] Level 1:colcon.colcon_core.package_identification:_identify(src/fastbot_bringup) by extensions ['colcon_meta']
[1.286s] Level 1:colcon.colcon_core.package_identification:_identify(src/fastbot_bringup) by extension 'colcon_meta'
[1.286s] Level 1:colcon.colcon_core.package_identification:_identify(src/fastbot_bringup) by extensions ['ros']
[1.286s] Level 1:colcon.colcon_core.package_identification:_identify(src/fastbot_bringup) by extension 'ros'
[1.288s] DEBUG:colcon.colcon_core.package_identification:Package 'src/fastbot_bringup' with type 'ros.ament_cmake' and name 'fastbot_bringup'
[1.289s] Level 1:colcon.colcon_core.package_identification:_identify(src/fastbot_description) by extensions ['ignore', 'ignore_ament_install']
[1.289s] Level 1:colcon.colcon_core.package_identification:_identify(src/fastbot_description) by extension 'ignore'
[1.290s] Level 1:colcon.colcon_core.package_identification:_identify(src/fastbot_description) by extension 'ignore_ament_install'
[1.290s] Level 1:colcon.colcon_core.package_identification:_identify(src/fastbot_description) by extensions ['colcon_pkg']
[1.290s] Level 1:colcon.colcon_core.package_identification:_identify(src/fastbot_description) by extension 'colcon_pkg'
[1.290s] Level 1:colcon.colcon_core.package_identification:_identify(src/fastbot_description) by extensions ['colcon_meta']
[1.290s] Level 1:colcon.colcon_core.package_identification:_identify(src/fastbot_description) by extension 'colcon_meta'
[1.290s] Level 1:colcon.colcon_core.package_identification:_identify(src/fastbot_description) by extensions ['ros']
[1.291s] Level 1:colcon.colcon_core.package_identification:_identify(src/fastbot_description) by extension 'ros'
[1.293s] DEBUG:colcon.colcon_core.package_identification:Package 'src/fastbot_description' with type 'ros.ament_cmake' and name 'fastbot_description'
[1.294s] Level 1:colcon.colcon_core.package_identification:_identify(src/msg) by extensions ['ignore', 'ignore_ament_install']
[1.294s] Level 1:colcon.colcon_core.package_identification:_identify(src/msg) by extension 'ignore'
[1.294s] Level 1:colcon.colcon_core.package_identification:_identify(src/msg) by extension 'ignore_ament_install'
[1.295s] Level 1:colcon.colcon_core.package_identification:_identify(src/msg) by extensions ['colcon_pkg']
[1.295s] Level 1:colcon.colcon_core.package_identification:_identify(src/msg) by extension 'colcon_pkg'
[1.295s] Level 1:colcon.colcon_core.package_identification:_identify(src/msg) by extensions ['colcon_meta']
[1.295s] Level 1:colcon.colcon_core.package_identification:_identify(src/msg) by extension 'colcon_meta'
[1.295s] Level 1:colcon.colcon_core.package_identification:_identify(src/msg) by extensions ['ros']
[1.295s] Level 1:colcon.colcon_core.package_identification:_identify(src/msg) by extension 'ros'
[1.296s] Level 1:colcon.colcon_core.package_identification:_identify(src/msg) by extensions ['cmake', 'python']
[1.296s] Level 1:colcon.colcon_core.package_identification:_identify(src/msg) by extension 'cmake'
[1.296s] Level 1:colcon.colcon_core.package_identification:_identify(src/msg) by extension 'python'
[1.296s] Level 1:colcon.colcon_core.package_identification:_identify(src/msg) by extensions ['python_setup_py']
[1.296s] Level 1:colcon.colcon_core.package_identification:_identify(src/msg) by extension 'python_setup_py'
[1.297s] Level 1:colcon.colcon_core.package_identification:_identify(src/serial_motor) by extensions ['ignore', 'ignore_ament_install']
[1.297s] Level 1:colcon.colcon_core.package_identification:_identify(src/serial_motor) by extension 'ignore'
[1.297s] Level 1:colcon.colcon_core.package_identification:_identify(src/serial_motor) by extension 'ignore_ament_install'
[1.297s] Level 1:colcon.colcon_core.package_identification:_identify(src/serial_motor) by extensions ['colcon_pkg']
[1.298s] Level 1:colcon.colcon_core.package_identification:_identify(src/serial_motor) by extension 'colcon_pkg'
[1.298s] Level 1:colcon.colcon_core.package_identification:_identify(src/serial_motor) by extensions ['colcon_meta']
[1.298s] Level 1:colcon.colcon_core.package_identification:_identify(src/serial_motor) by extension 'colcon_meta'
[1.298s] Level 1:colcon.colcon_core.package_identification:_identify(src/serial_motor) by extensions ['ros']
[1.298s] Level 1:colcon.colcon_core.package_identification:_identify(src/serial_motor) by extension 'ros'
[1.301s] DEBUG:colcon.colcon_core.package_identification:Package 'src/serial_motor' with type 'ros.ament_python' and name 'serial_motor'
[1.301s] Level 1:colcon.colcon_core.package_identification:_identify(src/serial_motor_msgs) by extensions ['ignore', 'ignore_ament_install']
[1.302s] Level 1:colcon.colcon_core.package_identification:_identify(src/serial_motor_msgs) by extension 'ignore'
[1.302s] Level 1:colcon.colcon_core.package_identification:_identify(src/serial_motor_msgs) by extension 'ignore_ament_install'
[1.302s] Level 1:colcon.colcon_core.package_identification:_identify(src/serial_motor_msgs) by extensions ['colcon_pkg']
[1.302s] Level 1:colcon.colcon_core.package_identification:_identify(src/serial_motor_msgs) by extension 'colcon_pkg'
[1.302s] Level 1:colcon.colcon_core.package_identification:_identify(src/serial_motor_msgs) by extensions ['colcon_meta']
[1.302s] Level 1:colcon.colcon_core.package_identification:_identify(src/serial_motor_msgs) by extension 'colcon_meta'
[1.303s] Level 1:colcon.colcon_core.package_identification:_identify(src/serial_motor_msgs) by extensions ['ros']
[1.303s] Level 1:colcon.colcon_core.package_identification:_identify(src/serial_motor_msgs) by extension 'ros'
[1.305s] DEBUG:colcon.colcon_core.package_identification:Package 'src/serial_motor_msgs' with type 'ros.ament_cmake' and name 'serial_motor_msgs'
[1.305s] Level 1:colcon.colcon_core.package_discovery:discover_packages(recursive) using defaults
[1.305s] Level 1:colcon.colcon_core.package_discovery:discover_packages(ignore) discover
[1.305s] Level 1:colcon.colcon_core.package_discovery:discover_packages(ignore) using defaults
[1.305s] Level 1:colcon.colcon_core.package_discovery:discover_packages(path) discover
[1.305s] Level 1:colcon.colcon_core.package_discovery:discover_packages(path) using defaults
[1.387s] Level 1:colcon.colcon_core.package_discovery:discover_packages(prefix_path) check parameters
[1.388s] Level 1:colcon.colcon_core.package_discovery:discover_packages(prefix_path) discover
[1.433s] DEBUG:colcon.colcon_installed_package_information.package_discovery:Found 6 installed packages in /home/fastbot/ros2_ws/install
[1.443s] DEBUG:colcon.colcon_installed_package_information.package_discovery:Found 285 installed packages in /opt/ros/humble
[1.449s] Level 1:colcon.colcon_core.package_discovery:discover_packages(prefix_path) using defaults
[1.615s] Level 5:colcon.colcon_core.verb:set package 'fastbot_bringup' build argument 'cmake_args' from command line to 'None'
[1.615s] Level 5:colcon.colcon_core.verb:set package 'fastbot_bringup' build argument 'cmake_target' from command line to 'None'
[1.616s] Level 5:colcon.colcon_core.verb:set package 'fastbot_bringup' build argument 'cmake_target_skip_unavailable' from command line to 'False'
[1.616s] Level 5:colcon.colcon_core.verb:set package 'fastbot_bringup' build argument 'cmake_clean_cache' from command line to 'False'
[1.616s] Level 5:colcon.colcon_core.verb:set package 'fastbot_bringup' build argument 'cmake_clean_first' from command line to 'False'
[1.616s] Level 5:colcon.colcon_core.verb:set package 'fastbot_bringup' build argument 'cmake_force_configure' from command line to 'False'
[1.616s] Level 5:colcon.colcon_core.verb:set package 'fastbot_bringup' build argument 'ament_cmake_args' from command line to 'None'
[1.616s] Level 5:colcon.colcon_core.verb:set package 'fastbot_bringup' build argument 'catkin_cmake_args' from command line to 'None'
[1.616s] Level 5:colcon.colcon_core.verb:set package 'fastbot_bringup' build argument 'catkin_skip_building_tests' from command line to 'False'
[1.616s] DEBUG:colcon.colcon_core.verb:Building package 'fastbot_bringup' with the following arguments: {'ament_cmake_args': None, 'build_base': '/home/fastbot/ros2_ws/build/fastbot_bringup', 'catkin_cmake_args': None, 'catkin_skip_building_tests': False, 'cmake_args': None, 'cmake_clean_cache': False, 'cmake_clean_first': False, 'cmake_force_configure': False, 'cmake_target': None, 'cmake_target_skip_unavailable': False, 'install_base': '/home/fastbot/ros2_ws/install/fastbot_bringup', 'merge_install': False, 'path': '/home/fastbot/ros2_ws/src/fastbot_bringup', 'symlink_install': False, 'test_result_base': None}
[1.618s] Level 5:colcon.colcon_core.verb:set package 'fastbot_description' build argument 'cmake_args' from command line to 'None'
[1.618s] Level 5:colcon.colcon_core.verb:set package 'fastbot_description' build argument 'cmake_target' from command line to 'None'
[1.618s] Level 5:colcon.colcon_core.verb:set package 'fastbot_description' build argument 'cmake_target_skip_unavailable' from command line to 'False'
[1.618s] Level 5:colcon.colcon_core.verb:set package 'fastbot_description' build argument 'cmake_clean_cache' from command line to 'False'
[1.618s] Level 5:colcon.colcon_core.verb:set package 'fastbot_description' build argument 'cmake_clean_first' from command line to 'False'
[1.618s] Level 5:colcon.colcon_core.verb:set package 'fastbot_description' build argument 'cmake_force_configure' from command line to 'False'
[1.619s] Level 5:colcon.colcon_core.verb:set package 'fastbot_description' build argument 'ament_cmake_args' from command line to 'None'
[1.619s] Level 5:colcon.colcon_core.verb:set package 'fastbot_description' build argument 'catkin_cmake_args' from command line to 'None'
[1.619s] Level 5:colcon.colcon_core.verb:set package 'fastbot_description' build argument 'catkin_skip_building_tests' from command line to 'False'
[1.619s] DEBUG:colcon.colcon_core.verb:Building package 'fastbot_description' with the following arguments: {'ament_cmake_args': None, 'build_base': '/home/fastbot/ros2_ws/build/fastbot_description', 'catkin_cmake_args': None, 'catkin_skip_building_tests': False, 'cmake_args': None, 'cmake_clean_cache': False, 'cmake_clean_first': False, 'cmake_force_configure': False, 'cmake_target': None, 'cmake_target_skip_unavailable': False, 'install_base': '/home/fastbot/ros2_ws/install/fastbot_description', 'merge_install': False, 'path': '/home/fastbot/ros2_ws/src/fastbot_description', 'symlink_install': False, 'test_result_base': None}
[1.620s] Level 5:colcon.colcon_core.verb:set package 'lslidar_msgs' build argument 'cmake_args' from command line to 'None'
[1.620s] Level 5:colcon.colcon_core.verb:set package 'lslidar_msgs' build argument 'cmake_target' from command line to 'None'
[1.620s] Level 5:colcon.colcon_core.verb:set package 'lslidar_msgs' build argument 'cmake_target_skip_unavailable' from command line to 'False'
[1.621s] Level 5:colcon.colcon_core.verb:set package 'lslidar_msgs' build argument 'cmake_clean_cache' from command line to 'False'
[1.621s] Level 5:colcon.colcon_core.verb:set package 'lslidar_msgs' build argument 'cmake_clean_first' from command line to 'False'
[1.621s] Level 5:colcon.colcon_core.verb:set package 'lslidar_msgs' build argument 'cmake_force_configure' from command line to 'False'
[1.621s] Level 5:colcon.colcon_core.verb:set package 'lslidar_msgs' build argument 'ament_cmake_args' from command line to 'None'
[1.621s] Level 5:colcon.colcon_core.verb:set package 'lslidar_msgs' build argument 'catkin_cmake_args' from command line to 'None'
[1.621s] Level 5:colcon.colcon_core.verb:set package 'lslidar_msgs' build argument 'catkin_skip_building_tests' from command line to 'False'
[1.621s] DEBUG:colcon.colcon_core.verb:Building package 'lslidar_msgs' with the following arguments: {'ament_cmake_args': None, 'build_base': '/home/fastbot/ros2_ws/build/lslidar_msgs', 'catkin_cmake_args': None, 'catkin_skip_building_tests': False, 'cmake_args': None, 'cmake_clean_cache': False, 'cmake_clean_first': False, 'cmake_force_configure': False, 'cmake_target': None, 'cmake_target_skip_unavailable': False, 'install_base': '/home/fastbot/ros2_ws/install/lslidar_msgs', 'merge_install': False, 'path': '/home/fastbot/ros2_ws/src/Lslidar_ROS2_driver/lslidar_msgs', 'symlink_install': False, 'test_result_base': None}
[1.622s] Level 5:colcon.colcon_core.verb:set package 'serial_motor_msgs' build argument 'cmake_args' from command line to 'None'
[1.623s] Level 5:colcon.colcon_core.verb:set package 'serial_motor_msgs' build argument 'cmake_target' from command line to 'None'
[1.623s] Level 5:colcon.colcon_core.verb:set package 'serial_motor_msgs' build argument 'cmake_target_skip_unavailable' from command line to 'False'
[1.623s] Level 5:colcon.colcon_core.verb:set package 'serial_motor_msgs' build argument 'cmake_clean_cache' from command line to 'False'
[1.623s] Level 5:colcon.colcon_core.verb:set package 'serial_motor_msgs' build argument 'cmake_clean_first' from command line to 'False'
[1.623s] Level 5:colcon.colcon_core.verb:set package 'serial_motor_msgs' build argument 'cmake_force_configure' from command line to 'False'
[1.623s] Level 5:colcon.colcon_core.verb:set package 'serial_motor_msgs' build argument 'ament_cmake_args' from command line to 'None'
[1.623s] Level 5:colcon.colcon_core.verb:set package 'serial_motor_msgs' build argument 'catkin_cmake_args' from command line to 'None'
[1.623s] Level 5:colcon.colcon_core.verb:set package 'serial_motor_msgs' build argument 'catkin_skip_building_tests' from command line to 'False'
[1.623s] DEBUG:colcon.colcon_core.verb:Building package 'serial_motor_msgs' with the following arguments: {'ament_cmake_args': None, 'build_base': '/home/fastbot/ros2_ws/build/serial_motor_msgs', 'catkin_cmake_args': None, 'catkin_skip_building_tests': False, 'cmake_args': None, 'cmake_clean_cache': False, 'cmake_clean_first': False, 'cmake_force_configure': False, 'cmake_target': None, 'cmake_target_skip_unavailable': False, 'install_base': '/home/fastbot/ros2_ws/install/serial_motor_msgs', 'merge_install': False, 'path': '/home/fastbot/ros2_ws/src/serial_motor_msgs', 'symlink_install': False, 'test_result_base': None}
[1.625s] Level 5:colcon.colcon_core.verb:set package 'lslidar_driver' build argument 'cmake_args' from command line to 'None'
[1.625s] Level 5:colcon.colcon_core.verb:set package 'lslidar_driver' build argument 'cmake_target' from command line to 'None'
[1.625s] Level 5:colcon.colcon_core.verb:set package 'lslidar_driver' build argument 'cmake_target_skip_unavailable' from command line to 'False'
[1.625s] Level 5:colcon.colcon_core.verb:set package 'lslidar_driver' build argument 'cmake_clean_cache' from command line to 'False'
[1.625s] Level 5:colcon.colcon_core.verb:set package 'lslidar_driver' build argument 'cmake_clean_first' from command line to 'False'
[1.626s] Level 5:colcon.colcon_core.verb:set package 'lslidar_driver' build argument 'cmake_force_configure' from command line to 'False'
[1.626s] Level 5:colcon.colcon_core.verb:set package 'lslidar_driver' build argument 'ament_cmake_args' from command line to 'None'
[1.626s] Level 5:colcon.colcon_core.verb:set package 'lslidar_driver' build argument 'catkin_cmake_args' from command line to 'None'
[1.626s] Level 5:colcon.colcon_core.verb:set package 'lslidar_driver' build argument 'catkin_skip_building_tests' from command line to 'False'
[1.626s] DEBUG:colcon.colcon_core.verb:Building package 'lslidar_driver' with the following arguments: {'ament_cmake_args': None, 'build_base': '/home/fastbot/ros2_ws/build/lslidar_driver', 'catkin_cmake_args': None, 'catkin_skip_building_tests': False, 'cmake_args': None, 'cmake_clean_cache': False, 'cmake_clean_first': False, 'cmake_force_configure': False, 'cmake_target': None, 'cmake_target_skip_unavailable': False, 'install_base': '/home/fastbot/ros2_ws/install/lslidar_driver', 'merge_install': False, 'path': '/home/fastbot/ros2_ws/src/Lslidar_ROS2_driver/lslidar_driver', 'symlink_install': False, 'test_result_base': None}
[1.627s] Level 5:colcon.colcon_core.verb:set package 'serial_motor' build argument 'cmake_args' from command line to 'None'
[1.628s] Level 5:colcon.colcon_core.verb:set package 'serial_motor' build argument 'cmake_target' from command line to 'None'
[1.628s] Level 5:colcon.colcon_core.verb:set package 'serial_motor' build argument 'cmake_target_skip_unavailable' from command line to 'False'
[1.628s] Level 5:colcon.colcon_core.verb:set package 'serial_motor' build argument 'cmake_clean_cache' from command line to 'False'
[1.628s] Level 5:colcon.colcon_core.verb:set package 'serial_motor' build argument 'cmake_clean_first' from command line to 'False'
[1.628s] Level 5:colcon.colcon_core.verb:set package 'serial_motor' build argument 'cmake_force_configure' from command line to 'False'
[1.628s] Level 5:colcon.colcon_core.verb:set package 'serial_motor' build argument 'ament_cmake_args' from command line to 'None'
[1.628s] Level 5:colcon.colcon_core.verb:set package 'serial_motor' build argument 'catkin_cmake_args' from command line to 'None'
[1.628s] Level 5:colcon.colcon_core.verb:set package 'serial_motor' build argument 'catkin_skip_building_tests' from command line to 'False'
[1.628s] DEBUG:colcon.colcon_core.verb:Building package 'serial_motor' with the following arguments: {'ament_cmake_args': None, 'build_base': '/home/fastbot/ros2_ws/build/serial_motor', 'catkin_cmake_args': None, 'catkin_skip_building_tests': False, 'cmake_args': None, 'cmake_clean_cache': False, 'cmake_clean_first': False, 'cmake_force_configure': False, 'cmake_target': None, 'cmake_target_skip_unavailable': False, 'install_base': '/home/fastbot/ros2_ws/install/serial_motor', 'merge_install': False, 'path': '/home/fastbot/ros2_ws/src/serial_motor', 'symlink_install': False, 'test_result_base': None}
[1.629s] INFO:colcon.colcon_core.executor:Executing jobs using 'parallel' executor
[1.632s] DEBUG:colcon.colcon_parallel_executor.executor.parallel:run_until_complete
[1.633s] INFO:colcon.colcon_ros.task.ament_cmake.build:Building ROS package in '/home/fastbot/ros2_ws/src/Lslidar_ROS2_driver/lslidar_msgs' with build type 'ament_cmake'
[1.633s] INFO:colcon.colcon_cmake.task.cmake.build:Building CMake package in '/home/fastbot/ros2_ws/src/Lslidar_ROS2_driver/lslidar_msgs'
[1.643s] INFO:colcon.colcon_core.plugin_system:Skipping extension 'colcon_core.shell.bat': Not used on non-Windows systems
[1.644s] INFO:colcon.colcon_core.shell:Skip shell extension 'powershell' for command environment: Not usable outside of PowerShell
[1.644s] DEBUG:colcon.colcon_core.shell:Skip shell extension 'dsv' for command environment
[1.664s] INFO:colcon.colcon_ros.task.ament_cmake.build:Building ROS package in '/home/fastbot/ros2_ws/src/serial_motor_msgs' with build type 'ament_cmake'
[1.665s] INFO:colcon.colcon_cmake.task.cmake.build:Building CMake package in '/home/fastbot/ros2_ws/src/serial_motor_msgs'
[1.666s] INFO:colcon.colcon_core.shell:Skip shell extension 'powershell' for command environment: Not usable outside of PowerShell
[1.666s] DEBUG:colcon.colcon_core.shell:Skip shell extension 'dsv' for command environment
[1.687s] INFO:colcon.colcon_ros.task.ament_cmake.build:Building ROS package in '/home/fastbot/ros2_ws/src/fastbot_bringup' with build type 'ament_cmake'
[1.687s] INFO:colcon.colcon_cmake.task.cmake.build:Building CMake package in '/home/fastbot/ros2_ws/src/fastbot_bringup'
[1.689s] INFO:colcon.colcon_core.shell:Skip shell extension 'powershell' for command environment: Not usable outside of PowerShell
[1.689s] DEBUG:colcon.colcon_core.shell:Skip shell extension 'dsv' for command environment
[1.710s] INFO:colcon.colcon_ros.task.ament_cmake.build:Building ROS package in '/home/fastbot/ros2_ws/src/fastbot_description' with build type 'ament_cmake'
[1.710s] INFO:colcon.colcon_cmake.task.cmake.build:Building CMake package in '/home/fastbot/ros2_ws/src/fastbot_description'
[1.711s] INFO:colcon.colcon_core.shell:Skip shell extension 'powershell' for command environment: Not usable outside of PowerShell
[1.712s] DEBUG:colcon.colcon_core.shell:Skip shell extension 'dsv' for command environment
[1.749s] DEBUG:colcon.colcon_core.event_handler.log_command:Invoking command in '/home/fastbot/ros2_ws/build/lslidar_msgs': CMAKE_PREFIX_PATH=${CMAKE_PREFIX_PATH}:/home/fastbot/ros2_ws/install/serial_motor:/opt/ros/humble /usr/bin/cmake --build /home/fastbot/ros2_ws/build/lslidar_msgs -- -j4 -l4
[1.772s] DEBUG:colcon.colcon_core.event_handler.log_command:Invoking command in '/home/fastbot/ros2_ws/build/serial_motor_msgs': CMAKE_PREFIX_PATH=${CMAKE_PREFIX_PATH}:/home/fastbot/ros2_ws/install/serial_motor:/opt/ros/humble /usr/bin/cmake --build /home/fastbot/ros2_ws/build/serial_motor_msgs -- -j4 -l4
[1.788s] DEBUG:colcon.colcon_core.event_handler.log_command:Invoking command in '/home/fastbot/ros2_ws/build/fastbot_bringup': CMAKE_PREFIX_PATH=${CMAKE_PREFIX_PATH}:/home/fastbot/ros2_ws/install/serial_motor:/opt/ros/humble /usr/bin/cmake --build /home/fastbot/ros2_ws/build/fastbot_bringup -- -j4 -l4
[1.817s] DEBUG:colcon.colcon_core.event_handler.log_command:Invoking command in '/home/fastbot/ros2_ws/build/fastbot_description': CMAKE_PREFIX_PATH=${CMAKE_PREFIX_PATH}:/home/fastbot/ros2_ws/install/serial_motor:/opt/ros/humble /usr/bin/cmake --build /home/fastbot/ros2_ws/build/fastbot_description -- -j4 -l4
[2.048s] DEBUG:colcon.colcon_core.event_handler.log_command:Invoked command in '/home/fastbot/ros2_ws/build/fastbot_bringup' returned '0': CMAKE_PREFIX_PATH=${CMAKE_PREFIX_PATH}:/home/fastbot/ros2_ws/install/serial_motor:/opt/ros/humble /usr/bin/cmake --build /home/fastbot/ros2_ws/build/fastbot_bringup -- -j4 -l4
[2.100s] DEBUG:colcon.colcon_core.event_handler.log_command:Invoking command in '/home/fastbot/ros2_ws/build/fastbot_bringup': CMAKE_PREFIX_PATH=${CMAKE_PREFIX_PATH}:/home/fastbot/ros2_ws/install/serial_motor:/opt/ros/humble /usr/bin/cmake --install /home/fastbot/ros2_ws/build/fastbot_bringup
[2.134s] DEBUG:colcon.colcon_core.event_handler.log_command:Invoked command in '/home/fastbot/ros2_ws/build/fastbot_description' returned '0': CMAKE_PREFIX_PATH=${CMAKE_PREFIX_PATH}:/home/fastbot/ros2_ws/install/serial_motor:/opt/ros/humble /usr/bin/cmake --build /home/fastbot/ros2_ws/build/fastbot_description -- -j4 -l4
[2.137s] DEBUG:colcon.colcon_core.event_handler.log_command:Invoking command in '/home/fastbot/ros2_ws/build/fastbot_description': CMAKE_PREFIX_PATH=${CMAKE_PREFIX_PATH}:/home/fastbot/ros2_ws/install/serial_motor:/opt/ros/humble /usr/bin/cmake --install /home/fastbot/ros2_ws/build/fastbot_description
[2.252s] Level 1:colcon.colcon_core.environment:create_environment_scripts_only(fastbot_bringup)
[2.270s] DEBUG:colcon.colcon_core.event_handler.log_command:Invoked command in '/home/fastbot/ros2_ws/build/fastbot_bringup' returned '0': CMAKE_PREFIX_PATH=${CMAKE_PREFIX_PATH}:/home/fastbot/ros2_ws/install/serial_motor:/opt/ros/humble /usr/bin/cmake --install /home/fastbot/ros2_ws/build/fastbot_bringup
[2.308s] Level 1:colcon.colcon_core.environment:checking '/home/fastbot/ros2_ws/install/fastbot_bringup' for CMake module files
[2.312s] Level 1:colcon.colcon_core.environment:checking '/home/fastbot/ros2_ws/install/fastbot_bringup' for CMake config files
[2.333s] Level 1:colcon.colcon_core.shell:create_environment_hook('fastbot_bringup', 'cmake_prefix_path')
[2.335s] INFO:colcon.colcon_core.shell:Creating environment hook '/home/fastbot/ros2_ws/install/fastbot_bringup/share/fastbot_bringup/hook/cmake_prefix_path.ps1'
[2.346s] INFO:colcon.colcon_core.shell:Creating environment descriptor '/home/fastbot/ros2_ws/install/fastbot_bringup/share/fastbot_bringup/hook/cmake_prefix_path.dsv'
[2.366s] INFO:colcon.colcon_core.shell:Creating environment hook '/home/fastbot/ros2_ws/install/fastbot_bringup/share/fastbot_bringup/hook/cmake_prefix_path.sh'
[2.375s] Level 1:colcon.colcon_core.environment:checking '/home/fastbot/ros2_ws/install/fastbot_bringup/bin'
[2.376s] Level 1:colcon.colcon_core.environment:checking '/home/fastbot/ros2_ws/install/fastbot_bringup/lib/pkgconfig/fastbot_bringup.pc'
[2.377s] Level 1:colcon.colcon_core.environment:checking '/home/fastbot/ros2_ws/install/fastbot_bringup/lib/python3.10/site-packages'
[2.379s] Level 1:colcon.colcon_core.environment:checking '/home/fastbot/ros2_ws/install/fastbot_bringup/bin'
[2.380s] INFO:colcon.colcon_core.shell:Creating package script '/home/fastbot/ros2_ws/install/fastbot_bringup/share/fastbot_bringup/package.ps1'
[2.409s] INFO:colcon.colcon_core.shell:Creating package descriptor '/home/fastbot/ros2_ws/install/fastbot_bringup/share/fastbot_bringup/package.dsv'
[2.418s] INFO:colcon.colcon_core.shell:Creating package script '/home/fastbot/ros2_ws/install/fastbot_bringup/share/fastbot_bringup/package.sh'
[2.431s] INFO:colcon.colcon_core.shell:Creating package script '/home/fastbot/ros2_ws/install/fastbot_bringup/share/fastbot_bringup/package.bash'
[2.436s] INFO:colcon.colcon_core.shell:Creating package script '/home/fastbot/ros2_ws/install/fastbot_bringup/share/fastbot_bringup/package.zsh'
[2.446s] Level 1:colcon.colcon_core.environment:create_file_with_runtime_dependencies(/home/fastbot/ros2_ws/install/fastbot_bringup/share/colcon-core/packages/fastbot_bringup)
[2.450s] Level 1:colcon.colcon_core.environment:create_environment_scripts_only(fastbot_bringup)
[2.452s] Level 1:colcon.colcon_core.environment:checking '/home/fastbot/ros2_ws/install/fastbot_bringup' for CMake module files
[2.455s] Level 1:colcon.colcon_core.environment:checking '/home/fastbot/ros2_ws/install/fastbot_bringup' for CMake config files
[2.457s] Level 1:colcon.colcon_core.shell:create_environment_hook('fastbot_bringup', 'cmake_prefix_path')
[2.458s] INFO:colcon.colcon_core.shell:Creating environment hook '/home/fastbot/ros2_ws/install/fastbot_bringup/share/fastbot_bringup/hook/cmake_prefix_path.ps1'
[2.462s] INFO:colcon.colcon_core.shell:Creating environment descriptor '/home/fastbot/ros2_ws/install/fastbot_bringup/share/fastbot_bringup/hook/cmake_prefix_path.dsv'
[2.475s] INFO:colcon.colcon_core.shell:Creating environment hook '/home/fastbot/ros2_ws/install/fastbot_bringup/share/fastbot_bringup/hook/cmake_prefix_path.sh'
[2.479s] Level 1:colcon.colcon_core.environment:checking '/home/fastbot/ros2_ws/install/fastbot_bringup/bin'
[2.479s] Level 1:colcon.colcon_core.environment:checking '/home/fastbot/ros2_ws/install/fastbot_bringup/lib/pkgconfig/fastbot_bringup.pc'
[2.481s] Level 1:colcon.colcon_core.environment:checking '/home/fastbot/ros2_ws/install/fastbot_bringup/lib/python3.10/site-packages'
[2.482s] Level 1:colcon.colcon_core.environment:checking '/home/fastbot/ros2_ws/install/fastbot_bringup/bin'
[2.484s] INFO:colcon.colcon_core.shell:Creating package script '/home/fastbot/ros2_ws/install/fastbot_bringup/share/fastbot_bringup/package.ps1'
[2.488s] INFO:colcon.colcon_core.shell:Creating package descriptor '/home/fastbot/ros2_ws/install/fastbot_bringup/share/fastbot_bringup/package.dsv'
[2.494s] INFO:colcon.colcon_core.shell:Creating package script '/home/fastbot/ros2_ws/install/fastbot_bringup/share/fastbot_bringup/package.sh'
[2.498s] INFO:colcon.colcon_core.shell:Creating package script '/home/fastbot/ros2_ws/install/fastbot_bringup/share/fastbot_bringup/package.bash'
[2.501s] INFO:colcon.colcon_core.shell:Creating package script '/home/fastbot/ros2_ws/install/fastbot_bringup/share/fastbot_bringup/package.zsh'
[2.505s] Level 1:colcon.colcon_core.environment:create_file_with_runtime_dependencies(/home/fastbot/ros2_ws/install/fastbot_bringup/share/colcon-core/packages/fastbot_bringup)
[2.527s] Level 1:colcon.colcon_core.environment:create_environment_scripts_only(fastbot_description)
[2.529s] DEBUG:colcon.colcon_core.event_handler.log_command:Invoked command in '/home/fastbot/ros2_ws/build/fastbot_description' returned '0': CMAKE_PREFIX_PATH=${CMAKE_PREFIX_PATH}:/home/fastbot/ros2_ws/install/serial_motor:/opt/ros/humble /usr/bin/cmake --install /home/fastbot/ros2_ws/build/fastbot_description
[2.531s] Level 1:colcon.colcon_core.environment:checking '/home/fastbot/ros2_ws/install/fastbot_description' for CMake module files
[2.550s] Level 1:colcon.colcon_core.environment:checking '/home/fastbot/ros2_ws/install/fastbot_description' for CMake config files
[2.552s] Level 1:colcon.colcon_core.shell:create_environment_hook('fastbot_description', 'cmake_prefix_path')
[2.554s] INFO:colcon.colcon_core.shell:Creating environment hook '/home/fastbot/ros2_ws/install/fastbot_description/share/fastbot_description/hook/cmake_prefix_path.ps1'
[2.565s] INFO:colcon.colcon_core.shell:Creating environment descriptor '/home/fastbot/ros2_ws/install/fastbot_description/share/fastbot_description/hook/cmake_prefix_path.dsv'
[2.567s] INFO:colcon.colcon_core.shell:Creating environment hook '/home/fastbot/ros2_ws/install/fastbot_description/share/fastbot_description/hook/cmake_prefix_path.sh'
[2.574s] Level 1:colcon.colcon_core.environment:checking '/home/fastbot/ros2_ws/install/fastbot_description/bin'
[2.575s] Level 1:colcon.colcon_core.environment:checking '/home/fastbot/ros2_ws/install/fastbot_description/lib/pkgconfig/fastbot_description.pc'
[2.585s] Level 1:colcon.colcon_core.environment:checking '/home/fastbot/ros2_ws/install/fastbot_description/lib/python3.10/site-packages'
[2.586s] Level 1:colcon.colcon_core.environment:checking '/home/fastbot/ros2_ws/install/fastbot_description/bin'
[2.588s] INFO:colcon.colcon_core.shell:Creating package script '/home/fastbot/ros2_ws/install/fastbot_description/share/fastbot_description/package.ps1'
[2.592s] INFO:colcon.colcon_core.shell:Creating package descriptor '/home/fastbot/ros2_ws/install/fastbot_description/share/fastbot_description/package.dsv'
[2.595s] INFO:colcon.colcon_core.shell:Creating package script '/home/fastbot/ros2_ws/install/fastbot_description/share/fastbot_description/package.sh'
[2.598s] INFO:colcon.colcon_core.shell:Creating package script '/home/fastbot/ros2_ws/install/fastbot_description/share/fastbot_description/package.bash'
[2.601s] INFO:colcon.colcon_core.shell:Creating package script '/home/fastbot/ros2_ws/install/fastbot_description/share/fastbot_description/package.zsh'
[2.604s] Level 1:colcon.colcon_core.environment:create_file_with_runtime_dependencies(/home/fastbot/ros2_ws/install/fastbot_description/share/colcon-core/packages/fastbot_description)
[2.608s] Level 1:colcon.colcon_core.environment:create_environment_scripts_only(fastbot_description)
[2.611s] Level 1:colcon.colcon_core.environment:checking '/home/fastbot/ros2_ws/install/fastbot_description' for CMake module files
[2.614s] Level 1:colcon.colcon_core.environment:checking '/home/fastbot/ros2_ws/install/fastbot_description' for CMake config files
[2.627s] Level 1:colcon.colcon_core.shell:create_environment_hook('fastbot_description', 'cmake_prefix_path')
[2.628s] INFO:colcon.colcon_core.shell:Creating environment hook '/home/fastbot/ros2_ws/install/fastbot_description/share/fastbot_description/hook/cmake_prefix_path.ps1'
[2.632s] INFO:colcon.colcon_core.shell:Creating environment descriptor '/home/fastbot/ros2_ws/install/fastbot_description/share/fastbot_description/hook/cmake_prefix_path.dsv'
[2.646s] INFO:colcon.colcon_core.shell:Creating environment hook '/home/fastbot/ros2_ws/install/fastbot_description/share/fastbot_description/hook/cmake_prefix_path.sh'
[2.651s] Level 1:colcon.colcon_core.environment:checking '/home/fastbot/ros2_ws/install/fastbot_description/bin'
[2.652s] Level 1:colcon.colcon_core.environment:checking '/home/fastbot/ros2_ws/install/fastbot_description/lib/pkgconfig/fastbot_description.pc'
[2.653s] Level 1:colcon.colcon_core.environment:checking '/home/fastbot/ros2_ws/install/fastbot_description/lib/python3.10/site-packages'
[2.655s] Level 1:colcon.colcon_core.environment:checking '/home/fastbot/ros2_ws/install/fastbot_description/bin'
[2.657s] INFO:colcon.colcon_core.shell:Creating package script '/home/fastbot/ros2_ws/install/fastbot_description/share/fastbot_description/package.ps1'
[2.665s] INFO:colcon.colcon_core.shell:Creating package descriptor '/home/fastbot/ros2_ws/install/fastbot_description/share/fastbot_description/package.dsv'
[2.668s] INFO:colcon.colcon_core.shell:Creating package script '/home/fastbot/ros2_ws/install/fastbot_description/share/fastbot_description/package.sh'
[2.687s] INFO:colcon.colcon_core.shell:Creating package script '/home/fastbot/ros2_ws/install/fastbot_description/share/fastbot_description/package.bash'
[2.690s] INFO:colcon.colcon_core.shell:Creating package script '/home/fastbot/ros2_ws/install/fastbot_description/share/fastbot_description/package.zsh'
[2.693s] Level 1:colcon.colcon_core.environment:create_file_with_runtime_dependencies(/home/fastbot/ros2_ws/install/fastbot_description/share/colcon-core/packages/fastbot_description)
[4.247s] DEBUG:colcon.colcon_core.event_handler.log_command:Invoked command in '/home/fastbot/ros2_ws/build/lslidar_msgs' returned '0': CMAKE_PREFIX_PATH=${CMAKE_PREFIX_PATH}:/home/fastbot/ros2_ws/install/serial_motor:/opt/ros/humble /usr/bin/cmake --build /home/fastbot/ros2_ws/build/lslidar_msgs -- -j4 -l4
[4.257s] DEBUG:colcon.colcon_core.event_handler.log_command:Invoking command in '/home/fastbot/ros2_ws/build/lslidar_msgs': CMAKE_PREFIX_PATH=${CMAKE_PREFIX_PATH}:/home/fastbot/ros2_ws/install/serial_motor:/opt/ros/humble /usr/bin/cmake --install /home/fastbot/ros2_ws/build/lslidar_msgs
[4.272s] DEBUG:colcon.colcon_core.event_handler.log_command:Invoked command in '/home/fastbot/ros2_ws/build/serial_motor_msgs' returned '0': CMAKE_PREFIX_PATH=${CMAKE_PREFIX_PATH}:/home/fastbot/ros2_ws/install/serial_motor:/opt/ros/humble /usr/bin/cmake --build /home/fastbot/ros2_ws/build/serial_motor_msgs -- -j4 -l4
[4.282s] DEBUG:colcon.colcon_core.event_handler.log_command:Invoking command in '/home/fastbot/ros2_ws/build/serial_motor_msgs': CMAKE_PREFIX_PATH=${CMAKE_PREFIX_PATH}:/home/fastbot/ros2_ws/install/serial_motor:/opt/ros/humble /usr/bin/cmake --install /home/fastbot/ros2_ws/build/serial_motor_msgs
[4.602s] Level 1:colcon.colcon_core.environment:create_environment_scripts_only(lslidar_msgs)
[4.604s] Level 1:colcon.colcon_core.environment:checking '/home/fastbot/ros2_ws/install/lslidar_msgs' for CMake module files
[4.618s] Level 1:colcon.colcon_core.environment:checking '/home/fastbot/ros2_ws/install/lslidar_msgs' for CMake config files
[4.625s] DEBUG:colcon.colcon_core.event_handler.log_command:Invoked command in '/home/fastbot/ros2_ws/build/lslidar_msgs' returned '0': CMAKE_PREFIX_PATH=${CMAKE_PREFIX_PATH}:/home/fastbot/ros2_ws/install/serial_motor:/opt/ros/humble /usr/bin/cmake --install /home/fastbot/ros2_ws/build/lslidar_msgs
[4.632s] Level 1:colcon.colcon_core.shell:create_environment_hook('lslidar_msgs', 'cmake_prefix_path')
[4.633s] INFO:colcon.colcon_core.shell:Creating environment hook '/home/fastbot/ros2_ws/install/lslidar_msgs/share/lslidar_msgs/hook/cmake_prefix_path.ps1'
[4.635s] INFO:colcon.colcon_core.shell:Creating environment descriptor '/home/fastbot/ros2_ws/install/lslidar_msgs/share/lslidar_msgs/hook/cmake_prefix_path.dsv'
[4.637s] INFO:colcon.colcon_core.shell:Creating environment hook '/home/fastbot/ros2_ws/install/lslidar_msgs/share/lslidar_msgs/hook/cmake_prefix_path.sh'
[4.640s] Level 1:colcon.colcon_core.environment:checking '/home/fastbot/ros2_ws/install/lslidar_msgs/lib'
[4.641s] Level 1:colcon.colcon_core.shell:create_environment_hook('lslidar_msgs', 'ld_library_path_lib')
[4.642s] INFO:colcon.colcon_core.shell:Creating environment hook '/home/fastbot/ros2_ws/install/lslidar_msgs/share/lslidar_msgs/hook/ld_library_path_lib.ps1'
[4.644s] INFO:colcon.colcon_core.shell:Creating environment descriptor '/home/fastbot/ros2_ws/install/lslidar_msgs/share/lslidar_msgs/hook/ld_library_path_lib.dsv'
[4.646s] INFO:colcon.colcon_core.shell:Creating environment hook '/home/fastbot/ros2_ws/install/lslidar_msgs/share/lslidar_msgs/hook/ld_library_path_lib.sh'
[4.648s] Level 1:colcon.colcon_core.environment:checking '/home/fastbot/ros2_ws/install/lslidar_msgs/bin'
[4.649s] Level 1:colcon.colcon_core.environment:checking '/home/fastbot/ros2_ws/install/lslidar_msgs/lib/pkgconfig/lslidar_msgs.pc'
[4.650s] Level 1:colcon.colcon_core.environment:checking '/home/fastbot/ros2_ws/install/lslidar_msgs/lib/python3.10/site-packages'
[4.650s] Level 1:colcon.colcon_core.environment:checking '/home/fastbot/ros2_ws/install/lslidar_msgs/bin'
[4.652s] INFO:colcon.colcon_core.shell:Creating package script '/home/fastbot/ros2_ws/install/lslidar_msgs/share/lslidar_msgs/package.ps1'
[4.654s] INFO:colcon.colcon_core.shell:Creating package descriptor '/home/fastbot/ros2_ws/install/lslidar_msgs/share/lslidar_msgs/package.dsv'
[4.656s] INFO:colcon.colcon_core.shell:Creating package script '/home/fastbot/ros2_ws/install/lslidar_msgs/share/lslidar_msgs/package.sh'
[4.658s] INFO:colcon.colcon_core.shell:Creating package script '/home/fastbot/ros2_ws/install/lslidar_msgs/share/lslidar_msgs/package.bash'
[4.660s] INFO:colcon.colcon_core.shell:Creating package script '/home/fastbot/ros2_ws/install/lslidar_msgs/share/lslidar_msgs/package.zsh'
[4.662s] Level 1:colcon.colcon_core.environment:create_file_with_runtime_dependencies(/home/fastbot/ros2_ws/install/lslidar_msgs/share/colcon-core/packages/lslidar_msgs)
[4.665s] Level 1:colcon.colcon_core.environment:create_environment_scripts_only(lslidar_msgs)
[4.665s] Level 1:colcon.colcon_core.environment:checking '/home/fastbot/ros2_ws/install/lslidar_msgs' for CMake module files
[4.669s] Level 1:colcon.colcon_core.environment:checking '/home/fastbot/ros2_ws/install/lslidar_msgs' for CMake config files
[4.672s] Level 1:colcon.colcon_core.shell:create_environment_hook('lslidar_msgs', 'cmake_prefix_path')
[4.673s] INFO:colcon.colcon_core.shell:Creating environment hook '/home/fastbot/ros2_ws/install/lslidar_msgs/share/lslidar_msgs/hook/cmake_prefix_path.ps1'
[4.675s] INFO:colcon.colcon_core.shell:Creating environment descriptor '/home/fastbot/ros2_ws/install/lslidar_msgs/share/lslidar_msgs/hook/cmake_prefix_path.dsv'
[4.677s] INFO:colcon.colcon_core.shell:Creating environment hook '/home/fastbot/ros2_ws/install/lslidar_msgs/share/lslidar_msgs/hook/cmake_prefix_path.sh'
[4.680s] Level 1:colcon.colcon_core.environment:checking '/home/fastbot/ros2_ws/install/lslidar_msgs/lib'
[4.680s] Level 1:colcon.colcon_core.shell:create_environment_hook('lslidar_msgs', 'ld_library_path_lib')
[4.681s] INFO:colcon.colcon_core.shell:Creating environment hook '/home/fastbot/ros2_ws/install/lslidar_msgs/share/lslidar_msgs/hook/ld_library_path_lib.ps1'
[4.683s] INFO:colcon.colcon_core.shell:Creating environment descriptor '/home/fastbot/ros2_ws/install/lslidar_msgs/share/lslidar_msgs/hook/ld_library_path_lib.dsv'
[4.685s] INFO:colcon.colcon_core.shell:Creating environment hook '/home/fastbot/ros2_ws/install/lslidar_msgs/share/lslidar_msgs/hook/ld_library_path_lib.sh'
[4.687s] Level 1:colcon.colcon_core.environment:checking '/home/fastbot/ros2_ws/install/lslidar_msgs/bin'
[4.688s] Level 1:colcon.colcon_core.environment:checking '/home/fastbot/ros2_ws/install/lslidar_msgs/lib/pkgconfig/lslidar_msgs.pc'
[4.688s] Level 1:colcon.colcon_core.environment:checking '/home/fastbot/ros2_ws/install/lslidar_msgs/lib/python3.10/site-packages'
[4.689s] Level 1:colcon.colcon_core.environment:checking '/home/fastbot/ros2_ws/install/lslidar_msgs/bin'
[4.691s] INFO:colcon.colcon_core.shell:Creating package script '/home/fastbot/ros2_ws/install/lslidar_msgs/share/lslidar_msgs/package.ps1'
[4.693s] INFO:colcon.colcon_core.shell:Creating package descriptor '/home/fastbot/ros2_ws/install/lslidar_msgs/share/lslidar_msgs/package.dsv'
[4.695s] INFO:colcon.colcon_core.shell:Creating package script '/home/fastbot/ros2_ws/install/lslidar_msgs/share/lslidar_msgs/package.sh'
[4.698s] INFO:colcon.colcon_core.shell:Creating package script '/home/fastbot/ros2_ws/install/lslidar_msgs/share/lslidar_msgs/package.bash'
[4.700s] INFO:colcon.colcon_core.shell:Creating package script '/home/fastbot/ros2_ws/install/lslidar_msgs/share/lslidar_msgs/package.zsh'
[4.702s] Level 1:colcon.colcon_core.environment:create_file_with_runtime_dependencies(/home/fastbot/ros2_ws/install/lslidar_msgs/share/colcon-core/packages/lslidar_msgs)
[4.704s] INFO:colcon.colcon_ros.task.ament_cmake.build:Building ROS package in '/home/fastbot/ros2_ws/src/Lslidar_ROS2_driver/lslidar_driver' with build type 'ament_cmake'
[4.704s] INFO:colcon.colcon_cmake.task.cmake.build:Building CMake package in '/home/fastbot/ros2_ws/src/Lslidar_ROS2_driver/lslidar_driver'
[4.705s] INFO:colcon.colcon_core.shell:Skip shell extension 'powershell' for command environment: Not usable outside of PowerShell
[4.706s] DEBUG:colcon.colcon_core.shell:Skip shell extension 'dsv' for command environment
[4.727s] Level 1:colcon.colcon_core.environment:create_environment_scripts_only(serial_motor_msgs)
[4.729s] Level 1:colcon.colcon_core.environment:checking '/home/fastbot/ros2_ws/install/serial_motor_msgs' for CMake module files
[4.731s] DEBUG:colcon.colcon_core.event_handler.log_command:Invoked command in '/home/fastbot/ros2_ws/build/serial_motor_msgs' returned '0': CMAKE_PREFIX_PATH=${CMAKE_PREFIX_PATH}:/home/fastbot/ros2_ws/install/serial_motor:/opt/ros/humble /usr/bin/cmake --install /home/fastbot/ros2_ws/build/serial_motor_msgs
[4.735s] Level 1:colcon.colcon_core.environment:checking '/home/fastbot/ros2_ws/install/serial_motor_msgs' for CMake config files
[4.739s] Level 1:colcon.colcon_core.shell:create_environment_hook('serial_motor_msgs', 'cmake_prefix_path')
[4.740s] INFO:colcon.colcon_core.shell:Creating environment hook '/home/fastbot/ros2_ws/install/serial_motor_msgs/share/serial_motor_msgs/hook/cmake_prefix_path.ps1'
[4.742s] INFO:colcon.colcon_core.shell:Creating environment descriptor '/home/fastbot/ros2_ws/install/serial_motor_msgs/share/serial_motor_msgs/hook/cmake_prefix_path.dsv'
[4.744s] INFO:colcon.colcon_core.shell:Creating environment hook '/home/fastbot/ros2_ws/install/serial_motor_msgs/share/serial_motor_msgs/hook/cmake_prefix_path.sh'
[4.747s] Level 1:colcon.colcon_core.environment:checking '/home/fastbot/ros2_ws/install/serial_motor_msgs/lib'
[4.748s] Level 1:colcon.colcon_core.shell:create_environment_hook('serial_motor_msgs', 'ld_library_path_lib')
[4.749s] INFO:colcon.colcon_core.shell:Creating environment hook '/home/fastbot/ros2_ws/install/serial_motor_msgs/share/serial_motor_msgs/hook/ld_library_path_lib.ps1'
[4.750s] INFO:colcon.colcon_core.shell:Creating environment descriptor '/home/fastbot/ros2_ws/install/serial_motor_msgs/share/serial_motor_msgs/hook/ld_library_path_lib.dsv'
[4.752s] INFO:colcon.colcon_core.shell:Creating environment hook '/home/fastbot/ros2_ws/install/serial_motor_msgs/share/serial_motor_msgs/hook/ld_library_path_lib.sh'
[4.754s] Level 1:colcon.colcon_core.environment:checking '/home/fastbot/ros2_ws/install/serial_motor_msgs/bin'
[4.754s] Level 1:colcon.colcon_core.environment:checking '/home/fastbot/ros2_ws/install/serial_motor_msgs/lib/pkgconfig/serial_motor_msgs.pc'
[4.755s] Level 1:colcon.colcon_core.environment:checking '/home/fastbot/ros2_ws/install/serial_motor_msgs/lib/python3.10/site-packages'
[4.756s] Level 1:colcon.colcon_core.environment:checking '/home/fastbot/ros2_ws/install/serial_motor_msgs/bin'
[4.757s] INFO:colcon.colcon_core.shell:Creating package script '/home/fastbot/ros2_ws/install/serial_motor_msgs/share/serial_motor_msgs/package.ps1'
[4.760s] INFO:colcon.colcon_core.shell:Creating package descriptor '/home/fastbot/ros2_ws/install/serial_motor_msgs/share/serial_motor_msgs/package.dsv'
[4.762s] INFO:colcon.colcon_core.shell:Creating package script '/home/fastbot/ros2_ws/install/serial_motor_msgs/share/serial_motor_msgs/package.sh'
[4.764s] INFO:colcon.colcon_core.shell:Creating package script '/home/fastbot/ros2_ws/install/serial_motor_msgs/share/serial_motor_msgs/package.bash'
[4.766s] INFO:colcon.colcon_core.shell:Creating package script '/home/fastbot/ros2_ws/install/serial_motor_msgs/share/serial_motor_msgs/package.zsh'
[4.767s] Level 1:colcon.colcon_core.environment:create_file_with_runtime_dependencies(/home/fastbot/ros2_ws/install/serial_motor_msgs/share/colcon-core/packages/serial_motor_msgs)
[4.770s] Level 1:colcon.colcon_core.environment:create_environment_scripts_only(serial_motor_msgs)
[4.771s] Level 1:colcon.colcon_core.environment:checking '/home/fastbot/ros2_ws/install/serial_motor_msgs' for CMake module files
[4.775s] Level 1:colcon.colcon_core.environment:checking '/home/fastbot/ros2_ws/install/serial_motor_msgs' for CMake config files
[4.778s] Level 1:colcon.colcon_core.shell:create_environment_hook('serial_motor_msgs', 'cmake_prefix_path')
[4.779s] INFO:colcon.colcon_core.shell:Creating environment hook '/home/fastbot/ros2_ws/install/serial_motor_msgs/share/serial_motor_msgs/hook/cmake_prefix_path.ps1'
[4.781s] INFO:colcon.colcon_core.shell:Creating environment descriptor '/home/fastbot/ros2_ws/install/serial_motor_msgs/share/serial_motor_msgs/hook/cmake_prefix_path.dsv'
[4.783s] INFO:colcon.colcon_core.shell:Creating environment hook '/home/fastbot/ros2_ws/install/serial_motor_msgs/share/serial_motor_msgs/hook/cmake_prefix_path.sh'
[4.786s] Level 1:colcon.colcon_core.environment:checking '/home/fastbot/ros2_ws/install/serial_motor_msgs/lib'
[4.786s] Level 1:colcon.colcon_core.shell:create_environment_hook('serial_motor_msgs', 'ld_library_path_lib')
[4.787s] INFO:colcon.colcon_core.shell:Creating environment hook '/home/fastbot/ros2_ws/install/serial_motor_msgs/share/serial_motor_msgs/hook/ld_library_path_lib.ps1'
[4.789s] INFO:colcon.colcon_core.shell:Creating environment descriptor '/home/fastbot/ros2_ws/install/serial_motor_msgs/share/serial_motor_msgs/hook/ld_library_path_lib.dsv'
[4.791s] INFO:colcon.colcon_core.shell:Creating environment hook '/home/fastbot/ros2_ws/install/serial_motor_msgs/share/serial_motor_msgs/hook/ld_library_path_lib.sh'
[4.793s] Level 1:colcon.colcon_core.environment:checking '/home/fastbot/ros2_ws/install/serial_motor_msgs/bin'
[4.793s] Level 1:colcon.colcon_core.environment:checking '/home/fastbot/ros2_ws/install/serial_motor_msgs/lib/pkgconfig/serial_motor_msgs.pc'
[4.794s] Level 1:colcon.colcon_core.environment:checking '/home/fastbot/ros2_ws/install/serial_motor_msgs/lib/python3.10/site-packages'
[4.795s] Level 1:colcon.colcon_core.environment:checking '/home/fastbot/ros2_ws/install/serial_motor_msgs/bin'
[4.796s] INFO:colcon.colcon_core.shell:Creating package script '/home/fastbot/ros2_ws/install/serial_motor_msgs/share/serial_motor_msgs/package.ps1'
[4.799s] INFO:colcon.colcon_core.shell:Creating package descriptor '/home/fastbot/ros2_ws/install/serial_motor_msgs/share/serial_motor_msgs/package.dsv'
[4.801s] INFO:colcon.colcon_core.shell:Creating package script '/home/fastbot/ros2_ws/install/serial_motor_msgs/share/serial_motor_msgs/package.sh'
[4.803s] INFO:colcon.colcon_core.shell:Creating package script '/home/fastbot/ros2_ws/install/serial_motor_msgs/share/serial_motor_msgs/package.bash'
[4.805s] INFO:colcon.colcon_core.shell:Creating package script '/home/fastbot/ros2_ws/install/serial_motor_msgs/share/serial_motor_msgs/package.zsh'
[4.807s] Level 1:colcon.colcon_core.environment:create_file_with_runtime_dependencies(/home/fastbot/ros2_ws/install/serial_motor_msgs/share/colcon-core/packages/serial_motor_msgs)
[4.811s] INFO:colcon.colcon_ros.task.ament_python.build:Building ROS package in '/home/fastbot/ros2_ws/src/serial_motor' with build type 'ament_python'
[4.811s] Level 1:colcon.colcon_core.shell:create_environment_hook('serial_motor', 'ament_prefix_path')
[4.812s] INFO:colcon.colcon_core.shell:Creating environment hook '/home/fastbot/ros2_ws/install/serial_motor/share/serial_motor/hook/ament_prefix_path.ps1'
[4.815s] INFO:colcon.colcon_core.shell:Creating environment descriptor '/home/fastbot/ros2_ws/install/serial_motor/share/serial_motor/hook/ament_prefix_path.dsv'
[4.817s] INFO:colcon.colcon_core.shell:Creating environment hook '/home/fastbot/ros2_ws/install/serial_motor/share/serial_motor/hook/ament_prefix_path.sh'
[4.820s] INFO:colcon.colcon_core.shell:Skip shell extension 'powershell' for command environment: Not usable outside of PowerShell
[4.820s] DEBUG:colcon.colcon_core.shell:Skip shell extension 'dsv' for command environment
[4.859s] DEBUG:colcon.colcon_core.event_handler.log_command:Invoking command in '/home/fastbot/ros2_ws/build/lslidar_driver': CMAKE_PREFIX_PATH=/home/fastbot/ros2_ws/install/lslidar_msgs:/home/fastbot/ros2_ws/install/serial_motor_msgs:/home/fastbot/ros2_ws/install/lslidar_driver:/home/fastbot/ros2_ws/install/fastbot_description:/home/fastbot/ros2_ws/install/fastbot_bringup:/home/fastbot/ros2_ws/install/serial_motor:/opt/ros/humble LD_LIBRARY_PATH=/home/fastbot/ros2_ws/install/lslidar_msgs/lib:/home/fastbot/ros2_ws/install/serial_motor_msgs/lib:/opt/ros/humble/opt/rviz_ogre_vendor/lib:/opt/ros/humble/lib/aarch64-linux-gnu:/opt/ros/humble/lib /usr/bin/cmake --build /home/fastbot/ros2_ws/build/lslidar_driver -- -j4 -l4
[6.044s] INFO:colcon.colcon_core.task.python.build:Building Python package in '/home/fastbot/ros2_ws/src/serial_motor'
[6.045s] INFO:colcon.colcon_core.shell:Skip shell extension 'powershell' for command environment: Not usable outside of PowerShell
[6.045s] DEBUG:colcon.colcon_core.shell:Skip shell extension 'dsv' for command environment
[6.073s] DEBUG:colcon.colcon_core.event_handler.log_command:Invoked command in '/home/fastbot/ros2_ws/build/lslidar_driver' returned '0': CMAKE_PREFIX_PATH=/home/fastbot/ros2_ws/install/lslidar_msgs:/home/fastbot/ros2_ws/install/serial_motor_msgs:/home/fastbot/ros2_ws/install/lslidar_driver:/home/fastbot/ros2_ws/install/fastbot_description:/home/fastbot/ros2_ws/install/fastbot_bringup:/home/fastbot/ros2_ws/install/serial_motor:/opt/ros/humble LD_LIBRARY_PATH=/home/fastbot/ros2_ws/install/lslidar_msgs/lib:/home/fastbot/ros2_ws/install/serial_motor_msgs/lib:/opt/ros/humble/opt/rviz_ogre_vendor/lib:/opt/ros/humble/lib/aarch64-linux-gnu:/opt/ros/humble/lib /usr/bin/cmake --build /home/fastbot/ros2_ws/build/lslidar_driver -- -j4 -l4
[6.082s] DEBUG:colcon.colcon_core.event_handler.log_command:Invoking command in '/home/fastbot/ros2_ws/build/lslidar_driver': CMAKE_PREFIX_PATH=/home/fastbot/ros2_ws/install/lslidar_msgs:/home/fastbot/ros2_ws/install/serial_motor_msgs:/home/fastbot/ros2_ws/install/lslidar_driver:/home/fastbot/ros2_ws/install/fastbot_description:/home/fastbot/ros2_ws/install/fastbot_bringup:/home/fastbot/ros2_ws/install/serial_motor:/opt/ros/humble LD_LIBRARY_PATH=/home/fastbot/ros2_ws/install/lslidar_msgs/lib:/home/fastbot/ros2_ws/install/serial_motor_msgs/lib:/opt/ros/humble/opt/rviz_ogre_vendor/lib:/opt/ros/humble/lib/aarch64-linux-gnu:/opt/ros/humble/lib /usr/bin/cmake --install /home/fastbot/ros2_ws/build/lslidar_driver
[6.133s] Level 1:colcon.colcon_core.environment:create_environment_scripts_only(lslidar_driver)
[6.134s] Level 1:colcon.colcon_core.environment:checking '/home/fastbot/ros2_ws/install/lslidar_driver' for CMake module files
[6.136s] DEBUG:colcon.colcon_core.event_handler.log_command:Invoked command in '/home/fastbot/ros2_ws/build/lslidar_driver' returned '0': CMAKE_PREFIX_PATH=/home/fastbot/ros2_ws/install/lslidar_msgs:/home/fastbot/ros2_ws/install/serial_motor_msgs:/home/fastbot/ros2_ws/install/lslidar_driver:/home/fastbot/ros2_ws/install/fastbot_description:/home/fastbot/ros2_ws/install/fastbot_bringup:/home/fastbot/ros2_ws/install/serial_motor:/opt/ros/humble LD_LIBRARY_PATH=/home/fastbot/ros2_ws/install/lslidar_msgs/lib:/home/fastbot/ros2_ws/install/serial_motor_msgs/lib:/opt/ros/humble/opt/rviz_ogre_vendor/lib:/opt/ros/humble/lib/aarch64-linux-gnu:/opt/ros/humble/lib /usr/bin/cmake --install /home/fastbot/ros2_ws/build/lslidar_driver
[6.138s] Level 1:colcon.colcon_core.environment:checking '/home/fastbot/ros2_ws/install/lslidar_driver' for CMake config files
[6.140s] Level 1:colcon.colcon_core.shell:create_environment_hook('lslidar_driver', 'cmake_prefix_path')
[6.141s] INFO:colcon.colcon_core.shell:Creating environment hook '/home/fastbot/ros2_ws/install/lslidar_driver/share/lslidar_driver/hook/cmake_prefix_path.ps1'
[6.143s] INFO:colcon.colcon_core.shell:Creating environment descriptor '/home/fastbot/ros2_ws/install/lslidar_driver/share/lslidar_driver/hook/cmake_prefix_path.dsv'
[6.145s] INFO:colcon.colcon_core.shell:Creating environment hook '/home/fastbot/ros2_ws/install/lslidar_driver/share/lslidar_driver/hook/cmake_prefix_path.sh'
[6.149s] Level 1:colcon.colcon_core.environment:checking '/home/fastbot/ros2_ws/install/lslidar_driver/lib'
[6.149s] Level 1:colcon.colcon_core.environment:checking '/home/fastbot/ros2_ws/install/lslidar_driver/bin'
[6.149s] Level 1:colcon.colcon_core.environment:checking '/home/fastbot/ros2_ws/install/lslidar_driver/lib/pkgconfig/lslidar_driver.pc'
[6.150s] Level 1:colcon.colcon_core.environment:checking '/home/fastbot/ros2_ws/install/lslidar_driver/lib/python3.10/site-packages'
[6.151s] Level 1:colcon.colcon_core.environment:checking '/home/fastbot/ros2_ws/install/lslidar_driver/bin'
[6.153s] INFO:colcon.colcon_core.shell:Creating package script '/home/fastbot/ros2_ws/install/lslidar_driver/share/lslidar_driver/package.ps1'
[6.157s] INFO:colcon.colcon_core.shell:Creating package descriptor '/home/fastbot/ros2_ws/install/lslidar_driver/share/lslidar_driver/package.dsv'
[6.159s] INFO:colcon.colcon_core.shell:Creating package script '/home/fastbot/ros2_ws/install/lslidar_driver/share/lslidar_driver/package.sh'
[6.161s] INFO:colcon.colcon_core.shell:Creating package script '/home/fastbot/ros2_ws/install/lslidar_driver/share/lslidar_driver/package.bash'
[6.164s] INFO:colcon.colcon_core.shell:Creating package script '/home/fastbot/ros2_ws/install/lslidar_driver/share/lslidar_driver/package.zsh'
[6.166s] Level 1:colcon.colcon_core.environment:create_file_with_runtime_dependencies(/home/fastbot/ros2_ws/install/lslidar_driver/share/colcon-core/packages/lslidar_driver)
[6.169s] Level 1:colcon.colcon_core.environment:create_environment_scripts_only(lslidar_driver)
[6.170s] Level 1:colcon.colcon_core.environment:checking '/home/fastbot/ros2_ws/install/lslidar_driver' for CMake module files
[6.173s] Level 1:colcon.colcon_core.environment:checking '/home/fastbot/ros2_ws/install/lslidar_driver' for CMake config files
[6.175s] Level 1:colcon.colcon_core.shell:create_environment_hook('lslidar_driver', 'cmake_prefix_path')
[6.176s] INFO:colcon.colcon_core.shell:Creating environment hook '/home/fastbot/ros2_ws/install/lslidar_driver/share/lslidar_driver/hook/cmake_prefix_path.ps1'
[6.178s] INFO:colcon.colcon_core.shell:Creating environment descriptor '/home/fastbot/ros2_ws/install/lslidar_driver/share/lslidar_driver/hook/cmake_prefix_path.dsv'
[6.180s] INFO:colcon.colcon_core.shell:Creating environment hook '/home/fastbot/ros2_ws/install/lslidar_driver/share/lslidar_driver/hook/cmake_prefix_path.sh'
[6.183s] Level 1:colcon.colcon_core.environment:checking '/home/fastbot/ros2_ws/install/lslidar_driver/lib'
[6.183s] Level 1:colcon.colcon_core.environment:checking '/home/fastbot/ros2_ws/install/lslidar_driver/bin'
[6.184s] Level 1:colcon.colcon_core.environment:checking '/home/fastbot/ros2_ws/install/lslidar_driver/lib/pkgconfig/lslidar_driver.pc'
[6.185s] Level 1:colcon.colcon_core.environment:checking '/home/fastbot/ros2_ws/install/lslidar_driver/lib/python3.10/site-packages'
[6.186s] Level 1:colcon.colcon_core.environment:checking '/home/fastbot/ros2_ws/install/lslidar_driver/bin'
[6.187s] INFO:colcon.colcon_core.shell:Creating package script '/home/fastbot/ros2_ws/install/lslidar_driver/share/lslidar_driver/package.ps1'
[6.190s] INFO:colcon.colcon_core.shell:Creating package descriptor '/home/fastbot/ros2_ws/install/lslidar_driver/share/lslidar_driver/package.dsv'
[6.192s] INFO:colcon.colcon_core.shell:Creating package script '/home/fastbot/ros2_ws/install/lslidar_driver/share/lslidar_driver/package.sh'
[6.195s] INFO:colcon.colcon_core.shell:Creating package script '/home/fastbot/ros2_ws/install/lslidar_driver/share/lslidar_driver/package.bash'
[6.197s] INFO:colcon.colcon_core.shell:Creating package script '/home/fastbot/ros2_ws/install/lslidar_driver/share/lslidar_driver/package.zsh'
[6.199s] Level 1:colcon.colcon_core.environment:create_file_with_runtime_dependencies(/home/fastbot/ros2_ws/install/lslidar_driver/share/colcon-core/packages/lslidar_driver)
[7.676s] DEBUG:colcon.colcon_core.event_handler.log_command:Invoking command in '/home/fastbot/ros2_ws/src/serial_motor': PYTHONPATH=/home/fastbot/ros2_ws/build/serial_motor/prefix_override:/usr/lib/python3/dist-packages/colcon_core/task/python/colcon_distutils_commands:/home/fastbot/ros2_ws/install/serial_motor/lib/python3.10/site-packages:${PYTHONPATH} /usr/bin/python3 -W ignore:setup.py install is deprecated -W ignore:easy_install command is deprecated setup.py egg_info --egg-base ../../build/serial_motor build --build-base /home/fastbot/ros2_ws/build/serial_motor/build install --record /home/fastbot/ros2_ws/build/serial_motor/install.log --single-version-externally-managed install_data
[8.981s] Level 1:colcon.colcon_core.environment:checking '/home/fastbot/ros2_ws/install/serial_motor' for CMake module files
[8.982s] DEBUG:colcon.colcon_core.event_handler.log_command:Invoked command in '/home/fastbot/ros2_ws/src/serial_motor' returned '0': PYTHONPATH=/home/fastbot/ros2_ws/build/serial_motor/prefix_override:/usr/lib/python3/dist-packages/colcon_core/task/python/colcon_distutils_commands:/home/fastbot/ros2_ws/install/serial_motor/lib/python3.10/site-packages:${PYTHONPATH} /usr/bin/python3 -W ignore:setup.py install is deprecated -W ignore:easy_install command is deprecated setup.py egg_info --egg-base ../../build/serial_motor build --build-base /home/fastbot/ros2_ws/build/serial_motor/build install --record /home/fastbot/ros2_ws/build/serial_motor/install.log --single-version-externally-managed install_data
[8.984s] Level 1:colcon.colcon_core.environment:checking '/home/fastbot/ros2_ws/install/serial_motor' for CMake config files
[8.988s] Level 1:colcon.colcon_core.environment:checking '/home/fastbot/ros2_ws/install/serial_motor/lib'
[8.988s] Level 1:colcon.colcon_core.environment:checking '/home/fastbot/ros2_ws/install/serial_motor/bin'
[8.989s] Level 1:colcon.colcon_core.environment:checking '/home/fastbot/ros2_ws/install/serial_motor/lib/pkgconfig/serial_motor.pc'
[8.990s] Level 1:colcon.colcon_core.environment:checking '/home/fastbot/ros2_ws/install/serial_motor/lib/python3.10/site-packages'
[8.990s] Level 1:colcon.colcon_core.shell:create_environment_hook('serial_motor', 'pythonpath')
[8.991s] INFO:colcon.colcon_core.shell:Creating environment hook '/home/fastbot/ros2_ws/install/serial_motor/share/serial_motor/hook/pythonpath.ps1'
[8.994s] INFO:colcon.colcon_core.shell:Creating environment descriptor '/home/fastbot/ros2_ws/install/serial_motor/share/serial_motor/hook/pythonpath.dsv'
[8.996s] INFO:colcon.colcon_core.shell:Creating environment hook '/home/fastbot/ros2_ws/install/serial_motor/share/serial_motor/hook/pythonpath.sh'
[8.999s] Level 1:colcon.colcon_core.environment:checking '/home/fastbot/ros2_ws/install/serial_motor/bin'
[9.000s] Level 1:colcon.colcon_core.environment:create_environment_scripts_only(serial_motor)
[9.001s] INFO:colcon.colcon_core.shell:Creating package script '/home/fastbot/ros2_ws/install/serial_motor/share/serial_motor/package.ps1'
[9.003s] INFO:colcon.colcon_core.shell:Creating package descriptor '/home/fastbot/ros2_ws/install/serial_motor/share/serial_motor/package.dsv'
[9.005s] INFO:colcon.colcon_core.shell:Creating package script '/home/fastbot/ros2_ws/install/serial_motor/share/serial_motor/package.sh'
[9.007s] INFO:colcon.colcon_core.shell:Creating package script '/home/fastbot/ros2_ws/install/serial_motor/share/serial_motor/package.bash'
[9.009s] INFO:colcon.colcon_core.shell:Creating package script '/home/fastbot/ros2_ws/install/serial_motor/share/serial_motor/package.zsh'
[9.012s] Level 1:colcon.colcon_core.environment:create_file_with_runtime_dependencies(/home/fastbot/ros2_ws/install/serial_motor/share/colcon-core/packages/serial_motor)
[9.013s] DEBUG:colcon.colcon_parallel_executor.executor.parallel:closing loop
[9.014s] DEBUG:colcon.colcon_parallel_executor.executor.parallel:loop closed
[9.014s] DEBUG:colcon.colcon_parallel_executor.executor.parallel:run_until_complete finished with '0'
[9.015s] DEBUG:colcon.colcon_core.event_reactor:joining thread
[9.037s] INFO:colcon.colcon_core.plugin_system:Skipping extension 'colcon_notification.desktop_notification.notify_send': Could not find 'notify-send'
[9.037s] INFO:colcon.colcon_core.plugin_system:Skipping extension 'colcon_notification.desktop_notification.terminal_notifier': Not used on non-Darwin systems
[9.037s] INFO:colcon.colcon_core.plugin_system:Skipping extension 'colcon_notification.desktop_notification.win32': Not used on non-Windows systems
[9.038s] INFO:colcon.colcon_notification.desktop_notification:Sending desktop notification using 'notify2'
[9.041s] DEBUG:colcon.colcon_notification.desktop_notification.notify2:Failed to initialize notify2: org.freedesktop.DBus.Error.ServiceUnknown: The name org.freedesktop.Notifications was not provided by any .service files
[9.041s] DEBUG:colcon.colcon_core.event_reactor:joined thread
[9.042s] INFO:colcon.colcon_core.shell:Creating prefix script '/home/fastbot/ros2_ws/install/local_setup.ps1'
[9.046s] INFO:colcon.colcon_core.shell:Creating prefix util module '/home/fastbot/ros2_ws/install/_local_setup_util_ps1.py'
[9.052s] INFO:colcon.colcon_core.shell:Creating prefix chain script '/home/fastbot/ros2_ws/install/setup.ps1'
[9.059s] INFO:colcon.colcon_core.shell:Creating prefix script '/home/fastbot/ros2_ws/install/local_setup.sh'
[9.062s] INFO:colcon.colcon_core.shell:Creating prefix util module '/home/fastbot/ros2_ws/install/_local_setup_util_sh.py'
[9.065s] INFO:colcon.colcon_core.shell:Creating prefix chain script '/home/fastbot/ros2_ws/install/setup.sh'
[9.070s] INFO:colcon.colcon_core.shell:Creating prefix script '/home/fastbot/ros2_ws/install/local_setup.bash'
[9.073s] INFO:colcon.colcon_core.shell:Creating prefix chain script '/home/fastbot/ros2_ws/install/setup.bash'
[9.078s] INFO:colcon.colcon_core.shell:Creating prefix script '/home/fastbot/ros2_ws/install/local_setup.zsh'
[9.081s] INFO:colcon.colcon_core.shell:Creating prefix chain script '/home/fastbot/ros2_ws/install/setup.zsh'
