[0.107s] Invoking command in '/home/fastbot/ros2_ws/build/serial_motor_msgs': CMAKE_PREFIX_PATH=${CMAKE_PREFIX_PATH}:/home/fastbot/ros2_ws/install/serial_motor:/opt/ros/humble /usr/bin/cmake --build /home/fastbot/ros2_ws/build/serial_motor_msgs -- -j4 -l4
[0.452s] [  2%] Built target serial_motor_msgs__cpp
[0.605s] [ 12%] Built target serial_motor_msgs__rosidl_generator_c
[0.609s] [ 12%] Built target ament_cmake_python_copy_serial_motor_msgs
[0.798s] [ 34%] Built target serial_motor_msgs__rosidl_typesupport_fastrtps_cpp
[0.806s] [ 23%] Built target serial_motor_msgs__rosidl_typesupport_introspection_cpp
[0.826s] [ 44%] Built target serial_motor_msgs__rosidl_typesupport_cpp
[0.946s] [ 55%] Built target serial_motor_msgs__rosidl_typesupport_fastrtps_c
[0.995s] [ 65%] Built target serial_motor_msgs__rosidl_typesupport_introspection_c
[1.021s] [ 76%] Built target serial_motor_msgs__rosidl_typesupport_c
[1.126s] [ 76%] Built target serial_motor_msgs
[1.253s] [ 78%] Built target serial_motor_msgs__py
[1.438s] [ 87%] Built target serial_motor_msgs__rosidl_generator_py
[1.636s] [ 91%] Built target serial_motor_msgs__rosidl_typesupport_c__pyext
[1.646s] [ 95%] Built target serial_motor_msgs__rosidl_typesupport_introspection_c__pyext
[1.657s] [100%] Built target serial_motor_msgs__rosidl_typesupport_fastrtps_c__pyext
[2.446s] running egg_info
[2.458s] writing serial_motor_msgs.egg-info/PKG-INFO
[2.459s] writing dependency_links to serial_motor_msgs.egg-info/dependency_links.txt
[2.460s] writing top-level names to serial_motor_msgs.egg-info/top_level.txt
[2.472s] reading manifest file 'serial_motor_msgs.egg-info/SOURCES.txt'
[2.475s] writing manifest file 'serial_motor_msgs.egg-info/SOURCES.txt'
[2.639s] [100%] Built target ament_cmake_python_build_serial_motor_msgs_egg
[2.677s] Invoked command in '/home/fastbot/ros2_ws/build/serial_motor_msgs' returned '0': CMAKE_PREFIX_PATH=${CMAKE_PREFIX_PATH}:/home/fastbot/ros2_ws/install/serial_motor:/opt/ros/humble /usr/bin/cmake --build /home/fastbot/ros2_ws/build/serial_motor_msgs -- -j4 -l4
[2.684s] Invoking command in '/home/fastbot/ros2_ws/build/serial_motor_msgs': CMAKE_PREFIX_PATH=${CMAKE_PREFIX_PATH}:/home/fastbot/ros2_ws/install/serial_motor:/opt/ros/humble /usr/bin/cmake --install /home/fastbot/ros2_ws/build/serial_motor_msgs
[2.715s] -- Install configuration: ""
[2.716s] -- Up-to-date: /home/fastbot/ros2_ws/install/serial_motor_msgs/share/ament_index/resource_index/rosidl_interfaces/serial_motor_msgs
[2.716s] -- Up-to-date: /home/fastbot/ros2_ws/install/serial_motor_msgs/include/serial_motor_msgs/serial_motor_msgs
[2.717s] -- Up-to-date: /home/fastbot/ros2_ws/install/serial_motor_msgs/include/serial_motor_msgs/serial_motor_msgs/msg
[2.717s] -- Up-to-date: /home/fastbot/ros2_ws/install/serial_motor_msgs/include/serial_motor_msgs/serial_motor_msgs/msg/encoder_vals.h
[2.718s] -- Up-to-date: /home/fastbot/ros2_ws/install/serial_motor_msgs/include/serial_motor_msgs/serial_motor_msgs/msg/motor_commands.h
[2.719s] -- Up-to-date: /home/fastbot/ros2_ws/install/serial_motor_msgs/include/serial_motor_msgs/serial_motor_msgs/msg/motor_vels.h
[2.720s] -- Up-to-date: /home/fastbot/ros2_ws/install/serial_motor_msgs/include/serial_motor_msgs/serial_motor_msgs/msg/rosidl_generator_c__visibility_control.h
[2.721s] -- Up-to-date: /home/fastbot/ros2_ws/install/serial_motor_msgs/include/serial_motor_msgs/serial_motor_msgs/msg/detail
[2.722s] -- Up-to-date: /home/fastbot/ros2_ws/install/serial_motor_msgs/include/serial_motor_msgs/serial_motor_msgs/msg/detail/motor_vels__functions.h
[2.723s] -- Up-to-date: /home/fastbot/ros2_ws/install/serial_motor_msgs/include/serial_motor_msgs/serial_motor_msgs/msg/detail/motor_commands__functions.c
[2.723s] -- Up-to-date: /home/fastbot/ros2_ws/install/serial_motor_msgs/include/serial_motor_msgs/serial_motor_msgs/msg/detail/motor_vels__functions.c
[2.724s] -- Up-to-date: /home/fastbot/ros2_ws/install/serial_motor_msgs/include/serial_motor_msgs/serial_motor_msgs/msg/detail/encoder_vals__struct.h
[2.724s] -- Up-to-date: /home/fastbot/ros2_ws/install/serial_motor_msgs/include/serial_motor_msgs/serial_motor_msgs/msg/detail/encoder_vals__functions.c
[2.725s] -- Up-to-date: /home/fastbot/ros2_ws/install/serial_motor_msgs/include/serial_motor_msgs/serial_motor_msgs/msg/detail/motor_vels__struct.h
[2.725s] -- Up-to-date: /home/fastbot/ros2_ws/install/serial_motor_msgs/include/serial_motor_msgs/serial_motor_msgs/msg/detail/motor_commands__type_support.h
[2.726s] -- Up-to-date: /home/fastbot/ros2_ws/install/serial_motor_msgs/include/serial_motor_msgs/serial_motor_msgs/msg/detail/encoder_vals__functions.h
[2.727s] -- Up-to-date: /home/fastbot/ros2_ws/install/serial_motor_msgs/include/serial_motor_msgs/serial_motor_msgs/msg/detail/motor_commands__functions.h
[2.728s] -- Up-to-date: /home/fastbot/ros2_ws/install/serial_motor_msgs/include/serial_motor_msgs/serial_motor_msgs/msg/detail/motor_commands__struct.h
[2.728s] -- Up-to-date: /home/fastbot/ros2_ws/install/serial_motor_msgs/include/serial_motor_msgs/serial_motor_msgs/msg/detail/encoder_vals__type_support.h
[2.729s] -- Up-to-date: /home/fastbot/ros2_ws/install/serial_motor_msgs/include/serial_motor_msgs/serial_motor_msgs/msg/detail/motor_vels__type_support.h
[2.729s] -- Up-to-date: /home/fastbot/ros2_ws/install/serial_motor_msgs/share/serial_motor_msgs/environment/library_path.sh
[2.730s] -- Up-to-date: /home/fastbot/ros2_ws/install/serial_motor_msgs/share/serial_motor_msgs/environment/library_path.dsv
[2.732s] -- Up-to-date: /home/fastbot/ros2_ws/install/serial_motor_msgs/lib/libserial_motor_msgs__rosidl_generator_c.so
[2.734s] -- Up-to-date: /home/fastbot/ros2_ws/install/serial_motor_msgs/include/serial_motor_msgs/serial_motor_msgs
[2.735s] -- Up-to-date: /home/fastbot/ros2_ws/install/serial_motor_msgs/include/serial_motor_msgs/serial_motor_msgs/msg
[2.736s] -- Up-to-date: /home/fastbot/ros2_ws/install/serial_motor_msgs/include/serial_motor_msgs/serial_motor_msgs/msg/rosidl_typesupport_fastrtps_c__visibility_control.h
[2.736s] -- Up-to-date: /home/fastbot/ros2_ws/install/serial_motor_msgs/include/serial_motor_msgs/serial_motor_msgs/msg/detail
[2.736s] -- Up-to-date: /home/fastbot/ros2_ws/install/serial_motor_msgs/include/serial_motor_msgs/serial_motor_msgs/msg/detail/encoder_vals__rosidl_typesupport_fastrtps_c.h
[2.737s] -- Up-to-date: /home/fastbot/ros2_ws/install/serial_motor_msgs/include/serial_motor_msgs/serial_motor_msgs/msg/detail/motor_vels__rosidl_typesupport_fastrtps_c.h
[2.738s] -- Up-to-date: /home/fastbot/ros2_ws/install/serial_motor_msgs/include/serial_motor_msgs/serial_motor_msgs/msg/detail/motor_commands__rosidl_typesupport_fastrtps_c.h
[2.738s] -- Up-to-date: /home/fastbot/ros2_ws/install/serial_motor_msgs/lib/libserial_motor_msgs__rosidl_typesupport_fastrtps_c.so
[2.739s] -- Up-to-date: /home/fastbot/ros2_ws/install/serial_motor_msgs/include/serial_motor_msgs/serial_motor_msgs
[2.739s] -- Up-to-date: /home/fastbot/ros2_ws/install/serial_motor_msgs/include/serial_motor_msgs/serial_motor_msgs/msg
[2.740s] -- Up-to-date: /home/fastbot/ros2_ws/install/serial_motor_msgs/include/serial_motor_msgs/serial_motor_msgs/msg/detail
[2.740s] -- Up-to-date: /home/fastbot/ros2_ws/install/serial_motor_msgs/include/serial_motor_msgs/serial_motor_msgs/msg/detail/motor_vels__type_support.c
[2.741s] -- Up-to-date: /home/fastbot/ros2_ws/install/serial_motor_msgs/include/serial_motor_msgs/serial_motor_msgs/msg/detail/encoder_vals__rosidl_typesupport_introspection_c.h
[2.742s] -- Up-to-date: /home/fastbot/ros2_ws/install/serial_motor_msgs/include/serial_motor_msgs/serial_motor_msgs/msg/detail/motor_commands__type_support.c
[2.742s] -- Up-to-date: /home/fastbot/ros2_ws/install/serial_motor_msgs/include/serial_motor_msgs/serial_motor_msgs/msg/detail/encoder_vals__type_support.c
[2.743s] -- Up-to-date: /home/fastbot/ros2_ws/install/serial_motor_msgs/include/serial_motor_msgs/serial_motor_msgs/msg/detail/motor_commands__rosidl_typesupport_introspection_c.h
[2.743s] -- Up-to-date: /home/fastbot/ros2_ws/install/serial_motor_msgs/include/serial_motor_msgs/serial_motor_msgs/msg/detail/motor_vels__rosidl_typesupport_introspection_c.h
[2.744s] -- Up-to-date: /home/fastbot/ros2_ws/install/serial_motor_msgs/include/serial_motor_msgs/serial_motor_msgs/msg/rosidl_typesupport_introspection_c__visibility_control.h
[2.744s] -- Up-to-date: /home/fastbot/ros2_ws/install/serial_motor_msgs/lib/libserial_motor_msgs__rosidl_typesupport_introspection_c.so
[2.745s] -- Up-to-date: /home/fastbot/ros2_ws/install/serial_motor_msgs/lib/libserial_motor_msgs__rosidl_typesupport_c.so
[2.746s] -- Up-to-date: /home/fastbot/ros2_ws/install/serial_motor_msgs/include/serial_motor_msgs/serial_motor_msgs
[2.747s] -- Up-to-date: /home/fastbot/ros2_ws/install/serial_motor_msgs/include/serial_motor_msgs/serial_motor_msgs/msg
[2.748s] -- Up-to-date: /home/fastbot/ros2_ws/install/serial_motor_msgs/include/serial_motor_msgs/serial_motor_msgs/msg/motor_commands.hpp
[2.748s] -- Up-to-date: /home/fastbot/ros2_ws/install/serial_motor_msgs/include/serial_motor_msgs/serial_motor_msgs/msg/encoder_vals.hpp
[2.749s] -- Up-to-date: /home/fastbot/ros2_ws/install/serial_motor_msgs/include/serial_motor_msgs/serial_motor_msgs/msg/motor_vels.hpp
[2.750s] -- Up-to-date: /home/fastbot/ros2_ws/install/serial_motor_msgs/include/serial_motor_msgs/serial_motor_msgs/msg/detail
[2.750s] -- Up-to-date: /home/fastbot/ros2_ws/install/serial_motor_msgs/include/serial_motor_msgs/serial_motor_msgs/msg/detail/motor_vels__type_support.hpp
[2.750s] -- Up-to-date: /home/fastbot/ros2_ws/install/serial_motor_msgs/include/serial_motor_msgs/serial_motor_msgs/msg/detail/motor_commands__traits.hpp
[2.751s] -- Up-to-date: /home/fastbot/ros2_ws/install/serial_motor_msgs/include/serial_motor_msgs/serial_motor_msgs/msg/detail/motor_commands__struct.hpp
[2.751s] -- Up-to-date: /home/fastbot/ros2_ws/install/serial_motor_msgs/include/serial_motor_msgs/serial_motor_msgs/msg/detail/motor_vels__traits.hpp
[2.752s] -- Up-to-date: /home/fastbot/ros2_ws/install/serial_motor_msgs/include/serial_motor_msgs/serial_motor_msgs/msg/detail/encoder_vals__struct.hpp
[2.753s] -- Up-to-date: /home/fastbot/ros2_ws/install/serial_motor_msgs/include/serial_motor_msgs/serial_motor_msgs/msg/detail/encoder_vals__traits.hpp
[2.753s] -- Up-to-date: /home/fastbot/ros2_ws/install/serial_motor_msgs/include/serial_motor_msgs/serial_motor_msgs/msg/detail/motor_commands__type_support.hpp
[2.754s] -- Up-to-date: /home/fastbot/ros2_ws/install/serial_motor_msgs/include/serial_motor_msgs/serial_motor_msgs/msg/detail/motor_commands__builder.hpp
[2.755s] -- Up-to-date: /home/fastbot/ros2_ws/install/serial_motor_msgs/include/serial_motor_msgs/serial_motor_msgs/msg/detail/encoder_vals__builder.hpp
[2.755s] -- Up-to-date: /home/fastbot/ros2_ws/install/serial_motor_msgs/include/serial_motor_msgs/serial_motor_msgs/msg/detail/motor_vels__struct.hpp
[2.756s] -- Up-to-date: /home/fastbot/ros2_ws/install/serial_motor_msgs/include/serial_motor_msgs/serial_motor_msgs/msg/detail/motor_vels__builder.hpp
[2.756s] -- Up-to-date: /home/fastbot/ros2_ws/install/serial_motor_msgs/include/serial_motor_msgs/serial_motor_msgs/msg/detail/encoder_vals__type_support.hpp
[2.757s] -- Up-to-date: /home/fastbot/ros2_ws/install/serial_motor_msgs/include/serial_motor_msgs/serial_motor_msgs/msg/rosidl_generator_cpp__visibility_control.hpp
[2.757s] -- Up-to-date: /home/fastbot/ros2_ws/install/serial_motor_msgs/include/serial_motor_msgs/serial_motor_msgs
[2.758s] -- Up-to-date: /home/fastbot/ros2_ws/install/serial_motor_msgs/include/serial_motor_msgs/serial_motor_msgs/msg
[2.758s] -- Up-to-date: /home/fastbot/ros2_ws/install/serial_motor_msgs/include/serial_motor_msgs/serial_motor_msgs/msg/rosidl_typesupport_fastrtps_cpp__visibility_control.h
[2.759s] -- Up-to-date: /home/fastbot/ros2_ws/install/serial_motor_msgs/include/serial_motor_msgs/serial_motor_msgs/msg/detail
[2.759s] -- Up-to-date: /home/fastbot/ros2_ws/install/serial_motor_msgs/include/serial_motor_msgs/serial_motor_msgs/msg/detail/dds_fastrtps
[2.760s] -- Up-to-date: /home/fastbot/ros2_ws/install/serial_motor_msgs/include/serial_motor_msgs/serial_motor_msgs/msg/detail/encoder_vals__rosidl_typesupport_fastrtps_cpp.hpp
[2.761s] -- Up-to-date: /home/fastbot/ros2_ws/install/serial_motor_msgs/include/serial_motor_msgs/serial_motor_msgs/msg/detail/motor_commands__rosidl_typesupport_fastrtps_cpp.hpp
[2.761s] -- Up-to-date: /home/fastbot/ros2_ws/install/serial_motor_msgs/include/serial_motor_msgs/serial_motor_msgs/msg/detail/motor_vels__rosidl_typesupport_fastrtps_cpp.hpp
[2.762s] -- Up-to-date: /home/fastbot/ros2_ws/install/serial_motor_msgs/lib/libserial_motor_msgs__rosidl_typesupport_fastrtps_cpp.so
[2.762s] -- Up-to-date: /home/fastbot/ros2_ws/install/serial_motor_msgs/include/serial_motor_msgs/serial_motor_msgs
[2.763s] -- Up-to-date: /home/fastbot/ros2_ws/install/serial_motor_msgs/include/serial_motor_msgs/serial_motor_msgs/msg
[2.763s] -- Up-to-date: /home/fastbot/ros2_ws/install/serial_motor_msgs/include/serial_motor_msgs/serial_motor_msgs/msg/detail
[2.764s] -- Up-to-date: /home/fastbot/ros2_ws/install/serial_motor_msgs/include/serial_motor_msgs/serial_motor_msgs/msg/detail/encoder_vals__type_support.cpp
[2.764s] -- Up-to-date: /home/fastbot/ros2_ws/install/serial_motor_msgs/include/serial_motor_msgs/serial_motor_msgs/msg/detail/motor_commands__type_support.cpp
[2.765s] -- Up-to-date: /home/fastbot/ros2_ws/install/serial_motor_msgs/include/serial_motor_msgs/serial_motor_msgs/msg/detail/motor_vels__type_support.cpp
[2.765s] -- Up-to-date: /home/fastbot/ros2_ws/install/serial_motor_msgs/include/serial_motor_msgs/serial_motor_msgs/msg/detail/encoder_vals__rosidl_typesupport_introspection_cpp.hpp
[2.766s] -- Up-to-date: /home/fastbot/ros2_ws/install/serial_motor_msgs/include/serial_motor_msgs/serial_motor_msgs/msg/detail/motor_vels__rosidl_typesupport_introspection_cpp.hpp
[2.766s] -- Up-to-date: /home/fastbot/ros2_ws/install/serial_motor_msgs/include/serial_motor_msgs/serial_motor_msgs/msg/detail/motor_commands__rosidl_typesupport_introspection_cpp.hpp
[2.767s] -- Up-to-date: /home/fastbot/ros2_ws/install/serial_motor_msgs/lib/libserial_motor_msgs__rosidl_typesupport_introspection_cpp.so
[2.768s] -- Up-to-date: /home/fastbot/ros2_ws/install/serial_motor_msgs/lib/libserial_motor_msgs__rosidl_typesupport_cpp.so
[2.768s] -- Up-to-date: /home/fastbot/ros2_ws/install/serial_motor_msgs/share/serial_motor_msgs/environment/pythonpath.sh
[2.769s] -- Up-to-date: /home/fastbot/ros2_ws/install/serial_motor_msgs/share/serial_motor_msgs/environment/pythonpath.dsv
[2.770s] -- Up-to-date: /home/fastbot/ros2_ws/install/serial_motor_msgs/local/lib/python3.10/dist-packages/serial_motor_msgs-0.0.0-py3.10.egg-info
[2.770s] -- Installing: /home/fastbot/ros2_ws/install/serial_motor_msgs/local/lib/python3.10/dist-packages/serial_motor_msgs-0.0.0-py3.10.egg-info/PKG-INFO
[2.771s] -- Installing: /home/fastbot/ros2_ws/install/serial_motor_msgs/local/lib/python3.10/dist-packages/serial_motor_msgs-0.0.0-py3.10.egg-info/top_level.txt
[2.772s] -- Installing: /home/fastbot/ros2_ws/install/serial_motor_msgs/local/lib/python3.10/dist-packages/serial_motor_msgs-0.0.0-py3.10.egg-info/SOURCES.txt
[2.773s] -- Installing: /home/fastbot/ros2_ws/install/serial_motor_msgs/local/lib/python3.10/dist-packages/serial_motor_msgs-0.0.0-py3.10.egg-info/dependency_links.txt
[2.774s] -- Up-to-date: /home/fastbot/ros2_ws/install/serial_motor_msgs/local/lib/python3.10/dist-packages/serial_motor_msgs
[2.774s] -- Up-to-date: /home/fastbot/ros2_ws/install/serial_motor_msgs/local/lib/python3.10/dist-packages/serial_motor_msgs/__init__.py
[2.775s] -- Up-to-date: /home/fastbot/ros2_ws/install/serial_motor_msgs/local/lib/python3.10/dist-packages/serial_motor_msgs/_serial_motor_msgs_s.ep.rosidl_typesupport_fastrtps_c.c
[2.775s] -- Up-to-date: /home/fastbot/ros2_ws/install/serial_motor_msgs/local/lib/python3.10/dist-packages/serial_motor_msgs/serial_motor_msgs_s__rosidl_typesupport_c.cpython-310-aarch64-linux-gnu.so
[2.775s] -- Up-to-date: /home/fastbot/ros2_ws/install/serial_motor_msgs/local/lib/python3.10/dist-packages/serial_motor_msgs/serial_motor_msgs_s__rosidl_typesupport_fastrtps_c.cpython-310-aarch64-linux-gnu.so
[2.776s] -- Up-to-date: /home/fastbot/ros2_ws/install/serial_motor_msgs/local/lib/python3.10/dist-packages/serial_motor_msgs/serial_motor_msgs_s__rosidl_typesupport_introspection_c.cpython-310-aarch64-linux-gnu.so
[2.776s] -- Up-to-date: /home/fastbot/ros2_ws/install/serial_motor_msgs/local/lib/python3.10/dist-packages/serial_motor_msgs/msg
[2.777s] -- Up-to-date: /home/fastbot/ros2_ws/install/serial_motor_msgs/local/lib/python3.10/dist-packages/serial_motor_msgs/msg/_encoder_vals_s.c
[2.777s] -- Up-to-date: /home/fastbot/ros2_ws/install/serial_motor_msgs/local/lib/python3.10/dist-packages/serial_motor_msgs/msg/__init__.py
[2.777s] -- Up-to-date: /home/fastbot/ros2_ws/install/serial_motor_msgs/local/lib/python3.10/dist-packages/serial_motor_msgs/msg/_motor_commands_s.c
[2.778s] -- Up-to-date: /home/fastbot/ros2_ws/install/serial_motor_msgs/local/lib/python3.10/dist-packages/serial_motor_msgs/msg/_motor_vels.py
[2.778s] -- Up-to-date: /home/fastbot/ros2_ws/install/serial_motor_msgs/local/lib/python3.10/dist-packages/serial_motor_msgs/msg/_motor_commands.py
[2.778s] -- Up-to-date: /home/fastbot/ros2_ws/install/serial_motor_msgs/local/lib/python3.10/dist-packages/serial_motor_msgs/msg/_encoder_vals.py
[2.779s] -- Up-to-date: /home/fastbot/ros2_ws/install/serial_motor_msgs/local/lib/python3.10/dist-packages/serial_motor_msgs/msg/_motor_vels_s.c
[2.779s] -- Up-to-date: /home/fastbot/ros2_ws/install/serial_motor_msgs/local/lib/python3.10/dist-packages/serial_motor_msgs/_serial_motor_msgs_s.ep.rosidl_typesupport_introspection_c.c
[2.780s] -- Up-to-date: /home/fastbot/ros2_ws/install/serial_motor_msgs/local/lib/python3.10/dist-packages/serial_motor_msgs/_serial_motor_msgs_s.ep.rosidl_typesupport_c.c
[2.780s] -- Up-to-date: /home/fastbot/ros2_ws/install/serial_motor_msgs/local/lib/python3.10/dist-packages/serial_motor_msgs/libserial_motor_msgs__rosidl_generator_py.so
[2.957s] Listing '/home/fastbot/ros2_ws/install/serial_motor_msgs/local/lib/python3.10/dist-packages/serial_motor_msgs'...
[2.959s] Listing '/home/fastbot/ros2_ws/install/serial_motor_msgs/local/lib/python3.10/dist-packages/serial_motor_msgs/msg'...
[2.984s] -- Up-to-date: /home/fastbot/ros2_ws/install/serial_motor_msgs/local/lib/python3.10/dist-packages/serial_motor_msgs/serial_motor_msgs_s__rosidl_typesupport_fastrtps_c.cpython-310-aarch64-linux-gnu.so
[2.987s] -- Up-to-date: /home/fastbot/ros2_ws/install/serial_motor_msgs/local/lib/python3.10/dist-packages/serial_motor_msgs/serial_motor_msgs_s__rosidl_typesupport_introspection_c.cpython-310-aarch64-linux-gnu.so
[2.989s] -- Up-to-date: /home/fastbot/ros2_ws/install/serial_motor_msgs/local/lib/python3.10/dist-packages/serial_motor_msgs/serial_motor_msgs_s__rosidl_typesupport_c.cpython-310-aarch64-linux-gnu.so
[2.991s] -- Up-to-date: /home/fastbot/ros2_ws/install/serial_motor_msgs/lib/libserial_motor_msgs__rosidl_generator_py.so
[2.993s] -- Up-to-date: /home/fastbot/ros2_ws/install/serial_motor_msgs/share/serial_motor_msgs/msg/EncoderVals.idl
[2.995s] -- Up-to-date: /home/fastbot/ros2_ws/install/serial_motor_msgs/share/serial_motor_msgs/msg/MotorCommands.idl
[2.999s] -- Up-to-date: /home/fastbot/ros2_ws/install/serial_motor_msgs/share/serial_motor_msgs/msg/MotorVels.idl
[3.001s] -- Up-to-date: /home/fastbot/ros2_ws/install/serial_motor_msgs/share/serial_motor_msgs/msg/EncoderVals.msg
[3.002s] -- Up-to-date: /home/fastbot/ros2_ws/install/serial_motor_msgs/share/serial_motor_msgs/msg/MotorCommands.msg
[3.003s] -- Up-to-date: /home/fastbot/ros2_ws/install/serial_motor_msgs/share/serial_motor_msgs/msg/MotorVels.msg
[3.007s] -- Up-to-date: /home/fastbot/ros2_ws/install/serial_motor_msgs/share/ament_index/resource_index/package_run_dependencies/serial_motor_msgs
[3.007s] -- Up-to-date: /home/fastbot/ros2_ws/install/serial_motor_msgs/share/ament_index/resource_index/parent_prefix_path/serial_motor_msgs
[3.008s] -- Up-to-date: /home/fastbot/ros2_ws/install/serial_motor_msgs/share/serial_motor_msgs/environment/ament_prefix_path.sh
[3.008s] -- Up-to-date: /home/fastbot/ros2_ws/install/serial_motor_msgs/share/serial_motor_msgs/environment/ament_prefix_path.dsv
[3.009s] -- Up-to-date: /home/fastbot/ros2_ws/install/serial_motor_msgs/share/serial_motor_msgs/environment/path.sh
[3.010s] -- Up-to-date: /home/fastbot/ros2_ws/install/serial_motor_msgs/share/serial_motor_msgs/environment/path.dsv
[3.012s] -- Up-to-date: /home/fastbot/ros2_ws/install/serial_motor_msgs/share/serial_motor_msgs/local_setup.bash
[3.013s] -- Up-to-date: /home/fastbot/ros2_ws/install/serial_motor_msgs/share/serial_motor_msgs/local_setup.sh
[3.014s] -- Up-to-date: /home/fastbot/ros2_ws/install/serial_motor_msgs/share/serial_motor_msgs/local_setup.zsh
[3.015s] -- Up-to-date: /home/fastbot/ros2_ws/install/serial_motor_msgs/share/serial_motor_msgs/local_setup.dsv
[3.016s] -- Installing: /home/fastbot/ros2_ws/install/serial_motor_msgs/share/serial_motor_msgs/package.dsv
[3.017s] -- Up-to-date: /home/fastbot/ros2_ws/install/serial_motor_msgs/share/ament_index/resource_index/packages/serial_motor_msgs
[3.018s] -- Up-to-date: /home/fastbot/ros2_ws/install/serial_motor_msgs/share/serial_motor_msgs/cmake/export_serial_motor_msgs__rosidl_generator_cExport.cmake
[3.019s] -- Up-to-date: /home/fastbot/ros2_ws/install/serial_motor_msgs/share/serial_motor_msgs/cmake/export_serial_motor_msgs__rosidl_generator_cExport-noconfig.cmake
[3.020s] -- Up-to-date: /home/fastbot/ros2_ws/install/serial_motor_msgs/share/serial_motor_msgs/cmake/export_serial_motor_msgs__rosidl_typesupport_fastrtps_cExport.cmake
[3.021s] -- Up-to-date: /home/fastbot/ros2_ws/install/serial_motor_msgs/share/serial_motor_msgs/cmake/export_serial_motor_msgs__rosidl_typesupport_fastrtps_cExport-noconfig.cmake
[3.023s] -- Up-to-date: /home/fastbot/ros2_ws/install/serial_motor_msgs/share/serial_motor_msgs/cmake/serial_motor_msgs__rosidl_typesupport_introspection_cExport.cmake
[3.024s] -- Up-to-date: /home/fastbot/ros2_ws/install/serial_motor_msgs/share/serial_motor_msgs/cmake/serial_motor_msgs__rosidl_typesupport_introspection_cExport-noconfig.cmake
[3.024s] -- Up-to-date: /home/fastbot/ros2_ws/install/serial_motor_msgs/share/serial_motor_msgs/cmake/serial_motor_msgs__rosidl_typesupport_cExport.cmake
[3.025s] -- Up-to-date: /home/fastbot/ros2_ws/install/serial_motor_msgs/share/serial_motor_msgs/cmake/serial_motor_msgs__rosidl_typesupport_cExport-noconfig.cmake
[3.025s] -- Up-to-date: /home/fastbot/ros2_ws/install/serial_motor_msgs/share/serial_motor_msgs/cmake/export_serial_motor_msgs__rosidl_generator_cppExport.cmake
[3.026s] -- Up-to-date: /home/fastbot/ros2_ws/install/serial_motor_msgs/share/serial_motor_msgs/cmake/export_serial_motor_msgs__rosidl_typesupport_fastrtps_cppExport.cmake
[3.029s] -- Up-to-date: /home/fastbot/ros2_ws/install/serial_motor_msgs/share/serial_motor_msgs/cmake/export_serial_motor_msgs__rosidl_typesupport_fastrtps_cppExport-noconfig.cmake
[3.030s] -- Up-to-date: /home/fastbot/ros2_ws/install/serial_motor_msgs/share/serial_motor_msgs/cmake/serial_motor_msgs__rosidl_typesupport_introspection_cppExport.cmake
[3.031s] -- Up-to-date: /home/fastbot/ros2_ws/install/serial_motor_msgs/share/serial_motor_msgs/cmake/serial_motor_msgs__rosidl_typesupport_introspection_cppExport-noconfig.cmake
[3.031s] -- Up-to-date: /home/fastbot/ros2_ws/install/serial_motor_msgs/share/serial_motor_msgs/cmake/serial_motor_msgs__rosidl_typesupport_cppExport.cmake
[3.032s] -- Up-to-date: /home/fastbot/ros2_ws/install/serial_motor_msgs/share/serial_motor_msgs/cmake/serial_motor_msgs__rosidl_typesupport_cppExport-noconfig.cmake
[3.032s] -- Up-to-date: /home/fastbot/ros2_ws/install/serial_motor_msgs/share/serial_motor_msgs/cmake/export_serial_motor_msgs__rosidl_generator_pyExport.cmake
[3.033s] -- Up-to-date: /home/fastbot/ros2_ws/install/serial_motor_msgs/share/serial_motor_msgs/cmake/export_serial_motor_msgs__rosidl_generator_pyExport-noconfig.cmake
[3.033s] -- Up-to-date: /home/fastbot/ros2_ws/install/serial_motor_msgs/share/serial_motor_msgs/cmake/rosidl_cmake-extras.cmake
[3.034s] -- Up-to-date: /home/fastbot/ros2_ws/install/serial_motor_msgs/share/serial_motor_msgs/cmake/ament_cmake_export_include_directories-extras.cmake
[3.034s] -- Up-to-date: /home/fastbot/ros2_ws/install/serial_motor_msgs/share/serial_motor_msgs/cmake/ament_cmake_export_libraries-extras.cmake
[3.035s] -- Up-to-date: /home/fastbot/ros2_ws/install/serial_motor_msgs/share/serial_motor_msgs/cmake/ament_cmake_export_targets-extras.cmake
[3.035s] -- Up-to-date: /home/fastbot/ros2_ws/install/serial_motor_msgs/share/serial_motor_msgs/cmake/rosidl_cmake_export_typesupport_targets-extras.cmake
[3.036s] -- Up-to-date: /home/fastbot/ros2_ws/install/serial_motor_msgs/share/serial_motor_msgs/cmake/ament_cmake_export_dependencies-extras.cmake
[3.036s] -- Up-to-date: /home/fastbot/ros2_ws/install/serial_motor_msgs/share/serial_motor_msgs/cmake/rosidl_cmake_export_typesupport_libraries-extras.cmake
[3.036s] -- Up-to-date: /home/fastbot/ros2_ws/install/serial_motor_msgs/share/serial_motor_msgs/cmake/serial_motor_msgsConfig.cmake
[3.037s] -- Up-to-date: /home/fastbot/ros2_ws/install/serial_motor_msgs/share/serial_motor_msgs/cmake/serial_motor_msgsConfig-version.cmake
[3.037s] -- Up-to-date: /home/fastbot/ros2_ws/install/serial_motor_msgs/share/serial_motor_msgs/package.xml
[3.064s] Invoked command in '/home/fastbot/ros2_ws/build/serial_motor_msgs' returned '0': CMAKE_PREFIX_PATH=${CMAKE_PREFIX_PATH}:/home/fastbot/ros2_ws/install/serial_motor:/opt/ros/humble /usr/bin/cmake --install /home/fastbot/ros2_ws/build/serial_motor_msgs
