[0.115s] Invoking command in '/home/fastbot/ros2_ws/real/build/serial_motor_msgs': CMAKE_PREFIX_PATH=${CMAKE_PREFIX_PATH}:/home/fastbot/ros2_ws/install/serial_motor:/home/fastbot/ros2_ws/install/serial_motor_msgs:/home/fastbot/ros2_ws/install/lslidar_msgs:/home/fastbot/ros2_ws/install/fastbot_description:/home/fastbot/ros2_ws/install/fastbot_bringup:/opt/ros/humble /usr/bin/cmake --build /home/fastbot/ros2_ws/real/build/serial_motor_msgs -- -j4 -l4
[0.617s] [0mCMake Error: The current CMakeCache.txt directory /home/fastbot/ros2_ws/real/build/serial_motor_msgs/CMakeCache.txt is different than the directory /home/fastbot/ros2_ws/build/serial_motor_msgs where CMakeCache.txt was created. This may result in binaries being created in the wrong place. If you are not sure, reedit the CMakeCache.txt[0m
[0.862s] -- Found ament_cmake: 1.3.11 (/opt/ros/humble/share/ament_cmake/cmake)
[2.053s] -- Found rosidl_default_generators: 1.2.0 (/opt/ros/humble/share/rosidl_default_generators/cmake)
[2.077s] -- Using all available rosidl_typesupport_c: rosidl_typesupport_fastrtps_c;rosidl_typesupport_introspection_c
[2.104s] -- Found rosidl_adapter: 3.1.6 (/opt/ros/humble/share/rosidl_adapter/cmake)
[2.415s] -- Using all available rosidl_typesupport_cpp: rosidl_typesupport_fastrtps_cpp;rosidl_typesupport_introspection_cpp
[2.645s] -- Found std_msgs: 4.8.0 (/opt/ros/humble/share/std_msgs/cmake)
[4.317s] -- Found ament_cmake_ros: 0.10.0 (/opt/ros/humble/share/ament_cmake_ros/cmake)
[5.436s] -- Using all available rosidl_typesupport_c: rosidl_typesupport_fastrtps_c;rosidl_typesupport_introspection_c
[6.809s] -- Using all available rosidl_typesupport_cpp: rosidl_typesupport_fastrtps_cpp;rosidl_typesupport_introspection_cpp
[6.944s] -- Found python_cmake_module: 0.10.0 (/opt/ros/humble/share/python_cmake_module/cmake)
[7.088s] -- Using PYTHON_EXECUTABLE: /usr/bin/python3
[7.090s] -- Using PYTHON_INCLUDE_DIRS: /usr/include/python3.10
[7.092s] -- Using PYTHON_LIBRARIES: /usr/lib/aarch64-linux-gnu/libpython3.10.so
[7.202s] -- Configuring done
[7.438s] -- Generating done
[7.509s] -- Build files have been written to: /home/fastbot/ros2_ws/build/serial_motor_msgs
[7.644s] [35m[1mConsolidate compiler generated dependencies of target serial_motor_msgs__rosidl_generator_c[0m
[7.679s] [  2%] Built target serial_motor_msgs__cpp
[7.751s] [  2%] Built target ament_cmake_python_copy_serial_motor_msgs
[7.754s] [35m[1mConsolidate compiler generated dependencies of target serial_motor_msgs__rosidl_typesupport_cpp[0m
[7.789s] [35m[1mConsolidate compiler generated dependencies of target serial_motor_msgs__rosidl_typesupport_fastrtps_cpp[0m
[7.810s] [35m[1mConsolidate compiler generated dependencies of target serial_motor_msgs__rosidl_typesupport_introspection_cpp[0m
[7.989s] [  4%] [32mBuilding C object CMakeFiles/serial_motor_msgs__rosidl_generator_c.dir/rosidl_generator_c/serial_motor_msgs/msg/detail/encoder_vals__functions.c.o[0m
[8.054s] [  6%] [32mBuilding CXX object CMakeFiles/serial_motor_msgs__rosidl_typesupport_cpp.dir/rosidl_typesupport_cpp/serial_motor_msgs/msg/encoder_vals__type_support.cpp.o[0m
[8.055s] [ 10%] [32mBuilding CXX object CMakeFiles/serial_motor_msgs__rosidl_typesupport_introspection_cpp.dir/rosidl_typesupport_introspection_cpp/serial_motor_msgs/msg/detail/encoder_vals__type_support.cpp.o[0m
[8.056s] [  8%] [32mBuilding CXX object CMakeFiles/serial_motor_msgs__rosidl_typesupport_fastrtps_cpp.dir/rosidl_typesupport_fastrtps_cpp/serial_motor_msgs/msg/detail/dds_fastrtps/encoder_vals__type_support.cpp.o[0m
[9.892s] [ 12%] [32mBuilding C object CMakeFiles/serial_motor_msgs__rosidl_generator_c.dir/rosidl_generator_c/serial_motor_msgs/msg/detail/motor_commands__functions.c.o[0m
[10.198s] [ 14%] [32mBuilding C object CMakeFiles/serial_motor_msgs__rosidl_generator_c.dir/rosidl_generator_c/serial_motor_msgs/msg/detail/motor_vels__functions.c.o[0m
[10.448s] [ 17%] [32m[1mLinking C shared library libserial_motor_msgs__rosidl_generator_c.so[0m
[11.350s] [ 19%] Built target serial_motor_msgs__rosidl_generator_c
[14.141s] [ 21%] [32mBuilding CXX object CMakeFiles/serial_motor_msgs__rosidl_typesupport_cpp.dir/rosidl_typesupport_cpp/serial_motor_msgs/msg/motor_commands__type_support.cpp.o[0m
[16.098s] [ 23%] [32mBuilding CXX object CMakeFiles/serial_motor_msgs__rosidl_typesupport_fastrtps_cpp.dir/rosidl_typesupport_fastrtps_cpp/serial_motor_msgs/msg/detail/dds_fastrtps/motor_commands__type_support.cpp.o[0m
[16.479s] [ 25%] [32mBuilding CXX object CMakeFiles/serial_motor_msgs__rosidl_typesupport_introspection_cpp.dir/rosidl_typesupport_introspection_cpp/serial_motor_msgs/msg/detail/motor_commands__type_support.cpp.o[0m
[17.137s] running egg_info
[17.154s] writing serial_motor_msgs.egg-info/PKG-INFO
[17.157s] writing dependency_links to serial_motor_msgs.egg-info/dependency_links.txt
[17.164s] writing top-level names to serial_motor_msgs.egg-info/top_level.txt
[17.208s] reading manifest file 'serial_motor_msgs.egg-info/SOURCES.txt'
[17.218s] writing manifest file 'serial_motor_msgs.egg-info/SOURCES.txt'
[17.627s] [ 27%] [32mBuilding CXX object CMakeFiles/serial_motor_msgs__rosidl_typesupport_cpp.dir/rosidl_typesupport_cpp/serial_motor_msgs/msg/motor_vels__type_support.cpp.o[0m
[17.678s] [ 27%] Built target ament_cmake_python_build_serial_motor_msgs_egg
[17.767s] [35m[1mConsolidate compiler generated dependencies of target serial_motor_msgs__rosidl_typesupport_fastrtps_c[0m
[17.996s] [ 29%] [32mBuilding CXX object CMakeFiles/serial_motor_msgs__rosidl_typesupport_fastrtps_c.dir/rosidl_typesupport_fastrtps_c/serial_motor_msgs/msg/detail/encoder_vals__type_support_c.cpp.o[0m
[20.151s] [ 31%] [32m[1mLinking CXX shared library libserial_motor_msgs__rosidl_typesupport_cpp.so[0m
[20.839s] [ 34%] Built target serial_motor_msgs__rosidl_typesupport_cpp
[21.020s] [35m[1mConsolidate compiler generated dependencies of target serial_motor_msgs__rosidl_typesupport_introspection_c[0m
[21.267s] [ 36%] [32mBuilding C object CMakeFiles/serial_motor_msgs__rosidl_typesupport_introspection_c.dir/rosidl_typesupport_introspection_c/serial_motor_msgs/msg/detail/encoder_vals__type_support.c.o[0m
[21.797s] [ 38%] [32mBuilding C object CMakeFiles/serial_motor_msgs__rosidl_typesupport_introspection_c.dir/rosidl_typesupport_introspection_c/serial_motor_msgs/msg/detail/motor_commands__type_support.c.o[0m
[22.413s] [ 40%] [32mBuilding C object CMakeFiles/serial_motor_msgs__rosidl_typesupport_introspection_c.dir/rosidl_typesupport_introspection_c/serial_motor_msgs/msg/detail/motor_vels__type_support.c.o[0m
[23.119s] [ 42%] [32m[1mLinking C shared library libserial_motor_msgs__rosidl_typesupport_introspection_c.so[0m
[23.289s] [ 44%] [32mBuilding CXX object CMakeFiles/serial_motor_msgs__rosidl_typesupport_introspection_cpp.dir/rosidl_typesupport_introspection_cpp/serial_motor_msgs/msg/detail/motor_vels__type_support.cpp.o[0m
[23.592s] [ 46%] [32mBuilding CXX object CMakeFiles/serial_motor_msgs__rosidl_typesupport_fastrtps_c.dir/rosidl_typesupport_fastrtps_c/serial_motor_msgs/msg/detail/motor_commands__type_support_c.cpp.o[0m
[23.610s] [ 48%] Built target serial_motor_msgs__rosidl_typesupport_introspection_c
[23.702s] [ 51%] [32mBuilding CXX object CMakeFiles/serial_motor_msgs__rosidl_typesupport_fastrtps_cpp.dir/rosidl_typesupport_fastrtps_cpp/serial_motor_msgs/msg/detail/dds_fastrtps/motor_vels__type_support.cpp.o[0m
[23.710s] [35m[1mConsolidate compiler generated dependencies of target serial_motor_msgs__rosidl_typesupport_c[0m
[23.881s] [ 53%] [32mBuilding CXX object CMakeFiles/serial_motor_msgs__rosidl_typesupport_c.dir/rosidl_typesupport_c/serial_motor_msgs/msg/encoder_vals__type_support.cpp.o[0m
[24.349s] [ 55%] [32mBuilding CXX object CMakeFiles/serial_motor_msgs__rosidl_typesupport_c.dir/rosidl_typesupport_c/serial_motor_msgs/msg/motor_commands__type_support.cpp.o[0m
[24.922s] [ 57%] [32mBuilding CXX object CMakeFiles/serial_motor_msgs__rosidl_typesupport_c.dir/rosidl_typesupport_c/serial_motor_msgs/msg/motor_vels__type_support.cpp.o[0m
[25.396s] [ 59%] [32m[1mLinking CXX shared library libserial_motor_msgs__rosidl_typesupport_c.so[0m
[25.985s] [ 61%] Built target serial_motor_msgs__rosidl_typesupport_c
[27.306s] [ 63%] [32m[1mLinking CXX shared library libserial_motor_msgs__rosidl_typesupport_fastrtps_cpp.so[0m
[28.088s] [ 65%] Built target serial_motor_msgs__rosidl_typesupport_fastrtps_cpp
[28.390s] [ 68%] [32mBuilding CXX object CMakeFiles/serial_motor_msgs__rosidl_typesupport_fastrtps_c.dir/rosidl_typesupport_fastrtps_c/serial_motor_msgs/msg/detail/motor_vels__type_support_c.cpp.o[0m
[28.463s] [ 70%] [32m[1mLinking CXX shared library libserial_motor_msgs__rosidl_typesupport_introspection_cpp.so[0m
[28.719s] [ 72%] Built target serial_motor_msgs__rosidl_typesupport_introspection_cpp
[30.537s] [ 74%] [32m[1mLinking CXX shared library libserial_motor_msgs__rosidl_typesupport_fastrtps_c.so[0m
[30.972s] [ 76%] Built target serial_motor_msgs__rosidl_typesupport_fastrtps_c
[31.079s] [ 76%] Built target serial_motor_msgs
[31.180s] [ 78%] Built target serial_motor_msgs__py
[31.232s] [35m[1mConsolidate compiler generated dependencies of target serial_motor_msgs__rosidl_generator_py[0m
[31.336s] [ 80%] [32mBuilding C object CMakeFiles/serial_motor_msgs__rosidl_generator_py.dir/rosidl_generator_py/serial_motor_msgs/msg/_encoder_vals_s.c.o[0m
[32.046s] [ 82%] [32mBuilding C object CMakeFiles/serial_motor_msgs__rosidl_generator_py.dir/rosidl_generator_py/serial_motor_msgs/msg/_motor_vels_s.c.o[0m
[32.557s] [ 85%] [32mBuilding C object CMakeFiles/serial_motor_msgs__rosidl_generator_py.dir/rosidl_generator_py/serial_motor_msgs/msg/_motor_commands_s.c.o[0m
[33.070s] [ 87%] [32m[1mLinking C shared library rosidl_generator_py/serial_motor_msgs/libserial_motor_msgs__rosidl_generator_py.so[0m
[33.312s] [ 87%] Built target serial_motor_msgs__rosidl_generator_py
[33.366s] [35m[1mConsolidate compiler generated dependencies of target serial_motor_msgs__rosidl_typesupport_fastrtps_c__pyext[0m
[33.430s] [ 89%] [32mBuilding C object CMakeFiles/serial_motor_msgs__rosidl_typesupport_fastrtps_c__pyext.dir/rosidl_generator_py/serial_motor_msgs/_serial_motor_msgs_s.ep.rosidl_typesupport_fastrtps_c.c.o[0m
[33.972s] [ 91%] [32m[1mLinking C shared library rosidl_generator_py/serial_motor_msgs/serial_motor_msgs_s__rosidl_typesupport_fastrtps_c.cpython-310-aarch64-linux-gnu.so[0m
[34.154s] [ 91%] Built target serial_motor_msgs__rosidl_typesupport_fastrtps_c__pyext
[34.206s] [35m[1mConsolidate compiler generated dependencies of target serial_motor_msgs__rosidl_typesupport_c__pyext[0m
[34.270s] [ 93%] [32mBuilding C object CMakeFiles/serial_motor_msgs__rosidl_typesupport_c__pyext.dir/rosidl_generator_py/serial_motor_msgs/_serial_motor_msgs_s.ep.rosidl_typesupport_c.c.o[0m
[34.760s] [ 95%] [32m[1mLinking C shared library rosidl_generator_py/serial_motor_msgs/serial_motor_msgs_s__rosidl_typesupport_c.cpython-310-aarch64-linux-gnu.so[0m
[34.926s] [ 95%] Built target serial_motor_msgs__rosidl_typesupport_c__pyext
[34.984s] [35m[1mConsolidate compiler generated dependencies of target serial_motor_msgs__rosidl_typesupport_introspection_c__pyext[0m
[35.052s] [ 97%] [32mBuilding C object CMakeFiles/serial_motor_msgs__rosidl_typesupport_introspection_c__pyext.dir/rosidl_generator_py/serial_motor_msgs/_serial_motor_msgs_s.ep.rosidl_typesupport_introspection_c.c.o[0m
[35.542s] [100%] [32m[1mLinking C shared library rosidl_generator_py/serial_motor_msgs/serial_motor_msgs_s__rosidl_typesupport_introspection_c.cpython-310-aarch64-linux-gnu.so[0m
[35.716s] [100%] Built target serial_motor_msgs__rosidl_typesupport_introspection_c__pyext
[35.770s] Invoked command in '/home/fastbot/ros2_ws/real/build/serial_motor_msgs' returned '0': CMAKE_PREFIX_PATH=${CMAKE_PREFIX_PATH}:/home/fastbot/ros2_ws/install/serial_motor:/home/fastbot/ros2_ws/install/serial_motor_msgs:/home/fastbot/ros2_ws/install/lslidar_msgs:/home/fastbot/ros2_ws/install/fastbot_description:/home/fastbot/ros2_ws/install/fastbot_bringup:/opt/ros/humble /usr/bin/cmake --build /home/fastbot/ros2_ws/real/build/serial_motor_msgs -- -j4 -l4
[35.783s] Invoking command in '/home/fastbot/ros2_ws/real/build/serial_motor_msgs': CMAKE_PREFIX_PATH=${CMAKE_PREFIX_PATH}:/home/fastbot/ros2_ws/install/serial_motor:/home/fastbot/ros2_ws/install/serial_motor_msgs:/home/fastbot/ros2_ws/install/lslidar_msgs:/home/fastbot/ros2_ws/install/fastbot_description:/home/fastbot/ros2_ws/install/fastbot_bringup:/opt/ros/humble /usr/bin/cmake --install /home/fastbot/ros2_ws/real/build/serial_motor_msgs
[35.815s] -- Install configuration: ""
[35.817s] -- Up-to-date: /home/fastbot/ros2_ws/install/serial_motor_msgs/share/ament_index/resource_index/rosidl_interfaces/serial_motor_msgs
[35.817s] -- Up-to-date: /home/fastbot/ros2_ws/install/serial_motor_msgs/include/serial_motor_msgs/serial_motor_msgs
[35.818s] -- Up-to-date: /home/fastbot/ros2_ws/install/serial_motor_msgs/include/serial_motor_msgs/serial_motor_msgs/msg
[35.819s] -- Up-to-date: /home/fastbot/ros2_ws/install/serial_motor_msgs/include/serial_motor_msgs/serial_motor_msgs/msg/encoder_vals.h
[35.819s] -- Up-to-date: /home/fastbot/ros2_ws/install/serial_motor_msgs/include/serial_motor_msgs/serial_motor_msgs/msg/motor_commands.h
[35.820s] -- Up-to-date: /home/fastbot/ros2_ws/install/serial_motor_msgs/include/serial_motor_msgs/serial_motor_msgs/msg/motor_vels.h
[35.820s] -- Up-to-date: /home/fastbot/ros2_ws/install/serial_motor_msgs/include/serial_motor_msgs/serial_motor_msgs/msg/rosidl_generator_c__visibility_control.h
[35.821s] -- Up-to-date: /home/fastbot/ros2_ws/install/serial_motor_msgs/include/serial_motor_msgs/serial_motor_msgs/msg/detail
[35.822s] -- Up-to-date: /home/fastbot/ros2_ws/install/serial_motor_msgs/include/serial_motor_msgs/serial_motor_msgs/msg/detail/motor_vels__functions.h
[35.823s] -- Up-to-date: /home/fastbot/ros2_ws/install/serial_motor_msgs/include/serial_motor_msgs/serial_motor_msgs/msg/detail/motor_commands__functions.c
[35.824s] -- Up-to-date: /home/fastbot/ros2_ws/install/serial_motor_msgs/include/serial_motor_msgs/serial_motor_msgs/msg/detail/motor_vels__functions.c
[35.825s] -- Up-to-date: /home/fastbot/ros2_ws/install/serial_motor_msgs/include/serial_motor_msgs/serial_motor_msgs/msg/detail/encoder_vals__struct.h
[35.825s] -- Up-to-date: /home/fastbot/ros2_ws/install/serial_motor_msgs/include/serial_motor_msgs/serial_motor_msgs/msg/detail/encoder_vals__functions.c
[35.826s] -- Up-to-date: /home/fastbot/ros2_ws/install/serial_motor_msgs/include/serial_motor_msgs/serial_motor_msgs/msg/detail/motor_vels__struct.h
[35.826s] -- Up-to-date: /home/fastbot/ros2_ws/install/serial_motor_msgs/include/serial_motor_msgs/serial_motor_msgs/msg/detail/motor_commands__type_support.h
[35.827s] -- Up-to-date: /home/fastbot/ros2_ws/install/serial_motor_msgs/include/serial_motor_msgs/serial_motor_msgs/msg/detail/encoder_vals__functions.h
[35.829s] -- Up-to-date: /home/fastbot/ros2_ws/install/serial_motor_msgs/include/serial_motor_msgs/serial_motor_msgs/msg/detail/motor_commands__functions.h
[35.829s] -- Up-to-date: /home/fastbot/ros2_ws/install/serial_motor_msgs/include/serial_motor_msgs/serial_motor_msgs/msg/detail/motor_commands__struct.h
[35.830s] -- Up-to-date: /home/fastbot/ros2_ws/install/serial_motor_msgs/include/serial_motor_msgs/serial_motor_msgs/msg/detail/encoder_vals__type_support.h
[35.838s] -- Up-to-date: /home/fastbot/ros2_ws/install/serial_motor_msgs/include/serial_motor_msgs/serial_motor_msgs/msg/detail/motor_vels__type_support.h
[35.838s] -- Up-to-date: /home/fastbot/ros2_ws/install/serial_motor_msgs/share/serial_motor_msgs/environment/library_path.sh
[35.839s] -- Installing: /home/fastbot/ros2_ws/install/serial_motor_msgs/share/serial_motor_msgs/environment/library_path.dsv
[35.840s] -- Up-to-date: /home/fastbot/ros2_ws/install/serial_motor_msgs/lib/libserial_motor_msgs__rosidl_generator_c.so
[35.840s] -- Up-to-date: /home/fastbot/ros2_ws/install/serial_motor_msgs/include/serial_motor_msgs/serial_motor_msgs
[35.841s] -- Up-to-date: /home/fastbot/ros2_ws/install/serial_motor_msgs/include/serial_motor_msgs/serial_motor_msgs/msg
[35.841s] -- Up-to-date: /home/fastbot/ros2_ws/install/serial_motor_msgs/include/serial_motor_msgs/serial_motor_msgs/msg/rosidl_typesupport_fastrtps_c__visibility_control.h
[35.842s] -- Up-to-date: /home/fastbot/ros2_ws/install/serial_motor_msgs/include/serial_motor_msgs/serial_motor_msgs/msg/detail
[35.842s] -- Up-to-date: /home/fastbot/ros2_ws/install/serial_motor_msgs/include/serial_motor_msgs/serial_motor_msgs/msg/detail/encoder_vals__rosidl_typesupport_fastrtps_c.h
[35.843s] -- Up-to-date: /home/fastbot/ros2_ws/install/serial_motor_msgs/include/serial_motor_msgs/serial_motor_msgs/msg/detail/motor_vels__rosidl_typesupport_fastrtps_c.h
[35.843s] -- Up-to-date: /home/fastbot/ros2_ws/install/serial_motor_msgs/include/serial_motor_msgs/serial_motor_msgs/msg/detail/motor_commands__rosidl_typesupport_fastrtps_c.h
[35.844s] -- Up-to-date: /home/fastbot/ros2_ws/install/serial_motor_msgs/lib/libserial_motor_msgs__rosidl_typesupport_fastrtps_c.so
[35.845s] -- Up-to-date: /home/fastbot/ros2_ws/install/serial_motor_msgs/include/serial_motor_msgs/serial_motor_msgs
[35.845s] -- Up-to-date: /home/fastbot/ros2_ws/install/serial_motor_msgs/include/serial_motor_msgs/serial_motor_msgs/msg
[35.846s] -- Up-to-date: /home/fastbot/ros2_ws/install/serial_motor_msgs/include/serial_motor_msgs/serial_motor_msgs/msg/detail
[35.847s] -- Up-to-date: /home/fastbot/ros2_ws/install/serial_motor_msgs/include/serial_motor_msgs/serial_motor_msgs/msg/detail/motor_vels__type_support.c
[35.848s] -- Up-to-date: /home/fastbot/ros2_ws/install/serial_motor_msgs/include/serial_motor_msgs/serial_motor_msgs/msg/detail/encoder_vals__rosidl_typesupport_introspection_c.h
[35.849s] -- Up-to-date: /home/fastbot/ros2_ws/install/serial_motor_msgs/include/serial_motor_msgs/serial_motor_msgs/msg/detail/motor_commands__type_support.c
[35.849s] -- Up-to-date: /home/fastbot/ros2_ws/install/serial_motor_msgs/include/serial_motor_msgs/serial_motor_msgs/msg/detail/encoder_vals__type_support.c
[35.850s] -- Up-to-date: /home/fastbot/ros2_ws/install/serial_motor_msgs/include/serial_motor_msgs/serial_motor_msgs/msg/detail/motor_commands__rosidl_typesupport_introspection_c.h
[35.851s] -- Up-to-date: /home/fastbot/ros2_ws/install/serial_motor_msgs/include/serial_motor_msgs/serial_motor_msgs/msg/detail/motor_vels__rosidl_typesupport_introspection_c.h
[35.852s] -- Up-to-date: /home/fastbot/ros2_ws/install/serial_motor_msgs/include/serial_motor_msgs/serial_motor_msgs/msg/rosidl_typesupport_introspection_c__visibility_control.h
[35.853s] -- Up-to-date: /home/fastbot/ros2_ws/install/serial_motor_msgs/lib/libserial_motor_msgs__rosidl_typesupport_introspection_c.so
[35.853s] -- Up-to-date: /home/fastbot/ros2_ws/install/serial_motor_msgs/lib/libserial_motor_msgs__rosidl_typesupport_c.so
[35.854s] -- Up-to-date: /home/fastbot/ros2_ws/install/serial_motor_msgs/include/serial_motor_msgs/serial_motor_msgs
[35.854s] -- Up-to-date: /home/fastbot/ros2_ws/install/serial_motor_msgs/include/serial_motor_msgs/serial_motor_msgs/msg
[35.855s] -- Up-to-date: /home/fastbot/ros2_ws/install/serial_motor_msgs/include/serial_motor_msgs/serial_motor_msgs/msg/motor_commands.hpp
[35.855s] -- Up-to-date: /home/fastbot/ros2_ws/install/serial_motor_msgs/include/serial_motor_msgs/serial_motor_msgs/msg/encoder_vals.hpp
[35.856s] -- Up-to-date: /home/fastbot/ros2_ws/install/serial_motor_msgs/include/serial_motor_msgs/serial_motor_msgs/msg/motor_vels.hpp
[35.857s] -- Up-to-date: /home/fastbot/ros2_ws/install/serial_motor_msgs/include/serial_motor_msgs/serial_motor_msgs/msg/detail
[35.858s] -- Up-to-date: /home/fastbot/ros2_ws/install/serial_motor_msgs/include/serial_motor_msgs/serial_motor_msgs/msg/detail/motor_vels__type_support.hpp
[35.859s] -- Up-to-date: /home/fastbot/ros2_ws/install/serial_motor_msgs/include/serial_motor_msgs/serial_motor_msgs/msg/detail/motor_commands__traits.hpp
[35.860s] -- Up-to-date: /home/fastbot/ros2_ws/install/serial_motor_msgs/include/serial_motor_msgs/serial_motor_msgs/msg/detail/motor_commands__struct.hpp
[35.861s] -- Up-to-date: /home/fastbot/ros2_ws/install/serial_motor_msgs/include/serial_motor_msgs/serial_motor_msgs/msg/detail/motor_vels__traits.hpp
[35.861s] -- Up-to-date: /home/fastbot/ros2_ws/install/serial_motor_msgs/include/serial_motor_msgs/serial_motor_msgs/msg/detail/encoder_vals__struct.hpp
[35.862s] -- Up-to-date: /home/fastbot/ros2_ws/install/serial_motor_msgs/include/serial_motor_msgs/serial_motor_msgs/msg/detail/encoder_vals__traits.hpp
[35.863s] -- Up-to-date: /home/fastbot/ros2_ws/install/serial_motor_msgs/include/serial_motor_msgs/serial_motor_msgs/msg/detail/motor_commands__type_support.hpp
[35.863s] -- Up-to-date: /home/fastbot/ros2_ws/install/serial_motor_msgs/include/serial_motor_msgs/serial_motor_msgs/msg/detail/motor_commands__builder.hpp
[35.864s] -- Up-to-date: /home/fastbot/ros2_ws/install/serial_motor_msgs/include/serial_motor_msgs/serial_motor_msgs/msg/detail/encoder_vals__builder.hpp
[35.865s] -- Up-to-date: /home/fastbot/ros2_ws/install/serial_motor_msgs/include/serial_motor_msgs/serial_motor_msgs/msg/detail/motor_vels__struct.hpp
[35.866s] -- Up-to-date: /home/fastbot/ros2_ws/install/serial_motor_msgs/include/serial_motor_msgs/serial_motor_msgs/msg/detail/motor_vels__builder.hpp
[35.868s] -- Up-to-date: /home/fastbot/ros2_ws/install/serial_motor_msgs/include/serial_motor_msgs/serial_motor_msgs/msg/detail/encoder_vals__type_support.hpp
[35.868s] -- Up-to-date: /home/fastbot/ros2_ws/install/serial_motor_msgs/include/serial_motor_msgs/serial_motor_msgs/msg/rosidl_generator_cpp__visibility_control.hpp
[35.870s] -- Up-to-date: /home/fastbot/ros2_ws/install/serial_motor_msgs/include/serial_motor_msgs/serial_motor_msgs
[35.870s] -- Up-to-date: /home/fastbot/ros2_ws/install/serial_motor_msgs/include/serial_motor_msgs/serial_motor_msgs/msg
[35.871s] -- Up-to-date: /home/fastbot/ros2_ws/install/serial_motor_msgs/include/serial_motor_msgs/serial_motor_msgs/msg/rosidl_typesupport_fastrtps_cpp__visibility_control.h
[35.871s] -- Up-to-date: /home/fastbot/ros2_ws/install/serial_motor_msgs/include/serial_motor_msgs/serial_motor_msgs/msg/detail
[35.872s] -- Up-to-date: /home/fastbot/ros2_ws/install/serial_motor_msgs/include/serial_motor_msgs/serial_motor_msgs/msg/detail/dds_fastrtps
[35.873s] -- Up-to-date: /home/fastbot/ros2_ws/install/serial_motor_msgs/include/serial_motor_msgs/serial_motor_msgs/msg/detail/encoder_vals__rosidl_typesupport_fastrtps_cpp.hpp
[35.876s] -- Up-to-date: /home/fastbot/ros2_ws/install/serial_motor_msgs/include/serial_motor_msgs/serial_motor_msgs/msg/detail/motor_commands__rosidl_typesupport_fastrtps_cpp.hpp
[35.877s] -- Up-to-date: /home/fastbot/ros2_ws/install/serial_motor_msgs/include/serial_motor_msgs/serial_motor_msgs/msg/detail/motor_vels__rosidl_typesupport_fastrtps_cpp.hpp
[35.879s] -- Up-to-date: /home/fastbot/ros2_ws/install/serial_motor_msgs/lib/libserial_motor_msgs__rosidl_typesupport_fastrtps_cpp.so
[35.880s] -- Up-to-date: /home/fastbot/ros2_ws/install/serial_motor_msgs/include/serial_motor_msgs/serial_motor_msgs
[35.881s] -- Up-to-date: /home/fastbot/ros2_ws/install/serial_motor_msgs/include/serial_motor_msgs/serial_motor_msgs/msg
[35.882s] -- Up-to-date: /home/fastbot/ros2_ws/install/serial_motor_msgs/include/serial_motor_msgs/serial_motor_msgs/msg/detail
[35.883s] -- Up-to-date: /home/fastbot/ros2_ws/install/serial_motor_msgs/include/serial_motor_msgs/serial_motor_msgs/msg/detail/encoder_vals__type_support.cpp
[35.884s] -- Up-to-date: /home/fastbot/ros2_ws/install/serial_motor_msgs/include/serial_motor_msgs/serial_motor_msgs/msg/detail/motor_commands__type_support.cpp
[35.884s] -- Up-to-date: /home/fastbot/ros2_ws/install/serial_motor_msgs/include/serial_motor_msgs/serial_motor_msgs/msg/detail/motor_vels__type_support.cpp
[35.885s] -- Up-to-date: /home/fastbot/ros2_ws/install/serial_motor_msgs/include/serial_motor_msgs/serial_motor_msgs/msg/detail/encoder_vals__rosidl_typesupport_introspection_cpp.hpp
[35.885s] -- Up-to-date: /home/fastbot/ros2_ws/install/serial_motor_msgs/include/serial_motor_msgs/serial_motor_msgs/msg/detail/motor_vels__rosidl_typesupport_introspection_cpp.hpp
[35.886s] -- Up-to-date: /home/fastbot/ros2_ws/install/serial_motor_msgs/include/serial_motor_msgs/serial_motor_msgs/msg/detail/motor_commands__rosidl_typesupport_introspection_cpp.hpp
[35.886s] -- Up-to-date: /home/fastbot/ros2_ws/install/serial_motor_msgs/lib/libserial_motor_msgs__rosidl_typesupport_introspection_cpp.so
[35.886s] -- Up-to-date: /home/fastbot/ros2_ws/install/serial_motor_msgs/lib/libserial_motor_msgs__rosidl_typesupport_cpp.so
[35.887s] -- Up-to-date: /home/fastbot/ros2_ws/install/serial_motor_msgs/share/serial_motor_msgs/environment/pythonpath.sh
[35.887s] -- Installing: /home/fastbot/ros2_ws/install/serial_motor_msgs/share/serial_motor_msgs/environment/pythonpath.dsv
[35.888s] -- Up-to-date: /home/fastbot/ros2_ws/install/serial_motor_msgs/local/lib/python3.10/dist-packages/serial_motor_msgs-0.0.0-py3.10.egg-info
[35.888s] -- Installing: /home/fastbot/ros2_ws/install/serial_motor_msgs/local/lib/python3.10/dist-packages/serial_motor_msgs-0.0.0-py3.10.egg-info/PKG-INFO
[35.888s] -- Installing: /home/fastbot/ros2_ws/install/serial_motor_msgs/local/lib/python3.10/dist-packages/serial_motor_msgs-0.0.0-py3.10.egg-info/top_level.txt
[35.888s] -- Installing: /home/fastbot/ros2_ws/install/serial_motor_msgs/local/lib/python3.10/dist-packages/serial_motor_msgs-0.0.0-py3.10.egg-info/SOURCES.txt
[35.889s] -- Installing: /home/fastbot/ros2_ws/install/serial_motor_msgs/local/lib/python3.10/dist-packages/serial_motor_msgs-0.0.0-py3.10.egg-info/dependency_links.txt
[35.889s] -- Up-to-date: /home/fastbot/ros2_ws/install/serial_motor_msgs/local/lib/python3.10/dist-packages/serial_motor_msgs
[35.889s] -- Installing: /home/fastbot/ros2_ws/install/serial_motor_msgs/local/lib/python3.10/dist-packages/serial_motor_msgs/__init__.py
[35.890s] -- Up-to-date: /home/fastbot/ros2_ws/install/serial_motor_msgs/local/lib/python3.10/dist-packages/serial_motor_msgs/_serial_motor_msgs_s.ep.rosidl_typesupport_fastrtps_c.c
[35.890s] -- Up-to-date: /home/fastbot/ros2_ws/install/serial_motor_msgs/local/lib/python3.10/dist-packages/serial_motor_msgs/serial_motor_msgs_s__rosidl_typesupport_c.cpython-310-aarch64-linux-gnu.so
[35.891s] -- Up-to-date: /home/fastbot/ros2_ws/install/serial_motor_msgs/local/lib/python3.10/dist-packages/serial_motor_msgs/serial_motor_msgs_s__rosidl_typesupport_fastrtps_c.cpython-310-aarch64-linux-gnu.so
[35.891s] -- Up-to-date: /home/fastbot/ros2_ws/install/serial_motor_msgs/local/lib/python3.10/dist-packages/serial_motor_msgs/serial_motor_msgs_s__rosidl_typesupport_introspection_c.cpython-310-aarch64-linux-gnu.so
[35.892s] -- Up-to-date: /home/fastbot/ros2_ws/install/serial_motor_msgs/local/lib/python3.10/dist-packages/serial_motor_msgs/msg
[35.892s] -- Up-to-date: /home/fastbot/ros2_ws/install/serial_motor_msgs/local/lib/python3.10/dist-packages/serial_motor_msgs/msg/_encoder_vals_s.c
[35.893s] -- Up-to-date: /home/fastbot/ros2_ws/install/serial_motor_msgs/local/lib/python3.10/dist-packages/serial_motor_msgs/msg/__init__.py
[35.893s] -- Up-to-date: /home/fastbot/ros2_ws/install/serial_motor_msgs/local/lib/python3.10/dist-packages/serial_motor_msgs/msg/_motor_commands_s.c
[35.894s] -- Up-to-date: /home/fastbot/ros2_ws/install/serial_motor_msgs/local/lib/python3.10/dist-packages/serial_motor_msgs/msg/_motor_vels.py
[35.894s] -- Up-to-date: /home/fastbot/ros2_ws/install/serial_motor_msgs/local/lib/python3.10/dist-packages/serial_motor_msgs/msg/_motor_commands.py
[35.895s] -- Up-to-date: /home/fastbot/ros2_ws/install/serial_motor_msgs/local/lib/python3.10/dist-packages/serial_motor_msgs/msg/_encoder_vals.py
[35.895s] -- Up-to-date: /home/fastbot/ros2_ws/install/serial_motor_msgs/local/lib/python3.10/dist-packages/serial_motor_msgs/msg/_motor_vels_s.c
[35.896s] -- Up-to-date: /home/fastbot/ros2_ws/install/serial_motor_msgs/local/lib/python3.10/dist-packages/serial_motor_msgs/_serial_motor_msgs_s.ep.rosidl_typesupport_introspection_c.c
[35.897s] -- Up-to-date: /home/fastbot/ros2_ws/install/serial_motor_msgs/local/lib/python3.10/dist-packages/serial_motor_msgs/_serial_motor_msgs_s.ep.rosidl_typesupport_c.c
[35.899s] -- Up-to-date: /home/fastbot/ros2_ws/install/serial_motor_msgs/local/lib/python3.10/dist-packages/serial_motor_msgs/libserial_motor_msgs__rosidl_generator_py.so
[36.072s] Listing '/home/fastbot/ros2_ws/install/serial_motor_msgs/local/lib/python3.10/dist-packages/serial_motor_msgs'...
[36.074s] Compiling '/home/fastbot/ros2_ws/install/serial_motor_msgs/local/lib/python3.10/dist-packages/serial_motor_msgs/__init__.py'...
[36.076s] Listing '/home/fastbot/ros2_ws/install/serial_motor_msgs/local/lib/python3.10/dist-packages/serial_motor_msgs/msg'...
[36.105s] -- Up-to-date: /home/fastbot/ros2_ws/install/serial_motor_msgs/local/lib/python3.10/dist-packages/serial_motor_msgs/serial_motor_msgs_s__rosidl_typesupport_fastrtps_c.cpython-310-aarch64-linux-gnu.so
[36.108s] -- Up-to-date: /home/fastbot/ros2_ws/install/serial_motor_msgs/local/lib/python3.10/dist-packages/serial_motor_msgs/serial_motor_msgs_s__rosidl_typesupport_introspection_c.cpython-310-aarch64-linux-gnu.so
[36.109s] -- Up-to-date: /home/fastbot/ros2_ws/install/serial_motor_msgs/local/lib/python3.10/dist-packages/serial_motor_msgs/serial_motor_msgs_s__rosidl_typesupport_c.cpython-310-aarch64-linux-gnu.so
[36.111s] -- Up-to-date: /home/fastbot/ros2_ws/install/serial_motor_msgs/lib/libserial_motor_msgs__rosidl_generator_py.so
[36.113s] -- Up-to-date: /home/fastbot/ros2_ws/install/serial_motor_msgs/share/serial_motor_msgs/msg/EncoderVals.idl
[36.113s] -- Up-to-date: /home/fastbot/ros2_ws/install/serial_motor_msgs/share/serial_motor_msgs/msg/MotorCommands.idl
[36.114s] -- Up-to-date: /home/fastbot/ros2_ws/install/serial_motor_msgs/share/serial_motor_msgs/msg/MotorVels.idl
[36.115s] -- Up-to-date: /home/fastbot/ros2_ws/install/serial_motor_msgs/share/serial_motor_msgs/msg/EncoderVals.msg
[36.116s] -- Up-to-date: /home/fastbot/ros2_ws/install/serial_motor_msgs/share/serial_motor_msgs/msg/MotorCommands.msg
[36.117s] -- Up-to-date: /home/fastbot/ros2_ws/install/serial_motor_msgs/share/serial_motor_msgs/msg/MotorVels.msg
[36.117s] -- Up-to-date: /home/fastbot/ros2_ws/install/serial_motor_msgs/share/ament_index/resource_index/package_run_dependencies/serial_motor_msgs
[36.117s] -- Up-to-date: /home/fastbot/ros2_ws/install/serial_motor_msgs/share/ament_index/resource_index/parent_prefix_path/serial_motor_msgs
[36.119s] -- Up-to-date: /home/fastbot/ros2_ws/install/serial_motor_msgs/share/serial_motor_msgs/environment/ament_prefix_path.sh
[36.119s] -- Installing: /home/fastbot/ros2_ws/install/serial_motor_msgs/share/serial_motor_msgs/environment/ament_prefix_path.dsv
[36.120s] -- Up-to-date: /home/fastbot/ros2_ws/install/serial_motor_msgs/share/serial_motor_msgs/environment/path.sh
[36.120s] -- Installing: /home/fastbot/ros2_ws/install/serial_motor_msgs/share/serial_motor_msgs/environment/path.dsv
[36.122s] -- Up-to-date: /home/fastbot/ros2_ws/install/serial_motor_msgs/share/serial_motor_msgs/local_setup.bash
[36.122s] -- Up-to-date: /home/fastbot/ros2_ws/install/serial_motor_msgs/share/serial_motor_msgs/local_setup.sh
[36.123s] -- Up-to-date: /home/fastbot/ros2_ws/install/serial_motor_msgs/share/serial_motor_msgs/local_setup.zsh
[36.123s] -- Installing: /home/fastbot/ros2_ws/install/serial_motor_msgs/share/serial_motor_msgs/local_setup.dsv
[36.124s] -- Installing: /home/fastbot/ros2_ws/install/serial_motor_msgs/share/serial_motor_msgs/package.dsv
[36.124s] -- Up-to-date: /home/fastbot/ros2_ws/install/serial_motor_msgs/share/ament_index/resource_index/packages/serial_motor_msgs
[36.126s] -- Up-to-date: /home/fastbot/ros2_ws/install/serial_motor_msgs/share/serial_motor_msgs/cmake/export_serial_motor_msgs__rosidl_generator_cExport.cmake
[36.127s] -- Up-to-date: /home/fastbot/ros2_ws/install/serial_motor_msgs/share/serial_motor_msgs/cmake/export_serial_motor_msgs__rosidl_generator_cExport-noconfig.cmake
[36.127s] -- Up-to-date: /home/fastbot/ros2_ws/install/serial_motor_msgs/share/serial_motor_msgs/cmake/export_serial_motor_msgs__rosidl_typesupport_fastrtps_cExport.cmake
[36.129s] -- Up-to-date: /home/fastbot/ros2_ws/install/serial_motor_msgs/share/serial_motor_msgs/cmake/export_serial_motor_msgs__rosidl_typesupport_fastrtps_cExport-noconfig.cmake
[36.130s] -- Up-to-date: /home/fastbot/ros2_ws/install/serial_motor_msgs/share/serial_motor_msgs/cmake/serial_motor_msgs__rosidl_typesupport_introspection_cExport.cmake
[36.133s] -- Up-to-date: /home/fastbot/ros2_ws/install/serial_motor_msgs/share/serial_motor_msgs/cmake/serial_motor_msgs__rosidl_typesupport_introspection_cExport-noconfig.cmake
[36.133s] -- Up-to-date: /home/fastbot/ros2_ws/install/serial_motor_msgs/share/serial_motor_msgs/cmake/serial_motor_msgs__rosidl_typesupport_cExport.cmake
[36.134s] -- Up-to-date: /home/fastbot/ros2_ws/install/serial_motor_msgs/share/serial_motor_msgs/cmake/serial_motor_msgs__rosidl_typesupport_cExport-noconfig.cmake
[36.135s] -- Up-to-date: /home/fastbot/ros2_ws/install/serial_motor_msgs/share/serial_motor_msgs/cmake/export_serial_motor_msgs__rosidl_generator_cppExport.cmake
[36.135s] -- Up-to-date: /home/fastbot/ros2_ws/install/serial_motor_msgs/share/serial_motor_msgs/cmake/export_serial_motor_msgs__rosidl_typesupport_fastrtps_cppExport.cmake
[36.136s] -- Up-to-date: /home/fastbot/ros2_ws/install/serial_motor_msgs/share/serial_motor_msgs/cmake/export_serial_motor_msgs__rosidl_typesupport_fastrtps_cppExport-noconfig.cmake
[36.137s] -- Up-to-date: /home/fastbot/ros2_ws/install/serial_motor_msgs/share/serial_motor_msgs/cmake/serial_motor_msgs__rosidl_typesupport_introspection_cppExport.cmake
[36.137s] -- Up-to-date: /home/fastbot/ros2_ws/install/serial_motor_msgs/share/serial_motor_msgs/cmake/serial_motor_msgs__rosidl_typesupport_introspection_cppExport-noconfig.cmake
[36.138s] -- Up-to-date: /home/fastbot/ros2_ws/install/serial_motor_msgs/share/serial_motor_msgs/cmake/serial_motor_msgs__rosidl_typesupport_cppExport.cmake
[36.139s] -- Up-to-date: /home/fastbot/ros2_ws/install/serial_motor_msgs/share/serial_motor_msgs/cmake/serial_motor_msgs__rosidl_typesupport_cppExport-noconfig.cmake
[36.139s] -- Up-to-date: /home/fastbot/ros2_ws/install/serial_motor_msgs/share/serial_motor_msgs/cmake/export_serial_motor_msgs__rosidl_generator_pyExport.cmake
[36.140s] -- Up-to-date: /home/fastbot/ros2_ws/install/serial_motor_msgs/share/serial_motor_msgs/cmake/export_serial_motor_msgs__rosidl_generator_pyExport-noconfig.cmake
[36.140s] -- Up-to-date: /home/fastbot/ros2_ws/install/serial_motor_msgs/share/serial_motor_msgs/cmake/rosidl_cmake-extras.cmake
[36.141s] -- Up-to-date: /home/fastbot/ros2_ws/install/serial_motor_msgs/share/serial_motor_msgs/cmake/ament_cmake_export_include_directories-extras.cmake
[36.141s] -- Up-to-date: /home/fastbot/ros2_ws/install/serial_motor_msgs/share/serial_motor_msgs/cmake/ament_cmake_export_libraries-extras.cmake
[36.142s] -- Up-to-date: /home/fastbot/ros2_ws/install/serial_motor_msgs/share/serial_motor_msgs/cmake/ament_cmake_export_targets-extras.cmake
[36.142s] -- Up-to-date: /home/fastbot/ros2_ws/install/serial_motor_msgs/share/serial_motor_msgs/cmake/rosidl_cmake_export_typesupport_targets-extras.cmake
[36.143s] -- Up-to-date: /home/fastbot/ros2_ws/install/serial_motor_msgs/share/serial_motor_msgs/cmake/ament_cmake_export_dependencies-extras.cmake
[36.143s] -- Up-to-date: /home/fastbot/ros2_ws/install/serial_motor_msgs/share/serial_motor_msgs/cmake/rosidl_cmake_export_typesupport_libraries-extras.cmake
[36.144s] -- Up-to-date: /home/fastbot/ros2_ws/install/serial_motor_msgs/share/serial_motor_msgs/cmake/serial_motor_msgsConfig.cmake
[36.144s] -- Up-to-date: /home/fastbot/ros2_ws/install/serial_motor_msgs/share/serial_motor_msgs/cmake/serial_motor_msgsConfig-version.cmake
[36.144s] -- Up-to-date: /home/fastbot/ros2_ws/install/serial_motor_msgs/share/serial_motor_msgs/package.xml
[36.153s] Invoked command in '/home/fastbot/ros2_ws/real/build/serial_motor_msgs' returned '0': CMAKE_PREFIX_PATH=${CMAKE_PREFIX_PATH}:/home/fastbot/ros2_ws/install/serial_motor:/home/fastbot/ros2_ws/install/serial_motor_msgs:/home/fastbot/ros2_ws/install/lslidar_msgs:/home/fastbot/ros2_ws/install/fastbot_description:/home/fastbot/ros2_ws/install/fastbot_bringup:/opt/ros/humble /usr/bin/cmake --install /home/fastbot/ros2_ws/real/build/serial_motor_msgs
