[0.114s] Invoking command in '/home/fastbot/ros2_ws/build/lslidar_msgs': CMAKE_PREFIX_PATH=${CMAKE_PREFIX_PATH}:/home/fastbot/ros2_ws/install/serial_motor:/opt/ros/humble /usr/bin/cmake --build /home/fastbot/ros2_ws/build/lslidar_msgs -- -j4 -l4
[0.442s] [  1%] Built target lslidar_msgs__cpp
[0.487s] [ 12%] Built target lslidar_msgs__rosidl_generator_c
[0.691s] [ 12%] Built target ament_cmake_python_copy_lslidar_msgs
[0.692s] [ 34%] Built target lslidar_msgs__rosidl_typesupport_cpp
[0.696s] [ 34%] Built target lslidar_msgs__rosidl_typesupport_fastrtps_cpp
[0.837s] [ 46%] Built target lslidar_msgs__rosidl_typesupport_introspection_cpp
[0.966s] [ 57%] Built target lslidar_msgs__rosidl_typesupport_c
[0.986s] [ 68%] Built target lslidar_msgs__rosidl_typesupport_fastrtps_c
[1.001s] [ 79%] Built target lslidar_msgs__rosidl_typesupport_introspection_c
[1.111s] [ 79%] Built target lslidar_msgs
[1.227s] [ 80%] Built target lslidar_msgs__py
[1.367s] [ 90%] Built target lslidar_msgs__rosidl_generator_py
[1.589s] [ 93%] Built target lslidar_msgs__rosidl_typesupport_c__pyext
[1.594s] [ 96%] Built target lslidar_msgs__rosidl_typesupport_fastrtps_c__pyext
[1.611s] [100%] Built target lslidar_msgs__rosidl_typesupport_introspection_c__pyext
[2.368s] running egg_info
[2.372s] writing lslidar_msgs.egg-info/PKG-INFO
[2.373s] writing dependency_links to lslidar_msgs.egg-info/dependency_links.txt
[2.374s] writing top-level names to lslidar_msgs.egg-info/top_level.txt
[2.385s] reading manifest file 'lslidar_msgs.egg-info/SOURCES.txt'
[2.388s] writing manifest file 'lslidar_msgs.egg-info/SOURCES.txt'
[2.570s] [100%] Built target ament_cmake_python_build_lslidar_msgs_egg
[2.617s] Invoked command in '/home/fastbot/ros2_ws/build/lslidar_msgs' returned '0': CMAKE_PREFIX_PATH=${CMAKE_PREFIX_PATH}:/home/fastbot/ros2_ws/install/serial_motor:/opt/ros/humble /usr/bin/cmake --build /home/fastbot/ros2_ws/build/lslidar_msgs -- -j4 -l4
[2.626s] Invoking command in '/home/fastbot/ros2_ws/build/lslidar_msgs': CMAKE_PREFIX_PATH=${CMAKE_PREFIX_PATH}:/home/fastbot/ros2_ws/install/serial_motor:/opt/ros/humble /usr/bin/cmake --install /home/fastbot/ros2_ws/build/lslidar_msgs
[2.657s] -- Install configuration: ""
[2.658s] -- Up-to-date: /home/fastbot/ros2_ws/install/lslidar_msgs/share/ament_index/resource_index/rosidl_interfaces/lslidar_msgs
[2.659s] -- Up-to-date: /home/fastbot/ros2_ws/install/lslidar_msgs/include/lslidar_msgs/lslidar_msgs
[2.659s] -- Up-to-date: /home/fastbot/ros2_ws/install/lslidar_msgs/include/lslidar_msgs/lslidar_msgs/msg
[2.659s] -- Up-to-date: /home/fastbot/ros2_ws/install/lslidar_msgs/include/lslidar_msgs/lslidar_msgs/msg/lslidar_point.h
[2.660s] -- Up-to-date: /home/fastbot/ros2_ws/install/lslidar_msgs/include/lslidar_msgs/lslidar_msgs/msg/lslidar_scan.h
[2.661s] -- Up-to-date: /home/fastbot/ros2_ws/install/lslidar_msgs/include/lslidar_msgs/lslidar_msgs/msg/lslidar_sweep.h
[2.661s] -- Up-to-date: /home/fastbot/ros2_ws/install/lslidar_msgs/include/lslidar_msgs/lslidar_msgs/msg/rosidl_generator_c__visibility_control.h
[2.662s] -- Up-to-date: /home/fastbot/ros2_ws/install/lslidar_msgs/include/lslidar_msgs/lslidar_msgs/msg/lslidar_packet.h
[2.663s] -- Up-to-date: /home/fastbot/ros2_ws/install/lslidar_msgs/include/lslidar_msgs/lslidar_msgs/msg/detail
[2.664s] -- Up-to-date: /home/fastbot/ros2_ws/install/lslidar_msgs/include/lslidar_msgs/lslidar_msgs/msg/detail/lslidar_sweep__functions.h
[2.664s] -- Up-to-date: /home/fastbot/ros2_ws/install/lslidar_msgs/include/lslidar_msgs/lslidar_msgs/msg/detail/lslidar_point__type_support.h
[2.665s] -- Up-to-date: /home/fastbot/ros2_ws/install/lslidar_msgs/include/lslidar_msgs/lslidar_msgs/msg/detail/lslidar_scan__struct.h
[2.666s] -- Up-to-date: /home/fastbot/ros2_ws/install/lslidar_msgs/include/lslidar_msgs/lslidar_msgs/msg/detail/lslidar_difop__type_support.h
[2.667s] -- Up-to-date: /home/fastbot/ros2_ws/install/lslidar_msgs/include/lslidar_msgs/lslidar_msgs/msg/detail/lslidar_difop__functions.c
[2.669s] -- Up-to-date: /home/fastbot/ros2_ws/install/lslidar_msgs/include/lslidar_msgs/lslidar_msgs/msg/detail/lslidar_packet__struct.h
[2.669s] -- Up-to-date: /home/fastbot/ros2_ws/install/lslidar_msgs/include/lslidar_msgs/lslidar_msgs/msg/detail/lslidar_sweep__functions.c
[2.670s] -- Up-to-date: /home/fastbot/ros2_ws/install/lslidar_msgs/include/lslidar_msgs/lslidar_msgs/msg/detail/lslidar_scan__type_support.h
[2.670s] -- Up-to-date: /home/fastbot/ros2_ws/install/lslidar_msgs/include/lslidar_msgs/lslidar_msgs/msg/detail/lslidar_point__functions.h
[2.671s] -- Up-to-date: /home/fastbot/ros2_ws/install/lslidar_msgs/include/lslidar_msgs/lslidar_msgs/msg/detail/lslidar_packet__type_support.h
[2.672s] -- Up-to-date: /home/fastbot/ros2_ws/install/lslidar_msgs/include/lslidar_msgs/lslidar_msgs/msg/detail/lslidar_scan__functions.h
[2.673s] -- Up-to-date: /home/fastbot/ros2_ws/install/lslidar_msgs/include/lslidar_msgs/lslidar_msgs/msg/detail/lslidar_point__functions.c
[2.674s] -- Up-to-date: /home/fastbot/ros2_ws/install/lslidar_msgs/include/lslidar_msgs/lslidar_msgs/msg/detail/lslidar_packet__functions.c
[2.675s] -- Up-to-date: /home/fastbot/ros2_ws/install/lslidar_msgs/include/lslidar_msgs/lslidar_msgs/msg/detail/lslidar_difop__functions.h
[2.675s] -- Up-to-date: /home/fastbot/ros2_ws/install/lslidar_msgs/include/lslidar_msgs/lslidar_msgs/msg/detail/lslidar_packet__functions.h
[2.676s] -- Up-to-date: /home/fastbot/ros2_ws/install/lslidar_msgs/include/lslidar_msgs/lslidar_msgs/msg/detail/lslidar_sweep__struct.h
[2.676s] -- Up-to-date: /home/fastbot/ros2_ws/install/lslidar_msgs/include/lslidar_msgs/lslidar_msgs/msg/detail/lslidar_sweep__type_support.h
[2.677s] -- Up-to-date: /home/fastbot/ros2_ws/install/lslidar_msgs/include/lslidar_msgs/lslidar_msgs/msg/detail/lslidar_point__struct.h
[2.677s] -- Up-to-date: /home/fastbot/ros2_ws/install/lslidar_msgs/include/lslidar_msgs/lslidar_msgs/msg/detail/lslidar_difop__struct.h
[2.678s] -- Up-to-date: /home/fastbot/ros2_ws/install/lslidar_msgs/include/lslidar_msgs/lslidar_msgs/msg/detail/lslidar_scan__functions.c
[2.679s] -- Up-to-date: /home/fastbot/ros2_ws/install/lslidar_msgs/include/lslidar_msgs/lslidar_msgs/msg/lslidar_difop.h
[2.680s] -- Up-to-date: /home/fastbot/ros2_ws/install/lslidar_msgs/share/lslidar_msgs/environment/library_path.sh
[2.680s] -- Up-to-date: /home/fastbot/ros2_ws/install/lslidar_msgs/share/lslidar_msgs/environment/library_path.dsv
[2.681s] -- Up-to-date: /home/fastbot/ros2_ws/install/lslidar_msgs/lib/liblslidar_msgs__rosidl_generator_c.so
[2.682s] -- Up-to-date: /home/fastbot/ros2_ws/install/lslidar_msgs/include/lslidar_msgs/lslidar_msgs
[2.682s] -- Up-to-date: /home/fastbot/ros2_ws/install/lslidar_msgs/include/lslidar_msgs/lslidar_msgs/msg
[2.683s] -- Up-to-date: /home/fastbot/ros2_ws/install/lslidar_msgs/include/lslidar_msgs/lslidar_msgs/msg/rosidl_typesupport_fastrtps_c__visibility_control.h
[2.683s] -- Up-to-date: /home/fastbot/ros2_ws/install/lslidar_msgs/include/lslidar_msgs/lslidar_msgs/msg/detail
[2.684s] -- Up-to-date: /home/fastbot/ros2_ws/install/lslidar_msgs/include/lslidar_msgs/lslidar_msgs/msg/detail/lslidar_point__rosidl_typesupport_fastrtps_c.h
[2.684s] -- Up-to-date: /home/fastbot/ros2_ws/install/lslidar_msgs/include/lslidar_msgs/lslidar_msgs/msg/detail/lslidar_difop__rosidl_typesupport_fastrtps_c.h
[2.685s] -- Up-to-date: /home/fastbot/ros2_ws/install/lslidar_msgs/include/lslidar_msgs/lslidar_msgs/msg/detail/lslidar_packet__rosidl_typesupport_fastrtps_c.h
[2.685s] -- Up-to-date: /home/fastbot/ros2_ws/install/lslidar_msgs/include/lslidar_msgs/lslidar_msgs/msg/detail/lslidar_scan__rosidl_typesupport_fastrtps_c.h
[2.686s] -- Up-to-date: /home/fastbot/ros2_ws/install/lslidar_msgs/include/lslidar_msgs/lslidar_msgs/msg/detail/lslidar_sweep__rosidl_typesupport_fastrtps_c.h
[2.687s] -- Up-to-date: /home/fastbot/ros2_ws/install/lslidar_msgs/lib/liblslidar_msgs__rosidl_typesupport_fastrtps_c.so
[2.687s] -- Up-to-date: /home/fastbot/ros2_ws/install/lslidar_msgs/include/lslidar_msgs/lslidar_msgs
[2.688s] -- Up-to-date: /home/fastbot/ros2_ws/install/lslidar_msgs/include/lslidar_msgs/lslidar_msgs/msg
[2.688s] -- Up-to-date: /home/fastbot/ros2_ws/install/lslidar_msgs/include/lslidar_msgs/lslidar_msgs/msg/lslidar_packet.hpp
[2.689s] -- Up-to-date: /home/fastbot/ros2_ws/install/lslidar_msgs/include/lslidar_msgs/lslidar_msgs/msg/lslidar_sweep.hpp
[2.689s] -- Up-to-date: /home/fastbot/ros2_ws/install/lslidar_msgs/include/lslidar_msgs/lslidar_msgs/msg/lslidar_difop.hpp
[2.689s] -- Up-to-date: /home/fastbot/ros2_ws/install/lslidar_msgs/include/lslidar_msgs/lslidar_msgs/msg/lslidar_point.hpp
[2.690s] -- Up-to-date: /home/fastbot/ros2_ws/install/lslidar_msgs/include/lslidar_msgs/lslidar_msgs/msg/lslidar_scan.hpp
[2.690s] -- Up-to-date: /home/fastbot/ros2_ws/install/lslidar_msgs/include/lslidar_msgs/lslidar_msgs/msg/detail
[2.692s] -- Up-to-date: /home/fastbot/ros2_ws/install/lslidar_msgs/include/lslidar_msgs/lslidar_msgs/msg/detail/lslidar_sweep__struct.hpp
[2.693s] -- Up-to-date: /home/fastbot/ros2_ws/install/lslidar_msgs/include/lslidar_msgs/lslidar_msgs/msg/detail/lslidar_scan__builder.hpp
[2.695s] -- Up-to-date: /home/fastbot/ros2_ws/install/lslidar_msgs/include/lslidar_msgs/lslidar_msgs/msg/detail/lslidar_point__type_support.hpp
[2.696s] -- Up-to-date: /home/fastbot/ros2_ws/install/lslidar_msgs/include/lslidar_msgs/lslidar_msgs/msg/detail/lslidar_sweep__builder.hpp
[2.697s] -- Up-to-date: /home/fastbot/ros2_ws/install/lslidar_msgs/include/lslidar_msgs/lslidar_msgs/msg/detail/lslidar_packet__struct.hpp
[2.698s] -- Up-to-date: /home/fastbot/ros2_ws/install/lslidar_msgs/include/lslidar_msgs/lslidar_msgs/msg/detail/lslidar_difop__struct.hpp
[2.699s] -- Up-to-date: /home/fastbot/ros2_ws/install/lslidar_msgs/include/lslidar_msgs/lslidar_msgs/msg/detail/lslidar_point__traits.hpp
[2.699s] -- Up-to-date: /home/fastbot/ros2_ws/install/lslidar_msgs/include/lslidar_msgs/lslidar_msgs/msg/detail/lslidar_sweep__traits.hpp
[2.700s] -- Up-to-date: /home/fastbot/ros2_ws/install/lslidar_msgs/include/lslidar_msgs/lslidar_msgs/msg/detail/lslidar_point__builder.hpp
[2.700s] -- Up-to-date: /home/fastbot/ros2_ws/install/lslidar_msgs/include/lslidar_msgs/lslidar_msgs/msg/detail/lslidar_difop__builder.hpp
[2.701s] -- Up-to-date: /home/fastbot/ros2_ws/install/lslidar_msgs/include/lslidar_msgs/lslidar_msgs/msg/detail/lslidar_scan__struct.hpp
[2.704s] -- Up-to-date: /home/fastbot/ros2_ws/install/lslidar_msgs/include/lslidar_msgs/lslidar_msgs/msg/detail/lslidar_packet__traits.hpp
[2.705s] -- Up-to-date: /home/fastbot/ros2_ws/install/lslidar_msgs/include/lslidar_msgs/lslidar_msgs/msg/detail/lslidar_difop__type_support.hpp
[2.706s] -- Up-to-date: /home/fastbot/ros2_ws/install/lslidar_msgs/include/lslidar_msgs/lslidar_msgs/msg/detail/lslidar_sweep__type_support.hpp
[2.710s] -- Up-to-date: /home/fastbot/ros2_ws/install/lslidar_msgs/include/lslidar_msgs/lslidar_msgs/msg/detail/lslidar_scan__traits.hpp
[2.710s] -- Up-to-date: /home/fastbot/ros2_ws/install/lslidar_msgs/include/lslidar_msgs/lslidar_msgs/msg/detail/lslidar_difop__traits.hpp
[2.711s] -- Up-to-date: /home/fastbot/ros2_ws/install/lslidar_msgs/include/lslidar_msgs/lslidar_msgs/msg/detail/lslidar_point__struct.hpp
[2.711s] -- Up-to-date: /home/fastbot/ros2_ws/install/lslidar_msgs/include/lslidar_msgs/lslidar_msgs/msg/detail/lslidar_packet__type_support.hpp
[2.712s] -- Up-to-date: /home/fastbot/ros2_ws/install/lslidar_msgs/include/lslidar_msgs/lslidar_msgs/msg/detail/lslidar_scan__type_support.hpp
[2.712s] -- Up-to-date: /home/fastbot/ros2_ws/install/lslidar_msgs/include/lslidar_msgs/lslidar_msgs/msg/detail/lslidar_packet__builder.hpp
[2.713s] -- Up-to-date: /home/fastbot/ros2_ws/install/lslidar_msgs/include/lslidar_msgs/lslidar_msgs/msg/rosidl_generator_cpp__visibility_control.hpp
[2.714s] -- Up-to-date: /home/fastbot/ros2_ws/install/lslidar_msgs/include/lslidar_msgs/lslidar_msgs
[2.715s] -- Up-to-date: /home/fastbot/ros2_ws/install/lslidar_msgs/include/lslidar_msgs/lslidar_msgs/msg
[2.715s] -- Up-to-date: /home/fastbot/ros2_ws/install/lslidar_msgs/include/lslidar_msgs/lslidar_msgs/msg/rosidl_typesupport_fastrtps_cpp__visibility_control.h
[2.716s] -- Up-to-date: /home/fastbot/ros2_ws/install/lslidar_msgs/include/lslidar_msgs/lslidar_msgs/msg/detail
[2.717s] -- Up-to-date: /home/fastbot/ros2_ws/install/lslidar_msgs/include/lslidar_msgs/lslidar_msgs/msg/detail/dds_fastrtps
[2.717s] -- Up-to-date: /home/fastbot/ros2_ws/install/lslidar_msgs/include/lslidar_msgs/lslidar_msgs/msg/detail/lslidar_packet__rosidl_typesupport_fastrtps_cpp.hpp
[2.718s] -- Up-to-date: /home/fastbot/ros2_ws/install/lslidar_msgs/include/lslidar_msgs/lslidar_msgs/msg/detail/lslidar_sweep__rosidl_typesupport_fastrtps_cpp.hpp
[2.718s] -- Up-to-date: /home/fastbot/ros2_ws/install/lslidar_msgs/include/lslidar_msgs/lslidar_msgs/msg/detail/lslidar_scan__rosidl_typesupport_fastrtps_cpp.hpp
[2.719s] -- Up-to-date: /home/fastbot/ros2_ws/install/lslidar_msgs/include/lslidar_msgs/lslidar_msgs/msg/detail/lslidar_difop__rosidl_typesupport_fastrtps_cpp.hpp
[2.719s] -- Up-to-date: /home/fastbot/ros2_ws/install/lslidar_msgs/include/lslidar_msgs/lslidar_msgs/msg/detail/lslidar_point__rosidl_typesupport_fastrtps_cpp.hpp
[2.723s] -- Up-to-date: /home/fastbot/ros2_ws/install/lslidar_msgs/lib/liblslidar_msgs__rosidl_typesupport_fastrtps_cpp.so
[2.724s] -- Up-to-date: /home/fastbot/ros2_ws/install/lslidar_msgs/include/lslidar_msgs/lslidar_msgs
[2.724s] -- Up-to-date: /home/fastbot/ros2_ws/install/lslidar_msgs/include/lslidar_msgs/lslidar_msgs/msg
[2.725s] -- Up-to-date: /home/fastbot/ros2_ws/install/lslidar_msgs/include/lslidar_msgs/lslidar_msgs/msg/detail
[2.725s] -- Up-to-date: /home/fastbot/ros2_ws/install/lslidar_msgs/include/lslidar_msgs/lslidar_msgs/msg/detail/lslidar_sweep__rosidl_typesupport_introspection_c.h
[2.726s] -- Up-to-date: /home/fastbot/ros2_ws/install/lslidar_msgs/include/lslidar_msgs/lslidar_msgs/msg/detail/lslidar_difop__rosidl_typesupport_introspection_c.h
[2.726s] -- Up-to-date: /home/fastbot/ros2_ws/install/lslidar_msgs/include/lslidar_msgs/lslidar_msgs/msg/detail/lslidar_scan__type_support.c
[2.727s] -- Up-to-date: /home/fastbot/ros2_ws/install/lslidar_msgs/include/lslidar_msgs/lslidar_msgs/msg/detail/lslidar_point__rosidl_typesupport_introspection_c.h
[2.728s] -- Up-to-date: /home/fastbot/ros2_ws/install/lslidar_msgs/include/lslidar_msgs/lslidar_msgs/msg/detail/lslidar_scan__rosidl_typesupport_introspection_c.h
[2.729s] -- Up-to-date: /home/fastbot/ros2_ws/install/lslidar_msgs/include/lslidar_msgs/lslidar_msgs/msg/detail/lslidar_packet__rosidl_typesupport_introspection_c.h
[2.730s] -- Up-to-date: /home/fastbot/ros2_ws/install/lslidar_msgs/include/lslidar_msgs/lslidar_msgs/msg/detail/lslidar_difop__type_support.c
[2.730s] -- Up-to-date: /home/fastbot/ros2_ws/install/lslidar_msgs/include/lslidar_msgs/lslidar_msgs/msg/detail/lslidar_packet__type_support.c
[2.731s] -- Up-to-date: /home/fastbot/ros2_ws/install/lslidar_msgs/include/lslidar_msgs/lslidar_msgs/msg/detail/lslidar_point__type_support.c
[2.733s] -- Up-to-date: /home/fastbot/ros2_ws/install/lslidar_msgs/include/lslidar_msgs/lslidar_msgs/msg/detail/lslidar_sweep__type_support.c
[2.734s] -- Up-to-date: /home/fastbot/ros2_ws/install/lslidar_msgs/include/lslidar_msgs/lslidar_msgs/msg/rosidl_typesupport_introspection_c__visibility_control.h
[2.738s] -- Up-to-date: /home/fastbot/ros2_ws/install/lslidar_msgs/lib/liblslidar_msgs__rosidl_typesupport_introspection_c.so
[2.739s] -- Up-to-date: /home/fastbot/ros2_ws/install/lslidar_msgs/lib/liblslidar_msgs__rosidl_typesupport_c.so
[2.740s] -- Up-to-date: /home/fastbot/ros2_ws/install/lslidar_msgs/include/lslidar_msgs/lslidar_msgs
[2.741s] -- Up-to-date: /home/fastbot/ros2_ws/install/lslidar_msgs/include/lslidar_msgs/lslidar_msgs/msg
[2.742s] -- Up-to-date: /home/fastbot/ros2_ws/install/lslidar_msgs/include/lslidar_msgs/lslidar_msgs/msg/detail
[2.743s] -- Up-to-date: /home/fastbot/ros2_ws/install/lslidar_msgs/include/lslidar_msgs/lslidar_msgs/msg/detail/lslidar_point__type_support.cpp
[2.743s] -- Up-to-date: /home/fastbot/ros2_ws/install/lslidar_msgs/include/lslidar_msgs/lslidar_msgs/msg/detail/lslidar_packet__rosidl_typesupport_introspection_cpp.hpp
[2.743s] -- Up-to-date: /home/fastbot/ros2_ws/install/lslidar_msgs/include/lslidar_msgs/lslidar_msgs/msg/detail/lslidar_packet__type_support.cpp
[2.745s] -- Up-to-date: /home/fastbot/ros2_ws/install/lslidar_msgs/include/lslidar_msgs/lslidar_msgs/msg/detail/lslidar_sweep__type_support.cpp
[2.746s] -- Up-to-date: /home/fastbot/ros2_ws/install/lslidar_msgs/include/lslidar_msgs/lslidar_msgs/msg/detail/lslidar_scan__rosidl_typesupport_introspection_cpp.hpp
[2.746s] -- Up-to-date: /home/fastbot/ros2_ws/install/lslidar_msgs/include/lslidar_msgs/lslidar_msgs/msg/detail/lslidar_difop__type_support.cpp
[2.746s] -- Up-to-date: /home/fastbot/ros2_ws/install/lslidar_msgs/include/lslidar_msgs/lslidar_msgs/msg/detail/lslidar_difop__rosidl_typesupport_introspection_cpp.hpp
[2.748s] -- Up-to-date: /home/fastbot/ros2_ws/install/lslidar_msgs/include/lslidar_msgs/lslidar_msgs/msg/detail/lslidar_sweep__rosidl_typesupport_introspection_cpp.hpp
[2.748s] -- Up-to-date: /home/fastbot/ros2_ws/install/lslidar_msgs/include/lslidar_msgs/lslidar_msgs/msg/detail/lslidar_scan__type_support.cpp
[2.749s] -- Up-to-date: /home/fastbot/ros2_ws/install/lslidar_msgs/include/lslidar_msgs/lslidar_msgs/msg/detail/lslidar_point__rosidl_typesupport_introspection_cpp.hpp
[2.752s] -- Up-to-date: /home/fastbot/ros2_ws/install/lslidar_msgs/lib/liblslidar_msgs__rosidl_typesupport_introspection_cpp.so
[2.755s] -- Up-to-date: /home/fastbot/ros2_ws/install/lslidar_msgs/lib/liblslidar_msgs__rosidl_typesupport_cpp.so
[2.758s] -- Up-to-date: /home/fastbot/ros2_ws/install/lslidar_msgs/share/lslidar_msgs/environment/pythonpath.sh
[2.758s] -- Up-to-date: /home/fastbot/ros2_ws/install/lslidar_msgs/share/lslidar_msgs/environment/pythonpath.dsv
[2.759s] -- Up-to-date: /home/fastbot/ros2_ws/install/lslidar_msgs/local/lib/python3.10/dist-packages/lslidar_msgs-1.2.0-py3.10.egg-info
[2.760s] -- Installing: /home/fastbot/ros2_ws/install/lslidar_msgs/local/lib/python3.10/dist-packages/lslidar_msgs-1.2.0-py3.10.egg-info/PKG-INFO
[2.760s] -- Installing: /home/fastbot/ros2_ws/install/lslidar_msgs/local/lib/python3.10/dist-packages/lslidar_msgs-1.2.0-py3.10.egg-info/top_level.txt
[2.761s] -- Installing: /home/fastbot/ros2_ws/install/lslidar_msgs/local/lib/python3.10/dist-packages/lslidar_msgs-1.2.0-py3.10.egg-info/SOURCES.txt
[2.763s] -- Installing: /home/fastbot/ros2_ws/install/lslidar_msgs/local/lib/python3.10/dist-packages/lslidar_msgs-1.2.0-py3.10.egg-info/dependency_links.txt
[2.765s] -- Up-to-date: /home/fastbot/ros2_ws/install/lslidar_msgs/local/lib/python3.10/dist-packages/lslidar_msgs
[2.765s] -- Up-to-date: /home/fastbot/ros2_ws/install/lslidar_msgs/local/lib/python3.10/dist-packages/lslidar_msgs/_lslidar_msgs_s.ep.rosidl_typesupport_introspection_c.c
[2.766s] -- Up-to-date: /home/fastbot/ros2_ws/install/lslidar_msgs/local/lib/python3.10/dist-packages/lslidar_msgs/_lslidar_msgs_s.ep.rosidl_typesupport_c.c
[2.766s] -- Up-to-date: /home/fastbot/ros2_ws/install/lslidar_msgs/local/lib/python3.10/dist-packages/lslidar_msgs/__init__.py
[2.767s] -- Up-to-date: /home/fastbot/ros2_ws/install/lslidar_msgs/local/lib/python3.10/dist-packages/lslidar_msgs/lslidar_msgs_s__rosidl_typesupport_fastrtps_c.cpython-310-aarch64-linux-gnu.so
[2.768s] -- Up-to-date: /home/fastbot/ros2_ws/install/lslidar_msgs/local/lib/python3.10/dist-packages/lslidar_msgs/liblslidar_msgs__rosidl_generator_py.so
[2.768s] -- Up-to-date: /home/fastbot/ros2_ws/install/lslidar_msgs/local/lib/python3.10/dist-packages/lslidar_msgs/lslidar_msgs_s__rosidl_typesupport_c.cpython-310-aarch64-linux-gnu.so
[2.769s] -- Up-to-date: /home/fastbot/ros2_ws/install/lslidar_msgs/local/lib/python3.10/dist-packages/lslidar_msgs/msg
[2.770s] -- Up-to-date: /home/fastbot/ros2_ws/install/lslidar_msgs/local/lib/python3.10/dist-packages/lslidar_msgs/msg/__init__.py
[2.770s] -- Up-to-date: /home/fastbot/ros2_ws/install/lslidar_msgs/local/lib/python3.10/dist-packages/lslidar_msgs/msg/_lslidar_scan.py
[2.770s] -- Up-to-date: /home/fastbot/ros2_ws/install/lslidar_msgs/local/lib/python3.10/dist-packages/lslidar_msgs/msg/_lslidar_scan_s.c
[2.771s] -- Up-to-date: /home/fastbot/ros2_ws/install/lslidar_msgs/local/lib/python3.10/dist-packages/lslidar_msgs/msg/_lslidar_packet_s.c
[2.771s] -- Up-to-date: /home/fastbot/ros2_ws/install/lslidar_msgs/local/lib/python3.10/dist-packages/lslidar_msgs/msg/_lslidar_difop.py
[2.772s] -- Up-to-date: /home/fastbot/ros2_ws/install/lslidar_msgs/local/lib/python3.10/dist-packages/lslidar_msgs/msg/_lslidar_sweep.py
[2.772s] -- Up-to-date: /home/fastbot/ros2_ws/install/lslidar_msgs/local/lib/python3.10/dist-packages/lslidar_msgs/msg/_lslidar_point_s.c
[2.774s] -- Up-to-date: /home/fastbot/ros2_ws/install/lslidar_msgs/local/lib/python3.10/dist-packages/lslidar_msgs/msg/_lslidar_packet.py
[2.774s] -- Up-to-date: /home/fastbot/ros2_ws/install/lslidar_msgs/local/lib/python3.10/dist-packages/lslidar_msgs/msg/_lslidar_point.py
[2.774s] -- Up-to-date: /home/fastbot/ros2_ws/install/lslidar_msgs/local/lib/python3.10/dist-packages/lslidar_msgs/msg/_lslidar_difop_s.c
[2.775s] -- Up-to-date: /home/fastbot/ros2_ws/install/lslidar_msgs/local/lib/python3.10/dist-packages/lslidar_msgs/msg/_lslidar_sweep_s.c
[2.776s] -- Up-to-date: /home/fastbot/ros2_ws/install/lslidar_msgs/local/lib/python3.10/dist-packages/lslidar_msgs/lslidar_msgs_s__rosidl_typesupport_introspection_c.cpython-310-aarch64-linux-gnu.so
[2.776s] -- Up-to-date: /home/fastbot/ros2_ws/install/lslidar_msgs/local/lib/python3.10/dist-packages/lslidar_msgs/_lslidar_msgs_s.ep.rosidl_typesupport_fastrtps_c.c
[2.891s] Listing '/home/fastbot/ros2_ws/install/lslidar_msgs/local/lib/python3.10/dist-packages/lslidar_msgs'...
[2.892s] Listing '/home/fastbot/ros2_ws/install/lslidar_msgs/local/lib/python3.10/dist-packages/lslidar_msgs/msg'...
[2.923s] -- Up-to-date: /home/fastbot/ros2_ws/install/lslidar_msgs/local/lib/python3.10/dist-packages/lslidar_msgs/lslidar_msgs_s__rosidl_typesupport_fastrtps_c.cpython-310-aarch64-linux-gnu.so
[2.926s] -- Up-to-date: /home/fastbot/ros2_ws/install/lslidar_msgs/local/lib/python3.10/dist-packages/lslidar_msgs/lslidar_msgs_s__rosidl_typesupport_introspection_c.cpython-310-aarch64-linux-gnu.so
[2.929s] -- Up-to-date: /home/fastbot/ros2_ws/install/lslidar_msgs/local/lib/python3.10/dist-packages/lslidar_msgs/lslidar_msgs_s__rosidl_typesupport_c.cpython-310-aarch64-linux-gnu.so
[2.932s] -- Up-to-date: /home/fastbot/ros2_ws/install/lslidar_msgs/lib/liblslidar_msgs__rosidl_generator_py.so
[2.934s] -- Up-to-date: /home/fastbot/ros2_ws/install/lslidar_msgs/share/lslidar_msgs/msg/LslidarDifop.idl
[2.936s] -- Up-to-date: /home/fastbot/ros2_ws/install/lslidar_msgs/share/lslidar_msgs/msg/LslidarPacket.idl
[2.938s] -- Up-to-date: /home/fastbot/ros2_ws/install/lslidar_msgs/share/lslidar_msgs/msg/LslidarPoint.idl
[2.939s] -- Up-to-date: /home/fastbot/ros2_ws/install/lslidar_msgs/share/lslidar_msgs/msg/LslidarScan.idl
[2.941s] -- Up-to-date: /home/fastbot/ros2_ws/install/lslidar_msgs/share/lslidar_msgs/msg/LslidarSweep.idl
[2.943s] -- Up-to-date: /home/fastbot/ros2_ws/install/lslidar_msgs/share/lslidar_msgs/msg/LslidarDifop.msg
[2.944s] -- Up-to-date: /home/fastbot/ros2_ws/install/lslidar_msgs/share/lslidar_msgs/msg/LslidarPacket.msg
[2.945s] -- Up-to-date: /home/fastbot/ros2_ws/install/lslidar_msgs/share/lslidar_msgs/msg/LslidarPoint.msg
[2.945s] -- Up-to-date: /home/fastbot/ros2_ws/install/lslidar_msgs/share/lslidar_msgs/msg/LslidarScan.msg
[2.946s] -- Up-to-date: /home/fastbot/ros2_ws/install/lslidar_msgs/share/lslidar_msgs/msg/LslidarSweep.msg
[2.946s] -- Up-to-date: /home/fastbot/ros2_ws/install/lslidar_msgs/share/ament_index/resource_index/package_run_dependencies/lslidar_msgs
[2.947s] -- Up-to-date: /home/fastbot/ros2_ws/install/lslidar_msgs/share/ament_index/resource_index/parent_prefix_path/lslidar_msgs
[2.947s] -- Up-to-date: /home/fastbot/ros2_ws/install/lslidar_msgs/share/lslidar_msgs/environment/ament_prefix_path.sh
[2.948s] -- Up-to-date: /home/fastbot/ros2_ws/install/lslidar_msgs/share/lslidar_msgs/environment/ament_prefix_path.dsv
[2.948s] -- Up-to-date: /home/fastbot/ros2_ws/install/lslidar_msgs/share/lslidar_msgs/environment/path.sh
[2.949s] -- Up-to-date: /home/fastbot/ros2_ws/install/lslidar_msgs/share/lslidar_msgs/environment/path.dsv
[2.949s] -- Up-to-date: /home/fastbot/ros2_ws/install/lslidar_msgs/share/lslidar_msgs/local_setup.bash
[2.950s] -- Up-to-date: /home/fastbot/ros2_ws/install/lslidar_msgs/share/lslidar_msgs/local_setup.sh
[2.951s] -- Up-to-date: /home/fastbot/ros2_ws/install/lslidar_msgs/share/lslidar_msgs/local_setup.zsh
[2.951s] -- Up-to-date: /home/fastbot/ros2_ws/install/lslidar_msgs/share/lslidar_msgs/local_setup.dsv
[2.952s] -- Installing: /home/fastbot/ros2_ws/install/lslidar_msgs/share/lslidar_msgs/package.dsv
[2.953s] -- Up-to-date: /home/fastbot/ros2_ws/install/lslidar_msgs/share/ament_index/resource_index/packages/lslidar_msgs
[2.953s] -- Up-to-date: /home/fastbot/ros2_ws/install/lslidar_msgs/share/lslidar_msgs/cmake/export_lslidar_msgs__rosidl_generator_cExport.cmake
[2.954s] -- Up-to-date: /home/fastbot/ros2_ws/install/lslidar_msgs/share/lslidar_msgs/cmake/export_lslidar_msgs__rosidl_generator_cExport-noconfig.cmake
[2.955s] -- Up-to-date: /home/fastbot/ros2_ws/install/lslidar_msgs/share/lslidar_msgs/cmake/export_lslidar_msgs__rosidl_typesupport_fastrtps_cExport.cmake
[2.956s] -- Up-to-date: /home/fastbot/ros2_ws/install/lslidar_msgs/share/lslidar_msgs/cmake/export_lslidar_msgs__rosidl_typesupport_fastrtps_cExport-noconfig.cmake
[2.956s] -- Up-to-date: /home/fastbot/ros2_ws/install/lslidar_msgs/share/lslidar_msgs/cmake/export_lslidar_msgs__rosidl_generator_cppExport.cmake
[2.957s] -- Up-to-date: /home/fastbot/ros2_ws/install/lslidar_msgs/share/lslidar_msgs/cmake/export_lslidar_msgs__rosidl_typesupport_fastrtps_cppExport.cmake
[2.962s] -- Up-to-date: /home/fastbot/ros2_ws/install/lslidar_msgs/share/lslidar_msgs/cmake/export_lslidar_msgs__rosidl_typesupport_fastrtps_cppExport-noconfig.cmake
[2.963s] -- Up-to-date: /home/fastbot/ros2_ws/install/lslidar_msgs/share/lslidar_msgs/cmake/lslidar_msgs__rosidl_typesupport_introspection_cExport.cmake
[2.965s] -- Up-to-date: /home/fastbot/ros2_ws/install/lslidar_msgs/share/lslidar_msgs/cmake/lslidar_msgs__rosidl_typesupport_introspection_cExport-noconfig.cmake
[2.967s] -- Up-to-date: /home/fastbot/ros2_ws/install/lslidar_msgs/share/lslidar_msgs/cmake/lslidar_msgs__rosidl_typesupport_cExport.cmake
[2.969s] -- Up-to-date: /home/fastbot/ros2_ws/install/lslidar_msgs/share/lslidar_msgs/cmake/lslidar_msgs__rosidl_typesupport_cExport-noconfig.cmake
[2.975s] -- Up-to-date: /home/fastbot/ros2_ws/install/lslidar_msgs/share/lslidar_msgs/cmake/lslidar_msgs__rosidl_typesupport_introspection_cppExport.cmake
[2.976s] -- Up-to-date: /home/fastbot/ros2_ws/install/lslidar_msgs/share/lslidar_msgs/cmake/lslidar_msgs__rosidl_typesupport_introspection_cppExport-noconfig.cmake
[2.978s] -- Up-to-date: /home/fastbot/ros2_ws/install/lslidar_msgs/share/lslidar_msgs/cmake/lslidar_msgs__rosidl_typesupport_cppExport.cmake
[2.980s] -- Up-to-date: /home/fastbot/ros2_ws/install/lslidar_msgs/share/lslidar_msgs/cmake/lslidar_msgs__rosidl_typesupport_cppExport-noconfig.cmake
[2.982s] -- Up-to-date: /home/fastbot/ros2_ws/install/lslidar_msgs/share/lslidar_msgs/cmake/export_lslidar_msgs__rosidl_generator_pyExport.cmake
[2.984s] -- Up-to-date: /home/fastbot/ros2_ws/install/lslidar_msgs/share/lslidar_msgs/cmake/export_lslidar_msgs__rosidl_generator_pyExport-noconfig.cmake
[2.984s] -- Up-to-date: /home/fastbot/ros2_ws/install/lslidar_msgs/share/lslidar_msgs/cmake/rosidl_cmake-extras.cmake
[2.985s] -- Up-to-date: /home/fastbot/ros2_ws/install/lslidar_msgs/share/lslidar_msgs/cmake/ament_cmake_export_dependencies-extras.cmake
[2.986s] -- Up-to-date: /home/fastbot/ros2_ws/install/lslidar_msgs/share/lslidar_msgs/cmake/ament_cmake_export_include_directories-extras.cmake
[2.986s] -- Up-to-date: /home/fastbot/ros2_ws/install/lslidar_msgs/share/lslidar_msgs/cmake/ament_cmake_export_libraries-extras.cmake
[2.988s] -- Up-to-date: /home/fastbot/ros2_ws/install/lslidar_msgs/share/lslidar_msgs/cmake/ament_cmake_export_targets-extras.cmake
[2.988s] -- Up-to-date: /home/fastbot/ros2_ws/install/lslidar_msgs/share/lslidar_msgs/cmake/rosidl_cmake_export_typesupport_targets-extras.cmake
[2.989s] -- Up-to-date: /home/fastbot/ros2_ws/install/lslidar_msgs/share/lslidar_msgs/cmake/rosidl_cmake_export_typesupport_libraries-extras.cmake
[2.990s] -- Up-to-date: /home/fastbot/ros2_ws/install/lslidar_msgs/share/lslidar_msgs/cmake/lslidar_msgsConfig.cmake
[2.990s] -- Up-to-date: /home/fastbot/ros2_ws/install/lslidar_msgs/share/lslidar_msgs/cmake/lslidar_msgsConfig-version.cmake
[2.991s] -- Up-to-date: /home/fastbot/ros2_ws/install/lslidar_msgs/share/lslidar_msgs/package.xml
[2.995s] Invoked command in '/home/fastbot/ros2_ws/build/lslidar_msgs' returned '0': CMAKE_PREFIX_PATH=${CMAKE_PREFIX_PATH}:/home/fastbot/ros2_ws/install/serial_motor:/opt/ros/humble /usr/bin/cmake --install /home/fastbot/ros2_ws/build/lslidar_msgs
