[0.103s] Invoking command in '/home/fastbot/ros2_ws/real/build/fastbot_bringup': CMAKE_PREFIX_PATH=${CMAKE_PREFIX_PATH}:/home/fastbot/ros2_ws/install/serial_motor:/home/fastbot/ros2_ws/install/serial_motor_msgs:/home/fastbot/ros2_ws/install/lslidar_msgs:/home/fastbot/ros2_ws/install/fastbot_description:/home/fastbot/ros2_ws/install/fastbot_bringup:/opt/ros/humble /usr/bin/cmake /home/fastbot/ros2_ws/real/src/fastbot_bringup -DCMAKE_INSTALL_PREFIX=/home/fastbot/ros2_ws/real/install/fastbot_bringup
[2.074s] -- The C compiler identification is GNU 11.4.0
[3.211s] -- The CXX compiler identification is GNU 11.4.0
[3.283s] -- Detecting C compiler ABI info
[3.845s] -- Detecting C compiler ABI info - done
[3.897s] -- Check for working C compiler: /usr/bin/cc - skipped
[3.898s] -- Detecting C compile features
[3.899s] -- Detecting C compile features - done
[3.927s] -- Detecting CXX compiler ABI info
[4.547s] -- Detecting CXX compiler ABI info - done
[4.579s] -- Check for working CXX compiler: /usr/bin/c++ - skipped
[4.579s] -- Detecting CXX compile features
[4.581s] -- Detecting CXX compile features - done
[4.616s] -- Found ament_cmake: 1.3.11 (/opt/ros/humble/share/ament_cmake/cmake)
[6.189s] -- Found Python3: /usr/bin/python3 (found version "3.10.12") found components: Interpreter 
[7.132s] -- Found ament_lint_auto: 0.12.12 (/opt/ros/humble/share/ament_lint_auto/cmake)
[7.765s] -- Added test 'lint_cmake' to check CMake code style
[7.788s] -- Added test 'xmllint' to check XML markup files
[7.804s] -- Configuring done
[7.827s] -- Generating done
[7.838s] -- Build files have been written to: /home/fastbot/ros2_ws/real/build/fastbot_bringup
[7.866s] Invoked command in '/home/fastbot/ros2_ws/real/build/fastbot_bringup' returned '0': CMAKE_PREFIX_PATH=${CMAKE_PREFIX_PATH}:/home/fastbot/ros2_ws/install/serial_motor:/home/fastbot/ros2_ws/install/serial_motor_msgs:/home/fastbot/ros2_ws/install/lslidar_msgs:/home/fastbot/ros2_ws/install/fastbot_description:/home/fastbot/ros2_ws/install/fastbot_bringup:/opt/ros/humble /usr/bin/cmake /home/fastbot/ros2_ws/real/src/fastbot_bringup -DCMAKE_INSTALL_PREFIX=/home/fastbot/ros2_ws/real/install/fastbot_bringup
[7.879s] Invoking command in '/home/fastbot/ros2_ws/real/build/fastbot_bringup': CMAKE_PREFIX_PATH=${CMAKE_PREFIX_PATH}:/home/fastbot/ros2_ws/install/serial_motor:/home/fastbot/ros2_ws/install/serial_motor_msgs:/home/fastbot/ros2_ws/install/lslidar_msgs:/home/fastbot/ros2_ws/install/fastbot_description:/home/fastbot/ros2_ws/install/fastbot_bringup:/opt/ros/humble /usr/bin/cmake --build /home/fastbot/ros2_ws/real/build/fastbot_bringup -- -j4 -l4
[8.098s] Invoked command in '/home/fastbot/ros2_ws/real/build/fastbot_bringup' returned '0': CMAKE_PREFIX_PATH=${CMAKE_PREFIX_PATH}:/home/fastbot/ros2_ws/install/serial_motor:/home/fastbot/ros2_ws/install/serial_motor_msgs:/home/fastbot/ros2_ws/install/lslidar_msgs:/home/fastbot/ros2_ws/install/fastbot_description:/home/fastbot/ros2_ws/install/fastbot_bringup:/opt/ros/humble /usr/bin/cmake --build /home/fastbot/ros2_ws/real/build/fastbot_bringup -- -j4 -l4
[8.150s] Invoking command in '/home/fastbot/ros2_ws/real/build/fastbot_bringup': CMAKE_PREFIX_PATH=${CMAKE_PREFIX_PATH}:/home/fastbot/ros2_ws/install/serial_motor:/home/fastbot/ros2_ws/install/serial_motor_msgs:/home/fastbot/ros2_ws/install/lslidar_msgs:/home/fastbot/ros2_ws/install/fastbot_description:/home/fastbot/ros2_ws/install/fastbot_bringup:/opt/ros/humble /usr/bin/cmake --install /home/fastbot/ros2_ws/real/build/fastbot_bringup
[8.199s] -- Install configuration: ""
[8.201s] -- Installing: /home/fastbot/ros2_ws/real/install/fastbot_bringup/share/fastbot_bringup/launch
[8.202s] -- Installing: /home/fastbot/ros2_ws/real/install/fastbot_bringup/share/fastbot_bringup/launch/bringup.launch.xml
[8.205s] -- Installing: /home/fastbot/ros2_ws/real/install/fastbot_bringup/share/ament_index/resource_index/package_run_dependencies/fastbot_bringup
[8.208s] -- Installing: /home/fastbot/ros2_ws/real/install/fastbot_bringup/share/ament_index/resource_index/parent_prefix_path/fastbot_bringup
[8.219s] -- Installing: /home/fastbot/ros2_ws/real/install/fastbot_bringup/share/fastbot_bringup/environment/ament_prefix_path.sh
[8.220s] -- Installing: /home/fastbot/ros2_ws/real/install/fastbot_bringup/share/fastbot_bringup/environment/ament_prefix_path.dsv
[8.222s] -- Installing: /home/fastbot/ros2_ws/real/install/fastbot_bringup/share/fastbot_bringup/environment/path.sh
[8.223s] -- Installing: /home/fastbot/ros2_ws/real/install/fastbot_bringup/share/fastbot_bringup/environment/path.dsv
[8.224s] -- Installing: /home/fastbot/ros2_ws/real/install/fastbot_bringup/share/fastbot_bringup/local_setup.bash
[8.225s] -- Installing: /home/fastbot/ros2_ws/real/install/fastbot_bringup/share/fastbot_bringup/local_setup.sh
[8.227s] -- Installing: /home/fastbot/ros2_ws/real/install/fastbot_bringup/share/fastbot_bringup/local_setup.zsh
[8.227s] -- Installing: /home/fastbot/ros2_ws/real/install/fastbot_bringup/share/fastbot_bringup/local_setup.dsv
[8.229s] -- Installing: /home/fastbot/ros2_ws/real/install/fastbot_bringup/share/fastbot_bringup/package.dsv
[8.231s] -- Installing: /home/fastbot/ros2_ws/real/install/fastbot_bringup/share/ament_index/resource_index/packages/fastbot_bringup
[8.233s] -- Installing: /home/fastbot/ros2_ws/real/install/fastbot_bringup/share/fastbot_bringup/cmake/fastbot_bringupConfig.cmake
[8.235s] -- Installing: /home/fastbot/ros2_ws/real/install/fastbot_bringup/share/fastbot_bringup/cmake/fastbot_bringupConfig-version.cmake
[8.237s] -- Installing: /home/fastbot/ros2_ws/real/install/fastbot_bringup/share/fastbot_bringup/package.xml
[8.251s] Invoked command in '/home/fastbot/ros2_ws/real/build/fastbot_bringup' returned '0': CMAKE_PREFIX_PATH=${CMAKE_PREFIX_PATH}:/home/fastbot/ros2_ws/install/serial_motor:/home/fastbot/ros2_ws/install/serial_motor_msgs:/home/fastbot/ros2_ws/install/lslidar_msgs:/home/fastbot/ros2_ws/install/fastbot_description:/home/fastbot/ros2_ws/install/fastbot_bringup:/opt/ros/humble /usr/bin/cmake --install /home/fastbot/ros2_ws/real/build/fastbot_bringup
