[0.128s] Invoking command in '/home/fastbot/ros2_ws/build/fastbot_description': CMAKE_PREFIX_PATH=${CMAKE_PREFIX_PATH}:/home/fastbot/ros2_ws/install/serial_motor:/opt/ros/humble /usr/bin/cmake --build /home/fastbot/ros2_ws/build/fastbot_description -- -j4 -l4
[0.829s] Invoked command in '/home/fastbot/ros2_ws/build/fastbot_description' returned '0': CMAKE_PREFIX_PATH=${CMAKE_PREFIX_PATH}:/home/fastbot/ros2_ws/install/serial_motor:/opt/ros/humble /usr/bin/cmake --build /home/fastbot/ros2_ws/build/fastbot_description -- -j4 -l4
[0.850s] Invoking command in '/home/fastbot/ros2_ws/build/fastbot_description': CMAKE_PREFIX_PATH=${CMAKE_PREFIX_PATH}:/home/fastbot/ros2_ws/install/serial_motor:/opt/ros/humble /usr/bin/cmake --install /home/fastbot/ros2_ws/build/fastbot_description
[0.901s] -- Install configuration: ""
[0.901s] -- Up-to-date: /home/fastbot/ros2_ws/install/fastbot_description/share/fastbot_description/launch
[0.941s] -- Up-to-date: /home/fastbot/ros2_ws/install/fastbot_description/share/fastbot_description/launch/robot_state_publisher.launch.py
[0.942s] -- Up-to-date: /home/fastbot/ros2_ws/install/fastbot_description/share/fastbot_description/onshape
[0.983s] -- Up-to-date: /home/fastbot/ros2_ws/install/fastbot_description/share/fastbot_description/onshape/robot.urdf
[0.983s] -- Up-to-date: /home/fastbot/ros2_ws/install/fastbot_description/share/fastbot_description/onshape/fastbot.xacro
[0.985s] -- Up-to-date: /home/fastbot/ros2_ws/install/fastbot_description/share/fastbot_description/onshape/assets
[1.016s] -- Up-to-date: /home/fastbot/ros2_ws/install/fastbot_description/share/fastbot_description/onshape/assets/base_link.part
[1.017s] -- Up-to-date: /home/fastbot/ros2_ws/install/fastbot_description/share/fastbot_description/onshape/assets/raspicam.part
[1.017s] -- Up-to-date: /home/fastbot/ros2_ws/install/fastbot_description/share/fastbot_description/onshape/assets/lslidar_n10.part
[1.019s] -- Up-to-date: /home/fastbot/ros2_ws/install/fastbot_description/share/fastbot_description/onshape/assets/wheel_d65x25_v1.stl
[1.020s] -- Up-to-date: /home/fastbot/ros2_ws/install/fastbot_description/share/fastbot_description/onshape/assets/tire_d65x25_v1.part
[1.020s] -- Up-to-date: /home/fastbot/ros2_ws/install/fastbot_description/share/fastbot_description/onshape/assets/tire_d65x25_v1.stl
[1.020s] -- Up-to-date: /home/fastbot/ros2_ws/install/fastbot_description/share/fastbot_description/onshape/assets/fastbot_motor.stl
[1.021s] -- Up-to-date: /home/fastbot/ros2_ws/install/fastbot_description/share/fastbot_description/onshape/assets/raspicam.stl
[1.021s] -- Up-to-date: /home/fastbot/ros2_ws/install/fastbot_description/share/fastbot_description/onshape/assets/pololu_ball_caster.part
[1.022s] -- Up-to-date: /home/fastbot/ros2_ws/install/fastbot_description/share/fastbot_description/onshape/assets/wheel_d65x25_v1.part
[1.023s] -- Up-to-date: /home/fastbot/ros2_ws/install/fastbot_description/share/fastbot_description/onshape/assets/fastbot_motor.part
[1.024s] -- Up-to-date: /home/fastbot/ros2_ws/install/fastbot_description/share/fastbot_description/onshape/assets/base_link.stl
[1.027s] -- Up-to-date: /home/fastbot/ros2_ws/install/fastbot_description/share/fastbot_description/onshape/assets/lslidar_n10.stl
[1.028s] -- Up-to-date: /home/fastbot/ros2_ws/install/fastbot_description/share/fastbot_description/onshape/assets/pololu_ball_caster.stl
[1.029s] -- Up-to-date: /home/fastbot/ros2_ws/install/fastbot_description/share/fastbot_description/onshape/config.json
[1.030s] -- Up-to-date: /home/fastbot/ros2_ws/install/fastbot_description/share/fastbot_description/onshape/api-keys.sh
[1.030s] -- Up-to-date: /home/fastbot/ros2_ws/install/fastbot_description/share/ament_index/resource_index/package_run_dependencies/fastbot_description
[1.031s] -- Up-to-date: /home/fastbot/ros2_ws/install/fastbot_description/share/ament_index/resource_index/parent_prefix_path/fastbot_description
[1.032s] -- Up-to-date: /home/fastbot/ros2_ws/install/fastbot_description/share/fastbot_description/environment/ament_prefix_path.sh
[1.032s] -- Up-to-date: /home/fastbot/ros2_ws/install/fastbot_description/share/fastbot_description/environment/ament_prefix_path.dsv
[1.033s] -- Up-to-date: /home/fastbot/ros2_ws/install/fastbot_description/share/fastbot_description/environment/path.sh
[1.037s] -- Up-to-date: /home/fastbot/ros2_ws/install/fastbot_description/share/fastbot_description/environment/path.dsv
[1.038s] -- Up-to-date: /home/fastbot/ros2_ws/install/fastbot_description/share/fastbot_description/local_setup.bash
[1.039s] -- Up-to-date: /home/fastbot/ros2_ws/install/fastbot_description/share/fastbot_description/local_setup.sh
[1.039s] -- Up-to-date: /home/fastbot/ros2_ws/install/fastbot_description/share/fastbot_description/local_setup.zsh
[1.040s] -- Up-to-date: /home/fastbot/ros2_ws/install/fastbot_description/share/fastbot_description/local_setup.dsv
[1.041s] -- Up-to-date: /home/fastbot/ros2_ws/install/fastbot_description/share/fastbot_description/package.dsv
[1.042s] -- Up-to-date: /home/fastbot/ros2_ws/install/fastbot_description/share/ament_index/resource_index/packages/fastbot_description
[1.043s] -- Up-to-date: /home/fastbot/ros2_ws/install/fastbot_description/share/fastbot_description/cmake/fastbot_descriptionConfig.cmake
[1.044s] -- Up-to-date: /home/fastbot/ros2_ws/install/fastbot_description/share/fastbot_description/cmake/fastbot_descriptionConfig-version.cmake
[1.047s] -- Up-to-date: /home/fastbot/ros2_ws/install/fastbot_description/share/fastbot_description/package.xml
[1.406s] Invoked command in '/home/fastbot/ros2_ws/build/fastbot_description' returned '0': CMAKE_PREFIX_PATH=${CMAKE_PREFIX_PATH}:/home/fastbot/ros2_ws/install/serial_motor:/opt/ros/humble /usr/bin/cmake --install /home/fastbot/ros2_ws/build/fastbot_description
